Class.forName;com.kenai.constantine.platform.Errno;org.python.core.SyspathJavaLoader.loadClass;107;;
Class.forName;com.kenai.constantine.platform.linux.Errno;com.kenai.constantine.ConstantSet.getEnumClass;91;;
Class.forName;com.sun.jna.AltCallingConvention;com.sun.jna.Library$1.class$;85;;
Class.forName;com.sun.jna.Native;com.sun.jna.Native.class$;303;;
Class.forName;com.sun.jna.NativeMapped;com.sun.jna.Function.class$;211;;
Class.forName;com.sun.jna.NativeMapped;com.sun.jna.Native.class$;303;;
Class.forName;com.sun.jna.NativeMapped;com.sun.jna.NativeMappedConverter.class$;37;;
Class.forName;com.sun.jna.Pointer;com.sun.jna.Native.class$;303;;
Class.forName;com.sun.jna.Pointer[];com.sun.jna.Function.class$;211;;
Class.forName;com.sun.jna.Structure$MemberOrder;com.sun.jna.Structure.class$;91;;
Class.forName;com.sun.jna.Structure;com.sun.jna.Native.class$;303;;
Class.forName;com.sun.jna.Structure[];com.sun.jna.Function.class$;211;;
Class.forName;com.sun.jna.WString[];com.sun.jna.Function.class$;211;;
Class.forName;int[];$Proxy$HASHED$0fc6547246e579875675401292150fcb29922f6a.<clinit>;;;
Class.forName;java.io.File;org.python.core.SyspathJavaLoader.loadClass;107;;
Class.forName;java.io.FileDescriptor;org.python.core.SyspathJavaLoader.loadClass;107;;
Class.forName;java.io.IOException;org.python.core.SyspathJavaLoader.loadClass;107;;
Class.forName;java.lang.Boolean;com.sun.jna.Function.class$;211;;
Class.forName;java.lang.Boolean;com.sun.jna.Native.class$;303;;
Class.forName;java.lang.Byte;com.sun.jna.Function.class$;211;;
Class.forName;java.lang.Byte;com.sun.jna.Native.class$;303;;
Class.forName;java.lang.Character;com.sun.jna.Function.class$;211;;
Class.forName;java.lang.Character;com.sun.jna.Native.class$;303;;
Class.forName;java.lang.Double;com.sun.jna.Native.class$;303;;
Class.forName;java.lang.Float;com.sun.jna.Native.class$;303;;
Class.forName;java.lang.Integer;com.sun.jna.Native.class$;303;;
Class.forName;java.lang.Long;com.sun.jna.Native.class$;303;;
Class.forName;java.lang.Object;$Proxy$HASHED$0fc6547246e579875675401292150fcb29922f6a.<clinit>;;;
Class.forName;java.lang.Object;com.sun.jna.Library$1.class$;85;;
Class.forName;java.lang.Object;org.objectweb.asm.ClassWriter.getCommonSuperClass;;;
Class.forName;java.lang.Object;org.python.core.SyspathJavaLoader.loadClass;107;;
Class.forName;java.lang.Short;com.sun.jna.Function.class$;211;;
Class.forName;java.lang.Short;com.sun.jna.Native.class$;303;;
Class.forName;java.lang.String;$Proxy$HASHED$0fc6547246e579875675401292150fcb29922f6a.<clinit>;;;
Class.forName;java.lang.String;org.objectweb.asm.ClassWriter.getCommonSuperClass;;;
Class.forName;java.lang.String;org.python.core.SyspathJavaLoader.loadClass;107;;
Class.forName;java.lang.String[];com.sun.jna.Function.class$;211;;
Class.forName;java.lang.System;org.python.core.SyspathJavaLoader.loadClass;107;;
Class.forName;java.lang.Throwable;org.python.core.SyspathJavaLoader.loadClass;107;;
Class.forName;java.lang.Void;com.sun.jna.Function.class$;211;;
Class.forName;java.nio.Buffer;com.sun.jna.Native.class$;303;;
Class.forName;java.nio.ByteBuffer;$Proxy$HASHED$0fc6547246e579875675401292150fcb29922f6a.<clinit>;;;
Class.forName;java.security.MessageDigestSpi;java.security.Security.getSpiClass;640;;
Class.forName;java.security.SecureRandom;org.python.core.SyspathJavaLoader.loadClass;107;;
Class.forName;java.util.Arrays;org.python.core.SyspathJavaLoader.loadClass;107;;
Class.forName;java.util.CurrencyData;java.util.Currency$1.run;128;;
Class.forName;org.dacapo.harness.Jython;org.dacapo.harness.TestHarness.findClass;281;;
Class.forName;org.jruby.ext.posix.FileStat;$Proxy$HASHED$0fc6547246e579875675401292150fcb29922f6a.<clinit>;;;
Class.forName;org.jruby.ext.posix.JavaPOSIX;org.python.core.SyspathJavaLoader.loadClass;107;;
Class.forName;org.jruby.ext.posix.LinuxLibC;$Proxy$HASHED$0fc6547246e579875675401292150fcb29922f6a.<clinit>;;;
Class.forName;org.jruby.ext.posix.LinuxLibC;java.lang.reflect.Proxy.getProxyClass;349;;
Class.forName;org.jruby.ext.posix.POSIXFactory;org.python.core.SyspathJavaLoader.loadClass;107;;
Class.forName;org.jruby.ext.posix.POSIXHandler;org.python.core.SyspathJavaLoader.loadClass;107;;
Class.forName;org.jruby.ext.posix.Timeval[];$Proxy$HASHED$0fc6547246e579875675401292150fcb29922f6a.<clinit>;;;
Class.forName;org.python.core.Py;org.python.core.SyspathJavaLoader.loadClass;107;;
Class.forName;org.python.core.PyException;org.objectweb.asm.ClassWriter.getCommonSuperClass;;;
Class.forName;org.python.core.PyException;org.python.core.SyspathJavaLoader.loadClass;107;;
Class.forName;org.python.core.PyFloat;org.python.core.SyspathJavaLoader.loadClass;107;;
Class.forName;org.python.core.PyFrame;org.python.core.SyspathJavaLoader.loadClass;107;;
Class.forName;org.python.core.PyFunction;org.python.core.SyspathJavaLoader.loadClass;107;;
Class.forName;org.python.core.PyFunctionTable;org.python.core.SyspathJavaLoader.loadClass;107;;
Class.forName;org.python.core.PyInteger;org.python.core.SyspathJavaLoader.loadClass;107;;
Class.forName;org.python.core.PyList;org.python.core.SyspathJavaLoader.loadClass;107;;
Class.forName;org.python.core.PyObject;org.objectweb.asm.ClassWriter.getCommonSuperClass;;;
Class.forName;org.python.core.PyObject;org.python.core.SyspathJavaLoader.loadClass;107;;
Class.forName;org.python.core.PyRunnable;org.python.core.SyspathJavaLoader.loadClass;107;;
Class.forName;org.python.core.PyString;org.objectweb.asm.ClassWriter.getCommonSuperClass;;;
Class.forName;org.python.core.PyString;org.python.core.SyspathJavaLoader.loadClass;107;;
Class.forName;org.python.core.PySystemState;org.dacapo.harness.Jython.<init>;29;;
Class.forName;org.python.core.PyTuple;org.python.core.SyspathJavaLoader.loadClass;107;;
Class.forName;org.python.core.ThreadState;org.python.core.SyspathJavaLoader.loadClass;107;;
Class.forName;org.python.core.exceptions;org.python.core.SyspathJavaLoader.loadClass;107;;
Class.forName;org.python.core.imp;org.python.core.SyspathJavaLoader.loadClass;107;;
Class.forName;org.python.core.io.FileDescriptors;org.python.core.SyspathJavaLoader.loadClass;107;;
Class.forName;org.python.core.io.FileIO;org.python.core.SyspathJavaLoader.loadClass;107;;
Class.forName;org.python.core.io.IOBase;org.python.core.SyspathJavaLoader.loadClass;107;;
Class.forName;org.python.modules.errno;org.python.core.SyspathJavaLoader.loadClass;107;;
Class.forName;org.python.modules.jarray;org.python.core.SyspathJavaLoader.loadClass;107;;
Class.forName;org.python.modules.time.Time;org.python.core.SyspathJavaLoader.loadClass;107;;
Class.forName;org.python.util.jython;org.dacapo.harness.Jython.<init>;27;;
Class.forName;sun.net.www.protocol.jar.Handler;java.net.URL.getURLStreamHandler;1140;;
Class.forName;sun.nio.cs.ISO_8859_1;sun.nio.cs.FastCharsetProvider.lookup;102;;
Class.forName;sun.security.provider.NativePRNG;java.security.Provider$Service.getImplClass;1260;;
Class.forName;sun.security.provider.SHA;java.security.Provider$Service.getImplClass;1260;;
Class.newInstance;org.jruby.ext.posix.Linux64HeapFileStat;com.sun.jna.NativeMappedConverter.defaultValue;47;;
Class.newInstance;sun.net.www.protocol.jar.Handler;java.net.URL.getURLStreamHandler;1148;;
Class.newInstance;sun.nio.cs.ISO_8859_1;sun.nio.cs.FastCharsetProvider.lookup;105;;
Class.newInstance;sun.security.provider.NativePRNG;java.security.Provider$Service.newInstance;1221;;
Class.newInstance;sun.security.provider.SHA;java.security.Provider$Service.newInstance;1221;;
Class.newInstance;sun.security.provider.Sun;sun.security.jca.ProviderConfig$3.run;240;;
Class.newInstance;sun.text.resources.FormatData;java.util.ResourceBundle$Control.newBundle;2295;;
Class.newInstance;sun.text.resources.FormatData_en;java.util.ResourceBundle$Control.newBundle;2295;;
Class.newInstance;sun.text.resources.FormatData_en_AU;java.util.ResourceBundle$Control.newBundle;2295;;
Class.newInstance;sun.text.resources.FormatData_en_US;java.util.ResourceBundle$Control.newBundle;2295;;
Class.newInstance;sun.util.resources.CurrencyNames;java.util.ResourceBundle$Control.newBundle;2295;;
Class.newInstance;sun.util.resources.CurrencyNames_en_AU;java.util.ResourceBundle$Control.newBundle;2295;;
Class.newInstance;sun.util.resources.CurrencyNames_en_US;java.util.ResourceBundle$Control.newBundle;2295;;
Class.newInstance;sun.util.resources.TimeZoneNames;java.util.ResourceBundle$Control.newBundle;2295;;
Class.newInstance;sun.util.resources.TimeZoneNames_en;java.util.ResourceBundle$Control.newBundle;2295;;
Constructor.newInstance;<$Proxy$HASHED$0fc6547246e579875675401292150fcb29922f6a: void <init>(java.lang.reflect.InvocationHandler)>;java.lang.reflect.Proxy.newProxyInstance;588;isAccessible=false;
Constructor.newInstance;<java.io.File: void <init>(java.lang.String)>;org.python.core.PyReflectedConstructor.constructProxy;163;isAccessible=false;
Constructor.newInstance;<org.dacapo.harness.Jython: void <init>(org.dacapo.parser.Config,java.io.File)>;org.dacapo.harness.TestHarness.runBenchmark;211;isAccessible=false;
Constructor.newInstance;<org.jruby.ext.posix.Linux64HeapFileStat: void <init>()>;java.lang.Class.newInstance0;;isAccessible=true;
Constructor.newInstance;<org.python.proxies.os$PythonPOSIXHandler$0: void <init>()>;org.python.core.PyReflectedConstructor.constructProxy;163;isAccessible=false;
Constructor.newInstance;<org.python.pycode._pyx0: void <init>(java.lang.String)>;org.python.core.BytecodeLoader.makeCode;68;isAccessible=false;
Constructor.newInstance;<org.python.pycode._pyx1: void <init>(java.lang.String)>;org.python.core.BytecodeLoader.makeCode;68;isAccessible=false;
Constructor.newInstance;<org.python.pycode._pyx2: void <init>(java.lang.String)>;org.python.core.BytecodeLoader.makeCode;68;isAccessible=false;
Constructor.newInstance;<org.python.pycode._pyx3: void <init>(java.lang.String)>;org.python.core.BytecodeLoader.makeCode;68;isAccessible=false;
Constructor.newInstance;<os$py: void <init>(java.lang.String)>;org.python.core.BytecodeLoader.makeCode;68;isAccessible=false;
Constructor.newInstance;<posixpath$py: void <init>(java.lang.String)>;org.python.core.BytecodeLoader.makeCode;68;isAccessible=false;
Constructor.newInstance;<site$py: void <init>(java.lang.String)>;org.python.core.BytecodeLoader.makeCode;68;isAccessible=false;
Constructor.newInstance;<stat$py: void <init>(java.lang.String)>;org.python.core.BytecodeLoader.makeCode;68;isAccessible=false;
Constructor.newInstance;<sun.net.www.protocol.jar.Handler: void <init>()>;java.lang.Class.newInstance0;;isAccessible=true;
Constructor.newInstance;<sun.nio.cs.ISO_8859_1: void <init>()>;java.lang.Class.newInstance0;;isAccessible=true;
Constructor.newInstance;<sun.security.provider.NativePRNG: void <init>()>;java.lang.Class.newInstance0;;isAccessible=true;
Constructor.newInstance;<sun.security.provider.SHA: void <init>()>;java.lang.Class.newInstance0;;isAccessible=true;
Constructor.newInstance;<sun.security.provider.Sun: void <init>()>;java.lang.Class.newInstance0;;isAccessible=true;
Constructor.newInstance;<sun.text.resources.FormatData: void <init>()>;java.lang.Class.newInstance0;;isAccessible=true;
Constructor.newInstance;<sun.text.resources.FormatData_en: void <init>()>;java.lang.Class.newInstance0;;isAccessible=true;
Constructor.newInstance;<sun.text.resources.FormatData_en_AU: void <init>()>;java.lang.Class.newInstance0;;isAccessible=true;
Constructor.newInstance;<sun.text.resources.FormatData_en_US: void <init>()>;java.lang.Class.newInstance0;;isAccessible=true;
Constructor.newInstance;<sun.util.resources.CurrencyNames: void <init>()>;java.lang.Class.newInstance0;;isAccessible=true;
Constructor.newInstance;<sun.util.resources.CurrencyNames_en_AU: void <init>()>;java.lang.Class.newInstance0;;isAccessible=true;
Constructor.newInstance;<sun.util.resources.CurrencyNames_en_US: void <init>()>;java.lang.Class.newInstance0;;isAccessible=true;
Constructor.newInstance;<sun.util.resources.TimeZoneNames: void <init>()>;java.lang.Class.newInstance0;;isAccessible=true;
Constructor.newInstance;<sun.util.resources.TimeZoneNames_en: void <init>()>;java.lang.Class.newInstance0;;isAccessible=true;
Field.get*;<java.io.FileDescriptor: int fd>;org.jruby.ext.posix.JavaLibCHelper.getfd;86;isAccessible=true;
Field.get*;<java.io.FilterInputStream: java.io.InputStream in>;org.python.core.io.StreamIO.getInputFileDescriptor;183;isAccessible=true;
Field.get*;<java.io.FilterOutputStream: java.io.OutputStream out>;org.python.core.io.StreamIO.getOutputFileDescriptor;208;isAccessible=true;
Field.get*;<java.util.CurrencyData: int[] otherCurrenciesDFD>;java.util.Currency$1.run;136;isAccessible=false;
Field.get*;<java.util.CurrencyData: int[] scNewCurrenciesDFD>;java.util.Currency$1.run;134;isAccessible=false;
Field.get*;<java.util.CurrencyData: int[] scOldCurrenciesDFD>;java.util.Currency$1.run;133;isAccessible=false;
Field.get*;<java.util.CurrencyData: java.lang.String mainTable>;java.util.Currency$1.run;129;isAccessible=false;
Field.get*;<java.util.CurrencyData: java.lang.String otherCurrencies>;java.util.Currency$1.run;135;isAccessible=false;
Field.get*;<java.util.CurrencyData: java.lang.String[] scNewCurrencies>;java.util.Currency$1.run;132;isAccessible=false;
Field.get*;<java.util.CurrencyData: java.lang.String[] scOldCurrencies>;java.util.Currency$1.run;131;isAccessible=false;
Field.get*;<java.util.CurrencyData: long[] scCutOverTimes>;java.util.Currency$1.run;130;isAccessible=false;
Field.get*;<org.python.core.PyIterator: org.python.core.PyString __doc__next>;org.python.core.PyJavaType.init;377;isAccessible=false;
Field.get*;<org.python.core.PySystemState: java.util.Properties registry>;org.python.core.PyReflectedField._doget;27;isAccessible=false;
Field.get*;<org.python.core.PySystemState: org.python.core.PyList argv>;org.python.core.PyReflectedField._doget;27;isAccessible=false;
Field.get*;<org.python.core.PySystemState: org.python.core.PyList path>;org.python.core.PyReflectedField._doget;27;isAccessible=false;
Field.get*;<org.python.core.PySystemState: org.python.core.PyObject copyright>;org.python.core.PyReflectedField._doget;27;isAccessible=false;
Field.get*;<org.python.core.PySystemState: org.python.core.PyObject exec_prefix>;org.python.core.PyReflectedField._doget;27;isAccessible=false;
Field.get*;<org.python.core.PySystemState: org.python.core.PyObject modules>;org.python.core.PyReflectedField._doget;27;isAccessible=false;
Field.get*;<org.python.core.PySystemState: org.python.core.PyObject prefix>;org.python.core.PyReflectedField._doget;27;isAccessible=false;
Field.get*;<org.python.core.PySystemState: org.python.core.PyString version>;org.python.core.PyReflectedField._doget;27;isAccessible=false;
Method.invoke;<com.kenai.constantine.platform.linux.Errno: com.kenai.constantine.platform.linux.Errno[] values()>;java.lang.Class.getEnumConstantsShared;;isAccessible=true;
Method.invoke;<java.io.File: java.lang.String[] list()>;org.python.core.PyReflectedFunction.__call__;175;isAccessible=false;
Method.invoke;<java.lang.System: java.lang.String getProperty(java.lang.String)>;org.python.core.PyReflectedFunction.__call__;175;isAccessible=false;
Method.invoke;<java.lang.reflect.Method: boolean isVarArgs()>;com.sun.jna.Function.isVarArgs;737;isAccessible=false;
Method.invoke;<java.util.Properties: java.lang.String getProperty(java.lang.String)>;org.python.core.PyReflectedFunction.__call__;175;isAccessible=false;
Method.invoke;<org.jruby.ext.posix.BaseNativePOSIX: boolean isatty(java.io.FileDescriptor)>;org.python.core.PyReflectedFunction.__call__;175;isAccessible=false;
Method.invoke;<org.jruby.ext.posix.Linux64HeapFileStat: int gid()>;org.python.core.PyReflectedFunction.__call__;175;isAccessible=false;
Method.invoke;<org.jruby.ext.posix.Linux64HeapFileStat: int mode()>;org.python.core.PyReflectedFunction.__call__;175;isAccessible=false;
Method.invoke;<org.jruby.ext.posix.Linux64HeapFileStat: int nlink()>;org.python.core.PyReflectedFunction.__call__;175;isAccessible=false;
Method.invoke;<org.jruby.ext.posix.Linux64HeapFileStat: int uid()>;org.python.core.PyReflectedFunction.__call__;175;isAccessible=false;
Method.invoke;<org.jruby.ext.posix.Linux64HeapFileStat: long atime()>;org.python.core.PyReflectedFunction.__call__;175;isAccessible=false;
Method.invoke;<org.jruby.ext.posix.Linux64HeapFileStat: long ctime()>;org.python.core.PyReflectedFunction.__call__;175;isAccessible=false;
Method.invoke;<org.jruby.ext.posix.Linux64HeapFileStat: long dev()>;org.python.core.PyReflectedFunction.__call__;175;isAccessible=false;
Method.invoke;<org.jruby.ext.posix.Linux64HeapFileStat: long ino()>;org.python.core.PyReflectedFunction.__call__;175;isAccessible=false;
Method.invoke;<org.jruby.ext.posix.Linux64HeapFileStat: long mtime()>;org.python.core.PyReflectedFunction.__call__;175;isAccessible=false;
Method.invoke;<org.jruby.ext.posix.Linux64HeapFileStat: long st_size()>;org.python.core.PyReflectedFunction.__call__;175;isAccessible=false;
Method.invoke;<org.jruby.ext.posix.LinuxPOSIX: org.jruby.ext.posix.FileStat stat(java.lang.String)>;org.python.core.PyReflectedFunction.__call__;175;isAccessible=false;
Method.invoke;<org.jruby.ext.posix.POSIXFactory: org.jruby.ext.posix.POSIX getPOSIX(org.jruby.ext.posix.POSIXHandler,boolean)>;org.python.core.PyReflectedFunction.__call__;175;isAccessible=false;
Method.invoke;<org.python.core.CodeFlag: org.python.core.CodeFlag[] values()>;java.lang.Class.getEnumConstantsShared;;isAccessible=true;
Method.invoke;<org.python.core.FutureFeature: org.python.core.FutureFeature[] values()>;java.lang.Class.getEnumConstantsShared;;isAccessible=true;
Method.invoke;<org.python.core.JavaImporter: org.python.core.PyObject find_module(java.lang.String)>;org.python.core.PyReflectedFunction.__call__;175;isAccessible=false;
Method.invoke;<org.python.core.JavaImporter: org.python.core.PyObject load_module(java.lang.String)>;org.python.core.PyReflectedFunction.__call__;175;isAccessible=false;
Method.invoke;<org.python.core.Py: org.python.core.PyString newString(java.lang.String)>;org.python.core.PyReflectedFunction.__call__;175;isAccessible=false;
Method.invoke;<org.python.core.PyStringMap: org.python.core.PyList values()>;org.python.core.PyReflectedFunction.__call__;175;isAccessible=false;
Method.invoke;<org.python.core.PyStringMap: void clear()>;org.python.core.PyReflectedFunction.__call__;175;isAccessible=false;
Method.invoke;<org.python.core.PyStringMap: void update(org.python.core.PyObject[],java.lang.String[])>;org.python.core.PyReflectedFunction.__call__;175;isAccessible=false;
Method.invoke;<org.python.core.PySystemState: java.lang.String getPath(java.lang.String)>;org.python.core.PyReflectedFunction.__call__;175;isAccessible=false;
Method.invoke;<org.python.core.PySystemState: org.python.core.PyObject getEnviron()>;org.python.core.PyReflectedFunction.__call__;175;isAccessible=false;
Method.invoke;<org.python.core.PySystemState: void setArgv(java.lang.String[])>;org.dacapo.harness.Jython.iterate;49;isAccessible=false;
Method.invoke;<org.python.core.exceptions: void classDictInit(org.python.core.PyObject)>;org.python.core.PyJavaType.init;500;isAccessible=false;
Method.invoke;<org.python.core.io.UniversalIOWrapper$Newline: org.python.core.io.UniversalIOWrapper$Newline[] values()>;java.lang.Class.getEnumConstantsShared;;isAccessible=true;
Method.invoke;<org.python.core.util.importer$EntryType: org.python.core.util.importer$EntryType[] values()>;java.lang.Class.getEnumConstantsShared;;isAccessible=true;
Method.invoke;<org.python.modules.errno: void classDictInit(org.python.core.PyObject)>;org.python.core.PyJavaType.init;500;isAccessible=false;
Method.invoke;<org.python.modules.time.Time: void classDictInit(org.python.core.PyObject)>;org.python.core.PyJavaType.init;500;isAccessible=false;
Method.invoke;<org.python.proxies.os$PythonPOSIXHandler$0: void classDictInit(org.python.core.PyObject)>;org.python.core.PyJavaType.init;500;isAccessible=false;
Method.invoke;<org.python.util.jython: void main(java.lang.String[])>;org.dacapo.harness.Jython.<init>;36;isAccessible=false;
Method.invoke;<org.python.util.jython: void main(java.lang.String[])>;org.dacapo.harness.Jython.iterate;50;isAccessible=false;
