#
# A fatal error has been detected by the Java Runtime Environment:
#
#  SIGSEGV (0xb) at pc=0x00007f75a83dc585, pid=20564, tid=140143021340416
#
# JRE version: Java(TM) SE Runtime Environment (7.0_51-b13) (build 1.7.0_51-b13)
# Java VM: Java HotSpot(TM) 64-Bit Server VM (24.51-b03 mixed mode linux-amd64 compressed oops)
# Problematic frame:
# V  [libjvm.so+0x7a2585]  LoadKlassNode::make(PhaseGVN&, Node*, Node*, TypePtr const*, TypeKlassPtr const*)+0x45
#
# Failed to write core dump. Core dumps have been disabled. To enable core dumping, try "ulimit -c unlimited" before starting Java again
#
# If you would like to submit a bug report, please visit:
#   http://bugreport.sun.com/bugreport/crash.jsp
#

---------------  T H R E A D  ---------------

Current thread (0x00007f75a009a000):  JavaThread "C2 CompilerThread0" daemon [_thread_in_native, id=20582, stack(0x00007f7596f13000,0x00007f7597014000)]

siginfo:si_signo=SIGSEGV: si_errno=0, si_code=1 (SEGV_MAPERR), si_addr=0x0000000000000010

Registers:
RAX=0x00007f75a000cfa0, RBX=0x00007f75a000f5d0, RCX=0x0000000000000000, RDX=0x00000000fffffff3
RSP=0x00007f7597010630, RBP=0x00007f7597010670, RSI=0x00007f7548111e08, RDI=0x00007f754800a350
R8 =0x00007f75a000f5d0, R9 =0x00007f75a000cfa0, R10=0x00007f75480b54b0, R11=0x00007f75a8493650
R12=0x00007f7597011fa0, R13=0x00007f754800a350, R14=0x00007f75970113c0, R15=0x00007f75970109e0
RIP=0x00007f75a83dc585, EFLAGS=0x0000000000010292, CSGSFS=0x0000000000000033, ERR=0x0000000000000004
  TRAPNO=0x000000000000000e

Top of Stack: (sp=0x00007f7597010630)
0x00007f7597010630:   00007f7548111e08 00007f75a000cfa0
0x00007f7597010640:   00007f7597010670 00007f75a000e890
0x00007f7597010650:   00007f75a000f5d0 00007f754800a350
0x00007f7597010660:   00007f75a8493650 00007f75970109e0
0x00007f7597010670:   00007f75970106b0 00007f75a81b16fe
0x00007f7597010680:   00007f75970106b0 00007f75480b6808
0x00007f7597010690:   00007f75970109e0 00007f7548232098
0x00007f75970106a0:   00007f7548232100 0000000000000000
0x00007f75970106b0:   00007f7597010760 00007f75a81bdd3c
0x00007f75970106c0:   00007f7597011fa0 0000000000000000
0x00007f75970106d0:   00007f7548232058 00007f754800a350
0x00007f75970106e0:   00007f75970113c0 00007f7548250120
0x00007f75970106f0:   00007f754800a350 00007f75970109e0
0x00007f7597010700:   00007f7597010730 00007f75a000e730
0x00007f7597010710:   00007f7548231fe8 00007f75970113c0
0x00007f7597010720:   00007f753c1641a8 00007f754800a350
0x00007f7597010730:   00007f7597010760 00007f75a000f5d0
0x00007f7597010740:   00007f7548231f78 00007f75a8493650
0x00007f7597010750:   00007f753c163dd0 00007f75970109e0
0x00007f7597010760:   00007f75970107f0 00007f75a848799f
0x00007f7597010770:   00007f75a8493650 00007f754800a350
0x00007f7597010780:   00007f75480a2470 00007f75480a24b0
0x00007f7597010790:   00007f75a8493650 00007f75a8493650
0x00007f75970107a0:   00007f75970109e0 00007f754809da10
0x00007f75970107b0:   00007f7500000003 00007f754809da10
0x00007f75970107c0:   01007f75a8493650 00007f75480a2168
0x00007f75970107d0:   0000000000000000 0000000000000024
0x00007f75970107e0:   0000000000000000 00007f75970109e0
0x00007f75970107f0:   00007f75970108f0 00007f75a8480507
0x00007f7597010800:   00007f75970108a0 00007f75a8470aff
0x00007f7597010810:   00007f754800a350 00007f7597010820
0x00007f7597010820:   00007f75a8a1e6d0 00007f7500000001 

Instructions: (pc=0x00007f75a83dc585)
0x00007f75a83dc565:   c0 48 8b 02 4c 8b 67 10 49 89 fe 48 89 d7 ff 50
0x00007f75a83dc575:   28 8b 50 10 31 c9 83 ea 0f 83 fa 04 48 0f 42 c8
0x00007f75a83dc585:   8b 41 10 83 e8 0f 83 f8 03 0f 87 84 01 00 00 80
0x00007f75a83dc595:   79 31 00 0f 84 7a 01 00 00 49 8b 06 49 89 df 48 

Register to memory mapping:

RAX=0x00007f75a000cfa0 is an unknown value
RBX=0x00007f75a000f5d0 is an unknown value
RCX=0x0000000000000000 is an unknown value
RDX=0x00000000fffffff3 is an unknown value
RSP=0x00007f7597010630 is pointing into the stack for thread: 0x00007f75a009a000
RBP=0x00007f7597010670 is pointing into the stack for thread: 0x00007f75a009a000
RSI=0x00007f7548111e08 is an unknown value
RDI=0x00007f754800a350 is an unknown value
R8 =0x00007f75a000f5d0 is an unknown value
R9 =0x00007f75a000cfa0 is an unknown value
R10=0x00007f75480b54b0 is an unknown value
R11=0x00007f75a8493650: <offset 0x859650> in /home/lpxz/pool/jdk1.7/jre/lib/amd64/server/libjvm.so at 0x00007f75a7c3a000
R12=0x00007f7597011fa0 is pointing into the stack for thread: 0x00007f75a009a000
R13=0x00007f754800a350 is an unknown value
R14=0x00007f75970113c0 is pointing into the stack for thread: 0x00007f75a009a000
R15=0x00007f75970109e0 is pointing into the stack for thread: 0x00007f75a009a000


Stack: [0x00007f7596f13000,0x00007f7597014000],  sp=0x00007f7597010630,  free space=1013k
Native frames: (J=compiled Java code, j=interpreted, Vv=VM code, C=native code)
V  [libjvm.so+0x7a2585]  LoadKlassNode::make(PhaseGVN&, Node*, Node*, TypePtr const*, TypeKlassPtr const*)+0x45
V  [libjvm.so+0x5776fe]  GraphKit::load_object_klass(Node*)+0x8e
V  [libjvm.so+0x583d3c]  GraphKit::gen_checkcast(Node*, Node*, Node**)+0x53c
V  [libjvm.so+0x84d99f]  Parse::array_store_check()+0x15f
V  [libjvm.so+0x846507]  Parse::do_one_bytecode()+0xb67
V  [libjvm.so+0x83b1b8]  Parse::do_one_block()+0x178
V  [libjvm.so+0x83c157]  Parse::do_all_blocks()+0x127
V  [libjvm.so+0x83e7e3]  Parse::Parse(JVMState*, ciMethod*, float)+0x15b3
V  [libjvm.so+0x3b0cc8]  ParseGenerator::generate(JVMState*)+0x88
V  [libjvm.so+0x4f4e6e]  Parse::do_call()+0x1ee
V  [libjvm.so+0x848c72]  Parse::do_one_bytecode()+0x32d2
V  [libjvm.so+0x83b1b8]  Parse::do_one_block()+0x178
V  [libjvm.so+0x83c157]  Parse::do_all_blocks()+0x127
V  [libjvm.so+0x83e7e3]  Parse::Parse(JVMState*, ciMethod*, float)+0x15b3
V  [libjvm.so+0x3b0cc8]  ParseGenerator::generate(JVMState*)+0x88
V  [libjvm.so+0x4f4e6e]  Parse::do_call()+0x1ee
V  [libjvm.so+0x848c72]  Parse::do_one_bytecode()+0x32d2
V  [libjvm.so+0x83b1b8]  Parse::do_one_block()+0x178
V  [libjvm.so+0x83c157]  Parse::do_all_blocks()+0x127
V  [libjvm.so+0x83e7e3]  Parse::Parse(JVMState*, ciMethod*, float)+0x15b3
V  [libjvm.so+0x3b0cc8]  ParseGenerator::generate(JVMState*)+0x88
V  [libjvm.so+0x445673]  Compile::Compile(ciEnv*, C2Compiler*, ciMethod*, int, bool, bool)+0xf43
V  [libjvm.so+0x3afa76]  C2Compiler::compile_method(ciEnv*, ciMethod*, int)+0x176
V  [libjvm.so+0x44ba9e]  CompileBroker::invoke_compiler_on_method(CompileTask*)+0x33e
V  [libjvm.so+0x44c87d]  CompileBroker::compiler_thread_loop()+0x43d
V  [libjvm.so+0x94d5ff]  JavaThread::thread_main_inner()+0xdf
V  [libjvm.so+0x94d705]  JavaThread::run()+0xf5
V  [libjvm.so+0x815538]  java_start(Thread*)+0x108


Current CompileTask:
C2:    953  154             spec.jbb.Order::processLines (658 bytes)


---------------  P R O C E S S  ---------------

Java Threads: ( => current thread )
  0x00007f75a014a000 JavaThread "Thread-8" [_thread_blocked, id=20594, stack(0x00007f7595fe0000,0x00007f75960e1000)]
  0x00007f75a0148000 JavaThread "Thread-7" [_thread_in_vm, id=20593, stack(0x00007f75960e1000,0x00007f75961e2000)]
  0x00007f75a0146000 JavaThread "Thread-6" [_thread_blocked, id=20592, stack(0x00007f75961e2000,0x00007f75962e3000)]
  0x00007f75a0143800 JavaThread "Thread-5" [_thread_blocked, id=20591, stack(0x00007f75962e3000,0x00007f75963e4000)]
  0x00007f75a0141800 JavaThread "Thread-4" [_thread_blocked, id=20590, stack(0x00007f75963e4000,0x00007f75964e5000)]
  0x00007f75a013e000 JavaThread "Thread-3" [_thread_blocked, id=20589, stack(0x00007f75964e5000,0x00007f75965e6000)]
  0x00007f75a013c000 JavaThread "Thread-2" [_thread_blocked, id=20588, stack(0x00007f75965e6000,0x00007f75966e7000)]
  0x00007f75a013a800 JavaThread "Thread-1" [_thread_blocked, id=20587, stack(0x00007f75966e7000,0x00007f75967e8000)]
  0x00007f75a009f000 JavaThread "Service Thread" daemon [_thread_blocked, id=20584, stack(0x00007f7596d11000,0x00007f7596e12000)]
  0x00007f75a009c800 JavaThread "C2 CompilerThread1" daemon [_thread_blocked, id=20583, stack(0x00007f7596e12000,0x00007f7596f13000)]
=>0x00007f75a009a000 JavaThread "C2 CompilerThread0" daemon [_thread_in_native, id=20582, stack(0x00007f7596f13000,0x00007f7597014000)]
  0x00007f75a008f800 JavaThread "Signal Dispatcher" daemon [_thread_blocked, id=20581, stack(0x00007f7597014000,0x00007f7597115000)]
  0x00007f75a0078800 JavaThread "Finalizer" daemon [_thread_blocked, id=20580, stack(0x00007f75977f8000,0x00007f75978f9000)]
  0x00007f75a0074800 JavaThread "Reference Handler" daemon [_thread_blocked, id=20579, stack(0x00007f75978f9000,0x00007f75979fa000)]
  0x00007f75a000a000 JavaThread "main" [_thread_blocked, id=20569, stack(0x00007f75a9597000,0x00007f75a9698000)]

Other Threads:
  0x00007f75a0072800 VMThread [stack: 0x00007f75979fa000,0x00007f7597afb000] [id=20578]
  0x00007f75a00aa000 WatcherThread [stack: 0x00007f7596c10000,0x00007f7596d11000] [id=20585]

VM state:not at safepoint (normal execution)

VM Mutex/Monitor currently owned by a thread: None

Heap
 PSYoungGen      total 73216K, used 32126K [0x00000007ae800000, 0x00000007b7700000, 0x0000000800000000)
  eden space 62976K, 34% used [0x00000007ae800000,0x00000007afd63ba0,0x00000007b2580000)
  from space 10240K, 99% used [0x00000007b2580000,0x00000007b2f7c030,0x00000007b2f80000)
  to   space 10240K, 0% used [0x00000007b6d00000,0x00000007b6d00000,0x00000007b7700000)
 ParOldGen       total 166912K, used 26836K [0x000000070b800000, 0x0000000715b00000, 0x00000007ae800000)
  object space 166912K, 16% used [0x000000070b800000,0x000000070d235300,0x0000000715b00000)
 PSPermGen       total 21504K, used 6034K [0x0000000706600000, 0x0000000707b00000, 0x000000070b800000)
  object space 21504K, 28% used [0x0000000706600000,0x0000000706be4b78,0x0000000707b00000)

Card table byte_map: [0x00007f75a60d8000,0x00007f75a68a6000] byte_map_base: 0x00007f75a28a5000

Polling page: 0x00007f75a96b7000

Code Cache  [0x00007f759d000000, 0x00007f759d270000, 0x00007f75a0000000)
 total_blobs=431 nmethods=153 adapters=231 free_code_cache=48431Kb largest_free_block=49568832

Compilation events (10 events):
Event: 0.913 Thread 0x00007f75a009c800  150             java.lang.Integer::compareTo (12 bytes)
Event: 0.914 Thread 0x00007f75a009c800 nmethod 150 0x00007f759d0ada90 code [0x00007f759d0adbc0, 0x00007f759d0adc58]
Event: 0.914 Thread 0x00007f75a009c800  151             java.lang.Integer::compare (20 bytes)
Event: 0.914 Thread 0x00007f75a009c800 nmethod 151 0x00007f759d0af450 code [0x00007f759d0af580, 0x00007f759d0af5d8]
Event: 0.915 Thread 0x00007f75a009a000 nmethod 139 0x00007f759d0b7750 code [0x00007f759d0b7a80, 0x00007f759d0b8d48]
Event: 0.917 Thread 0x00007f75a009c800  152             java.math.BigDecimal::multiply (210 bytes)
Event: 0.918 Thread 0x00007f75a009a000  153             java.math.BigDecimal::setScale (196 bytes)
Event: 0.922 Thread 0x00007f75a009a000 nmethod 153 0x00007f759d0b01d0 code [0x00007f759d0b0380, 0x00007f759d0b0770]
Event: 0.928 Thread 0x00007f75a009c800 nmethod 152 0x00007f759d0b3c10 code [0x00007f759d0b3e80, 0x00007f759d0b49c8]
Event: 0.944 Thread 0x00007f75a009a000  154             spec.jbb.Order::processLines (658 bytes)

GC Heap History (2 events):
Event: 0.725 GC heap before
{Heap before GC invocations=1 (full 0):
 PSYoungGen      total 73216K, used 52873K [0x00000007ae800000, 0x00000007b3980000, 0x0000000800000000)
  eden space 62976K, 83% used [0x00000007ae800000,0x00000007b1ba25c0,0x00000007b2580000)
  from space 10240K, 0% used [0x00000007b2f80000,0x00000007b2f80000,0x00000007b3980000)
  to   space 10240K, 0% used [0x00000007b2580000,0x00000007b2580000,0x00000007b2f80000)
 ParOldGen       total 166912K, used 0K [0x000000070b800000, 0x0000000715b00000, 0x00000007ae800000)
  object space 166912K, 0% used [0x000000070b800000,0x000000070b800000,0x0000000715b00000)
 PSPermGen       total 21504K, used 6032K [0x0000000706600000, 0x0000000707b00000, 0x000000070b800000)
  object space 21504K, 28% used [0x0000000706600000,0x0000000706be4008,0x0000000707b00000)
Event: 0.742 GC heap after
Heap after GC invocations=1 (full 0):
 PSYoungGen      total 73216K, used 10224K [0x00000007ae800000, 0x00000007b7700000, 0x0000000800000000)
  eden space 62976K, 0% used [0x00000007ae800000,0x00000007ae800000,0x00000007b2580000)
  from space 10240K, 99% used [0x00000007b2580000,0x00000007b2f7c030,0x00000007b2f80000)
  to   space 10240K, 0% used [0x00000007b6d00000,0x00000007b6d00000,0x00000007b7700000)
 ParOldGen       total 166912K, used 26836K [0x000000070b800000, 0x0000000715b00000, 0x00000007ae800000)
  object space 166912K, 16% used [0x000000070b800000,0x000000070d235300,0x0000000715b00000)
 PSPermGen       total 21504K, used 6032K [0x0000000706600000, 0x0000000707b00000, 0x000000070b800000)
  object space 21504K, 28% used [0x0000000706600000,0x0000000706be4008,0x0000000707b00000)
}

Deoptimization events (2 events):
Event: 0.066 Thread 0x00007f75a000a000 Uncommon trap: reason=unreached action=reinterpret pc=0x00007f759d063094 method=edu.hkust.leap.monitor.RecordMonitor.initialize(I)V @ 349
Event: 0.071 Thread 0x00007f75a000a000 Uncommon trap: reason=unloaded action=reinterpret pc=0x00007f759d062bb0 method=edu.hkust.leap.monitor.RecordMonitor.initialize(I)V @ 352

Internal exceptions (10 events):
Event: 0.126 Thread 0x00007f75a000a000 Threw 0x00000007af9b6f68 at /HUDSON/workspace/7u-2-build-linux-amd64@2/jdk7u51/527/hotspot/src/share/vm/prims/jvm.cpp:1244
Event: 0.127 Thread 0x00007f75a000a000 Threw 0x00000007af9bdea0 at /HUDSON/workspace/7u-2-build-linux-amd64@2/jdk7u51/527/hotspot/src/share/vm/prims/jvm.cpp:1244
Event: 0.129 Thread 0x00007f75a000a000 Threw 0x00000007af9c8af8 at /HUDSON/workspace/7u-2-build-linux-amd64@2/jdk7u51/527/hotspot/src/share/vm/prims/jvm.cpp:1244
Event: 0.134 Thread 0x00007f75a000a000 Threw 0x00000007af9f2f50 at /HUDSON/workspace/7u-2-build-linux-amd64@2/jdk7u51/527/hotspot/src/share/vm/prims/jvm.cpp:1244
Event: 0.135 Thread 0x00007f75a000a000 Threw 0x00000007af9f6a58 at /HUDSON/workspace/7u-2-build-linux-amd64@2/jdk7u51/527/hotspot/src/share/vm/prims/jvm.cpp:1244
Event: 0.135 Thread 0x00007f75a000a000 Threw 0x00000007afa08210 at /HUDSON/workspace/7u-2-build-linux-amd64@2/jdk7u51/527/hotspot/src/share/vm/prims/jvm.cpp:1244
Event: 0.160 Thread 0x00007f75a000a000 Threw 0x00000007afa5f030 at /HUDSON/workspace/7u-2-build-linux-amd64@2/jdk7u51/527/hotspot/src/share/vm/prims/jvm.cpp:1244
Event: 0.161 Thread 0x00007f75a000a000 Threw 0x00000007afa66270 at /HUDSON/workspace/7u-2-build-linux-amd64@2/jdk7u51/527/hotspot/src/share/vm/prims/jvm.cpp:1244
Event: 0.202 Thread 0x00007f75a013a800 Threw 0x00000007afd2c478 at /HUDSON/workspace/7u-2-build-linux-amd64@2/jdk7u51/527/hotspot/src/share/vm/prims/jvm.cpp:1244
Event: 0.219 Thread 0x00007f75a0146000 Threw 0x00000007b0372768 at /HUDSON/workspace/7u-2-build-linux-amd64@2/jdk7u51/527/hotspot/src/share/vm/prims/jvm.cpp:1244

Events (10 events):
Event: 0.221 loading class 0x00007f754800e330
Event: 0.221 loading class 0x00007f754800e330 done
Event: 0.222 loading class 0x00007f75a4b134d0
Event: 0.222 loading class 0x00007f75a4b134d0 done
Event: 0.222 loading class 0x00007f754800b820
Event: 0.222 loading class 0x00007f754800b820 done
Event: 0.222 loading class 0x00007f75a00cde20
Event: 0.222 loading class 0x00007f75a00cde20 done
Event: 0.725 Executing VM operation: ParallelGCFailedAllocation
Event: 0.742 Executing VM operation: ParallelGCFailedAllocation done


Dynamic libraries:
00400000-00401000 r-xp 00000000 08:08 3802540                            /home/lpxz/pool/jdk1.7/bin/java
00600000-00601000 rw-p 00000000 08:08 3802540                            /home/lpxz/pool/jdk1.7/bin/java
010e3000-01104000 rw-p 00000000 00:00 0                                  [heap]
706600000-707b00000 rw-p 00000000 00:00 0 
707b00000-70b800000 rw-p 00000000 00:00 0 
70b800000-715b00000 rw-p 00000000 00:00 0 
715b00000-7ae800000 rw-p 00000000 00:00 0 
7ae800000-7b7700000 rw-p 00000000 00:00 0 
7b7700000-800000000 rw-p 00000000 00:00 0 
7f7514000000-7f7514021000 rw-p 00000000 00:00 0 
7f7514021000-7f7518000000 ---p 00000000 00:00 0 
7f751c000000-7f751c021000 rw-p 00000000 00:00 0 
7f751c021000-7f7520000000 ---p 00000000 00:00 0 
7f7520000000-7f7520021000 rw-p 00000000 00:00 0 
7f7520021000-7f7524000000 ---p 00000000 00:00 0 
7f7524000000-7f7524021000 rw-p 00000000 00:00 0 
7f7524021000-7f7528000000 ---p 00000000 00:00 0 
7f7528000000-7f7528021000 rw-p 00000000 00:00 0 
7f7528021000-7f752c000000 ---p 00000000 00:00 0 
7f752c000000-7f752c021000 rw-p 00000000 00:00 0 
7f752c021000-7f7530000000 ---p 00000000 00:00 0 
7f7530000000-7f7530021000 rw-p 00000000 00:00 0 
7f7530021000-7f7534000000 ---p 00000000 00:00 0 
7f7534000000-7f7534021000 rw-p 00000000 00:00 0 
7f7534021000-7f7538000000 ---p 00000000 00:00 0 
7f7538000000-7f7538021000 rw-p 00000000 00:00 0 
7f7538021000-7f753c000000 ---p 00000000 00:00 0 
7f753c000000-7f753c2af000 rw-p 00000000 00:00 0 
7f753c2af000-7f7540000000 ---p 00000000 00:00 0 
7f7540000000-7f7540021000 rw-p 00000000 00:00 0 
7f7540021000-7f7544000000 ---p 00000000 00:00 0 
7f7544000000-7f7544021000 rw-p 00000000 00:00 0 
7f7544021000-7f7548000000 ---p 00000000 00:00 0 
7f7548000000-7f7548369000 rw-p 00000000 00:00 0 
7f7548369000-7f754c000000 ---p 00000000 00:00 0 
7f754c000000-7f754c021000 rw-p 00000000 00:00 0 
7f754c021000-7f7550000000 ---p 00000000 00:00 0 
7f7550000000-7f7550021000 rw-p 00000000 00:00 0 
7f7550021000-7f7554000000 ---p 00000000 00:00 0 
7f7554000000-7f7554021000 rw-p 00000000 00:00 0 
7f7554021000-7f7558000000 ---p 00000000 00:00 0 
7f7558330000-7f7560000000 rw-p 00000000 00:00 0 
7f7560000000-7f7560021000 rw-p 00000000 00:00 0 
7f7560021000-7f7564000000 ---p 00000000 00:00 0 
7f7568000000-7f7568021000 rw-p 00000000 00:00 0 
7f7568021000-7f756c000000 ---p 00000000 00:00 0 
7f7570000000-7f7570021000 rw-p 00000000 00:00 0 
7f7570021000-7f7574000000 ---p 00000000 00:00 0 
7f7578000000-7f7578021000 rw-p 00000000 00:00 0 
7f7578021000-7f757c000000 ---p 00000000 00:00 0 
7f7580000000-7f7580021000 rw-p 00000000 00:00 0 
7f7580021000-7f7584000000 ---p 00000000 00:00 0 
7f7588000000-7f7588021000 rw-p 00000000 00:00 0 
7f7588021000-7f758c000000 ---p 00000000 00:00 0 
7f7590000000-7f7590021000 rw-p 00000000 00:00 0 
7f7590021000-7f7594000000 ---p 00000000 00:00 0 
7f7595d9b000-7f7595fe0000 rw-p 00000000 00:00 0 
7f7595fe0000-7f7595fe3000 ---p 00000000 00:00 0 
7f7595fe3000-7f75960e1000 rw-p 00000000 00:00 0 
7f75960e1000-7f75960e4000 ---p 00000000 00:00 0 
7f75960e4000-7f75961e2000 rw-p 00000000 00:00 0 
7f75961e2000-7f75961e5000 ---p 00000000 00:00 0 
7f75961e5000-7f75962e3000 rw-p 00000000 00:00 0 
7f75962e3000-7f75962e6000 ---p 00000000 00:00 0 
7f75962e6000-7f75963e4000 rw-p 00000000 00:00 0 
7f75963e4000-7f75963e7000 ---p 00000000 00:00 0 
7f75963e7000-7f75964e5000 rw-p 00000000 00:00 0 
7f75964e5000-7f75964e8000 ---p 00000000 00:00 0 
7f75964e8000-7f75965e6000 rw-p 00000000 00:00 0 
7f75965e6000-7f75965e9000 ---p 00000000 00:00 0 
7f75965e9000-7f75966e7000 rw-p 00000000 00:00 0 
7f75966e7000-7f75966ea000 ---p 00000000 00:00 0 
7f75966ea000-7f75967e8000 rw-p 00000000 00:00 0 
7f75967e8000-7f75967fe000 r-xp 00000000 08:08 3804245                    /home/lpxz/pool/jdk1.7/jre/lib/amd64/libnet.so
7f75967fe000-7f75969fe000 ---p 00016000 08:08 3804245                    /home/lpxz/pool/jdk1.7/jre/lib/amd64/libnet.so
7f75969fe000-7f75969ff000 rw-p 00016000 08:08 3804245                    /home/lpxz/pool/jdk1.7/jre/lib/amd64/libnet.so
7f75969ff000-7f7596a0f000 r-xp 00000000 08:08 3804240                    /home/lpxz/pool/jdk1.7/jre/lib/amd64/libnio.so
7f7596a0f000-7f7596c0f000 ---p 00010000 08:08 3804240                    /home/lpxz/pool/jdk1.7/jre/lib/amd64/libnio.so
7f7596c0f000-7f7596c10000 rw-p 00010000 08:08 3804240                    /home/lpxz/pool/jdk1.7/jre/lib/amd64/libnio.so
7f7596c10000-7f7596c11000 ---p 00000000 00:00 0 
7f7596c11000-7f7596d11000 rw-p 00000000 00:00 0 
7f7596d11000-7f7596d14000 ---p 00000000 00:00 0 
7f7596d14000-7f7596e12000 rw-p 00000000 00:00 0 
7f7596e12000-7f7596e15000 ---p 00000000 00:00 0 
7f7596e15000-7f7596f13000 rw-p 00000000 00:00 0 
7f7596f13000-7f7596f16000 ---p 00000000 00:00 0 
7f7596f16000-7f7597014000 rw-p 00000000 00:00 0 
7f7597014000-7f7597017000 ---p 00000000 00:00 0 
7f7597017000-7f7597115000 rw-p 00000000 00:00 0 
7f7597115000-7f75977f8000 r--p 00000000 08:08 6297920                    /usr/lib/locale/locale-archive
7f75977f8000-7f75977fb000 ---p 00000000 00:00 0 
7f75977fb000-7f75978f9000 rw-p 00000000 00:00 0 
7f75978f9000-7f75978fc000 ---p 00000000 00:00 0 
7f75978fc000-7f75979fa000 rw-p 00000000 00:00 0 
7f75979fa000-7f75979fb000 ---p 00000000 00:00 0 
7f75979fb000-7f7598000000 rw-p 00000000 00:00 0 
7f7598000000-7f7598021000 rw-p 00000000 00:00 0 
7f7598021000-7f759c000000 ---p 00000000 00:00 0 
7f759c0c9000-7f759d000000 rw-p 00000000 00:00 0 
7f759d000000-7f759d270000 rwxp 00000000 00:00 0 
7f759d270000-7f75a015c000 rw-p 00000000 00:00 0 
7f75a015c000-7f75a4000000 ---p 00000000 00:00 0 
7f75a402f000-7f75a4039000 r--s 00250000 08:08 3803739                    /home/lpxz/pool/jdk1.7/jre/lib/resources.jar
7f75a4039000-7f75a48bd000 rw-p 00000000 00:00 0 
7f75a48bd000-7f75a4a7a000 r--s 039bf000 08:08 3804302                    /home/lpxz/pool/jdk1.7/jre/lib/rt.jar
7f75a4a7a000-7f75a538f000 rw-p 00000000 00:00 0 
7f75a538f000-7f75a5390000 ---p 00000000 00:00 0 
7f75a5390000-7f75a5490000 rw-p 00000000 00:00 0 
7f75a5490000-7f75a5491000 ---p 00000000 00:00 0 
7f75a5491000-7f75a5591000 rw-p 00000000 00:00 0 
7f75a5591000-7f75a5592000 ---p 00000000 00:00 0 
7f75a5592000-7f75a5692000 rw-p 00000000 00:00 0 
7f75a5692000-7f75a5693000 ---p 00000000 00:00 0 
7f75a5693000-7f75a5793000 rw-p 00000000 00:00 0 
7f75a5793000-7f75a5794000 ---p 00000000 00:00 0 
7f75a5794000-7f75a5894000 rw-p 00000000 00:00 0 
7f75a5894000-7f75a5895000 ---p 00000000 00:00 0 
7f75a5895000-7f75a5995000 rw-p 00000000 00:00 0 
7f75a5995000-7f75a5996000 ---p 00000000 00:00 0 
7f75a5996000-7f75a5a96000 rw-p 00000000 00:00 0 
7f75a5a96000-7f75a5a97000 ---p 00000000 00:00 0 
7f75a5a97000-7f75a5ba2000 rw-p 00000000 00:00 0 
7f75a5ba2000-7f75a5bc0000 rw-p 00000000 00:00 0 
7f75a5bc0000-7f75a5c12000 rw-p 00000000 00:00 0 
7f75a5c12000-7f75a60d8000 rw-p 00000000 00:00 0 
7f75a60d8000-7f75a60e3000 rw-p 00000000 00:00 0 
7f75a60e3000-7f75a6101000 rw-p 00000000 00:00 0 
7f75a6101000-7f75a6153000 rw-p 00000000 00:00 0 
7f75a6153000-7f75a6619000 rw-p 00000000 00:00 0 
7f75a6619000-7f75a6661000 rw-p 00000000 00:00 0 
7f75a6661000-7f75a68a5000 rw-p 00000000 00:00 0 
7f75a68a5000-7f75a68a6000 rw-p 00000000 00:00 0 
7f75a68a6000-7f75a68c0000 r-xp 00000000 08:08 3804290                    /home/lpxz/pool/jdk1.7/jre/lib/amd64/libzip.so
7f75a68c0000-7f75a6ac0000 ---p 0001a000 08:08 3804290                    /home/lpxz/pool/jdk1.7/jre/lib/amd64/libzip.so
7f75a6ac0000-7f75a6ac1000 rw-p 0001a000 08:08 3804290                    /home/lpxz/pool/jdk1.7/jre/lib/amd64/libzip.so
7f75a6ac1000-7f75a6acd000 r-xp 00000000 08:08 12594830                   /lib/x86_64-linux-gnu/libnss_files-2.15.so
7f75a6acd000-7f75a6ccc000 ---p 0000c000 08:08 12594830                   /lib/x86_64-linux-gnu/libnss_files-2.15.so
7f75a6ccc000-7f75a6ccd000 r--p 0000b000 08:08 12594830                   /lib/x86_64-linux-gnu/libnss_files-2.15.so
7f75a6ccd000-7f75a6cce000 rw-p 0000c000 08:08 12594830                   /lib/x86_64-linux-gnu/libnss_files-2.15.so
7f75a6cce000-7f75a6cd8000 r-xp 00000000 08:08 12594834                   /lib/x86_64-linux-gnu/libnss_nis-2.15.so
7f75a6cd8000-7f75a6ed8000 ---p 0000a000 08:08 12594834                   /lib/x86_64-linux-gnu/libnss_nis-2.15.so
7f75a6ed8000-7f75a6ed9000 r--p 0000a000 08:08 12594834                   /lib/x86_64-linux-gnu/libnss_nis-2.15.so
7f75a6ed9000-7f75a6eda000 rw-p 0000b000 08:08 12594834                   /lib/x86_64-linux-gnu/libnss_nis-2.15.so
7f75a6eda000-7f75a6ef1000 r-xp 00000000 08:08 12594846                   /lib/x86_64-linux-gnu/libnsl-2.15.so
7f75a6ef1000-7f75a70f0000 ---p 00017000 08:08 12594846                   /lib/x86_64-linux-gnu/libnsl-2.15.so
7f75a70f0000-7f75a70f1000 r--p 00016000 08:08 12594846                   /lib/x86_64-linux-gnu/libnsl-2.15.so
7f75a70f1000-7f75a70f2000 rw-p 00017000 08:08 12594846                   /lib/x86_64-linux-gnu/libnsl-2.15.so
7f75a70f2000-7f75a70f4000 rw-p 00000000 00:00 0 
7f75a70f4000-7f75a70fc000 r-xp 00000000 08:08 12594828                   /lib/x86_64-linux-gnu/libnss_compat-2.15.so
7f75a70fc000-7f75a72fb000 ---p 00008000 08:08 12594828                   /lib/x86_64-linux-gnu/libnss_compat-2.15.so
7f75a72fb000-7f75a72fc000 r--p 00007000 08:08 12594828                   /lib/x86_64-linux-gnu/libnss_compat-2.15.so
7f75a72fc000-7f75a72fd000 rw-p 00008000 08:08 12594828                   /lib/x86_64-linux-gnu/libnss_compat-2.15.so
7f75a72fd000-7f75a7326000 r-xp 00000000 08:08 3804274                    /home/lpxz/pool/jdk1.7/jre/lib/amd64/libjava.so
7f75a7326000-7f75a7526000 ---p 00029000 08:08 3804274                    /home/lpxz/pool/jdk1.7/jre/lib/amd64/libjava.so
7f75a7526000-7f75a7528000 rw-p 00029000 08:08 3804274                    /home/lpxz/pool/jdk1.7/jre/lib/amd64/libjava.so
7f75a7528000-7f75a7535000 r-xp 00000000 08:08 3804272                    /home/lpxz/pool/jdk1.7/jre/lib/amd64/libverify.so
7f75a7535000-7f75a7734000 ---p 0000d000 08:08 3804272                    /home/lpxz/pool/jdk1.7/jre/lib/amd64/libverify.so
7f75a7734000-7f75a7736000 rw-p 0000c000 08:08 3804272                    /home/lpxz/pool/jdk1.7/jre/lib/amd64/libverify.so
7f75a7736000-7f75a773d000 r-xp 00000000 08:08 12594833                   /lib/x86_64-linux-gnu/librt-2.15.so
7f75a773d000-7f75a793c000 ---p 00007000 08:08 12594833                   /lib/x86_64-linux-gnu/librt-2.15.so
7f75a793c000-7f75a793d000 r--p 00006000 08:08 12594833                   /lib/x86_64-linux-gnu/librt-2.15.so
7f75a793d000-7f75a793e000 rw-p 00007000 08:08 12594833                   /lib/x86_64-linux-gnu/librt-2.15.so
7f75a793e000-7f75a7a39000 r-xp 00000000 08:08 12594837                   /lib/x86_64-linux-gnu/libm-2.15.so
7f75a7a39000-7f75a7c38000 ---p 000fb000 08:08 12594837                   /lib/x86_64-linux-gnu/libm-2.15.so
7f75a7c38000-7f75a7c39000 r--p 000fa000 08:08 12594837                   /lib/x86_64-linux-gnu/libm-2.15.so
7f75a7c39000-7f75a7c3a000 rw-p 000fb000 08:08 12594837                   /lib/x86_64-linux-gnu/libm-2.15.so
7f75a7c3a000-7f75a879c000 r-xp 00000000 08:08 3804280                    /home/lpxz/pool/jdk1.7/jre/lib/amd64/server/libjvm.so
7f75a879c000-7f75a899c000 ---p 00b62000 08:08 3804280                    /home/lpxz/pool/jdk1.7/jre/lib/amd64/server/libjvm.so
7f75a899c000-7f75a8a5f000 rw-p 00b62000 08:08 3804280                    /home/lpxz/pool/jdk1.7/jre/lib/amd64/server/libjvm.so
7f75a8a5f000-7f75a8aa0000 rw-p 00000000 00:00 0 
7f75a8aa0000-7f75a8c55000 r-xp 00000000 08:08 12594826                   /lib/x86_64-linux-gnu/libc-2.15.so
7f75a8c55000-7f75a8e55000 ---p 001b5000 08:08 12594826                   /lib/x86_64-linux-gnu/libc-2.15.so
7f75a8e55000-7f75a8e59000 r--p 001b5000 08:08 12594826                   /lib/x86_64-linux-gnu/libc-2.15.so
7f75a8e59000-7f75a8e5b000 rw-p 001b9000 08:08 12594826                   /lib/x86_64-linux-gnu/libc-2.15.so
7f75a8e5b000-7f75a8e60000 rw-p 00000000 00:00 0 
7f75a8e60000-7f75a8e62000 r-xp 00000000 08:08 12594841                   /lib/x86_64-linux-gnu/libdl-2.15.so
7f75a8e62000-7f75a9062000 ---p 00002000 08:08 12594841                   /lib/x86_64-linux-gnu/libdl-2.15.so
7f75a9062000-7f75a9063000 r--p 00002000 08:08 12594841                   /lib/x86_64-linux-gnu/libdl-2.15.so
7f75a9063000-7f75a9064000 rw-p 00003000 08:08 12594841                   /lib/x86_64-linux-gnu/libdl-2.15.so
7f75a9064000-7f75a907a000 r-xp 00000000 08:08 3802605                    /home/lpxz/pool/jdk1.7/lib/amd64/jli/libjli.so
7f75a907a000-7f75a927a000 ---p 00016000 08:08 3802605                    /home/lpxz/pool/jdk1.7/lib/amd64/jli/libjli.so
7f75a927a000-7f75a927b000 rw-p 00016000 08:08 3802605                    /home/lpxz/pool/jdk1.7/lib/amd64/jli/libjli.so
7f75a927b000-7f75a9293000 r-xp 00000000 08:08 12594835                   /lib/x86_64-linux-gnu/libpthread-2.15.so
7f75a9293000-7f75a9492000 ---p 00018000 08:08 12594835                   /lib/x86_64-linux-gnu/libpthread-2.15.so
7f75a9492000-7f75a9493000 r--p 00017000 08:08 12594835                   /lib/x86_64-linux-gnu/libpthread-2.15.so
7f75a9493000-7f75a9494000 rw-p 00018000 08:08 12594835                   /lib/x86_64-linux-gnu/libpthread-2.15.so
7f75a9494000-7f75a9498000 rw-p 00000000 00:00 0 
7f75a9498000-7f75a94ba000 r-xp 00000000 08:08 12594838                   /lib/x86_64-linux-gnu/ld-2.15.so
7f75a94cb000-7f75a94d7000 r--s 000da000 08:08 4477681                    /home/lpxz/eclipse/workspacePA_icse/soot-One/lib/polyglotclasses-1.3.5.jar
7f75a94d7000-7f75a94e1000 rw-p 00000000 00:00 0 
7f75a94e1000-7f75a9597000 rw-p 00000000 00:00 0 
7f75a9597000-7f75a959a000 ---p 00000000 00:00 0 
7f75a959a000-7f75a969c000 rw-p 00000000 00:00 0 
7f75a96a6000-7f75a96a7000 rw-p 00000000 00:00 0 
7f75a96a7000-7f75a96aa000 r--s 0002b000 08:08 4477682                    /home/lpxz/eclipse/workspacePA_icse/soot-One/lib/jasminclasses-2.5.0.jar
7f75a96aa000-7f75a96ae000 r--s 000f7000 08:08 3804391                    /home/lpxz/pool/jdk1.7/jre/lib/ext/localedata.jar
7f75a96ae000-7f75a96b6000 rw-s 00000000 08:08 5004836                    /tmp/hsperfdata_lpxz/20564
7f75a96b6000-7f75a96b7000 rw-p 00000000 00:00 0 
7f75a96b7000-7f75a96b8000 r--p 00000000 00:00 0 
7f75a96b8000-7f75a96ba000 rw-p 00000000 00:00 0 
7f75a96ba000-7f75a96bb000 r--p 00022000 08:08 12594838                   /lib/x86_64-linux-gnu/ld-2.15.so
7f75a96bb000-7f75a96bd000 rw-p 00023000 08:08 12594838                   /lib/x86_64-linux-gnu/ld-2.15.so
7fffffc05000-7fffffc26000 rw-p 00000000 00:00 0                          [stack]
7fffffce4000-7fffffce5000 r-xp 00000000 00:00 0                          [vdso]
ffffffffff600000-ffffffffff601000 r-xp 00000000 00:00 0                  [vsyscall]

VM Arguments:
jvm_args: -Xverify:none -Dfile.encoding=UTF-8 
java_command: edu.hkust.leap.record.RecordMain 1000 spec.jbb.JBBmain
Launcher Type: SUN_STANDARD

Environment Variables:
PATH=/usr/local/sbin:/usr/local/bin:/usr/sbin:/usr/bin:/sbin:/bin:/usr/games
LD_LIBRARY_PATH=/home/lpxz/pool/jdk1.7/jre/lib/amd64/server:/home/lpxz/pool/jdk1.7/jre/lib/amd64:/home/lpxz/pool/jdk1.7/jre/../lib/amd64:/usr/lib/jvm/java-6-openjdk-amd64/jre/lib/amd64/server:/usr/lib/jvm/java-6-openjdk-amd64/jre/lib/amd64:/usr/lib/jvm/java-6-openjdk-amd64/jre/../lib/amd64
SHELL=/bin/bash
DISPLAY=:0

Signal Handlers:
SIGSEGV: [libjvm.so+0x993870], sa_mask[0]=0x7ffbfeff, sa_flags=0x10000004
SIGBUS: [libjvm.so+0x993870], sa_mask[0]=0x7ffbfeff, sa_flags=0x10000004
SIGFPE: [libjvm.so+0x8105b0], sa_mask[0]=0x7ffbfeff, sa_flags=0x10000004
SIGPIPE: [libjvm.so+0x8105b0], sa_mask[0]=0x7ffbfeff, sa_flags=0x10000004
SIGXFSZ: [libjvm.so+0x8105b0], sa_mask[0]=0x7ffbfeff, sa_flags=0x10000004
SIGILL: [libjvm.so+0x8105b0], sa_mask[0]=0x7ffbfeff, sa_flags=0x10000004
SIGUSR1: SIG_DFL, sa_mask[0]=0x00000000, sa_flags=0x00000000
SIGUSR2: [libjvm.so+0x811aa0], sa_mask[0]=0x00000004, sa_flags=0x10000004
SIGHUP: [libjvm.so+0x812a10], sa_mask[0]=0x7ffbfeff, sa_flags=0x10000004
SIGINT: [libjvm.so+0x812a10], sa_mask[0]=0x7ffbfeff, sa_flags=0x10000004
SIGTERM: [libjvm.so+0x812a10], sa_mask[0]=0x7ffbfeff, sa_flags=0x10000004
SIGQUIT: [libjvm.so+0x812a10], sa_mask[0]=0x7ffbfeff, sa_flags=0x10000004


---------------  S Y S T E M  ---------------

OS:wheezy/sid

uname:Linux 3.2.0-29-generic #46-Ubuntu SMP Fri Jul 27 17:03:23 UTC 2012 x86_64
libc:glibc 2.15 NPTL 2.15 
rlimit: STACK 8192k, CORE 0k, NPROC 125044, NOFILE 4096, AS infinity
load average:1.42 1.38 1.20

/proc/meminfo:
MemTotal:       16023348 kB
MemFree:         7981836 kB
Buffers:          770860 kB
Cached:          3794904 kB
SwapCached:            0 kB
Active:          4488880 kB
Inactive:        2281696 kB
Active(anon):    2240016 kB
Inactive(anon):   183660 kB
Active(file):    2248864 kB
Inactive(file):  2098036 kB
Unevictable:           0 kB
Mlocked:               0 kB
SwapTotal:      62944092 kB
SwapFree:       62944092 kB
Dirty:             16936 kB
Writeback:             0 kB
AnonPages:       2206088 kB
Mapped:           266580 kB
Shmem:            218868 kB
Slab:             967668 kB
SReclaimable:     908276 kB
SUnreclaim:        59392 kB
KernelStack:        5168 kB
PageTables:        45196 kB
NFS_Unstable:          0 kB
Bounce:                0 kB
WritebackTmp:          0 kB
CommitLimit:    70955764 kB
Committed_AS:    5174888 kB
VmallocTotal:   34359738367 kB
VmallocUsed:      401620 kB
VmallocChunk:   34359255296 kB
HardwareCorrupted:     0 kB
AnonHugePages:         0 kB
HugePages_Total:       0
HugePages_Free:        0
HugePages_Rsvd:        0
HugePages_Surp:        0
Hugepagesize:       2048 kB
DirectMap4k:       97792 kB
DirectMap2M:    16265216 kB


CPU:total 8 (4 cores per cpu, 2 threads per core) family 6 model 58 stepping 9, cmov, cx8, fxsr, mmx, sse, sse2, sse3, ssse3, sse4.1, sse4.2, popcnt, avx, aes, erms, ht, tsc, tscinvbit, tscinv

/proc/cpuinfo:
processor	: 0
vendor_id	: GenuineIntel
cpu family	: 6
model		: 58
model name	: Intel(R) Core(TM) i7-3610QM CPU @ 2.30GHz
stepping	: 9
microcode	: 0x12
cpu MHz		: 1200.000
cache size	: 6144 KB
physical id	: 0
siblings	: 8
core id		: 0
cpu cores	: 4
apicid		: 0
initial apicid	: 0
fpu		: yes
fpu_exception	: yes
cpuid level	: 13
wp		: yes
flags		: fpu vme de pse tsc msr pae mce cx8 apic sep mtrr pge mca cmov pat pse36 clflush dts acpi mmx fxsr sse sse2 ss ht tm pbe syscall nx rdtscp lm constant_tsc arch_perfmon pebs bts rep_good nopl xtopology nonstop_tsc aperfmperf pni pclmulqdq dtes64 monitor ds_cpl vmx est tm2 ssse3 cx16 xtpr pdcm pcid sse4_1 sse4_2 x2apic popcnt tsc_deadline_timer aes xsave avx f16c rdrand lahf_lm ida arat epb xsaveopt pln pts dtherm tpr_shadow vnmi flexpriority ept vpid fsgsbase smep erms
bogomips	: 4589.74
clflush size	: 64
cache_alignment	: 64
address sizes	: 36 bits physical, 48 bits virtual
power management:

processor	: 1
vendor_id	: GenuineIntel
cpu family	: 6
model		: 58
model name	: Intel(R) Core(TM) i7-3610QM CPU @ 2.30GHz
stepping	: 9
microcode	: 0x12
cpu MHz		: 1200.000
cache size	: 6144 KB
physical id	: 0
siblings	: 8
core id		: 0
cpu cores	: 4
apicid		: 1
initial apicid	: 1
fpu		: yes
fpu_exception	: yes
cpuid level	: 13
wp		: yes
flags		: fpu vme de pse tsc msr pae mce cx8 apic sep mtrr pge mca cmov pat pse36 clflush dts acpi mmx fxsr sse sse2 ss ht tm pbe syscall nx rdtscp lm constant_tsc arch_perfmon pebs bts rep_good nopl xtopology nonstop_tsc aperfmperf pni pclmulqdq dtes64 monitor ds_cpl vmx est tm2 ssse3 cx16 xtpr pdcm pcid sse4_1 sse4_2 x2apic popcnt tsc_deadline_timer aes xsave avx f16c rdrand lahf_lm ida arat epb xsaveopt pln pts dtherm tpr_shadow vnmi flexpriority ept vpid fsgsbase smep erms
bogomips	: 4589.36
clflush size	: 64
cache_alignment	: 64
address sizes	: 36 bits physical, 48 bits virtual
power management:

processor	: 2
vendor_id	: GenuineIntel
cpu family	: 6
model		: 58
model name	: Intel(R) Core(TM) i7-3610QM CPU @ 2.30GHz
stepping	: 9
microcode	: 0x12
cpu MHz		: 1200.000
cache size	: 6144 KB
physical id	: 0
siblings	: 8
core id		: 1
cpu cores	: 4
apicid		: 2
initial apicid	: 2
fpu		: yes
fpu_exception	: yes
cpuid level	: 13
wp		: yes
flags		: fpu vme de pse tsc msr pae mce cx8 apic sep mtrr pge mca cmov pat pse36 clflush dts acpi mmx fxsr sse sse2 ss ht tm pbe syscall nx rdtscp lm constant_tsc arch_perfmon pebs bts rep_good nopl xtopology nonstop_tsc aperfmperf pni pclmulqdq dtes64 monitor ds_cpl vmx est tm2 ssse3 cx16 xtpr pdcm pcid sse4_1 sse4_2 x2apic popcnt tsc_deadline_timer aes xsave avx f16c rdrand lahf_lm ida arat epb xsaveopt pln pts dtherm tpr_shadow vnmi flexpriority ept vpid fsgsbase smep erms
bogomips	: 4589.36
clflush size	: 64
cache_alignment	: 64
address sizes	: 36 bits physical, 48 bits virtual
power management:

processor	: 3
vendor_id	: GenuineIntel
cpu family	: 6
model		: 58
model name	: Intel(R) Core(TM) i7-3610QM CPU @ 2.30GHz
stepping	: 9
microcode	: 0x12
cpu MHz		: 2301.000
cache size	: 6144 KB
physical id	: 0
siblings	: 8
core id		: 1
cpu cores	: 4
apicid		: 3
initial apicid	: 3
fpu		: yes
fpu_exception	: yes
cpuid level	: 13
wp		: yes
flags		: fpu vme de pse tsc msr pae mce cx8 apic sep mtrr pge mca cmov pat pse36 clflush dts acpi mmx fxsr sse sse2 ss ht tm pbe syscall nx rdtscp lm constant_tsc arch_perfmon pebs bts rep_good nopl xtopology nonstop_tsc aperfmperf pni pclmulqdq dtes64 monitor ds_cpl vmx est tm2 ssse3 cx16 xtpr pdcm pcid sse4_1 sse4_2 x2apic popcnt tsc_deadline_timer aes xsave avx f16c rdrand lahf_lm ida arat epb xsaveopt pln pts dtherm tpr_shadow vnmi flexpriority ept vpid fsgsbase smep erms
bogomips	: 4589.37
clflush size	: 64
cache_alignment	: 64
address sizes	: 36 bits physical, 48 bits virtual
power management:

processor	: 4
vendor_id	: GenuineIntel
cpu family	: 6
model		: 58
model name	: Intel(R) Core(TM) i7-3610QM CPU @ 2.30GHz
stepping	: 9
microcode	: 0x12
cpu MHz		: 2301.000
cache size	: 6144 KB
physical id	: 0
siblings	: 8
core id		: 2
cpu cores	: 4
apicid		: 4
initial apicid	: 4
fpu		: yes
fpu_exception	: yes
cpuid level	: 13
wp		: yes
flags		: fpu vme de pse tsc msr pae mce cx8 apic sep mtrr pge mca cmov pat pse36 clflush dts acpi mmx fxsr sse sse2 ss ht tm pbe syscall nx rdtscp lm constant_tsc arch_perfmon pebs bts rep_good nopl xtopology nonstop_tsc aperfmperf pni pclmulqdq dtes64 monitor ds_cpl vmx est tm2 ssse3 cx16 xtpr pdcm pcid sse4_1 sse4_2 x2apic popcnt tsc_deadline_timer aes xsave avx f16c rdrand lahf_lm ida arat epb xsaveopt pln pts dtherm tpr_shadow vnmi flexpriority ept vpid fsgsbase smep erms
bogomips	: 4589.37
clflush size	: 64
cache_alignment	: 64
address sizes	: 36 bits physical, 48 bits virtual
power management:

processor	: 5
vendor_id	: GenuineIntel
cpu family	: 6
model		: 58
model name	: Intel(R) Core(TM) i7-3610QM CPU @ 2.30GHz
stepping	: 9
microcode	: 0x12
cpu MHz		: 1400.000
cache size	: 6144 KB
physical id	: 0
siblings	: 8
core id		: 2
cpu cores	: 4
apicid		: 5
initial apicid	: 5
fpu		: yes
fpu_exception	: yes
cpuid level	: 13
wp		: yes
flags		: fpu vme de pse tsc msr pae mce cx8 apic sep mtrr pge mca cmov pat pse36 clflush dts acpi mmx fxsr sse sse2 ss ht tm pbe syscall nx rdtscp lm constant_tsc arch_perfmon pebs bts rep_good nopl xtopology nonstop_tsc aperfmperf pni pclmulqdq dtes64 monitor ds_cpl vmx est tm2 ssse3 cx16 xtpr pdcm pcid sse4_1 sse4_2 x2apic popcnt tsc_deadline_timer aes xsave avx f16c rdrand lahf_lm ida arat epb xsaveopt pln pts dtherm tpr_shadow vnmi flexpriority ept vpid fsgsbase smep erms
bogomips	: 4589.36
clflush size	: 64
cache_alignment	: 64
address sizes	: 36 bits physical, 48 bits virtual
power management:

processor	: 6
vendor_id	: GenuineIntel
cpu family	: 6
model		: 58
model name	: Intel(R) Core(TM) i7-3610QM CPU @ 2.30GHz
stepping	: 9
microcode	: 0x12
cpu MHz		: 1500.000
cache size	: 6144 KB
physical id	: 0
siblings	: 8
core id		: 3
cpu cores	: 4
apicid		: 6
initial apicid	: 6
fpu		: yes
fpu_exception	: yes
cpuid level	: 13
wp		: yes
flags		: fpu vme de pse tsc msr pae mce cx8 apic sep mtrr pge mca cmov pat pse36 clflush dts acpi mmx fxsr sse sse2 ss ht tm pbe syscall nx rdtscp lm constant_tsc arch_perfmon pebs bts rep_good nopl xtopology nonstop_tsc aperfmperf pni pclmulqdq dtes64 monitor ds_cpl vmx est tm2 ssse3 cx16 xtpr pdcm pcid sse4_1 sse4_2 x2apic popcnt tsc_deadline_timer aes xsave avx f16c rdrand lahf_lm ida arat epb xsaveopt pln pts dtherm tpr_shadow vnmi flexpriority ept vpid fsgsbase smep erms
bogomips	: 4589.37
clflush size	: 64
cache_alignment	: 64
address sizes	: 36 bits physical, 48 bits virtual
power management:

processor	: 7
vendor_id	: GenuineIntel
cpu family	: 6
model		: 58
model name	: Intel(R) Core(TM) i7-3610QM CPU @ 2.30GHz
stepping	: 9
microcode	: 0x12
cpu MHz		: 1200.000
cache size	: 6144 KB
physical id	: 0
siblings	: 8
core id		: 3
cpu cores	: 4
apicid		: 7
initial apicid	: 7
fpu		: yes
fpu_exception	: yes
cpuid level	: 13
wp		: yes
flags		: fpu vme de pse tsc msr pae mce cx8 apic sep mtrr pge mca cmov pat pse36 clflush dts acpi mmx fxsr sse sse2 ss ht tm pbe syscall nx rdtscp lm constant_tsc arch_perfmon pebs bts rep_good nopl xtopology nonstop_tsc aperfmperf pni pclmulqdq dtes64 monitor ds_cpl vmx est tm2 ssse3 cx16 xtpr pdcm pcid sse4_1 sse4_2 x2apic popcnt tsc_deadline_timer aes xsave avx f16c rdrand lahf_lm ida arat epb xsaveopt pln pts dtherm tpr_shadow vnmi flexpriority ept vpid fsgsbase smep erms
bogomips	: 4589.37
clflush size	: 64
cache_alignment	: 64
address sizes	: 36 bits physical, 48 bits virtual
power management:



Memory: 4k page, physical 16023348k(7981836k free), swap 62944092k(62944092k free)

vm_info: Java HotSpot(TM) 64-Bit Server VM (24.51-b03) for linux-amd64 JRE (1.7.0_51-b13), built on Dec 18 2013 18:48:01 by "java_re" with gcc 4.3.0 20080428 (Red Hat 4.3.0-8)

time: Mon Oct 13 22:55:17 2014
elapsed time: 0 seconds

