#
# A fatal error has been detected by the Java Runtime Environment:
#
#  SIGSEGV (0xb) at pc=0x00007f36228df68b, pid=12059, tid=139870449862400
#
# JRE version: Java(TM) SE Runtime Environment (7.0_51-b13) (build 1.7.0_51-b13)
# Java VM: Java HotSpot(TM) 64-Bit Server VM (24.51-b03 mixed mode linux-amd64 compressed oops)
# Problematic frame:
# V  [libjvm.so+0x87468b]  PSParallelCompact::MarkAndPushClosure::do_oop(oopDesc**)+0x5b
#
# Failed to write core dump. Core dumps have been disabled. To enable core dumping, try "ulimit -c unlimited" before starting Java again
#
# If you would like to submit a bug report, please visit:
#   http://bugreport.sun.com/bugreport/crash.jsp
#

---------------  T H R E A D  ---------------

Current thread (0x00007f361c029000):  GCTaskThread [stack: 0x00007f36206a8000,0x00007f36207a9000] [id=12070]

siginfo:si_signo=SIGSEGV: si_errno=0, si_code=128 (), si_addr=0x0000000000000000

Registers:
RAX=0x0000000000800000, RBX=0x000000000050b0bc, RCX=0x0000000000000017, RDX=0x00007f35bbd70000
RSP=0x00007f36207a7240, RBP=0x00007f36207a7260, RSI=0x007ffffffdc2b858, RDI=0x00007f36207a7a30
R8 =0x00007f36207a73f0, R9 =0x0000000000001741, R10=0x0000000000000001, R11=0x00007f3622660120
R12=0x00007f361c06ef90, R13=0x0000000000001741, R14=0x0000000000000001, R15=0x00000000ffffffff
RIP=0x00007f36228df68b, EFLAGS=0x0000000000010206, CSGSFS=0x0000000000000033, ERR=0x0000000000000000
  TRAPNO=0x000000000000000d

Top of Stack: (sp=0x00007f36207a7240)
0x00007f36207a7240:   0000000000001741 00007f361c029750
0x00007f36207a7250:   0000000000001741 0000000000000001
0x00007f36207a7260:   00007f36207a7300 00007f36228736bb
0x00007f36207a7270:   00007f3622ea2a20 00007f3622871a00
0x00007f36207a7280:   00007f36207a7a30 00007f36207a73f0
0x00007f36207a7290:   00007f36207a73c0 00007f36207a72a0
0x00007f36207a72a0:   00007f35a8229330 ffff7f3600000001
0x00007f36207a72b0:   00007f3619082028 00007f3619081ed0
0x00007f36207a72c0:   17417f361908261e 00007f361c02ffff
0x00007f36207a72d0:   00007f361908201c 00007f36207a73c0
0x00007f36207a72e0:   0000000000000001 00007f36207a73f0
0x00007f36207a72f0:   00007f36207a7a10 00007f36207a7a30
0x00007f36207a7300:   00007f36207a7370 00007f3622586539
0x00007f36207a7310:   00007f36207a7350 00007f362258762a
0x00007f36207a7320:   00007f3619083354 00007f36207a7390
0x00007f36207a7330:   00007f36207a73f0 00007f361c029000
0x00007f36207a7340:   00007f36207a7a30 00007f36207a73c0
0x00007f36207a7350:   00007f36207a73f0 00007f361c029000
0x00007f36207a7360:   00007f36207a7a30 00007f361c1ab000
0x00007f36207a7370:   00007f36207a79e0 00007f36229b2f5a
0x00007f36207a7380:   00007f36207a7390 00007f36207a7a10
0x00007f36207a7390:   00007f360cec6490 00007f3619083354
0x00007f36207a73a0:   00007f3619083110 00007f3600000000
0x00007f36207a73b0:   0000000000000011 00007f360cec6490
0x00007f36207a73c0:   00007f360cec6490 00007f3619083354
0x00007f36207a73d0:   00007f3619083110 00007f3600000000
0x00007f36207a73e0:   0000000000000011 00007f360cec6490
0x00007f36207a73f0:   00007f360d2caa58 00007f36190004e7
0x00007f36207a7400:   00007f36190003d0 0000000000000000
0x00007f36207a7410:   00007f360d2caac0 00007f360d2caa58
0x00007f36207a7420:   0000000000000000 0000000000000000
0x00007f36207a7430:   0000000000000000 0000000000000000 

Instructions: (pc=0x00007f36228df68b)
0x00007f36228df66b:   89 c1 b8 01 00 00 00 48 d3 ea 48 89 d6 89 d1 48
0x00007f36228df67b:   8b 15 6f 74 5c 00 83 e1 3f 48 c1 ee 06 48 d3 e0
0x00007f36228df68b:   48 85 04 f2 74 1f 48 8b 1c 24 4c 8b 64 24 08 4c
0x00007f36228df69b:   8b 6c 24 10 4c 8b 74 24 18 c9 c3 66 2e 0f 1f 84 

Register to memory mapping:

RAX=0x0000000000800000 is an unknown value
RBX=0x000000000050b0bc is an unknown value
RCX=0x0000000000000017 is an unknown value
RDX=0x00007f35bbd70000 is pointing into the stack for thread: 0x00007f361c074800
RSP=0x00007f36207a7240 is an unknown value
RBP=0x00007f36207a7260 is an unknown value
RSI=0x007ffffffdc2b858 is an unknown value
RDI=0x00007f36207a7a30 is an unknown value
R8 =0x00007f36207a73f0 is an unknown value
R9 =0x0000000000001741 is an unknown value
R10=0x0000000000000001 is an unknown value
R11=0x00007f3622660120: <offset 0x5f5120> in /home/lpxz/pool/jdk1.7/jre/lib/amd64/server/libjvm.so at 0x00007f362206b000
R12=0x00007f361c06ef90 is an unknown value
R13=0x0000000000001741 is an unknown value
R14=0x0000000000000001 is an unknown value
R15=0x00000000ffffffff is an unknown value


Stack: [0x00007f36206a8000,0x00007f36207a9000],  sp=0x00007f36207a7240,  free space=1020k
Native frames: (J=compiled Java code, j=interpreted, Vv=VM code, C=native code)
V  [libjvm.so+0x87468b]  PSParallelCompact::MarkAndPushClosure::do_oop(oopDesc**)+0x5b
V  [libjvm.so+0x8086bb]  OopMapSet::all_do(frame const*, RegisterMap const*, OopClosure*, void (*)(oopDesc**, oopDesc**), OopClosure*)+0x2fb
V  [libjvm.so+0x51b539]  frame::oops_do_internal(OopClosure*, CodeBlobClosure*, RegisterMap*, bool)+0x99
V  [libjvm.so+0x947f5a]  JavaThread::oops_do(OopClosure*, CodeBlobClosure*)+0x15a
V  [libjvm.so+0x84f04d]  ThreadRootsMarkingTask::do_it(GCTaskManager*, unsigned int)+0xbd
V  [libjvm.so+0x550f6f]  GCTaskThread::run()+0x12f
V  [libjvm.so+0x815538]  java_start(Thread*)+0x108

JavaThread 0x00007f361c1ab000 (nid = 12088) was being processed
Java frames: (J=compiled Java code, j=interpreted, Vv=VM code)
v  ~RuntimeStub::_new_array_Java
J  java.util.Vector.add(Ljava/lang/Object;)Z
J  edu.hkust.leap.monitor.RecordMonitor.accessSPE(IJZI)V
J  edu.hkust.leap.monitor.RecordMonitor.readBeforeInstance(Ljava/lang/Object;IJLjava/lang/String;ILjava/lang/Object;)V
J  spec.jbb.Order.processLines(Lspec/jbb/Warehouse;SZ)Z
J  spec.jbb.TransactionManager.goManual(ILspec/jbb/TimerData;)J
j  spec.jbb.TransactionManager.go()V+437
j  spec.jbb.JBBmain.run()V+127
j  java.lang.Thread.run()V+11
v  ~StubRoutines::call_stub

---------------  P R O C E S S  ---------------

Java Threads: ( => current thread )
  0x00007f361c1ab000 JavaThread "Thread-8" [_thread_blocked, id=12088, stack(0x00007f360cdc7000,0x00007f360cec8000)]
  0x00007f361c1a9000 JavaThread "Thread-7" [_thread_blocked, id=12087, stack(0x00007f360cec8000,0x00007f360cfc9000)]
  0x00007f361c1a7000 JavaThread "Thread-6" [_thread_blocked, id=12086, stack(0x00007f360cfc9000,0x00007f360d0ca000)]
  0x00007f361c1a5000 JavaThread "Thread-5" [_thread_blocked, id=12085, stack(0x00007f360d0ca000,0x00007f360d1cb000)]
  0x00007f361c1a3000 JavaThread "Thread-4" [_thread_blocked, id=12084, stack(0x00007f360d1cb000,0x00007f360d2cc000)]
  0x00007f361c1a1000 JavaThread "Thread-3" [_thread_blocked, id=12083, stack(0x00007f360d2cc000,0x00007f360d3cd000)]
  0x00007f361c19d800 JavaThread "Thread-2" [_thread_blocked, id=12082, stack(0x00007f360d3cd000,0x00007f360d4ce000)]
  0x00007f361c199800 JavaThread "Thread-1" [_thread_blocked, id=12081, stack(0x00007f360d4ce000,0x00007f360d5cf000)]
  0x00007f361c09f000 JavaThread "Service Thread" daemon [_thread_blocked, id=12079, stack(0x00007f360daf8000,0x00007f360dbf9000)]
  0x00007f361c09d000 JavaThread "C2 CompilerThread1" daemon [_thread_blocked, id=12078, stack(0x00007f360dbf9000,0x00007f360dcfa000)]
  0x00007f361c09a000 JavaThread "C2 CompilerThread0" daemon [_thread_blocked, id=12077, stack(0x00007f360dcfa000,0x00007f360ddfb000)]
  0x00007f361c08f800 JavaThread "Signal Dispatcher" daemon [_thread_blocked, id=12076, stack(0x00007f360ddfb000,0x00007f360defc000)]
  0x00007f361c078800 JavaThread "Finalizer" daemon [_thread_blocked, id=12075, stack(0x00007f360e5df000,0x00007f360e6e0000)]
  0x00007f361c074800 JavaThread "Reference Handler" daemon [_thread_blocked, id=12074, stack(0x00007f35bbc6f000,0x00007f35bbd70000)]
  0x00007f361c00a000 JavaThread "main" [_thread_blocked, id=12064, stack(0x00007f36239c8000,0x00007f3623ac9000)]

Other Threads:
  0x00007f361c072800 VMThread [stack: 0x00007f360e6e0000,0x00007f360e7e1000] [id=12073]
  0x00007f361c0aa000 WatcherThread [stack: 0x00007f360d9f7000,0x00007f360daf8000] [id=12080]

=>0x00007f361c029000 (exited) GCTaskThread [stack: 0x00007f36206a8000,0x00007f36207a9000] [id=12070]

VM state:at safepoint (normal execution)

VM Mutex/Monitor currently owned by a thread:  ([mutex/lock_event])
[0x00007f361c006480] Threads_lock - owner thread: 0x00007f361c072800
[0x00007f361c006980] Heap_lock - owner thread: 0x00007f361c1ab000

Heap
 PSYoungGen      total 136192K, used 10216K [0x00000006d5500000, 0x00000006e5f00000, 0x0000000800000000)
  eden space 125952K, 0% used [0x00000006d5500000,0x00000006d5500000,0x00000006dd000000)
  from space 10240K, 99% used [0x00000006dd000000,0x00000006dd9fa1b0,0x00000006dda00000)
  to   space 10240K, 0% used [0x00000006e5500000,0x00000006e5500000,0x00000006e5f00000)
 ParOldGen       total 166912K, used 137498K [0x0000000480000000, 0x000000048a300000, 0x00000006d5500000)
  object space 166912K, 82% used [0x0000000480000000,0x00000004886468a0,0x000000048a300000)
 PSPermGen       total 21504K, used 6082K [0x000000047ae00000, 0x000000047c300000, 0x0000000480000000)
  object space 21504K, 28% used [0x000000047ae00000,0x000000047b3f0b70,0x000000047c300000)

Card table byte_map: [0x00007f36173d6000,0x00007f3619000000] byte_map_base: 0x00007f3614fff000

Polling page: 0x00007f3623ae8000

Code Cache  [0x00007f3619000000, 0x00007f3619270000, 0x00007f361c000000)
 total_blobs=560 nmethods=282 adapters=231 free_code_cache=48078Kb largest_free_block=49196544

Compilation events (10 events):
Event: 1.469 Thread 0x00007f361c09d000 nmethod 280 0x00007f3619108710 code [0x00007f3619108840, 0x00007f3619108898]
Event: 1.469 Thread 0x00007f361c09d000  281             sun.util.calendar.CalendarDate::getDayOfWeek (18 bytes)
Event: 1.469 Thread 0x00007f361c09d000 nmethod 281 0x00007f3619108510 code [0x00007f3619108640, 0x00007f36191086b8]
Event: 1.469 Thread 0x00007f361c09d000  282             sun.util.calendar.BaseCalendar$Date::getCachedJan1 (5 bytes)
Event: 1.469 Thread 0x00007f361c09d000 nmethod 282 0x00007f36190e3750 code [0x00007f36190e3880, 0x00007f36190e38d8]
Event: 1.469 Thread 0x00007f361c09d000  283             sun.util.calendar.Gregorian$Date::getNormalizedYear (5 bytes)
Event: 1.470 Thread 0x00007f361c09d000 nmethod 283 0x00007f36190e3550 code [0x00007f36190e3680, 0x00007f36190e36d8]
Event: 1.470 Thread 0x00007f361c09d000  284             sun.util.calendar.BaseCalendar$Date::hit (14 bytes)
Event: 1.470 Thread 0x00007f361c09d000 nmethod 284 0x00007f36190e3350 code [0x00007f36190e3480, 0x00007f36190e34f8]
Event: 1.473 Thread 0x00007f361c09a000 nmethod 274 0x00007f3619111310 code [0x00007f36191116a0, 0x00007f3619112d68]

GC Heap History (7 events):
Event: 0.633 GC heap before
{Heap before GC invocations=1 (full 0):
 PSYoungGen      total 73216K, used 62976K [0x00000006d5500000, 0x00000006da680000, 0x0000000800000000)
  eden space 62976K, 100% used [0x00000006d5500000,0x00000006d9280000,0x00000006d9280000)
  from space 10240K, 0% used [0x00000006d9c80000,0x00000006d9c80000,0x00000006da680000)
  to   space 10240K, 0% used [0x00000006d9280000,0x00000006d9280000,0x00000006d9c80000)
 ParOldGen       total 166912K, used 0K [0x0000000480000000, 0x000000048a300000, 0x00000006d5500000)
  object space 166912K, 0% used [0x0000000480000000,0x0000000480000000,0x000000048a300000)
 PSPermGen       total 21504K, used 6050K [0x000000047ae00000, 0x000000047c300000, 0x0000000480000000)
  object space 21504K, 28% used [0x000000047ae00000,0x000000047b3e8a68,0x000000047c300000)
Event: 0.657 GC heap after
Heap after GC invocations=1 (full 0):
 PSYoungGen      total 73216K, used 10236K [0x00000006d5500000, 0x00000006de400000, 0x0000000800000000)
  eden space 62976K, 0% used [0x00000006d5500000,0x00000006d5500000,0x00000006d9280000)
  from space 10240K, 99% used [0x00000006d9280000,0x00000006d9c7f0b0,0x00000006d9c80000)
  to   space 10240K, 0% used [0x00000006dda00000,0x00000006dda00000,0x00000006de400000)
 ParOldGen       total 166912K, used 19534K [0x0000000480000000, 0x000000048a300000, 0x00000006d5500000)
  object space 166912K, 11% used [0x0000000480000000,0x0000000481313890,0x000000048a300000)
 PSPermGen       total 21504K, used 6050K [0x000000047ae00000, 0x000000047c300000, 0x0000000480000000)
  object space 21504K, 28% used [0x000000047ae00000,0x000000047b3e8a68,0x000000047c300000)
}
Event: 0.981 GC heap before
{Heap before GC invocations=2 (full 0):
 PSYoungGen      total 73216K, used 73212K [0x00000006d5500000, 0x00000006de400000, 0x0000000800000000)
  eden space 62976K, 100% used [0x00000006d5500000,0x00000006d9280000,0x00000006d9280000)
  from space 10240K, 99% used [0x00000006d9280000,0x00000006d9c7f0b0,0x00000006d9c80000)
  to   space 10240K, 0% used [0x00000006dda00000,0x00000006dda00000,0x00000006de400000)
 ParOldGen       total 166912K, used 19534K [0x0000000480000000, 0x000000048a300000, 0x00000006d5500000)
  object space 166912K, 11% used [0x0000000480000000,0x0000000481313890,0x000000048a300000)
 PSPermGen       total 21504K, used 6082K [0x000000047ae00000, 0x000000047c300000, 0x0000000480000000)
  object space 21504K, 28% used [0x000000047ae00000,0x000000047b3f0b70,0x000000047c300000)
Event: 1.010 GC heap after
Heap after GC invocations=2 (full 0):
 PSYoungGen      total 136192K, used 10224K [0x00000006d5500000, 0x00000006de400000, 0x0000000800000000)
  eden space 125952K, 0% used [0x00000006d5500000,0x00000006d5500000,0x00000006dd000000)
  from space 10240K, 99% used [0x00000006dda00000,0x00000006de3fc260,0x00000006de400000)
  to   space 10240K, 0% used [0x00000006dd000000,0x00000006dd000000,0x00000006dda00000)
 ParOldGen       total 166912K, used 58191K [0x0000000480000000, 0x000000048a300000, 0x00000006d5500000)
  object space 166912K, 34% used [0x0000000480000000,0x00000004838d3c90,0x000000048a300000)
 PSPermGen       total 21504K, used 6082K [0x000000047ae00000, 0x000000047c300000, 0x0000000480000000)
  object space 21504K, 28% used [0x000000047ae00000,0x000000047b3f0b70,0x000000047c300000)
}
Event: 1.589 GC heap before
{Heap before GC invocations=3 (full 0):
 PSYoungGen      total 136192K, used 136176K [0x00000006d5500000, 0x00000006de400000, 0x0000000800000000)
  eden space 125952K, 100% used [0x00000006d5500000,0x00000006dd000000,0x00000006dd000000)
  from space 10240K, 99% used [0x00000006dda00000,0x00000006de3fc260,0x00000006de400000)
  to   space 10240K, 0% used [0x00000006dd000000,0x00000006dd000000,0x00000006dda00000)
 ParOldGen       total 166912K, used 58191K [0x0000000480000000, 0x000000048a300000, 0x00000006d5500000)
  object space 166912K, 34% used [0x0000000480000000,0x00000004838d3c90,0x000000048a300000)
 PSPermGen       total 21504K, used 6082K [0x000000047ae00000, 0x000000047c300000, 0x0000000480000000)
  object space 21504K, 28% used [0x000000047ae00000,0x000000047b3f0b70,0x000000047c300000)
Event: 1.644 GC heap after
Heap after GC invocations=3 (full 0):
 PSYoungGen      total 136192K, used 10216K [0x00000006d5500000, 0x00000006e5f00000, 0x0000000800000000)
  eden space 125952K, 0% used [0x00000006d5500000,0x00000006d5500000,0x00000006dd000000)
  from space 10240K, 99% used [0x00000006dd000000,0x00000006dd9fa1b0,0x00000006dda00000)
  to   space 10240K, 0% used [0x00000006e5500000,0x00000006e5500000,0x00000006e5f00000)
 ParOldGen       total 166912K, used 137498K [0x0000000480000000, 0x000000048a300000, 0x00000006d5500000)
  object space 166912K, 82% used [0x0000000480000000,0x00000004886468a0,0x000000048a300000)
 PSPermGen       total 21504K, used 6082K [0x000000047ae00000, 0x000000047c300000, 0x0000000480000000)
  object space 21504K, 28% used [0x000000047ae00000,0x000000047b3f0b70,0x000000047c300000)
}
Event: 1.644 GC heap before
{Heap before GC invocations=4 (full 1):
 PSYoungGen      total 136192K, used 10216K [0x00000006d5500000, 0x00000006e5f00000, 0x0000000800000000)
  eden space 125952K, 0% used [0x00000006d5500000,0x00000006d5500000,0x00000006dd000000)
  from space 10240K, 99% used [0x00000006dd000000,0x00000006dd9fa1b0,0x00000006dda00000)
  to   space 10240K, 0% used [0x00000006e5500000,0x00000006e5500000,0x00000006e5f00000)
 ParOldGen       total 166912K, used 137498K [0x0000000480000000, 0x000000048a300000, 0x00000006d5500000)
  object space 166912K, 82% used [0x0000000480000000,0x00000004886468a0,0x000000048a300000)
 PSPermGen       total 21504K, used 6082K [0x000000047ae00000, 0x000000047c300000, 0x0000000480000000)
  object space 21504K, 28% used [0x000000047ae00000,0x000000047b3f0b70,0x000000047c300000)

Deoptimization events (0 events):
No events

Internal exceptions (10 events):
Event: 0.111 Thread 0x00007f361c00a000 Threw 0x00000006d57d12b8 at /HUDSON/workspace/7u-2-build-linux-amd64@2/jdk7u51/527/hotspot/src/share/vm/prims/jvm.cpp:1244
Event: 0.113 Thread 0x00007f361c00a000 Threw 0x00000006d57d6d00 at /HUDSON/workspace/7u-2-build-linux-amd64@2/jdk7u51/527/hotspot/src/share/vm/prims/jvm.cpp:1244
Event: 0.114 Thread 0x00007f361c00a000 Threw 0x00000006d57dfd68 at /HUDSON/workspace/7u-2-build-linux-amd64@2/jdk7u51/527/hotspot/src/share/vm/prims/jvm.cpp:1244
Event: 0.119 Thread 0x00007f361c00a000 Threw 0x00000006d57eb690 at /HUDSON/workspace/7u-2-build-linux-amd64@2/jdk7u51/527/hotspot/src/share/vm/prims/jvm.cpp:1244
Event: 0.120 Thread 0x00007f361c00a000 Threw 0x00000006d57eed88 at /HUDSON/workspace/7u-2-build-linux-amd64@2/jdk7u51/527/hotspot/src/share/vm/prims/jvm.cpp:1244
Event: 0.120 Thread 0x00007f361c00a000 Threw 0x00000006d58003f0 at /HUDSON/workspace/7u-2-build-linux-amd64@2/jdk7u51/527/hotspot/src/share/vm/prims/jvm.cpp:1244
Event: 0.146 Thread 0x00007f361c00a000 Threw 0x00000006d5856518 at /HUDSON/workspace/7u-2-build-linux-amd64@2/jdk7u51/527/hotspot/src/share/vm/prims/jvm.cpp:1244
Event: 0.147 Thread 0x00007f361c00a000 Threw 0x00000006d585d758 at /HUDSON/workspace/7u-2-build-linux-amd64@2/jdk7u51/527/hotspot/src/share/vm/prims/jvm.cpp:1244
Event: 0.186 Thread 0x00007f361c199800 Threw 0x00000006d59f3a10 at /HUDSON/workspace/7u-2-build-linux-amd64@2/jdk7u51/527/hotspot/src/share/vm/prims/jvm.cpp:1244
Event: 0.204 Thread 0x00007f361c1a7000 Threw 0x00000006d6033248 at /HUDSON/workspace/7u-2-build-linux-amd64@2/jdk7u51/527/hotspot/src/share/vm/prims/jvm.cpp:1244

Events (10 events):
Event: 0.209 loading class 0x00007f362032c4d0 done
Event: 0.209 loading class 0x00007f35a803e280
Event: 0.209 loading class 0x00007f35a803e280 done
Event: 0.209 loading class 0x00007f35a80bdde0
Event: 0.209 loading class 0x00007f35a80bdde0 done
Event: 0.632 Executing VM operation: ParallelGCFailedAllocation
Event: 0.657 Executing VM operation: ParallelGCFailedAllocation done
Event: 0.981 Executing VM operation: ParallelGCFailedAllocation
Event: 1.010 Executing VM operation: ParallelGCFailedAllocation done
Event: 1.589 Executing VM operation: ParallelGCFailedAllocation


Dynamic libraries:
00400000-00401000 r-xp 00000000 08:08 3802540                            /home/lpxz/pool/jdk1.7/bin/java
00600000-00601000 rw-p 00000000 08:08 3802540                            /home/lpxz/pool/jdk1.7/bin/java
02263000-02284000 rw-p 00000000 00:00 0                                  [heap]
47ae00000-47c300000 rw-p 00000000 00:00 0 
47c300000-480000000 rw-p 00000000 00:00 0 
480000000-48a300000 rw-p 00000000 00:00 0 
48a300000-6d5500000 rw-p 00000000 00:00 0 
6d5500000-6e5f00000 rw-p 00000000 00:00 0 
6e5f00000-800000000 rw-p 00000000 00:00 0 
7f3574000000-7f3574021000 rw-p 00000000 00:00 0 
7f3574021000-7f3578000000 ---p 00000000 00:00 0 
7f357c000000-7f357c253000 rw-p 00000000 00:00 0 
7f357c253000-7f3580000000 ---p 00000000 00:00 0 
7f3580000000-7f3580021000 rw-p 00000000 00:00 0 
7f3580021000-7f3584000000 ---p 00000000 00:00 0 
7f3584000000-7f3584021000 rw-p 00000000 00:00 0 
7f3584021000-7f3588000000 ---p 00000000 00:00 0 
7f3588000000-7f3588021000 rw-p 00000000 00:00 0 
7f3588021000-7f358c000000 ---p 00000000 00:00 0 
7f358c000000-7f358c021000 rw-p 00000000 00:00 0 
7f358c021000-7f3590000000 ---p 00000000 00:00 0 
7f3590000000-7f3590021000 rw-p 00000000 00:00 0 
7f3590021000-7f3594000000 ---p 00000000 00:00 0 
7f3594000000-7f3594021000 rw-p 00000000 00:00 0 
7f3594021000-7f3598000000 ---p 00000000 00:00 0 
7f3598000000-7f3598021000 rw-p 00000000 00:00 0 
7f3598021000-7f359c000000 ---p 00000000 00:00 0 
7f359c000000-7f359c68e000 rw-p 00000000 00:00 0 
7f359c68e000-7f35a0000000 ---p 00000000 00:00 0 
7f35a0000000-7f35a0021000 rw-p 00000000 00:00 0 
7f35a0021000-7f35a4000000 ---p 00000000 00:00 0 
7f35a4000000-7f35a4021000 rw-p 00000000 00:00 0 
7f35a4021000-7f35a8000000 ---p 00000000 00:00 0 
7f35a8000000-7f35a88d7000 rw-p 00000000 00:00 0 
7f35a88d7000-7f35ac000000 ---p 00000000 00:00 0 
7f35ac000000-7f35ac021000 rw-p 00000000 00:00 0 
7f35ac021000-7f35b0000000 ---p 00000000 00:00 0 
7f35b0000000-7f35b0021000 rw-p 00000000 00:00 0 
7f35b0021000-7f35b4000000 ---p 00000000 00:00 0 
7f35b4000000-7f35b4021000 rw-p 00000000 00:00 0 
7f35b4021000-7f35b8000000 ---p 00000000 00:00 0 
7f35bbc6f000-7f35bbc72000 ---p 00000000 00:00 0 
7f35bbc72000-7f35d8000000 rw-p 00000000 00:00 0 
7f35d8000000-7f35d8021000 rw-p 00000000 00:00 0 
7f35d8021000-7f35dc000000 ---p 00000000 00:00 0 
7f35e0000000-7f35e0021000 rw-p 00000000 00:00 0 
7f35e0021000-7f35e4000000 ---p 00000000 00:00 0 
7f35e8000000-7f35e8021000 rw-p 00000000 00:00 0 
7f35e8021000-7f35ec000000 ---p 00000000 00:00 0 
7f35f0000000-7f35f0021000 rw-p 00000000 00:00 0 
7f35f0021000-7f35f4000000 ---p 00000000 00:00 0 
7f35f8000000-7f35f8021000 rw-p 00000000 00:00 0 
7f35f8021000-7f35fc000000 ---p 00000000 00:00 0 
7f3600000000-7f360024a000 rw-p 00000000 00:00 0 
7f360024a000-7f3604000000 ---p 00000000 00:00 0 
7f3608000000-7f3608021000 rw-p 00000000 00:00 0 
7f3608021000-7f360c000000 ---p 00000000 00:00 0 
7f360cdc7000-7f360cdca000 ---p 00000000 00:00 0 
7f360cdca000-7f360cec8000 rw-p 00000000 00:00 0 
7f360cec8000-7f360cecb000 ---p 00000000 00:00 0 
7f360cecb000-7f360cfc9000 rw-p 00000000 00:00 0 
7f360cfc9000-7f360cfcc000 ---p 00000000 00:00 0 
7f360cfcc000-7f360d0ca000 rw-p 00000000 00:00 0 
7f360d0ca000-7f360d0cd000 ---p 00000000 00:00 0 
7f360d0cd000-7f360d1cb000 rw-p 00000000 00:00 0 
7f360d1cb000-7f360d1ce000 ---p 00000000 00:00 0 
7f360d1ce000-7f360d2cc000 rw-p 00000000 00:00 0 
7f360d2cc000-7f360d2cf000 ---p 00000000 00:00 0 
7f360d2cf000-7f360d3cd000 rw-p 00000000 00:00 0 
7f360d3cd000-7f360d3d0000 ---p 00000000 00:00 0 
7f360d3d0000-7f360d4ce000 rw-p 00000000 00:00 0 
7f360d4ce000-7f360d4d1000 ---p 00000000 00:00 0 
7f360d4d1000-7f360d5cf000 rw-p 00000000 00:00 0 
7f360d5cf000-7f360d5e5000 r-xp 00000000 08:08 3804245                    /home/lpxz/pool/jdk1.7/jre/lib/amd64/libnet.so
7f360d5e5000-7f360d7e5000 ---p 00016000 08:08 3804245                    /home/lpxz/pool/jdk1.7/jre/lib/amd64/libnet.so
7f360d7e5000-7f360d7e6000 rw-p 00016000 08:08 3804245                    /home/lpxz/pool/jdk1.7/jre/lib/amd64/libnet.so
7f360d7e6000-7f360d7f6000 r-xp 00000000 08:08 3804240                    /home/lpxz/pool/jdk1.7/jre/lib/amd64/libnio.so
7f360d7f6000-7f360d9f6000 ---p 00010000 08:08 3804240                    /home/lpxz/pool/jdk1.7/jre/lib/amd64/libnio.so
7f360d9f6000-7f360d9f7000 rw-p 00010000 08:08 3804240                    /home/lpxz/pool/jdk1.7/jre/lib/amd64/libnio.so
7f360d9f7000-7f360d9f8000 ---p 00000000 00:00 0 
7f360d9f8000-7f360daf8000 rw-p 00000000 00:00 0 
7f360daf8000-7f360dafb000 ---p 00000000 00:00 0 
7f360dafb000-7f360dbf9000 rw-p 00000000 00:00 0 
7f360dbf9000-7f360dbfc000 ---p 00000000 00:00 0 
7f360dbfc000-7f360dcfa000 rw-p 00000000 00:00 0 
7f360dcfa000-7f360dcfd000 ---p 00000000 00:00 0 
7f360dcfd000-7f360ddfb000 rw-p 00000000 00:00 0 
7f360ddfb000-7f360ddfe000 ---p 00000000 00:00 0 
7f360ddfe000-7f360defc000 rw-p 00000000 00:00 0 
7f360defc000-7f360e5df000 r--p 00000000 08:08 6297920                    /usr/lib/locale/locale-archive
7f360e5df000-7f360e5e2000 ---p 00000000 00:00 0 
7f360e5e2000-7f360e6e0000 rw-p 00000000 00:00 0 
7f360e6e0000-7f360e6e1000 ---p 00000000 00:00 0 
7f360e6e1000-7f3610000000 rw-p 00000000 00:00 0 
7f3610000000-7f3610021000 rw-p 00000000 00:00 0 
7f3610021000-7f3614000000 ---p 00000000 00:00 0 
7f36140fe000-7f361617d000 rw-p 00000000 00:00 0 
7f361617d000-7f36173d6000 rw-p 00000000 00:00 0 
7f36173d6000-7f36173e1000 rw-p 00000000 00:00 0 
7f36173e1000-7f36173ff000 rw-p 00000000 00:00 0 
7f36173ff000-7f3617451000 rw-p 00000000 00:00 0 
7f3617451000-7f36186a9000 rw-p 00000000 00:00 0 
7f36186a9000-7f361872f000 rw-p 00000000 00:00 0 
7f361872f000-7f3618fff000 rw-p 00000000 00:00 0 
7f3618fff000-7f3619000000 rw-p 00000000 00:00 0 
7f3619000000-7f3619270000 rwxp 00000000 00:00 0 
7f3619270000-7f361c1bd000 rw-p 00000000 00:00 0 
7f361c1bd000-7f3620000000 ---p 00000000 00:00 0 
7f362002f000-7f3620039000 r--s 00250000 08:08 3803739                    /home/lpxz/pool/jdk1.7/jre/lib/resources.jar
7f3620039000-7f36200d6000 rw-p 00000000 00:00 0 
7f36200d6000-7f3620293000 r--s 039bf000 08:08 3804302                    /home/lpxz/pool/jdk1.7/jre/lib/rt.jar
7f3620293000-7f36204a6000 rw-p 00000000 00:00 0 
7f36204a6000-7f36204a7000 ---p 00000000 00:00 0 
7f36204a7000-7f36205a7000 rw-p 00000000 00:00 0 
7f36205a7000-7f36205a8000 ---p 00000000 00:00 0 
7f36205a8000-7f36206a8000 rw-p 00000000 00:00 0 
7f36206a8000-7f36206a9000 ---p 00000000 00:00 0 
7f36206a9000-7f36207a9000 rw-p 00000000 00:00 0 
7f36207a9000-7f36207aa000 ---p 00000000 00:00 0 
7f36207aa000-7f36208aa000 rw-p 00000000 00:00 0 
7f36208aa000-7f36208ab000 ---p 00000000 00:00 0 
7f36208ab000-7f36209ab000 rw-p 00000000 00:00 0 
7f36209ab000-7f36209ac000 ---p 00000000 00:00 0 
7f36209ac000-7f3620aac000 rw-p 00000000 00:00 0 
7f3620aac000-7f3620aad000 ---p 00000000 00:00 0 
7f3620aad000-7f3620bad000 rw-p 00000000 00:00 0 
7f3620bad000-7f3620bae000 ---p 00000000 00:00 0 
7f3620bae000-7f3620cb9000 rw-p 00000000 00:00 0 
7f3620cb9000-7f3620cd7000 rw-p 00000000 00:00 0 
7f3620cd7000-7f3620cf1000 r-xp 00000000 08:08 3804290                    /home/lpxz/pool/jdk1.7/jre/lib/amd64/libzip.so
7f3620cf1000-7f3620ef1000 ---p 0001a000 08:08 3804290                    /home/lpxz/pool/jdk1.7/jre/lib/amd64/libzip.so
7f3620ef1000-7f3620ef2000 rw-p 0001a000 08:08 3804290                    /home/lpxz/pool/jdk1.7/jre/lib/amd64/libzip.so
7f3620ef2000-7f3620efe000 r-xp 00000000 08:08 12594830                   /lib/x86_64-linux-gnu/libnss_files-2.15.so
7f3620efe000-7f36210fd000 ---p 0000c000 08:08 12594830                   /lib/x86_64-linux-gnu/libnss_files-2.15.so
7f36210fd000-7f36210fe000 r--p 0000b000 08:08 12594830                   /lib/x86_64-linux-gnu/libnss_files-2.15.so
7f36210fe000-7f36210ff000 rw-p 0000c000 08:08 12594830                   /lib/x86_64-linux-gnu/libnss_files-2.15.so
7f36210ff000-7f3621109000 r-xp 00000000 08:08 12594834                   /lib/x86_64-linux-gnu/libnss_nis-2.15.so
7f3621109000-7f3621309000 ---p 0000a000 08:08 12594834                   /lib/x86_64-linux-gnu/libnss_nis-2.15.so
7f3621309000-7f362130a000 r--p 0000a000 08:08 12594834                   /lib/x86_64-linux-gnu/libnss_nis-2.15.so
7f362130a000-7f362130b000 rw-p 0000b000 08:08 12594834                   /lib/x86_64-linux-gnu/libnss_nis-2.15.so
7f362130b000-7f3621322000 r-xp 00000000 08:08 12594846                   /lib/x86_64-linux-gnu/libnsl-2.15.so
7f3621322000-7f3621521000 ---p 00017000 08:08 12594846                   /lib/x86_64-linux-gnu/libnsl-2.15.so
7f3621521000-7f3621522000 r--p 00016000 08:08 12594846                   /lib/x86_64-linux-gnu/libnsl-2.15.so
7f3621522000-7f3621523000 rw-p 00017000 08:08 12594846                   /lib/x86_64-linux-gnu/libnsl-2.15.so
7f3621523000-7f3621525000 rw-p 00000000 00:00 0 
7f3621525000-7f362152d000 r-xp 00000000 08:08 12594828                   /lib/x86_64-linux-gnu/libnss_compat-2.15.so
7f362152d000-7f362172c000 ---p 00008000 08:08 12594828                   /lib/x86_64-linux-gnu/libnss_compat-2.15.so
7f362172c000-7f362172d000 r--p 00007000 08:08 12594828                   /lib/x86_64-linux-gnu/libnss_compat-2.15.so
7f362172d000-7f362172e000 rw-p 00008000 08:08 12594828                   /lib/x86_64-linux-gnu/libnss_compat-2.15.so
7f362172e000-7f3621757000 r-xp 00000000 08:08 3804274                    /home/lpxz/pool/jdk1.7/jre/lib/amd64/libjava.so
7f3621757000-7f3621957000 ---p 00029000 08:08 3804274                    /home/lpxz/pool/jdk1.7/jre/lib/amd64/libjava.so
7f3621957000-7f3621959000 rw-p 00029000 08:08 3804274                    /home/lpxz/pool/jdk1.7/jre/lib/amd64/libjava.so
7f3621959000-7f3621966000 r-xp 00000000 08:08 3804272                    /home/lpxz/pool/jdk1.7/jre/lib/amd64/libverify.so
7f3621966000-7f3621b65000 ---p 0000d000 08:08 3804272                    /home/lpxz/pool/jdk1.7/jre/lib/amd64/libverify.so
7f3621b65000-7f3621b67000 rw-p 0000c000 08:08 3804272                    /home/lpxz/pool/jdk1.7/jre/lib/amd64/libverify.so
7f3621b67000-7f3621b6e000 r-xp 00000000 08:08 12594833                   /lib/x86_64-linux-gnu/librt-2.15.so
7f3621b6e000-7f3621d6d000 ---p 00007000 08:08 12594833                   /lib/x86_64-linux-gnu/librt-2.15.so
7f3621d6d000-7f3621d6e000 r--p 00006000 08:08 12594833                   /lib/x86_64-linux-gnu/librt-2.15.so
7f3621d6e000-7f3621d6f000 rw-p 00007000 08:08 12594833                   /lib/x86_64-linux-gnu/librt-2.15.so
7f3621d6f000-7f3621e6a000 r-xp 00000000 08:08 12594837                   /lib/x86_64-linux-gnu/libm-2.15.so
7f3621e6a000-7f3622069000 ---p 000fb000 08:08 12594837                   /lib/x86_64-linux-gnu/libm-2.15.so
7f3622069000-7f362206a000 r--p 000fa000 08:08 12594837                   /lib/x86_64-linux-gnu/libm-2.15.so
7f362206a000-7f362206b000 rw-p 000fb000 08:08 12594837                   /lib/x86_64-linux-gnu/libm-2.15.so
7f362206b000-7f3622bcd000 r-xp 00000000 08:08 3804280                    /home/lpxz/pool/jdk1.7/jre/lib/amd64/server/libjvm.so
7f3622bcd000-7f3622dcd000 ---p 00b62000 08:08 3804280                    /home/lpxz/pool/jdk1.7/jre/lib/amd64/server/libjvm.so
7f3622dcd000-7f3622e90000 rw-p 00b62000 08:08 3804280                    /home/lpxz/pool/jdk1.7/jre/lib/amd64/server/libjvm.so
7f3622e90000-7f3622ed1000 rw-p 00000000 00:00 0 
7f3622ed1000-7f3623086000 r-xp 00000000 08:08 12594826                   /lib/x86_64-linux-gnu/libc-2.15.so
7f3623086000-7f3623286000 ---p 001b5000 08:08 12594826                   /lib/x86_64-linux-gnu/libc-2.15.so
7f3623286000-7f362328a000 r--p 001b5000 08:08 12594826                   /lib/x86_64-linux-gnu/libc-2.15.so
7f362328a000-7f362328c000 rw-p 001b9000 08:08 12594826                   /lib/x86_64-linux-gnu/libc-2.15.so
7f362328c000-7f3623291000 rw-p 00000000 00:00 0 
7f3623291000-7f3623293000 r-xp 00000000 08:08 12594841                   /lib/x86_64-linux-gnu/libdl-2.15.so
7f3623293000-7f3623493000 ---p 00002000 08:08 12594841                   /lib/x86_64-linux-gnu/libdl-2.15.so
7f3623493000-7f3623494000 r--p 00002000 08:08 12594841                   /lib/x86_64-linux-gnu/libdl-2.15.so
7f3623494000-7f3623495000 rw-p 00003000 08:08 12594841                   /lib/x86_64-linux-gnu/libdl-2.15.so
7f3623495000-7f36234ab000 r-xp 00000000 08:08 3802605                    /home/lpxz/pool/jdk1.7/lib/amd64/jli/libjli.so
7f36234ab000-7f36236ab000 ---p 00016000 08:08 3802605                    /home/lpxz/pool/jdk1.7/lib/amd64/jli/libjli.so
7f36236ab000-7f36236ac000 rw-p 00016000 08:08 3802605                    /home/lpxz/pool/jdk1.7/lib/amd64/jli/libjli.so
7f36236ac000-7f36236c4000 r-xp 00000000 08:08 12594835                   /lib/x86_64-linux-gnu/libpthread-2.15.so
7f36236c4000-7f36238c3000 ---p 00018000 08:08 12594835                   /lib/x86_64-linux-gnu/libpthread-2.15.so
7f36238c3000-7f36238c4000 r--p 00017000 08:08 12594835                   /lib/x86_64-linux-gnu/libpthread-2.15.so
7f36238c4000-7f36238c5000 rw-p 00018000 08:08 12594835                   /lib/x86_64-linux-gnu/libpthread-2.15.so
7f36238c5000-7f36238c9000 rw-p 00000000 00:00 0 
7f36238c9000-7f36238eb000 r-xp 00000000 08:08 12594838                   /lib/x86_64-linux-gnu/ld-2.15.so
7f36238fc000-7f3623908000 r--s 000da000 08:08 4477681                    /home/lpxz/eclipse/workspacePA_icse/soot-One/lib/polyglotclasses-1.3.5.jar
7f3623908000-7f3623912000 rw-p 00000000 00:00 0 
7f3623912000-7f36239c8000 rw-p 00000000 00:00 0 
7f36239c8000-7f36239cb000 ---p 00000000 00:00 0 
7f36239cb000-7f3623acd000 rw-p 00000000 00:00 0 
7f3623ad7000-7f3623ad8000 rw-p 00000000 00:00 0 
7f3623ad8000-7f3623adb000 r--s 0002b000 08:08 4477682                    /home/lpxz/eclipse/workspacePA_icse/soot-One/lib/jasminclasses-2.5.0.jar
7f3623adb000-7f3623adf000 r--s 000f7000 08:08 3804391                    /home/lpxz/pool/jdk1.7/jre/lib/ext/localedata.jar
7f3623adf000-7f3623ae7000 rw-s 00000000 08:08 4997936                    /tmp/hsperfdata_lpxz/12059
7f3623ae7000-7f3623ae8000 rw-p 00000000 00:00 0 
7f3623ae8000-7f3623ae9000 ---p 00000000 00:00 0 
7f3623ae9000-7f3623aeb000 rw-p 00000000 00:00 0 
7f3623aeb000-7f3623aec000 r--p 00022000 08:08 12594838                   /lib/x86_64-linux-gnu/ld-2.15.so
7f3623aec000-7f3623aee000 rw-p 00023000 08:08 12594838                   /lib/x86_64-linux-gnu/ld-2.15.so
7fff00f46000-7fff00f67000 rw-p 00000000 00:00 0                          [stack]
7fff00f86000-7fff00f87000 r-xp 00000000 00:00 0                          [vdso]
ffffffffff600000-ffffffffff601000 r-xp 00000000 00:00 0                  [vsyscall]

VM Arguments:
jvm_args: -Xverify:none -Xmx14g -XX:+UseBiasedLocking -Dfile.encoding=UTF-8 
java_command: edu.hkust.leap.record.RecordMain 1024 spec.jbb.JBBmain
Launcher Type: SUN_STANDARD

Environment Variables:
PATH=/usr/local/sbin:/usr/local/bin:/usr/sbin:/usr/bin:/sbin:/bin:/usr/games
LD_LIBRARY_PATH=/home/lpxz/pool/jdk1.7/jre/lib/amd64/server:/home/lpxz/pool/jdk1.7/jre/lib/amd64:/home/lpxz/pool/jdk1.7/jre/../lib/amd64:/usr/lib/jvm/java-6-openjdk-amd64/jre/lib/amd64/server:/usr/lib/jvm/java-6-openjdk-amd64/jre/lib/amd64:/usr/lib/jvm/java-6-openjdk-amd64/jre/../lib/amd64
SHELL=/bin/bash
DISPLAY=:0

Signal Handlers:
SIGSEGV: [libjvm.so+0x993870], sa_mask[0]=0x7ffbfeff, sa_flags=0x10000004
SIGBUS: [libjvm.so+0x993870], sa_mask[0]=0x7ffbfeff, sa_flags=0x10000004
SIGFPE: [libjvm.so+0x8105b0], sa_mask[0]=0x7ffbfeff, sa_flags=0x10000004
SIGPIPE: [libjvm.so+0x8105b0], sa_mask[0]=0x7ffbfeff, sa_flags=0x10000004
SIGXFSZ: [libjvm.so+0x8105b0], sa_mask[0]=0x7ffbfeff, sa_flags=0x10000004
SIGILL: [libjvm.so+0x8105b0], sa_mask[0]=0x7ffbfeff, sa_flags=0x10000004
SIGUSR1: SIG_DFL, sa_mask[0]=0x00000000, sa_flags=0x00000000
SIGUSR2: [libjvm.so+0x811aa0], sa_mask[0]=0x00000004, sa_flags=0x10000004
SIGHUP: [libjvm.so+0x812a10], sa_mask[0]=0x7ffbfeff, sa_flags=0x10000004
SIGINT: [libjvm.so+0x812a10], sa_mask[0]=0x7ffbfeff, sa_flags=0x10000004
SIGTERM: [libjvm.so+0x812a10], sa_mask[0]=0x7ffbfeff, sa_flags=0x10000004
SIGQUIT: [libjvm.so+0x812a10], sa_mask[0]=0x7ffbfeff, sa_flags=0x10000004


---------------  S Y S T E M  ---------------

OS:wheezy/sid

uname:Linux 3.2.0-29-generic #46-Ubuntu SMP Fri Jul 27 17:03:23 UTC 2012 x86_64
libc:glibc 2.15 NPTL 2.15 
rlimit: STACK 8192k, CORE 0k, NPROC 125044, NOFILE 4096, AS infinity
load average:0.85 1.10 1.47

/proc/meminfo:
MemTotal:       16023348 kB
MemFree:         8368960 kB
Buffers:          811072 kB
Cached:          3546100 kB
SwapCached:            0 kB
Active:          4642636 kB
Inactive:        2006012 kB
Active(anon):    2312508 kB
Inactive(anon):   243052 kB
Active(file):    2330128 kB
Inactive(file):  1762960 kB
Unevictable:           0 kB
Mlocked:               0 kB
SwapTotal:      62944092 kB
SwapFree:       62944092 kB
Dirty:              3680 kB
Writeback:             0 kB
AnonPages:       2291936 kB
Mapped:           268500 kB
Shmem:            264072 kB
Slab:             701000 kB
SReclaimable:     643352 kB
SUnreclaim:        57648 kB
KernelStack:        5392 kB
PageTables:        48680 kB
NFS_Unstable:          0 kB
Bounce:                0 kB
WritebackTmp:          0 kB
CommitLimit:    70955764 kB
Committed_AS:    6103840 kB
VmallocTotal:   34359738367 kB
VmallocUsed:      401668 kB
VmallocChunk:   34359304260 kB
HardwareCorrupted:     0 kB
AnonHugePages:         0 kB
HugePages_Total:       0
HugePages_Free:        0
HugePages_Rsvd:        0
HugePages_Surp:        0
Hugepagesize:       2048 kB
DirectMap4k:       83456 kB
DirectMap2M:    16279552 kB


CPU:total 8 (4 cores per cpu, 2 threads per core) family 6 model 58 stepping 9, cmov, cx8, fxsr, mmx, sse, sse2, sse3, ssse3, sse4.1, sse4.2, popcnt, avx, aes, erms, ht, tsc, tscinvbit, tscinv

/proc/cpuinfo:
processor	: 0
vendor_id	: GenuineIntel
cpu family	: 6
model		: 58
model name	: Intel(R) Core(TM) i7-3610QM CPU @ 2.30GHz
stepping	: 9
microcode	: 0x12
cpu MHz		: 2301.000
cache size	: 6144 KB
physical id	: 0
siblings	: 8
core id		: 0
cpu cores	: 4
apicid		: 0
initial apicid	: 0
fpu		: yes
fpu_exception	: yes
cpuid level	: 13
wp		: yes
flags		: fpu vme de pse tsc msr pae mce cx8 apic sep mtrr pge mca cmov pat pse36 clflush dts acpi mmx fxsr sse sse2 ss ht tm pbe syscall nx rdtscp lm constant_tsc arch_perfmon pebs bts rep_good nopl xtopology nonstop_tsc aperfmperf pni pclmulqdq dtes64 monitor ds_cpl vmx est tm2 ssse3 cx16 xtpr pdcm pcid sse4_1 sse4_2 x2apic popcnt tsc_deadline_timer aes xsave avx f16c rdrand lahf_lm ida arat epb xsaveopt pln pts dtherm tpr_shadow vnmi flexpriority ept vpid fsgsbase smep erms
bogomips	: 4589.13
clflush size	: 64
cache_alignment	: 64
address sizes	: 36 bits physical, 48 bits virtual
power management:

processor	: 1
vendor_id	: GenuineIntel
cpu family	: 6
model		: 58
model name	: Intel(R) Core(TM) i7-3610QM CPU @ 2.30GHz
stepping	: 9
microcode	: 0x12
cpu MHz		: 2301.000
cache size	: 6144 KB
physical id	: 0
siblings	: 8
core id		: 0
cpu cores	: 4
apicid		: 1
initial apicid	: 1
fpu		: yes
fpu_exception	: yes
cpuid level	: 13
wp		: yes
flags		: fpu vme de pse tsc msr pae mce cx8 apic sep mtrr pge mca cmov pat pse36 clflush dts acpi mmx fxsr sse sse2 ss ht tm pbe syscall nx rdtscp lm constant_tsc arch_perfmon pebs bts rep_good nopl xtopology nonstop_tsc aperfmperf pni pclmulqdq dtes64 monitor ds_cpl vmx est tm2 ssse3 cx16 xtpr pdcm pcid sse4_1 sse4_2 x2apic popcnt tsc_deadline_timer aes xsave avx f16c rdrand lahf_lm ida arat epb xsaveopt pln pts dtherm tpr_shadow vnmi flexpriority ept vpid fsgsbase smep erms
bogomips	: 4589.35
clflush size	: 64
cache_alignment	: 64
address sizes	: 36 bits physical, 48 bits virtual
power management:

processor	: 2
vendor_id	: GenuineIntel
cpu family	: 6
model		: 58
model name	: Intel(R) Core(TM) i7-3610QM CPU @ 2.30GHz
stepping	: 9
microcode	: 0x12
cpu MHz		: 2301.000
cache size	: 6144 KB
physical id	: 0
siblings	: 8
core id		: 1
cpu cores	: 4
apicid		: 2
initial apicid	: 2
fpu		: yes
fpu_exception	: yes
cpuid level	: 13
wp		: yes
flags		: fpu vme de pse tsc msr pae mce cx8 apic sep mtrr pge mca cmov pat pse36 clflush dts acpi mmx fxsr sse sse2 ss ht tm pbe syscall nx rdtscp lm constant_tsc arch_perfmon pebs bts rep_good nopl xtopology nonstop_tsc aperfmperf pni pclmulqdq dtes64 monitor ds_cpl vmx est tm2 ssse3 cx16 xtpr pdcm pcid sse4_1 sse4_2 x2apic popcnt tsc_deadline_timer aes xsave avx f16c rdrand lahf_lm ida arat epb xsaveopt pln pts dtherm tpr_shadow vnmi flexpriority ept vpid fsgsbase smep erms
bogomips	: 4589.37
clflush size	: 64
cache_alignment	: 64
address sizes	: 36 bits physical, 48 bits virtual
power management:

processor	: 3
vendor_id	: GenuineIntel
cpu family	: 6
model		: 58
model name	: Intel(R) Core(TM) i7-3610QM CPU @ 2.30GHz
stepping	: 9
microcode	: 0x12
cpu MHz		: 2301.000
cache size	: 6144 KB
physical id	: 0
siblings	: 8
core id		: 1
cpu cores	: 4
apicid		: 3
initial apicid	: 3
fpu		: yes
fpu_exception	: yes
cpuid level	: 13
wp		: yes
flags		: fpu vme de pse tsc msr pae mce cx8 apic sep mtrr pge mca cmov pat pse36 clflush dts acpi mmx fxsr sse sse2 ss ht tm pbe syscall nx rdtscp lm constant_tsc arch_perfmon pebs bts rep_good nopl xtopology nonstop_tsc aperfmperf pni pclmulqdq dtes64 monitor ds_cpl vmx est tm2 ssse3 cx16 xtpr pdcm pcid sse4_1 sse4_2 x2apic popcnt tsc_deadline_timer aes xsave avx f16c rdrand lahf_lm ida arat epb xsaveopt pln pts dtherm tpr_shadow vnmi flexpriority ept vpid fsgsbase smep erms
bogomips	: 4589.37
clflush size	: 64
cache_alignment	: 64
address sizes	: 36 bits physical, 48 bits virtual
power management:

processor	: 4
vendor_id	: GenuineIntel
cpu family	: 6
model		: 58
model name	: Intel(R) Core(TM) i7-3610QM CPU @ 2.30GHz
stepping	: 9
microcode	: 0x12
cpu MHz		: 2301.000
cache size	: 6144 KB
physical id	: 0
siblings	: 8
core id		: 2
cpu cores	: 4
apicid		: 4
initial apicid	: 4
fpu		: yes
fpu_exception	: yes
cpuid level	: 13
wp		: yes
flags		: fpu vme de pse tsc msr pae mce cx8 apic sep mtrr pge mca cmov pat pse36 clflush dts acpi mmx fxsr sse sse2 ss ht tm pbe syscall nx rdtscp lm constant_tsc arch_perfmon pebs bts rep_good nopl xtopology nonstop_tsc aperfmperf pni pclmulqdq dtes64 monitor ds_cpl vmx est tm2 ssse3 cx16 xtpr pdcm pcid sse4_1 sse4_2 x2apic popcnt tsc_deadline_timer aes xsave avx f16c rdrand lahf_lm ida arat epb xsaveopt pln pts dtherm tpr_shadow vnmi flexpriority ept vpid fsgsbase smep erms
bogomips	: 4589.37
clflush size	: 64
cache_alignment	: 64
address sizes	: 36 bits physical, 48 bits virtual
power management:

processor	: 5
vendor_id	: GenuineIntel
cpu family	: 6
model		: 58
model name	: Intel(R) Core(TM) i7-3610QM CPU @ 2.30GHz
stepping	: 9
microcode	: 0x12
cpu MHz		: 2301.000
cache size	: 6144 KB
physical id	: 0
siblings	: 8
core id		: 2
cpu cores	: 4
apicid		: 5
initial apicid	: 5
fpu		: yes
fpu_exception	: yes
cpuid level	: 13
wp		: yes
flags		: fpu vme de pse tsc msr pae mce cx8 apic sep mtrr pge mca cmov pat pse36 clflush dts acpi mmx fxsr sse sse2 ss ht tm pbe syscall nx rdtscp lm constant_tsc arch_perfmon pebs bts rep_good nopl xtopology nonstop_tsc aperfmperf pni pclmulqdq dtes64 monitor ds_cpl vmx est tm2 ssse3 cx16 xtpr pdcm pcid sse4_1 sse4_2 x2apic popcnt tsc_deadline_timer aes xsave avx f16c rdrand lahf_lm ida arat epb xsaveopt pln pts dtherm tpr_shadow vnmi flexpriority ept vpid fsgsbase smep erms
bogomips	: 4589.37
clflush size	: 64
cache_alignment	: 64
address sizes	: 36 bits physical, 48 bits virtual
power management:

processor	: 6
vendor_id	: GenuineIntel
cpu family	: 6
model		: 58
model name	: Intel(R) Core(TM) i7-3610QM CPU @ 2.30GHz
stepping	: 9
microcode	: 0x12
cpu MHz		: 2301.000
cache size	: 6144 KB
physical id	: 0
siblings	: 8
core id		: 3
cpu cores	: 4
apicid		: 6
initial apicid	: 6
fpu		: yes
fpu_exception	: yes
cpuid level	: 13
wp		: yes
flags		: fpu vme de pse tsc msr pae mce cx8 apic sep mtrr pge mca cmov pat pse36 clflush dts acpi mmx fxsr sse sse2 ss ht tm pbe syscall nx rdtscp lm constant_tsc arch_perfmon pebs bts rep_good nopl xtopology nonstop_tsc aperfmperf pni pclmulqdq dtes64 monitor ds_cpl vmx est tm2 ssse3 cx16 xtpr pdcm pcid sse4_1 sse4_2 x2apic popcnt tsc_deadline_timer aes xsave avx f16c rdrand lahf_lm ida arat epb xsaveopt pln pts dtherm tpr_shadow vnmi flexpriority ept vpid fsgsbase smep erms
bogomips	: 4589.37
clflush size	: 64
cache_alignment	: 64
address sizes	: 36 bits physical, 48 bits virtual
power management:

processor	: 7
vendor_id	: GenuineIntel
cpu family	: 6
model		: 58
model name	: Intel(R) Core(TM) i7-3610QM CPU @ 2.30GHz
stepping	: 9
microcode	: 0x12
cpu MHz		: 2301.000
cache size	: 6144 KB
physical id	: 0
siblings	: 8
core id		: 3
cpu cores	: 4
apicid		: 7
initial apicid	: 7
fpu		: yes
fpu_exception	: yes
cpuid level	: 13
wp		: yes
flags		: fpu vme de pse tsc msr pae mce cx8 apic sep mtrr pge mca cmov pat pse36 clflush dts acpi mmx fxsr sse sse2 ss ht tm pbe syscall nx rdtscp lm constant_tsc arch_perfmon pebs bts rep_good nopl xtopology nonstop_tsc aperfmperf pni pclmulqdq dtes64 monitor ds_cpl vmx est tm2 ssse3 cx16 xtpr pdcm pcid sse4_1 sse4_2 x2apic popcnt tsc_deadline_timer aes xsave avx f16c rdrand lahf_lm ida arat epb xsaveopt pln pts dtherm tpr_shadow vnmi flexpriority ept vpid fsgsbase smep erms
bogomips	: 4589.37
clflush size	: 64
cache_alignment	: 64
address sizes	: 36 bits physical, 48 bits virtual
power management:



Memory: 4k page, physical 16023348k(8368960k free), swap 62944092k(62944092k free)

vm_info: Java HotSpot(TM) 64-Bit Server VM (24.51-b03) for linux-amd64 JRE (1.7.0_51-b13), built on Dec 18 2013 18:48:01 by "java_re" with gcc 4.3.0 20080428 (Red Hat 4.3.0-8)

time: Tue Oct 14 16:14:05 2014
elapsed time: 1 seconds

