#
# A fatal error has been detected by the Java Runtime Environment:
#
#  SIGSEGV (0xb) at pc=0x00007f853e7f874b, pid=19277, tid=140210096568064
#
# JRE version: 6.0_26-b03
# Java VM: Java HotSpot(TM) 64-Bit Server VM (20.1-b02 mixed mode linux-amd64 compressed oops)
# Problematic frame:
# V  [libjvm.so+0x76074b]  PSPromotionManager::copy_to_survivor_space(oopDesc*)+0x5b
#
# If you would like to submit a bug report, please visit:
#   http://java.sun.com/webapps/bugreport/crash.jsp
#

---------------  T H R E A D  ---------------

Current thread (0x00007f853801c800):  GCTaskThread [stack: 0x00007f8534eff000,0x00007f8535000000] [id=19284]

siginfo:si_signo=SIGSEGV: si_errno=0, si_code=1 (SEGV_MAPERR), si_addr=0x0000000064976398

Registers:
RAX=0x0000000000000001, RBX=0x00007f853eb39ee0, RCX=0x0000000000000003, RDX=0x0000000064976380
RSP=0x00007f8534ffe5c0, RBP=0x00007f8534ffe630, RSI=0x00007f853eb1d530, RDI=0x0000000064976390
R8 =0x00007f853eb34f80, R9 =0x00007f84f4063060, R10=0x0000000000000000, R11=0x0000000000000001
R12=0x00007f8516f11330, R13=0x00000007e1925d8e, R14=0x0000000000000000, R15=0x00007f8534ffeb50
RIP=0x00007f853e7f874b, EFLAGS=0x0000000000010202, CSGSFS=0x0000000000000033, ERR=0x0000000000000004
  TRAPNO=0x000000000000000e

Top of Stack: (sp=0x00007f8534ffe5c0)
0x00007f8534ffe5c0:   00007f8534ffe5d0 00007f853e7fbad0
0x00007f8534ffe5d0:   00007f8534ffe5f0 00007f853e4d89b1
0x00007f8534ffe5e0:   00007f853806ac70 0000000000000000
0x00007f8534ffe5f0:   00007f8534ffe640 00007f853e79e026
0x00007f8534ffe600:   00007f8534ffe640 00007f8516f113a8
0x00007f8534ffe610:   00007f8534ffe7f0 00007f8534ffe820
0x00007f8534ffe620:   00007f8534ffe6b0 00007f8534ffeb50
0x00007f8534ffe630:   00007f8534ffe650 00007f853e7f9215
0x00007f8534ffe640:   00007f8534ffe770 00007f8534ffe6a0
0x00007f8534ffe650:   00007f8534ffe660 00007f853e7fbad0
0x00007f8534ffe660:   00007f8534ffe700 00007f853e79d38b
0x00007f8534ffe670:   0100000000000000 00007f8534ffe69c
0x00007f8534ffe680:   00007f84f4063040 00007f853ec70730
0x00007f8534ffe690:   00007f853e79d940 ffff0a8134ffe7f0
0x00007f8534ffe6a0:   00007f853801cf30 0000000100000007
0x00007f8534ffe6b0:   0a817f0100000001 000000010000ffff
0x00007f8534ffe6c0:   0a817f0000000002 000000000000ffff
0x00007f8534ffe6d0:   0000000000000000 00007f8534ffe7f0
0x00007f8534ffe6e0:   00007f8534ffe820 00007f8534ffeb30
0x00007f8534ffe6f0:   00007f8534ffeb50 00007f8534ffeb30
0x00007f8534ffe700:   00007f8534ffe710 00007f853e79d1e7
0x00007f8534ffe710:   00007f8534ffe770 00007f853e4d7cca
0x00007f8534ffe720:   00007f8534ffe740 00007f853e782528
0x00007f8534ffe730:   00007f853eb30730 00007f8534ffe7c0
0x00007f8534ffe740:   00007f8534ffe790 00007f853e4d9526
0x00007f8534ffe750:   00007f8534ffe7f0 0000000000000001
0x00007f8534ffe760:   00007f8534ffe820 00007f8534ffeb50
0x00007f8534ffe770:   00007f8534ffe7b0 00007f853e4d8432
0x00007f8534ffe780:   00007f8538112800 00007f8534ffe820
0x00007f8534ffe790:   00007f8534ffe7f0 00007f8534ffeb50
0x00007f8534ffe7a0:   00007f8538112800 00007f8534ffeb30
0x00007f8534ffe7b0:   00007f8534ffeb20 00007f853e8b3973 

Instructions: (pc=0x00007f853e7f874b)
0x00007f853e7f872b:   00 0f 84 06 07 00 00 48 8b 1d ff 90 46 00 41 8b
0x00007f853e7f873b:   54 24 08 8b 4b 08 48 d3 e2 48 03 13 48 8d 7a 10
0x00007f853e7f874b:   8b 5f 08 89 d8 c1 f8 03 85 db 0f 8e 7d 06 00 00
0x00007f853e7f875b:   45 89 ea 4c 63 f8 41 83 f2 01 41 83 e2 01 45 84 

Register to memory mapping:

RAX=0x0000000000000001 is an unknown value
RBX=0x00007f853eb39ee0: <offset 0xaa1ee0> in /home/lpxz/pool/jdk1.6.0_26/jre/lib/amd64/server/libjvm.so at 0x00007f853e098000
RCX=0x0000000000000003 is an unknown value
RDX=0x0000000064976380 is an unknown value
RSP=0x00007f8534ffe5c0 is an unknown value
RBP=0x00007f8534ffe630 is an unknown value
RSI=0x00007f853eb1d530: <offset 0xa85530> in /home/lpxz/pool/jdk1.6.0_26/jre/lib/amd64/server/libjvm.so at 0x00007f853e098000
RDI=0x0000000064976390 is an unknown value
R8 =0x00007f853eb34f80: <offset 0xa9cf80> in /home/lpxz/pool/jdk1.6.0_26/jre/lib/amd64/server/libjvm.so at 0x00007f853e098000
R9 =0x00007f84f4063060 is an unknown value
R10=0x0000000000000000 is an unknown value
R11=0x0000000000000001 is an unknown value
R12=0x00007f8516f11330 is pointing into the stack for thread: 0x00007f8538112800
R13=0x00000007e1925d8e is an unallocated location in the heap
R14=0x0000000000000000 is an unknown value
R15=0x00007f8534ffeb50 is an unknown value


Stack: [0x00007f8534eff000,0x00007f8535000000],  sp=0x00007f8534ffe5c0,  free space=1021k
Native frames: (J=compiled Java code, j=interpreted, Vv=VM code, C=native code)
V  [libjvm.so+0x76074b]  PSPromotionManager::copy_to_survivor_space(oopDesc*)+0x5b
V  [libjvm.so+0x761215]  void PSScavenge::copy_and_push_safe_barrier<oopDesc*>(PSPromotionManager*, oopDesc**)+0xb5
V  [libjvm.so+0x763ad0]  PSScavengeRootsClosure::do_oop(oopDesc**)+0x30
V  [libjvm.so+0x70538b]  OopMapSet::all_do(frame const*, RegisterMap const*, OopClosure*, void (*)(oopDesc**, oopDesc**), OopClosure*)+0x19b
V  [libjvm.so+0x7051e7]  OopMapSet::oops_do(frame const*, RegisterMap const*, OopClosure*)+0x17
V  [libjvm.so+0x43fcca]  frame::oops_code_blob_do(OopClosure*, CodeBlobClosure*, RegisterMap const*)+0x3a
V  [libjvm.so+0x440432]  frame::oops_do_internal(OopClosure*, CodeBlobClosure*, RegisterMap*, bool)+0x82
V  [libjvm.so+0x81b973]  JavaThread::oops_do(OopClosure*, CodeBlobClosure*)+0x1d3
V  [libjvm.so+0x76377d]  ThreadRootsTask::do_it(GCTaskManager*, unsigned)+0xad
V  [libjvm.so+0x466efa]  GCTaskThread::run()+0x16a
V  [libjvm.so+0x710adf]  java_start(Thread*)+0x13f

JavaThread 0x00007f8538112800 (nid = 19300) was being processed
Java frames: (J=compiled Java code, j=interpreted, Vv=VM code)
j  java.util.Arrays.copyOf([Ljava/lang/Object;ILjava/lang/Class;)[Ljava/lang/Object;+8
j  java.util.Arrays.copyOf([Ljava/lang/Object;I)[Ljava/lang/Object;+6
J  edu.hkust.leap.monitor.RecordMonitor.accessSPE(IJZ)V
J  edu.hkust.leap.monitor.RecordMonitor.readBeforeInstance(Ljava/lang/Object;IJLjava/lang/String;ILjava/lang/Object;)V
J  spec.jbb.Order.processLines(Lspec/jbb/Warehouse;SZ)Z
j  spec.jbb.NewOrderTransaction.process()Z+183
j  spec.jbb.TransactionManager.runTxn(Lspec/jbb/Transaction;JJD)J+36
j  spec.jbb.TransactionManager.goManual(ILspec/jbb/TimerData;)J+141
j  spec.jbb.TransactionManager.go()V+437
j  spec.jbb.JBBmain.run()V+127
j  java.lang.Thread.run()V+11
v  ~StubRoutines::call_stub

---------------  P R O C E S S  ---------------

Java Threads: ( => current thread )
  0x00007f8538113800 JavaThread "Thread-2" [_thread_blocked, id=19301, stack(0x00007f8516d11000,0x00007f8516e12000)]
  0x00007f8538112800 JavaThread "Thread-1" [_thread_blocked, id=19300, stack(0x00007f8516e12000,0x00007f8516f13000)]
  0x00007f8538099800 JavaThread "Low Memory Detector" daemon [_thread_blocked, id=19297, stack(0x00007f8517014000,0x00007f8517115000)]
  0x00007f8538097000 JavaThread "C2 CompilerThread1" daemon [_thread_blocked, id=19296, stack(0x00007f8517115000,0x00007f8517216000)]
  0x00007f8538094800 JavaThread "C2 CompilerThread0" daemon [_thread_blocked, id=19295, stack(0x00007f8517216000,0x00007f8517317000)]
  0x00007f8538092000 JavaThread "Signal Dispatcher" daemon [_thread_blocked, id=19294, stack(0x00007f8517317000,0x00007f8517418000)]
  0x00007f8538076000 JavaThread "Finalizer" daemon [_thread_blocked, id=19293, stack(0x00007f8517afb000,0x00007f8517bfc000)]
  0x00007f8538074000 JavaThread "Reference Handler" daemon [_thread_blocked, id=19292, stack(0x00007f8517bfc000,0x00007f8517cfd000)]
  0x00007f8538007800 JavaThread "main" [_thread_blocked, id=19282, stack(0x00007f853dc9b000,0x00007f853dd9c000)]

Other Threads:
  0x00007f853806d000 VMThread [stack: 0x00007f8517cfd000,0x00007f8517dfe000] [id=19291]
  0x00007f85380ac000 WatcherThread [stack: 0x00007f8516f13000,0x00007f8517014000] [id=19298]

=>0x00007f853801c800 (exited) GCTaskThread [stack: 0x00007f8534eff000,0x00007f8535000000] [id=19284]

VM state:at safepoint (normal execution)

VM Mutex/Monitor currently owned by a thread:  ([mutex/lock_event])
[0x00007f8538004830] Threads_lock - owner thread: 0x00007f853806d000
[0x00007f8538004d30] Heap_lock - owner thread: 0x00007f8538112800

Heap
 PSYoungGen      total 73024K, used 72930K [0x00000007ae800000, 0x00000007b76a0000, 0x0000000800000000)
  eden space 62592K, 99% used [0x00000007ae800000,0x00000007b2510b98,0x00000007b2520000)
  from space 10432K, 99% used [0x00000007b2520000,0x00000007b2f48010,0x00000007b2f50000)
  to   space 10432K, 99% used [0x00000007b6c70000,0x00000007b769f170,0x00000007b76a0000)
 PSOldGen        total 166912K, used 87160K [0x000000070b800000, 0x0000000715b00000, 0x00000007ae800000)
  object space 166912K, 52% used [0x000000070b800000,0x0000000710d1e2a0,0x0000000715b00000)
 PSPermGen       total 21248K, used 6286K [0x0000000706600000, 0x0000000707ac0000, 0x000000070b800000)
  object space 21248K, 29% used [0x0000000706600000,0x0000000706c238b8,0x0000000707ac0000)

Code Cache  [0x00007f8535000000, 0x00007f8535270000, 0x00007f8538000000)
 total_blobs=423 nmethods=178 adapters=199 free_code_cache=49527168 largest_free_block=6464

Dynamic libraries:
40000000-40009000 r-xp 00000000 08:08 11159973                           /home/lpxz/pool/jdk1.6.0_26/jre/bin/java
40108000-4010a000 rwxp 00008000 08:08 11159973                           /home/lpxz/pool/jdk1.6.0_26/jre/bin/java
418fe000-4191f000 rwxp 00000000 00:00 0                                  [heap]
706600000-707ac0000 rwxp 00000000 00:00 0 
707ac0000-70b800000 rwxp 00000000 00:00 0 
70b800000-715b00000 rwxp 00000000 00:00 0 
715b00000-7ae800000 rwxp 00000000 00:00 0 
7ae800000-7b76a0000 rwxp 00000000 00:00 0 
7b76a0000-800000000 rwxp 00000000 00:00 0 
7f84e4000000-7f84e4021000 rwxp 00000000 00:00 0 
7f84e4021000-7f84e8000000 ---p 00000000 00:00 0 
7f84ec000000-7f84ec021000 rwxp 00000000 00:00 0 
7f84ec021000-7f84f0000000 ---p 00000000 00:00 0 
7f84f0000000-7f84f0021000 rwxp 00000000 00:00 0 
7f84f0021000-7f84f4000000 ---p 00000000 00:00 0 
7f84f4000000-7f84f4b1d000 rwxp 00000000 00:00 0 
7f84f4b1d000-7f84f8000000 ---p 00000000 00:00 0 
7f84f8000000-7f84f8021000 rwxp 00000000 00:00 0 
7f84f8021000-7f84fc000000 ---p 00000000 00:00 0 
7f84fc000000-7f84fc021000 rwxp 00000000 00:00 0 
7f84fc021000-7f8500000000 ---p 00000000 00:00 0 
7f8500000000-7f850084d000 rwxp 00000000 00:00 0 
7f850084d000-7f8504000000 ---p 00000000 00:00 0 
7f8504000000-7f8504021000 rwxp 00000000 00:00 0 
7f8504021000-7f8508000000 ---p 00000000 00:00 0 
7f8508000000-7f8508021000 rwxp 00000000 00:00 0 
7f8508021000-7f850c000000 ---p 00000000 00:00 0 
7f850c000000-7f850c021000 rwxp 00000000 00:00 0 
7f850c021000-7f8510000000 ---p 00000000 00:00 0 
7f8510000000-7f8510021000 rwxp 00000000 00:00 0 
7f8510021000-7f8514000000 ---p 00000000 00:00 0 
7f8516d11000-7f8516d14000 ---p 00000000 00:00 0 
7f8516d14000-7f8516e12000 rwxp 00000000 00:00 0 
7f8516e12000-7f8516e15000 ---p 00000000 00:00 0 
7f8516e15000-7f8516f13000 rwxp 00000000 00:00 0 
7f8516f13000-7f8516f14000 ---p 00000000 00:00 0 
7f8516f14000-7f8517014000 rwxp 00000000 00:00 0 
7f8517014000-7f8517017000 ---p 00000000 00:00 0 
7f8517017000-7f8517115000 rwxp 00000000 00:00 0 
7f8517115000-7f8517118000 ---p 00000000 00:00 0 
7f8517118000-7f8517216000 rwxp 00000000 00:00 0 
7f8517216000-7f8517219000 ---p 00000000 00:00 0 
7f8517219000-7f8517317000 rwxp 00000000 00:00 0 
7f8517317000-7f851731a000 ---p 00000000 00:00 0 
7f851731a000-7f8517418000 rwxp 00000000 00:00 0 
7f8517418000-7f8517afb000 r-xp 00000000 08:08 6297920                    /usr/lib/locale/locale-archive
7f8517afb000-7f8517afe000 ---p 00000000 00:00 0 
7f8517afe000-7f8517bfc000 rwxp 00000000 00:00 0 
7f8517bfc000-7f8517bff000 ---p 00000000 00:00 0 
7f8517bff000-7f8517cfd000 rwxp 00000000 00:00 0 
7f8517cfd000-7f8517cfe000 ---p 00000000 00:00 0 
7f8517cfe000-7f8518000000 rwxp 00000000 00:00 0 
7f8518000000-7f8518021000 rwxp 00000000 00:00 0 
7f8518021000-7f851c000000 ---p 00000000 00:00 0 
7f851c000000-7f851c021000 rwxp 00000000 00:00 0 
7f851c021000-7f8520000000 ---p 00000000 00:00 0 
7f8520000000-7f8520021000 rwxp 00000000 00:00 0 
7f8520021000-7f8524000000 ---p 00000000 00:00 0 
7f8524000000-7f8524021000 rwxp 00000000 00:00 0 
7f8524021000-7f8528000000 ---p 00000000 00:00 0 
7f8528000000-7f8528021000 rwxp 00000000 00:00 0 
7f8528021000-7f852c000000 ---p 00000000 00:00 0 
7f852c000000-7f852c021000 rwxp 00000000 00:00 0 
7f852c021000-7f8530000000 ---p 00000000 00:00 0 
7f8530000000-7f8530021000 rwxp 00000000 00:00 0 
7f8530021000-7f8534000000 ---p 00000000 00:00 0 
7f853405a000-7f8534761000 rwxp 00000000 00:00 0 
7f8534761000-7f85348f9000 r-xs 03029000 08:08 11160400                   /home/lpxz/pool/jdk1.6.0_26/jre/lib/rt.jar
7f85348f9000-7f85348fa000 ---p 00000000 00:00 0 
7f85348fa000-7f85349fa000 rwxp 00000000 00:00 0 
7f85349fa000-7f85349fb000 ---p 00000000 00:00 0 
7f85349fb000-7f8534afb000 rwxp 00000000 00:00 0 
7f8534afb000-7f8534afc000 ---p 00000000 00:00 0 
7f8534afc000-7f8534bfc000 rwxp 00000000 00:00 0 
7f8534bfc000-7f8534bfd000 ---p 00000000 00:00 0 
7f8534bfd000-7f8534cfd000 rwxp 00000000 00:00 0 
7f8534cfd000-7f8534cfe000 ---p 00000000 00:00 0 
7f8534cfe000-7f8534dfe000 rwxp 00000000 00:00 0 
7f8534dfe000-7f8534dff000 ---p 00000000 00:00 0 
7f8534dff000-7f8534eff000 rwxp 00000000 00:00 0 
7f8534eff000-7f8534f00000 ---p 00000000 00:00 0 
7f8534f00000-7f8535270000 rwxp 00000000 00:00 0 
7f8535270000-7f8538142000 rwxp 00000000 00:00 0 
7f8538142000-7f853c000000 ---p 00000000 00:00 0 
7f853c099000-7f853c0f5000 rwxp 00000000 00:00 0 
7f853c0f5000-7f853c0f6000 ---p 00000000 00:00 0 
7f853c0f6000-7f853c201000 rwxp 00000000 00:00 0 
7f853c201000-7f853c21f000 rwxp 00000000 00:00 0 
7f853c21f000-7f853c271000 rwxp 00000000 00:00 0 
7f853c271000-7f853c737000 rwxp 00000000 00:00 0 
7f853c737000-7f853c742000 rwxp 00000000 00:00 0 
7f853c742000-7f853c760000 rwxp 00000000 00:00 0 
7f853c760000-7f853c7b2000 rwxp 00000000 00:00 0 
7f853c7b2000-7f853cc78000 rwxp 00000000 00:00 0 
7f853cc78000-7f853ccc0000 rwxp 00000000 00:00 0 
7f853ccc0000-7f853cf04000 rwxp 00000000 00:00 0 
7f853cf04000-7f853cf05000 rwxp 00000000 00:00 0 
7f853cf05000-7f853cf13000 r-xp 00000000 08:08 11292423                   /home/lpxz/pool/jdk1.6.0_26/jre/lib/amd64/libzip.so
7f853cf13000-7f853d015000 ---p 0000e000 08:08 11292423                   /home/lpxz/pool/jdk1.6.0_26/jre/lib/amd64/libzip.so
7f853d015000-7f853d018000 rwxp 00010000 08:08 11292423                   /home/lpxz/pool/jdk1.6.0_26/jre/lib/amd64/libzip.so
7f853d018000-7f853d019000 rwxp 00000000 00:00 0 
7f853d019000-7f853d025000 r-xp 00000000 08:08 12594830                   /lib/x86_64-linux-gnu/libnss_files-2.15.so
7f853d025000-7f853d224000 ---p 0000c000 08:08 12594830                   /lib/x86_64-linux-gnu/libnss_files-2.15.so
7f853d224000-7f853d225000 r-xp 0000b000 08:08 12594830                   /lib/x86_64-linux-gnu/libnss_files-2.15.so
7f853d225000-7f853d226000 rwxp 0000c000 08:08 12594830                   /lib/x86_64-linux-gnu/libnss_files-2.15.so
7f853d226000-7f853d230000 r-xp 00000000 08:08 12594834                   /lib/x86_64-linux-gnu/libnss_nis-2.15.so
7f853d230000-7f853d430000 ---p 0000a000 08:08 12594834                   /lib/x86_64-linux-gnu/libnss_nis-2.15.so
7f853d430000-7f853d431000 r-xp 0000a000 08:08 12594834                   /lib/x86_64-linux-gnu/libnss_nis-2.15.so
7f853d431000-7f853d432000 rwxp 0000b000 08:08 12594834                   /lib/x86_64-linux-gnu/libnss_nis-2.15.so
7f853d432000-7f853d43a000 r-xp 00000000 08:08 12594828                   /lib/x86_64-linux-gnu/libnss_compat-2.15.so
7f853d43a000-7f853d639000 ---p 00008000 08:08 12594828                   /lib/x86_64-linux-gnu/libnss_compat-2.15.so
7f853d639000-7f853d63a000 r-xp 00007000 08:08 12594828                   /lib/x86_64-linux-gnu/libnss_compat-2.15.so
7f853d63a000-7f853d63b000 rwxp 00008000 08:08 12594828                   /lib/x86_64-linux-gnu/libnss_compat-2.15.so
7f853d63b000-7f853d652000 r-xp 00000000 08:08 12594846                   /lib/x86_64-linux-gnu/libnsl-2.15.so
7f853d652000-7f853d851000 ---p 00017000 08:08 12594846                   /lib/x86_64-linux-gnu/libnsl-2.15.so
7f853d851000-7f853d852000 r-xp 00016000 08:08 12594846                   /lib/x86_64-linux-gnu/libnsl-2.15.so
7f853d852000-7f853d853000 rwxp 00017000 08:08 12594846                   /lib/x86_64-linux-gnu/libnsl-2.15.so
7f853d853000-7f853d855000 rwxp 00000000 00:00 0 
7f853d855000-7f853d87e000 r-xp 00000000 08:08 11292436                   /home/lpxz/pool/jdk1.6.0_26/jre/lib/amd64/libjava.so
7f853d87e000-7f853d97d000 ---p 00029000 08:08 11292436                   /home/lpxz/pool/jdk1.6.0_26/jre/lib/amd64/libjava.so
7f853d97d000-7f853d984000 rwxp 00028000 08:08 11292436                   /home/lpxz/pool/jdk1.6.0_26/jre/lib/amd64/libjava.so
7f853d984000-7f853d991000 r-xp 00000000 08:08 11292418                   /home/lpxz/pool/jdk1.6.0_26/jre/lib/amd64/libverify.so
7f853d991000-7f853da90000 ---p 0000d000 08:08 11292418                   /home/lpxz/pool/jdk1.6.0_26/jre/lib/amd64/libverify.so
7f853da90000-7f853da93000 rwxp 0000c000 08:08 11292418                   /home/lpxz/pool/jdk1.6.0_26/jre/lib/amd64/libverify.so
7f853da93000-7f853da9a000 r-xp 00000000 08:08 12594833                   /lib/x86_64-linux-gnu/librt-2.15.so
7f853da9a000-7f853dc99000 ---p 00007000 08:08 12594833                   /lib/x86_64-linux-gnu/librt-2.15.so
7f853dc99000-7f853dc9a000 r-xp 00006000 08:08 12594833                   /lib/x86_64-linux-gnu/librt-2.15.so
7f853dc9a000-7f853dc9b000 rwxp 00007000 08:08 12594833                   /lib/x86_64-linux-gnu/librt-2.15.so
7f853dc9b000-7f853dc9e000 ---p 00000000 00:00 0 
7f853dc9e000-7f853dd9c000 rwxp 00000000 00:00 0 
7f853dd9c000-7f853de97000 r-xp 00000000 08:08 12594837                   /lib/x86_64-linux-gnu/libm-2.15.so
7f853de97000-7f853e096000 ---p 000fb000 08:08 12594837                   /lib/x86_64-linux-gnu/libm-2.15.so
7f853e096000-7f853e097000 r-xp 000fa000 08:08 12594837                   /lib/x86_64-linux-gnu/libm-2.15.so
7f853e097000-7f853e098000 rwxp 000fb000 08:08 12594837                   /lib/x86_64-linux-gnu/libm-2.15.so
7f853e098000-7f853e9b2000 r-xp 00000000 08:08 11292443                   /home/lpxz/pool/jdk1.6.0_26/jre/lib/amd64/server/libjvm.so
7f853e9b2000-7f853eab4000 ---p 0091a000 08:08 11292443                   /home/lpxz/pool/jdk1.6.0_26/jre/lib/amd64/server/libjvm.so
7f853eab4000-7f853ec69000 rwxp 0091c000 08:08 11292443                   /home/lpxz/pool/jdk1.6.0_26/jre/lib/amd64/server/libjvm.so
7f853ec69000-7f853eca3000 rwxp 00000000 00:00 0 
7f853eca3000-7f853ee58000 r-xp 00000000 08:08 12594826                   /lib/x86_64-linux-gnu/libc-2.15.so
7f853ee58000-7f853f058000 ---p 001b5000 08:08 12594826                   /lib/x86_64-linux-gnu/libc-2.15.so
7f853f058000-7f853f05c000 r-xp 001b5000 08:08 12594826                   /lib/x86_64-linux-gnu/libc-2.15.so
7f853f05c000-7f853f05e000 rwxp 001b9000 08:08 12594826                   /lib/x86_64-linux-gnu/libc-2.15.so
7f853f05e000-7f853f063000 rwxp 00000000 00:00 0 
7f853f063000-7f853f065000 r-xp 00000000 08:08 12594841                   /lib/x86_64-linux-gnu/libdl-2.15.so
7f853f065000-7f853f265000 ---p 00002000 08:08 12594841                   /lib/x86_64-linux-gnu/libdl-2.15.so
7f853f265000-7f853f266000 r-xp 00002000 08:08 12594841                   /lib/x86_64-linux-gnu/libdl-2.15.so
7f853f266000-7f853f267000 rwxp 00003000 08:08 12594841                   /lib/x86_64-linux-gnu/libdl-2.15.so
7f853f267000-7f853f27f000 r-xp 00000000 08:08 12594835                   /lib/x86_64-linux-gnu/libpthread-2.15.so
7f853f27f000-7f853f47e000 ---p 00018000 08:08 12594835                   /lib/x86_64-linux-gnu/libpthread-2.15.so
7f853f47e000-7f853f47f000 r-xp 00017000 08:08 12594835                   /lib/x86_64-linux-gnu/libpthread-2.15.so
7f853f47f000-7f853f480000 rwxp 00018000 08:08 12594835                   /lib/x86_64-linux-gnu/libpthread-2.15.so
7f853f480000-7f853f484000 rwxp 00000000 00:00 0 
7f853f484000-7f853f4a6000 r-xp 00000000 08:08 12594838                   /lib/x86_64-linux-gnu/ld-2.15.so
7f853f4ae000-7f853f4ba000 r-xs 000da000 08:08 4477681                    /home/lpxz/eclipse/workspacePA_icse/soot-One/lib/polyglotclasses-1.3.5.jar
7f853f4ba000-7f853f4c4000 rwxp 00000000 00:00 0 
7f853f4c4000-7f853f57a000 rwxp 00000000 00:00 0 
7f853f57a000-7f853f57d000 rwxp 00000000 00:00 0 
7f853f57d000-7f853f584000 r-xp 00000000 08:08 11292408                   /home/lpxz/pool/jdk1.6.0_26/jre/lib/amd64/jli/libjli.so
7f853f584000-7f853f685000 ---p 00007000 08:08 11292408                   /home/lpxz/pool/jdk1.6.0_26/jre/lib/amd64/jli/libjli.so
7f853f685000-7f853f687000 rwxp 00008000 08:08 11292408                   /home/lpxz/pool/jdk1.6.0_26/jre/lib/amd64/jli/libjli.so
7f853f687000-7f853f688000 rwxp 00000000 00:00 0 
7f853f693000-7f853f696000 r-xs 0002b000 08:08 4477682                    /home/lpxz/eclipse/workspacePA_icse/soot-One/lib/jasminclasses-2.5.0.jar
7f853f696000-7f853f69a000 r-xs 000cb000 08:08 11292490                   /home/lpxz/pool/jdk1.6.0_26/jre/lib/ext/localedata.jar
7f853f69a000-7f853f6a2000 rwxs 00000000 08:08 5004839                    /tmp/hsperfdata_lpxz/19277
7f853f6a2000-7f853f6a3000 rwxp 00000000 00:00 0 
7f853f6a3000-7f853f6a4000 ---p 00000000 00:00 0 
7f853f6a4000-7f853f6a6000 rwxp 00000000 00:00 0 
7f853f6a6000-7f853f6a7000 r-xp 00022000 08:08 12594838                   /lib/x86_64-linux-gnu/ld-2.15.so
7f853f6a7000-7f853f6a9000 rwxp 00023000 08:08 12594838                   /lib/x86_64-linux-gnu/ld-2.15.so
7fff4450f000-7fff44530000 rwxp 00000000 00:00 0                          [stack]
7fff445ff000-7fff44600000 r-xp 00000000 00:00 0                          [vdso]
ffffffffff600000-ffffffffff601000 r-xp 00000000 00:00 0                  [vsyscall]

VM Arguments:
jvm_args: -Xverify:none -Dfile.encoding=UTF-8 
java_command: edu.hkust.leap.record.RecordMain 1000 spec.jbb.JBBmain
Launcher Type: SUN_STANDARD

Environment Variables:
PATH=/usr/local/sbin:/usr/local/bin:/usr/sbin:/usr/bin:/sbin:/bin:/usr/games
LD_LIBRARY_PATH=/home/lpxz/pool/jdk1.6.0_26/jre/lib/amd64/server:/home/lpxz/pool/jdk1.6.0_26/jre/lib/amd64:/home/lpxz/pool/jdk1.6.0_26/jre/../lib/amd64:/usr/lib/jvm/java-6-openjdk-amd64/jre/lib/amd64/server:/usr/lib/jvm/java-6-openjdk-amd64/jre/lib/amd64:/usr/lib/jvm/java-6-openjdk-amd64/jre/../lib/amd64
SHELL=/bin/bash
DISPLAY=:0

Signal Handlers:
SIGSEGV: [libjvm.so+0x85f800], sa_mask[0]=0x7ffbfeff, sa_flags=0x10000004
SIGBUS: [libjvm.so+0x85f800], sa_mask[0]=0x7ffbfeff, sa_flags=0x10000004
SIGFPE: [libjvm.so+0x70e300], sa_mask[0]=0x7ffbfeff, sa_flags=0x10000004
SIGPIPE: [libjvm.so+0x70e300], sa_mask[0]=0x7ffbfeff, sa_flags=0x10000004
SIGXFSZ: [libjvm.so+0x70e300], sa_mask[0]=0x7ffbfeff, sa_flags=0x10000004
SIGILL: [libjvm.so+0x70e300], sa_mask[0]=0x7ffbfeff, sa_flags=0x10000004
SIGUSR1: SIG_DFL, sa_mask[0]=0x00000000, sa_flags=0x00000000
SIGUSR2: [libjvm.so+0x711110], sa_mask[0]=0x00000004, sa_flags=0x10000004
SIGHUP: [libjvm.so+0x710d10], sa_mask[0]=0x7ffbfeff, sa_flags=0x10000004
SIGINT: [libjvm.so+0x710d10], sa_mask[0]=0x7ffbfeff, sa_flags=0x10000004
SIGTERM: [libjvm.so+0x710d10], sa_mask[0]=0x7ffbfeff, sa_flags=0x10000004
SIGQUIT: [libjvm.so+0x710d10], sa_mask[0]=0x7ffbfeff, sa_flags=0x10000004


---------------  S Y S T E M  ---------------

OS:wheezy/sid

uname:Linux 3.2.0-29-generic #46-Ubuntu SMP Fri Jul 27 17:03:23 UTC 2012 x86_64
libc:glibc 2.15 NPTL 2.15 
rlimit: STACK 8192k, CORE 0k, NPROC 125044, NOFILE 4096, AS infinity
load average:0.52 0.93 0.83

/proc/meminfo:
MemTotal:       16023348 kB
MemFree:         4278060 kB
Buffers:          769428 kB
Cached:          3761572 kB
SwapCached:            0 kB
Active:          8177248 kB
Inactive:        2285940 kB
Active(anon):    5967876 kB
Inactive(anon):   202192 kB
Active(file):    2209372 kB
Inactive(file):  2083748 kB
Unevictable:           0 kB
Mlocked:               0 kB
SwapTotal:      62944092 kB
SwapFree:       62944092 kB
Dirty:              1884 kB
Writeback:             0 kB
AnonPages:       5932532 kB
Mapped:           289904 kB
Shmem:            237628 kB
Slab:             967892 kB
SReclaimable:     907928 kB
SUnreclaim:        59964 kB
KernelStack:        5736 kB
PageTables:        54100 kB
NFS_Unstable:          0 kB
Bounce:                0 kB
WritebackTmp:          0 kB
CommitLimit:    70955764 kB
Committed_AS:    9689432 kB
VmallocTotal:   34359738367 kB
VmallocUsed:      401588 kB
VmallocChunk:   34359261264 kB
HardwareCorrupted:     0 kB
AnonHugePages:         0 kB
HugePages_Total:       0
HugePages_Free:        0
HugePages_Rsvd:        0
HugePages_Surp:        0
Hugepagesize:       2048 kB
DirectMap4k:       97792 kB
DirectMap2M:    16265216 kB


CPU:total 8 (4 cores per cpu, 2 threads per core) family 6 model 58 stepping 9, cmov, cx8, fxsr, mmx, sse, sse2, sse3, ssse3, sse4.1, sse4.2, popcnt, ht

/proc/cpuinfo:
processor	: 0
vendor_id	: GenuineIntel
cpu family	: 6
model		: 58
model name	: Intel(R) Core(TM) i7-3610QM CPU @ 2.30GHz
stepping	: 9
microcode	: 0x12
cpu MHz		: 2301.000
cache size	: 6144 KB
physical id	: 0
siblings	: 8
core id		: 0
cpu cores	: 4
apicid		: 0
initial apicid	: 0
fpu		: yes
fpu_exception	: yes
cpuid level	: 13
wp		: yes
flags		: fpu vme de pse tsc msr pae mce cx8 apic sep mtrr pge mca cmov pat pse36 clflush dts acpi mmx fxsr sse sse2 ss ht tm pbe syscall nx rdtscp lm constant_tsc arch_perfmon pebs bts rep_good nopl xtopology nonstop_tsc aperfmperf pni pclmulqdq dtes64 monitor ds_cpl vmx est tm2 ssse3 cx16 xtpr pdcm pcid sse4_1 sse4_2 x2apic popcnt tsc_deadline_timer aes xsave avx f16c rdrand lahf_lm ida arat epb xsaveopt pln pts dtherm tpr_shadow vnmi flexpriority ept vpid fsgsbase smep erms
bogomips	: 4589.74
clflush size	: 64
cache_alignment	: 64
address sizes	: 36 bits physical, 48 bits virtual
power management:

processor	: 1
vendor_id	: GenuineIntel
cpu family	: 6
model		: 58
model name	: Intel(R) Core(TM) i7-3610QM CPU @ 2.30GHz
stepping	: 9
microcode	: 0x12
cpu MHz		: 2301.000
cache size	: 6144 KB
physical id	: 0
siblings	: 8
core id		: 0
cpu cores	: 4
apicid		: 1
initial apicid	: 1
fpu		: yes
fpu_exception	: yes
cpuid level	: 13
wp		: yes
flags		: fpu vme de pse tsc msr pae mce cx8 apic sep mtrr pge mca cmov pat pse36 clflush dts acpi mmx fxsr sse sse2 ss ht tm pbe syscall nx rdtscp lm constant_tsc arch_perfmon pebs bts rep_good nopl xtopology nonstop_tsc aperfmperf pni pclmulqdq dtes64 monitor ds_cpl vmx est tm2 ssse3 cx16 xtpr pdcm pcid sse4_1 sse4_2 x2apic popcnt tsc_deadline_timer aes xsave avx f16c rdrand lahf_lm ida arat epb xsaveopt pln pts dtherm tpr_shadow vnmi flexpriority ept vpid fsgsbase smep erms
bogomips	: 4589.36
clflush size	: 64
cache_alignment	: 64
address sizes	: 36 bits physical, 48 bits virtual
power management:

processor	: 2
vendor_id	: GenuineIntel
cpu family	: 6
model		: 58
model name	: Intel(R) Core(TM) i7-3610QM CPU @ 2.30GHz
stepping	: 9
microcode	: 0x12
cpu MHz		: 2301.000
cache size	: 6144 KB
physical id	: 0
siblings	: 8
core id		: 1
cpu cores	: 4
apicid		: 2
initial apicid	: 2
fpu		: yes
fpu_exception	: yes
cpuid level	: 13
wp		: yes
flags		: fpu vme de pse tsc msr pae mce cx8 apic sep mtrr pge mca cmov pat pse36 clflush dts acpi mmx fxsr sse sse2 ss ht tm pbe syscall nx rdtscp lm constant_tsc arch_perfmon pebs bts rep_good nopl xtopology nonstop_tsc aperfmperf pni pclmulqdq dtes64 monitor ds_cpl vmx est tm2 ssse3 cx16 xtpr pdcm pcid sse4_1 sse4_2 x2apic popcnt tsc_deadline_timer aes xsave avx f16c rdrand lahf_lm ida arat epb xsaveopt pln pts dtherm tpr_shadow vnmi flexpriority ept vpid fsgsbase smep erms
bogomips	: 4589.36
clflush size	: 64
cache_alignment	: 64
address sizes	: 36 bits physical, 48 bits virtual
power management:

processor	: 3
vendor_id	: GenuineIntel
cpu family	: 6
model		: 58
model name	: Intel(R) Core(TM) i7-3610QM CPU @ 2.30GHz
stepping	: 9
microcode	: 0x12
cpu MHz		: 2301.000
cache size	: 6144 KB
physical id	: 0
siblings	: 8
core id		: 1
cpu cores	: 4
apicid		: 3
initial apicid	: 3
fpu		: yes
fpu_exception	: yes
cpuid level	: 13
wp		: yes
flags		: fpu vme de pse tsc msr pae mce cx8 apic sep mtrr pge mca cmov pat pse36 clflush dts acpi mmx fxsr sse sse2 ss ht tm pbe syscall nx rdtscp lm constant_tsc arch_perfmon pebs bts rep_good nopl xtopology nonstop_tsc aperfmperf pni pclmulqdq dtes64 monitor ds_cpl vmx est tm2 ssse3 cx16 xtpr pdcm pcid sse4_1 sse4_2 x2apic popcnt tsc_deadline_timer aes xsave avx f16c rdrand lahf_lm ida arat epb xsaveopt pln pts dtherm tpr_shadow vnmi flexpriority ept vpid fsgsbase smep erms
bogomips	: 4589.37
clflush size	: 64
cache_alignment	: 64
address sizes	: 36 bits physical, 48 bits virtual
power management:

processor	: 4
vendor_id	: GenuineIntel
cpu family	: 6
model		: 58
model name	: Intel(R) Core(TM) i7-3610QM CPU @ 2.30GHz
stepping	: 9
microcode	: 0x12
cpu MHz		: 2301.000
cache size	: 6144 KB
physical id	: 0
siblings	: 8
core id		: 2
cpu cores	: 4
apicid		: 4
initial apicid	: 4
fpu		: yes
fpu_exception	: yes
cpuid level	: 13
wp		: yes
flags		: fpu vme de pse tsc msr pae mce cx8 apic sep mtrr pge mca cmov pat pse36 clflush dts acpi mmx fxsr sse sse2 ss ht tm pbe syscall nx rdtscp lm constant_tsc arch_perfmon pebs bts rep_good nopl xtopology nonstop_tsc aperfmperf pni pclmulqdq dtes64 monitor ds_cpl vmx est tm2 ssse3 cx16 xtpr pdcm pcid sse4_1 sse4_2 x2apic popcnt tsc_deadline_timer aes xsave avx f16c rdrand lahf_lm ida arat epb xsaveopt pln pts dtherm tpr_shadow vnmi flexpriority ept vpid fsgsbase smep erms
bogomips	: 4589.37
clflush size	: 64
cache_alignment	: 64
address sizes	: 36 bits physical, 48 bits virtual
power management:

processor	: 5
vendor_id	: GenuineIntel
cpu family	: 6
model		: 58
model name	: Intel(R) Core(TM) i7-3610QM CPU @ 2.30GHz
stepping	: 9
microcode	: 0x12
cpu MHz		: 2301.000
cache size	: 6144 KB
physical id	: 0
siblings	: 8
core id		: 2
cpu cores	: 4
apicid		: 5
initial apicid	: 5
fpu		: yes
fpu_exception	: yes
cpuid level	: 13
wp		: yes
flags		: fpu vme de pse tsc msr pae mce cx8 apic sep mtrr pge mca cmov pat pse36 clflush dts acpi mmx fxsr sse sse2 ss ht tm pbe syscall nx rdtscp lm constant_tsc arch_perfmon pebs bts rep_good nopl xtopology nonstop_tsc aperfmperf pni pclmulqdq dtes64 monitor ds_cpl vmx est tm2 ssse3 cx16 xtpr pdcm pcid sse4_1 sse4_2 x2apic popcnt tsc_deadline_timer aes xsave avx f16c rdrand lahf_lm ida arat epb xsaveopt pln pts dtherm tpr_shadow vnmi flexpriority ept vpid fsgsbase smep erms
bogomips	: 4589.36
clflush size	: 64
cache_alignment	: 64
address sizes	: 36 bits physical, 48 bits virtual
power management:

processor	: 6
vendor_id	: GenuineIntel
cpu family	: 6
model		: 58
model name	: Intel(R) Core(TM) i7-3610QM CPU @ 2.30GHz
stepping	: 9
microcode	: 0x12
cpu MHz		: 2301.000
cache size	: 6144 KB
physical id	: 0
siblings	: 8
core id		: 3
cpu cores	: 4
apicid		: 6
initial apicid	: 6
fpu		: yes
fpu_exception	: yes
cpuid level	: 13
wp		: yes
flags		: fpu vme de pse tsc msr pae mce cx8 apic sep mtrr pge mca cmov pat pse36 clflush dts acpi mmx fxsr sse sse2 ss ht tm pbe syscall nx rdtscp lm constant_tsc arch_perfmon pebs bts rep_good nopl xtopology nonstop_tsc aperfmperf pni pclmulqdq dtes64 monitor ds_cpl vmx est tm2 ssse3 cx16 xtpr pdcm pcid sse4_1 sse4_2 x2apic popcnt tsc_deadline_timer aes xsave avx f16c rdrand lahf_lm ida arat epb xsaveopt pln pts dtherm tpr_shadow vnmi flexpriority ept vpid fsgsbase smep erms
bogomips	: 4589.37
clflush size	: 64
cache_alignment	: 64
address sizes	: 36 bits physical, 48 bits virtual
power management:

processor	: 7
vendor_id	: GenuineIntel
cpu family	: 6
model		: 58
model name	: Intel(R) Core(TM) i7-3610QM CPU @ 2.30GHz
stepping	: 9
microcode	: 0x12
cpu MHz		: 2301.000
cache size	: 6144 KB
physical id	: 0
siblings	: 8
core id		: 3
cpu cores	: 4
apicid		: 7
initial apicid	: 7
fpu		: yes
fpu_exception	: yes
cpuid level	: 13
wp		: yes
flags		: fpu vme de pse tsc msr pae mce cx8 apic sep mtrr pge mca cmov pat pse36 clflush dts acpi mmx fxsr sse sse2 ss ht tm pbe syscall nx rdtscp lm constant_tsc arch_perfmon pebs bts rep_good nopl xtopology nonstop_tsc aperfmperf pni pclmulqdq dtes64 monitor ds_cpl vmx est tm2 ssse3 cx16 xtpr pdcm pcid sse4_1 sse4_2 x2apic popcnt tsc_deadline_timer aes xsave avx f16c rdrand lahf_lm ida arat epb xsaveopt pln pts dtherm tpr_shadow vnmi flexpriority ept vpid fsgsbase smep erms
bogomips	: 4589.37
clflush size	: 64
cache_alignment	: 64
address sizes	: 36 bits physical, 48 bits virtual
power management:



Memory: 4k page, physical 16023348k(4278060k free), swap 62944092k(62944092k free)

vm_info: Java HotSpot(TM) 64-Bit Server VM (20.1-b02) for linux-amd64 JRE (1.6.0_26-b03), built on May  4 2011 01:13:47 by "java_re" with gcc 3.2.2 (SuSE Linux)

time: Mon Oct 13 22:42:14 2014
elapsed time: 2 seconds

