#
# A fatal error has been detected by the Java Runtime Environment:
#
#  SIGSEGV (0xb) at pc=0x00007f482262a467, pid=18226, tid=139947761669888
#
# JRE version: Java(TM) SE Runtime Environment (7.0_51-b13) (build 1.7.0_51-b13)
# Java VM: Java HotSpot(TM) 64-Bit Server VM (24.51-b03 mixed mode linux-amd64 compressed oops)
# Problematic frame:
# V  [libjvm.so+0x87b467]  oopDesc* PSPromotionManager::copy_to_survivor_space<false>(oopDesc*)+0x177
#
# Failed to write core dump. Core dumps have been disabled. To enable core dumping, try "ulimit -c unlimited" before starting Java again
#
# If you would like to submit a bug report, please visit:
#   http://bugreport.sun.com/bugreport/crash.jsp
#

---------------  T H R E A D  ---------------

Current thread (0x00007f481c020000):  GCTaskThread [stack: 0x00007f48208f1000,0x00007f48209f2000] [id=18232]

siginfo:si_signo=SIGSEGV: si_errno=0, si_code=1 (SEGV_MAPERR), si_addr=0x00000000e0cd8018

Registers:
RAX=0x00007f4822bc16a0, RBX=0x00007f47fd0c8508, RCX=0x0000000000000003, RDX=0x00000000e0cd8000
RSP=0x00007f48209f0400, RBP=0x00007f48209f0470, RSI=0x00007f47fd0c8420, RDI=0x00000000e0cd8010
R8 =0x0000000000000001, R9 =0x00007f4822bdce58, R10=0x0000000000000001, R11=0x00007f48223a4120
R12=0x00007f47fd0c8420, R13=0x00000006d9280518, R14=0x0000000000000001, R15=0x00000000ffffffff
RIP=0x00007f482262a467, EFLAGS=0x0000000000010206, CSGSFS=0x0000000000000033, ERR=0x0000000000000004
  TRAPNO=0x000000000000000e

Top of Stack: (sp=0x00007f48209f0400)
0x00007f48209f0400:   0000000000000080 0000000000000001
0x00007f48209f0410:   0000000000023845 00007f481c06f750
0x00007f48209f0420:   00007f47f00019d0 0000000000000001
0x00007f48209f0430:   0000000000000002 0000000000000001
0x00007f48209f0440:   00007f48209f0490 00007f47fd0c8508
0x00007f48209f0450:   00007f481c020320 0000000000001741
0x00007f48209f0460:   0000000000000001 00000000ffffffff
0x00007f48209f0470:   00007f48209f0490 00007f482262d1bd
0x00007f48209f0480:   00007f481c020310 0000000000001741
0x00007f48209f0490:   00007f48209f0530 00007f48225b76bb
0x00007f48209f04a0:   00007f4822be6a20 00007f48225b5a00
0x00007f48209f04b0:   00007f48209f0c40 00007f48209f0620
0x00007f48209f04c0:   00007f48209f05f0 00007f482262a75f
0x00007f48209f04d0:   00007f47b0067fd0 ffff7f4800000001
0x00007f48209f04e0:   0000000000000068 00007f481c06f750
0x00007f48209f04f0:   1741000000000000 000000000000ffff
0x00007f48209f0500:   00000006ddabc030 00007f48209f05f0
0x00007f48209f0510:   0000000000000001 00007f48209f0620
0x00007f48209f0520:   00007f48209f0c20 00007f48209f0c40
0x00007f48209f0530:   00007f48209f05a0 00007f48222ca539
0x00007f48209f0540:   00007f48209f0580 00007f48222cb62a
0x00007f48209f0550:   00007f4819076264 00007f48209f05c0
0x00007f48209f0560:   00007f48209f0620 00007f481c020000
0x00007f48209f0570:   00007f48209f0c40 00007f48209f05f0
0x00007f48209f0580:   00007f48209f0620 00007f481c020000
0x00007f48209f0590:   00007f48209f0c40 00007f481c19b000
0x00007f48209f05a0:   00007f48209f0c10 00007f48226f6f5a
0x00007f48209f05b0:   00007f48209f05c0 00007f48209f0c20
0x00007f48209f05c0:   00007f47fd0c8500 00007f4819076264
0x00007f48209f05d0:   00007f4819076090 0000000000000000
0x00007f48209f05e0:   000000000000000d 00007f47fd0c8500
0x00007f48209f05f0:   00007f47fd0c8500 00007f4819076264 

Instructions: (pc=0x00007f482262a467)
0x00007f482262a447:   83 f8 05 75 d3 31 db eb d6 48 8b 05 21 a5 57 00
0x00007f482262a457:   8b 56 08 8b 48 08 48 d3 e2 48 03 10 48 8d 7a 10
0x00007f482262a467:   8b 77 08 83 fe 00 0f 8f db fe ff ff 0f 85 07 03
0x00007f482262a477:   00 00 0f 1f 80 00 00 00 00 48 8b 07 4c 89 e6 4c 

Register to memory mapping:

RAX=0x00007f4822bc16a0: <offset 0xe126a0> in /home/lpxz/pool/jdk1.7/jre/lib/amd64/server/libjvm.so at 0x00007f4821daf000
RBX=0x00007f47fd0c8508 is pointing into the stack for thread: 0x00007f481c19b000
RCX=0x0000000000000003 is an unknown value
RDX=0x00000000e0cd8000 is an unknown value
RSP=0x00007f48209f0400 is an unknown value
RBP=0x00007f48209f0470 is an unknown value
RSI=0x00007f47fd0c8420 is pointing into the stack for thread: 0x00007f481c19b000
RDI=0x00000000e0cd8010 is an unknown value
R8 =0x0000000000000001 is an unknown value
R9 =0x00007f4822bdce58: <offset 0xe2de58> in /home/lpxz/pool/jdk1.7/jre/lib/amd64/server/libjvm.so at 0x00007f4821daf000
R10=0x0000000000000001 is an unknown value
R11=0x00007f48223a4120: <offset 0x5f5120> in /home/lpxz/pool/jdk1.7/jre/lib/amd64/server/libjvm.so at 0x00007f4821daf000
R12=0x00007f47fd0c8420 is pointing into the stack for thread: 0x00007f481c19b000
R13=0x00000006d9280518 is an oop
java.util.Vector 
 - klass: 'java/util/Vector'
R14=0x0000000000000001 is an unknown value
R15=0x00000000ffffffff is an unknown value


Stack: [0x00007f48208f1000,0x00007f48209f2000],  sp=0x00007f48209f0400,  free space=1021k
Native frames: (J=compiled Java code, j=interpreted, Vv=VM code, C=native code)
V  [libjvm.so+0x87b467]  oopDesc* PSPromotionManager::copy_to_survivor_space<false>(oopDesc*)+0x177
V  [libjvm.so+0x87e1bd]  PSRootsClosure<false>::do_oop(oopDesc**)+0x3d
V  [libjvm.so+0x8086bb]  OopMapSet::all_do(frame const*, RegisterMap const*, OopClosure*, void (*)(oopDesc**, oopDesc**), OopClosure*)+0x2fb
V  [libjvm.so+0x51b539]  frame::oops_do_internal(OopClosure*, CodeBlobClosure*, RegisterMap*, bool)+0x99
V  [libjvm.so+0x947f5a]  JavaThread::oops_do(OopClosure*, CodeBlobClosure*)+0x15a
V  [libjvm.so+0x87e575]  ThreadRootsTask::do_it(GCTaskManager*, unsigned int)+0x75
V  [libjvm.so+0x550f6f]  GCTaskThread::run()+0x12f
V  [libjvm.so+0x815538]  java_start(Thread*)+0x108

JavaThread 0x00007f481c19b000 (nid = 18253) was being processed
Java frames: (J=compiled Java code, j=interpreted, Vv=VM code)
v  ~RuntimeStub::_complete_monitor_locking_Java
J  edu.hkust.leap.monitor.RecordMonitor.accessSPE(IJZI)V
J  edu.hkust.leap.monitor.RecordMonitor.readBeforeInstance(Ljava/lang/Object;IJLjava/lang/String;ILjava/lang/Object;)V
J  spec.jbb.Order.processLines(Lspec/jbb/Warehouse;SZ)Z
j  spec.jbb.NewOrderTransaction.process()Z+183
j  spec.jbb.TransactionManager.runTxn(Lspec/jbb/Transaction;JJD)J+36
j  spec.jbb.TransactionManager.goManual(ILspec/jbb/TimerData;)J+141
j  spec.jbb.TransactionManager.go()V+437
j  spec.jbb.JBBmain.run()V+127
j  java.lang.Thread.run()V+11
v  ~StubRoutines::call_stub

---------------  P R O C E S S  ---------------

Java Threads: ( => current thread )
  0x00007f481c1a3000 JavaThread "Thread-8" [_thread_blocked, id=18257, stack(0x00007f47fcbc5000,0x00007f47fccc6000)]
  0x00007f481c1a1000 JavaThread "Thread-7" [_thread_blocked, id=18256, stack(0x00007f47fccc6000,0x00007f47fcdc7000)]
  0x00007f481c19f000 JavaThread "Thread-6" [_thread_blocked, id=18255, stack(0x00007f47fcdc7000,0x00007f47fcec8000)]
  0x00007f481c19d000 JavaThread "Thread-5" [_thread_blocked, id=18254, stack(0x00007f47fcec8000,0x00007f47fcfc9000)]
  0x00007f481c19b000 JavaThread "Thread-4" [_thread_blocked, id=18253, stack(0x00007f47fcfc9000,0x00007f47fd0ca000)]
  0x00007f481c199000 JavaThread "Thread-3" [_thread_blocked, id=18252, stack(0x00007f47fd0ca000,0x00007f47fd1cb000)]
  0x00007f481c195800 JavaThread "Thread-2" [_thread_blocked, id=18251, stack(0x00007f47fd1cb000,0x00007f47fd2cc000)]
  0x00007f481c192000 JavaThread "Thread-1" [_thread_blocked, id=18250, stack(0x00007f47fd2cc000,0x00007f47fd3cd000)]
  0x00007f481c09f000 JavaThread "Service Thread" daemon [_thread_blocked, id=18246, stack(0x00007f47fd8f6000,0x00007f47fd9f7000)]
  0x00007f481c09d000 JavaThread "C2 CompilerThread1" daemon [_thread_blocked, id=18245, stack(0x00007f47fd9f7000,0x00007f47fdaf8000)]
  0x00007f481c09a000 JavaThread "C2 CompilerThread0" daemon [_thread_blocked, id=18244, stack(0x00007f47fdaf8000,0x00007f47fdbf9000)]
  0x00007f481c08f800 JavaThread "Signal Dispatcher" daemon [_thread_blocked, id=18243, stack(0x00007f47fdbf9000,0x00007f47fdcfa000)]
  0x00007f481c078800 JavaThread "Finalizer" daemon [_thread_blocked, id=18242, stack(0x00007f47fe3dd000,0x00007f47fe4de000)]
  0x00007f481c074800 JavaThread "Reference Handler" daemon [_thread_blocked, id=18241, stack(0x00007f47cfc6f000,0x00007f47cfd70000)]
  0x00007f481c00a000 JavaThread "main" [_thread_blocked, id=18231, stack(0x00007f482370c000,0x00007f482380d000)]

Other Threads:
  0x00007f481c072800 VMThread [stack: 0x00007f47fe4de000,0x00007f47fe5df000] [id=18240]
  0x00007f481c0aa000 WatcherThread [stack: 0x00007f47fd7f5000,0x00007f47fd8f6000] [id=18247]

=>0x00007f481c020000 (exited) GCTaskThread [stack: 0x00007f48208f1000,0x00007f48209f2000] [id=18232]

VM state:at safepoint (normal execution)

VM Mutex/Monitor currently owned by a thread:  ([mutex/lock_event])
[0x00007f481c006480] Threads_lock - owner thread: 0x00007f481c072800
[0x00007f481c006980] Heap_lock - owner thread: 0x00007f481c1a3000

Heap
 PSYoungGen      total 73216K, used 73200K [0x00000006d5500000, 0x00000006de400000, 0x0000000800000000)
  eden space 62976K, 100% used [0x00000006d5500000,0x00000006d9280000,0x00000006d9280000)
  from space 10240K, 99% used [0x00000006d9280000,0x00000006d9c7c010,0x00000006d9c80000)
  to   space 10240K, 66% used [0x00000006dda00000,0x00000006de0a4030,0x00000006de400000)
 ParOldGen       total 166912K, used 47000K [0x0000000480000000, 0x000000048a300000, 0x00000006d5500000)
  object space 166912K, 28% used [0x0000000480000000,0x0000000482de6030,0x000000048a300000)
 PSPermGen       total 21504K, used 6048K [0x000000047ae00000, 0x000000047c300000, 0x0000000480000000)
  object space 21504K, 28% used [0x000000047ae00000,0x000000047b3e8258,0x000000047c300000)

Card table byte_map: [0x00007f48173d6000,0x00007f4819000000] byte_map_base: 0x00007f4814fff000

Polling page: 0x00007f482382c000

Code Cache  [0x00007f4819000000, 0x00007f4819270000, 0x00007f481c000000)
 total_blobs=473 nmethods=195 adapters=231 free_code_cache=48325Kb largest_free_block=49440832

Compilation events (10 events):
Event: 0.787 Thread 0x00007f481c09d000 nmethod 192 0x00007f48190ba210 code [0x00007f48190ba360, 0x00007f48190ba498]
Event: 0.869 Thread 0x00007f481c09a000 nmethod 155 0x00007f48190cce50 code [0x00007f48190cd720, 0x00007f48190d1678]
Event: 0.870 Thread 0x00007f481c09a000  193             edu.hkust.leap.monitor.RecordMonitor::readBeforeArrayElem (70 bytes)
Event: 0.883 Thread 0x00007f481c09a000 nmethod 193 0x00007f48190b97d0 code [0x00007f48190b9980, 0x00007f48190b9e00]
Event: 1.024 Thread 0x00007f481c09d000  194             java.util.Calendar::internalGet (7 bytes)
Event: 1.024 Thread 0x00007f481c09d000 nmethod 194 0x00007f48190ccb90 code [0x00007f48190ccce0, 0x00007f48190ccd78]
Event: 1.025 Thread 0x00007f481c09a000  195             java.util.Calendar::get (10 bytes)
Event: 1.025 Thread 0x00007f481c09d000  196             java.util.Calendar::complete (40 bytes)
Event: 1.025 Thread 0x00007f481c09d000 nmethod 196 0x00007f48190cc890 code [0x00007f48190cc9e0, 0x00007f48190ccab8]
Event: 1.025 Thread 0x00007f481c09a000 nmethod 195 0x00007f48190bf510 code [0x00007f48190bf660, 0x00007f48190bf778]

GC Heap History (3 events):
Event: 0.792 GC heap before
{Heap before GC invocations=1 (full 0):
 PSYoungGen      total 73216K, used 62976K [0x00000006d5500000, 0x00000006da680000, 0x0000000800000000)
  eden space 62976K, 100% used [0x00000006d5500000,0x00000006d9280000,0x00000006d9280000)
  from space 10240K, 0% used [0x00000006d9c80000,0x00000006d9c80000,0x00000006da680000)
  to   space 10240K, 0% used [0x00000006d9280000,0x00000006d9280000,0x00000006d9c80000)
 ParOldGen       total 166912K, used 0K [0x0000000480000000, 0x000000048a300000, 0x00000006d5500000)
  object space 166912K, 0% used [0x0000000480000000,0x0000000480000000,0x000000048a300000)
 PSPermGen       total 21504K, used 6041K [0x000000047ae00000, 0x000000047c300000, 0x0000000480000000)
  object space 21504K, 28% used [0x000000047ae00000,0x000000047b3e6600,0x000000047c300000)
Event: 0.835 GC heap after
Heap after GC invocations=1 (full 0):
 PSYoungGen      total 73216K, used 10224K [0x00000006d5500000, 0x00000006de400000, 0x0000000800000000)
  eden space 62976K, 0% used [0x00000006d5500000,0x00000006d5500000,0x00000006d9280000)
  from space 10240K, 99% used [0x00000006d9280000,0x00000006d9c7c010,0x00000006d9c80000)
  to   space 10240K, 0% used [0x00000006dda00000,0x00000006dda00000,0x00000006de400000)
 ParOldGen       total 166912K, used 26512K [0x0000000480000000, 0x000000048a300000, 0x00000006d5500000)
  object space 166912K, 15% used [0x0000000480000000,0x00000004819e4020,0x000000048a300000)
 PSPermGen       total 21504K, used 6041K [0x000000047ae00000, 0x000000047c300000, 0x0000000480000000)
  object space 21504K, 28% used [0x000000047ae00000,0x000000047b3e6600,0x000000047c300000)
}
Event: 1.341 GC heap before
{Heap before GC invocations=2 (full 0):
 PSYoungGen      total 73216K, used 73200K [0x00000006d5500000, 0x00000006de400000, 0x0000000800000000)
  eden space 62976K, 100% used [0x00000006d5500000,0x00000006d9280000,0x00000006d9280000)
  from space 10240K, 99% used [0x00000006d9280000,0x00000006d9c7c010,0x00000006d9c80000)
  to   space 10240K, 0% used [0x00000006dda00000,0x00000006dda00000,0x00000006de400000)
 ParOldGen       total 166912K, used 26512K [0x0000000480000000, 0x000000048a300000, 0x00000006d5500000)
  object space 166912K, 15% used [0x0000000480000000,0x00000004819e4020,0x000000048a300000)
 PSPermGen       total 21504K, used 6048K [0x000000047ae00000, 0x000000047c300000, 0x0000000480000000)
  object space 21504K, 28% used [0x000000047ae00000,0x000000047b3e8258,0x000000047c300000)

Deoptimization events (0 events):
No events

Internal exceptions (10 events):
Event: 0.112 Thread 0x00007f481c00a000 Threw 0x00000006d57d3e48 at /HUDSON/workspace/7u-2-build-linux-amd64@2/jdk7u51/527/hotspot/src/share/vm/prims/jvm.cpp:1244
Event: 0.113 Thread 0x00007f481c00a000 Threw 0x00000006d57d9810 at /HUDSON/workspace/7u-2-build-linux-amd64@2/jdk7u51/527/hotspot/src/share/vm/prims/jvm.cpp:1244
Event: 0.114 Thread 0x00007f481c00a000 Threw 0x00000006d57e2808 at /HUDSON/workspace/7u-2-build-linux-amd64@2/jdk7u51/527/hotspot/src/share/vm/prims/jvm.cpp:1244
Event: 0.118 Thread 0x00007f481c00a000 Threw 0x00000006d57ee2a0 at /HUDSON/workspace/7u-2-build-linux-amd64@2/jdk7u51/527/hotspot/src/share/vm/prims/jvm.cpp:1244
Event: 0.119 Thread 0x00007f481c00a000 Threw 0x00000006d57f1968 at /HUDSON/workspace/7u-2-build-linux-amd64@2/jdk7u51/527/hotspot/src/share/vm/prims/jvm.cpp:1244
Event: 0.119 Thread 0x00007f481c00a000 Threw 0x00000006d5802fd0 at /HUDSON/workspace/7u-2-build-linux-amd64@2/jdk7u51/527/hotspot/src/share/vm/prims/jvm.cpp:1244
Event: 0.145 Thread 0x00007f481c00a000 Threw 0x00000006d58590f8 at /HUDSON/workspace/7u-2-build-linux-amd64@2/jdk7u51/527/hotspot/src/share/vm/prims/jvm.cpp:1244
Event: 0.146 Thread 0x00007f481c00a000 Threw 0x00000006d5860338 at /HUDSON/workspace/7u-2-build-linux-amd64@2/jdk7u51/527/hotspot/src/share/vm/prims/jvm.cpp:1244
Event: 0.183 Thread 0x00007f481c192000 Threw 0x00000006d59f4320 at /HUDSON/workspace/7u-2-build-linux-amd64@2/jdk7u51/527/hotspot/src/share/vm/prims/jvm.cpp:1244
Event: 0.211 Thread 0x00007f481c1a1000 Threw 0x00000006d61804a8 at /HUDSON/workspace/7u-2-build-linux-amd64@2/jdk7u51/527/hotspot/src/share/vm/prims/jvm.cpp:1244

Events (10 events):
Event: 0.216 loading class 0x00007f48200704d0
Event: 0.217 loading class 0x00007f481c0a43c0 done
Event: 0.217 loading class 0x00007f48200704d0 done
Event: 0.217 loading class 0x00007f481c0a18b0
Event: 0.217 loading class 0x00007f481c0a18b0 done
Event: 0.217 loading class 0x00007f47bc10dd70
Event: 0.217 loading class 0x00007f47bc10dd70 done
Event: 0.792 Executing VM operation: ParallelGCFailedAllocation
Event: 0.835 Executing VM operation: ParallelGCFailedAllocation done
Event: 1.341 Executing VM operation: ParallelGCFailedAllocation


Dynamic libraries:
00400000-00401000 r-xp 00000000 08:08 3802540                            /home/lpxz/pool/jdk1.7/bin/java
00600000-00601000 rw-p 00000000 08:08 3802540                            /home/lpxz/pool/jdk1.7/bin/java
023b1000-023d2000 rw-p 00000000 00:00 0                                  [heap]
47ae00000-47c300000 rw-p 00000000 00:00 0 
47c300000-480000000 rw-p 00000000 00:00 0 
480000000-48a300000 rw-p 00000000 00:00 0 
48a300000-6d5500000 rw-p 00000000 00:00 0 
6d5500000-6de400000 rw-p 00000000 00:00 0 
6de400000-800000000 rw-p 00000000 00:00 0 
7f4788000000-7f4788021000 rw-p 00000000 00:00 0 
7f4788021000-7f478c000000 ---p 00000000 00:00 0 
7f4790000000-7f4790021000 rw-p 00000000 00:00 0 
7f4790021000-7f4794000000 ---p 00000000 00:00 0 
7f4794000000-7f4794021000 rw-p 00000000 00:00 0 
7f4794021000-7f4798000000 ---p 00000000 00:00 0 
7f4798000000-7f4798021000 rw-p 00000000 00:00 0 
7f4798021000-7f479c000000 ---p 00000000 00:00 0 
7f479c000000-7f479c021000 rw-p 00000000 00:00 0 
7f479c021000-7f47a0000000 ---p 00000000 00:00 0 
7f47a0000000-7f47a0021000 rw-p 00000000 00:00 0 
7f47a0021000-7f47a4000000 ---p 00000000 00:00 0 
7f47a4000000-7f47a4021000 rw-p 00000000 00:00 0 
7f47a4021000-7f47a8000000 ---p 00000000 00:00 0 
7f47a8000000-7f47a8021000 rw-p 00000000 00:00 0 
7f47a8021000-7f47ac000000 ---p 00000000 00:00 0 
7f47ac000000-7f47ac021000 rw-p 00000000 00:00 0 
7f47ac021000-7f47b0000000 ---p 00000000 00:00 0 
7f47b0000000-7f47b0464000 rw-p 00000000 00:00 0 
7f47b0464000-7f47b4000000 ---p 00000000 00:00 0 
7f47b4000000-7f47b4021000 rw-p 00000000 00:00 0 
7f47b4021000-7f47b8000000 ---p 00000000 00:00 0 
7f47b8000000-7f47b8021000 rw-p 00000000 00:00 0 
7f47b8021000-7f47bc000000 ---p 00000000 00:00 0 
7f47bc000000-7f47bc842000 rw-p 00000000 00:00 0 
7f47bc842000-7f47c0000000 ---p 00000000 00:00 0 
7f47c0000000-7f47c0021000 rw-p 00000000 00:00 0 
7f47c0021000-7f47c4000000 ---p 00000000 00:00 0 
7f47c4000000-7f47c4021000 rw-p 00000000 00:00 0 
7f47c4021000-7f47c8000000 ---p 00000000 00:00 0 
7f47c8000000-7f47c8021000 rw-p 00000000 00:00 0 
7f47c8021000-7f47cc000000 ---p 00000000 00:00 0 
7f47cfc6f000-7f47cfc72000 ---p 00000000 00:00 0 
7f47cfc72000-7f47ec000000 rw-p 00000000 00:00 0 
7f47ec000000-7f47ec021000 rw-p 00000000 00:00 0 
7f47ec021000-7f47f0000000 ---p 00000000 00:00 0 
7f47f0000000-7f47f0021000 rw-p 00000000 00:00 0 
7f47f0021000-7f47f4000000 ---p 00000000 00:00 0 
7f47f8000000-7f47f8021000 rw-p 00000000 00:00 0 
7f47f8021000-7f47fc000000 ---p 00000000 00:00 0 
7f47fc980000-7f47fcbc5000 rw-p 00000000 00:00 0 
7f47fcbc5000-7f47fcbc8000 ---p 00000000 00:00 0 
7f47fcbc8000-7f47fccc6000 rw-p 00000000 00:00 0 
7f47fccc6000-7f47fccc9000 ---p 00000000 00:00 0 
7f47fccc9000-7f47fcdc7000 rw-p 00000000 00:00 0 
7f47fcdc7000-7f47fcdca000 ---p 00000000 00:00 0 
7f47fcdca000-7f47fcec8000 rw-p 00000000 00:00 0 
7f47fcec8000-7f47fcecb000 ---p 00000000 00:00 0 
7f47fcecb000-7f47fcfc9000 rw-p 00000000 00:00 0 
7f47fcfc9000-7f47fcfcc000 ---p 00000000 00:00 0 
7f47fcfcc000-7f47fd0ca000 rw-p 00000000 00:00 0 
7f47fd0ca000-7f47fd0cd000 ---p 00000000 00:00 0 
7f47fd0cd000-7f47fd1cb000 rw-p 00000000 00:00 0 
7f47fd1cb000-7f47fd1ce000 ---p 00000000 00:00 0 
7f47fd1ce000-7f47fd2cc000 rw-p 00000000 00:00 0 
7f47fd2cc000-7f47fd2cf000 ---p 00000000 00:00 0 
7f47fd2cf000-7f47fd3cd000 rw-p 00000000 00:00 0 
7f47fd3cd000-7f47fd3e3000 r-xp 00000000 08:08 3804245                    /home/lpxz/pool/jdk1.7/jre/lib/amd64/libnet.so
7f47fd3e3000-7f47fd5e3000 ---p 00016000 08:08 3804245                    /home/lpxz/pool/jdk1.7/jre/lib/amd64/libnet.so
7f47fd5e3000-7f47fd5e4000 rw-p 00016000 08:08 3804245                    /home/lpxz/pool/jdk1.7/jre/lib/amd64/libnet.so
7f47fd5e4000-7f47fd5f4000 r-xp 00000000 08:08 3804240                    /home/lpxz/pool/jdk1.7/jre/lib/amd64/libnio.so
7f47fd5f4000-7f47fd7f4000 ---p 00010000 08:08 3804240                    /home/lpxz/pool/jdk1.7/jre/lib/amd64/libnio.so
7f47fd7f4000-7f47fd7f5000 rw-p 00010000 08:08 3804240                    /home/lpxz/pool/jdk1.7/jre/lib/amd64/libnio.so
7f47fd7f5000-7f47fd7f6000 ---p 00000000 00:00 0 
7f47fd7f6000-7f47fd8f6000 rw-p 00000000 00:00 0 
7f47fd8f6000-7f47fd8f9000 ---p 00000000 00:00 0 
7f47fd8f9000-7f47fd9f7000 rw-p 00000000 00:00 0 
7f47fd9f7000-7f47fd9fa000 ---p 00000000 00:00 0 
7f47fd9fa000-7f47fdaf8000 rw-p 00000000 00:00 0 
7f47fdaf8000-7f47fdafb000 ---p 00000000 00:00 0 
7f47fdafb000-7f47fdbf9000 rw-p 00000000 00:00 0 
7f47fdbf9000-7f47fdbfc000 ---p 00000000 00:00 0 
7f47fdbfc000-7f47fdcfa000 rw-p 00000000 00:00 0 
7f47fdcfa000-7f47fe3dd000 r--p 00000000 08:08 6297920                    /usr/lib/locale/locale-archive
7f47fe3dd000-7f47fe3e0000 ---p 00000000 00:00 0 
7f47fe3e0000-7f47fe4de000 rw-p 00000000 00:00 0 
7f47fe4de000-7f47fe4df000 ---p 00000000 00:00 0 
7f47fe4df000-7f4800000000 rw-p 00000000 00:00 0 
7f4800000000-7f4800021000 rw-p 00000000 00:00 0 
7f4800021000-7f4804000000 ---p 00000000 00:00 0 
7f4804000000-7f4804021000 rw-p 00000000 00:00 0 
7f4804021000-7f4808000000 ---p 00000000 00:00 0 
7f4808000000-7f4808021000 rw-p 00000000 00:00 0 
7f4808021000-7f480c000000 ---p 00000000 00:00 0 
7f480c000000-7f480c021000 rw-p 00000000 00:00 0 
7f480c021000-7f4810000000 ---p 00000000 00:00 0 
7f4810000000-7f4810021000 rw-p 00000000 00:00 0 
7f4810021000-7f4814000000 ---p 00000000 00:00 0 
7f4814047000-7f4814051000 r--s 00250000 08:08 3803739                    /home/lpxz/pool/jdk1.7/jre/lib/resources.jar
7f4814051000-7f48142cf000 rw-p 00000000 00:00 0 
7f48142cf000-7f481448c000 r--s 039bf000 08:08 3804302                    /home/lpxz/pool/jdk1.7/jre/lib/rt.jar
7f481448c000-7f481617d000 rw-p 00000000 00:00 0 
7f481617d000-7f48173d6000 rw-p 00000000 00:00 0 
7f48173d6000-7f48173e1000 rw-p 00000000 00:00 0 
7f48173e1000-7f48173ff000 rw-p 00000000 00:00 0 
7f48173ff000-7f4817451000 rw-p 00000000 00:00 0 
7f4817451000-7f48186a9000 rw-p 00000000 00:00 0 
7f48186a9000-7f48186f1000 rw-p 00000000 00:00 0 
7f48186f1000-7f4818fff000 rw-p 00000000 00:00 0 
7f4818fff000-7f4819000000 rw-p 00000000 00:00 0 
7f4819000000-7f4819270000 rwxp 00000000 00:00 0 
7f4819270000-7f481c1b5000 rw-p 00000000 00:00 0 
7f481c1b5000-7f4820000000 ---p 00000000 00:00 0 
7f482002c000-7f48201ea000 rw-p 00000000 00:00 0 
7f48201ea000-7f48201eb000 ---p 00000000 00:00 0 
7f48201eb000-7f48202eb000 rw-p 00000000 00:00 0 
7f48202eb000-7f48202ec000 ---p 00000000 00:00 0 
7f48202ec000-7f48203ec000 rw-p 00000000 00:00 0 
7f48203ec000-7f48203ed000 ---p 00000000 00:00 0 
7f48203ed000-7f48204ed000 rw-p 00000000 00:00 0 
7f48204ed000-7f48204ee000 ---p 00000000 00:00 0 
7f48204ee000-7f48205ee000 rw-p 00000000 00:00 0 
7f48205ee000-7f48205ef000 ---p 00000000 00:00 0 
7f48205ef000-7f48206ef000 rw-p 00000000 00:00 0 
7f48206ef000-7f48206f0000 ---p 00000000 00:00 0 
7f48206f0000-7f48207f0000 rw-p 00000000 00:00 0 
7f48207f0000-7f48207f1000 ---p 00000000 00:00 0 
7f48207f1000-7f48208f1000 rw-p 00000000 00:00 0 
7f48208f1000-7f48208f2000 ---p 00000000 00:00 0 
7f48208f2000-7f48209fd000 rw-p 00000000 00:00 0 
7f48209fd000-7f4820a1b000 rw-p 00000000 00:00 0 
7f4820a1b000-7f4820a35000 r-xp 00000000 08:08 3804290                    /home/lpxz/pool/jdk1.7/jre/lib/amd64/libzip.so
7f4820a35000-7f4820c35000 ---p 0001a000 08:08 3804290                    /home/lpxz/pool/jdk1.7/jre/lib/amd64/libzip.so
7f4820c35000-7f4820c36000 rw-p 0001a000 08:08 3804290                    /home/lpxz/pool/jdk1.7/jre/lib/amd64/libzip.so
7f4820c36000-7f4820c42000 r-xp 00000000 08:08 12594830                   /lib/x86_64-linux-gnu/libnss_files-2.15.so
7f4820c42000-7f4820e41000 ---p 0000c000 08:08 12594830                   /lib/x86_64-linux-gnu/libnss_files-2.15.so
7f4820e41000-7f4820e42000 r--p 0000b000 08:08 12594830                   /lib/x86_64-linux-gnu/libnss_files-2.15.so
7f4820e42000-7f4820e43000 rw-p 0000c000 08:08 12594830                   /lib/x86_64-linux-gnu/libnss_files-2.15.so
7f4820e43000-7f4820e4d000 r-xp 00000000 08:08 12594834                   /lib/x86_64-linux-gnu/libnss_nis-2.15.so
7f4820e4d000-7f482104d000 ---p 0000a000 08:08 12594834                   /lib/x86_64-linux-gnu/libnss_nis-2.15.so
7f482104d000-7f482104e000 r--p 0000a000 08:08 12594834                   /lib/x86_64-linux-gnu/libnss_nis-2.15.so
7f482104e000-7f482104f000 rw-p 0000b000 08:08 12594834                   /lib/x86_64-linux-gnu/libnss_nis-2.15.so
7f482104f000-7f4821066000 r-xp 00000000 08:08 12594846                   /lib/x86_64-linux-gnu/libnsl-2.15.so
7f4821066000-7f4821265000 ---p 00017000 08:08 12594846                   /lib/x86_64-linux-gnu/libnsl-2.15.so
7f4821265000-7f4821266000 r--p 00016000 08:08 12594846                   /lib/x86_64-linux-gnu/libnsl-2.15.so
7f4821266000-7f4821267000 rw-p 00017000 08:08 12594846                   /lib/x86_64-linux-gnu/libnsl-2.15.so
7f4821267000-7f4821269000 rw-p 00000000 00:00 0 
7f4821269000-7f4821271000 r-xp 00000000 08:08 12594828                   /lib/x86_64-linux-gnu/libnss_compat-2.15.so
7f4821271000-7f4821470000 ---p 00008000 08:08 12594828                   /lib/x86_64-linux-gnu/libnss_compat-2.15.so
7f4821470000-7f4821471000 r--p 00007000 08:08 12594828                   /lib/x86_64-linux-gnu/libnss_compat-2.15.so
7f4821471000-7f4821472000 rw-p 00008000 08:08 12594828                   /lib/x86_64-linux-gnu/libnss_compat-2.15.so
7f4821472000-7f482149b000 r-xp 00000000 08:08 3804274                    /home/lpxz/pool/jdk1.7/jre/lib/amd64/libjava.so
7f482149b000-7f482169b000 ---p 00029000 08:08 3804274                    /home/lpxz/pool/jdk1.7/jre/lib/amd64/libjava.so
7f482169b000-7f482169d000 rw-p 00029000 08:08 3804274                    /home/lpxz/pool/jdk1.7/jre/lib/amd64/libjava.so
7f482169d000-7f48216aa000 r-xp 00000000 08:08 3804272                    /home/lpxz/pool/jdk1.7/jre/lib/amd64/libverify.so
7f48216aa000-7f48218a9000 ---p 0000d000 08:08 3804272                    /home/lpxz/pool/jdk1.7/jre/lib/amd64/libverify.so
7f48218a9000-7f48218ab000 rw-p 0000c000 08:08 3804272                    /home/lpxz/pool/jdk1.7/jre/lib/amd64/libverify.so
7f48218ab000-7f48218b2000 r-xp 00000000 08:08 12594833                   /lib/x86_64-linux-gnu/librt-2.15.so
7f48218b2000-7f4821ab1000 ---p 00007000 08:08 12594833                   /lib/x86_64-linux-gnu/librt-2.15.so
7f4821ab1000-7f4821ab2000 r--p 00006000 08:08 12594833                   /lib/x86_64-linux-gnu/librt-2.15.so
7f4821ab2000-7f4821ab3000 rw-p 00007000 08:08 12594833                   /lib/x86_64-linux-gnu/librt-2.15.so
7f4821ab3000-7f4821bae000 r-xp 00000000 08:08 12594837                   /lib/x86_64-linux-gnu/libm-2.15.so
7f4821bae000-7f4821dad000 ---p 000fb000 08:08 12594837                   /lib/x86_64-linux-gnu/libm-2.15.so
7f4821dad000-7f4821dae000 r--p 000fa000 08:08 12594837                   /lib/x86_64-linux-gnu/libm-2.15.so
7f4821dae000-7f4821daf000 rw-p 000fb000 08:08 12594837                   /lib/x86_64-linux-gnu/libm-2.15.so
7f4821daf000-7f4822911000 r-xp 00000000 08:08 3804280                    /home/lpxz/pool/jdk1.7/jre/lib/amd64/server/libjvm.so
7f4822911000-7f4822b11000 ---p 00b62000 08:08 3804280                    /home/lpxz/pool/jdk1.7/jre/lib/amd64/server/libjvm.so
7f4822b11000-7f4822bd4000 rw-p 00b62000 08:08 3804280                    /home/lpxz/pool/jdk1.7/jre/lib/amd64/server/libjvm.so
7f4822bd4000-7f4822c15000 rw-p 00000000 00:00 0 
7f4822c15000-7f4822dca000 r-xp 00000000 08:08 12594826                   /lib/x86_64-linux-gnu/libc-2.15.so
7f4822dca000-7f4822fca000 ---p 001b5000 08:08 12594826                   /lib/x86_64-linux-gnu/libc-2.15.so
7f4822fca000-7f4822fce000 r--p 001b5000 08:08 12594826                   /lib/x86_64-linux-gnu/libc-2.15.so
7f4822fce000-7f4822fd0000 rw-p 001b9000 08:08 12594826                   /lib/x86_64-linux-gnu/libc-2.15.so
7f4822fd0000-7f4822fd5000 rw-p 00000000 00:00 0 
7f4822fd5000-7f4822fd7000 r-xp 00000000 08:08 12594841                   /lib/x86_64-linux-gnu/libdl-2.15.so
7f4822fd7000-7f48231d7000 ---p 00002000 08:08 12594841                   /lib/x86_64-linux-gnu/libdl-2.15.so
7f48231d7000-7f48231d8000 r--p 00002000 08:08 12594841                   /lib/x86_64-linux-gnu/libdl-2.15.so
7f48231d8000-7f48231d9000 rw-p 00003000 08:08 12594841                   /lib/x86_64-linux-gnu/libdl-2.15.so
7f48231d9000-7f48231ef000 r-xp 00000000 08:08 3802605                    /home/lpxz/pool/jdk1.7/lib/amd64/jli/libjli.so
7f48231ef000-7f48233ef000 ---p 00016000 08:08 3802605                    /home/lpxz/pool/jdk1.7/lib/amd64/jli/libjli.so
7f48233ef000-7f48233f0000 rw-p 00016000 08:08 3802605                    /home/lpxz/pool/jdk1.7/lib/amd64/jli/libjli.so
7f48233f0000-7f4823408000 r-xp 00000000 08:08 12594835                   /lib/x86_64-linux-gnu/libpthread-2.15.so
7f4823408000-7f4823607000 ---p 00018000 08:08 12594835                   /lib/x86_64-linux-gnu/libpthread-2.15.so
7f4823607000-7f4823608000 r--p 00017000 08:08 12594835                   /lib/x86_64-linux-gnu/libpthread-2.15.so
7f4823608000-7f4823609000 rw-p 00018000 08:08 12594835                   /lib/x86_64-linux-gnu/libpthread-2.15.so
7f4823609000-7f482360d000 rw-p 00000000 00:00 0 
7f482360d000-7f482362f000 r-xp 00000000 08:08 12594838                   /lib/x86_64-linux-gnu/ld-2.15.so
7f4823640000-7f482364c000 r--s 000da000 08:08 4477681                    /home/lpxz/eclipse/workspacePA_icse/soot-One/lib/polyglotclasses-1.3.5.jar
7f482364c000-7f4823656000 rw-p 00000000 00:00 0 
7f4823656000-7f482370c000 rw-p 00000000 00:00 0 
7f482370c000-7f482370f000 ---p 00000000 00:00 0 
7f482370f000-7f4823811000 rw-p 00000000 00:00 0 
7f482381b000-7f482381c000 rw-p 00000000 00:00 0 
7f482381c000-7f482381f000 r--s 0002b000 08:08 4477682                    /home/lpxz/eclipse/workspacePA_icse/soot-One/lib/jasminclasses-2.5.0.jar
7f482381f000-7f4823823000 r--s 000f7000 08:08 3804391                    /home/lpxz/pool/jdk1.7/jre/lib/ext/localedata.jar
7f4823823000-7f482382b000 rw-s 00000000 08:08 5005315                    /tmp/hsperfdata_lpxz/18226
7f482382b000-7f482382c000 rw-p 00000000 00:00 0 
7f482382c000-7f482382d000 ---p 00000000 00:00 0 
7f482382d000-7f482382f000 rw-p 00000000 00:00 0 
7f482382f000-7f4823830000 r--p 00022000 08:08 12594838                   /lib/x86_64-linux-gnu/ld-2.15.so
7f4823830000-7f4823832000 rw-p 00023000 08:08 12594838                   /lib/x86_64-linux-gnu/ld-2.15.so
7ffffe6a5000-7ffffe6c6000 rw-p 00000000 00:00 0                          [stack]
7ffffe7ff000-7ffffe800000 r-xp 00000000 00:00 0                          [vdso]
ffffffffff600000-ffffffffff601000 r-xp 00000000 00:00 0                  [vsyscall]

VM Arguments:
jvm_args: -Xverify:none -Xmx14g -XX:+UseBiasedLocking -Dfile.encoding=UTF-8 
java_command: edu.hkust.leap.record.RecordMain 1024 spec.jbb.JBBmain
Launcher Type: SUN_STANDARD

Environment Variables:
PATH=/usr/local/sbin:/usr/local/bin:/usr/sbin:/usr/bin:/sbin:/bin:/usr/games
LD_LIBRARY_PATH=/home/lpxz/pool/jdk1.7/jre/lib/amd64/server:/home/lpxz/pool/jdk1.7/jre/lib/amd64:/home/lpxz/pool/jdk1.7/jre/../lib/amd64:/usr/lib/jvm/java-6-openjdk-amd64/jre/lib/amd64/server:/usr/lib/jvm/java-6-openjdk-amd64/jre/lib/amd64:/usr/lib/jvm/java-6-openjdk-amd64/jre/../lib/amd64
SHELL=/bin/bash
DISPLAY=:0

Signal Handlers:
SIGSEGV: [libjvm.so+0x993870], sa_mask[0]=0x7ffbfeff, sa_flags=0x10000004
SIGBUS: [libjvm.so+0x993870], sa_mask[0]=0x7ffbfeff, sa_flags=0x10000004
SIGFPE: [libjvm.so+0x8105b0], sa_mask[0]=0x7ffbfeff, sa_flags=0x10000004
SIGPIPE: [libjvm.so+0x8105b0], sa_mask[0]=0x7ffbfeff, sa_flags=0x10000004
SIGXFSZ: [libjvm.so+0x8105b0], sa_mask[0]=0x7ffbfeff, sa_flags=0x10000004
SIGILL: [libjvm.so+0x8105b0], sa_mask[0]=0x7ffbfeff, sa_flags=0x10000004
SIGUSR1: SIG_DFL, sa_mask[0]=0x00000000, sa_flags=0x00000000
SIGUSR2: [libjvm.so+0x811aa0], sa_mask[0]=0x00000004, sa_flags=0x10000004
SIGHUP: [libjvm.so+0x812a10], sa_mask[0]=0x7ffbfeff, sa_flags=0x10000004
SIGINT: [libjvm.so+0x812a10], sa_mask[0]=0x7ffbfeff, sa_flags=0x10000004
SIGTERM: [libjvm.so+0x812a10], sa_mask[0]=0x7ffbfeff, sa_flags=0x10000004
SIGQUIT: [libjvm.so+0x812a10], sa_mask[0]=0x7ffbfeff, sa_flags=0x10000004


---------------  S Y S T E M  ---------------

OS:wheezy/sid

uname:Linux 3.2.0-29-generic #46-Ubuntu SMP Fri Jul 27 17:03:23 UTC 2012 x86_64
libc:glibc 2.15 NPTL 2.15 
rlimit: STACK 8192k, CORE 0k, NPROC 125044, NOFILE 4096, AS infinity
load average:2.21 2.33 1.95

/proc/meminfo:
MemTotal:       16023348 kB
MemFree:         8310492 kB
Buffers:          843748 kB
Cached:          3740516 kB
SwapCached:            0 kB
Active:          4789028 kB
Inactive:        1897504 kB
Active(anon):    2167192 kB
Inactive(anon):   176948 kB
Active(file):    2621836 kB
Inactive(file):  1720556 kB
Unevictable:           0 kB
Mlocked:               0 kB
SwapTotal:      62944092 kB
SwapFree:       62944092 kB
Dirty:              3676 kB
Writeback:             0 kB
AnonPages:       2103476 kB
Mapped:           271988 kB
Shmem:            241736 kB
Slab:             728220 kB
SReclaimable:     671192 kB
SUnreclaim:        57028 kB
KernelStack:        4864 kB
PageTables:        43468 kB
NFS_Unstable:          0 kB
Bounce:                0 kB
WritebackTmp:          0 kB
CommitLimit:    70955764 kB
Committed_AS:    5174356 kB
VmallocTotal:   34359738367 kB
VmallocUsed:      401508 kB
VmallocChunk:   34359295636 kB
HardwareCorrupted:     0 kB
AnonHugePages:         0 kB
HugePages_Total:       0
HugePages_Free:        0
HugePages_Rsvd:        0
HugePages_Surp:        0
Hugepagesize:       2048 kB
DirectMap4k:       83456 kB
DirectMap2M:    16279552 kB


CPU:total 8 (4 cores per cpu, 2 threads per core) family 6 model 58 stepping 9, cmov, cx8, fxsr, mmx, sse, sse2, sse3, ssse3, sse4.1, sse4.2, popcnt, avx, aes, erms, ht, tsc, tscinvbit, tscinv

/proc/cpuinfo:
processor	: 0
vendor_id	: GenuineIntel
cpu family	: 6
model		: 58
model name	: Intel(R) Core(TM) i7-3610QM CPU @ 2.30GHz
stepping	: 9
microcode	: 0x12
cpu MHz		: 2301.000
cache size	: 6144 KB
physical id	: 0
siblings	: 8
core id		: 0
cpu cores	: 4
apicid		: 0
initial apicid	: 0
fpu		: yes
fpu_exception	: yes
cpuid level	: 13
wp		: yes
flags		: fpu vme de pse tsc msr pae mce cx8 apic sep mtrr pge mca cmov pat pse36 clflush dts acpi mmx fxsr sse sse2 ss ht tm pbe syscall nx rdtscp lm constant_tsc arch_perfmon pebs bts rep_good nopl xtopology nonstop_tsc aperfmperf pni pclmulqdq dtes64 monitor ds_cpl vmx est tm2 ssse3 cx16 xtpr pdcm pcid sse4_1 sse4_2 x2apic popcnt tsc_deadline_timer aes xsave avx f16c rdrand lahf_lm ida arat epb xsaveopt pln pts dtherm tpr_shadow vnmi flexpriority ept vpid fsgsbase smep erms
bogomips	: 4589.13
clflush size	: 64
cache_alignment	: 64
address sizes	: 36 bits physical, 48 bits virtual
power management:

processor	: 1
vendor_id	: GenuineIntel
cpu family	: 6
model		: 58
model name	: Intel(R) Core(TM) i7-3610QM CPU @ 2.30GHz
stepping	: 9
microcode	: 0x12
cpu MHz		: 2301.000
cache size	: 6144 KB
physical id	: 0
siblings	: 8
core id		: 0
cpu cores	: 4
apicid		: 1
initial apicid	: 1
fpu		: yes
fpu_exception	: yes
cpuid level	: 13
wp		: yes
flags		: fpu vme de pse tsc msr pae mce cx8 apic sep mtrr pge mca cmov pat pse36 clflush dts acpi mmx fxsr sse sse2 ss ht tm pbe syscall nx rdtscp lm constant_tsc arch_perfmon pebs bts rep_good nopl xtopology nonstop_tsc aperfmperf pni pclmulqdq dtes64 monitor ds_cpl vmx est tm2 ssse3 cx16 xtpr pdcm pcid sse4_1 sse4_2 x2apic popcnt tsc_deadline_timer aes xsave avx f16c rdrand lahf_lm ida arat epb xsaveopt pln pts dtherm tpr_shadow vnmi flexpriority ept vpid fsgsbase smep erms
bogomips	: 4589.35
clflush size	: 64
cache_alignment	: 64
address sizes	: 36 bits physical, 48 bits virtual
power management:

processor	: 2
vendor_id	: GenuineIntel
cpu family	: 6
model		: 58
model name	: Intel(R) Core(TM) i7-3610QM CPU @ 2.30GHz
stepping	: 9
microcode	: 0x12
cpu MHz		: 2301.000
cache size	: 6144 KB
physical id	: 0
siblings	: 8
core id		: 1
cpu cores	: 4
apicid		: 2
initial apicid	: 2
fpu		: yes
fpu_exception	: yes
cpuid level	: 13
wp		: yes
flags		: fpu vme de pse tsc msr pae mce cx8 apic sep mtrr pge mca cmov pat pse36 clflush dts acpi mmx fxsr sse sse2 ss ht tm pbe syscall nx rdtscp lm constant_tsc arch_perfmon pebs bts rep_good nopl xtopology nonstop_tsc aperfmperf pni pclmulqdq dtes64 monitor ds_cpl vmx est tm2 ssse3 cx16 xtpr pdcm pcid sse4_1 sse4_2 x2apic popcnt tsc_deadline_timer aes xsave avx f16c rdrand lahf_lm ida arat epb xsaveopt pln pts dtherm tpr_shadow vnmi flexpriority ept vpid fsgsbase smep erms
bogomips	: 4589.37
clflush size	: 64
cache_alignment	: 64
address sizes	: 36 bits physical, 48 bits virtual
power management:

processor	: 3
vendor_id	: GenuineIntel
cpu family	: 6
model		: 58
model name	: Intel(R) Core(TM) i7-3610QM CPU @ 2.30GHz
stepping	: 9
microcode	: 0x12
cpu MHz		: 2301.000
cache size	: 6144 KB
physical id	: 0
siblings	: 8
core id		: 1
cpu cores	: 4
apicid		: 3
initial apicid	: 3
fpu		: yes
fpu_exception	: yes
cpuid level	: 13
wp		: yes
flags		: fpu vme de pse tsc msr pae mce cx8 apic sep mtrr pge mca cmov pat pse36 clflush dts acpi mmx fxsr sse sse2 ss ht tm pbe syscall nx rdtscp lm constant_tsc arch_perfmon pebs bts rep_good nopl xtopology nonstop_tsc aperfmperf pni pclmulqdq dtes64 monitor ds_cpl vmx est tm2 ssse3 cx16 xtpr pdcm pcid sse4_1 sse4_2 x2apic popcnt tsc_deadline_timer aes xsave avx f16c rdrand lahf_lm ida arat epb xsaveopt pln pts dtherm tpr_shadow vnmi flexpriority ept vpid fsgsbase smep erms
bogomips	: 4589.37
clflush size	: 64
cache_alignment	: 64
address sizes	: 36 bits physical, 48 bits virtual
power management:

processor	: 4
vendor_id	: GenuineIntel
cpu family	: 6
model		: 58
model name	: Intel(R) Core(TM) i7-3610QM CPU @ 2.30GHz
stepping	: 9
microcode	: 0x12
cpu MHz		: 2301.000
cache size	: 6144 KB
physical id	: 0
siblings	: 8
core id		: 2
cpu cores	: 4
apicid		: 4
initial apicid	: 4
fpu		: yes
fpu_exception	: yes
cpuid level	: 13
wp		: yes
flags		: fpu vme de pse tsc msr pae mce cx8 apic sep mtrr pge mca cmov pat pse36 clflush dts acpi mmx fxsr sse sse2 ss ht tm pbe syscall nx rdtscp lm constant_tsc arch_perfmon pebs bts rep_good nopl xtopology nonstop_tsc aperfmperf pni pclmulqdq dtes64 monitor ds_cpl vmx est tm2 ssse3 cx16 xtpr pdcm pcid sse4_1 sse4_2 x2apic popcnt tsc_deadline_timer aes xsave avx f16c rdrand lahf_lm ida arat epb xsaveopt pln pts dtherm tpr_shadow vnmi flexpriority ept vpid fsgsbase smep erms
bogomips	: 4589.37
clflush size	: 64
cache_alignment	: 64
address sizes	: 36 bits physical, 48 bits virtual
power management:

processor	: 5
vendor_id	: GenuineIntel
cpu family	: 6
model		: 58
model name	: Intel(R) Core(TM) i7-3610QM CPU @ 2.30GHz
stepping	: 9
microcode	: 0x12
cpu MHz		: 2301.000
cache size	: 6144 KB
physical id	: 0
siblings	: 8
core id		: 2
cpu cores	: 4
apicid		: 5
initial apicid	: 5
fpu		: yes
fpu_exception	: yes
cpuid level	: 13
wp		: yes
flags		: fpu vme de pse tsc msr pae mce cx8 apic sep mtrr pge mca cmov pat pse36 clflush dts acpi mmx fxsr sse sse2 ss ht tm pbe syscall nx rdtscp lm constant_tsc arch_perfmon pebs bts rep_good nopl xtopology nonstop_tsc aperfmperf pni pclmulqdq dtes64 monitor ds_cpl vmx est tm2 ssse3 cx16 xtpr pdcm pcid sse4_1 sse4_2 x2apic popcnt tsc_deadline_timer aes xsave avx f16c rdrand lahf_lm ida arat epb xsaveopt pln pts dtherm tpr_shadow vnmi flexpriority ept vpid fsgsbase smep erms
bogomips	: 4589.37
clflush size	: 64
cache_alignment	: 64
address sizes	: 36 bits physical, 48 bits virtual
power management:

processor	: 6
vendor_id	: GenuineIntel
cpu family	: 6
model		: 58
model name	: Intel(R) Core(TM) i7-3610QM CPU @ 2.30GHz
stepping	: 9
microcode	: 0x12
cpu MHz		: 2301.000
cache size	: 6144 KB
physical id	: 0
siblings	: 8
core id		: 3
cpu cores	: 4
apicid		: 6
initial apicid	: 6
fpu		: yes
fpu_exception	: yes
cpuid level	: 13
wp		: yes
flags		: fpu vme de pse tsc msr pae mce cx8 apic sep mtrr pge mca cmov pat pse36 clflush dts acpi mmx fxsr sse sse2 ss ht tm pbe syscall nx rdtscp lm constant_tsc arch_perfmon pebs bts rep_good nopl xtopology nonstop_tsc aperfmperf pni pclmulqdq dtes64 monitor ds_cpl vmx est tm2 ssse3 cx16 xtpr pdcm pcid sse4_1 sse4_2 x2apic popcnt tsc_deadline_timer aes xsave avx f16c rdrand lahf_lm ida arat epb xsaveopt pln pts dtherm tpr_shadow vnmi flexpriority ept vpid fsgsbase smep erms
bogomips	: 4589.37
clflush size	: 64
cache_alignment	: 64
address sizes	: 36 bits physical, 48 bits virtual
power management:

processor	: 7
vendor_id	: GenuineIntel
cpu family	: 6
model		: 58
model name	: Intel(R) Core(TM) i7-3610QM CPU @ 2.30GHz
stepping	: 9
microcode	: 0x12
cpu MHz		: 1200.000
cache size	: 6144 KB
physical id	: 0
siblings	: 8
core id		: 3
cpu cores	: 4
apicid		: 7
initial apicid	: 7
fpu		: yes
fpu_exception	: yes
cpuid level	: 13
wp		: yes
flags		: fpu vme de pse tsc msr pae mce cx8 apic sep mtrr pge mca cmov pat pse36 clflush dts acpi mmx fxsr sse sse2 ss ht tm pbe syscall nx rdtscp lm constant_tsc arch_perfmon pebs bts rep_good nopl xtopology nonstop_tsc aperfmperf pni pclmulqdq dtes64 monitor ds_cpl vmx est tm2 ssse3 cx16 xtpr pdcm pcid sse4_1 sse4_2 x2apic popcnt tsc_deadline_timer aes xsave avx f16c rdrand lahf_lm ida arat epb xsaveopt pln pts dtherm tpr_shadow vnmi flexpriority ept vpid fsgsbase smep erms
bogomips	: 4589.37
clflush size	: 64
cache_alignment	: 64
address sizes	: 36 bits physical, 48 bits virtual
power management:



Memory: 4k page, physical 16023348k(8310120k free), swap 62944092k(62944092k free)

vm_info: Java HotSpot(TM) 64-Bit Server VM (24.51-b03) for linux-amd64 JRE (1.7.0_51-b13), built on Dec 18 2013 18:48:01 by "java_re" with gcc 4.3.0 20080428 (Red Hat 4.3.0-8)

time: Tue Oct 14 16:42:48 2014
elapsed time: 1 seconds

