#
# A fatal error has been detected by the Java Runtime Environment:
#
#  SIGSEGV (0xb) at pc=0x00007f71d2616172, pid=22376, tid=140126803924736
#
# JRE version: 6.0_26-b03
# Java VM: Java HotSpot(TM) 64-Bit Server VM (20.1-b02 mixed mode linux-amd64 compressed oops)
# Problematic frame:
# V  [libjvm.so+0x761172]  void PSScavenge::copy_and_push_safe_barrier<oopDesc*>(PSPromotionManager*, oopDesc**)+0x12
#
# If you would like to submit a bug report, please visit:
#   http://java.sun.com/webapps/bugreport/crash.jsp
#

---------------  T H R E A D  ---------------

Current thread (0x00007f71cc027800):  GCTaskThread [stack: 0x00007f71d04f1000,0x00007f71d05f2000] [id=22389]

siginfo:si_signo=SIGSEGV: si_errno=0, si_code=128 (), si_addr=0x0000000000000000

Registers:
RAX=0x0000000000000001, RBX=0x00007f71c4a356b8, RCX=0x000d0000004d3e01, RDX=0x0000000000000001
RSP=0x00007f71d05f04c0, RBP=0x00007f71d05f04d0, RSI=0x000d0000004d3e4d, RDI=0x00007f71cc06b320
R8 =0x00007f71d2951f80, R9 =0x00007f719420b1a8, R10=0x0000000000000000, R11=0x0000000000000001
R12=0x00007f71d05f0670, R13=0x00007f71d05f06a0, R14=0x00007f71d05f0530, R15=0x00007f71d05f09d0
RIP=0x00007f71d2616172, EFLAGS=0x0000000000010206, CSGSFS=0x0000000000000033, ERR=0x0000000000000000
  TRAPNO=0x000000000000000d

Top of Stack: (sp=0x00007f71d05f04c0)
0x00007f71d05f04c0:   00007f71d05f0520 00007f71d05f0520
0x00007f71d05f04d0:   00007f71d05f04e0 00007f71d2618ad0
0x00007f71d05f04e0:   00007f71d05f0580 00007f71d25ba38b
0x00007f71d05f04f0:   00007f71c4934ac0 00007f71d05f051c
0x00007f71d05f0500:   00007f719420b188 00007f71d2a8d730
0x00007f71d05f0510:   00007f71d25ba940 ffff0a81d2393d1d
0x00007f71d05f0520:   00007f71cc028060 0000000100000007
0x00007f71d05f0530:   0a817f0100000001 000000010000ffff
0x00007f71d05f0540:   0a817f0000000002 000000000000ffff
0x00007f71d05f0550:   0000000000000000 00007f71d05f0670
0x00007f71d05f0560:   00007f71d05f06a0 00007f71d05f09b0
0x00007f71d05f0570:   00007f71d05f09d0 00007f71d05f09b0
0x00007f71d05f0580:   00007f71d05f0590 00007f71d25ba1e7
0x00007f71d05f0590:   00007f71d05f05f0 00007f71d22f4cca
0x00007f71d05f05a0:   00007f71d05f05c0 00007f71d259f528
0x00007f71d05f05b0:   00007f71d294d730 00007f71d05f0640
0x00007f71d05f05c0:   00007f71d05f0610 00007f71d22f6526
0x00007f71d05f05d0:   00007f71d05f0670 0000000000000001
0x00007f71d05f05e0:   00007f71d05f06a0 00007f71d05f09d0
0x00007f71d05f05f0:   00007f71d05f0630 00007f71d22f5432
0x00007f71d05f0600:   00007f71cc10a000 00007f71d05f06a0
0x00007f71d05f0610:   00007f71d05f0670 00007f71d05f09d0
0x00007f71d05f0620:   00007f71cc10a000 00007f71d05f09b0
0x00007f71d05f0630:   00007f71d05f09a0 00007f71d26d0973
0x00007f71d05f0640:   00007f71c4a356b0 00007f71c908dabc
0x00007f71d05f0650:   00007f71c908d890 00007f7100000000
0x00007f71d05f0660:   000000000000000b 00007f71c4a356b0
0x00007f71d05f0670:   00007f71c4a356b0 00007f71c908dabc
0x00007f71d05f0680:   00007f71c908d890 00007f7100000000
0x00007f71d05f0690:   000000000000000b 00007f71c4a356b0
0x00007f71d05f06a0:   00007f71c4a355e8 00007f71c4a355ec
0x00007f71d05f06b0:   00007f71c4a355e0 00007f71c4a355e4 

Instructions: (pc=0x00007f71d2616172)
0x00007f71d2616152:   66 66 66 90 66 66 66 90 66 66 66 90 66 66 55 48
0x00007f71d2616162:   89 e5 48 83 ec 10 48 89 5d f8 48 89 f3 48 8b 36
0x00007f71d2616172:   48 8b 16 83 e2 03 48 83 fa 03 0f 85 8e 00 00 00
0x00007f71d2616182:   48 8b 0d 6f 8e 46 00 48 8b 16 80 39 00 74 0e 48 

Register to memory mapping:

RAX=0x0000000000000001 is an unknown value
RBX=0x00007f71c4a356b8 is pointing into the stack for thread: 0x00007f71cc10a000
RCX=0x000d0000004d3e01 is an unknown value
RDX=0x0000000000000001 is an unknown value
RSP=0x00007f71d05f04c0 is an unknown value
RBP=0x00007f71d05f04d0 is an unknown value
RSI=0x000d0000004d3e4d is an unknown value
RDI=0x00007f71cc06b320 is an unknown value
R8 =0x00007f71d2951f80: <offset 0xa9cf80> in /home/lpxz/pool/jdk1.6.0_26/jre/lib/amd64/server/libjvm.so at 0x00007f71d1eb5000
R9 =0x00007f719420b1a8 is an unknown value
R10=0x0000000000000000 is an unknown value
R11=0x0000000000000001 is an unknown value
R12=0x00007f71d05f0670 is an unknown value
R13=0x00007f71d05f06a0 is an unknown value
R14=0x00007f71d05f0530 is an unknown value
R15=0x00007f71d05f09d0 is an unknown value


Stack: [0x00007f71d04f1000,0x00007f71d05f2000],  sp=0x00007f71d05f04c0,  free space=1021k
Native frames: (J=compiled Java code, j=interpreted, Vv=VM code, C=native code)
V  [libjvm.so+0x761172]  void PSScavenge::copy_and_push_safe_barrier<oopDesc*>(PSPromotionManager*, oopDesc**)+0x12
V  [libjvm.so+0x763ad0]  PSScavengeRootsClosure::do_oop(oopDesc**)+0x30
V  [libjvm.so+0x70538b]  OopMapSet::all_do(frame const*, RegisterMap const*, OopClosure*, void (*)(oopDesc**, oopDesc**), OopClosure*)+0x19b
V  [libjvm.so+0x7051e7]  OopMapSet::oops_do(frame const*, RegisterMap const*, OopClosure*)+0x17
V  [libjvm.so+0x43fcca]  frame::oops_code_blob_do(OopClosure*, CodeBlobClosure*, RegisterMap const*)+0x3a
V  [libjvm.so+0x440432]  frame::oops_do_internal(OopClosure*, CodeBlobClosure*, RegisterMap*, bool)+0x82
V  [libjvm.so+0x81b973]  JavaThread::oops_do(OopClosure*, CodeBlobClosure*)+0x1d3
V  [libjvm.so+0x76377d]  ThreadRootsTask::do_it(GCTaskManager*, unsigned)+0xad
V  [libjvm.so+0x466efa]  GCTaskThread::run()+0x16a
V  [libjvm.so+0x710adf]  java_start(Thread*)+0x13f

JavaThread 0x00007f71cc10a000 (nid = 22400) was being processed
Java frames: (J=compiled Java code, j=interpreted, Vv=VM code)
v  ~SafepointBlob
J  edu.hkust.leap.monitor.RecordMonitor.addOrder(JIJJ)V
J  edu.hkust.leap.monitor.RecordMonitor.accessSPE(IJZI)V
J  edu.hkust.leap.monitor.RecordMonitor.readBeforeInstance(Ljava/lang/Object;IJLjava/lang/String;ILjava/lang/Object;)V
J  spec.jbb.Order.processLines(Lspec/jbb/Warehouse;SZ)Z
J  spec.jbb.TransactionManager.goManual(ILspec/jbb/TimerData;)J
j  spec.jbb.TransactionManager.go()V+437
j  spec.jbb.JBBmain.run()V+127
j  java.lang.Thread.run()V+11
v  ~StubRoutines::call_stub

---------------  P R O C E S S  ---------------

Java Threads: ( => current thread )
  0x00007f71cc117000 JavaThread "Thread-8" [_thread_blocked, id=22406, stack(0x00007f71c4330000,0x00007f71c4431000)]
  0x00007f71cc115000 JavaThread "Thread-7" [_thread_blocked, id=22405, stack(0x00007f71c4431000,0x00007f71c4532000)]
  0x00007f71cc113800 JavaThread "Thread-6" [_thread_blocked, id=22404, stack(0x00007f71c4532000,0x00007f71c4633000)]
  0x00007f71cc112000 JavaThread "Thread-5" [_thread_blocked, id=22403, stack(0x00007f71c4633000,0x00007f71c4734000)]
  0x00007f71cc110000 JavaThread "Thread-4" [_thread_blocked, id=22402, stack(0x00007f71c4734000,0x00007f71c4835000)]
  0x00007f71cc10c000 JavaThread "Thread-3" [_thread_blocked, id=22401, stack(0x00007f71c4835000,0x00007f71c4936000)]
  0x00007f71cc10a000 JavaThread "Thread-2" [_thread_blocked, id=22400, stack(0x00007f71c4936000,0x00007f71c4a37000)]
  0x00007f71cc108000 JavaThread "Thread-1" [_thread_blocked, id=22399, stack(0x00007f71c4a37000,0x00007f71c4b38000)]
  0x00007f71cc099800 JavaThread "Low Memory Detector" daemon [_thread_blocked, id=22396, stack(0x00007f71c4c39000,0x00007f71c4d3a000)]
  0x00007f71cc097000 JavaThread "C2 CompilerThread1" daemon [_thread_blocked, id=22395, stack(0x00007f71c4d3a000,0x00007f71c4e3b000)]
  0x00007f71cc094000 JavaThread "C2 CompilerThread0" daemon [_thread_blocked, id=22394, stack(0x00007f71c4e3b000,0x00007f71c4f3c000)]
  0x00007f71cc092000 JavaThread "Signal Dispatcher" daemon [_thread_blocked, id=22393, stack(0x00007f71c4f3c000,0x00007f71c503d000)]
  0x00007f71cc075800 JavaThread "Finalizer" daemon [_thread_blocked, id=22392, stack(0x00007f71c5721000,0x00007f71c5822000)]
  0x00007f71cc074000 JavaThread "Reference Handler" daemon [_thread_blocked, id=22391, stack(0x00007f71c5822000,0x00007f71c5923000)]
  0x00007f71cc007800 JavaThread "main" [_thread_blocked, id=22381, stack(0x00007f71d1ab8000,0x00007f71d1bb9000)]

Other Threads:
  0x00007f71cc06d000 VMThread [stack: 0x00007f71c5923000,0x00007f71c5a24000] [id=22390]
  0x00007f71cc0ac000 WatcherThread [stack: 0x00007f71c4b38000,0x00007f71c4c39000] [id=22397]

=>0x00007f71cc027800 (exited) GCTaskThread [stack: 0x00007f71d04f1000,0x00007f71d05f2000] [id=22389]

VM state:at safepoint (normal execution)

VM Mutex/Monitor currently owned by a thread:  ([mutex/lock_event])
[0x00007f71cc0047b0] Threads_lock - owner thread: 0x00007f71cc06d000
[0x00007f71cc004cb0] Heap_lock - owner thread: 0x00007f71cc108000

Heap
 PSYoungGen      total 709888K, used 709879K [0x00000006d5560000, 0x0000000731a20000, 0x0000000800000000)
  eden space 218944K, 100% used [0x00000006d5560000,0x00000006e2b30000,0x00000006e2b30000)
  from space 490944K, 99% used [0x00000006e2b30000,0x0000000700a9def0,0x0000000700aa0000)
  to   space 612736K, 99% used [0x000000070c3c0000,0x0000000731a1fac0,0x0000000731a20000)
 PSOldGen        total 1331712K, used 1126030K [0x0000000480000000, 0x00000004d1480000, 0x00000006d5560000)
  object space 1331712K, 84% used [0x0000000480000000,0x00000004c4ba3b38,0x00000004d1480000)
 PSPermGen       total 21248K, used 6322K [0x000000047ae00000, 0x000000047c2c0000, 0x0000000480000000)
  object space 21248K, 29% used [0x000000047ae00000,0x000000047b42c860,0x000000047c2c0000)

Code Cache  [0x00007f71c9000000, 0x00007f71c9270000, 0x00007f71cc000000)
 total_blobs=525 nmethods=279 adapters=200 free_code_cache=49251712 largest_free_block=12032

Dynamic libraries:
40000000-40009000 r-xp 00000000 08:05 5512341                            /home/lpxz/pool/jdk1.6.0_26/jre/bin/java
40108000-4010a000 rwxp 00008000 08:05 5512341                            /home/lpxz/pool/jdk1.6.0_26/jre/bin/java
419e7000-41a08000 rwxp 00000000 00:00 0                                  [heap]
47ae00000-47c2c0000 rwxp 00000000 00:00 0 
47c2c0000-480000000 rwxp 00000000 00:00 0 
480000000-4d1480000 rwxp 00000000 00:00 0 
4d1480000-6d5560000 rwxp 00000000 00:00 0 
6d5560000-731a20000 rwxp 00000000 00:00 0 
731a20000-800000000 rwxp 00000000 00:00 0 
7f7160000000-7f7160021000 rwxp 00000000 00:00 0 
7f7160021000-7f7164000000 ---p 00000000 00:00 0 
7f7168000000-7f7168021000 rwxp 00000000 00:00 0 
7f7168021000-7f716c000000 ---p 00000000 00:00 0 
7f716c000000-7f716c021000 rwxp 00000000 00:00 0 
7f716c021000-7f7170000000 ---p 00000000 00:00 0 
7f7170000000-7f7170021000 rwxp 00000000 00:00 0 
7f7170021000-7f7174000000 ---p 00000000 00:00 0 
7f7174000000-7f7174021000 rwxp 00000000 00:00 0 
7f7174021000-7f7178000000 ---p 00000000 00:00 0 
7f7178000000-7f7178021000 rwxp 00000000 00:00 0 
7f7178021000-7f717c000000 ---p 00000000 00:00 0 
7f717c000000-7f717c021000 rwxp 00000000 00:00 0 
7f717c021000-7f7180000000 ---p 00000000 00:00 0 
7f7180000000-7f7180021000 rwxp 00000000 00:00 0 
7f7180021000-7f7184000000 ---p 00000000 00:00 0 
7f7184000000-7f7184021000 rwxp 00000000 00:00 0 
7f7184021000-7f7188000000 ---p 00000000 00:00 0 
7f7188000000-7f718912c000 rwxp 00000000 00:00 0 
7f718912c000-7f718c000000 ---p 00000000 00:00 0 
7f718c000000-7f718c021000 rwxp 00000000 00:00 0 
7f718c021000-7f7190000000 ---p 00000000 00:00 0 
7f7190000000-7f7190021000 rwxp 00000000 00:00 0 
7f7190021000-7f7194000000 ---p 00000000 00:00 0 
7f7194000000-7f7194cd6000 rwxp 00000000 00:00 0 
7f7194cd6000-7f7198000000 ---p 00000000 00:00 0 
7f7198000000-7f7198021000 rwxp 00000000 00:00 0 
7f7198021000-7f719c000000 ---p 00000000 00:00 0 
7f719c000000-7f719c021000 rwxp 00000000 00:00 0 
7f719c021000-7f71a0000000 ---p 00000000 00:00 0 
7f71a0000000-7f71a00d7000 rwxp 00000000 00:00 0 
7f71a00d7000-7f71a4000000 ---p 00000000 00:00 0 
7f71a4000000-7f71a402d000 rwxp 00000000 00:00 0 
7f71a402d000-7f71a8000000 ---p 00000000 00:00 0 
7f71a8000000-7f71a8021000 rwxp 00000000 00:00 0 
7f71a8021000-7f71ac000000 ---p 00000000 00:00 0 
7f71ac000000-7f71ac021000 rwxp 00000000 00:00 0 
7f71ac021000-7f71b0000000 ---p 00000000 00:00 0 
7f71b0000000-7f71b0021000 rwxp 00000000 00:00 0 
7f71b0021000-7f71b4000000 ---p 00000000 00:00 0 
7f71b4000000-7f71b4021000 rwxp 00000000 00:00 0 
7f71b4021000-7f71b8000000 ---p 00000000 00:00 0 
7f71b8000000-7f71b8021000 rwxp 00000000 00:00 0 
7f71b8021000-7f71bc000000 ---p 00000000 00:00 0 
7f71bc000000-7f71bc021000 rwxp 00000000 00:00 0 
7f71bc021000-7f71c0000000 ---p 00000000 00:00 0 
7f71c0000000-7f71c0021000 rwxp 00000000 00:00 0 
7f71c0021000-7f71c4000000 ---p 00000000 00:00 0 
7f71c4330000-7f71c4333000 ---p 00000000 00:00 0 
7f71c4333000-7f71c4431000 rwxp 00000000 00:00 0                          [stack:22406]
7f71c4431000-7f71c4434000 ---p 00000000 00:00 0 
7f71c4434000-7f71c4532000 rwxp 00000000 00:00 0                          [stack:22405]
7f71c4532000-7f71c4535000 ---p 00000000 00:00 0 
7f71c4535000-7f71c4633000 rwxp 00000000 00:00 0                          [stack:22404]
7f71c4633000-7f71c4636000 ---p 00000000 00:00 0 
7f71c4636000-7f71c4734000 rwxp 00000000 00:00 0                          [stack:22403]
7f71c4734000-7f71c4737000 ---p 00000000 00:00 0 
7f71c4737000-7f71c4835000 rwxp 00000000 00:00 0                          [stack:22402]
7f71c4835000-7f71c4838000 ---p 00000000 00:00 0 
7f71c4838000-7f71c4936000 rwxp 00000000 00:00 0                          [stack:22401]
7f71c4936000-7f71c4939000 ---p 00000000 00:00 0 
7f71c4939000-7f71c4a37000 rwxp 00000000 00:00 0                          [stack:22400]
7f71c4a37000-7f71c4a3a000 ---p 00000000 00:00 0 
7f71c4a3a000-7f71c4b38000 rwxp 00000000 00:00 0                          [stack:22399]
7f71c4b38000-7f71c4b39000 ---p 00000000 00:00 0 
7f71c4b39000-7f71c4c39000 rwxp 00000000 00:00 0                          [stack:22397]
7f71c4c39000-7f71c4c3c000 ---p 00000000 00:00 0 
7f71c4c3c000-7f71c4d3a000 rwxp 00000000 00:00 0                          [stack:22396]
7f71c4d3a000-7f71c4d3d000 ---p 00000000 00:00 0 
7f71c4d3d000-7f71c4e3b000 rwxp 00000000 00:00 0                          [stack:22395]
7f71c4e3b000-7f71c4e3e000 ---p 00000000 00:00 0 
7f71c4e3e000-7f71c4f3c000 rwxp 00000000 00:00 0                          [stack:22394]
7f71c4f3c000-7f71c4f3f000 ---p 00000000 00:00 0 
7f71c4f3f000-7f71c503d000 rwxp 00000000 00:00 0                          [stack:22393]
7f71c503d000-7f71c5721000 r-xp 00000000 08:05 268596                     /usr/lib/locale/locale-archive
7f71c5721000-7f71c5724000 ---p 00000000 00:00 0 
7f71c5724000-7f71c5822000 rwxp 00000000 00:00 0                          [stack:22392]
7f71c5822000-7f71c5825000 ---p 00000000 00:00 0 
7f71c5825000-7f71c5923000 rwxp 00000000 00:00 0                          [stack:22391]
7f71c5923000-7f71c5924000 ---p 00000000 00:00 0 
7f71c5924000-7f71c63b6000 rwxp 00000000 00:00 0                          [stack:22390]
7f71c63b6000-7f71c73d6000 rwxp 00000000 00:00 0 
7f71c73d6000-7f71c73e1000 rwxp 00000000 00:00 0 
7f71c73e1000-7f71c73ff000 rwxp 00000000 00:00 0 
7f71c73ff000-7f71c768a000 rwxp 00000000 00:00 0 
7f71c768a000-7f71c86a9000 rwxp 00000000 00:00 0 
7f71c86a9000-7f71c898d000 rwxp 00000000 00:00 0 
7f71c898d000-7f71c8fff000 rwxp 00000000 00:00 0 
7f71c8fff000-7f71c9270000 rwxp 00000000 00:00 0 
7f71c9270000-7f71cc12a000 rwxp 00000000 00:00 0 
7f71cc12a000-7f71d0000000 ---p 00000000 00:00 0 
7f71d00fb000-7f71d0331000 rwxp 00000000 00:00 0 
7f71d0331000-7f71d04c9000 r-xs 03029000 08:05 5378036                    /home/lpxz/pool/jdk1.6.0_26/jre/lib/rt.jar
7f71d04c9000-7f71d04f1000 rwxp 00000000 00:00 0 
7f71d04f1000-7f71d04f2000 ---p 00000000 00:00 0 
7f71d04f2000-7f71d05f2000 rwxp 00000000 00:00 0                          [stack:22389]
7f71d05f2000-7f71d05f3000 ---p 00000000 00:00 0 
7f71d05f3000-7f71d06f3000 rwxp 00000000 00:00 0                          [stack:22388]
7f71d06f3000-7f71d06f4000 ---p 00000000 00:00 0 
7f71d06f4000-7f71d07f4000 rwxp 00000000 00:00 0                          [stack:22387]
7f71d07f4000-7f71d07f5000 ---p 00000000 00:00 0 
7f71d07f5000-7f71d08f5000 rwxp 00000000 00:00 0                          [stack:22386]
7f71d08f5000-7f71d08f6000 ---p 00000000 00:00 0 
7f71d08f6000-7f71d09f6000 rwxp 00000000 00:00 0                          [stack:22385]
7f71d09f6000-7f71d09f7000 ---p 00000000 00:00 0 
7f71d09f7000-7f71d0af7000 rwxp 00000000 00:00 0                          [stack:22384]
7f71d0af7000-7f71d0af8000 ---p 00000000 00:00 0 
7f71d0af8000-7f71d0bf8000 rwxp 00000000 00:00 0                          [stack:22383]
7f71d0bf8000-7f71d0bf9000 ---p 00000000 00:00 0 
7f71d0bf9000-7f71d0d04000 rwxp 00000000 00:00 0                          [stack:22382]
7f71d0d04000-7f71d0d22000 rwxp 00000000 00:00 0 
7f71d0d22000-7f71d0d30000 r-xp 00000000 08:05 12330712                   /home/lpxz/pool/jdk1.6.0_26/jre/lib/amd64/libzip.so
7f71d0d30000-7f71d0e32000 ---p 0000e000 08:05 12330712                   /home/lpxz/pool/jdk1.6.0_26/jre/lib/amd64/libzip.so
7f71d0e32000-7f71d0e35000 rwxp 00010000 08:05 12330712                   /home/lpxz/pool/jdk1.6.0_26/jre/lib/amd64/libzip.so
7f71d0e35000-7f71d0e36000 rwxp 00000000 00:00 0 
7f71d0e36000-7f71d0e42000 r-xp 00000000 08:05 19926911                   /lib/x86_64-linux-gnu/libnss_files-2.15.so
7f71d0e42000-7f71d1041000 ---p 0000c000 08:05 19926911                   /lib/x86_64-linux-gnu/libnss_files-2.15.so
7f71d1041000-7f71d1042000 r-xp 0000b000 08:05 19926911                   /lib/x86_64-linux-gnu/libnss_files-2.15.so
7f71d1042000-7f71d1043000 rwxp 0000c000 08:05 19926911                   /lib/x86_64-linux-gnu/libnss_files-2.15.so
7f71d1043000-7f71d104d000 r-xp 00000000 08:05 19926915                   /lib/x86_64-linux-gnu/libnss_nis-2.15.so
7f71d104d000-7f71d124d000 ---p 0000a000 08:05 19926915                   /lib/x86_64-linux-gnu/libnss_nis-2.15.so
7f71d124d000-7f71d124e000 r-xp 0000a000 08:05 19926915                   /lib/x86_64-linux-gnu/libnss_nis-2.15.so
7f71d124e000-7f71d124f000 rwxp 0000b000 08:05 19926915                   /lib/x86_64-linux-gnu/libnss_nis-2.15.so
7f71d124f000-7f71d1257000 r-xp 00000000 08:05 19926907                   /lib/x86_64-linux-gnu/libnss_compat-2.15.so
7f71d1257000-7f71d1456000 ---p 00008000 08:05 19926907                   /lib/x86_64-linux-gnu/libnss_compat-2.15.so
7f71d1456000-7f71d1457000 r-xp 00007000 08:05 19926907                   /lib/x86_64-linux-gnu/libnss_compat-2.15.so
7f71d1457000-7f71d1458000 rwxp 00008000 08:05 19926907                   /lib/x86_64-linux-gnu/libnss_compat-2.15.so
7f71d1458000-7f71d146f000 r-xp 00000000 08:05 19926905                   /lib/x86_64-linux-gnu/libnsl-2.15.so
7f71d146f000-7f71d166e000 ---p 00017000 08:05 19926905                   /lib/x86_64-linux-gnu/libnsl-2.15.so
7f71d166e000-7f71d166f000 r-xp 00016000 08:05 19926905                   /lib/x86_64-linux-gnu/libnsl-2.15.so
7f71d166f000-7f71d1670000 rwxp 00017000 08:05 19926905                   /lib/x86_64-linux-gnu/libnsl-2.15.so
7f71d1670000-7f71d1672000 rwxp 00000000 00:00 0 
7f71d1672000-7f71d169b000 r-xp 00000000 08:05 12330721                   /home/lpxz/pool/jdk1.6.0_26/jre/lib/amd64/libjava.so
7f71d169b000-7f71d179a000 ---p 00029000 08:05 12330721                   /home/lpxz/pool/jdk1.6.0_26/jre/lib/amd64/libjava.so
7f71d179a000-7f71d17a1000 rwxp 00028000 08:05 12330721                   /home/lpxz/pool/jdk1.6.0_26/jre/lib/amd64/libjava.so
7f71d17a1000-7f71d17ae000 r-xp 00000000 08:05 12330707                   /home/lpxz/pool/jdk1.6.0_26/jre/lib/amd64/libverify.so
7f71d17ae000-7f71d18ad000 ---p 0000d000 08:05 12330707                   /home/lpxz/pool/jdk1.6.0_26/jre/lib/amd64/libverify.so
7f71d18ad000-7f71d18b0000 rwxp 0000c000 08:05 12330707                   /home/lpxz/pool/jdk1.6.0_26/jre/lib/amd64/libverify.so
7f71d18b0000-7f71d18b7000 r-xp 00000000 08:05 19926946                   /lib/x86_64-linux-gnu/librt-2.15.so
7f71d18b7000-7f71d1ab6000 ---p 00007000 08:05 19926946                   /lib/x86_64-linux-gnu/librt-2.15.so
7f71d1ab6000-7f71d1ab7000 r-xp 00006000 08:05 19926946                   /lib/x86_64-linux-gnu/librt-2.15.so
7f71d1ab7000-7f71d1ab8000 rwxp 00007000 08:05 19926946                   /lib/x86_64-linux-gnu/librt-2.15.so
7f71d1ab8000-7f71d1abb000 ---p 00000000 00:00 0 
7f71d1abb000-7f71d1bb9000 rwxp 00000000 00:00 0                          [stack:22381]
7f71d1bb9000-7f71d1cb4000 r-xp 00000000 08:05 19926892                   /lib/x86_64-linux-gnu/libm-2.15.so
7f71d1cb4000-7f71d1eb3000 ---p 000fb000 08:05 19926892                   /lib/x86_64-linux-gnu/libm-2.15.so
7f71d1eb3000-7f71d1eb4000 r-xp 000fa000 08:05 19926892                   /lib/x86_64-linux-gnu/libm-2.15.so
7f71d1eb4000-7f71d1eb5000 rwxp 000fb000 08:05 19926892                   /lib/x86_64-linux-gnu/libm-2.15.so
7f71d1eb5000-7f71d27cf000 r-xp 00000000 08:05 12330693                   /home/lpxz/pool/jdk1.6.0_26/jre/lib/amd64/server/libjvm.so
7f71d27cf000-7f71d28d1000 ---p 0091a000 08:05 12330693                   /home/lpxz/pool/jdk1.6.0_26/jre/lib/amd64/server/libjvm.so
7f71d28d1000-7f71d2a86000 rwxp 0091c000 08:05 12330693                   /home/lpxz/pool/jdk1.6.0_26/jre/lib/amd64/server/libjvm.so
7f71d2a86000-7f71d2ac0000 rwxp 00000000 00:00 0 
7f71d2ac0000-7f71d2c75000 r-xp 00000000 08:05 19926860                   /lib/x86_64-linux-gnu/libc-2.15.so
7f71d2c75000-7f71d2e75000 ---p 001b5000 08:05 19926860                   /lib/x86_64-linux-gnu/libc-2.15.so
7f71d2e75000-7f71d2e79000 r-xp 001b5000 08:05 19926860                   /lib/x86_64-linux-gnu/libc-2.15.so
7f71d2e79000-7f71d2e7b000 rwxp 001b9000 08:05 19926860                   /lib/x86_64-linux-gnu/libc-2.15.so
7f71d2e7b000-7f71d2e80000 rwxp 00000000 00:00 0 
7f71d2e80000-7f71d2e82000 r-xp 00000000 08:05 19926873                   /lib/x86_64-linux-gnu/libdl-2.15.so
7f71d2e82000-7f71d3082000 ---p 00002000 08:05 19926873                   /lib/x86_64-linux-gnu/libdl-2.15.so
7f71d3082000-7f71d3083000 r-xp 00002000 08:05 19926873                   /lib/x86_64-linux-gnu/libdl-2.15.so
7f71d3083000-7f71d3084000 rwxp 00003000 08:05 19926873                   /lib/x86_64-linux-gnu/libdl-2.15.so
7f71d3084000-7f71d309c000 r-xp 00000000 08:05 19926940                   /lib/x86_64-linux-gnu/libpthread-2.15.so
7f71d309c000-7f71d329b000 ---p 00018000 08:05 19926940                   /lib/x86_64-linux-gnu/libpthread-2.15.so
7f71d329b000-7f71d329c000 r-xp 00017000 08:05 19926940                   /lib/x86_64-linux-gnu/libpthread-2.15.so
7f71d329c000-7f71d329d000 rwxp 00018000 08:05 19926940                   /lib/x86_64-linux-gnu/libpthread-2.15.so
7f71d329d000-7f71d32a1000 rwxp 00000000 00:00 0 
7f71d32a1000-7f71d32c3000 r-xp 00000000 08:05 19926840                   /lib/x86_64-linux-gnu/ld-2.15.so
7f71d32d0000-7f71d32dc000 r-xs 000da000 08:05 5512457                    /home/lpxz/eclipse/workspacePA_icse/soot-One/lib/polyglotclasses-1.3.5.jar
7f71d32dc000-7f71d32e6000 rwxp 00000000 00:00 0 
7f71d32e6000-7f71d339c000 rwxp 00000000 00:00 0 
7f71d339c000-7f71d339f000 rwxp 00000000 00:00 0 
7f71d339f000-7f71d33a6000 r-xp 00000000 08:05 12330685                   /home/lpxz/pool/jdk1.6.0_26/jre/lib/amd64/jli/libjli.so
7f71d33a6000-7f71d34a7000 ---p 00007000 08:05 12330685                   /home/lpxz/pool/jdk1.6.0_26/jre/lib/amd64/jli/libjli.so
7f71d34a7000-7f71d34a9000 rwxp 00008000 08:05 12330685                   /home/lpxz/pool/jdk1.6.0_26/jre/lib/amd64/jli/libjli.so
7f71d34a9000-7f71d34aa000 rwxp 00000000 00:00 0 
7f71d34b0000-7f71d34b3000 r-xs 0002b000 08:05 5512456                    /home/lpxz/eclipse/workspacePA_icse/soot-One/lib/jasminclasses-2.5.0.jar
7f71d34b3000-7f71d34b7000 r-xs 000cb000 08:05 14029899                   /home/lpxz/pool/jdk1.6.0_26/jre/lib/ext/localedata.jar
7f71d34b7000-7f71d34bf000 rwxs 00000000 08:05 24120341                   /tmp/hsperfdata_lpxz/22376
7f71d34bf000-7f71d34c0000 rwxp 00000000 00:00 0 
7f71d34c0000-7f71d34c1000 ---p 00000000 00:00 0 
7f71d34c1000-7f71d34c3000 rwxp 00000000 00:00 0 
7f71d34c3000-7f71d34c4000 r-xp 00022000 08:05 19926840                   /lib/x86_64-linux-gnu/ld-2.15.so
7f71d34c4000-7f71d34c6000 rwxp 00023000 08:05 19926840                   /lib/x86_64-linux-gnu/ld-2.15.so
7fff3b127000-7fff3b148000 rwxp 00000000 00:00 0                          [stack]
7fff3b1fe000-7fff3b200000 r-xp 00000000 00:00 0                          [vdso]
ffffffffff600000-ffffffffff601000 r-xp 00000000 00:00 0                  [vsyscall]

VM Arguments:
jvm_args: -Xverify:none -Xmx14g -Dfile.encoding=UTF-8 
java_command: edu.hkust.leap.record.RecordMain 33000 spec.jbb.JBBmain
Launcher Type: SUN_STANDARD

Environment Variables:
CLASSPATH=.:/home/lpxz/java_standard/lib/dt.jar:/home/lpxz/java_standard/lib/tools.jar:/home/lpxz/java_standard/lib/
PATH=/home/lpxz/bin/:/home/lpxz/workspace/scala/bin/:/home/lpxz/java_standard/jre/bin:/usr/local/sbin:/usr/local/bin:/usr/sbin:/usr/bin:/sbin:/bin:/usr/games:/home/lpxz/java_standard/bin:/home/lpxz/work/ant1.8/bin:/home/lpxz/work/jsPatch/node_modules/nodeunit/bin
LD_LIBRARY_PATH=/home/lpxz/pool/jdk1.6.0_26/jre/lib/amd64/server:/home/lpxz/pool/jdk1.6.0_26/jre/lib/amd64:/home/lpxz/pool/jdk1.6.0_26/jre/../lib/amd64
SHELL=/bin/bash
DISPLAY=:0

Signal Handlers:
SIGSEGV: [libjvm.so+0x85f800], sa_mask[0]=0x7ffbfeff, sa_flags=0x10000004
SIGBUS: [libjvm.so+0x85f800], sa_mask[0]=0x7ffbfeff, sa_flags=0x10000004
SIGFPE: [libjvm.so+0x70e300], sa_mask[0]=0x7ffbfeff, sa_flags=0x10000004
SIGPIPE: [libjvm.so+0x70e300], sa_mask[0]=0x7ffbfeff, sa_flags=0x10000004
SIGXFSZ: [libjvm.so+0x70e300], sa_mask[0]=0x7ffbfeff, sa_flags=0x10000004
SIGILL: [libjvm.so+0x70e300], sa_mask[0]=0x7ffbfeff, sa_flags=0x10000004
SIGUSR1: SIG_DFL, sa_mask[0]=0x00000000, sa_flags=0x00000000
SIGUSR2: [libjvm.so+0x711110], sa_mask[0]=0x00000004, sa_flags=0x10000004
SIGHUP: [libjvm.so+0x710d10], sa_mask[0]=0x7ffbfeff, sa_flags=0x10000004
SIGINT: [libjvm.so+0x710d10], sa_mask[0]=0x7ffbfeff, sa_flags=0x10000004
SIGTERM: [libjvm.so+0x710d10], sa_mask[0]=0x7ffbfeff, sa_flags=0x10000004
SIGQUIT: [libjvm.so+0x710d10], sa_mask[0]=0x7ffbfeff, sa_flags=0x10000004


---------------  S Y S T E M  ---------------

OS:wheezy/sid

uname:Linux 3.11.0-18-generic #32~precise1-Ubuntu SMP Thu Feb 20 17:52:10 UTC 2014 x86_64
libc:glibc 2.15 NPTL 2.15 
rlimit: STACK 8192k, CORE 0k, NPROC 127328, NOFILE 4096, AS infinity
load average:2.66 1.54 0.80

/proc/meminfo:
MemTotal:       16317216 kB
MemFree:         4115992 kB
Buffers:          562432 kB
Cached:          5950760 kB
SwapCached:            0 kB
Active:          7161652 kB
Inactive:        4211408 kB
Active(anon):    4802736 kB
Inactive(anon):   440304 kB
Active(file):    2358916 kB
Inactive(file):  3771104 kB
Unevictable:          92 kB
Mlocked:              92 kB
SwapTotal:      16659452 kB
SwapFree:       16659452 kB
Dirty:               296 kB
Writeback:             0 kB
AnonPages:       4860240 kB
Mapped:           313992 kB
Shmem:            383168 kB
Slab:             631092 kB
SReclaimable:     582148 kB
SUnreclaim:        48944 kB
KernelStack:        6200 kB
PageTables:        49288 kB
NFS_Unstable:          0 kB
Bounce:                0 kB
WritebackTmp:          0 kB
CommitLimit:    24818060 kB
Committed_AS:    9566136 kB
VmallocTotal:   34359738367 kB
VmallocUsed:      376468 kB
VmallocChunk:   34359359064 kB
HardwareCorrupted:     0 kB
AnonHugePages:         0 kB
HugePages_Total:       0
HugePages_Free:        0
HugePages_Rsvd:        0
HugePages_Surp:        0
Hugepagesize:       2048 kB
DirectMap4k:       78672 kB
DirectMap2M:    16582656 kB


CPU:total 8 (4 cores per cpu, 2 threads per core) family 6 model 58 stepping 9, cmov, cx8, fxsr, mmx, sse, sse2, sse3, ssse3, sse4.1, sse4.2, popcnt, ht

/proc/cpuinfo:
processor	: 0
vendor_id	: GenuineIntel
cpu family	: 6
model		: 58
model name	: Intel(R) Core(TM) i7-3770 CPU @ 3.40GHz
stepping	: 9
microcode	: 0x16
cpu MHz		: 3401.000
cache size	: 8192 KB
physical id	: 0
siblings	: 8
core id		: 0
cpu cores	: 4
apicid		: 0
initial apicid	: 0
fpu		: yes
fpu_exception	: yes
cpuid level	: 13
wp		: yes
flags		: fpu vme de pse tsc msr pae mce cx8 apic sep mtrr pge mca cmov pat pse36 clflush dts acpi mmx fxsr sse sse2 ss ht tm pbe syscall nx rdtscp lm constant_tsc arch_perfmon pebs bts rep_good nopl xtopology nonstop_tsc aperfmperf eagerfpu pni pclmulqdq dtes64 monitor ds_cpl vmx smx est tm2 ssse3 cx16 xtpr pdcm pcid sse4_1 sse4_2 x2apic popcnt tsc_deadline_timer aes xsave avx f16c rdrand lahf_lm ida arat epb xsaveopt pln pts dtherm tpr_shadow vnmi flexpriority ept vpid fsgsbase smep erms
bogomips	: 6784.09
clflush size	: 64
cache_alignment	: 64
address sizes	: 36 bits physical, 48 bits virtual
power management:

processor	: 1
vendor_id	: GenuineIntel
cpu family	: 6
model		: 58
model name	: Intel(R) Core(TM) i7-3770 CPU @ 3.40GHz
stepping	: 9
microcode	: 0x16
cpu MHz		: 3401.000
cache size	: 8192 KB
physical id	: 0
siblings	: 8
core id		: 1
cpu cores	: 4
apicid		: 2
initial apicid	: 2
fpu		: yes
fpu_exception	: yes
cpuid level	: 13
wp		: yes
flags		: fpu vme de pse tsc msr pae mce cx8 apic sep mtrr pge mca cmov pat pse36 clflush dts acpi mmx fxsr sse sse2 ss ht tm pbe syscall nx rdtscp lm constant_tsc arch_perfmon pebs bts rep_good nopl xtopology nonstop_tsc aperfmperf eagerfpu pni pclmulqdq dtes64 monitor ds_cpl vmx smx est tm2 ssse3 cx16 xtpr pdcm pcid sse4_1 sse4_2 x2apic popcnt tsc_deadline_timer aes xsave avx f16c rdrand lahf_lm ida arat epb xsaveopt pln pts dtherm tpr_shadow vnmi flexpriority ept vpid fsgsbase smep erms
bogomips	: 6784.09
clflush size	: 64
cache_alignment	: 64
address sizes	: 36 bits physical, 48 bits virtual
power management:

processor	: 2
vendor_id	: GenuineIntel
cpu family	: 6
model		: 58
model name	: Intel(R) Core(TM) i7-3770 CPU @ 3.40GHz
stepping	: 9
microcode	: 0x16
cpu MHz		: 3401.000
cache size	: 8192 KB
physical id	: 0
siblings	: 8
core id		: 2
cpu cores	: 4
apicid		: 4
initial apicid	: 4
fpu		: yes
fpu_exception	: yes
cpuid level	: 13
wp		: yes
flags		: fpu vme de pse tsc msr pae mce cx8 apic sep mtrr pge mca cmov pat pse36 clflush dts acpi mmx fxsr sse sse2 ss ht tm pbe syscall nx rdtscp lm constant_tsc arch_perfmon pebs bts rep_good nopl xtopology nonstop_tsc aperfmperf eagerfpu pni pclmulqdq dtes64 monitor ds_cpl vmx smx est tm2 ssse3 cx16 xtpr pdcm pcid sse4_1 sse4_2 x2apic popcnt tsc_deadline_timer aes xsave avx f16c rdrand lahf_lm ida arat epb xsaveopt pln pts dtherm tpr_shadow vnmi flexpriority ept vpid fsgsbase smep erms
bogomips	: 6784.09
clflush size	: 64
cache_alignment	: 64
address sizes	: 36 bits physical, 48 bits virtual
power management:

processor	: 3
vendor_id	: GenuineIntel
cpu family	: 6
model		: 58
model name	: Intel(R) Core(TM) i7-3770 CPU @ 3.40GHz
stepping	: 9
microcode	: 0x16
cpu MHz		: 3401.000
cache size	: 8192 KB
physical id	: 0
siblings	: 8
core id		: 3
cpu cores	: 4
apicid		: 6
initial apicid	: 6
fpu		: yes
fpu_exception	: yes
cpuid level	: 13
wp		: yes
flags		: fpu vme de pse tsc msr pae mce cx8 apic sep mtrr pge mca cmov pat pse36 clflush dts acpi mmx fxsr sse sse2 ss ht tm pbe syscall nx rdtscp lm constant_tsc arch_perfmon pebs bts rep_good nopl xtopology nonstop_tsc aperfmperf eagerfpu pni pclmulqdq dtes64 monitor ds_cpl vmx smx est tm2 ssse3 cx16 xtpr pdcm pcid sse4_1 sse4_2 x2apic popcnt tsc_deadline_timer aes xsave avx f16c rdrand lahf_lm ida arat epb xsaveopt pln pts dtherm tpr_shadow vnmi flexpriority ept vpid fsgsbase smep erms
bogomips	: 6784.09
clflush size	: 64
cache_alignment	: 64
address sizes	: 36 bits physical, 48 bits virtual
power management:

processor	: 4
vendor_id	: GenuineIntel
cpu family	: 6
model		: 58
model name	: Intel(R) Core(TM) i7-3770 CPU @ 3.40GHz
stepping	: 9
microcode	: 0x16
cpu MHz		: 3400.000
cache size	: 8192 KB
physical id	: 0
siblings	: 8
core id		: 0
cpu cores	: 4
apicid		: 1
initial apicid	: 1
fpu		: yes
fpu_exception	: yes
cpuid level	: 13
wp		: yes
flags		: fpu vme de pse tsc msr pae mce cx8 apic sep mtrr pge mca cmov pat pse36 clflush dts acpi mmx fxsr sse sse2 ss ht tm pbe syscall nx rdtscp lm constant_tsc arch_perfmon pebs bts rep_good nopl xtopology nonstop_tsc aperfmperf eagerfpu pni pclmulqdq dtes64 monitor ds_cpl vmx smx est tm2 ssse3 cx16 xtpr pdcm pcid sse4_1 sse4_2 x2apic popcnt tsc_deadline_timer aes xsave avx f16c rdrand lahf_lm ida arat epb xsaveopt pln pts dtherm tpr_shadow vnmi flexpriority ept vpid fsgsbase smep erms
bogomips	: 6784.09
clflush size	: 64
cache_alignment	: 64
address sizes	: 36 bits physical, 48 bits virtual
power management:

processor	: 5
vendor_id	: GenuineIntel
cpu family	: 6
model		: 58
model name	: Intel(R) Core(TM) i7-3770 CPU @ 3.40GHz
stepping	: 9
microcode	: 0x16
cpu MHz		: 3400.000
cache size	: 8192 KB
physical id	: 0
siblings	: 8
core id		: 1
cpu cores	: 4
apicid		: 3
initial apicid	: 3
fpu		: yes
fpu_exception	: yes
cpuid level	: 13
wp		: yes
flags		: fpu vme de pse tsc msr pae mce cx8 apic sep mtrr pge mca cmov pat pse36 clflush dts acpi mmx fxsr sse sse2 ss ht tm pbe syscall nx rdtscp lm constant_tsc arch_perfmon pebs bts rep_good nopl xtopology nonstop_tsc aperfmperf eagerfpu pni pclmulqdq dtes64 monitor ds_cpl vmx smx est tm2 ssse3 cx16 xtpr pdcm pcid sse4_1 sse4_2 x2apic popcnt tsc_deadline_timer aes xsave avx f16c rdrand lahf_lm ida arat epb xsaveopt pln pts dtherm tpr_shadow vnmi flexpriority ept vpid fsgsbase smep erms
bogomips	: 6784.09
clflush size	: 64
cache_alignment	: 64
address sizes	: 36 bits physical, 48 bits virtual
power management:

processor	: 6
vendor_id	: GenuineIntel
cpu family	: 6
model		: 58
model name	: Intel(R) Core(TM) i7-3770 CPU @ 3.40GHz
stepping	: 9
microcode	: 0x16
cpu MHz		: 3401.000
cache size	: 8192 KB
physical id	: 0
siblings	: 8
core id		: 2
cpu cores	: 4
apicid		: 5
initial apicid	: 5
fpu		: yes
fpu_exception	: yes
cpuid level	: 13
wp		: yes
flags		: fpu vme de pse tsc msr pae mce cx8 apic sep mtrr pge mca cmov pat pse36 clflush dts acpi mmx fxsr sse sse2 ss ht tm pbe syscall nx rdtscp lm constant_tsc arch_perfmon pebs bts rep_good nopl xtopology nonstop_tsc aperfmperf eagerfpu pni pclmulqdq dtes64 monitor ds_cpl vmx smx est tm2 ssse3 cx16 xtpr pdcm pcid sse4_1 sse4_2 x2apic popcnt tsc_deadline_timer aes xsave avx f16c rdrand lahf_lm ida arat epb xsaveopt pln pts dtherm tpr_shadow vnmi flexpriority ept vpid fsgsbase smep erms
bogomips	: 6784.09
clflush size	: 64
cache_alignment	: 64
address sizes	: 36 bits physical, 48 bits virtual
power management:

processor	: 7
vendor_id	: GenuineIntel
cpu family	: 6
model		: 58
model name	: Intel(R) Core(TM) i7-3770 CPU @ 3.40GHz
stepping	: 9
microcode	: 0x16
cpu MHz		: 2800.000
cache size	: 8192 KB
physical id	: 0
siblings	: 8
core id		: 3
cpu cores	: 4
apicid		: 7
initial apicid	: 7
fpu		: yes
fpu_exception	: yes
cpuid level	: 13
wp		: yes
flags		: fpu vme de pse tsc msr pae mce cx8 apic sep mtrr pge mca cmov pat pse36 clflush dts acpi mmx fxsr sse sse2 ss ht tm pbe syscall nx rdtscp lm constant_tsc arch_perfmon pebs bts rep_good nopl xtopology nonstop_tsc aperfmperf eagerfpu pni pclmulqdq dtes64 monitor ds_cpl vmx smx est tm2 ssse3 cx16 xtpr pdcm pcid sse4_1 sse4_2 x2apic popcnt tsc_deadline_timer aes xsave avx f16c rdrand lahf_lm ida arat epb xsaveopt pln pts dtherm tpr_shadow vnmi flexpriority ept vpid fsgsbase smep erms
bogomips	: 6784.09
clflush size	: 64
cache_alignment	: 64
address sizes	: 36 bits physical, 48 bits virtual
power management:



Memory: 4k page, physical 16317216k(4115992k free), swap 16659452k(16659452k free)

vm_info: Java HotSpot(TM) 64-Bit Server VM (20.1-b02) for linux-amd64 JRE (1.6.0_26-b03), built on May  4 2011 01:13:47 by "java_re" with gcc 3.2.2 (SuSE Linux)

time: Wed Oct 15 11:34:22 2014
elapsed time: 7 seconds

