#
# A fatal error has been detected by the Java Runtime Environment:
#
#  SIGSEGV (0xb) at pc=0x00007f4a4af7d122, pid=19543, tid=139956889560832
#
# JRE version: 6.0_26-b03
# Java VM: Java HotSpot(TM) 64-Bit Server VM (20.1-b02 mixed mode linux-amd64 compressed oops)
# Problematic frame:
# V  [libjvm.so+0x232122]  markOopDesc::must_be_preserved_with_bias(oopDesc*) const+0x32
#
# If you would like to submit a bug report, please visit:
#   http://java.sun.com/webapps/bugreport/crash.jsp
#

---------------  T H R E A D  ---------------

Current thread (0x00007f4a4406d000):  VMThread [stack: 0x00007f4a409fa000,0x00007f4a40afb000] [id=19557]

siginfo:si_signo=SIGSEGV: si_errno=0, si_code=1 (SEGV_MAPERR), si_addr=0x00000000000007b8

Registers:
RAX=0x00007f4a4b7e1010, RBX=0x00000007b692d5ab, RCX=0x0000000000000003, RDX=0x0000000000000708
RSP=0x00007f4a40af9000, RBP=0x00007f4a40af9000, RSI=0x00000007b692d5ab, RDI=0x90963b000000070c
R8 =0x00007f4a4b7ecee0, R9 =0x00007f4a08123962, R10=0x0000000000000002, R11=0x0000000000000001
R12=0x90963b000000070c, R13=0x00007f4a40af91f0, R14=0x00007f4a40af9080, R15=0x00007f4a4b9229c0
RIP=0x00007f4a4af7d122, EFLAGS=0x0000000000010202, CSGSFS=0x0000000000000033, ERR=0x0000000000000004
  TRAPNO=0x000000000000000e

Top of Stack: (sp=0x00007f4a40af9000)
0x00007f4a40af9000:   00007f4a40af9030 00007f4a4b3e720a
0x00007f4a40af9010:   00007f4a40af9140 0000000000000003
0x00007f4a40af9020:   00007f4a40af9070 00007f4a40af91c0
0x00007f4a40af9030:   00007f4a40af90d0 00007f4a4b45038b
0x00007f4a40af9040:   00007f4a13af98c0 00007f4a40af906c
0x00007f4a40af9050:   00007f4a08123940 00007f4a4b923730
0x00007f4a40af9060:   00007f4a4b450940 ffff0a414b229d1d
0x00007f4a40af9070:   00007f4a4402ba10 0000000500000007
0x00007f4a40af9080:   0a417f0100000002 000000050000ffff
0x00007f4a40af9090:   0b017f0000000006 000000000000ffff
0x00007f4a40af90a0:   0000000000000000 00007f4a40af91c0
0x00007f4a40af90b0:   00007f4a40af91f0 00007f4a40af9530
0x00007f4a40af90c0:   00007f4a4b9229c0 00007f4a40af9530
0x00007f4a40af90d0:   00007f4a40af90e0 00007f4a4b4501e7
0x00007f4a40af90e0:   00007f4a40af9140 00007f4a4b18acca
0x00007f4a40af90f0:   00007f4a40af9110 00007f4a4b435528
0x00007f4a40af9100:   00007f4a4b7c63f0 00007f4a40af9190
0x00007f4a40af9110:   00007f4a40af9160 00007f4a4b18c526
0x00007f4a40af9120:   00007f4a40af91c0 0000000000000001
0x00007f4a40af9130:   00007f4a40af91f0 00007f4a4b9229c0
0x00007f4a40af9140:   00007f4a40af9180 00007f4a4b18b432
0x00007f4a40af9150:   00007f4a44172800 00007f4a40af91f0
0x00007f4a40af9160:   00007f4a40af91c0 00007f4a4b9229c0
0x00007f4a40af9170:   00007f4a44172800 00007f4a40af9530
0x00007f4a40af9180:   00007f4a40af94f0 00007f4a4b566973
0x00007f4a40af9190:   00007f4a13bfa230 00007f4a410797b8
0x00007f4a40af91a0:   00007f4a41078f90 0000000000000000
0x00007f4a40af91b0:   00000000e190963b 00007f4a13bfa230
0x00007f4a40af91c0:   00007f4a13bfa230 00007f4a410797b8
0x00007f4a40af91d0:   00007f4a41078f90 0000000000000000
0x00007f4a40af91e0:   00000000e190963b 00007f4a13bfa230
0x00007f4a40af91f0:   00007f4a440055b0 00007f4a4b56b501 

Instructions: (pc=0x00007f4a4af7d122)
0x00007f4a4af7d102:   48 8b 15 4f 93 99 00 80 3a 00 74 52 4c 8b 05 23
0x00007f4a4af7d112:   77 99 00 8b 56 08 41 8b 48 08 48 d3 e2 49 03 10
0x00007f4a4af7d122:   48 8b 8a b0 00 00 00 ba 01 00 00 00 83 e1 07 48
0x00007f4a4af7d132:   83 f9 05 74 21 48 89 fe 31 d2 83 e6 07 48 83 fe 

Register to memory mapping:

RAX=0x00007f4a4b7e1010: _ZTVN9MarkSweep18MarkAndPushClosureE+0x10 in /home/lpxz/pool/jdk1.6.0_26/jre/lib/amd64/server/libjvm.so at 0x00007f4a4ad4b000
RBX=0x00000007b692d5ab is an unknown value
RCX=0x0000000000000003 is an unknown value
RDX=0x0000000000000708 is an unknown value
RSP=0x00007f4a40af9000 is an unknown value
RBP=0x00007f4a40af9000 is an unknown value
RSI=0x00000007b692d5ab is an unknown value
RDI=0x90963b000000070c is an unknown value
R8 =0x00007f4a4b7ecee0: <offset 0xaa1ee0> in /home/lpxz/pool/jdk1.6.0_26/jre/lib/amd64/server/libjvm.so at 0x00007f4a4ad4b000
R9 =0x00007f4a08123962 is an unknown value
R10=0x0000000000000002 is an unknown value
R11=0x0000000000000001 is an unknown value
R12=0x90963b000000070c is an unknown value
R13=0x00007f4a40af91f0 is an unknown value
R14=0x00007f4a40af9080 is an unknown value
R15=0x00007f4a4b9229c0: <offset 0xbd79c0> in /home/lpxz/pool/jdk1.6.0_26/jre/lib/amd64/server/libjvm.so at 0x00007f4a4ad4b000


Stack: [0x00007f4a409fa000,0x00007f4a40afb000],  sp=0x00007f4a40af9000,  free space=1020k
Native frames: (J=compiled Java code, j=interpreted, Vv=VM code, C=native code)
V  [libjvm.so+0x232122]  markOopDesc::must_be_preserved_with_bias(oopDesc*) const+0x32
V  [libjvm.so+0x69c20a]  MarkSweep::MarkAndPushClosure::do_oop(oopDesc**)+0x9a
V  [libjvm.so+0x70538b]  OopMapSet::all_do(frame const*, RegisterMap const*, OopClosure*, void (*)(oopDesc**, oopDesc**), OopClosure*)+0x19b
V  [libjvm.so+0x7051e7]  OopMapSet::oops_do(frame const*, RegisterMap const*, OopClosure*)+0x17
V  [libjvm.so+0x43fcca]  frame::oops_code_blob_do(OopClosure*, CodeBlobClosure*, RegisterMap const*)+0x3a
V  [libjvm.so+0x440432]  frame::oops_do_internal(OopClosure*, CodeBlobClosure*, RegisterMap*, bool)+0x82
V  [libjvm.so+0x81b973]  JavaThread::oops_do(OopClosure*, CodeBlobClosure*)+0x1d3
V  [libjvm.so+0x81e6d0]  Threads::oops_do(OopClosure*, CodeBlobClosure*)+0x30
V  [libjvm.so+0x755dd5]  PSMarkSweep::mark_sweep_phase1(bool)+0xa5
V  [libjvm.so+0x754cc1]  PSMarkSweep::invoke_no_policy(bool)+0x481
V  [libjvm.so+0x761827]  PSScavenge::invoke()+0x147
V  [libjvm.so+0x72380e]  ParallelScavengeHeap::failed_mem_allocate(unsigned long, bool)+0x5e
V  [libjvm.so+0x860408]  VM_ParallelGCFailedAllocation::doit()+0x68
V  [libjvm.so+0x86d7fa]  VM_Operation::evaluate()+0x4a
V  [libjvm.so+0x86cde2]  VMThread::evaluate_operation(VM_Operation*)+0x82
V  [libjvm.so+0x86d053]  VMThread::loop()+0x193
V  [libjvm.so+0x86cb5e]  VMThread::run()+0x6e
V  [libjvm.so+0x710adf]  java_start(Thread*)+0x13f

JavaThread 0x00007f4a44172800 (nid = 19566) was being processed
Java frames: (J=compiled Java code, j=interpreted, Vv=VM code)
v  ~RuntimeStub::_complete_monitor_locking_Java
J  edu.hkust.leap.monitor.RecordMonitor.accessSPE(IJZ)V
J  edu.hkust.leap.monitor.RecordMonitor.readBeforeInstance(Ljava/lang/Object;IJLjava/lang/String;ILjava/lang/Object;)V
J  spec.jbb.Order.processLines(Lspec/jbb/Warehouse;SZ)Z
j  spec.jbb.NewOrderTransaction.process()Z+183
j  spec.jbb.TransactionManager.runTxn(Lspec/jbb/Transaction;JJD)J+36
j  spec.jbb.TransactionManager.goManual(ILspec/jbb/TimerData;)J+141
j  spec.jbb.TransactionManager.go()V+437
j  spec.jbb.JBBmain.run()V+127
j  java.lang.Thread.run()V+11
v  ~StubRoutines::call_stub
VM_Operation (0x00007f4a13af8ed0): ParallelGCFailedAllocation, mode: safepoint, requested by thread 0x00007f4a44173800


---------------  P R O C E S S  ---------------

Java Threads: ( => current thread )
  0x00007f4a44173800 JavaThread "Thread-2" [_thread_blocked, id=19567, stack(0x00007f4a139fa000,0x00007f4a13afb000)]
  0x00007f4a44172800 JavaThread "Thread-1" [_thread_blocked, id=19566, stack(0x00007f4a13afb000,0x00007f4a13bfc000)]
  0x00007f4a44099800 JavaThread "Low Memory Detector" daemon [_thread_blocked, id=19563, stack(0x00007f4a13cfd000,0x00007f4a13dfe000)]
  0x00007f4a44097000 JavaThread "C2 CompilerThread1" daemon [_thread_blocked, id=19562, stack(0x00007f4a13dfe000,0x00007f4a13eff000)]
  0x00007f4a44094800 JavaThread "C2 CompilerThread0" daemon [_thread_blocked, id=19561, stack(0x00007f4a13eff000,0x00007f4a14000000)]
  0x00007f4a44092000 JavaThread "Signal Dispatcher" daemon [_thread_blocked, id=19560, stack(0x00007f4a40014000,0x00007f4a40115000)]
  0x00007f4a44076000 JavaThread "Finalizer" daemon [_thread_blocked, id=19559, stack(0x00007f4a407f8000,0x00007f4a408f9000)]
  0x00007f4a44074000 JavaThread "Reference Handler" daemon [_thread_blocked, id=19558, stack(0x00007f4a408f9000,0x00007f4a409fa000)]
  0x00007f4a44007800 JavaThread "main" [_thread_blocked, id=19548, stack(0x00007f4a4a94e000,0x00007f4a4aa4f000)]

Other Threads:
=>0x00007f4a4406d000 VMThread [stack: 0x00007f4a409fa000,0x00007f4a40afb000] [id=19557]
  0x00007f4a440ac000 WatcherThread [stack: 0x00007f4a13bfc000,0x00007f4a13cfd000] [id=19564]

VM state:at safepoint (normal execution)

VM Mutex/Monitor currently owned by a thread:  ([mutex/lock_event])
[0x00007f4a44004830] Threads_lock - owner thread: 0x00007f4a4406d000
[0x00007f4a44004d30] Heap_lock - owner thread: 0x00007f4a44173800

Heap
 PSYoungGen      total 135616K, used 10400K [0x00000007ae800000, 0x00000007bf0e0000, 0x0000000800000000)
  eden space 125184K, 0% used [0x00000007ae800000,0x00000007ae800000,0x00000007b6240000)
  from space 10432K, 99% used [0x00000007b6240000,0x00000007b6c680a0,0x00000007b6c70000)
  to   space 10432K, 0% used [0x00000007be6b0000,0x00000007be6b0000,0x00000007bf0e0000)
 PSOldGen        total 248896K, used 192972K [0x000000070b800000, 0x000000071ab10000, 0x00000007ae800000)
  object space 248896K, 77% used [0x000000070b800000,0x00000007174732d0,0x000000071ab10000)
 PSPermGen       total 21248K, used 6287K [0x0000000706600000, 0x0000000707ac0000, 0x000000070b800000)
  object space 21248K, 29% used [0x0000000706600000,0x0000000706c23c50,0x0000000707ac0000)

Code Cache  [0x00007f4a41000000, 0x00007f4a41270000, 0x00007f4a44000000)
 total_blobs=438 nmethods=193 adapters=199 free_code_cache=49497088 largest_free_block=14656

Dynamic libraries:
40000000-40009000 r-xp 00000000 08:08 11159973                           /home/lpxz/pool/jdk1.6.0_26/jre/bin/java
40108000-4010a000 rwxp 00008000 08:08 11159973                           /home/lpxz/pool/jdk1.6.0_26/jre/bin/java
41b01000-41b22000 rwxp 00000000 00:00 0                                  [heap]
706600000-707ac0000 rwxp 00000000 00:00 0 
707ac0000-70b800000 rwxp 00000000 00:00 0 
70b800000-71ab10000 rwxp 00000000 00:00 0 
71ab10000-7ae800000 rwxp 00000000 00:00 0 
7ae800000-7bf0e0000 rwxp 00000000 00:00 0 
7bf0e0000-800000000 rwxp 00000000 00:00 0 
7f49f0000000-7f49f0021000 rwxp 00000000 00:00 0 
7f49f0021000-7f49f4000000 ---p 00000000 00:00 0 
7f49f8000000-7f49f8021000 rwxp 00000000 00:00 0 
7f49f8021000-7f49fc000000 ---p 00000000 00:00 0 
7f49fc000000-7f49fc021000 rwxp 00000000 00:00 0 
7f49fc021000-7f4a00000000 ---p 00000000 00:00 0 
7f4a00000000-7f4a00c21000 rwxp 00000000 00:00 0 
7f4a00c21000-7f4a04000000 ---p 00000000 00:00 0 
7f4a04000000-7f4a04021000 rwxp 00000000 00:00 0 
7f4a04021000-7f4a08000000 ---p 00000000 00:00 0 
7f4a08000000-7f4a086eb000 rwxp 00000000 00:00 0 
7f4a086eb000-7f4a0c000000 ---p 00000000 00:00 0 
7f4a0c000000-7f4a0c021000 rwxp 00000000 00:00 0 
7f4a0c021000-7f4a10000000 ---p 00000000 00:00 0 
7f4a139fa000-7f4a139fd000 ---p 00000000 00:00 0 
7f4a139fd000-7f4a13afb000 rwxp 00000000 00:00 0 
7f4a13afb000-7f4a13afe000 ---p 00000000 00:00 0 
7f4a13afe000-7f4a13bfc000 rwxp 00000000 00:00 0 
7f4a13bfc000-7f4a13bfd000 ---p 00000000 00:00 0 
7f4a13bfd000-7f4a13cfd000 rwxp 00000000 00:00 0 
7f4a13cfd000-7f4a13d00000 ---p 00000000 00:00 0 
7f4a13d00000-7f4a13dfe000 rwxp 00000000 00:00 0 
7f4a13dfe000-7f4a13e01000 ---p 00000000 00:00 0 
7f4a13e01000-7f4a13eff000 rwxp 00000000 00:00 0 
7f4a13eff000-7f4a13f02000 ---p 00000000 00:00 0 
7f4a13f02000-7f4a14000000 rwxp 00000000 00:00 0 
7f4a14000000-7f4a14021000 rwxp 00000000 00:00 0 
7f4a14021000-7f4a18000000 ---p 00000000 00:00 0 
7f4a18000000-7f4a18021000 rwxp 00000000 00:00 0 
7f4a18021000-7f4a1c000000 ---p 00000000 00:00 0 
7f4a1c000000-7f4a1c021000 rwxp 00000000 00:00 0 
7f4a1c021000-7f4a20000000 ---p 00000000 00:00 0 
7f4a20000000-7f4a20021000 rwxp 00000000 00:00 0 
7f4a20021000-7f4a24000000 ---p 00000000 00:00 0 
7f4a24000000-7f4a24021000 rwxp 00000000 00:00 0 
7f4a24021000-7f4a28000000 ---p 00000000 00:00 0 
7f4a28000000-7f4a28021000 rwxp 00000000 00:00 0 
7f4a28021000-7f4a2c000000 ---p 00000000 00:00 0 
7f4a2c000000-7f4a2c021000 rwxp 00000000 00:00 0 
7f4a2c021000-7f4a30000000 ---p 00000000 00:00 0 
7f4a30000000-7f4a30021000 rwxp 00000000 00:00 0 
7f4a30021000-7f4a34000000 ---p 00000000 00:00 0 
7f4a34000000-7f4a34021000 rwxp 00000000 00:00 0 
7f4a34021000-7f4a38000000 ---p 00000000 00:00 0 
7f4a38000000-7f4a38021000 rwxp 00000000 00:00 0 
7f4a38021000-7f4a3c000000 ---p 00000000 00:00 0 
7f4a3c000000-7f4a3c021000 rwxp 00000000 00:00 0 
7f4a3c021000-7f4a40000000 ---p 00000000 00:00 0 
7f4a40014000-7f4a40017000 ---p 00000000 00:00 0 
7f4a40017000-7f4a40115000 rwxp 00000000 00:00 0 
7f4a40115000-7f4a407f8000 r-xp 00000000 08:08 6297920                    /usr/lib/locale/locale-archive
7f4a407f8000-7f4a407fb000 ---p 00000000 00:00 0 
7f4a407fb000-7f4a408f9000 rwxp 00000000 00:00 0 
7f4a408f9000-7f4a408fc000 ---p 00000000 00:00 0 
7f4a408fc000-7f4a409fa000 rwxp 00000000 00:00 0 
7f4a409fa000-7f4a409fb000 ---p 00000000 00:00 0 
7f4a409fb000-7f4a41270000 rwxp 00000000 00:00 0 
7f4a41270000-7f4a441a2000 rwxp 00000000 00:00 0 
7f4a441a2000-7f4a48000000 ---p 00000000 00:00 0 
7f4a48096000-7f4a480a2000 r-xs 000da000 08:08 4477681                    /home/lpxz/eclipse/workspacePA_icse/soot-One/lib/polyglotclasses-1.3.5.jar
7f4a480a2000-7f4a480a5000 r-xs 0002b000 08:08 4477682                    /home/lpxz/eclipse/workspacePA_icse/soot-One/lib/jasminclasses-2.5.0.jar
7f4a480a5000-7f4a480a9000 r-xs 000cb000 08:08 11292490                   /home/lpxz/pool/jdk1.6.0_26/jre/lib/ext/localedata.jar
7f4a480a9000-7f4a484e1000 rwxp 00000000 00:00 0 
7f4a484e1000-7f4a48679000 r-xs 03029000 08:08 11160400                   /home/lpxz/pool/jdk1.6.0_26/jre/lib/rt.jar
7f4a48679000-7f4a486a1000 rwxp 00000000 00:00 0 
7f4a486a1000-7f4a486a2000 ---p 00000000 00:00 0 
7f4a486a2000-7f4a487a2000 rwxp 00000000 00:00 0 
7f4a487a2000-7f4a487a3000 ---p 00000000 00:00 0 
7f4a487a3000-7f4a488a3000 rwxp 00000000 00:00 0 
7f4a488a3000-7f4a488a4000 ---p 00000000 00:00 0 
7f4a488a4000-7f4a489a4000 rwxp 00000000 00:00 0 
7f4a489a4000-7f4a489a5000 ---p 00000000 00:00 0 
7f4a489a5000-7f4a48aa5000 rwxp 00000000 00:00 0 
7f4a48aa5000-7f4a48aa6000 ---p 00000000 00:00 0 
7f4a48aa6000-7f4a48ba6000 rwxp 00000000 00:00 0 
7f4a48ba6000-7f4a48ba7000 ---p 00000000 00:00 0 
7f4a48ba7000-7f4a48ca7000 rwxp 00000000 00:00 0 
7f4a48ca7000-7f4a48ca8000 ---p 00000000 00:00 0 
7f4a48ca8000-7f4a48da8000 rwxp 00000000 00:00 0 
7f4a48da8000-7f4a48da9000 ---p 00000000 00:00 0 
7f4a48da9000-7f4a48eb4000 rwxp 00000000 00:00 0 
7f4a48eb4000-7f4a48ed2000 rwxp 00000000 00:00 0 
7f4a48ed2000-7f4a48f4c000 rwxp 00000000 00:00 0 
7f4a48f4c000-7f4a493ea000 rwxp 00000000 00:00 0 
7f4a493ea000-7f4a493f5000 rwxp 00000000 00:00 0 
7f4a493f5000-7f4a49413000 rwxp 00000000 00:00 0 
7f4a49413000-7f4a4948d000 rwxp 00000000 00:00 0 
7f4a4948d000-7f4a4992b000 rwxp 00000000 00:00 0 
7f4a4992b000-7f4a499b0000 rwxp 00000000 00:00 0 
7f4a499b0000-7f4a49bb7000 rwxp 00000000 00:00 0 
7f4a49bb7000-7f4a49bb8000 rwxp 00000000 00:00 0 
7f4a49bb8000-7f4a49bc6000 r-xp 00000000 08:08 11292423                   /home/lpxz/pool/jdk1.6.0_26/jre/lib/amd64/libzip.so
7f4a49bc6000-7f4a49cc8000 ---p 0000e000 08:08 11292423                   /home/lpxz/pool/jdk1.6.0_26/jre/lib/amd64/libzip.so
7f4a49cc8000-7f4a49ccb000 rwxp 00010000 08:08 11292423                   /home/lpxz/pool/jdk1.6.0_26/jre/lib/amd64/libzip.so
7f4a49ccb000-7f4a49ccc000 rwxp 00000000 00:00 0 
7f4a49ccc000-7f4a49cd8000 r-xp 00000000 08:08 12594830                   /lib/x86_64-linux-gnu/libnss_files-2.15.so
7f4a49cd8000-7f4a49ed7000 ---p 0000c000 08:08 12594830                   /lib/x86_64-linux-gnu/libnss_files-2.15.so
7f4a49ed7000-7f4a49ed8000 r-xp 0000b000 08:08 12594830                   /lib/x86_64-linux-gnu/libnss_files-2.15.so
7f4a49ed8000-7f4a49ed9000 rwxp 0000c000 08:08 12594830                   /lib/x86_64-linux-gnu/libnss_files-2.15.so
7f4a49ed9000-7f4a49ee3000 r-xp 00000000 08:08 12594834                   /lib/x86_64-linux-gnu/libnss_nis-2.15.so
7f4a49ee3000-7f4a4a0e3000 ---p 0000a000 08:08 12594834                   /lib/x86_64-linux-gnu/libnss_nis-2.15.so
7f4a4a0e3000-7f4a4a0e4000 r-xp 0000a000 08:08 12594834                   /lib/x86_64-linux-gnu/libnss_nis-2.15.so
7f4a4a0e4000-7f4a4a0e5000 rwxp 0000b000 08:08 12594834                   /lib/x86_64-linux-gnu/libnss_nis-2.15.so
7f4a4a0e5000-7f4a4a0ed000 r-xp 00000000 08:08 12594828                   /lib/x86_64-linux-gnu/libnss_compat-2.15.so
7f4a4a0ed000-7f4a4a2ec000 ---p 00008000 08:08 12594828                   /lib/x86_64-linux-gnu/libnss_compat-2.15.so
7f4a4a2ec000-7f4a4a2ed000 r-xp 00007000 08:08 12594828                   /lib/x86_64-linux-gnu/libnss_compat-2.15.so
7f4a4a2ed000-7f4a4a2ee000 rwxp 00008000 08:08 12594828                   /lib/x86_64-linux-gnu/libnss_compat-2.15.so
7f4a4a2ee000-7f4a4a305000 r-xp 00000000 08:08 12594846                   /lib/x86_64-linux-gnu/libnsl-2.15.so
7f4a4a305000-7f4a4a504000 ---p 00017000 08:08 12594846                   /lib/x86_64-linux-gnu/libnsl-2.15.so
7f4a4a504000-7f4a4a505000 r-xp 00016000 08:08 12594846                   /lib/x86_64-linux-gnu/libnsl-2.15.so
7f4a4a505000-7f4a4a506000 rwxp 00017000 08:08 12594846                   /lib/x86_64-linux-gnu/libnsl-2.15.so
7f4a4a506000-7f4a4a508000 rwxp 00000000 00:00 0 
7f4a4a508000-7f4a4a531000 r-xp 00000000 08:08 11292436                   /home/lpxz/pool/jdk1.6.0_26/jre/lib/amd64/libjava.so
7f4a4a531000-7f4a4a630000 ---p 00029000 08:08 11292436                   /home/lpxz/pool/jdk1.6.0_26/jre/lib/amd64/libjava.so
7f4a4a630000-7f4a4a637000 rwxp 00028000 08:08 11292436                   /home/lpxz/pool/jdk1.6.0_26/jre/lib/amd64/libjava.so
7f4a4a637000-7f4a4a644000 r-xp 00000000 08:08 11292418                   /home/lpxz/pool/jdk1.6.0_26/jre/lib/amd64/libverify.so
7f4a4a644000-7f4a4a743000 ---p 0000d000 08:08 11292418                   /home/lpxz/pool/jdk1.6.0_26/jre/lib/amd64/libverify.so
7f4a4a743000-7f4a4a746000 rwxp 0000c000 08:08 11292418                   /home/lpxz/pool/jdk1.6.0_26/jre/lib/amd64/libverify.so
7f4a4a746000-7f4a4a74d000 r-xp 00000000 08:08 12594833                   /lib/x86_64-linux-gnu/librt-2.15.so
7f4a4a74d000-7f4a4a94c000 ---p 00007000 08:08 12594833                   /lib/x86_64-linux-gnu/librt-2.15.so
7f4a4a94c000-7f4a4a94d000 r-xp 00006000 08:08 12594833                   /lib/x86_64-linux-gnu/librt-2.15.so
7f4a4a94d000-7f4a4a94e000 rwxp 00007000 08:08 12594833                   /lib/x86_64-linux-gnu/librt-2.15.so
7f4a4a94e000-7f4a4a951000 ---p 00000000 00:00 0 
7f4a4a951000-7f4a4aa4f000 rwxp 00000000 00:00 0 
7f4a4aa4f000-7f4a4ab4a000 r-xp 00000000 08:08 12594837                   /lib/x86_64-linux-gnu/libm-2.15.so
7f4a4ab4a000-7f4a4ad49000 ---p 000fb000 08:08 12594837                   /lib/x86_64-linux-gnu/libm-2.15.so
7f4a4ad49000-7f4a4ad4a000 r-xp 000fa000 08:08 12594837                   /lib/x86_64-linux-gnu/libm-2.15.so
7f4a4ad4a000-7f4a4ad4b000 rwxp 000fb000 08:08 12594837                   /lib/x86_64-linux-gnu/libm-2.15.so
7f4a4ad4b000-7f4a4b665000 r-xp 00000000 08:08 11292443                   /home/lpxz/pool/jdk1.6.0_26/jre/lib/amd64/server/libjvm.so
7f4a4b665000-7f4a4b767000 ---p 0091a000 08:08 11292443                   /home/lpxz/pool/jdk1.6.0_26/jre/lib/amd64/server/libjvm.so
7f4a4b767000-7f4a4b91c000 rwxp 0091c000 08:08 11292443                   /home/lpxz/pool/jdk1.6.0_26/jre/lib/amd64/server/libjvm.so
7f4a4b91c000-7f4a4b956000 rwxp 00000000 00:00 0 
7f4a4b956000-7f4a4bb0b000 r-xp 00000000 08:08 12594826                   /lib/x86_64-linux-gnu/libc-2.15.so
7f4a4bb0b000-7f4a4bd0b000 ---p 001b5000 08:08 12594826                   /lib/x86_64-linux-gnu/libc-2.15.so
7f4a4bd0b000-7f4a4bd0f000 r-xp 001b5000 08:08 12594826                   /lib/x86_64-linux-gnu/libc-2.15.so
7f4a4bd0f000-7f4a4bd11000 rwxp 001b9000 08:08 12594826                   /lib/x86_64-linux-gnu/libc-2.15.so
7f4a4bd11000-7f4a4bd16000 rwxp 00000000 00:00 0 
7f4a4bd16000-7f4a4bd18000 r-xp 00000000 08:08 12594841                   /lib/x86_64-linux-gnu/libdl-2.15.so
7f4a4bd18000-7f4a4bf18000 ---p 00002000 08:08 12594841                   /lib/x86_64-linux-gnu/libdl-2.15.so
7f4a4bf18000-7f4a4bf19000 r-xp 00002000 08:08 12594841                   /lib/x86_64-linux-gnu/libdl-2.15.so
7f4a4bf19000-7f4a4bf1a000 rwxp 00003000 08:08 12594841                   /lib/x86_64-linux-gnu/libdl-2.15.so
7f4a4bf1a000-7f4a4bf32000 r-xp 00000000 08:08 12594835                   /lib/x86_64-linux-gnu/libpthread-2.15.so
7f4a4bf32000-7f4a4c131000 ---p 00018000 08:08 12594835                   /lib/x86_64-linux-gnu/libpthread-2.15.so
7f4a4c131000-7f4a4c132000 r-xp 00017000 08:08 12594835                   /lib/x86_64-linux-gnu/libpthread-2.15.so
7f4a4c132000-7f4a4c133000 rwxp 00018000 08:08 12594835                   /lib/x86_64-linux-gnu/libpthread-2.15.so
7f4a4c133000-7f4a4c137000 rwxp 00000000 00:00 0 
7f4a4c137000-7f4a4c159000 r-xp 00000000 08:08 12594838                   /lib/x86_64-linux-gnu/ld-2.15.so
7f4a4c16d000-7f4a4c177000 rwxp 00000000 00:00 0 
7f4a4c177000-7f4a4c22d000 rwxp 00000000 00:00 0 
7f4a4c22d000-7f4a4c230000 rwxp 00000000 00:00 0 
7f4a4c230000-7f4a4c237000 r-xp 00000000 08:08 11292408                   /home/lpxz/pool/jdk1.6.0_26/jre/lib/amd64/jli/libjli.so
7f4a4c237000-7f4a4c338000 ---p 00007000 08:08 11292408                   /home/lpxz/pool/jdk1.6.0_26/jre/lib/amd64/jli/libjli.so
7f4a4c338000-7f4a4c33a000 rwxp 00008000 08:08 11292408                   /home/lpxz/pool/jdk1.6.0_26/jre/lib/amd64/jli/libjli.so
7f4a4c33a000-7f4a4c33b000 rwxp 00000000 00:00 0 
7f4a4c34d000-7f4a4c355000 rwxs 00000000 08:08 5004836                    /tmp/hsperfdata_lpxz/19543
7f4a4c355000-7f4a4c356000 rwxp 00000000 00:00 0 
7f4a4c356000-7f4a4c357000 ---p 00000000 00:00 0 
7f4a4c357000-7f4a4c359000 rwxp 00000000 00:00 0 
7f4a4c359000-7f4a4c35a000 r-xp 00022000 08:08 12594838                   /lib/x86_64-linux-gnu/ld-2.15.so
7f4a4c35a000-7f4a4c35c000 rwxp 00023000 08:08 12594838                   /lib/x86_64-linux-gnu/ld-2.15.so
7fffddb06000-7fffddb27000 rwxp 00000000 00:00 0                          [stack]
7fffddbff000-7fffddc00000 r-xp 00000000 00:00 0                          [vdso]
ffffffffff600000-ffffffffff601000 r-xp 00000000 00:00 0                  [vsyscall]

VM Arguments:
jvm_args: -Xverify:none -Dfile.encoding=UTF-8 
java_command: edu.hkust.leap.record.RecordMain 1000 spec.jbb.JBBmain
Launcher Type: SUN_STANDARD

Environment Variables:
PATH=/usr/local/sbin:/usr/local/bin:/usr/sbin:/usr/bin:/sbin:/bin:/usr/games
LD_LIBRARY_PATH=/home/lpxz/pool/jdk1.6.0_26/jre/lib/amd64/server:/home/lpxz/pool/jdk1.6.0_26/jre/lib/amd64:/home/lpxz/pool/jdk1.6.0_26/jre/../lib/amd64:/usr/lib/jvm/java-6-openjdk-amd64/jre/lib/amd64/server:/usr/lib/jvm/java-6-openjdk-amd64/jre/lib/amd64:/usr/lib/jvm/java-6-openjdk-amd64/jre/../lib/amd64
SHELL=/bin/bash
DISPLAY=:0

Signal Handlers:
SIGSEGV: [libjvm.so+0x85f800], sa_mask[0]=0x7ffbfeff, sa_flags=0x10000004
SIGBUS: [libjvm.so+0x85f800], sa_mask[0]=0x7ffbfeff, sa_flags=0x10000004
SIGFPE: [libjvm.so+0x70e300], sa_mask[0]=0x7ffbfeff, sa_flags=0x10000004
SIGPIPE: [libjvm.so+0x70e300], sa_mask[0]=0x7ffbfeff, sa_flags=0x10000004
SIGXFSZ: [libjvm.so+0x70e300], sa_mask[0]=0x7ffbfeff, sa_flags=0x10000004
SIGILL: [libjvm.so+0x70e300], sa_mask[0]=0x7ffbfeff, sa_flags=0x10000004
SIGUSR1: SIG_DFL, sa_mask[0]=0x00000000, sa_flags=0x00000000
SIGUSR2: [libjvm.so+0x711110], sa_mask[0]=0x00000004, sa_flags=0x10000004
SIGHUP: [libjvm.so+0x710d10], sa_mask[0]=0x7ffbfeff, sa_flags=0x10000004
SIGINT: [libjvm.so+0x710d10], sa_mask[0]=0x7ffbfeff, sa_flags=0x10000004
SIGTERM: [libjvm.so+0x710d10], sa_mask[0]=0x7ffbfeff, sa_flags=0x10000004
SIGQUIT: [libjvm.so+0x710d10], sa_mask[0]=0x7ffbfeff, sa_flags=0x10000004


---------------  S Y S T E M  ---------------

OS:wheezy/sid

uname:Linux 3.2.0-29-generic #46-Ubuntu SMP Fri Jul 27 17:03:23 UTC 2012 x86_64
libc:glibc 2.15 NPTL 2.15 
rlimit: STACK 8192k, CORE 0k, NPROC 125044, NOFILE 4096, AS infinity
load average:1.41 1.11 0.90

/proc/meminfo:
MemTotal:       16023348 kB
MemFree:         7602936 kB
Buffers:          769548 kB
Cached:          3760960 kB
SwapCached:            0 kB
Active:          4869428 kB
Inactive:        2276940 kB
Active(anon):    2651452 kB
Inactive(anon):   188280 kB
Active(file):    2217976 kB
Inactive(file):  2088660 kB
Unevictable:           0 kB
Mlocked:               0 kB
SwapTotal:      62944092 kB
SwapFree:       62944092 kB
Dirty:             14688 kB
Writeback:             0 kB
AnonPages:       2616900 kB
Mapped:           290132 kB
Shmem:            223868 kB
Slab:             967532 kB
SReclaimable:     907724 kB
SUnreclaim:        59808 kB
KernelStack:        5416 kB
PageTables:        46884 kB
NFS_Unstable:          0 kB
Bounce:                0 kB
WritebackTmp:          0 kB
CommitLimit:    70955764 kB
Committed_AS:    5508796 kB
VmallocTotal:   34359738367 kB
VmallocUsed:      401560 kB
VmallocChunk:   34359261408 kB
HardwareCorrupted:     0 kB
AnonHugePages:         0 kB
HugePages_Total:       0
HugePages_Free:        0
HugePages_Rsvd:        0
HugePages_Surp:        0
Hugepagesize:       2048 kB
DirectMap4k:       97792 kB
DirectMap2M:    16265216 kB


CPU:total 8 (4 cores per cpu, 2 threads per core) family 6 model 58 stepping 9, cmov, cx8, fxsr, mmx, sse, sse2, sse3, ssse3, sse4.1, sse4.2, popcnt, ht

/proc/cpuinfo:
processor	: 0
vendor_id	: GenuineIntel
cpu family	: 6
model		: 58
model name	: Intel(R) Core(TM) i7-3610QM CPU @ 2.30GHz
stepping	: 9
microcode	: 0x12
cpu MHz		: 2301.000
cache size	: 6144 KB
physical id	: 0
siblings	: 8
core id		: 0
cpu cores	: 4
apicid		: 0
initial apicid	: 0
fpu		: yes
fpu_exception	: yes
cpuid level	: 13
wp		: yes
flags		: fpu vme de pse tsc msr pae mce cx8 apic sep mtrr pge mca cmov pat pse36 clflush dts acpi mmx fxsr sse sse2 ss ht tm pbe syscall nx rdtscp lm constant_tsc arch_perfmon pebs bts rep_good nopl xtopology nonstop_tsc aperfmperf pni pclmulqdq dtes64 monitor ds_cpl vmx est tm2 ssse3 cx16 xtpr pdcm pcid sse4_1 sse4_2 x2apic popcnt tsc_deadline_timer aes xsave avx f16c rdrand lahf_lm ida arat epb xsaveopt pln pts dtherm tpr_shadow vnmi flexpriority ept vpid fsgsbase smep erms
bogomips	: 4589.74
clflush size	: 64
cache_alignment	: 64
address sizes	: 36 bits physical, 48 bits virtual
power management:

processor	: 1
vendor_id	: GenuineIntel
cpu family	: 6
model		: 58
model name	: Intel(R) Core(TM) i7-3610QM CPU @ 2.30GHz
stepping	: 9
microcode	: 0x12
cpu MHz		: 2301.000
cache size	: 6144 KB
physical id	: 0
siblings	: 8
core id		: 0
cpu cores	: 4
apicid		: 1
initial apicid	: 1
fpu		: yes
fpu_exception	: yes
cpuid level	: 13
wp		: yes
flags		: fpu vme de pse tsc msr pae mce cx8 apic sep mtrr pge mca cmov pat pse36 clflush dts acpi mmx fxsr sse sse2 ss ht tm pbe syscall nx rdtscp lm constant_tsc arch_perfmon pebs bts rep_good nopl xtopology nonstop_tsc aperfmperf pni pclmulqdq dtes64 monitor ds_cpl vmx est tm2 ssse3 cx16 xtpr pdcm pcid sse4_1 sse4_2 x2apic popcnt tsc_deadline_timer aes xsave avx f16c rdrand lahf_lm ida arat epb xsaveopt pln pts dtherm tpr_shadow vnmi flexpriority ept vpid fsgsbase smep erms
bogomips	: 4589.36
clflush size	: 64
cache_alignment	: 64
address sizes	: 36 bits physical, 48 bits virtual
power management:

processor	: 2
vendor_id	: GenuineIntel
cpu family	: 6
model		: 58
model name	: Intel(R) Core(TM) i7-3610QM CPU @ 2.30GHz
stepping	: 9
microcode	: 0x12
cpu MHz		: 2301.000
cache size	: 6144 KB
physical id	: 0
siblings	: 8
core id		: 1
cpu cores	: 4
apicid		: 2
initial apicid	: 2
fpu		: yes
fpu_exception	: yes
cpuid level	: 13
wp		: yes
flags		: fpu vme de pse tsc msr pae mce cx8 apic sep mtrr pge mca cmov pat pse36 clflush dts acpi mmx fxsr sse sse2 ss ht tm pbe syscall nx rdtscp lm constant_tsc arch_perfmon pebs bts rep_good nopl xtopology nonstop_tsc aperfmperf pni pclmulqdq dtes64 monitor ds_cpl vmx est tm2 ssse3 cx16 xtpr pdcm pcid sse4_1 sse4_2 x2apic popcnt tsc_deadline_timer aes xsave avx f16c rdrand lahf_lm ida arat epb xsaveopt pln pts dtherm tpr_shadow vnmi flexpriority ept vpid fsgsbase smep erms
bogomips	: 4589.36
clflush size	: 64
cache_alignment	: 64
address sizes	: 36 bits physical, 48 bits virtual
power management:

processor	: 3
vendor_id	: GenuineIntel
cpu family	: 6
model		: 58
model name	: Intel(R) Core(TM) i7-3610QM CPU @ 2.30GHz
stepping	: 9
microcode	: 0x12
cpu MHz		: 2301.000
cache size	: 6144 KB
physical id	: 0
siblings	: 8
core id		: 1
cpu cores	: 4
apicid		: 3
initial apicid	: 3
fpu		: yes
fpu_exception	: yes
cpuid level	: 13
wp		: yes
flags		: fpu vme de pse tsc msr pae mce cx8 apic sep mtrr pge mca cmov pat pse36 clflush dts acpi mmx fxsr sse sse2 ss ht tm pbe syscall nx rdtscp lm constant_tsc arch_perfmon pebs bts rep_good nopl xtopology nonstop_tsc aperfmperf pni pclmulqdq dtes64 monitor ds_cpl vmx est tm2 ssse3 cx16 xtpr pdcm pcid sse4_1 sse4_2 x2apic popcnt tsc_deadline_timer aes xsave avx f16c rdrand lahf_lm ida arat epb xsaveopt pln pts dtherm tpr_shadow vnmi flexpriority ept vpid fsgsbase smep erms
bogomips	: 4589.37
clflush size	: 64
cache_alignment	: 64
address sizes	: 36 bits physical, 48 bits virtual
power management:

processor	: 4
vendor_id	: GenuineIntel
cpu family	: 6
model		: 58
model name	: Intel(R) Core(TM) i7-3610QM CPU @ 2.30GHz
stepping	: 9
microcode	: 0x12
cpu MHz		: 2301.000
cache size	: 6144 KB
physical id	: 0
siblings	: 8
core id		: 2
cpu cores	: 4
apicid		: 4
initial apicid	: 4
fpu		: yes
fpu_exception	: yes
cpuid level	: 13
wp		: yes
flags		: fpu vme de pse tsc msr pae mce cx8 apic sep mtrr pge mca cmov pat pse36 clflush dts acpi mmx fxsr sse sse2 ss ht tm pbe syscall nx rdtscp lm constant_tsc arch_perfmon pebs bts rep_good nopl xtopology nonstop_tsc aperfmperf pni pclmulqdq dtes64 monitor ds_cpl vmx est tm2 ssse3 cx16 xtpr pdcm pcid sse4_1 sse4_2 x2apic popcnt tsc_deadline_timer aes xsave avx f16c rdrand lahf_lm ida arat epb xsaveopt pln pts dtherm tpr_shadow vnmi flexpriority ept vpid fsgsbase smep erms
bogomips	: 4589.37
clflush size	: 64
cache_alignment	: 64
address sizes	: 36 bits physical, 48 bits virtual
power management:

processor	: 5
vendor_id	: GenuineIntel
cpu family	: 6
model		: 58
model name	: Intel(R) Core(TM) i7-3610QM CPU @ 2.30GHz
stepping	: 9
microcode	: 0x12
cpu MHz		: 2301.000
cache size	: 6144 KB
physical id	: 0
siblings	: 8
core id		: 2
cpu cores	: 4
apicid		: 5
initial apicid	: 5
fpu		: yes
fpu_exception	: yes
cpuid level	: 13
wp		: yes
flags		: fpu vme de pse tsc msr pae mce cx8 apic sep mtrr pge mca cmov pat pse36 clflush dts acpi mmx fxsr sse sse2 ss ht tm pbe syscall nx rdtscp lm constant_tsc arch_perfmon pebs bts rep_good nopl xtopology nonstop_tsc aperfmperf pni pclmulqdq dtes64 monitor ds_cpl vmx est tm2 ssse3 cx16 xtpr pdcm pcid sse4_1 sse4_2 x2apic popcnt tsc_deadline_timer aes xsave avx f16c rdrand lahf_lm ida arat epb xsaveopt pln pts dtherm tpr_shadow vnmi flexpriority ept vpid fsgsbase smep erms
bogomips	: 4589.36
clflush size	: 64
cache_alignment	: 64
address sizes	: 36 bits physical, 48 bits virtual
power management:

processor	: 6
vendor_id	: GenuineIntel
cpu family	: 6
model		: 58
model name	: Intel(R) Core(TM) i7-3610QM CPU @ 2.30GHz
stepping	: 9
microcode	: 0x12
cpu MHz		: 2301.000
cache size	: 6144 KB
physical id	: 0
siblings	: 8
core id		: 3
cpu cores	: 4
apicid		: 6
initial apicid	: 6
fpu		: yes
fpu_exception	: yes
cpuid level	: 13
wp		: yes
flags		: fpu vme de pse tsc msr pae mce cx8 apic sep mtrr pge mca cmov pat pse36 clflush dts acpi mmx fxsr sse sse2 ss ht tm pbe syscall nx rdtscp lm constant_tsc arch_perfmon pebs bts rep_good nopl xtopology nonstop_tsc aperfmperf pni pclmulqdq dtes64 monitor ds_cpl vmx est tm2 ssse3 cx16 xtpr pdcm pcid sse4_1 sse4_2 x2apic popcnt tsc_deadline_timer aes xsave avx f16c rdrand lahf_lm ida arat epb xsaveopt pln pts dtherm tpr_shadow vnmi flexpriority ept vpid fsgsbase smep erms
bogomips	: 4589.37
clflush size	: 64
cache_alignment	: 64
address sizes	: 36 bits physical, 48 bits virtual
power management:

processor	: 7
vendor_id	: GenuineIntel
cpu family	: 6
model		: 58
model name	: Intel(R) Core(TM) i7-3610QM CPU @ 2.30GHz
stepping	: 9
microcode	: 0x12
cpu MHz		: 2301.000
cache size	: 6144 KB
physical id	: 0
siblings	: 8
core id		: 3
cpu cores	: 4
apicid		: 7
initial apicid	: 7
fpu		: yes
fpu_exception	: yes
cpuid level	: 13
wp		: yes
flags		: fpu vme de pse tsc msr pae mce cx8 apic sep mtrr pge mca cmov pat pse36 clflush dts acpi mmx fxsr sse sse2 ss ht tm pbe syscall nx rdtscp lm constant_tsc arch_perfmon pebs bts rep_good nopl xtopology nonstop_tsc aperfmperf pni pclmulqdq dtes64 monitor ds_cpl vmx est tm2 ssse3 cx16 xtpr pdcm pcid sse4_1 sse4_2 x2apic popcnt tsc_deadline_timer aes xsave avx f16c rdrand lahf_lm ida arat epb xsaveopt pln pts dtherm tpr_shadow vnmi flexpriority ept vpid fsgsbase smep erms
bogomips	: 4589.37
clflush size	: 64
cache_alignment	: 64
address sizes	: 36 bits physical, 48 bits virtual
power management:



Memory: 4k page, physical 16023348k(7602936k free), swap 62944092k(62944092k free)

vm_info: Java HotSpot(TM) 64-Bit Server VM (20.1-b02) for linux-amd64 JRE (1.6.0_26-b03), built on May  4 2011 01:13:47 by "java_re" with gcc 3.2.2 (SuSE Linux)

time: Mon Oct 13 22:43:46 2014
elapsed time: 3 seconds

