#
# A fatal error has been detected by the Java Runtime Environment:
#
#  SIGSEGV (0xb) at pc=0x00007fbee74a9965, pid=11033, tid=140457677321984
#
# JRE version: 6.0_26-b03
# Java VM: Java HotSpot(TM) 64-Bit Server VM (20.1-b02 mixed mode linux-amd64 compressed oops)
# Problematic frame:
# V  [libjvm.so+0x6a9965]  LoadKlassNode::make(PhaseGVN&, Node*, Node*, TypePtr const*, TypeKlassPtr const*)+0x45
#
# If you would like to submit a bug report, please visit:
#   http://java.sun.com/webapps/bugreport/crash.jsp
#

---------------  T H R E A D  ---------------

Current thread (0x00007fbee0094000):  JavaThread "C2 CompilerThread0" daemon [_thread_in_native, id=11052, stack(0x00007fbed9e67000,0x00007fbed9f68000)]

siginfo:si_signo=SIGSEGV: si_errno=0, si_code=1 (SEGV_MAPERR), si_addr=0x0000000000000010

Registers:
RAX=0x00007fbee005a8e0, RBX=0x00007fbee7879e70, RCX=0x0000000000000000, RDX=0x0000000000000000
RSP=0x00007fbed9f63c00, RBP=0x00007fbed9f63c40, RSI=0x00007fbe9c0186e0, RDI=0x00007fbe9c001020
R8 =0x00007fbee005cf10, R9 =0x00007fbea809f4f8, R10=0x00007fbe9c001020, R11=0x00007fbee7b8f610
R12=0x0000000000000000, R13=0x0000000000000000, R14=0x00007fbe9c001020, R15=0x00007fbed9f65560
RIP=0x00007fbee74a9965, EFLAGS=0x0000000000010246, CSGSFS=0x0000000000000033, ERR=0x0000000000000004
  TRAPNO=0x000000000000000e

Top of Stack: (sp=0x00007fbed9f63c00)
0x00007fbed9f63c00:   00007fbed9f65fe0 00007fbee005cf10
0x00007fbed9f63c10:   00007fbe9c0186e0 00007fbe9c001020
0x00007fbed9f63c20:   00007fbed9f64310 0000000000000000
0x00007fbed9f63c30:   00007fbe9c007220 00007fbea809f3f8
0x00007fbed9f63c40:   00007fbed9f63c60 00007fbee7283b71
0x00007fbed9f63c50:   00007fbe9c001020 00007fbed9f64310
0x00007fbed9f63c60:   00007fbed9f63d10 00007fbee728c092
0x00007fbed9f63c70:   00007fbed9f65560 00007fbe9c007220
0x00007fbed9f63c80:   00007fbe9c001020 00007fbea809f460
0x00007fbed9f63c90:   0000000000000000 00007fbee005c070
0x00007fbed9f63ca0:   0000000000000000 00007fbea809f3b8
0x00007fbed9f63cb0:   00007fbe9c001020 00007fbe9c001020
0x00007fbed9f63cc0:   00007fbed9f63d10 0000000000000198
0x00007fbed9f63cd0:   00007fbed9f65fe0 0000000000000000
0x00007fbed9f63ce0:   00007fbed9f64310 0000000000000000
0x00007fbed9f63cf0:   00007fbed9f64310 00007fbea809e918
0x00007fbed9f63d00:   00007fbee789c850 00007fbea809f2d8
0x00007fbed9f63d10:   00007fbed9f63d90 00007fbee753c3f8
0x00007fbed9f63d20:   00007fbee005b0c0 00007fbea809e958
0x00007fbed9f63d30:   00007fbea809e918 00007fbe9c001020
0x00007fbed9f63d40:   00007fbed9f64310 00007fbea809bc28
0x00007fbed9f63d50:   00007fbe00000003 00007fbed9f643f0
0x00007fbed9f63d60:   0100000000000002 00007fbea809e670
0x00007fbed9f63d70:   00007fbed9f643f0 00007fbed9f64310
0x00007fbed9f63d80:   00007fbed9f64310 0000000000000090
0x00007fbed9f63d90:   00007fbed9f641c0 00007fbee7534c2b
0x00007fbed9f63da0:   00007fbee0034688 000000047aea6280
0x00007fbed9f63db0:   00007fbed9f63e30 00007fbee74584e3
0x00007fbed9f63dc0:   00007fbea80901f4 0000000000000000
0x00007fbed9f63dd0:   00000000000000b6 00007fbed9f63e90
0x00007fbed9f63de0:   00007fbee0094ee0 00007fbed9f63e8e
0x00007fbed9f63df0:   00007fbed9f63e60 00007fbee7155d11 

Instructions: (pc=0x00007fbee74a9965)
0x00007fbee74a9945:   10 4c 89 f7 48 89 55 c0 49 8b 1e ff 53 28 4c 89
0x00007fbee74a9955:   e2 8b 48 10 83 e9 0b 83 f9 03 48 0f 46 d0 31 c9
0x00007fbee74a9965:   8b 42 10 83 e8 0b 83 f8 03 4c 0f 46 e2 4d 85 e4
0x00007fbee74a9975:   74 0c 80 7a 31 00 b8 01 00 00 00 0f 45 c8 84 c9 

Register to memory mapping:

RAX=0x00007fbee005a8e0 is an unknown value
RBX=0x00007fbee7879e70: _ZTV7ConNode+0x10 in /home/lpxz/pool/jdk1.6.0_26/jre/lib/amd64/server/libjvm.so at 0x00007fbee6e00000
RCX=0x0000000000000000 is an unknown value
RDX=0x0000000000000000 is an unknown value
RSP=0x00007fbed9f63c00 is pointing into the stack for thread: 0x00007fbee0094000
RBP=0x00007fbed9f63c40 is pointing into the stack for thread: 0x00007fbee0094000
RSI=0x00007fbe9c0186e0 is an unknown value
RDI=0x00007fbe9c001020 is an unknown value
R8 =0x00007fbee005cf10 is an unknown value
R9 =0x00007fbea809f4f8 is an unknown value
R10=0x00007fbe9c001020 is an unknown value
R11=0x00007fbee7b8f610: <offset 0x184610> in /lib/x86_64-linux-gnu/libc.so.6 at 0x00007fbee7a0b000
R12=0x0000000000000000 is an unknown value
R13=0x0000000000000000 is an unknown value
R14=0x00007fbe9c001020 is an unknown value
R15=0x00007fbed9f65560 is pointing into the stack for thread: 0x00007fbee0094000


Stack: [0x00007fbed9e67000,0x00007fbed9f68000],  sp=0x00007fbed9f63c00,  free space=1011k
Native frames: (J=compiled Java code, j=interpreted, Vv=VM code, C=native code)
V  [libjvm.so+0x6a9965]  LoadKlassNode::make(PhaseGVN&, Node*, Node*, TypePtr const*, TypeKlassPtr const*)+0x45
V  [libjvm.so+0x483b71]  GraphKit::load_object_klass(Node*)+0x91
V  [libjvm.so+0x48c092]  GraphKit::gen_checkcast(Node*, Node*, Node**)+0x592
V  [libjvm.so+0x73c3f8]  Parse::array_store_check()+0x168
V  [libjvm.so+0x734c2b]  Parse::do_one_bytecode()+0x18ab
V  [libjvm.so+0x72a3aa]  Parse::do_one_block()+0x1aa
V  [libjvm.so+0x727e00]  Parse::do_all_blocks()+0x150
V  [libjvm.so+0x72793b]  Parse::Parse(JVMState*, ciMethod*, float)+0x59b
V  [libjvm.so+0x3215b4]  ParseGenerator::generate(JVMState*)+0x84
V  [libjvm.so+0x423d4e]  Parse::do_call()+0x17e
V  [libjvm.so+0x739c77]  Parse::do_one_bytecode()+0x68f7
V  [libjvm.so+0x72a3aa]  Parse::do_one_block()+0x1aa
V  [libjvm.so+0x727e00]  Parse::do_all_blocks()+0x150
V  [libjvm.so+0x72793b]  Parse::Parse(JVMState*, ciMethod*, float)+0x59b
V  [libjvm.so+0x3215b4]  ParseGenerator::generate(JVMState*)+0x84
V  [libjvm.so+0x423d4e]  Parse::do_call()+0x17e
V  [libjvm.so+0x739c77]  Parse::do_one_bytecode()+0x68f7
V  [libjvm.so+0x72a3aa]  Parse::do_one_block()+0x1aa
V  [libjvm.so+0x727e00]  Parse::do_all_blocks()+0x150
V  [libjvm.so+0x72793b]  Parse::Parse(JVMState*, ciMethod*, float)+0x59b
V  [libjvm.so+0x3215b4]  ParseGenerator::generate(JVMState*)+0x84
V  [libjvm.so+0x39dcc2]  Compile::Compile(ciEnv*, C2Compiler*, ciMethod*, int, bool, bool)+0x762
V  [libjvm.so+0x320d2e]  C2Compiler::compile_method(ciEnv*, ciMethod*, int)+0x9e
V  [libjvm.so+0x3a862a]  CompileBroker::invoke_compiler_on_method(CompileTask*)+0x2ca
V  [libjvm.so+0x3a7f15]  CompileBroker::compiler_thread_loop()+0x355
V  [libjvm.so+0x81fbe9]  compiler_thread_entry(JavaThread*, Thread*)+0x9
V  [libjvm.so+0x8190f1]  JavaThread::run()+0x121
V  [libjvm.so+0x710adf]  java_start(Thread*)+0x13f


Current CompileTask:
C2:    145  29      spec.jbb.JBButil.create_random_a_string(IIS)[C (134 bytes)


---------------  P R O C E S S  ---------------

Java Threads: ( => current thread )
  0x00007fbee0099800 JavaThread "Low Memory Detector" daemon [_thread_blocked, id=11054, stack(0x00007fbed9c65000,0x00007fbed9d66000)]
  0x00007fbee0097000 JavaThread "C2 CompilerThread1" daemon [_thread_in_native, id=11053, stack(0x00007fbed9d66000,0x00007fbed9e67000)]
=>0x00007fbee0094000 JavaThread "C2 CompilerThread0" daemon [_thread_in_native, id=11052, stack(0x00007fbed9e67000,0x00007fbed9f68000)]
  0x00007fbee0092000 JavaThread "Signal Dispatcher" daemon [_thread_blocked, id=11051, stack(0x00007fbed9f68000,0x00007fbeda069000)]
  0x00007fbee0076000 JavaThread "Finalizer" daemon [_thread_blocked, id=11050, stack(0x00007fbeda74d000,0x00007fbeda84e000)]
  0x00007fbee0074000 JavaThread "Reference Handler" daemon [_thread_blocked, id=11049, stack(0x00007fbeda84e000,0x00007fbeda94f000)]
  0x00007fbee0007800 JavaThread "main" [_thread_in_Java, id=11035, stack(0x00007fbee6a03000,0x00007fbee6b04000)]

Other Threads:
  0x00007fbee006d000 VMThread [stack: 0x00007fbeda94f000,0x00007fbedaa50000] [id=11048]
  0x00007fbee00ac000 WatcherThread [stack: 0x00007fbed9b64000,0x00007fbed9c65000] [id=11055]

VM state:not at safepoint (normal execution)

VM Mutex/Monitor currently owned by a thread: None

Heap
 PSYoungGen      total 74368K, used 12196K [0x00000006d5560000, 0x00000006da860000, 0x0000000800000000)
  eden space 63744K, 19% used [0x00000006d5560000,0x00000006d6149308,0x00000006d93a0000)
  from space 10624K, 0% used [0x00000006d9e00000,0x00000006d9e00000,0x00000006da860000)
  to   space 10624K, 0% used [0x00000006d93a0000,0x00000006d93a0000,0x00000006d9e00000)
 PSOldGen        total 169984K, used 0K [0x0000000480000000, 0x000000048a600000, 0x00000006d5560000)
  object space 169984K, 0% used [0x0000000480000000,0x0000000480000000,0x000000048a600000)
 PSPermGen       total 21248K, used 6027K [0x000000047ae00000, 0x000000047c2c0000, 0x0000000480000000)
  object space 21248K, 28% used [0x000000047ae00000,0x000000047b3e2f68,0x000000047c2c0000)

Code Cache  [0x00007fbedd000000, 0x00007fbedd270000, 0x00007fbee0000000)
 total_blobs=278 nmethods=32 adapters=201 free_code_cache=49854592 largest_free_block=7168

Dynamic libraries:
40000000-40009000 r-xp 00000000 08:05 5512341                            /home/lpxz/pool/jdk1.6.0_26/jre/bin/java
40108000-4010a000 rwxp 00008000 08:05 5512341                            /home/lpxz/pool/jdk1.6.0_26/jre/bin/java
40221000-40242000 rwxp 00000000 00:00 0                                  [heap]
47ae00000-47c2c0000 rwxp 00000000 00:00 0 
47c2c0000-480000000 rwxp 00000000 00:00 0 
480000000-48a600000 rwxp 00000000 00:00 0 
48a600000-6d5560000 rwxp 00000000 00:00 0 
6d5560000-6da860000 rwxp 00000000 00:00 0 
6da860000-800000000 rwxp 00000000 00:00 0 
7fbe94000000-7fbe94021000 rwxp 00000000 00:00 0 
7fbe94021000-7fbe98000000 ---p 00000000 00:00 0 
7fbe9c000000-7fbe9c101000 rwxp 00000000 00:00 0 
7fbe9c101000-7fbea0000000 ---p 00000000 00:00 0 
7fbea0000000-7fbea0021000 rwxp 00000000 00:00 0 
7fbea0021000-7fbea4000000 ---p 00000000 00:00 0 
7fbea4000000-7fbea4021000 rwxp 00000000 00:00 0 
7fbea4021000-7fbea8000000 ---p 00000000 00:00 0 
7fbea8000000-7fbea8166000 rwxp 00000000 00:00 0 
7fbea8166000-7fbeac000000 ---p 00000000 00:00 0 
7fbeac000000-7fbeac021000 rwxp 00000000 00:00 0 
7fbeac021000-7fbeb0000000 ---p 00000000 00:00 0 
7fbeb0000000-7fbeb0021000 rwxp 00000000 00:00 0 
7fbeb0021000-7fbeb4000000 ---p 00000000 00:00 0 
7fbeb4000000-7fbeb4021000 rwxp 00000000 00:00 0 
7fbeb4021000-7fbeb8000000 ---p 00000000 00:00 0 
7fbeb8000000-7fbeb8021000 rwxp 00000000 00:00 0 
7fbeb8021000-7fbebc000000 ---p 00000000 00:00 0 
7fbebc000000-7fbebc021000 rwxp 00000000 00:00 0 
7fbebc021000-7fbec0000000 ---p 00000000 00:00 0 
7fbec0000000-7fbec0021000 rwxp 00000000 00:00 0 
7fbec0021000-7fbec4000000 ---p 00000000 00:00 0 
7fbec4000000-7fbec4021000 rwxp 00000000 00:00 0 
7fbec4021000-7fbec8000000 ---p 00000000 00:00 0 
7fbec8000000-7fbec8021000 rwxp 00000000 00:00 0 
7fbec8021000-7fbecc000000 ---p 00000000 00:00 0 
7fbecc000000-7fbecc021000 rwxp 00000000 00:00 0 
7fbecc021000-7fbed0000000 ---p 00000000 00:00 0 
7fbed0000000-7fbed0021000 rwxp 00000000 00:00 0 
7fbed0021000-7fbed4000000 ---p 00000000 00:00 0 
7fbed4000000-7fbed4021000 rwxp 00000000 00:00 0 
7fbed4021000-7fbed8000000 ---p 00000000 00:00 0 
7fbed9b64000-7fbed9b65000 ---p 00000000 00:00 0 
7fbed9b65000-7fbed9c65000 rwxp 00000000 00:00 0                          [stack:11055]
7fbed9c65000-7fbed9c68000 ---p 00000000 00:00 0 
7fbed9c68000-7fbed9d66000 rwxp 00000000 00:00 0                          [stack:11054]
7fbed9d66000-7fbed9d69000 ---p 00000000 00:00 0 
7fbed9d69000-7fbed9e67000 rwxp 00000000 00:00 0                          [stack:11053]
7fbed9e67000-7fbed9e6a000 ---p 00000000 00:00 0 
7fbed9e6a000-7fbed9f68000 rwxp 00000000 00:00 0                          [stack:11052]
7fbed9f68000-7fbed9f6b000 ---p 00000000 00:00 0 
7fbed9f6b000-7fbeda069000 rwxp 00000000 00:00 0                          [stack:11051]
7fbeda069000-7fbeda74d000 r-xp 00000000 08:05 268596                     /usr/lib/locale/locale-archive
7fbeda74d000-7fbeda750000 ---p 00000000 00:00 0 
7fbeda750000-7fbeda84e000 rwxp 00000000 00:00 0                          [stack:11050]
7fbeda84e000-7fbeda851000 ---p 00000000 00:00 0 
7fbeda851000-7fbeda94f000 rwxp 00000000 00:00 0                          [stack:11049]
7fbeda94f000-7fbeda950000 ---p 00000000 00:00 0 
7fbeda950000-7fbedb38d000 rwxp 00000000 00:00 0                          [stack:11048]
7fbedb38d000-7fbedb525000 r-xs 03029000 08:05 5378036                    /home/lpxz/pool/jdk1.6.0_26/jre/lib/rt.jar
7fbedb525000-7fbedb54d000 rwxp 00000000 00:00 0 
7fbedb54d000-7fbedb54e000 ---p 00000000 00:00 0 
7fbedb54e000-7fbedb64e000 rwxp 00000000 00:00 0                          [stack:11047]
7fbedb64e000-7fbedb64f000 ---p 00000000 00:00 0 
7fbedb64f000-7fbedb74f000 rwxp 00000000 00:00 0                          [stack:11046]
7fbedb74f000-7fbedb750000 ---p 00000000 00:00 0 
7fbedb750000-7fbedb850000 rwxp 00000000 00:00 0                          [stack:11045]
7fbedb850000-7fbedb851000 ---p 00000000 00:00 0 
7fbedb851000-7fbedb951000 rwxp 00000000 00:00 0                          [stack:11044]
7fbedb951000-7fbedb952000 ---p 00000000 00:00 0 
7fbedb952000-7fbedba52000 rwxp 00000000 00:00 0                          [stack:11043]
7fbedba52000-7fbedba53000 ---p 00000000 00:00 0 
7fbedba53000-7fbedbb53000 rwxp 00000000 00:00 0                          [stack:11042]
7fbedbb53000-7fbedbb54000 ---p 00000000 00:00 0 
7fbedbb54000-7fbedbc54000 rwxp 00000000 00:00 0                          [stack:11041]
7fbedbc54000-7fbedbc55000 ---p 00000000 00:00 0 
7fbedbc55000-7fbedbda8000 rwxp 00000000 00:00 0                          [stack:11040]
7fbedbda8000-7fbedd000000 rwxp 00000000 00:00 0 
7fbedd000000-7fbedd270000 rwxp 00000000 00:00 0 
7fbedd270000-7fbee012e000 rwxp 00000000 00:00 0 
7fbee012e000-7fbee4000000 ---p 00000000 00:00 0 
7fbee401a000-7fbee4025000 rwxp 00000000 00:00 0 
7fbee4025000-7fbee4043000 rwxp 00000000 00:00 0 
7fbee4043000-7fbee404e000 rwxp 00000000 00:00 0 
7fbee404e000-7fbee406c000 rwxp 00000000 00:00 0 
7fbee406c000-7fbee40bf000 rwxp 00000000 00:00 0 
7fbee40bf000-7fbee5316000 rwxp 00000000 00:00 0 
7fbee5316000-7fbee5341000 rwxp 00000000 00:00 0 
7fbee5341000-7fbee5c6c000 rwxp 00000000 00:00 0 
7fbee5c6c000-7fbee5c6d000 rwxp 00000000 00:00 0 
7fbee5c6d000-7fbee5c7b000 r-xp 00000000 08:05 12330712                   /home/lpxz/pool/jdk1.6.0_26/jre/lib/amd64/libzip.so
7fbee5c7b000-7fbee5d7d000 ---p 0000e000 08:05 12330712                   /home/lpxz/pool/jdk1.6.0_26/jre/lib/amd64/libzip.so
7fbee5d7d000-7fbee5d80000 rwxp 00010000 08:05 12330712                   /home/lpxz/pool/jdk1.6.0_26/jre/lib/amd64/libzip.so
7fbee5d80000-7fbee5d81000 rwxp 00000000 00:00 0 
7fbee5d81000-7fbee5d8d000 r-xp 00000000 08:05 19926911                   /lib/x86_64-linux-gnu/libnss_files-2.15.so
7fbee5d8d000-7fbee5f8c000 ---p 0000c000 08:05 19926911                   /lib/x86_64-linux-gnu/libnss_files-2.15.so
7fbee5f8c000-7fbee5f8d000 r-xp 0000b000 08:05 19926911                   /lib/x86_64-linux-gnu/libnss_files-2.15.so
7fbee5f8d000-7fbee5f8e000 rwxp 0000c000 08:05 19926911                   /lib/x86_64-linux-gnu/libnss_files-2.15.so
7fbee5f8e000-7fbee5f98000 r-xp 00000000 08:05 19926915                   /lib/x86_64-linux-gnu/libnss_nis-2.15.so
7fbee5f98000-7fbee6198000 ---p 0000a000 08:05 19926915                   /lib/x86_64-linux-gnu/libnss_nis-2.15.so
7fbee6198000-7fbee6199000 r-xp 0000a000 08:05 19926915                   /lib/x86_64-linux-gnu/libnss_nis-2.15.so
7fbee6199000-7fbee619a000 rwxp 0000b000 08:05 19926915                   /lib/x86_64-linux-gnu/libnss_nis-2.15.so
7fbee619a000-7fbee61a2000 r-xp 00000000 08:05 19926907                   /lib/x86_64-linux-gnu/libnss_compat-2.15.so
7fbee61a2000-7fbee63a1000 ---p 00008000 08:05 19926907                   /lib/x86_64-linux-gnu/libnss_compat-2.15.so
7fbee63a1000-7fbee63a2000 r-xp 00007000 08:05 19926907                   /lib/x86_64-linux-gnu/libnss_compat-2.15.so
7fbee63a2000-7fbee63a3000 rwxp 00008000 08:05 19926907                   /lib/x86_64-linux-gnu/libnss_compat-2.15.so
7fbee63a3000-7fbee63ba000 r-xp 00000000 08:05 19926905                   /lib/x86_64-linux-gnu/libnsl-2.15.so
7fbee63ba000-7fbee65b9000 ---p 00017000 08:05 19926905                   /lib/x86_64-linux-gnu/libnsl-2.15.so
7fbee65b9000-7fbee65ba000 r-xp 00016000 08:05 19926905                   /lib/x86_64-linux-gnu/libnsl-2.15.so
7fbee65ba000-7fbee65bb000 rwxp 00017000 08:05 19926905                   /lib/x86_64-linux-gnu/libnsl-2.15.so
7fbee65bb000-7fbee65bd000 rwxp 00000000 00:00 0 
7fbee65bd000-7fbee65e6000 r-xp 00000000 08:05 12330721                   /home/lpxz/pool/jdk1.6.0_26/jre/lib/amd64/libjava.so
7fbee65e6000-7fbee66e5000 ---p 00029000 08:05 12330721                   /home/lpxz/pool/jdk1.6.0_26/jre/lib/amd64/libjava.so
7fbee66e5000-7fbee66ec000 rwxp 00028000 08:05 12330721                   /home/lpxz/pool/jdk1.6.0_26/jre/lib/amd64/libjava.so
7fbee66ec000-7fbee66f9000 r-xp 00000000 08:05 12330707                   /home/lpxz/pool/jdk1.6.0_26/jre/lib/amd64/libverify.so
7fbee66f9000-7fbee67f8000 ---p 0000d000 08:05 12330707                   /home/lpxz/pool/jdk1.6.0_26/jre/lib/amd64/libverify.so
7fbee67f8000-7fbee67fb000 rwxp 0000c000 08:05 12330707                   /home/lpxz/pool/jdk1.6.0_26/jre/lib/amd64/libverify.so
7fbee67fb000-7fbee6802000 r-xp 00000000 08:05 19926946                   /lib/x86_64-linux-gnu/librt-2.15.so
7fbee6802000-7fbee6a01000 ---p 00007000 08:05 19926946                   /lib/x86_64-linux-gnu/librt-2.15.so
7fbee6a01000-7fbee6a02000 r-xp 00006000 08:05 19926946                   /lib/x86_64-linux-gnu/librt-2.15.so
7fbee6a02000-7fbee6a03000 rwxp 00007000 08:05 19926946                   /lib/x86_64-linux-gnu/librt-2.15.so
7fbee6a03000-7fbee6a06000 ---p 00000000 00:00 0 
7fbee6a06000-7fbee6b04000 rwxp 00000000 00:00 0                          [stack:11035]
7fbee6b04000-7fbee6bff000 r-xp 00000000 08:05 19926892                   /lib/x86_64-linux-gnu/libm-2.15.so
7fbee6bff000-7fbee6dfe000 ---p 000fb000 08:05 19926892                   /lib/x86_64-linux-gnu/libm-2.15.so
7fbee6dfe000-7fbee6dff000 r-xp 000fa000 08:05 19926892                   /lib/x86_64-linux-gnu/libm-2.15.so
7fbee6dff000-7fbee6e00000 rwxp 000fb000 08:05 19926892                   /lib/x86_64-linux-gnu/libm-2.15.so
7fbee6e00000-7fbee771a000 r-xp 00000000 08:05 12330693                   /home/lpxz/pool/jdk1.6.0_26/jre/lib/amd64/server/libjvm.so
7fbee771a000-7fbee781c000 ---p 0091a000 08:05 12330693                   /home/lpxz/pool/jdk1.6.0_26/jre/lib/amd64/server/libjvm.so
7fbee781c000-7fbee79d1000 rwxp 0091c000 08:05 12330693                   /home/lpxz/pool/jdk1.6.0_26/jre/lib/amd64/server/libjvm.so
7fbee79d1000-7fbee7a0b000 rwxp 00000000 00:00 0 
7fbee7a0b000-7fbee7bc0000 r-xp 00000000 08:05 19926860                   /lib/x86_64-linux-gnu/libc-2.15.so
7fbee7bc0000-7fbee7dc0000 ---p 001b5000 08:05 19926860                   /lib/x86_64-linux-gnu/libc-2.15.so
7fbee7dc0000-7fbee7dc4000 r-xp 001b5000 08:05 19926860                   /lib/x86_64-linux-gnu/libc-2.15.so
7fbee7dc4000-7fbee7dc6000 rwxp 001b9000 08:05 19926860                   /lib/x86_64-linux-gnu/libc-2.15.so
7fbee7dc6000-7fbee7dcb000 rwxp 00000000 00:00 0 
7fbee7dcb000-7fbee7dcd000 r-xp 00000000 08:05 19926873                   /lib/x86_64-linux-gnu/libdl-2.15.so
7fbee7dcd000-7fbee7fcd000 ---p 00002000 08:05 19926873                   /lib/x86_64-linux-gnu/libdl-2.15.so
7fbee7fcd000-7fbee7fce000 r-xp 00002000 08:05 19926873                   /lib/x86_64-linux-gnu/libdl-2.15.so
7fbee7fce000-7fbee7fcf000 rwxp 00003000 08:05 19926873                   /lib/x86_64-linux-gnu/libdl-2.15.so
7fbee7fcf000-7fbee7fe7000 r-xp 00000000 08:05 19926940                   /lib/x86_64-linux-gnu/libpthread-2.15.so
7fbee7fe7000-7fbee81e6000 ---p 00018000 08:05 19926940                   /lib/x86_64-linux-gnu/libpthread-2.15.so
7fbee81e6000-7fbee81e7000 r-xp 00017000 08:05 19926940                   /lib/x86_64-linux-gnu/libpthread-2.15.so
7fbee81e7000-7fbee81e8000 rwxp 00018000 08:05 19926940                   /lib/x86_64-linux-gnu/libpthread-2.15.so
7fbee81e8000-7fbee81ec000 rwxp 00000000 00:00 0 
7fbee81ec000-7fbee820e000 r-xp 00000000 08:05 19926840                   /lib/x86_64-linux-gnu/ld-2.15.so
7fbee821b000-7fbee8227000 r-xs 000da000 08:05 5512457                    /home/lpxz/eclipse/workspacePA_icse/soot-One/lib/polyglotclasses-1.3.5.jar
7fbee8227000-7fbee8231000 rwxp 00000000 00:00 0 
7fbee8231000-7fbee82e7000 rwxp 00000000 00:00 0 
7fbee82e7000-7fbee82ea000 rwxp 00000000 00:00 0 
7fbee82ea000-7fbee82f1000 r-xp 00000000 08:05 12330685                   /home/lpxz/pool/jdk1.6.0_26/jre/lib/amd64/jli/libjli.so
7fbee82f1000-7fbee83f2000 ---p 00007000 08:05 12330685                   /home/lpxz/pool/jdk1.6.0_26/jre/lib/amd64/jli/libjli.so
7fbee83f2000-7fbee83f4000 rwxp 00008000 08:05 12330685                   /home/lpxz/pool/jdk1.6.0_26/jre/lib/amd64/jli/libjli.so
7fbee83f4000-7fbee83f5000 rwxp 00000000 00:00 0 
7fbee83f7000-7fbee83fa000 r-xs 0002b000 08:05 5512456                    /home/lpxz/eclipse/workspacePA_icse/soot-One/lib/jasminclasses-2.5.0.jar
7fbee83fa000-7fbee83fe000 r-xs 0001c000 08:05 8915106                    /home/lpxz/eclipse/workspacePA_icse/leap/recorder/lib/junit-4.2.jar
7fbee83fe000-7fbee8402000 r-xs 000cb000 08:05 14029899                   /home/lpxz/pool/jdk1.6.0_26/jre/lib/ext/localedata.jar
7fbee8402000-7fbee840a000 rwxs 00000000 08:05 24120953                   /tmp/hsperfdata_lpxz/11033
7fbee840a000-7fbee840b000 rwxp 00000000 00:00 0 
7fbee840b000-7fbee840c000 r-xp 00000000 00:00 0 
7fbee840c000-7fbee840e000 rwxp 00000000 00:00 0 
7fbee840e000-7fbee840f000 r-xp 00022000 08:05 19926840                   /lib/x86_64-linux-gnu/ld-2.15.so
7fbee840f000-7fbee8411000 rwxp 00023000 08:05 19926840                   /lib/x86_64-linux-gnu/ld-2.15.so
7fff6b92f000-7fff6b950000 rwxp 00000000 00:00 0                          [stack]
7fff6b9fe000-7fff6ba00000 r-xp 00000000 00:00 0                          [vdso]
ffffffffff600000-ffffffffff601000 r-xp 00000000 00:00 0                  [vsyscall]

VM Arguments:
jvm_args: -Xverify:none -Xmx14g -Dfile.encoding=UTF-8 
java_command: edu.hkust.leap.record.RecordMain 1025 spec.jbb.JBBmain
Launcher Type: SUN_STANDARD

Environment Variables:
CLASSPATH=.:/home/lpxz/java_standard/lib/dt.jar:/home/lpxz/java_standard/lib/tools.jar:/home/lpxz/java_standard/lib/
PATH=/home/lpxz/bin/:/home/lpxz/workspace/scala/bin/:/home/lpxz/java_standard/jre/bin:/usr/local/sbin:/usr/local/bin:/usr/sbin:/usr/bin:/sbin:/bin:/usr/games:/home/lpxz/java_standard/bin:/home/lpxz/work/ant1.8/bin:/home/lpxz/work/jsPatch/node_modules/nodeunit/bin
LD_LIBRARY_PATH=/home/lpxz/pool/jdk1.6.0_26/jre/lib/amd64/server:/home/lpxz/pool/jdk1.6.0_26/jre/lib/amd64:/home/lpxz/pool/jdk1.6.0_26/jre/../lib/amd64
SHELL=/bin/bash
DISPLAY=:0

Signal Handlers:
SIGSEGV: [libjvm.so+0x85f800], sa_mask[0]=0x7ffbfeff, sa_flags=0x10000004
SIGBUS: [libjvm.so+0x85f800], sa_mask[0]=0x7ffbfeff, sa_flags=0x10000004
SIGFPE: [libjvm.so+0x70e300], sa_mask[0]=0x7ffbfeff, sa_flags=0x10000004
SIGPIPE: [libjvm.so+0x70e300], sa_mask[0]=0x7ffbfeff, sa_flags=0x10000004
SIGXFSZ: [libjvm.so+0x70e300], sa_mask[0]=0x7ffbfeff, sa_flags=0x10000004
SIGILL: [libjvm.so+0x70e300], sa_mask[0]=0x7ffbfeff, sa_flags=0x10000004
SIGUSR1: SIG_DFL, sa_mask[0]=0x00000000, sa_flags=0x00000000
SIGUSR2: [libjvm.so+0x711110], sa_mask[0]=0x00000004, sa_flags=0x10000004
SIGHUP: [libjvm.so+0x710d10], sa_mask[0]=0x7ffbfeff, sa_flags=0x10000004
SIGINT: [libjvm.so+0x710d10], sa_mask[0]=0x7ffbfeff, sa_flags=0x10000004
SIGTERM: [libjvm.so+0x710d10], sa_mask[0]=0x7ffbfeff, sa_flags=0x10000004
SIGQUIT: [libjvm.so+0x710d10], sa_mask[0]=0x7ffbfeff, sa_flags=0x10000004


---------------  S Y S T E M  ---------------

OS:wheezy/sid

uname:Linux 3.11.0-18-generic #32~precise1-Ubuntu SMP Thu Feb 20 17:52:10 UTC 2014 x86_64
libc:glibc 2.15 NPTL 2.15 
rlimit: STACK 8192k, CORE 0k, NPROC 127328, NOFILE 4096, AS infinity
load average:0.30 0.25 0.26

/proc/meminfo:
MemTotal:       16317216 kB
MemFree:         8240748 kB
Buffers:          302532 kB
Cached:          4238356 kB
SwapCached:            0 kB
Active:          4757580 kB
Inactive:        2551972 kB
Active(anon):    2416712 kB
Inactive(anon):  1015524 kB
Active(file):    2340868 kB
Inactive(file):  1536448 kB
Unevictable:         120 kB
Mlocked:             120 kB
SwapTotal:      16659452 kB
SwapFree:       16659304 kB
Dirty:               216 kB
Writeback:             0 kB
AnonPages:       2769124 kB
Mapped:           314108 kB
Shmem:            663572 kB
Slab:             569284 kB
SReclaimable:     520408 kB
SUnreclaim:        48876 kB
KernelStack:        5944 kB
PageTables:        46488 kB
NFS_Unstable:          0 kB
Bounce:                0 kB
WritebackTmp:          0 kB
CommitLimit:    24818060 kB
Committed_AS:    8257172 kB
VmallocTotal:   34359738367 kB
VmallocUsed:      376468 kB
VmallocChunk:   34359359064 kB
HardwareCorrupted:     0 kB
AnonHugePages:         0 kB
HugePages_Total:       0
HugePages_Free:        0
HugePages_Rsvd:        0
HugePages_Surp:        0
Hugepagesize:       2048 kB
DirectMap4k:       78672 kB
DirectMap2M:    16582656 kB


CPU:total 8 (4 cores per cpu, 2 threads per core) family 6 model 58 stepping 9, cmov, cx8, fxsr, mmx, sse, sse2, sse3, ssse3, sse4.1, sse4.2, popcnt, ht

/proc/cpuinfo:
processor	: 0
vendor_id	: GenuineIntel
cpu family	: 6
model		: 58
model name	: Intel(R) Core(TM) i7-3770 CPU @ 3.40GHz
stepping	: 9
microcode	: 0x16
cpu MHz		: 1600.000
cache size	: 8192 KB
physical id	: 0
siblings	: 8
core id		: 0
cpu cores	: 4
apicid		: 0
initial apicid	: 0
fpu		: yes
fpu_exception	: yes
cpuid level	: 13
wp		: yes
flags		: fpu vme de pse tsc msr pae mce cx8 apic sep mtrr pge mca cmov pat pse36 clflush dts acpi mmx fxsr sse sse2 ss ht tm pbe syscall nx rdtscp lm constant_tsc arch_perfmon pebs bts rep_good nopl xtopology nonstop_tsc aperfmperf eagerfpu pni pclmulqdq dtes64 monitor ds_cpl vmx smx est tm2 ssse3 cx16 xtpr pdcm pcid sse4_1 sse4_2 x2apic popcnt tsc_deadline_timer aes xsave avx f16c rdrand lahf_lm ida arat epb xsaveopt pln pts dtherm tpr_shadow vnmi flexpriority ept vpid fsgsbase smep erms
bogomips	: 6784.09
clflush size	: 64
cache_alignment	: 64
address sizes	: 36 bits physical, 48 bits virtual
power management:

processor	: 1
vendor_id	: GenuineIntel
cpu family	: 6
model		: 58
model name	: Intel(R) Core(TM) i7-3770 CPU @ 3.40GHz
stepping	: 9
microcode	: 0x16
cpu MHz		: 3401.000
cache size	: 8192 KB
physical id	: 0
siblings	: 8
core id		: 1
cpu cores	: 4
apicid		: 2
initial apicid	: 2
fpu		: yes
fpu_exception	: yes
cpuid level	: 13
wp		: yes
flags		: fpu vme de pse tsc msr pae mce cx8 apic sep mtrr pge mca cmov pat pse36 clflush dts acpi mmx fxsr sse sse2 ss ht tm pbe syscall nx rdtscp lm constant_tsc arch_perfmon pebs bts rep_good nopl xtopology nonstop_tsc aperfmperf eagerfpu pni pclmulqdq dtes64 monitor ds_cpl vmx smx est tm2 ssse3 cx16 xtpr pdcm pcid sse4_1 sse4_2 x2apic popcnt tsc_deadline_timer aes xsave avx f16c rdrand lahf_lm ida arat epb xsaveopt pln pts dtherm tpr_shadow vnmi flexpriority ept vpid fsgsbase smep erms
bogomips	: 6784.09
clflush size	: 64
cache_alignment	: 64
address sizes	: 36 bits physical, 48 bits virtual
power management:

processor	: 2
vendor_id	: GenuineIntel
cpu family	: 6
model		: 58
model name	: Intel(R) Core(TM) i7-3770 CPU @ 3.40GHz
stepping	: 9
microcode	: 0x16
cpu MHz		: 1600.000
cache size	: 8192 KB
physical id	: 0
siblings	: 8
core id		: 2
cpu cores	: 4
apicid		: 4
initial apicid	: 4
fpu		: yes
fpu_exception	: yes
cpuid level	: 13
wp		: yes
flags		: fpu vme de pse tsc msr pae mce cx8 apic sep mtrr pge mca cmov pat pse36 clflush dts acpi mmx fxsr sse sse2 ss ht tm pbe syscall nx rdtscp lm constant_tsc arch_perfmon pebs bts rep_good nopl xtopology nonstop_tsc aperfmperf eagerfpu pni pclmulqdq dtes64 monitor ds_cpl vmx smx est tm2 ssse3 cx16 xtpr pdcm pcid sse4_1 sse4_2 x2apic popcnt tsc_deadline_timer aes xsave avx f16c rdrand lahf_lm ida arat epb xsaveopt pln pts dtherm tpr_shadow vnmi flexpriority ept vpid fsgsbase smep erms
bogomips	: 6784.09
clflush size	: 64
cache_alignment	: 64
address sizes	: 36 bits physical, 48 bits virtual
power management:

processor	: 3
vendor_id	: GenuineIntel
cpu family	: 6
model		: 58
model name	: Intel(R) Core(TM) i7-3770 CPU @ 3.40GHz
stepping	: 9
microcode	: 0x16
cpu MHz		: 1600.000
cache size	: 8192 KB
physical id	: 0
siblings	: 8
core id		: 3
cpu cores	: 4
apicid		: 6
initial apicid	: 6
fpu		: yes
fpu_exception	: yes
cpuid level	: 13
wp		: yes
flags		: fpu vme de pse tsc msr pae mce cx8 apic sep mtrr pge mca cmov pat pse36 clflush dts acpi mmx fxsr sse sse2 ss ht tm pbe syscall nx rdtscp lm constant_tsc arch_perfmon pebs bts rep_good nopl xtopology nonstop_tsc aperfmperf eagerfpu pni pclmulqdq dtes64 monitor ds_cpl vmx smx est tm2 ssse3 cx16 xtpr pdcm pcid sse4_1 sse4_2 x2apic popcnt tsc_deadline_timer aes xsave avx f16c rdrand lahf_lm ida arat epb xsaveopt pln pts dtherm tpr_shadow vnmi flexpriority ept vpid fsgsbase smep erms
bogomips	: 6784.09
clflush size	: 64
cache_alignment	: 64
address sizes	: 36 bits physical, 48 bits virtual
power management:

processor	: 4
vendor_id	: GenuineIntel
cpu family	: 6
model		: 58
model name	: Intel(R) Core(TM) i7-3770 CPU @ 3.40GHz
stepping	: 9
microcode	: 0x16
cpu MHz		: 1600.000
cache size	: 8192 KB
physical id	: 0
siblings	: 8
core id		: 0
cpu cores	: 4
apicid		: 1
initial apicid	: 1
fpu		: yes
fpu_exception	: yes
cpuid level	: 13
wp		: yes
flags		: fpu vme de pse tsc msr pae mce cx8 apic sep mtrr pge mca cmov pat pse36 clflush dts acpi mmx fxsr sse sse2 ss ht tm pbe syscall nx rdtscp lm constant_tsc arch_perfmon pebs bts rep_good nopl xtopology nonstop_tsc aperfmperf eagerfpu pni pclmulqdq dtes64 monitor ds_cpl vmx smx est tm2 ssse3 cx16 xtpr pdcm pcid sse4_1 sse4_2 x2apic popcnt tsc_deadline_timer aes xsave avx f16c rdrand lahf_lm ida arat epb xsaveopt pln pts dtherm tpr_shadow vnmi flexpriority ept vpid fsgsbase smep erms
bogomips	: 6784.09
clflush size	: 64
cache_alignment	: 64
address sizes	: 36 bits physical, 48 bits virtual
power management:

processor	: 5
vendor_id	: GenuineIntel
cpu family	: 6
model		: 58
model name	: Intel(R) Core(TM) i7-3770 CPU @ 3.40GHz
stepping	: 9
microcode	: 0x16
cpu MHz		: 1600.000
cache size	: 8192 KB
physical id	: 0
siblings	: 8
core id		: 1
cpu cores	: 4
apicid		: 3
initial apicid	: 3
fpu		: yes
fpu_exception	: yes
cpuid level	: 13
wp		: yes
flags		: fpu vme de pse tsc msr pae mce cx8 apic sep mtrr pge mca cmov pat pse36 clflush dts acpi mmx fxsr sse sse2 ss ht tm pbe syscall nx rdtscp lm constant_tsc arch_perfmon pebs bts rep_good nopl xtopology nonstop_tsc aperfmperf eagerfpu pni pclmulqdq dtes64 monitor ds_cpl vmx smx est tm2 ssse3 cx16 xtpr pdcm pcid sse4_1 sse4_2 x2apic popcnt tsc_deadline_timer aes xsave avx f16c rdrand lahf_lm ida arat epb xsaveopt pln pts dtherm tpr_shadow vnmi flexpriority ept vpid fsgsbase smep erms
bogomips	: 6784.09
clflush size	: 64
cache_alignment	: 64
address sizes	: 36 bits physical, 48 bits virtual
power management:

processor	: 6
vendor_id	: GenuineIntel
cpu family	: 6
model		: 58
model name	: Intel(R) Core(TM) i7-3770 CPU @ 3.40GHz
stepping	: 9
microcode	: 0x16
cpu MHz		: 1600.000
cache size	: 8192 KB
physical id	: 0
siblings	: 8
core id		: 2
cpu cores	: 4
apicid		: 5
initial apicid	: 5
fpu		: yes
fpu_exception	: yes
cpuid level	: 13
wp		: yes
flags		: fpu vme de pse tsc msr pae mce cx8 apic sep mtrr pge mca cmov pat pse36 clflush dts acpi mmx fxsr sse sse2 ss ht tm pbe syscall nx rdtscp lm constant_tsc arch_perfmon pebs bts rep_good nopl xtopology nonstop_tsc aperfmperf eagerfpu pni pclmulqdq dtes64 monitor ds_cpl vmx smx est tm2 ssse3 cx16 xtpr pdcm pcid sse4_1 sse4_2 x2apic popcnt tsc_deadline_timer aes xsave avx f16c rdrand lahf_lm ida arat epb xsaveopt pln pts dtherm tpr_shadow vnmi flexpriority ept vpid fsgsbase smep erms
bogomips	: 6784.09
clflush size	: 64
cache_alignment	: 64
address sizes	: 36 bits physical, 48 bits virtual
power management:

processor	: 7
vendor_id	: GenuineIntel
cpu family	: 6
model		: 58
model name	: Intel(R) Core(TM) i7-3770 CPU @ 3.40GHz
stepping	: 9
microcode	: 0x16
cpu MHz		: 3401.000
cache size	: 8192 KB
physical id	: 0
siblings	: 8
core id		: 3
cpu cores	: 4
apicid		: 7
initial apicid	: 7
fpu		: yes
fpu_exception	: yes
cpuid level	: 13
wp		: yes
flags		: fpu vme de pse tsc msr pae mce cx8 apic sep mtrr pge mca cmov pat pse36 clflush dts acpi mmx fxsr sse sse2 ss ht tm pbe syscall nx rdtscp lm constant_tsc arch_perfmon pebs bts rep_good nopl xtopology nonstop_tsc aperfmperf eagerfpu pni pclmulqdq dtes64 monitor ds_cpl vmx smx est tm2 ssse3 cx16 xtpr pdcm pcid sse4_1 sse4_2 x2apic popcnt tsc_deadline_timer aes xsave avx f16c rdrand lahf_lm ida arat epb xsaveopt pln pts dtherm tpr_shadow vnmi flexpriority ept vpid fsgsbase smep erms
bogomips	: 6784.09
clflush size	: 64
cache_alignment	: 64
address sizes	: 36 bits physical, 48 bits virtual
power management:



Memory: 4k page, physical 16317216k(8240748k free), swap 16659452k(16659304k free)

vm_info: Java HotSpot(TM) 64-Bit Server VM (20.1-b02) for linux-amd64 JRE (1.6.0_26-b03), built on May  4 2011 01:13:47 by "java_re" with gcc 3.2.2 (SuSE Linux)

time: Mon Oct 20 17:29:09 2014
elapsed time: 0 seconds

