#
# A fatal error has been detected by the Java Runtime Environment:
#
#  SIGSEGV (0xb) at pc=0x00007f404bd4c965, pid=11159, tid=139913902995200
#
# JRE version: 6.0_26-b03
# Java VM: Java HotSpot(TM) 64-Bit Server VM (20.1-b02 mixed mode linux-amd64 compressed oops)
# Problematic frame:
# V  [libjvm.so+0x6a9965]  LoadKlassNode::make(PhaseGVN&, Node*, Node*, TypePtr const*, TypeKlassPtr const*)+0x45
#
# If you would like to submit a bug report, please visit:
#   http://java.sun.com/webapps/bugreport/crash.jsp
#

---------------  T H R E A D  ---------------

Current thread (0x00007f4044094000):  JavaThread "C2 CompilerThread0" daemon [_thread_in_native, id=11177, stack(0x00007f403e6cb000,0x00007f403e7cc000)]

siginfo:si_signo=SIGSEGV: si_errno=0, si_code=1 (SEGV_MAPERR), si_addr=0x0000000000000010

Registers:
RAX=0x00007f404409bb10, RBX=0x00007f404c11ce70, RCX=0x0000000000000000, RDX=0x0000000000000000
RSP=0x00007f403e7c7d00, RBP=0x00007f403e7c7d40, RSI=0x00007f4000048680, RDI=0x00007f4000000c30
R8 =0x00007f404409e1e0, R9 =0x00007f40440c0d48, R10=0x00007f4000000c30, R11=0x00007f404c432610
R12=0x0000000000000000, R13=0x0000000000000000, R14=0x00007f4000000c30, R15=0x00007f403e7c9660
RIP=0x00007f404bd4c965, EFLAGS=0x0000000000010246, CSGSFS=0x0000000000000033, ERR=0x0000000000000004
  TRAPNO=0x000000000000000e

Top of Stack: (sp=0x00007f403e7c7d00)
0x00007f403e7c7d00:   00007f403e7ca0e0 00007f404409e1e0
0x00007f403e7c7d10:   00007f4000048680 00007f4000000c30
0x00007f403e7c7d20:   00007f403e7c8410 0000000000000000
0x00007f403e7c7d30:   00007f4000007280 00007f40440c0c48
0x00007f403e7c7d40:   00007f403e7c7d60 00007f404bb26b71
0x00007f403e7c7d50:   00007f4000000c30 00007f403e7c8410
0x00007f403e7c7d60:   00007f403e7c7e10 00007f404bb2f092
0x00007f403e7c7d70:   00007f403e7c9660 00007f4000007280
0x00007f403e7c7d80:   00007f4000000c30 00007f40440c0cb0
0x00007f403e7c7d90:   0000000000000000 00007f404409d260
0x00007f403e7c7da0:   0000000000000000 00007f40440c0c08
0x00007f403e7c7db0:   00007f4000000c30 00007f4000000c30
0x00007f403e7c7dc0:   00007f403e7c7e10 0000000000000198
0x00007f403e7c7dd0:   00007f403e7ca0e0 0000000000000000
0x00007f403e7c7de0:   00007f403e7c8410 0000000000000000
0x00007f403e7c7df0:   00007f403e7c8410 00007f40440c0168
0x00007f403e7c7e00:   00007f404c13f850 00007f40440c0b28
0x00007f403e7c7e10:   00007f403e7c7e90 00007f404bddf3f8
0x00007f403e7c7e20:   00007f404409c2f0 00007f40440c01a8
0x00007f403e7c7e30:   00007f40440c0168 00007f4000000c30
0x00007f403e7c7e40:   00007f403e7c8410 00007f40440bd478
0x00007f403e7c7e50:   00007f4000000003 00007f403e7c84f0
0x00007f403e7c7e60:   0100000000000002 00007f40440bfec0
0x00007f403e7c7e70:   00007f403e7c84f0 00007f403e7c8410
0x00007f403e7c7e80:   00007f403e7c8410 0000000000000090
0x00007f403e7c7e90:   00007f403e7c82c0 00007f404bdd7c2b
0x00007f403e7c7ea0:   00007f40440b2338 000000047aea6280
0x00007f403e7c7eb0:   00007f403e7c7f30 00007f404bcfb4e3
0x00007f403e7c7ec0:   00007f400c06fe44 0000000000000000
0x00007f403e7c7ed0:   00000000000000b6 00007f403e7c7f90
0x00007f403e7c7ee0:   00007f4044094ee0 00007f403e7c7f8e
0x00007f403e7c7ef0:   00007f403e7c7f60 00007f404b9f8d11 

Instructions: (pc=0x00007f404bd4c965)
0x00007f404bd4c945:   10 4c 89 f7 48 89 55 c0 49 8b 1e ff 53 28 4c 89
0x00007f404bd4c955:   e2 8b 48 10 83 e9 0b 83 f9 03 48 0f 46 d0 31 c9
0x00007f404bd4c965:   8b 42 10 83 e8 0b 83 f8 03 4c 0f 46 e2 4d 85 e4
0x00007f404bd4c975:   74 0c 80 7a 31 00 b8 01 00 00 00 0f 45 c8 84 c9 

Register to memory mapping:

RAX=0x00007f404409bb10 is an unknown value
RBX=0x00007f404c11ce70: _ZTV7ConNode+0x10 in /home/lpxz/pool/jdk1.6.0_26/jre/lib/amd64/server/libjvm.so at 0x00007f404b6a3000
RCX=0x0000000000000000 is an unknown value
RDX=0x0000000000000000 is an unknown value
RSP=0x00007f403e7c7d00 is pointing into the stack for thread: 0x00007f4044094000
RBP=0x00007f403e7c7d40 is pointing into the stack for thread: 0x00007f4044094000
RSI=0x00007f4000048680 is an unknown value
RDI=0x00007f4000000c30 is an unknown value
R8 =0x00007f404409e1e0 is an unknown value
R9 =0x00007f40440c0d48 is an unknown value
R10=0x00007f4000000c30 is an unknown value
R11=0x00007f404c432610: <offset 0x184610> in /lib/x86_64-linux-gnu/libc.so.6 at 0x00007f404c2ae000
R12=0x0000000000000000 is an unknown value
R13=0x0000000000000000 is an unknown value
R14=0x00007f4000000c30 is an unknown value
R15=0x00007f403e7c9660 is pointing into the stack for thread: 0x00007f4044094000


Stack: [0x00007f403e6cb000,0x00007f403e7cc000],  sp=0x00007f403e7c7d00,  free space=1011k
Native frames: (J=compiled Java code, j=interpreted, Vv=VM code, C=native code)
V  [libjvm.so+0x6a9965]  LoadKlassNode::make(PhaseGVN&, Node*, Node*, TypePtr const*, TypeKlassPtr const*)+0x45
V  [libjvm.so+0x483b71]  GraphKit::load_object_klass(Node*)+0x91
V  [libjvm.so+0x48c092]  GraphKit::gen_checkcast(Node*, Node*, Node**)+0x592
V  [libjvm.so+0x73c3f8]  Parse::array_store_check()+0x168
V  [libjvm.so+0x734c2b]  Parse::do_one_bytecode()+0x18ab
V  [libjvm.so+0x72a3aa]  Parse::do_one_block()+0x1aa
V  [libjvm.so+0x727e00]  Parse::do_all_blocks()+0x150
V  [libjvm.so+0x72793b]  Parse::Parse(JVMState*, ciMethod*, float)+0x59b
V  [libjvm.so+0x3215b4]  ParseGenerator::generate(JVMState*)+0x84
V  [libjvm.so+0x423d4e]  Parse::do_call()+0x17e
V  [libjvm.so+0x739c77]  Parse::do_one_bytecode()+0x68f7
V  [libjvm.so+0x72a3aa]  Parse::do_one_block()+0x1aa
V  [libjvm.so+0x727e00]  Parse::do_all_blocks()+0x150
V  [libjvm.so+0x72793b]  Parse::Parse(JVMState*, ciMethod*, float)+0x59b
V  [libjvm.so+0x3215b4]  ParseGenerator::generate(JVMState*)+0x84
V  [libjvm.so+0x423d4e]  Parse::do_call()+0x17e
V  [libjvm.so+0x739c77]  Parse::do_one_bytecode()+0x68f7
V  [libjvm.so+0x72a3aa]  Parse::do_one_block()+0x1aa
V  [libjvm.so+0x727e00]  Parse::do_all_blocks()+0x150
V  [libjvm.so+0x72793b]  Parse::Parse(JVMState*, ciMethod*, float)+0x59b
V  [libjvm.so+0x3215b4]  ParseGenerator::generate(JVMState*)+0x84
V  [libjvm.so+0x39dcc2]  Compile::Compile(ciEnv*, C2Compiler*, ciMethod*, int, bool, bool)+0x762
V  [libjvm.so+0x320d2e]  C2Compiler::compile_method(ciEnv*, ciMethod*, int)+0x9e
V  [libjvm.so+0x3a862a]  CompileBroker::invoke_compiler_on_method(CompileTask*)+0x2ca
V  [libjvm.so+0x3a7f15]  CompileBroker::compiler_thread_loop()+0x355
V  [libjvm.so+0x81fbe9]  compiler_thread_entry(JavaThread*, Thread*)+0x9
V  [libjvm.so+0x8190f1]  JavaThread::run()+0x121
V  [libjvm.so+0x710adf]  java_start(Thread*)+0x13f


Current CompileTask:
C2:    134  29      spec.jbb.JBButil.create_random_a_string(IIS)[C (134 bytes)


---------------  P R O C E S S  ---------------

Java Threads: ( => current thread )
  0x00007f4044099800 JavaThread "Low Memory Detector" daemon [_thread_blocked, id=11179, stack(0x00007f403e4c9000,0x00007f403e5ca000)]
  0x00007f4044097000 JavaThread "C2 CompilerThread1" daemon [_thread_in_native, id=11178, stack(0x00007f403e5ca000,0x00007f403e6cb000)]
=>0x00007f4044094000 JavaThread "C2 CompilerThread0" daemon [_thread_in_native, id=11177, stack(0x00007f403e6cb000,0x00007f403e7cc000)]
  0x00007f4044092000 JavaThread "Signal Dispatcher" daemon [_thread_blocked, id=11176, stack(0x00007f403e7cc000,0x00007f403e8cd000)]
  0x00007f4044076000 JavaThread "Finalizer" daemon [_thread_blocked, id=11175, stack(0x00007f403efb1000,0x00007f403f0b2000)]
  0x00007f4044074000 JavaThread "Reference Handler" daemon [_thread_blocked, id=11174, stack(0x00007f403f0b2000,0x00007f403f1b3000)]
  0x00007f4044007800 JavaThread "main" [_thread_in_Java, id=11164, stack(0x00007f404b2a6000,0x00007f404b3a7000)]

Other Threads:
  0x00007f404406d000 VMThread [stack: 0x00007f403f1b3000,0x00007f403f2b4000] [id=11173]
  0x00007f40440ac000 WatcherThread [stack: 0x00007f403e3c8000,0x00007f403e4c9000] [id=11180]

VM state:not at safepoint (normal execution)

VM Mutex/Monitor currently owned by a thread: None

Heap
 PSYoungGen      total 74368K, used 12195K [0x00000006d5560000, 0x00000006da860000, 0x0000000800000000)
  eden space 63744K, 19% used [0x00000006d5560000,0x00000006d6148c58,0x00000006d93a0000)
  from space 10624K, 0% used [0x00000006d9e00000,0x00000006d9e00000,0x00000006da860000)
  to   space 10624K, 0% used [0x00000006d93a0000,0x00000006d93a0000,0x00000006d9e00000)
 PSOldGen        total 169984K, used 0K [0x0000000480000000, 0x000000048a600000, 0x00000006d5560000)
  object space 169984K, 0% used [0x0000000480000000,0x0000000480000000,0x000000048a600000)
 PSPermGen       total 21248K, used 6027K [0x000000047ae00000, 0x000000047c2c0000, 0x0000000480000000)
  object space 21248K, 28% used [0x000000047ae00000,0x000000047b3e2f68,0x000000047c2c0000)

Code Cache  [0x00007f4041000000, 0x00007f4041270000, 0x00007f4044000000)
 total_blobs=279 nmethods=33 adapters=201 free_code_cache=49853952 largest_free_block=7616

Dynamic libraries:
40000000-40009000 r-xp 00000000 08:05 5512341                            /home/lpxz/pool/jdk1.6.0_26/jre/bin/java
40108000-4010a000 rwxp 00008000 08:05 5512341                            /home/lpxz/pool/jdk1.6.0_26/jre/bin/java
41721000-41742000 rwxp 00000000 00:00 0                                  [heap]
47ae00000-47c2c0000 rwxp 00000000 00:00 0 
47c2c0000-480000000 rwxp 00000000 00:00 0 
480000000-48a600000 rwxp 00000000 00:00 0 
48a600000-6d5560000 rwxp 00000000 00:00 0 
6d5560000-6da860000 rwxp 00000000 00:00 0 
6da860000-800000000 rwxp 00000000 00:00 0 
7f3ff8000000-7f3ff8021000 rwxp 00000000 00:00 0 
7f3ff8021000-7f3ffc000000 ---p 00000000 00:00 0 
7f4000000000-7f40000fe000 rwxp 00000000 00:00 0 
7f40000fe000-7f4004000000 ---p 00000000 00:00 0 
7f4004000000-7f4004021000 rwxp 00000000 00:00 0 
7f4004021000-7f4008000000 ---p 00000000 00:00 0 
7f4008000000-7f4008021000 rwxp 00000000 00:00 0 
7f4008021000-7f400c000000 ---p 00000000 00:00 0 
7f400c000000-7f400c17a000 rwxp 00000000 00:00 0 
7f400c17a000-7f4010000000 ---p 00000000 00:00 0 
7f4010000000-7f4010021000 rwxp 00000000 00:00 0 
7f4010021000-7f4014000000 ---p 00000000 00:00 0 
7f4014000000-7f4014021000 rwxp 00000000 00:00 0 
7f4014021000-7f4018000000 ---p 00000000 00:00 0 
7f4018000000-7f4018021000 rwxp 00000000 00:00 0 
7f4018021000-7f401c000000 ---p 00000000 00:00 0 
7f401c000000-7f401c021000 rwxp 00000000 00:00 0 
7f401c021000-7f4020000000 ---p 00000000 00:00 0 
7f4020000000-7f4020021000 rwxp 00000000 00:00 0 
7f4020021000-7f4024000000 ---p 00000000 00:00 0 
7f4024000000-7f4024021000 rwxp 00000000 00:00 0 
7f4024021000-7f4028000000 ---p 00000000 00:00 0 
7f4028000000-7f4028021000 rwxp 00000000 00:00 0 
7f4028021000-7f402c000000 ---p 00000000 00:00 0 
7f402c000000-7f402c021000 rwxp 00000000 00:00 0 
7f402c021000-7f4030000000 ---p 00000000 00:00 0 
7f4030000000-7f4030021000 rwxp 00000000 00:00 0 
7f4030021000-7f4034000000 ---p 00000000 00:00 0 
7f4034000000-7f4034021000 rwxp 00000000 00:00 0 
7f4034021000-7f4038000000 ---p 00000000 00:00 0 
7f4038000000-7f4038021000 rwxp 00000000 00:00 0 
7f4038021000-7f403c000000 ---p 00000000 00:00 0 
7f403e3c8000-7f403e3c9000 ---p 00000000 00:00 0 
7f403e3c9000-7f403e4c9000 rwxp 00000000 00:00 0                          [stack:11180]
7f403e4c9000-7f403e4cc000 ---p 00000000 00:00 0 
7f403e4cc000-7f403e5ca000 rwxp 00000000 00:00 0                          [stack:11179]
7f403e5ca000-7f403e5cd000 ---p 00000000 00:00 0 
7f403e5cd000-7f403e6cb000 rwxp 00000000 00:00 0                          [stack:11178]
7f403e6cb000-7f403e6ce000 ---p 00000000 00:00 0 
7f403e6ce000-7f403e7cc000 rwxp 00000000 00:00 0                          [stack:11177]
7f403e7cc000-7f403e7cf000 ---p 00000000 00:00 0 
7f403e7cf000-7f403e8cd000 rwxp 00000000 00:00 0                          [stack:11176]
7f403e8cd000-7f403efb1000 r-xp 00000000 08:05 268596                     /usr/lib/locale/locale-archive
7f403efb1000-7f403efb4000 ---p 00000000 00:00 0 
7f403efb4000-7f403f0b2000 rwxp 00000000 00:00 0                          [stack:11175]
7f403f0b2000-7f403f0b5000 ---p 00000000 00:00 0 
7f403f0b5000-7f403f1b3000 rwxp 00000000 00:00 0                          [stack:11174]
7f403f1b3000-7f403f1b4000 ---p 00000000 00:00 0 
7f403f1b4000-7f403fbbd000 rwxp 00000000 00:00 0                          [stack:11173]
7f403fbbd000-7f403fd55000 r-xs 03029000 08:05 5378036                    /home/lpxz/pool/jdk1.6.0_26/jre/lib/rt.jar
7f403fd55000-7f403fda8000 rwxp 00000000 00:00 0 
7f403fda8000-7f4041000000 rwxp 00000000 00:00 0 
7f4041000000-7f4041270000 rwxp 00000000 00:00 0 
7f4041270000-7f404412e000 rwxp 00000000 00:00 0 
7f404412e000-7f4048000000 ---p 00000000 00:00 0 
7f4048059000-7f40480b5000 rwxp 00000000 00:00 0 
7f40480b5000-7f40480b6000 ---p 00000000 00:00 0 
7f40480b6000-7f40481b6000 rwxp 00000000 00:00 0                          [stack:11172]
7f40481b6000-7f40481b7000 ---p 00000000 00:00 0 
7f40481b7000-7f40482b7000 rwxp 00000000 00:00 0                          [stack:11171]
7f40482b7000-7f40482b8000 ---p 00000000 00:00 0 
7f40482b8000-7f40483b8000 rwxp 00000000 00:00 0                          [stack:11170]
7f40483b8000-7f40483b9000 ---p 00000000 00:00 0 
7f40483b9000-7f40484b9000 rwxp 00000000 00:00 0                          [stack:11169]
7f40484b9000-7f40484ba000 ---p 00000000 00:00 0 
7f40484ba000-7f40485ba000 rwxp 00000000 00:00 0                          [stack:11168]
7f40485ba000-7f40485bb000 ---p 00000000 00:00 0 
7f40485bb000-7f40486bb000 rwxp 00000000 00:00 0                          [stack:11167]
7f40486bb000-7f40486bc000 ---p 00000000 00:00 0 
7f40486bc000-7f40487bc000 rwxp 00000000 00:00 0                          [stack:11166]
7f40487bc000-7f40487bd000 ---p 00000000 00:00 0 
7f40487bd000-7f40488c8000 rwxp 00000000 00:00 0                          [stack:11165]
7f40488c8000-7f40488e6000 rwxp 00000000 00:00 0 
7f40488e6000-7f40488f1000 rwxp 00000000 00:00 0 
7f40488f1000-7f404890f000 rwxp 00000000 00:00 0 
7f404890f000-7f4048962000 rwxp 00000000 00:00 0 
7f4048962000-7f4049bb9000 rwxp 00000000 00:00 0 
7f4049bb9000-7f4049be4000 rwxp 00000000 00:00 0 
7f4049be4000-7f404a50f000 rwxp 00000000 00:00 0 
7f404a50f000-7f404a510000 rwxp 00000000 00:00 0 
7f404a510000-7f404a51e000 r-xp 00000000 08:05 12330712                   /home/lpxz/pool/jdk1.6.0_26/jre/lib/amd64/libzip.so
7f404a51e000-7f404a620000 ---p 0000e000 08:05 12330712                   /home/lpxz/pool/jdk1.6.0_26/jre/lib/amd64/libzip.so
7f404a620000-7f404a623000 rwxp 00010000 08:05 12330712                   /home/lpxz/pool/jdk1.6.0_26/jre/lib/amd64/libzip.so
7f404a623000-7f404a624000 rwxp 00000000 00:00 0 
7f404a624000-7f404a630000 r-xp 00000000 08:05 19926911                   /lib/x86_64-linux-gnu/libnss_files-2.15.so
7f404a630000-7f404a82f000 ---p 0000c000 08:05 19926911                   /lib/x86_64-linux-gnu/libnss_files-2.15.so
7f404a82f000-7f404a830000 r-xp 0000b000 08:05 19926911                   /lib/x86_64-linux-gnu/libnss_files-2.15.so
7f404a830000-7f404a831000 rwxp 0000c000 08:05 19926911                   /lib/x86_64-linux-gnu/libnss_files-2.15.so
7f404a831000-7f404a83b000 r-xp 00000000 08:05 19926915                   /lib/x86_64-linux-gnu/libnss_nis-2.15.so
7f404a83b000-7f404aa3b000 ---p 0000a000 08:05 19926915                   /lib/x86_64-linux-gnu/libnss_nis-2.15.so
7f404aa3b000-7f404aa3c000 r-xp 0000a000 08:05 19926915                   /lib/x86_64-linux-gnu/libnss_nis-2.15.so
7f404aa3c000-7f404aa3d000 rwxp 0000b000 08:05 19926915                   /lib/x86_64-linux-gnu/libnss_nis-2.15.so
7f404aa3d000-7f404aa45000 r-xp 00000000 08:05 19926907                   /lib/x86_64-linux-gnu/libnss_compat-2.15.so
7f404aa45000-7f404ac44000 ---p 00008000 08:05 19926907                   /lib/x86_64-linux-gnu/libnss_compat-2.15.so
7f404ac44000-7f404ac45000 r-xp 00007000 08:05 19926907                   /lib/x86_64-linux-gnu/libnss_compat-2.15.so
7f404ac45000-7f404ac46000 rwxp 00008000 08:05 19926907                   /lib/x86_64-linux-gnu/libnss_compat-2.15.so
7f404ac46000-7f404ac5d000 r-xp 00000000 08:05 19926905                   /lib/x86_64-linux-gnu/libnsl-2.15.so
7f404ac5d000-7f404ae5c000 ---p 00017000 08:05 19926905                   /lib/x86_64-linux-gnu/libnsl-2.15.so
7f404ae5c000-7f404ae5d000 r-xp 00016000 08:05 19926905                   /lib/x86_64-linux-gnu/libnsl-2.15.so
7f404ae5d000-7f404ae5e000 rwxp 00017000 08:05 19926905                   /lib/x86_64-linux-gnu/libnsl-2.15.so
7f404ae5e000-7f404ae60000 rwxp 00000000 00:00 0 
7f404ae60000-7f404ae89000 r-xp 00000000 08:05 12330721                   /home/lpxz/pool/jdk1.6.0_26/jre/lib/amd64/libjava.so
7f404ae89000-7f404af88000 ---p 00029000 08:05 12330721                   /home/lpxz/pool/jdk1.6.0_26/jre/lib/amd64/libjava.so
7f404af88000-7f404af8f000 rwxp 00028000 08:05 12330721                   /home/lpxz/pool/jdk1.6.0_26/jre/lib/amd64/libjava.so
7f404af8f000-7f404af9c000 r-xp 00000000 08:05 12330707                   /home/lpxz/pool/jdk1.6.0_26/jre/lib/amd64/libverify.so
7f404af9c000-7f404b09b000 ---p 0000d000 08:05 12330707                   /home/lpxz/pool/jdk1.6.0_26/jre/lib/amd64/libverify.so
7f404b09b000-7f404b09e000 rwxp 0000c000 08:05 12330707                   /home/lpxz/pool/jdk1.6.0_26/jre/lib/amd64/libverify.so
7f404b09e000-7f404b0a5000 r-xp 00000000 08:05 19926946                   /lib/x86_64-linux-gnu/librt-2.15.so
7f404b0a5000-7f404b2a4000 ---p 00007000 08:05 19926946                   /lib/x86_64-linux-gnu/librt-2.15.so
7f404b2a4000-7f404b2a5000 r-xp 00006000 08:05 19926946                   /lib/x86_64-linux-gnu/librt-2.15.so
7f404b2a5000-7f404b2a6000 rwxp 00007000 08:05 19926946                   /lib/x86_64-linux-gnu/librt-2.15.so
7f404b2a6000-7f404b2a9000 ---p 00000000 00:00 0 
7f404b2a9000-7f404b3a7000 rwxp 00000000 00:00 0                          [stack:11164]
7f404b3a7000-7f404b4a2000 r-xp 00000000 08:05 19926892                   /lib/x86_64-linux-gnu/libm-2.15.so
7f404b4a2000-7f404b6a1000 ---p 000fb000 08:05 19926892                   /lib/x86_64-linux-gnu/libm-2.15.so
7f404b6a1000-7f404b6a2000 r-xp 000fa000 08:05 19926892                   /lib/x86_64-linux-gnu/libm-2.15.so
7f404b6a2000-7f404b6a3000 rwxp 000fb000 08:05 19926892                   /lib/x86_64-linux-gnu/libm-2.15.so
7f404b6a3000-7f404bfbd000 r-xp 00000000 08:05 12330693                   /home/lpxz/pool/jdk1.6.0_26/jre/lib/amd64/server/libjvm.so
7f404bfbd000-7f404c0bf000 ---p 0091a000 08:05 12330693                   /home/lpxz/pool/jdk1.6.0_26/jre/lib/amd64/server/libjvm.so
7f404c0bf000-7f404c274000 rwxp 0091c000 08:05 12330693                   /home/lpxz/pool/jdk1.6.0_26/jre/lib/amd64/server/libjvm.so
7f404c274000-7f404c2ae000 rwxp 00000000 00:00 0 
7f404c2ae000-7f404c463000 r-xp 00000000 08:05 19926860                   /lib/x86_64-linux-gnu/libc-2.15.so
7f404c463000-7f404c663000 ---p 001b5000 08:05 19926860                   /lib/x86_64-linux-gnu/libc-2.15.so
7f404c663000-7f404c667000 r-xp 001b5000 08:05 19926860                   /lib/x86_64-linux-gnu/libc-2.15.so
7f404c667000-7f404c669000 rwxp 001b9000 08:05 19926860                   /lib/x86_64-linux-gnu/libc-2.15.so
7f404c669000-7f404c66e000 rwxp 00000000 00:00 0 
7f404c66e000-7f404c670000 r-xp 00000000 08:05 19926873                   /lib/x86_64-linux-gnu/libdl-2.15.so
7f404c670000-7f404c870000 ---p 00002000 08:05 19926873                   /lib/x86_64-linux-gnu/libdl-2.15.so
7f404c870000-7f404c871000 r-xp 00002000 08:05 19926873                   /lib/x86_64-linux-gnu/libdl-2.15.so
7f404c871000-7f404c872000 rwxp 00003000 08:05 19926873                   /lib/x86_64-linux-gnu/libdl-2.15.so
7f404c872000-7f404c88a000 r-xp 00000000 08:05 19926940                   /lib/x86_64-linux-gnu/libpthread-2.15.so
7f404c88a000-7f404ca89000 ---p 00018000 08:05 19926940                   /lib/x86_64-linux-gnu/libpthread-2.15.so
7f404ca89000-7f404ca8a000 r-xp 00017000 08:05 19926940                   /lib/x86_64-linux-gnu/libpthread-2.15.so
7f404ca8a000-7f404ca8b000 rwxp 00018000 08:05 19926940                   /lib/x86_64-linux-gnu/libpthread-2.15.so
7f404ca8b000-7f404ca8f000 rwxp 00000000 00:00 0 
7f404ca8f000-7f404cab1000 r-xp 00000000 08:05 19926840                   /lib/x86_64-linux-gnu/ld-2.15.so
7f404cabe000-7f404caca000 r-xs 000da000 08:05 5512457                    /home/lpxz/eclipse/workspacePA_icse/soot-One/lib/polyglotclasses-1.3.5.jar
7f404caca000-7f404cad4000 rwxp 00000000 00:00 0 
7f404cad4000-7f404cb8a000 rwxp 00000000 00:00 0 
7f404cb8a000-7f404cb8d000 rwxp 00000000 00:00 0 
7f404cb8d000-7f404cb94000 r-xp 00000000 08:05 12330685                   /home/lpxz/pool/jdk1.6.0_26/jre/lib/amd64/jli/libjli.so
7f404cb94000-7f404cc95000 ---p 00007000 08:05 12330685                   /home/lpxz/pool/jdk1.6.0_26/jre/lib/amd64/jli/libjli.so
7f404cc95000-7f404cc97000 rwxp 00008000 08:05 12330685                   /home/lpxz/pool/jdk1.6.0_26/jre/lib/amd64/jli/libjli.so
7f404cc97000-7f404cc98000 rwxp 00000000 00:00 0 
7f404cc9a000-7f404cc9d000 r-xs 0002b000 08:05 5512456                    /home/lpxz/eclipse/workspacePA_icse/soot-One/lib/jasminclasses-2.5.0.jar
7f404cc9d000-7f404cca1000 r-xs 0001c000 08:05 8915106                    /home/lpxz/eclipse/workspacePA_icse/leap/recorder/lib/junit-4.2.jar
7f404cca1000-7f404cca5000 r-xs 000cb000 08:05 14029899                   /home/lpxz/pool/jdk1.6.0_26/jre/lib/ext/localedata.jar
7f404cca5000-7f404ccad000 rwxs 00000000 08:05 24120953                   /tmp/hsperfdata_lpxz/11159
7f404ccad000-7f404ccae000 rwxp 00000000 00:00 0 
7f404ccae000-7f404ccaf000 r-xp 00000000 00:00 0 
7f404ccaf000-7f404ccb1000 rwxp 00000000 00:00 0 
7f404ccb1000-7f404ccb2000 r-xp 00022000 08:05 19926840                   /lib/x86_64-linux-gnu/ld-2.15.so
7f404ccb2000-7f404ccb4000 rwxp 00023000 08:05 19926840                   /lib/x86_64-linux-gnu/ld-2.15.so
7fff195ca000-7fff195eb000 rwxp 00000000 00:00 0                          [stack]
7fff195fe000-7fff19600000 r-xp 00000000 00:00 0                          [vdso]
ffffffffff600000-ffffffffff601000 r-xp 00000000 00:00 0                  [vsyscall]

VM Arguments:
jvm_args: -Xverify:none -Xmx14g -Dfile.encoding=UTF-8 
java_command: edu.hkust.leap.record.RecordMain 1025 spec.jbb.JBBmain
Launcher Type: SUN_STANDARD

Environment Variables:
CLASSPATH=.:/home/lpxz/java_standard/lib/dt.jar:/home/lpxz/java_standard/lib/tools.jar:/home/lpxz/java_standard/lib/
PATH=/home/lpxz/bin/:/home/lpxz/workspace/scala/bin/:/home/lpxz/java_standard/jre/bin:/usr/local/sbin:/usr/local/bin:/usr/sbin:/usr/bin:/sbin:/bin:/usr/games:/home/lpxz/java_standard/bin:/home/lpxz/work/ant1.8/bin:/home/lpxz/work/jsPatch/node_modules/nodeunit/bin
LD_LIBRARY_PATH=/home/lpxz/pool/jdk1.6.0_26/jre/lib/amd64/server:/home/lpxz/pool/jdk1.6.0_26/jre/lib/amd64:/home/lpxz/pool/jdk1.6.0_26/jre/../lib/amd64
SHELL=/bin/bash
DISPLAY=:0

Signal Handlers:
SIGSEGV: [libjvm.so+0x85f800], sa_mask[0]=0x7ffbfeff, sa_flags=0x10000004
SIGBUS: [libjvm.so+0x85f800], sa_mask[0]=0x7ffbfeff, sa_flags=0x10000004
SIGFPE: [libjvm.so+0x70e300], sa_mask[0]=0x7ffbfeff, sa_flags=0x10000004
SIGPIPE: [libjvm.so+0x70e300], sa_mask[0]=0x7ffbfeff, sa_flags=0x10000004
SIGXFSZ: [libjvm.so+0x70e300], sa_mask[0]=0x7ffbfeff, sa_flags=0x10000004
SIGILL: [libjvm.so+0x70e300], sa_mask[0]=0x7ffbfeff, sa_flags=0x10000004
SIGUSR1: SIG_DFL, sa_mask[0]=0x00000000, sa_flags=0x00000000
SIGUSR2: [libjvm.so+0x711110], sa_mask[0]=0x00000004, sa_flags=0x10000004
SIGHUP: [libjvm.so+0x710d10], sa_mask[0]=0x7ffbfeff, sa_flags=0x10000004
SIGINT: [libjvm.so+0x710d10], sa_mask[0]=0x7ffbfeff, sa_flags=0x10000004
SIGTERM: [libjvm.so+0x710d10], sa_mask[0]=0x7ffbfeff, sa_flags=0x10000004
SIGQUIT: [libjvm.so+0x710d10], sa_mask[0]=0x7ffbfeff, sa_flags=0x10000004


---------------  S Y S T E M  ---------------

OS:wheezy/sid

uname:Linux 3.11.0-18-generic #32~precise1-Ubuntu SMP Thu Feb 20 17:52:10 UTC 2014 x86_64
libc:glibc 2.15 NPTL 2.15 
rlimit: STACK 8192k, CORE 0k, NPROC 127328, NOFILE 4096, AS infinity
load average:0.57 0.46 0.33

/proc/meminfo:
MemTotal:       16317216 kB
MemFree:         8254128 kB
Buffers:          302796 kB
Cached:          4240088 kB
SwapCached:            0 kB
Active:          4742740 kB
Inactive:        2553080 kB
Active(anon):    2400876 kB
Inactive(anon):  1016692 kB
Active(file):    2341864 kB
Inactive(file):  1536388 kB
Unevictable:         120 kB
Mlocked:             120 kB
SwapTotal:      16659452 kB
SwapFree:       16659304 kB
Dirty:               264 kB
Writeback:             0 kB
AnonPages:       2753108 kB
Mapped:           317924 kB
Shmem:            664632 kB
Slab:             569524 kB
SReclaimable:     520620 kB
SUnreclaim:        48904 kB
KernelStack:        5968 kB
PageTables:        46500 kB
NFS_Unstable:          0 kB
Bounce:                0 kB
WritebackTmp:          0 kB
CommitLimit:    24818060 kB
Committed_AS:    8245440 kB
VmallocTotal:   34359738367 kB
VmallocUsed:      376468 kB
VmallocChunk:   34359359064 kB
HardwareCorrupted:     0 kB
AnonHugePages:         0 kB
HugePages_Total:       0
HugePages_Free:        0
HugePages_Rsvd:        0
HugePages_Surp:        0
Hugepagesize:       2048 kB
DirectMap4k:       78672 kB
DirectMap2M:    16582656 kB


CPU:total 8 (4 cores per cpu, 2 threads per core) family 6 model 58 stepping 9, cmov, cx8, fxsr, mmx, sse, sse2, sse3, ssse3, sse4.1, sse4.2, popcnt, ht

/proc/cpuinfo:
processor	: 0
vendor_id	: GenuineIntel
cpu family	: 6
model		: 58
model name	: Intel(R) Core(TM) i7-3770 CPU @ 3.40GHz
stepping	: 9
microcode	: 0x16
cpu MHz		: 1600.000
cache size	: 8192 KB
physical id	: 0
siblings	: 8
core id		: 0
cpu cores	: 4
apicid		: 0
initial apicid	: 0
fpu		: yes
fpu_exception	: yes
cpuid level	: 13
wp		: yes
flags		: fpu vme de pse tsc msr pae mce cx8 apic sep mtrr pge mca cmov pat pse36 clflush dts acpi mmx fxsr sse sse2 ss ht tm pbe syscall nx rdtscp lm constant_tsc arch_perfmon pebs bts rep_good nopl xtopology nonstop_tsc aperfmperf eagerfpu pni pclmulqdq dtes64 monitor ds_cpl vmx smx est tm2 ssse3 cx16 xtpr pdcm pcid sse4_1 sse4_2 x2apic popcnt tsc_deadline_timer aes xsave avx f16c rdrand lahf_lm ida arat epb xsaveopt pln pts dtherm tpr_shadow vnmi flexpriority ept vpid fsgsbase smep erms
bogomips	: 6784.09
clflush size	: 64
cache_alignment	: 64
address sizes	: 36 bits physical, 48 bits virtual
power management:

processor	: 1
vendor_id	: GenuineIntel
cpu family	: 6
model		: 58
model name	: Intel(R) Core(TM) i7-3770 CPU @ 3.40GHz
stepping	: 9
microcode	: 0x16
cpu MHz		: 1600.000
cache size	: 8192 KB
physical id	: 0
siblings	: 8
core id		: 1
cpu cores	: 4
apicid		: 2
initial apicid	: 2
fpu		: yes
fpu_exception	: yes
cpuid level	: 13
wp		: yes
flags		: fpu vme de pse tsc msr pae mce cx8 apic sep mtrr pge mca cmov pat pse36 clflush dts acpi mmx fxsr sse sse2 ss ht tm pbe syscall nx rdtscp lm constant_tsc arch_perfmon pebs bts rep_good nopl xtopology nonstop_tsc aperfmperf eagerfpu pni pclmulqdq dtes64 monitor ds_cpl vmx smx est tm2 ssse3 cx16 xtpr pdcm pcid sse4_1 sse4_2 x2apic popcnt tsc_deadline_timer aes xsave avx f16c rdrand lahf_lm ida arat epb xsaveopt pln pts dtherm tpr_shadow vnmi flexpriority ept vpid fsgsbase smep erms
bogomips	: 6784.09
clflush size	: 64
cache_alignment	: 64
address sizes	: 36 bits physical, 48 bits virtual
power management:

processor	: 2
vendor_id	: GenuineIntel
cpu family	: 6
model		: 58
model name	: Intel(R) Core(TM) i7-3770 CPU @ 3.40GHz
stepping	: 9
microcode	: 0x16
cpu MHz		: 1600.000
cache size	: 8192 KB
physical id	: 0
siblings	: 8
core id		: 2
cpu cores	: 4
apicid		: 4
initial apicid	: 4
fpu		: yes
fpu_exception	: yes
cpuid level	: 13
wp		: yes
flags		: fpu vme de pse tsc msr pae mce cx8 apic sep mtrr pge mca cmov pat pse36 clflush dts acpi mmx fxsr sse sse2 ss ht tm pbe syscall nx rdtscp lm constant_tsc arch_perfmon pebs bts rep_good nopl xtopology nonstop_tsc aperfmperf eagerfpu pni pclmulqdq dtes64 monitor ds_cpl vmx smx est tm2 ssse3 cx16 xtpr pdcm pcid sse4_1 sse4_2 x2apic popcnt tsc_deadline_timer aes xsave avx f16c rdrand lahf_lm ida arat epb xsaveopt pln pts dtherm tpr_shadow vnmi flexpriority ept vpid fsgsbase smep erms
bogomips	: 6784.09
clflush size	: 64
cache_alignment	: 64
address sizes	: 36 bits physical, 48 bits virtual
power management:

processor	: 3
vendor_id	: GenuineIntel
cpu family	: 6
model		: 58
model name	: Intel(R) Core(TM) i7-3770 CPU @ 3.40GHz
stepping	: 9
microcode	: 0x16
cpu MHz		: 1600.000
cache size	: 8192 KB
physical id	: 0
siblings	: 8
core id		: 3
cpu cores	: 4
apicid		: 6
initial apicid	: 6
fpu		: yes
fpu_exception	: yes
cpuid level	: 13
wp		: yes
flags		: fpu vme de pse tsc msr pae mce cx8 apic sep mtrr pge mca cmov pat pse36 clflush dts acpi mmx fxsr sse sse2 ss ht tm pbe syscall nx rdtscp lm constant_tsc arch_perfmon pebs bts rep_good nopl xtopology nonstop_tsc aperfmperf eagerfpu pni pclmulqdq dtes64 monitor ds_cpl vmx smx est tm2 ssse3 cx16 xtpr pdcm pcid sse4_1 sse4_2 x2apic popcnt tsc_deadline_timer aes xsave avx f16c rdrand lahf_lm ida arat epb xsaveopt pln pts dtherm tpr_shadow vnmi flexpriority ept vpid fsgsbase smep erms
bogomips	: 6784.09
clflush size	: 64
cache_alignment	: 64
address sizes	: 36 bits physical, 48 bits virtual
power management:

processor	: 4
vendor_id	: GenuineIntel
cpu family	: 6
model		: 58
model name	: Intel(R) Core(TM) i7-3770 CPU @ 3.40GHz
stepping	: 9
microcode	: 0x16
cpu MHz		: 3401.000
cache size	: 8192 KB
physical id	: 0
siblings	: 8
core id		: 0
cpu cores	: 4
apicid		: 1
initial apicid	: 1
fpu		: yes
fpu_exception	: yes
cpuid level	: 13
wp		: yes
flags		: fpu vme de pse tsc msr pae mce cx8 apic sep mtrr pge mca cmov pat pse36 clflush dts acpi mmx fxsr sse sse2 ss ht tm pbe syscall nx rdtscp lm constant_tsc arch_perfmon pebs bts rep_good nopl xtopology nonstop_tsc aperfmperf eagerfpu pni pclmulqdq dtes64 monitor ds_cpl vmx smx est tm2 ssse3 cx16 xtpr pdcm pcid sse4_1 sse4_2 x2apic popcnt tsc_deadline_timer aes xsave avx f16c rdrand lahf_lm ida arat epb xsaveopt pln pts dtherm tpr_shadow vnmi flexpriority ept vpid fsgsbase smep erms
bogomips	: 6784.09
clflush size	: 64
cache_alignment	: 64
address sizes	: 36 bits physical, 48 bits virtual
power management:

processor	: 5
vendor_id	: GenuineIntel
cpu family	: 6
model		: 58
model name	: Intel(R) Core(TM) i7-3770 CPU @ 3.40GHz
stepping	: 9
microcode	: 0x16
cpu MHz		: 3401.000
cache size	: 8192 KB
physical id	: 0
siblings	: 8
core id		: 1
cpu cores	: 4
apicid		: 3
initial apicid	: 3
fpu		: yes
fpu_exception	: yes
cpuid level	: 13
wp		: yes
flags		: fpu vme de pse tsc msr pae mce cx8 apic sep mtrr pge mca cmov pat pse36 clflush dts acpi mmx fxsr sse sse2 ss ht tm pbe syscall nx rdtscp lm constant_tsc arch_perfmon pebs bts rep_good nopl xtopology nonstop_tsc aperfmperf eagerfpu pni pclmulqdq dtes64 monitor ds_cpl vmx smx est tm2 ssse3 cx16 xtpr pdcm pcid sse4_1 sse4_2 x2apic popcnt tsc_deadline_timer aes xsave avx f16c rdrand lahf_lm ida arat epb xsaveopt pln pts dtherm tpr_shadow vnmi flexpriority ept vpid fsgsbase smep erms
bogomips	: 6784.09
clflush size	: 64
cache_alignment	: 64
address sizes	: 36 bits physical, 48 bits virtual
power management:

processor	: 6
vendor_id	: GenuineIntel
cpu family	: 6
model		: 58
model name	: Intel(R) Core(TM) i7-3770 CPU @ 3.40GHz
stepping	: 9
microcode	: 0x16
cpu MHz		: 3401.000
cache size	: 8192 KB
physical id	: 0
siblings	: 8
core id		: 2
cpu cores	: 4
apicid		: 5
initial apicid	: 5
fpu		: yes
fpu_exception	: yes
cpuid level	: 13
wp		: yes
flags		: fpu vme de pse tsc msr pae mce cx8 apic sep mtrr pge mca cmov pat pse36 clflush dts acpi mmx fxsr sse sse2 ss ht tm pbe syscall nx rdtscp lm constant_tsc arch_perfmon pebs bts rep_good nopl xtopology nonstop_tsc aperfmperf eagerfpu pni pclmulqdq dtes64 monitor ds_cpl vmx smx est tm2 ssse3 cx16 xtpr pdcm pcid sse4_1 sse4_2 x2apic popcnt tsc_deadline_timer aes xsave avx f16c rdrand lahf_lm ida arat epb xsaveopt pln pts dtherm tpr_shadow vnmi flexpriority ept vpid fsgsbase smep erms
bogomips	: 6784.09
clflush size	: 64
cache_alignment	: 64
address sizes	: 36 bits physical, 48 bits virtual
power management:

processor	: 7
vendor_id	: GenuineIntel
cpu family	: 6
model		: 58
model name	: Intel(R) Core(TM) i7-3770 CPU @ 3.40GHz
stepping	: 9
microcode	: 0x16
cpu MHz		: 1600.000
cache size	: 8192 KB
physical id	: 0
siblings	: 8
core id		: 3
cpu cores	: 4
apicid		: 7
initial apicid	: 7
fpu		: yes
fpu_exception	: yes
cpuid level	: 13
wp		: yes
flags		: fpu vme de pse tsc msr pae mce cx8 apic sep mtrr pge mca cmov pat pse36 clflush dts acpi mmx fxsr sse sse2 ss ht tm pbe syscall nx rdtscp lm constant_tsc arch_perfmon pebs bts rep_good nopl xtopology nonstop_tsc aperfmperf eagerfpu pni pclmulqdq dtes64 monitor ds_cpl vmx smx est tm2 ssse3 cx16 xtpr pdcm pcid sse4_1 sse4_2 x2apic popcnt tsc_deadline_timer aes xsave avx f16c rdrand lahf_lm ida arat epb xsaveopt pln pts dtherm tpr_shadow vnmi flexpriority ept vpid fsgsbase smep erms
bogomips	: 6784.09
clflush size	: 64
cache_alignment	: 64
address sizes	: 36 bits physical, 48 bits virtual
power management:



Memory: 4k page, physical 16317216k(8254128k free), swap 16659452k(16659304k free)

vm_info: Java HotSpot(TM) 64-Bit Server VM (20.1-b02) for linux-amd64 JRE (1.6.0_26-b03), built on May  4 2011 01:13:47 by "java_re" with gcc 3.2.2 (SuSE Linux)

time: Mon Oct 20 17:30:49 2014
elapsed time: 0 seconds

