#
# A fatal error has been detected by the Java Runtime Environment:
#
#  SIGSEGV (0xb) at pc=0x00007f1a56eec68b, pid=13374, tid=139750908188416
#
# JRE version: Java(TM) SE Runtime Environment (7.0_51-b13) (build 1.7.0_51-b13)
# Java VM: Java HotSpot(TM) 64-Bit Server VM (24.51-b03 mixed mode linux-amd64 compressed oops)
# Problematic frame:
# V  [libjvm.so+0x87468b]  PSParallelCompact::MarkAndPushClosure::do_oop(oopDesc**)+0x5b
#
# Failed to write core dump. Core dumps have been disabled. To enable core dumping, try "ulimit -c unlimited" before starting Java again
#
# If you would like to submit a bug report, please visit:
#   http://bugreport.sun.com/bugreport/crash.jsp
#

---------------  T H R E A D  ---------------

Current thread (0x00007f1a50020000):  GCTaskThread [stack: 0x00007f1a4b2d5000,0x00007f1a4b3d6000] [id=13380]

siginfo:si_signo=SIGSEGV: si_errno=0, si_code=128 (), si_addr=0x0000000000000000

Registers:
RAX=0x0000400000000000, RBX=0x0000000000ca6b77, RCX=0x000000000000002e, RDX=0x00007f19efd70000
RSP=0x00007f1a4b3d4240, RBP=0x00007f1a4b3d4260, RSI=0x007ffffffdc2f535, RDI=0x00007f1a4b3d4a30
R8 =0x00007f1a4b3d43f0, R9 =0x0000000000001781, R10=0x0000000000000001, R11=0x00007f1a56c6d120
R12=0x00007f1a5006e6d0, R13=0x0000000000001781, R14=0x0000000000000001, R15=0x00000000ffffffff
RIP=0x00007f1a56eec68b, EFLAGS=0x0000000000010206, CSGSFS=0x0000000000000033, ERR=0x0000000000000000
  TRAPNO=0x000000000000000d

Top of Stack: (sp=0x00007f1a4b3d4240)
0x00007f1a4b3d4240:   0000000000001781 00007f1a500202e0
0x00007f1a4b3d4250:   0000000000001781 0000000000000001
0x00007f1a4b3d4260:   00007f1a4b3d4300 00007f1a56e806bb
0x00007f1a4b3d4270:   00007f1a574afa20 00007f1a56e7ea00
0x00007f1a4b3d4280:   00007f1a4b3d4a30 00007f1a4b3d43f0
0x00007f1a4b3d4290:   00007f1a4b3d43c0 00007f1a4b3d42a0
0x00007f1a4b3d42a0:   00007f19d0192a50 ffff7f1a00000001
0x00007f1a4b3d42b0:   00007f1a4d0815a0 00007f1a4d081450
0x00007f1a4b3d42c0:   17817f1a4d0819be 00007f1a5002ffff
0x00007f1a4b3d42d0:   00007f1a4d081592 00007f1a4b3d43c0
0x00007f1a4b3d42e0:   0000000000000001 00007f1a4b3d43f0
0x00007f1a4b3d42f0:   00007f1a4b3d4a10 00007f1a4b3d4a30
0x00007f1a4b3d4300:   00007f1a4b3d4370 00007f1a56b93539
0x00007f1a4b3d4310:   00007f1a4b3d4350 00007f1a56b9462a
0x00007f1a4b3d4320:   00007f1a4d0728c8 00007f1a4b3d4390
0x00007f1a4b3d4330:   00007f1a4b3d43f0 00007f1a50020000
0x00007f1a4b3d4340:   00007f1a4b3d4a30 00007f1a4b3d43c0
0x00007f1a4b3d4350:   00007f1a4b3d43f0 00007f1a50020000
0x00007f1a4b3d4360:   00007f1a4b3d4a30 00007f1a501c7000
0x00007f1a4b3d4370:   00007f1a4b3d49e0 00007f1a56fbff5a
0x00007f1a4b3d4380:   00007f1a4b3d4390 00007f1a4b3d4a10
0x00007f1a4b3d4390:   00007f1a415b1670 00007f1a4d0728c8
0x00007f1a4b3d43a0:   00007f1a4d0726d0 00007f1a00000000
0x00007f1a4b3d43b0:   00000006de3f94a8 00007f1a415b1670
0x00007f1a4b3d43c0:   00007f1a415b1670 00007f1a4d0728c8
0x00007f1a4b3d43d0:   00007f1a4d0726d0 00007f1a00000000
0x00007f1a4b3d43e0:   00000006de3f94a8 00007f1a415b1670
0x00007f1a4b3d43f0:   00007f1a42d26850 00007f1a4d0004e7
0x00007f1a4b3d4400:   00007f1a4d0003d0 0000000000000000
0x00007f1a4b3d4410:   00007f1a42d268c0 00007f1a42d26858
0x00007f1a4b3d4420:   0000000000000000 0000000000000000
0x00007f1a4b3d4430:   0000000000000000 0000000000000000 

Instructions: (pc=0x00007f1a56eec68b)
0x00007f1a56eec66b:   89 c1 b8 01 00 00 00 48 d3 ea 48 89 d6 89 d1 48
0x00007f1a56eec67b:   8b 15 6f 74 5c 00 83 e1 3f 48 c1 ee 06 48 d3 e0
0x00007f1a56eec68b:   48 85 04 f2 74 1f 48 8b 1c 24 4c 8b 64 24 08 4c
0x00007f1a56eec69b:   8b 6c 24 10 4c 8b 74 24 18 c9 c3 66 2e 0f 1f 84 

Register to memory mapping:

RAX=0x0000400000000000 is an unknown value
RBX=0x0000000000ca6b77 is an unknown value
RCX=0x000000000000002e is an unknown value
RDX=0x00007f19efd70000 is an unknown value
RSP=0x00007f1a4b3d4240 is an unknown value
RBP=0x00007f1a4b3d4260 is an unknown value
RSI=0x007ffffffdc2f535 is an unknown value
RDI=0x00007f1a4b3d4a30 is an unknown value
R8 =0x00007f1a4b3d43f0 is an unknown value
R9 =0x0000000000001781 is an unknown value
R10=0x0000000000000001 is an unknown value
R11=0x00007f1a56c6d120: <offset 0x5f5120> in /home/lpxz/pool/jdk1.7/jre/lib/amd64/server/libjvm.so at 0x00007f1a56678000
R12=0x00007f1a5006e6d0 is an unknown value
R13=0x0000000000001781 is an unknown value
R14=0x0000000000000001 is an unknown value
R15=0x00000000ffffffff is an unknown value


Stack: [0x00007f1a4b2d5000,0x00007f1a4b3d6000],  sp=0x00007f1a4b3d4240,  free space=1020k
Native frames: (J=compiled Java code, j=interpreted, Vv=VM code, C=native code)
V  [libjvm.so+0x87468b]  PSParallelCompact::MarkAndPushClosure::do_oop(oopDesc**)+0x5b
V  [libjvm.so+0x8086bb]  OopMapSet::all_do(frame const*, RegisterMap const*, OopClosure*, void (*)(oopDesc**, oopDesc**), OopClosure*)+0x2fb
V  [libjvm.so+0x51b539]  frame::oops_do_internal(OopClosure*, CodeBlobClosure*, RegisterMap*, bool)+0x99
V  [libjvm.so+0x947f5a]  JavaThread::oops_do(OopClosure*, CodeBlobClosure*)+0x15a
V  [libjvm.so+0x84f04d]  ThreadRootsMarkingTask::do_it(GCTaskManager*, unsigned int)+0xbd
V  [libjvm.so+0x550f6f]  GCTaskThread::run()+0x12f
V  [libjvm.so+0x815538]  java_start(Thread*)+0x108

JavaThread 0x00007f1a501c7000 (nid = 13403) was being processed
Java frames: (J=compiled Java code, j=interpreted, Vv=VM code)
v  ~RuntimeStub::_complete_monitor_locking_Java
J  java.util.Vector.add(Ljava/lang/Object;)Z
J  edu.hkust.leap.monitor.RecordMonitor.accessSPE(IJZI)V
J  edu.hkust.leap.monitor.RecordMonitor.readBeforeInstance(Ljava/lang/Object;IJLjava/lang/String;ILjava/lang/Object;)V
J  spec.jbb.Order.getTotalAmount()Ljava/math/BigDecimal;
j  spec.jbb.NewOrderTransaction.processTransactionLog()V+494
J  spec.jbb.TransactionManager.goManual(ILspec/jbb/TimerData;)J
j  spec.jbb.TransactionManager.go()V+437
j  spec.jbb.JBBmain.run()V+127
j  java.lang.Thread.run()V+11
v  ~StubRoutines::call_stub

---------------  P R O C E S S  ---------------

Java Threads: ( => current thread )
  0x00007f1a501c9000 JavaThread "Thread-8" [_thread_blocked, id=13404, stack(0x00007f1a413b1000,0x00007f1a414b2000)]
  0x00007f1a501c7000 JavaThread "Thread-7" [_thread_blocked, id=13403, stack(0x00007f1a414b2000,0x00007f1a415b3000)]
  0x00007f1a501c5000 JavaThread "Thread-6" [_thread_blocked, id=13402, stack(0x00007f1a415b3000,0x00007f1a416b4000)]
  0x00007f1a501c3000 JavaThread "Thread-5" [_thread_blocked, id=13401, stack(0x00007f1a416b4000,0x00007f1a417b5000)]
  0x00007f1a501c1000 JavaThread "Thread-4" [_thread_blocked, id=13400, stack(0x00007f1a417b5000,0x00007f1a418b6000)]
  0x00007f1a501b5800 JavaThread "Thread-3" [_thread_blocked, id=13399, stack(0x00007f1a418b6000,0x00007f1a419b7000)]
  0x00007f1a501b3800 JavaThread "Thread-2" [_thread_blocked, id=13398, stack(0x00007f1a419e4000,0x00007f1a41ae5000)]
  0x00007f1a501b1800 JavaThread "Thread-1" [_thread_blocked, id=13397, stack(0x00007f1a41ae5000,0x00007f1a41be6000)]
  0x00007f1a5009f000 JavaThread "Service Thread" daemon [_thread_blocked, id=13395, stack(0x00007f1a42140000,0x00007f1a42241000)]
  0x00007f1a5009d000 JavaThread "C2 CompilerThread1" daemon [_thread_blocked, id=13394, stack(0x00007f1a42241000,0x00007f1a42342000)]
  0x00007f1a5009a000 JavaThread "C2 CompilerThread0" daemon [_thread_blocked, id=13393, stack(0x00007f1a42342000,0x00007f1a42443000)]
  0x00007f1a5008f800 JavaThread "Signal Dispatcher" daemon [_thread_blocked, id=13392, stack(0x00007f1a42443000,0x00007f1a42544000)]
  0x00007f1a50078800 JavaThread "Finalizer" daemon [_thread_blocked, id=13390, stack(0x00007f1a42c27000,0x00007f1a42d28000)]
  0x00007f1a50074800 JavaThread "Reference Handler" daemon [_thread_blocked, id=13389, stack(0x00007f1a42d28000,0x00007f1a42e29000)]
  0x00007f1a5000a000 JavaThread "main" [_thread_blocked, id=13379, stack(0x00007f1a57fd5000,0x00007f1a580d6000)]

Other Threads:
  0x00007f1a50072800 VMThread [stack: 0x00007f1a42e29000,0x00007f1a42f2a000] [id=13388]
  0x00007f1a500aa000 WatcherThread [stack: 0x00007f1a4203f000,0x00007f1a42140000] [id=13396]

=>0x00007f1a50020000 (exited) GCTaskThread [stack: 0x00007f1a4b2d5000,0x00007f1a4b3d6000] [id=13380]

VM state:at safepoint (normal execution)

VM Mutex/Monitor currently owned by a thread:  ([mutex/lock_event])
[0x00007f1a50006480] Threads_lock - owner thread: 0x00007f1a50072800
[0x00007f1a50006980] Heap_lock - owner thread: 0x00007f1a501b5800

Heap
 PSYoungGen      total 188416K, used 10208K [0x00000006d5500000, 0x00000006ef300000, 0x0000000800000000)
  eden space 178176K, 0% used [0x00000006d5500000,0x00000006d5500000,0x00000006e0300000)
  from space 10240K, 99% used [0x00000006e4b00000,0x00000006e54f8020,0x00000006e5500000)
  to   space 122880K, 0% used [0x00000006e7b00000,0x00000006e7b00000,0x00000006ef300000)
 ParOldGen       total 307200K, used 279710K [0x0000000480000000, 0x0000000492c00000, 0x00000006d5500000)
  object space 307200K, 91% used [0x0000000480000000,0x0000000491127ad0,0x0000000492c00000)
 PSPermGen       total 21504K, used 6076K [0x000000047ae00000, 0x000000047c300000, 0x0000000480000000)
  object space 21504K, 28% used [0x000000047ae00000,0x000000047b3ef0b0,0x000000047c300000)

Card table byte_map: [0x00007f1a4b3d6000,0x00007f1a4d000000] byte_map_base: 0x00007f1a48fff000

Polling page: 0x00007f1a580f5000

Code Cache  [0x00007f1a4d000000, 0x00007f1a4d270000, 0x00007f1a50000000)
 total_blobs=556 nmethods=278 adapters=231 free_code_cache=48049Kb largest_free_block=49155776

Compilation events (10 events):
Event: 1.481 Thread 0x00007f1a5009a000 nmethod 277 0x00007f1a4d112f10 code [0x00007f1a4d113040, 0x00007f1a4d1130b8]
Event: 1.481 Thread 0x00007f1a5009a000  278             sun.util.calendar.CalendarDate::getMonth (5 bytes)
Event: 1.481 Thread 0x00007f1a5009a000 nmethod 278 0x00007f1a4d112cd0 code [0x00007f1a4d112e00, 0x00007f1a4d112e58]
Event: 1.481 Thread 0x00007f1a5009a000  279             sun.util.calendar.CalendarDate::isNormalized (5 bytes)
Event: 1.481 Thread 0x00007f1a5009a000 nmethod 279 0x00007f1a4d107e90 code [0x00007f1a4d107fc0, 0x00007f1a4d108018]
Event: 1.481 Thread 0x00007f1a5009a000  280             sun.util.calendar.Gregorian$Date::getNormalizedYear (5 bytes)
Event: 1.482 Thread 0x00007f1a5009a000 nmethod 280 0x00007f1a4d107c90 code [0x00007f1a4d107dc0, 0x00007f1a4d107e18]
Event: 1.501 Thread 0x00007f1a5009d000 nmethod 272 0x00007f1a4d11b250 code [0x00007f1a4d11b5e0, 0x00007f1a4d11cca8]
Event: 1.627 Thread 0x00007f1a5009a000  281 % !         spec.jbb.TransactionManager::go @ 351 (986 bytes)
Event: 1.627 Thread 0x00007f1a5009a000 


GC Heap History (10 events):
Event: 1.077 GC heap after
Heap after GC invocations=2 (full 0):
 PSYoungGen      total 136192K, used 10224K [0x00000006d5500000, 0x00000006de400000, 0x0000000800000000)
  eden space 125952K, 0% used [0x00000006d5500000,0x00000006d5500000,0x00000006dd000000)
  from space 10240K, 99% used [0x00000006dda00000,0x00000006de3fc050,0x00000006de400000)
  to   space 10240K, 0% used [0x00000006dd000000,0x00000006dd000000,0x00000006dda00000)
 ParOldGen       total 166912K, used 52549K [0x0000000480000000, 0x000000048a300000, 0x00000006d5500000)
  object space 166912K, 31% used [0x0000000480000000,0x00000004833515a0,0x000000048a300000)
 PSPermGen       total 21504K, used 6078K [0x000000047ae00000, 0x000000047c300000, 0x0000000480000000)
  object space 21504K, 28% used [0x000000047ae00000,0x000000047b3ef930,0x000000047c300000)
}
Event: 1.887 GC heap before
{Heap before GC invocations=3 (full 0):
 PSYoungGen      total 136192K, used 136176K [0x00000006d5500000, 0x00000006de400000, 0x0000000800000000)
  eden space 125952K, 100% used [0x00000006d5500000,0x00000006dd000000,0x00000006dd000000)
  from space 10240K, 99% used [0x00000006dda00000,0x00000006de3fc050,0x00000006de400000)
  to   space 10240K, 0% used [0x00000006dd000000,0x00000006dd000000,0x00000006dda00000)
 ParOldGen       total 166912K, used 52549K [0x0000000480000000, 0x000000048a300000, 0x00000006d5500000)
  object space 166912K, 31% used [0x0000000480000000,0x00000004833515a0,0x000000048a300000)
 PSPermGen       total 21504K, used 6078K [0x000000047ae00000, 0x000000047c300000, 0x0000000480000000)
  object space 21504K, 28% used [0x000000047ae00000,0x000000047b3ef930,0x000000047c300000)
Event: 1.961 GC heap after
Heap after GC invocations=3 (full 0):
 PSYoungGen      total 136192K, used 10208K [0x00000006d5500000, 0x00000006e5f00000, 0x0000000800000000)
  eden space 125952K, 0% used [0x00000006d5500000,0x00000006d5500000,0x00000006dd000000)
  from space 10240K, 99% used [0x00000006dd000000,0x00000006dd9f8030,0x00000006dda00000)
  to   space 10240K, 0% used [0x00000006e5500000,0x00000006e5500000,0x00000006e5f00000)
 ParOldGen       total 166912K, used 121589K [0x0000000480000000, 0x000000048a300000, 0x00000006d5500000)
  object space 166912K, 72% used [0x0000000480000000,0x00000004876bd7a0,0x000000048a300000)
 PSPermGen       total 21504K, used 6078K [0x000000047ae00000, 0x000000047c300000, 0x0000000480000000)
  object space 21504K, 28% used [0x000000047ae00000,0x000000047b3ef930,0x000000047c300000)
}
Event: 1.961 GC heap before
{Heap before GC invocations=4 (full 1):
 PSYoungGen      total 136192K, used 10208K [0x00000006d5500000, 0x00000006e5f00000, 0x0000000800000000)
  eden space 125952K, 0% used [0x00000006d5500000,0x00000006d5500000,0x00000006dd000000)
  from space 10240K, 99% used [0x00000006dd000000,0x00000006dd9f8030,0x00000006dda00000)
  to   space 10240K, 0% used [0x00000006e5500000,0x00000006e5500000,0x00000006e5f00000)
 ParOldGen       total 166912K, used 121589K [0x0000000480000000, 0x000000048a300000, 0x00000006d5500000)
  object space 166912K, 72% used [0x0000000480000000,0x00000004876bd7a0,0x000000048a300000)
 PSPermGen       total 21504K, used 6078K [0x000000047ae00000, 0x000000047c300000, 0x0000000480000000)
  object space 21504K, 28% used [0x000000047ae00000,0x000000047b3ef930,0x000000047c300000)
Event: 2.724 GC heap after
Heap after GC invocations=4 (full 1):
 PSYoungGen      total 136192K, used 0K [0x00000006d5500000, 0x00000006e5f00000, 0x0000000800000000)
  eden space 125952K, 0% used [0x00000006d5500000,0x00000006d5500000,0x00000006dd000000)
  from space 10240K, 0% used [0x00000006dd000000,0x00000006dd000000,0x00000006dda00000)
  to   space 10240K, 0% used [0x00000006e5500000,0x00000006e5500000,0x00000006e5f00000)
 ParOldGen       total 307200K, used 117566K [0x0000000480000000, 0x0000000492c00000, 0x00000006d5500000)
  object space 307200K, 38% used [0x0000000480000000,0x00000004872cf9e0,0x0000000492c00000)
 PSPermGen       total 21504K, used 6076K [0x000000047ae00000, 0x000000047c300000, 0x0000000480000000)
  object space 21504K, 28% used [0x000000047ae00000,0x000000047b3ef0b0,0x000000047c300000)
}
Event: 3.349 GC heap before
{Heap before GC invocations=5 (full 1):
 PSYoungGen      total 136192K, used 125952K [0x00000006d5500000, 0x00000006e5f00000, 0x0000000800000000)
  eden space 125952K, 100% used [0x00000006d5500000,0x00000006dd000000,0x00000006dd000000)
  from space 10240K, 0% used [0x00000006dd000000,0x00000006dd000000,0x00000006dda00000)
  to   space 10240K, 0% used [0x00000006e5500000,0x00000006e5500000,0x00000006e5f00000)
 ParOldGen       total 307200K, used 117566K [0x0000000480000000, 0x0000000492c00000, 0x00000006d5500000)
  object space 307200K, 38% used [0x0000000480000000,0x00000004872cf9e0,0x0000000492c00000)
 PSPermGen       total 21504K, used 6076K [0x000000047ae00000, 0x000000047c300000, 0x0000000480000000)
  object space 21504K, 28% used [0x000000047ae00000,0x000000047b3ef0b0,0x000000047c300000)
Event: 3.410 GC heap after
Heap after GC invocations=5 (full 1):
 PSYoungGen      total 158208K, used 10208K [0x00000006d5500000, 0x00000006e5f00000, 0x0000000800000000)
  eden space 147968K, 0% used [0x00000006d5500000,0x00000006d5500000,0x00000006de580000)
  from space 10240K, 99% used [0x00000006e5500000,0x00000006e5ef8020,0x00000006e5f00000)
  to   space 10240K, 0% used [0x00000006e4b00000,0x00000006e4b00000,0x00000006e5500000)
 ParOldGen       total 307200K, used 187430K [0x0000000480000000, 0x0000000492c00000, 0x00000006d5500000)
  object space 307200K, 61% used [0x0000000480000000,0x000000048b709a80,0x0000000492c00000)
 PSPermGen       total 21504K, used 6076K [0x000000047ae00000, 0x000000047c300000, 0x0000000480000000)
  object space 21504K, 28% used [0x000000047ae00000,0x000000047b3ef0b0,0x000000047c300000)
}
Event: 4.208 GC heap before
{Heap before GC invocations=6 (full 1):
 PSYoungGen      total 158208K, used 158176K [0x00000006d5500000, 0x00000006e5f00000, 0x0000000800000000)
  eden space 147968K, 100% used [0x00000006d5500000,0x00000006de580000,0x00000006de580000)
  from space 10240K, 99% used [0x00000006e5500000,0x00000006e5ef8020,0x00000006e5f00000)
  to   space 10240K, 0% used [0x00000006e4b00000,0x00000006e4b00000,0x00000006e5500000)
 ParOldGen       total 307200K, used 187430K [0x0000000480000000, 0x0000000492c00000, 0x00000006d5500000)
  object space 307200K, 61% used [0x0000000480000000,0x000000048b709a80,0x0000000492c00000)
 PSPermGen       total 21504K, used 6076K [0x000000047ae00000, 0x000000047c300000, 0x0000000480000000)
  object space 21504K, 28% used [0x000000047ae00000,0x000000047b3ef0b0,0x000000047c300000)
Event: 4.306 GC heap after
Heap after GC invocations=6 (full 1):
 PSYoungGen      total 188416K, used 10208K [0x00000006d5500000, 0x00000006ef300000, 0x0000000800000000)
  eden space 178176K, 0% used [0x00000006d5500000,0x00000006d5500000,0x00000006e0300000)
  from space 10240K, 99% used [0x00000006e4b00000,0x00000006e54f8020,0x00000006e5500000)
  to   space 122880K, 0% used [0x00000006e7b00000,0x00000006e7b00000,0x00000006ef300000)
 ParOldGen       total 307200K, used 279710K [0x0000000480000000, 0x0000000492c00000, 0x00000006d5500000)
  object space 307200K, 91% used [0x0000000480000000,0x0000000491127ad0,0x0000000492c00000)
 PSPermGen       total 21504K, used 6076K [0x000000047ae00000, 0x000000047c300000, 0x0000000480000000)
  object space 21504K, 28% used [0x000000047ae00000,0x000000047b3ef0b0,0x000000047c300000)
}
Event: 4.307 GC heap before
{Heap before GC invocations=7 (full 2):
 PSYoungGen      total 188416K, used 10208K [0x00000006d5500000, 0x00000006ef300000, 0x0000000800000000)
  eden space 178176K, 0% used [0x00000006d5500000,0x00000006d5500000,0x00000006e0300000)
  from space 10240K, 99% used [0x00000006e4b00000,0x00000006e54f8020,0x00000006e5500000)
  to   space 122880K, 0% used [0x00000006e7b00000,0x00000006e7b00000,0x00000006ef300000)
 ParOldGen       total 307200K, used 279710K [0x0000000480000000, 0x0000000492c00000, 0x00000006d5500000)
  object space 307200K, 91% used [0x0000000480000000,0x0000000491127ad0,0x0000000492c00000)
 PSPermGen       total 21504K, used 6076K [0x000000047ae00000, 0x000000047c300000, 0x0000000480000000)
  object space 21504K, 28% used [0x000000047ae00000,0x000000047b3ef0b0,0x000000047c300000)

Deoptimization events (0 events):
No events

Internal exceptions (10 events):
Event: 0.117 Thread 0x00007f1a5000a000 Threw 0x00000006d57d05c8 at /HUDSON/workspace/7u-2-build-linux-amd64@2/jdk7u51/527/hotspot/src/share/vm/prims/jvm.cpp:1244
Event: 0.118 Thread 0x00007f1a5000a000 Threw 0x00000006d57d5fb0 at /HUDSON/workspace/7u-2-build-linux-amd64@2/jdk7u51/527/hotspot/src/share/vm/prims/jvm.cpp:1244
Event: 0.119 Thread 0x00007f1a5000a000 Threw 0x00000006d57df080 at /HUDSON/workspace/7u-2-build-linux-amd64@2/jdk7u51/527/hotspot/src/share/vm/prims/jvm.cpp:1244
Event: 0.122 Thread 0x00007f1a5000a000 Threw 0x00000006d57ead48 at /HUDSON/workspace/7u-2-build-linux-amd64@2/jdk7u51/527/hotspot/src/share/vm/prims/jvm.cpp:1244
Event: 0.123 Thread 0x00007f1a5000a000 Threw 0x00000006d57ee400 at /HUDSON/workspace/7u-2-build-linux-amd64@2/jdk7u51/527/hotspot/src/share/vm/prims/jvm.cpp:1244
Event: 0.123 Thread 0x00007f1a5000a000 Threw 0x00000006d57ffa68 at /HUDSON/workspace/7u-2-build-linux-amd64@2/jdk7u51/527/hotspot/src/share/vm/prims/jvm.cpp:1244
Event: 0.146 Thread 0x00007f1a5000a000 Threw 0x00000006d5855b90 at /HUDSON/workspace/7u-2-build-linux-amd64@2/jdk7u51/527/hotspot/src/share/vm/prims/jvm.cpp:1244
Event: 0.147 Thread 0x00007f1a5000a000 Threw 0x00000006d585cdd0 at /HUDSON/workspace/7u-2-build-linux-amd64@2/jdk7u51/527/hotspot/src/share/vm/prims/jvm.cpp:1244
Event: 0.180 Thread 0x00007f1a501b1800 Threw 0x00000006d59f3aa0 at /HUDSON/workspace/7u-2-build-linux-amd64@2/jdk7u51/527/hotspot/src/share/vm/prims/jvm.cpp:1244
Event: 0.197 Thread 0x00007f1a501b5800 Threw 0x00000006d5c88a40 at /HUDSON/workspace/7u-2-build-linux-amd64@2/jdk7u51/527/hotspot/src/share/vm/prims/jvm.cpp:1244

Events (10 events):
Event: 0.646 Executing VM operation: ParallelGCFailedAllocation done
Event: 1.044 Executing VM operation: ParallelGCFailedAllocation
Event: 1.077 Executing VM operation: ParallelGCFailedAllocation done
Event: 1.887 Executing VM operation: ParallelGCFailedAllocation
Event: 2.724 Executing VM operation: ParallelGCFailedAllocation done
Event: 3.349 Executing VM operation: ParallelGCFailedAllocation
Event: 3.410 Executing VM operation: ParallelGCFailedAllocation done
Event: 4.053 Executing VM operation: EnableBiasedLocking
Event: 4.053 Executing VM operation: EnableBiasedLocking done
Event: 4.208 Executing VM operation: ParallelGCFailedAllocation


Dynamic libraries:
00400000-00401000 r-xp 00000000 08:08 3802540                            /home/lpxz/pool/jdk1.7/bin/java
00600000-00601000 rw-p 00000000 08:08 3802540                            /home/lpxz/pool/jdk1.7/bin/java
023aa000-023cb000 rw-p 00000000 00:00 0                                  [heap]
47ae00000-47c300000 rw-p 00000000 00:00 0 
47c300000-480000000 rw-p 00000000 00:00 0 
480000000-492c00000 rw-p 00000000 00:00 0 
492c00000-6d5500000 rw-p 00000000 00:00 0 
6d5500000-6ef300000 rw-p 00000000 00:00 0 
6ef300000-800000000 rw-p 00000000 00:00 0 
7f19a8000000-7f19a8021000 rw-p 00000000 00:00 0 
7f19a8021000-7f19ac000000 ---p 00000000 00:00 0 
7f19b0000000-7f19b0021000 rw-p 00000000 00:00 0 
7f19b0021000-7f19b4000000 ---p 00000000 00:00 0 
7f19b4000000-7f19b4021000 rw-p 00000000 00:00 0 
7f19b4021000-7f19b8000000 ---p 00000000 00:00 0 
7f19b8000000-7f19b8021000 rw-p 00000000 00:00 0 
7f19b8021000-7f19bc000000 ---p 00000000 00:00 0 
7f19bc000000-7f19bc021000 rw-p 00000000 00:00 0 
7f19bc021000-7f19c0000000 ---p 00000000 00:00 0 
7f19c0000000-7f19c024b000 rw-p 00000000 00:00 0 
7f19c024b000-7f19c4000000 ---p 00000000 00:00 0 
7f19c4000000-7f19c4021000 rw-p 00000000 00:00 0 
7f19c4021000-7f19c8000000 ---p 00000000 00:00 0 
7f19c8000000-7f19c8021000 rw-p 00000000 00:00 0 
7f19c8021000-7f19cc000000 ---p 00000000 00:00 0 
7f19cc000000-7f19cc021000 rw-p 00000000 00:00 0 
7f19cc021000-7f19d0000000 ---p 00000000 00:00 0 
7f19d0000000-7f19d072e000 rw-p 00000000 00:00 0 
7f19d072e000-7f19d4000000 ---p 00000000 00:00 0 
7f19d4000000-7f19d4021000 rw-p 00000000 00:00 0 
7f19d4021000-7f19d8000000 ---p 00000000 00:00 0 
7f19d8000000-7f19d8021000 rw-p 00000000 00:00 0 
7f19d8021000-7f19dc000000 ---p 00000000 00:00 0 
7f19dc000000-7f19dc79b000 rw-p 00000000 00:00 0 
7f19dc79b000-7f19e0000000 ---p 00000000 00:00 0 
7f19e0000000-7f19e0021000 rw-p 00000000 00:00 0 
7f19e0021000-7f19e4000000 ---p 00000000 00:00 0 
7f19e4000000-7f19e4021000 rw-p 00000000 00:00 0 
7f19e4021000-7f19e8000000 ---p 00000000 00:00 0 
7f19e8000000-7f19e8021000 rw-p 00000000 00:00 0 
7f19e8021000-7f19ec000000 ---p 00000000 00:00 0 
7f19efd70000-7f1a0c000000 rw-p 00000000 00:00 0 
7f1a0c000000-7f1a0c021000 rw-p 00000000 00:00 0 
7f1a0c021000-7f1a10000000 ---p 00000000 00:00 0 
7f1a14000000-7f1a14021000 rw-p 00000000 00:00 0 
7f1a14021000-7f1a18000000 ---p 00000000 00:00 0 
7f1a1c000000-7f1a1c021000 rw-p 00000000 00:00 0 
7f1a1c021000-7f1a20000000 ---p 00000000 00:00 0 
7f1a24000000-7f1a24207000 rw-p 00000000 00:00 0 
7f1a24207000-7f1a28000000 ---p 00000000 00:00 0 
7f1a2c000000-7f1a2c021000 rw-p 00000000 00:00 0 
7f1a2c021000-7f1a30000000 ---p 00000000 00:00 0 
7f1a34000000-7f1a34021000 rw-p 00000000 00:00 0 
7f1a34021000-7f1a38000000 ---p 00000000 00:00 0 
7f1a3c000000-7f1a3c021000 rw-p 00000000 00:00 0 
7f1a3c021000-7f1a40000000 ---p 00000000 00:00 0 
7f1a413b1000-7f1a413b4000 ---p 00000000 00:00 0 
7f1a413b4000-7f1a414b2000 rw-p 00000000 00:00 0 
7f1a414b2000-7f1a414b5000 ---p 00000000 00:00 0 
7f1a414b5000-7f1a415b3000 rw-p 00000000 00:00 0 
7f1a415b3000-7f1a415b6000 ---p 00000000 00:00 0 
7f1a415b6000-7f1a416b4000 rw-p 00000000 00:00 0 
7f1a416b4000-7f1a416b7000 ---p 00000000 00:00 0 
7f1a416b7000-7f1a417b5000 rw-p 00000000 00:00 0 
7f1a417b5000-7f1a417b8000 ---p 00000000 00:00 0 
7f1a417b8000-7f1a418b6000 rw-p 00000000 00:00 0 
7f1a418b6000-7f1a418b9000 ---p 00000000 00:00 0 
7f1a418b9000-7f1a419b7000 rw-p 00000000 00:00 0 
7f1a419e4000-7f1a419e7000 ---p 00000000 00:00 0 
7f1a419e7000-7f1a41ae5000 rw-p 00000000 00:00 0 
7f1a41ae5000-7f1a41ae8000 ---p 00000000 00:00 0 
7f1a41ae8000-7f1a41c17000 rw-p 00000000 00:00 0 
7f1a41c17000-7f1a41c2d000 r-xp 00000000 08:08 3804245                    /home/lpxz/pool/jdk1.7/jre/lib/amd64/libnet.so
7f1a41c2d000-7f1a41e2d000 ---p 00016000 08:08 3804245                    /home/lpxz/pool/jdk1.7/jre/lib/amd64/libnet.so
7f1a41e2d000-7f1a41e2e000 rw-p 00016000 08:08 3804245                    /home/lpxz/pool/jdk1.7/jre/lib/amd64/libnet.so
7f1a41e2e000-7f1a41e3e000 r-xp 00000000 08:08 3804240                    /home/lpxz/pool/jdk1.7/jre/lib/amd64/libnio.so
7f1a41e3e000-7f1a4203e000 ---p 00010000 08:08 3804240                    /home/lpxz/pool/jdk1.7/jre/lib/amd64/libnio.so
7f1a4203e000-7f1a4203f000 rw-p 00010000 08:08 3804240                    /home/lpxz/pool/jdk1.7/jre/lib/amd64/libnio.so
7f1a4203f000-7f1a42040000 ---p 00000000 00:00 0 
7f1a42040000-7f1a42140000 rw-p 00000000 00:00 0 
7f1a42140000-7f1a42143000 ---p 00000000 00:00 0 
7f1a42143000-7f1a42241000 rw-p 00000000 00:00 0 
7f1a42241000-7f1a42244000 ---p 00000000 00:00 0 
7f1a42244000-7f1a42342000 rw-p 00000000 00:00 0 
7f1a42342000-7f1a42345000 ---p 00000000 00:00 0 
7f1a42345000-7f1a42443000 rw-p 00000000 00:00 0 
7f1a42443000-7f1a42446000 ---p 00000000 00:00 0 
7f1a42446000-7f1a42544000 rw-p 00000000 00:00 0 
7f1a42544000-7f1a42c27000 r--p 00000000 08:08 6297920                    /usr/lib/locale/locale-archive
7f1a42c27000-7f1a42c2a000 ---p 00000000 00:00 0 
7f1a42c2a000-7f1a42d28000 rw-p 00000000 00:00 0 
7f1a42d28000-7f1a42d2b000 ---p 00000000 00:00 0 
7f1a42d2b000-7f1a42e29000 rw-p 00000000 00:00 0 
7f1a42e29000-7f1a42e2a000 ---p 00000000 00:00 0 
7f1a42e2a000-7f1a44000000 rw-p 00000000 00:00 0 
7f1a44000000-7f1a4424d000 rw-p 00000000 00:00 0 
7f1a4424d000-7f1a48000000 ---p 00000000 00:00 0 
7f1a4801c000-7f1a48bd5000 rw-p 00000000 00:00 0 
7f1a48bd5000-7f1a48d92000 r--s 039bf000 08:08 3804302                    /home/lpxz/pool/jdk1.7/jre/lib/rt.jar
7f1a48d92000-7f1a4abce000 rw-p 00000000 00:00 0 
7f1a4abce000-7f1a4abcf000 ---p 00000000 00:00 0 
7f1a4abcf000-7f1a4accf000 rw-p 00000000 00:00 0 
7f1a4accf000-7f1a4acd0000 ---p 00000000 00:00 0 
7f1a4acd0000-7f1a4add0000 rw-p 00000000 00:00 0 
7f1a4add0000-7f1a4add1000 ---p 00000000 00:00 0 
7f1a4add1000-7f1a4aed1000 rw-p 00000000 00:00 0 
7f1a4aed1000-7f1a4aed2000 ---p 00000000 00:00 0 
7f1a4aed2000-7f1a4afd2000 rw-p 00000000 00:00 0 
7f1a4afd2000-7f1a4afd3000 ---p 00000000 00:00 0 
7f1a4afd3000-7f1a4b0d3000 rw-p 00000000 00:00 0 
7f1a4b0d3000-7f1a4b0d4000 ---p 00000000 00:00 0 
7f1a4b0d4000-7f1a4b1d4000 rw-p 00000000 00:00 0 
7f1a4b1d4000-7f1a4b1d5000 ---p 00000000 00:00 0 
7f1a4b1d5000-7f1a4b2d5000 rw-p 00000000 00:00 0 
7f1a4b2d5000-7f1a4b2d6000 ---p 00000000 00:00 0 
7f1a4b2d6000-7f1a4b3e1000 rw-p 00000000 00:00 0 
7f1a4b3e1000-7f1a4b3ff000 rw-p 00000000 00:00 0 
7f1a4b3ff000-7f1a4b495000 rw-p 00000000 00:00 0 
7f1a4b495000-7f1a4c6a9000 rw-p 00000000 00:00 0 
7f1a4c6a9000-7f1a4c779000 rw-p 00000000 00:00 0 
7f1a4c779000-7f1a4cfff000 rw-p 00000000 00:00 0 
7f1a4cfff000-7f1a4d000000 rw-p 00000000 00:00 0 
7f1a4d000000-7f1a4d270000 rwxp 00000000 00:00 0 
7f1a4d270000-7f1a501db000 rw-p 00000000 00:00 0 
7f1a501db000-7f1a54000000 ---p 00000000 00:00 0 
7f1a54010000-7f1a5401b000 rw-p 00000000 00:00 0 
7f1a5401b000-7f1a54039000 rw-p 00000000 00:00 0 
7f1a54039000-7f1a540cf000 rw-p 00000000 00:00 0 
7f1a540cf000-7f1a552e4000 rw-p 00000000 00:00 0 
7f1a552e4000-7f1a552fe000 r-xp 00000000 08:08 3804290                    /home/lpxz/pool/jdk1.7/jre/lib/amd64/libzip.so
7f1a552fe000-7f1a554fe000 ---p 0001a000 08:08 3804290                    /home/lpxz/pool/jdk1.7/jre/lib/amd64/libzip.so
7f1a554fe000-7f1a554ff000 rw-p 0001a000 08:08 3804290                    /home/lpxz/pool/jdk1.7/jre/lib/amd64/libzip.so
7f1a554ff000-7f1a5550b000 r-xp 00000000 08:08 12594830                   /lib/x86_64-linux-gnu/libnss_files-2.15.so
7f1a5550b000-7f1a5570a000 ---p 0000c000 08:08 12594830                   /lib/x86_64-linux-gnu/libnss_files-2.15.so
7f1a5570a000-7f1a5570b000 r--p 0000b000 08:08 12594830                   /lib/x86_64-linux-gnu/libnss_files-2.15.so
7f1a5570b000-7f1a5570c000 rw-p 0000c000 08:08 12594830                   /lib/x86_64-linux-gnu/libnss_files-2.15.so
7f1a5570c000-7f1a55716000 r-xp 00000000 08:08 12594834                   /lib/x86_64-linux-gnu/libnss_nis-2.15.so
7f1a55716000-7f1a55916000 ---p 0000a000 08:08 12594834                   /lib/x86_64-linux-gnu/libnss_nis-2.15.so
7f1a55916000-7f1a55917000 r--p 0000a000 08:08 12594834                   /lib/x86_64-linux-gnu/libnss_nis-2.15.so
7f1a55917000-7f1a55918000 rw-p 0000b000 08:08 12594834                   /lib/x86_64-linux-gnu/libnss_nis-2.15.so
7f1a55918000-7f1a5592f000 r-xp 00000000 08:08 12594846                   /lib/x86_64-linux-gnu/libnsl-2.15.so
7f1a5592f000-7f1a55b2e000 ---p 00017000 08:08 12594846                   /lib/x86_64-linux-gnu/libnsl-2.15.so
7f1a55b2e000-7f1a55b2f000 r--p 00016000 08:08 12594846                   /lib/x86_64-linux-gnu/libnsl-2.15.so
7f1a55b2f000-7f1a55b30000 rw-p 00017000 08:08 12594846                   /lib/x86_64-linux-gnu/libnsl-2.15.so
7f1a55b30000-7f1a55b32000 rw-p 00000000 00:00 0 
7f1a55b32000-7f1a55b3a000 r-xp 00000000 08:08 12594828                   /lib/x86_64-linux-gnu/libnss_compat-2.15.so
7f1a55b3a000-7f1a55d39000 ---p 00008000 08:08 12594828                   /lib/x86_64-linux-gnu/libnss_compat-2.15.so
7f1a55d39000-7f1a55d3a000 r--p 00007000 08:08 12594828                   /lib/x86_64-linux-gnu/libnss_compat-2.15.so
7f1a55d3a000-7f1a55d3b000 rw-p 00008000 08:08 12594828                   /lib/x86_64-linux-gnu/libnss_compat-2.15.so
7f1a55d3b000-7f1a55d64000 r-xp 00000000 08:08 3804274                    /home/lpxz/pool/jdk1.7/jre/lib/amd64/libjava.so
7f1a55d64000-7f1a55f64000 ---p 00029000 08:08 3804274                    /home/lpxz/pool/jdk1.7/jre/lib/amd64/libjava.so
7f1a55f64000-7f1a55f66000 rw-p 00029000 08:08 3804274                    /home/lpxz/pool/jdk1.7/jre/lib/amd64/libjava.so
7f1a55f66000-7f1a55f73000 r-xp 00000000 08:08 3804272                    /home/lpxz/pool/jdk1.7/jre/lib/amd64/libverify.so
7f1a55f73000-7f1a56172000 ---p 0000d000 08:08 3804272                    /home/lpxz/pool/jdk1.7/jre/lib/amd64/libverify.so
7f1a56172000-7f1a56174000 rw-p 0000c000 08:08 3804272                    /home/lpxz/pool/jdk1.7/jre/lib/amd64/libverify.so
7f1a56174000-7f1a5617b000 r-xp 00000000 08:08 12594833                   /lib/x86_64-linux-gnu/librt-2.15.so
7f1a5617b000-7f1a5637a000 ---p 00007000 08:08 12594833                   /lib/x86_64-linux-gnu/librt-2.15.so
7f1a5637a000-7f1a5637b000 r--p 00006000 08:08 12594833                   /lib/x86_64-linux-gnu/librt-2.15.so
7f1a5637b000-7f1a5637c000 rw-p 00007000 08:08 12594833                   /lib/x86_64-linux-gnu/librt-2.15.so
7f1a5637c000-7f1a56477000 r-xp 00000000 08:08 12594837                   /lib/x86_64-linux-gnu/libm-2.15.so
7f1a56477000-7f1a56676000 ---p 000fb000 08:08 12594837                   /lib/x86_64-linux-gnu/libm-2.15.so
7f1a56676000-7f1a56677000 r--p 000fa000 08:08 12594837                   /lib/x86_64-linux-gnu/libm-2.15.so
7f1a56677000-7f1a56678000 rw-p 000fb000 08:08 12594837                   /lib/x86_64-linux-gnu/libm-2.15.so
7f1a56678000-7f1a571da000 r-xp 00000000 08:08 3804280                    /home/lpxz/pool/jdk1.7/jre/lib/amd64/server/libjvm.so
7f1a571da000-7f1a573da000 ---p 00b62000 08:08 3804280                    /home/lpxz/pool/jdk1.7/jre/lib/amd64/server/libjvm.so
7f1a573da000-7f1a5749d000 rw-p 00b62000 08:08 3804280                    /home/lpxz/pool/jdk1.7/jre/lib/amd64/server/libjvm.so
7f1a5749d000-7f1a574de000 rw-p 00000000 00:00 0 
7f1a574de000-7f1a57693000 r-xp 00000000 08:08 12594826                   /lib/x86_64-linux-gnu/libc-2.15.so
7f1a57693000-7f1a57893000 ---p 001b5000 08:08 12594826                   /lib/x86_64-linux-gnu/libc-2.15.so
7f1a57893000-7f1a57897000 r--p 001b5000 08:08 12594826                   /lib/x86_64-linux-gnu/libc-2.15.so
7f1a57897000-7f1a57899000 rw-p 001b9000 08:08 12594826                   /lib/x86_64-linux-gnu/libc-2.15.so
7f1a57899000-7f1a5789e000 rw-p 00000000 00:00 0 
7f1a5789e000-7f1a578a0000 r-xp 00000000 08:08 12594841                   /lib/x86_64-linux-gnu/libdl-2.15.so
7f1a578a0000-7f1a57aa0000 ---p 00002000 08:08 12594841                   /lib/x86_64-linux-gnu/libdl-2.15.so
7f1a57aa0000-7f1a57aa1000 r--p 00002000 08:08 12594841                   /lib/x86_64-linux-gnu/libdl-2.15.so
7f1a57aa1000-7f1a57aa2000 rw-p 00003000 08:08 12594841                   /lib/x86_64-linux-gnu/libdl-2.15.so
7f1a57aa2000-7f1a57ab8000 r-xp 00000000 08:08 3802605                    /home/lpxz/pool/jdk1.7/lib/amd64/jli/libjli.so
7f1a57ab8000-7f1a57cb8000 ---p 00016000 08:08 3802605                    /home/lpxz/pool/jdk1.7/lib/amd64/jli/libjli.so
7f1a57cb8000-7f1a57cb9000 rw-p 00016000 08:08 3802605                    /home/lpxz/pool/jdk1.7/lib/amd64/jli/libjli.so
7f1a57cb9000-7f1a57cd1000 r-xp 00000000 08:08 12594835                   /lib/x86_64-linux-gnu/libpthread-2.15.so
7f1a57cd1000-7f1a57ed0000 ---p 00018000 08:08 12594835                   /lib/x86_64-linux-gnu/libpthread-2.15.so
7f1a57ed0000-7f1a57ed1000 r--p 00017000 08:08 12594835                   /lib/x86_64-linux-gnu/libpthread-2.15.so
7f1a57ed1000-7f1a57ed2000 rw-p 00018000 08:08 12594835                   /lib/x86_64-linux-gnu/libpthread-2.15.so
7f1a57ed2000-7f1a57ed6000 rw-p 00000000 00:00 0 
7f1a57ed6000-7f1a57ef8000 r-xp 00000000 08:08 12594838                   /lib/x86_64-linux-gnu/ld-2.15.so
7f1a57f09000-7f1a57f15000 r--s 000da000 08:08 4477681                    /home/lpxz/eclipse/workspacePA_icse/soot-One/lib/polyglotclasses-1.3.5.jar
7f1a57f15000-7f1a57f1f000 rw-p 00000000 00:00 0 
7f1a57f1f000-7f1a57fd5000 rw-p 00000000 00:00 0 
7f1a57fd5000-7f1a57fd8000 ---p 00000000 00:00 0 
7f1a57fd8000-7f1a580db000 rw-p 00000000 00:00 0 
7f1a580db000-7f1a580e5000 r--s 00250000 08:08 3803739                    /home/lpxz/pool/jdk1.7/jre/lib/resources.jar
7f1a580e5000-7f1a580e8000 r--s 0002b000 08:08 4477682                    /home/lpxz/eclipse/workspacePA_icse/soot-One/lib/jasminclasses-2.5.0.jar
7f1a580e8000-7f1a580ec000 r--s 000f7000 08:08 3804391                    /home/lpxz/pool/jdk1.7/jre/lib/ext/localedata.jar
7f1a580ec000-7f1a580f4000 rw-s 00000000 08:08 4997936                    /tmp/hsperfdata_lpxz/13374
7f1a580f4000-7f1a580f5000 rw-p 00000000 00:00 0 
7f1a580f5000-7f1a580f6000 ---p 00000000 00:00 0 
7f1a580f6000-7f1a580f8000 rw-p 00000000 00:00 0 
7f1a580f8000-7f1a580f9000 r--p 00022000 08:08 12594838                   /lib/x86_64-linux-gnu/ld-2.15.so
7f1a580f9000-7f1a580fb000 rw-p 00023000 08:08 12594838                   /lib/x86_64-linux-gnu/ld-2.15.so
7fff0b445000-7fff0b466000 rw-p 00000000 00:00 0                          [stack]
7fff0b5ff000-7fff0b600000 r-xp 00000000 00:00 0                          [vdso]
ffffffffff600000-ffffffffff601000 r-xp 00000000 00:00 0                  [vsyscall]

VM Arguments:
jvm_args: -Xverify:none -Xmx14g -XX:+UseBiasedLocking -Dfile.encoding=UTF-8 
java_command: edu.hkust.leap.record.RecordMain 1024 spec.jbb.JBBmain
Launcher Type: SUN_STANDARD

Environment Variables:
PATH=/usr/local/sbin:/usr/local/bin:/usr/sbin:/usr/bin:/sbin:/bin:/usr/games
LD_LIBRARY_PATH=/home/lpxz/pool/jdk1.7/jre/lib/amd64/server:/home/lpxz/pool/jdk1.7/jre/lib/amd64:/home/lpxz/pool/jdk1.7/jre/../lib/amd64:/usr/lib/jvm/java-6-openjdk-amd64/jre/lib/amd64/server:/usr/lib/jvm/java-6-openjdk-amd64/jre/lib/amd64:/usr/lib/jvm/java-6-openjdk-amd64/jre/../lib/amd64
SHELL=/bin/bash
DISPLAY=:0

Signal Handlers:
SIGSEGV: [libjvm.so+0x993870], sa_mask[0]=0x7ffbfeff, sa_flags=0x10000004
SIGBUS: [libjvm.so+0x993870], sa_mask[0]=0x7ffbfeff, sa_flags=0x10000004
SIGFPE: [libjvm.so+0x8105b0], sa_mask[0]=0x7ffbfeff, sa_flags=0x10000004
SIGPIPE: [libjvm.so+0x8105b0], sa_mask[0]=0x7ffbfeff, sa_flags=0x10000004
SIGXFSZ: [libjvm.so+0x8105b0], sa_mask[0]=0x7ffbfeff, sa_flags=0x10000004
SIGILL: [libjvm.so+0x8105b0], sa_mask[0]=0x7ffbfeff, sa_flags=0x10000004
SIGUSR1: SIG_DFL, sa_mask[0]=0x00000000, sa_flags=0x00000000
SIGUSR2: [libjvm.so+0x811aa0], sa_mask[0]=0x00000004, sa_flags=0x10000004
SIGHUP: [libjvm.so+0x812a10], sa_mask[0]=0x7ffbfeff, sa_flags=0x10000004
SIGINT: [libjvm.so+0x812a10], sa_mask[0]=0x7ffbfeff, sa_flags=0x10000004
SIGTERM: [libjvm.so+0x812a10], sa_mask[0]=0x7ffbfeff, sa_flags=0x10000004
SIGQUIT: [libjvm.so+0x812a10], sa_mask[0]=0x7ffbfeff, sa_flags=0x10000004


---------------  S Y S T E M  ---------------

OS:wheezy/sid

uname:Linux 3.2.0-29-generic #46-Ubuntu SMP Fri Jul 27 17:03:23 UTC 2012 x86_64
libc:glibc 2.15 NPTL 2.15 
rlimit: STACK 8192k, CORE 0k, NPROC 125044, NOFILE 4096, AS infinity
load average:0.97 1.20 1.33

/proc/meminfo:
MemTotal:       16023348 kB
MemFree:         8492520 kB
Buffers:          813220 kB
Cached:          3578956 kB
SwapCached:            0 kB
Active:          4581792 kB
Inactive:        1949352 kB
Active(anon):    2159956 kB
Inactive(anon):   147756 kB
Active(file):    2421836 kB
Inactive(file):  1801596 kB
Unevictable:           0 kB
Mlocked:               0 kB
SwapTotal:      62944092 kB
SwapFree:       62944092 kB
Dirty:             43760 kB
Writeback:             0 kB
AnonPages:       2139524 kB
Mapped:           230504 kB
Shmem:            168568 kB
Slab:             702748 kB
SReclaimable:     645440 kB
SUnreclaim:        57308 kB
KernelStack:        4776 kB
PageTables:        42052 kB
NFS_Unstable:          0 kB
Bounce:                0 kB
WritebackTmp:          0 kB
CommitLimit:    70955764 kB
Committed_AS:    5221716 kB
VmallocTotal:   34359738367 kB
VmallocUsed:      401540 kB
VmallocChunk:   34359299572 kB
HardwareCorrupted:     0 kB
AnonHugePages:         0 kB
HugePages_Total:       0
HugePages_Free:        0
HugePages_Rsvd:        0
HugePages_Surp:        0
Hugepagesize:       2048 kB
DirectMap4k:       83456 kB
DirectMap2M:    16279552 kB


CPU:total 8 (4 cores per cpu, 2 threads per core) family 6 model 58 stepping 9, cmov, cx8, fxsr, mmx, sse, sse2, sse3, ssse3, sse4.1, sse4.2, popcnt, avx, aes, erms, ht, tsc, tscinvbit, tscinv

/proc/cpuinfo:
processor	: 0
vendor_id	: GenuineIntel
cpu family	: 6
model		: 58
model name	: Intel(R) Core(TM) i7-3610QM CPU @ 2.30GHz
stepping	: 9
microcode	: 0x12
cpu MHz		: 2301.000
cache size	: 6144 KB
physical id	: 0
siblings	: 8
core id		: 0
cpu cores	: 4
apicid		: 0
initial apicid	: 0
fpu		: yes
fpu_exception	: yes
cpuid level	: 13
wp		: yes
flags		: fpu vme de pse tsc msr pae mce cx8 apic sep mtrr pge mca cmov pat pse36 clflush dts acpi mmx fxsr sse sse2 ss ht tm pbe syscall nx rdtscp lm constant_tsc arch_perfmon pebs bts rep_good nopl xtopology nonstop_tsc aperfmperf pni pclmulqdq dtes64 monitor ds_cpl vmx est tm2 ssse3 cx16 xtpr pdcm pcid sse4_1 sse4_2 x2apic popcnt tsc_deadline_timer aes xsave avx f16c rdrand lahf_lm ida arat epb xsaveopt pln pts dtherm tpr_shadow vnmi flexpriority ept vpid fsgsbase smep erms
bogomips	: 4589.13
clflush size	: 64
cache_alignment	: 64
address sizes	: 36 bits physical, 48 bits virtual
power management:

processor	: 1
vendor_id	: GenuineIntel
cpu family	: 6
model		: 58
model name	: Intel(R) Core(TM) i7-3610QM CPU @ 2.30GHz
stepping	: 9
microcode	: 0x12
cpu MHz		: 2301.000
cache size	: 6144 KB
physical id	: 0
siblings	: 8
core id		: 0
cpu cores	: 4
apicid		: 1
initial apicid	: 1
fpu		: yes
fpu_exception	: yes
cpuid level	: 13
wp		: yes
flags		: fpu vme de pse tsc msr pae mce cx8 apic sep mtrr pge mca cmov pat pse36 clflush dts acpi mmx fxsr sse sse2 ss ht tm pbe syscall nx rdtscp lm constant_tsc arch_perfmon pebs bts rep_good nopl xtopology nonstop_tsc aperfmperf pni pclmulqdq dtes64 monitor ds_cpl vmx est tm2 ssse3 cx16 xtpr pdcm pcid sse4_1 sse4_2 x2apic popcnt tsc_deadline_timer aes xsave avx f16c rdrand lahf_lm ida arat epb xsaveopt pln pts dtherm tpr_shadow vnmi flexpriority ept vpid fsgsbase smep erms
bogomips	: 4589.35
clflush size	: 64
cache_alignment	: 64
address sizes	: 36 bits physical, 48 bits virtual
power management:

processor	: 2
vendor_id	: GenuineIntel
cpu family	: 6
model		: 58
model name	: Intel(R) Core(TM) i7-3610QM CPU @ 2.30GHz
stepping	: 9
microcode	: 0x12
cpu MHz		: 2301.000
cache size	: 6144 KB
physical id	: 0
siblings	: 8
core id		: 1
cpu cores	: 4
apicid		: 2
initial apicid	: 2
fpu		: yes
fpu_exception	: yes
cpuid level	: 13
wp		: yes
flags		: fpu vme de pse tsc msr pae mce cx8 apic sep mtrr pge mca cmov pat pse36 clflush dts acpi mmx fxsr sse sse2 ss ht tm pbe syscall nx rdtscp lm constant_tsc arch_perfmon pebs bts rep_good nopl xtopology nonstop_tsc aperfmperf pni pclmulqdq dtes64 monitor ds_cpl vmx est tm2 ssse3 cx16 xtpr pdcm pcid sse4_1 sse4_2 x2apic popcnt tsc_deadline_timer aes xsave avx f16c rdrand lahf_lm ida arat epb xsaveopt pln pts dtherm tpr_shadow vnmi flexpriority ept vpid fsgsbase smep erms
bogomips	: 4589.37
clflush size	: 64
cache_alignment	: 64
address sizes	: 36 bits physical, 48 bits virtual
power management:

processor	: 3
vendor_id	: GenuineIntel
cpu family	: 6
model		: 58
model name	: Intel(R) Core(TM) i7-3610QM CPU @ 2.30GHz
stepping	: 9
microcode	: 0x12
cpu MHz		: 2301.000
cache size	: 6144 KB
physical id	: 0
siblings	: 8
core id		: 1
cpu cores	: 4
apicid		: 3
initial apicid	: 3
fpu		: yes
fpu_exception	: yes
cpuid level	: 13
wp		: yes
flags		: fpu vme de pse tsc msr pae mce cx8 apic sep mtrr pge mca cmov pat pse36 clflush dts acpi mmx fxsr sse sse2 ss ht tm pbe syscall nx rdtscp lm constant_tsc arch_perfmon pebs bts rep_good nopl xtopology nonstop_tsc aperfmperf pni pclmulqdq dtes64 monitor ds_cpl vmx est tm2 ssse3 cx16 xtpr pdcm pcid sse4_1 sse4_2 x2apic popcnt tsc_deadline_timer aes xsave avx f16c rdrand lahf_lm ida arat epb xsaveopt pln pts dtherm tpr_shadow vnmi flexpriority ept vpid fsgsbase smep erms
bogomips	: 4589.37
clflush size	: 64
cache_alignment	: 64
address sizes	: 36 bits physical, 48 bits virtual
power management:

processor	: 4
vendor_id	: GenuineIntel
cpu family	: 6
model		: 58
model name	: Intel(R) Core(TM) i7-3610QM CPU @ 2.30GHz
stepping	: 9
microcode	: 0x12
cpu MHz		: 2301.000
cache size	: 6144 KB
physical id	: 0
siblings	: 8
core id		: 2
cpu cores	: 4
apicid		: 4
initial apicid	: 4
fpu		: yes
fpu_exception	: yes
cpuid level	: 13
wp		: yes
flags		: fpu vme de pse tsc msr pae mce cx8 apic sep mtrr pge mca cmov pat pse36 clflush dts acpi mmx fxsr sse sse2 ss ht tm pbe syscall nx rdtscp lm constant_tsc arch_perfmon pebs bts rep_good nopl xtopology nonstop_tsc aperfmperf pni pclmulqdq dtes64 monitor ds_cpl vmx est tm2 ssse3 cx16 xtpr pdcm pcid sse4_1 sse4_2 x2apic popcnt tsc_deadline_timer aes xsave avx f16c rdrand lahf_lm ida arat epb xsaveopt pln pts dtherm tpr_shadow vnmi flexpriority ept vpid fsgsbase smep erms
bogomips	: 4589.37
clflush size	: 64
cache_alignment	: 64
address sizes	: 36 bits physical, 48 bits virtual
power management:

processor	: 5
vendor_id	: GenuineIntel
cpu family	: 6
model		: 58
model name	: Intel(R) Core(TM) i7-3610QM CPU @ 2.30GHz
stepping	: 9
microcode	: 0x12
cpu MHz		: 2301.000
cache size	: 6144 KB
physical id	: 0
siblings	: 8
core id		: 2
cpu cores	: 4
apicid		: 5
initial apicid	: 5
fpu		: yes
fpu_exception	: yes
cpuid level	: 13
wp		: yes
flags		: fpu vme de pse tsc msr pae mce cx8 apic sep mtrr pge mca cmov pat pse36 clflush dts acpi mmx fxsr sse sse2 ss ht tm pbe syscall nx rdtscp lm constant_tsc arch_perfmon pebs bts rep_good nopl xtopology nonstop_tsc aperfmperf pni pclmulqdq dtes64 monitor ds_cpl vmx est tm2 ssse3 cx16 xtpr pdcm pcid sse4_1 sse4_2 x2apic popcnt tsc_deadline_timer aes xsave avx f16c rdrand lahf_lm ida arat epb xsaveopt pln pts dtherm tpr_shadow vnmi flexpriority ept vpid fsgsbase smep erms
bogomips	: 4589.37
clflush size	: 64
cache_alignment	: 64
address sizes	: 36 bits physical, 48 bits virtual
power management:

processor	: 6
vendor_id	: GenuineIntel
cpu family	: 6
model		: 58
model name	: Intel(R) Core(TM) i7-3610QM CPU @ 2.30GHz
stepping	: 9
microcode	: 0x12
cpu MHz		: 2301.000
cache size	: 6144 KB
physical id	: 0
siblings	: 8
core id		: 3
cpu cores	: 4
apicid		: 6
initial apicid	: 6
fpu		: yes
fpu_exception	: yes
cpuid level	: 13
wp		: yes
flags		: fpu vme de pse tsc msr pae mce cx8 apic sep mtrr pge mca cmov pat pse36 clflush dts acpi mmx fxsr sse sse2 ss ht tm pbe syscall nx rdtscp lm constant_tsc arch_perfmon pebs bts rep_good nopl xtopology nonstop_tsc aperfmperf pni pclmulqdq dtes64 monitor ds_cpl vmx est tm2 ssse3 cx16 xtpr pdcm pcid sse4_1 sse4_2 x2apic popcnt tsc_deadline_timer aes xsave avx f16c rdrand lahf_lm ida arat epb xsaveopt pln pts dtherm tpr_shadow vnmi flexpriority ept vpid fsgsbase smep erms
bogomips	: 4589.37
clflush size	: 64
cache_alignment	: 64
address sizes	: 36 bits physical, 48 bits virtual
power management:

processor	: 7
vendor_id	: GenuineIntel
cpu family	: 6
model		: 58
model name	: Intel(R) Core(TM) i7-3610QM CPU @ 2.30GHz
stepping	: 9
microcode	: 0x12
cpu MHz		: 2301.000
cache size	: 6144 KB
physical id	: 0
siblings	: 8
core id		: 3
cpu cores	: 4
apicid		: 7
initial apicid	: 7
fpu		: yes
fpu_exception	: yes
cpuid level	: 13
wp		: yes
flags		: fpu vme de pse tsc msr pae mce cx8 apic sep mtrr pge mca cmov pat pse36 clflush dts acpi mmx fxsr sse sse2 ss ht tm pbe syscall nx rdtscp lm constant_tsc arch_perfmon pebs bts rep_good nopl xtopology nonstop_tsc aperfmperf pni pclmulqdq dtes64 monitor ds_cpl vmx est tm2 ssse3 cx16 xtpr pdcm pcid sse4_1 sse4_2 x2apic popcnt tsc_deadline_timer aes xsave avx f16c rdrand lahf_lm ida arat epb xsaveopt pln pts dtherm tpr_shadow vnmi flexpriority ept vpid fsgsbase smep erms
bogomips	: 4589.37
clflush size	: 64
cache_alignment	: 64
address sizes	: 36 bits physical, 48 bits virtual
power management:



Memory: 4k page, physical 16023348k(8492148k free), swap 62944092k(62944092k free)

vm_info: Java HotSpot(TM) 64-Bit Server VM (24.51-b03) for linux-amd64 JRE (1.7.0_51-b13), built on Dec 18 2013 18:48:01 by "java_re" with gcc 4.3.0 20080428 (Red Hat 4.3.0-8)

time: Tue Oct 14 16:29:23 2014
elapsed time: 4 seconds

