#
# A fatal error has been detected by the Java Runtime Environment:
#
#  SIGSEGV (0xb) at pc=0x00007ff993f9374b, pid=19401, tid=140709865256704
#
# JRE version: 6.0_26-b03
# Java VM: Java HotSpot(TM) 64-Bit Server VM (20.1-b02 mixed mode linux-amd64 compressed oops)
# Problematic frame:
# V  [libjvm.so+0x76074b]  PSPromotionManager::copy_to_survivor_space(oopDesc*)+0x5b
#
# If you would like to submit a bug report, please visit:
#   http://java.sun.com/webapps/bugreport/crash.jsp
#

---------------  T H R E A D  ---------------

Current thread (0x00007ff98c01c800):  GCTaskThread [stack: 0x00007ff99178f000,0x00007ff991890000] [id=19408]

siginfo:si_signo=SIGSEGV: si_errno=0, si_code=1 (SEGV_MAPERR), si_addr=0x0000000063ea8158

Registers:
RAX=0x0000000000000001, RBX=0x00007ff9942d4ee0, RCX=0x0000000000000003, RDX=0x0000000063ea8140
RSP=0x00007ff99188e7c0, RBP=0x00007ff99188e830, RSI=0x00007ff9942b8530, RDI=0x0000000063ea8150
R8 =0x00007ff9942cff80, R9 =0x00007ff94c082030, R10=0x0000000000000000, R11=0x0000000000000001
R12=0x00007ff988719530, R13=0x00000007e18faa05, R14=0x0000000000000000, R15=0x00007ff99188ed50
RIP=0x00007ff993f9374b, EFLAGS=0x0000000000010202, CSGSFS=0x0000000000000033, ERR=0x0000000000000004
  TRAPNO=0x000000000000000e

Top of Stack: (sp=0x00007ff99188e7c0)
0x00007ff99188e7c0:   00007ff99188e7d0 00007ff993f96ad0
0x00007ff99188e7d0:   00007ff99188e7f0 00007ff993c739b1
0x00007ff99188e7e0:   00007ff98c06ac70 0000000000000000
0x00007ff99188e7f0:   00007ff99188e840 00007ff993f39026
0x00007ff99188e800:   00007ff99188e840 00007ff9887195a8
0x00007ff99188e810:   00007ff99188e9f0 00007ff99188ea20
0x00007ff99188e820:   00007ff99188e8b0 00007ff99188ed50
0x00007ff99188e830:   00007ff99188e850 00007ff993f94215
0x00007ff99188e840:   00007ff99188e970 00007ff99188e8a0
0x00007ff99188e850:   00007ff99188e860 00007ff993f96ad0
0x00007ff99188e860:   00007ff99188e900 00007ff993f3838b
0x00007ff99188e870:   01007ff988618bc0 00007ff99188e89c
0x00007ff99188e880:   00007ff94c082010 00007ff99440b730
0x00007ff99188e890:   00007ff993f38940 ffff0a819188e9f0
0x00007ff99188e8a0:   00007ff98c01cfb0 0000000100000007
0x00007ff99188e8b0:   0a817f0100000001 000000010000ffff
0x00007ff99188e8c0:   0a817f0000000002 000000000000ffff
0x00007ff99188e8d0:   0000000000000000 00007ff99188e9f0
0x00007ff99188e8e0:   00007ff99188ea20 00007ff99188ed30
0x00007ff99188e8f0:   00007ff99188ed50 00007ff99188ed30
0x00007ff99188e900:   00007ff99188e910 00007ff993f381e7
0x00007ff99188e910:   00007ff99188e970 00007ff993c72cca
0x00007ff99188e920:   00007ff99188e940 00007ff993f1d528
0x00007ff99188e930:   00007ff9942cb730 00007ff99188e9c0
0x00007ff99188e940:   00007ff99188e990 00007ff993c74526
0x00007ff99188e950:   00007ff99188e9f0 0000000000000001
0x00007ff99188e960:   00007ff99188ea20 00007ff99188ed50
0x00007ff99188e970:   00007ff99188e9b0 00007ff993c73432
0x00007ff99188e980:   00007ff98c16a000 00007ff99188ea20
0x00007ff99188e990:   00007ff99188e9f0 00007ff99188ed50
0x00007ff99188e9a0:   00007ff98c16a000 00007ff99188ed30
0x00007ff99188e9b0:   00007ff99188ed20 00007ff99404e973 

Instructions: (pc=0x00007ff993f9374b)
0x00007ff993f9372b:   00 0f 84 06 07 00 00 48 8b 1d ff 90 46 00 41 8b
0x00007ff993f9373b:   54 24 08 8b 4b 08 48 d3 e2 48 03 13 48 8d 7a 10
0x00007ff993f9374b:   8b 5f 08 89 d8 c1 f8 03 85 db 0f 8e 7d 06 00 00
0x00007ff993f9375b:   45 89 ea 4c 63 f8 41 83 f2 01 41 83 e2 01 45 84 

Register to memory mapping:

RAX=0x0000000000000001 is an unknown value
RBX=0x00007ff9942d4ee0: <offset 0xaa1ee0> in /home/lpxz/pool/jdk1.6.0_26/jre/lib/amd64/server/libjvm.so at 0x00007ff993833000
RCX=0x0000000000000003 is an unknown value
RDX=0x0000000063ea8140 is an unknown value
RSP=0x00007ff99188e7c0 is an unknown value
RBP=0x00007ff99188e830 is an unknown value
RSI=0x00007ff9942b8530: <offset 0xa85530> in /home/lpxz/pool/jdk1.6.0_26/jre/lib/amd64/server/libjvm.so at 0x00007ff993833000
RDI=0x0000000063ea8150 is an unknown value
R8 =0x00007ff9942cff80: <offset 0xa9cf80> in /home/lpxz/pool/jdk1.6.0_26/jre/lib/amd64/server/libjvm.so at 0x00007ff993833000
R9 =0x00007ff94c082030 is an unknown value
R10=0x0000000000000000 is an unknown value
R11=0x0000000000000001 is an unknown value
R12=0x00007ff988719530 is pointing into the stack for thread: 0x00007ff98c16a000
R13=0x00000007e18faa05 is an unallocated location in the heap
R14=0x0000000000000000 is an unknown value
R15=0x00007ff99188ed50 is an unknown value


Stack: [0x00007ff99178f000,0x00007ff991890000],  sp=0x00007ff99188e7c0,  free space=1021k
Native frames: (J=compiled Java code, j=interpreted, Vv=VM code, C=native code)
V  [libjvm.so+0x76074b]  PSPromotionManager::copy_to_survivor_space(oopDesc*)+0x5b
V  [libjvm.so+0x761215]  void PSScavenge::copy_and_push_safe_barrier<oopDesc*>(PSPromotionManager*, oopDesc**)+0xb5
V  [libjvm.so+0x763ad0]  PSScavengeRootsClosure::do_oop(oopDesc**)+0x30
V  [libjvm.so+0x70538b]  OopMapSet::all_do(frame const*, RegisterMap const*, OopClosure*, void (*)(oopDesc**, oopDesc**), OopClosure*)+0x19b
V  [libjvm.so+0x7051e7]  OopMapSet::oops_do(frame const*, RegisterMap const*, OopClosure*)+0x17
V  [libjvm.so+0x43fcca]  frame::oops_code_blob_do(OopClosure*, CodeBlobClosure*, RegisterMap const*)+0x3a
V  [libjvm.so+0x440432]  frame::oops_do_internal(OopClosure*, CodeBlobClosure*, RegisterMap*, bool)+0x82
V  [libjvm.so+0x81b973]  JavaThread::oops_do(OopClosure*, CodeBlobClosure*)+0x1d3
V  [libjvm.so+0x76377d]  ThreadRootsTask::do_it(GCTaskManager*, unsigned)+0xad
V  [libjvm.so+0x466efa]  GCTaskThread::run()+0x16a
V  [libjvm.so+0x710adf]  java_start(Thread*)+0x13f

JavaThread 0x00007ff98c16a000 (nid = 19424) was being processed
Java frames: (J=compiled Java code, j=interpreted, Vv=VM code)
j  java.util.Arrays.copyOf([Ljava/lang/Object;ILjava/lang/Class;)[Ljava/lang/Object;+8
j  java.util.Arrays.copyOf([Ljava/lang/Object;I)[Ljava/lang/Object;+6
J  edu.hkust.leap.monitor.RecordMonitor.accessSPE(IJZ)V
J  edu.hkust.leap.monitor.RecordMonitor.readBeforeInstance(Ljava/lang/Object;IJLjava/lang/String;ILjava/lang/Object;)V
J  spec.jbb.Order.processLines(Lspec/jbb/Warehouse;SZ)Z
j  spec.jbb.NewOrderTransaction.process()Z+183
j  spec.jbb.TransactionManager.runTxn(Lspec/jbb/Transaction;JJD)J+36
j  spec.jbb.TransactionManager.goManual(ILspec/jbb/TimerData;)J+141
j  spec.jbb.TransactionManager.go()V+437
j  spec.jbb.JBBmain.run()V+127
j  java.lang.Thread.run()V+11
v  ~StubRoutines::call_stub

---------------  P R O C E S S  ---------------

Java Threads: ( => current thread )
  0x00007ff98c16b000 JavaThread "Thread-2" [_thread_blocked, id=19425, stack(0x00007ff988519000,0x00007ff98861a000)]
  0x00007ff98c16a000 JavaThread "Thread-1" [_thread_blocked, id=19424, stack(0x00007ff98861a000,0x00007ff98871b000)]
  0x00007ff98c099800 JavaThread "Low Memory Detector" daemon [_thread_blocked, id=19421, stack(0x00007ff98881c000,0x00007ff98891d000)]
  0x00007ff98c097000 JavaThread "C2 CompilerThread1" daemon [_thread_blocked, id=19420, stack(0x00007ff990086000,0x00007ff990187000)]
  0x00007ff98c094800 JavaThread "C2 CompilerThread0" daemon [_thread_blocked, id=19419, stack(0x00007ff990187000,0x00007ff990288000)]
  0x00007ff98c092000 JavaThread "Signal Dispatcher" daemon [_thread_blocked, id=19418, stack(0x00007ff990288000,0x00007ff990389000)]
  0x00007ff98c076000 JavaThread "Finalizer" daemon [_thread_blocked, id=19417, stack(0x00007ff990389000,0x00007ff99048a000)]
  0x00007ff98c074000 JavaThread "Reference Handler" daemon [_thread_blocked, id=19416, stack(0x00007ff99048a000,0x00007ff99058b000)]
  0x00007ff98c007800 JavaThread "main" [_thread_blocked, id=19406, stack(0x00007ff993436000,0x00007ff993537000)]

Other Threads:
  0x00007ff98c06d000 VMThread [stack: 0x00007ff99058b000,0x00007ff99068c000] [id=19415]
  0x00007ff98c0ac000 WatcherThread [stack: 0x00007ff98871b000,0x00007ff98881c000] [id=19422]

=>0x00007ff98c01c800 (exited) GCTaskThread [stack: 0x00007ff99178f000,0x00007ff991890000] [id=19408]

VM state:at safepoint (normal execution)

VM Mutex/Monitor currently owned by a thread:  ([mutex/lock_event])
[0x00007ff98c004830] Threads_lock - owner thread: 0x00007ff98c06d000
[0x00007ff98c004d30] Heap_lock - owner thread: 0x00007ff98c16a000

Heap
 PSYoungGen      total 73024K, used 72838K [0x00000007ae800000, 0x00000007b76a0000, 0x0000000800000000)
  eden space 62592K, 99% used [0x00000007ae800000,0x00000007b24f9870,0x00000007b2520000)
  from space 10432K, 99% used [0x00000007b2520000,0x00000007b2f48010,0x00000007b2f50000)
  to   space 10432K, 99% used [0x00000007b6c70000,0x00000007b769c190,0x00000007b76a0000)
 PSOldGen        total 166912K, used 85077K [0x000000070b800000, 0x0000000715b00000, 0x00000007ae800000)
  object space 166912K, 50% used [0x000000070b800000,0x0000000710b15420,0x0000000715b00000)
 PSPermGen       total 21248K, used 6286K [0x0000000706600000, 0x0000000707ac0000, 0x000000070b800000)
  object space 21248K, 29% used [0x0000000706600000,0x0000000706c23948,0x0000000707ac0000)

Code Cache  [0x00007ff989000000, 0x00007ff989270000, 0x00007ff98c000000)
 total_blobs=424 nmethods=179 adapters=199 free_code_cache=49533760 largest_free_block=9536

Dynamic libraries:
40000000-40009000 r-xp 00000000 08:08 11159973                           /home/lpxz/pool/jdk1.6.0_26/jre/bin/java
40108000-4010a000 rwxp 00008000 08:08 11159973                           /home/lpxz/pool/jdk1.6.0_26/jre/bin/java
40a39000-40a5a000 rwxp 00000000 00:00 0                                  [heap]
706600000-707ac0000 rwxp 00000000 00:00 0 
707ac0000-70b800000 rwxp 00000000 00:00 0 
70b800000-715b00000 rwxp 00000000 00:00 0 
715b00000-7ae800000 rwxp 00000000 00:00 0 
7ae800000-7b76a0000 rwxp 00000000 00:00 0 
7b76a0000-800000000 rwxp 00000000 00:00 0 
7ff93c000000-7ff93c021000 rwxp 00000000 00:00 0 
7ff93c021000-7ff940000000 ---p 00000000 00:00 0 
7ff944000000-7ff944021000 rwxp 00000000 00:00 0 
7ff944021000-7ff948000000 ---p 00000000 00:00 0 
7ff948000000-7ff948021000 rwxp 00000000 00:00 0 
7ff948021000-7ff94c000000 ---p 00000000 00:00 0 
7ff94c000000-7ff94c74d000 rwxp 00000000 00:00 0 
7ff94c74d000-7ff950000000 ---p 00000000 00:00 0 
7ff950000000-7ff950021000 rwxp 00000000 00:00 0 
7ff950021000-7ff954000000 ---p 00000000 00:00 0 
7ff954000000-7ff954021000 rwxp 00000000 00:00 0 
7ff954021000-7ff958000000 ---p 00000000 00:00 0 
7ff958000000-7ff958a9d000 rwxp 00000000 00:00 0 
7ff958a9d000-7ff95c000000 ---p 00000000 00:00 0 
7ff95c000000-7ff95c021000 rwxp 00000000 00:00 0 
7ff95c021000-7ff960000000 ---p 00000000 00:00 0 
7ff960000000-7ff960021000 rwxp 00000000 00:00 0 
7ff960021000-7ff964000000 ---p 00000000 00:00 0 
7ff964000000-7ff964021000 rwxp 00000000 00:00 0 
7ff964021000-7ff968000000 ---p 00000000 00:00 0 
7ff968000000-7ff968021000 rwxp 00000000 00:00 0 
7ff968021000-7ff96c000000 ---p 00000000 00:00 0 
7ff96c000000-7ff96c021000 rwxp 00000000 00:00 0 
7ff96c021000-7ff970000000 ---p 00000000 00:00 0 
7ff970000000-7ff970021000 rwxp 00000000 00:00 0 
7ff970021000-7ff974000000 ---p 00000000 00:00 0 
7ff974000000-7ff974021000 rwxp 00000000 00:00 0 
7ff974021000-7ff978000000 ---p 00000000 00:00 0 
7ff978000000-7ff978021000 rwxp 00000000 00:00 0 
7ff978021000-7ff97c000000 ---p 00000000 00:00 0 
7ff97c000000-7ff97c021000 rwxp 00000000 00:00 0 
7ff97c021000-7ff980000000 ---p 00000000 00:00 0 
7ff980000000-7ff980021000 rwxp 00000000 00:00 0 
7ff980021000-7ff984000000 ---p 00000000 00:00 0 
7ff984000000-7ff984021000 rwxp 00000000 00:00 0 
7ff984021000-7ff988000000 ---p 00000000 00:00 0 
7ff988519000-7ff98851c000 ---p 00000000 00:00 0 
7ff98851c000-7ff98861a000 rwxp 00000000 00:00 0 
7ff98861a000-7ff98861d000 ---p 00000000 00:00 0 
7ff98861d000-7ff98871b000 rwxp 00000000 00:00 0 
7ff98871b000-7ff98871c000 ---p 00000000 00:00 0 
7ff98871c000-7ff98881c000 rwxp 00000000 00:00 0 
7ff98881c000-7ff98881f000 ---p 00000000 00:00 0 
7ff98881f000-7ff98891d000 rwxp 00000000 00:00 0 
7ff98891d000-7ff989000000 r-xp 00000000 08:08 6297920                    /usr/lib/locale/locale-archive
7ff989000000-7ff989270000 rwxp 00000000 00:00 0 
7ff989270000-7ff98c1a2000 rwxp 00000000 00:00 0 
7ff98c1a2000-7ff990000000 ---p 00000000 00:00 0 
7ff990086000-7ff990089000 ---p 00000000 00:00 0 
7ff990089000-7ff990187000 rwxp 00000000 00:00 0 
7ff990187000-7ff99018a000 ---p 00000000 00:00 0 
7ff99018a000-7ff990288000 rwxp 00000000 00:00 0 
7ff990288000-7ff99028b000 ---p 00000000 00:00 0 
7ff99028b000-7ff990389000 rwxp 00000000 00:00 0 
7ff990389000-7ff99038c000 ---p 00000000 00:00 0 
7ff99038c000-7ff99048a000 rwxp 00000000 00:00 0 
7ff99048a000-7ff99048d000 ---p 00000000 00:00 0 
7ff99048d000-7ff99058b000 rwxp 00000000 00:00 0 
7ff99058b000-7ff99058c000 ---p 00000000 00:00 0 
7ff99058c000-7ff990fc9000 rwxp 00000000 00:00 0 
7ff990fc9000-7ff991161000 r-xs 03029000 08:08 11160400                   /home/lpxz/pool/jdk1.6.0_26/jre/lib/rt.jar
7ff991161000-7ff991189000 rwxp 00000000 00:00 0 
7ff991189000-7ff99118a000 ---p 00000000 00:00 0 
7ff99118a000-7ff99128a000 rwxp 00000000 00:00 0 
7ff99128a000-7ff99128b000 ---p 00000000 00:00 0 
7ff99128b000-7ff99138b000 rwxp 00000000 00:00 0 
7ff99138b000-7ff99138c000 ---p 00000000 00:00 0 
7ff99138c000-7ff99148c000 rwxp 00000000 00:00 0 
7ff99148c000-7ff99148d000 ---p 00000000 00:00 0 
7ff99148d000-7ff99158d000 rwxp 00000000 00:00 0 
7ff99158d000-7ff99158e000 ---p 00000000 00:00 0 
7ff99158e000-7ff99168e000 rwxp 00000000 00:00 0 
7ff99168e000-7ff99168f000 ---p 00000000 00:00 0 
7ff99168f000-7ff99178f000 rwxp 00000000 00:00 0 
7ff99178f000-7ff991790000 ---p 00000000 00:00 0 
7ff991790000-7ff991890000 rwxp 00000000 00:00 0 
7ff991890000-7ff991891000 ---p 00000000 00:00 0 
7ff991891000-7ff99199c000 rwxp 00000000 00:00 0 
7ff99199c000-7ff9919ba000 rwxp 00000000 00:00 0 
7ff9919ba000-7ff991a0c000 rwxp 00000000 00:00 0 
7ff991a0c000-7ff991ed2000 rwxp 00000000 00:00 0 
7ff991ed2000-7ff991edd000 rwxp 00000000 00:00 0 
7ff991edd000-7ff991efb000 rwxp 00000000 00:00 0 
7ff991efb000-7ff991f4d000 rwxp 00000000 00:00 0 
7ff991f4d000-7ff992413000 rwxp 00000000 00:00 0 
7ff992413000-7ff99245b000 rwxp 00000000 00:00 0 
7ff99245b000-7ff99269f000 rwxp 00000000 00:00 0 
7ff99269f000-7ff9926a0000 rwxp 00000000 00:00 0 
7ff9926a0000-7ff9926ae000 r-xp 00000000 08:08 11292423                   /home/lpxz/pool/jdk1.6.0_26/jre/lib/amd64/libzip.so
7ff9926ae000-7ff9927b0000 ---p 0000e000 08:08 11292423                   /home/lpxz/pool/jdk1.6.0_26/jre/lib/amd64/libzip.so
7ff9927b0000-7ff9927b3000 rwxp 00010000 08:08 11292423                   /home/lpxz/pool/jdk1.6.0_26/jre/lib/amd64/libzip.so
7ff9927b3000-7ff9927b4000 rwxp 00000000 00:00 0 
7ff9927b4000-7ff9927c0000 r-xp 00000000 08:08 12594830                   /lib/x86_64-linux-gnu/libnss_files-2.15.so
7ff9927c0000-7ff9929bf000 ---p 0000c000 08:08 12594830                   /lib/x86_64-linux-gnu/libnss_files-2.15.so
7ff9929bf000-7ff9929c0000 r-xp 0000b000 08:08 12594830                   /lib/x86_64-linux-gnu/libnss_files-2.15.so
7ff9929c0000-7ff9929c1000 rwxp 0000c000 08:08 12594830                   /lib/x86_64-linux-gnu/libnss_files-2.15.so
7ff9929c1000-7ff9929cb000 r-xp 00000000 08:08 12594834                   /lib/x86_64-linux-gnu/libnss_nis-2.15.so
7ff9929cb000-7ff992bcb000 ---p 0000a000 08:08 12594834                   /lib/x86_64-linux-gnu/libnss_nis-2.15.so
7ff992bcb000-7ff992bcc000 r-xp 0000a000 08:08 12594834                   /lib/x86_64-linux-gnu/libnss_nis-2.15.so
7ff992bcc000-7ff992bcd000 rwxp 0000b000 08:08 12594834                   /lib/x86_64-linux-gnu/libnss_nis-2.15.so
7ff992bcd000-7ff992bd5000 r-xp 00000000 08:08 12594828                   /lib/x86_64-linux-gnu/libnss_compat-2.15.so
7ff992bd5000-7ff992dd4000 ---p 00008000 08:08 12594828                   /lib/x86_64-linux-gnu/libnss_compat-2.15.so
7ff992dd4000-7ff992dd5000 r-xp 00007000 08:08 12594828                   /lib/x86_64-linux-gnu/libnss_compat-2.15.so
7ff992dd5000-7ff992dd6000 rwxp 00008000 08:08 12594828                   /lib/x86_64-linux-gnu/libnss_compat-2.15.so
7ff992dd6000-7ff992ded000 r-xp 00000000 08:08 12594846                   /lib/x86_64-linux-gnu/libnsl-2.15.so
7ff992ded000-7ff992fec000 ---p 00017000 08:08 12594846                   /lib/x86_64-linux-gnu/libnsl-2.15.so
7ff992fec000-7ff992fed000 r-xp 00016000 08:08 12594846                   /lib/x86_64-linux-gnu/libnsl-2.15.so
7ff992fed000-7ff992fee000 rwxp 00017000 08:08 12594846                   /lib/x86_64-linux-gnu/libnsl-2.15.so
7ff992fee000-7ff992ff0000 rwxp 00000000 00:00 0 
7ff992ff0000-7ff993019000 r-xp 00000000 08:08 11292436                   /home/lpxz/pool/jdk1.6.0_26/jre/lib/amd64/libjava.so
7ff993019000-7ff993118000 ---p 00029000 08:08 11292436                   /home/lpxz/pool/jdk1.6.0_26/jre/lib/amd64/libjava.so
7ff993118000-7ff99311f000 rwxp 00028000 08:08 11292436                   /home/lpxz/pool/jdk1.6.0_26/jre/lib/amd64/libjava.so
7ff99311f000-7ff99312c000 r-xp 00000000 08:08 11292418                   /home/lpxz/pool/jdk1.6.0_26/jre/lib/amd64/libverify.so
7ff99312c000-7ff99322b000 ---p 0000d000 08:08 11292418                   /home/lpxz/pool/jdk1.6.0_26/jre/lib/amd64/libverify.so
7ff99322b000-7ff99322e000 rwxp 0000c000 08:08 11292418                   /home/lpxz/pool/jdk1.6.0_26/jre/lib/amd64/libverify.so
7ff99322e000-7ff993235000 r-xp 00000000 08:08 12594833                   /lib/x86_64-linux-gnu/librt-2.15.so
7ff993235000-7ff993434000 ---p 00007000 08:08 12594833                   /lib/x86_64-linux-gnu/librt-2.15.so
7ff993434000-7ff993435000 r-xp 00006000 08:08 12594833                   /lib/x86_64-linux-gnu/librt-2.15.so
7ff993435000-7ff993436000 rwxp 00007000 08:08 12594833                   /lib/x86_64-linux-gnu/librt-2.15.so
7ff993436000-7ff993439000 ---p 00000000 00:00 0 
7ff993439000-7ff993537000 rwxp 00000000 00:00 0 
7ff993537000-7ff993632000 r-xp 00000000 08:08 12594837                   /lib/x86_64-linux-gnu/libm-2.15.so
7ff993632000-7ff993831000 ---p 000fb000 08:08 12594837                   /lib/x86_64-linux-gnu/libm-2.15.so
7ff993831000-7ff993832000 r-xp 000fa000 08:08 12594837                   /lib/x86_64-linux-gnu/libm-2.15.so
7ff993832000-7ff993833000 rwxp 000fb000 08:08 12594837                   /lib/x86_64-linux-gnu/libm-2.15.so
7ff993833000-7ff99414d000 r-xp 00000000 08:08 11292443                   /home/lpxz/pool/jdk1.6.0_26/jre/lib/amd64/server/libjvm.so
7ff99414d000-7ff99424f000 ---p 0091a000 08:08 11292443                   /home/lpxz/pool/jdk1.6.0_26/jre/lib/amd64/server/libjvm.so
7ff99424f000-7ff994404000 rwxp 0091c000 08:08 11292443                   /home/lpxz/pool/jdk1.6.0_26/jre/lib/amd64/server/libjvm.so
7ff994404000-7ff99443e000 rwxp 00000000 00:00 0 
7ff99443e000-7ff9945f3000 r-xp 00000000 08:08 12594826                   /lib/x86_64-linux-gnu/libc-2.15.so
7ff9945f3000-7ff9947f3000 ---p 001b5000 08:08 12594826                   /lib/x86_64-linux-gnu/libc-2.15.so
7ff9947f3000-7ff9947f7000 r-xp 001b5000 08:08 12594826                   /lib/x86_64-linux-gnu/libc-2.15.so
7ff9947f7000-7ff9947f9000 rwxp 001b9000 08:08 12594826                   /lib/x86_64-linux-gnu/libc-2.15.so
7ff9947f9000-7ff9947fe000 rwxp 00000000 00:00 0 
7ff9947fe000-7ff994800000 r-xp 00000000 08:08 12594841                   /lib/x86_64-linux-gnu/libdl-2.15.so
7ff994800000-7ff994a00000 ---p 00002000 08:08 12594841                   /lib/x86_64-linux-gnu/libdl-2.15.so
7ff994a00000-7ff994a01000 r-xp 00002000 08:08 12594841                   /lib/x86_64-linux-gnu/libdl-2.15.so
7ff994a01000-7ff994a02000 rwxp 00003000 08:08 12594841                   /lib/x86_64-linux-gnu/libdl-2.15.so
7ff994a02000-7ff994a1a000 r-xp 00000000 08:08 12594835                   /lib/x86_64-linux-gnu/libpthread-2.15.so
7ff994a1a000-7ff994c19000 ---p 00018000 08:08 12594835                   /lib/x86_64-linux-gnu/libpthread-2.15.so
7ff994c19000-7ff994c1a000 r-xp 00017000 08:08 12594835                   /lib/x86_64-linux-gnu/libpthread-2.15.so
7ff994c1a000-7ff994c1b000 rwxp 00018000 08:08 12594835                   /lib/x86_64-linux-gnu/libpthread-2.15.so
7ff994c1b000-7ff994c1f000 rwxp 00000000 00:00 0 
7ff994c1f000-7ff994c41000 r-xp 00000000 08:08 12594838                   /lib/x86_64-linux-gnu/ld-2.15.so
7ff994c49000-7ff994c55000 r-xs 000da000 08:08 4477681                    /home/lpxz/eclipse/workspacePA_icse/soot-One/lib/polyglotclasses-1.3.5.jar
7ff994c55000-7ff994c5f000 rwxp 00000000 00:00 0 
7ff994c5f000-7ff994d15000 rwxp 00000000 00:00 0 
7ff994d15000-7ff994d18000 rwxp 00000000 00:00 0 
7ff994d18000-7ff994d1f000 r-xp 00000000 08:08 11292408                   /home/lpxz/pool/jdk1.6.0_26/jre/lib/amd64/jli/libjli.so
7ff994d1f000-7ff994e20000 ---p 00007000 08:08 11292408                   /home/lpxz/pool/jdk1.6.0_26/jre/lib/amd64/jli/libjli.so
7ff994e20000-7ff994e22000 rwxp 00008000 08:08 11292408                   /home/lpxz/pool/jdk1.6.0_26/jre/lib/amd64/jli/libjli.so
7ff994e22000-7ff994e23000 rwxp 00000000 00:00 0 
7ff994e2e000-7ff994e31000 r-xs 0002b000 08:08 4477682                    /home/lpxz/eclipse/workspacePA_icse/soot-One/lib/jasminclasses-2.5.0.jar
7ff994e31000-7ff994e35000 r-xs 000cb000 08:08 11292490                   /home/lpxz/pool/jdk1.6.0_26/jre/lib/ext/localedata.jar
7ff994e35000-7ff994e3d000 rwxs 00000000 08:08 5004835                    /tmp/hsperfdata_lpxz/19401
7ff994e3d000-7ff994e3e000 rwxp 00000000 00:00 0 
7ff994e3e000-7ff994e3f000 ---p 00000000 00:00 0 
7ff994e3f000-7ff994e41000 rwxp 00000000 00:00 0 
7ff994e41000-7ff994e42000 r-xp 00022000 08:08 12594838                   /lib/x86_64-linux-gnu/ld-2.15.so
7ff994e42000-7ff994e44000 rwxp 00023000 08:08 12594838                   /lib/x86_64-linux-gnu/ld-2.15.so
7fffe438e000-7fffe43af000 rwxp 00000000 00:00 0                          [stack]
7fffe43bf000-7fffe43c0000 r-xp 00000000 00:00 0                          [vdso]
ffffffffff600000-ffffffffff601000 r-xp 00000000 00:00 0                  [vsyscall]

VM Arguments:
jvm_args: -Xverify:none -Dfile.encoding=UTF-8 
java_command: edu.hkust.leap.record.RecordMain 1000 spec.jbb.JBBmain
Launcher Type: SUN_STANDARD

Environment Variables:
PATH=/usr/local/sbin:/usr/local/bin:/usr/sbin:/usr/bin:/sbin:/bin:/usr/games
LD_LIBRARY_PATH=/home/lpxz/pool/jdk1.6.0_26/jre/lib/amd64/server:/home/lpxz/pool/jdk1.6.0_26/jre/lib/amd64:/home/lpxz/pool/jdk1.6.0_26/jre/../lib/amd64:/usr/lib/jvm/java-6-openjdk-amd64/jre/lib/amd64/server:/usr/lib/jvm/java-6-openjdk-amd64/jre/lib/amd64:/usr/lib/jvm/java-6-openjdk-amd64/jre/../lib/amd64
SHELL=/bin/bash
DISPLAY=:0

Signal Handlers:
SIGSEGV: [libjvm.so+0x85f800], sa_mask[0]=0x7ffbfeff, sa_flags=0x10000004
SIGBUS: [libjvm.so+0x85f800], sa_mask[0]=0x7ffbfeff, sa_flags=0x10000004
SIGFPE: [libjvm.so+0x70e300], sa_mask[0]=0x7ffbfeff, sa_flags=0x10000004
SIGPIPE: [libjvm.so+0x70e300], sa_mask[0]=0x7ffbfeff, sa_flags=0x10000004
SIGXFSZ: [libjvm.so+0x70e300], sa_mask[0]=0x7ffbfeff, sa_flags=0x10000004
SIGILL: [libjvm.so+0x70e300], sa_mask[0]=0x7ffbfeff, sa_flags=0x10000004
SIGUSR1: SIG_DFL, sa_mask[0]=0x00000000, sa_flags=0x00000000
SIGUSR2: [libjvm.so+0x711110], sa_mask[0]=0x00000004, sa_flags=0x10000004
SIGHUP: [libjvm.so+0x710d10], sa_mask[0]=0x7ffbfeff, sa_flags=0x10000004
SIGINT: [libjvm.so+0x710d10], sa_mask[0]=0x7ffbfeff, sa_flags=0x10000004
SIGTERM: [libjvm.so+0x710d10], sa_mask[0]=0x7ffbfeff, sa_flags=0x10000004
SIGQUIT: [libjvm.so+0x710d10], sa_mask[0]=0x7ffbfeff, sa_flags=0x10000004


---------------  S Y S T E M  ---------------

OS:wheezy/sid

uname:Linux 3.2.0-29-generic #46-Ubuntu SMP Fri Jul 27 17:03:23 UTC 2012 x86_64
libc:glibc 2.15 NPTL 2.15 
rlimit: STACK 8192k, CORE 0k, NPROC 125044, NOFILE 4096, AS infinity
load average:1.25 1.05 0.88

/proc/meminfo:
MemTotal:       16023348 kB
MemFree:         7733664 kB
Buffers:          769496 kB
Cached:          3797156 kB
SwapCached:            0 kB
Active:          4727304 kB
Inactive:        2287040 kB
Active(anon):    2483468 kB
Inactive(anon):   199416 kB
Active(file):    2243836 kB
Inactive(file):  2087624 kB
Unevictable:           0 kB
Mlocked:               0 kB
SwapTotal:      62944092 kB
SwapFree:       62944092 kB
Dirty:             34048 kB
Writeback:             0 kB
AnonPages:       2448164 kB
Mapped:           290596 kB
Shmem:            234852 kB
Slab:             968356 kB
SReclaimable:     908620 kB
SUnreclaim:        59736 kB
KernelStack:        5432 kB
PageTables:        47596 kB
NFS_Unstable:          0 kB
Bounce:                0 kB
WritebackTmp:          0 kB
CommitLimit:    70955764 kB
Committed_AS:    5324284 kB
VmallocTotal:   34359738367 kB
VmallocUsed:      401588 kB
VmallocChunk:   34359260640 kB
HardwareCorrupted:     0 kB
AnonHugePages:         0 kB
HugePages_Total:       0
HugePages_Free:        0
HugePages_Rsvd:        0
HugePages_Surp:        0
Hugepagesize:       2048 kB
DirectMap4k:       97792 kB
DirectMap2M:    16265216 kB


CPU:total 8 (4 cores per cpu, 2 threads per core) family 6 model 58 stepping 9, cmov, cx8, fxsr, mmx, sse, sse2, sse3, ssse3, sse4.1, sse4.2, popcnt, ht

/proc/cpuinfo:
processor	: 0
vendor_id	: GenuineIntel
cpu family	: 6
model		: 58
model name	: Intel(R) Core(TM) i7-3610QM CPU @ 2.30GHz
stepping	: 9
microcode	: 0x12
cpu MHz		: 2301.000
cache size	: 6144 KB
physical id	: 0
siblings	: 8
core id		: 0
cpu cores	: 4
apicid		: 0
initial apicid	: 0
fpu		: yes
fpu_exception	: yes
cpuid level	: 13
wp		: yes
flags		: fpu vme de pse tsc msr pae mce cx8 apic sep mtrr pge mca cmov pat pse36 clflush dts acpi mmx fxsr sse sse2 ss ht tm pbe syscall nx rdtscp lm constant_tsc arch_perfmon pebs bts rep_good nopl xtopology nonstop_tsc aperfmperf pni pclmulqdq dtes64 monitor ds_cpl vmx est tm2 ssse3 cx16 xtpr pdcm pcid sse4_1 sse4_2 x2apic popcnt tsc_deadline_timer aes xsave avx f16c rdrand lahf_lm ida arat epb xsaveopt pln pts dtherm tpr_shadow vnmi flexpriority ept vpid fsgsbase smep erms
bogomips	: 4589.74
clflush size	: 64
cache_alignment	: 64
address sizes	: 36 bits physical, 48 bits virtual
power management:

processor	: 1
vendor_id	: GenuineIntel
cpu family	: 6
model		: 58
model name	: Intel(R) Core(TM) i7-3610QM CPU @ 2.30GHz
stepping	: 9
microcode	: 0x12
cpu MHz		: 2200.000
cache size	: 6144 KB
physical id	: 0
siblings	: 8
core id		: 0
cpu cores	: 4
apicid		: 1
initial apicid	: 1
fpu		: yes
fpu_exception	: yes
cpuid level	: 13
wp		: yes
flags		: fpu vme de pse tsc msr pae mce cx8 apic sep mtrr pge mca cmov pat pse36 clflush dts acpi mmx fxsr sse sse2 ss ht tm pbe syscall nx rdtscp lm constant_tsc arch_perfmon pebs bts rep_good nopl xtopology nonstop_tsc aperfmperf pni pclmulqdq dtes64 monitor ds_cpl vmx est tm2 ssse3 cx16 xtpr pdcm pcid sse4_1 sse4_2 x2apic popcnt tsc_deadline_timer aes xsave avx f16c rdrand lahf_lm ida arat epb xsaveopt pln pts dtherm tpr_shadow vnmi flexpriority ept vpid fsgsbase smep erms
bogomips	: 4589.36
clflush size	: 64
cache_alignment	: 64
address sizes	: 36 bits physical, 48 bits virtual
power management:

processor	: 2
vendor_id	: GenuineIntel
cpu family	: 6
model		: 58
model name	: Intel(R) Core(TM) i7-3610QM CPU @ 2.30GHz
stepping	: 9
microcode	: 0x12
cpu MHz		: 2301.000
cache size	: 6144 KB
physical id	: 0
siblings	: 8
core id		: 1
cpu cores	: 4
apicid		: 2
initial apicid	: 2
fpu		: yes
fpu_exception	: yes
cpuid level	: 13
wp		: yes
flags		: fpu vme de pse tsc msr pae mce cx8 apic sep mtrr pge mca cmov pat pse36 clflush dts acpi mmx fxsr sse sse2 ss ht tm pbe syscall nx rdtscp lm constant_tsc arch_perfmon pebs bts rep_good nopl xtopology nonstop_tsc aperfmperf pni pclmulqdq dtes64 monitor ds_cpl vmx est tm2 ssse3 cx16 xtpr pdcm pcid sse4_1 sse4_2 x2apic popcnt tsc_deadline_timer aes xsave avx f16c rdrand lahf_lm ida arat epb xsaveopt pln pts dtherm tpr_shadow vnmi flexpriority ept vpid fsgsbase smep erms
bogomips	: 4589.36
clflush size	: 64
cache_alignment	: 64
address sizes	: 36 bits physical, 48 bits virtual
power management:

processor	: 3
vendor_id	: GenuineIntel
cpu family	: 6
model		: 58
model name	: Intel(R) Core(TM) i7-3610QM CPU @ 2.30GHz
stepping	: 9
microcode	: 0x12
cpu MHz		: 2301.000
cache size	: 6144 KB
physical id	: 0
siblings	: 8
core id		: 1
cpu cores	: 4
apicid		: 3
initial apicid	: 3
fpu		: yes
fpu_exception	: yes
cpuid level	: 13
wp		: yes
flags		: fpu vme de pse tsc msr pae mce cx8 apic sep mtrr pge mca cmov pat pse36 clflush dts acpi mmx fxsr sse sse2 ss ht tm pbe syscall nx rdtscp lm constant_tsc arch_perfmon pebs bts rep_good nopl xtopology nonstop_tsc aperfmperf pni pclmulqdq dtes64 monitor ds_cpl vmx est tm2 ssse3 cx16 xtpr pdcm pcid sse4_1 sse4_2 x2apic popcnt tsc_deadline_timer aes xsave avx f16c rdrand lahf_lm ida arat epb xsaveopt pln pts dtherm tpr_shadow vnmi flexpriority ept vpid fsgsbase smep erms
bogomips	: 4589.37
clflush size	: 64
cache_alignment	: 64
address sizes	: 36 bits physical, 48 bits virtual
power management:

processor	: 4
vendor_id	: GenuineIntel
cpu family	: 6
model		: 58
model name	: Intel(R) Core(TM) i7-3610QM CPU @ 2.30GHz
stepping	: 9
microcode	: 0x12
cpu MHz		: 2301.000
cache size	: 6144 KB
physical id	: 0
siblings	: 8
core id		: 2
cpu cores	: 4
apicid		: 4
initial apicid	: 4
fpu		: yes
fpu_exception	: yes
cpuid level	: 13
wp		: yes
flags		: fpu vme de pse tsc msr pae mce cx8 apic sep mtrr pge mca cmov pat pse36 clflush dts acpi mmx fxsr sse sse2 ss ht tm pbe syscall nx rdtscp lm constant_tsc arch_perfmon pebs bts rep_good nopl xtopology nonstop_tsc aperfmperf pni pclmulqdq dtes64 monitor ds_cpl vmx est tm2 ssse3 cx16 xtpr pdcm pcid sse4_1 sse4_2 x2apic popcnt tsc_deadline_timer aes xsave avx f16c rdrand lahf_lm ida arat epb xsaveopt pln pts dtherm tpr_shadow vnmi flexpriority ept vpid fsgsbase smep erms
bogomips	: 4589.37
clflush size	: 64
cache_alignment	: 64
address sizes	: 36 bits physical, 48 bits virtual
power management:

processor	: 5
vendor_id	: GenuineIntel
cpu family	: 6
model		: 58
model name	: Intel(R) Core(TM) i7-3610QM CPU @ 2.30GHz
stepping	: 9
microcode	: 0x12
cpu MHz		: 2301.000
cache size	: 6144 KB
physical id	: 0
siblings	: 8
core id		: 2
cpu cores	: 4
apicid		: 5
initial apicid	: 5
fpu		: yes
fpu_exception	: yes
cpuid level	: 13
wp		: yes
flags		: fpu vme de pse tsc msr pae mce cx8 apic sep mtrr pge mca cmov pat pse36 clflush dts acpi mmx fxsr sse sse2 ss ht tm pbe syscall nx rdtscp lm constant_tsc arch_perfmon pebs bts rep_good nopl xtopology nonstop_tsc aperfmperf pni pclmulqdq dtes64 monitor ds_cpl vmx est tm2 ssse3 cx16 xtpr pdcm pcid sse4_1 sse4_2 x2apic popcnt tsc_deadline_timer aes xsave avx f16c rdrand lahf_lm ida arat epb xsaveopt pln pts dtherm tpr_shadow vnmi flexpriority ept vpid fsgsbase smep erms
bogomips	: 4589.36
clflush size	: 64
cache_alignment	: 64
address sizes	: 36 bits physical, 48 bits virtual
power management:

processor	: 6
vendor_id	: GenuineIntel
cpu family	: 6
model		: 58
model name	: Intel(R) Core(TM) i7-3610QM CPU @ 2.30GHz
stepping	: 9
microcode	: 0x12
cpu MHz		: 2301.000
cache size	: 6144 KB
physical id	: 0
siblings	: 8
core id		: 3
cpu cores	: 4
apicid		: 6
initial apicid	: 6
fpu		: yes
fpu_exception	: yes
cpuid level	: 13
wp		: yes
flags		: fpu vme de pse tsc msr pae mce cx8 apic sep mtrr pge mca cmov pat pse36 clflush dts acpi mmx fxsr sse sse2 ss ht tm pbe syscall nx rdtscp lm constant_tsc arch_perfmon pebs bts rep_good nopl xtopology nonstop_tsc aperfmperf pni pclmulqdq dtes64 monitor ds_cpl vmx est tm2 ssse3 cx16 xtpr pdcm pcid sse4_1 sse4_2 x2apic popcnt tsc_deadline_timer aes xsave avx f16c rdrand lahf_lm ida arat epb xsaveopt pln pts dtherm tpr_shadow vnmi flexpriority ept vpid fsgsbase smep erms
bogomips	: 4589.37
clflush size	: 64
cache_alignment	: 64
address sizes	: 36 bits physical, 48 bits virtual
power management:

processor	: 7
vendor_id	: GenuineIntel
cpu family	: 6
model		: 58
model name	: Intel(R) Core(TM) i7-3610QM CPU @ 2.30GHz
stepping	: 9
microcode	: 0x12
cpu MHz		: 2301.000
cache size	: 6144 KB
physical id	: 0
siblings	: 8
core id		: 3
cpu cores	: 4
apicid		: 7
initial apicid	: 7
fpu		: yes
fpu_exception	: yes
cpuid level	: 13
wp		: yes
flags		: fpu vme de pse tsc msr pae mce cx8 apic sep mtrr pge mca cmov pat pse36 clflush dts acpi mmx fxsr sse sse2 ss ht tm pbe syscall nx rdtscp lm constant_tsc arch_perfmon pebs bts rep_good nopl xtopology nonstop_tsc aperfmperf pni pclmulqdq dtes64 monitor ds_cpl vmx est tm2 ssse3 cx16 xtpr pdcm pcid sse4_1 sse4_2 x2apic popcnt tsc_deadline_timer aes xsave avx f16c rdrand lahf_lm ida arat epb xsaveopt pln pts dtherm tpr_shadow vnmi flexpriority ept vpid fsgsbase smep erms
bogomips	: 4589.37
clflush size	: 64
cache_alignment	: 64
address sizes	: 36 bits physical, 48 bits virtual
power management:



Memory: 4k page, physical 16023348k(7733664k free), swap 62944092k(62944092k free)

vm_info: Java HotSpot(TM) 64-Bit Server VM (20.1-b02) for linux-amd64 JRE (1.6.0_26-b03), built on May  4 2011 01:13:47 by "java_re" with gcc 3.2.2 (SuSE Linux)

time: Mon Oct 13 22:43:08 2014
elapsed time: 2 seconds

