#
# A fatal error has been detected by the Java Runtime Environment:
#
#  SIGSEGV (0xb) at pc=0x00007f3af999c965, pid=11059, tid=139891048867584
#
# JRE version: 6.0_26-b03
# Java VM: Java HotSpot(TM) 64-Bit Server VM (20.1-b02 mixed mode linux-amd64 compressed oops)
# Problematic frame:
# V  [libjvm.so+0x6a9965]  LoadKlassNode::make(PhaseGVN&, Node*, Node*, TypePtr const*, TypeKlassPtr const*)+0x45
#
# If you would like to submit a bug report, please visit:
#   http://java.sun.com/webapps/bugreport/crash.jsp
#

---------------  T H R E A D  ---------------

Current thread (0x00007f3af4094000):  JavaThread "C2 CompilerThread0" daemon [_thread_in_native, id=11078, stack(0x00007f3aec366000,0x00007f3aec467000)]

siginfo:si_signo=SIGSEGV: si_errno=0, si_code=1 (SEGV_MAPERR), si_addr=0x0000000000000010

Registers:
RAX=0x00007f3af409bb10, RBX=0x00007f3af9d6ce70, RCX=0x0000000000000000, RDX=0x0000000000000000
RSP=0x00007f3aec462b00, RBP=0x00007f3aec462b40, RSI=0x00007f3ab00e2900, RDI=0x00007f3abc0375b0
R8 =0x00007f3af409e1e0, R9 =0x00007f3ab01435c8, R10=0x00007f3abc0375b0, R11=0x00007f3afa082850
R12=0x0000000000000000, R13=0x0000000000000000, R14=0x00007f3abc0375b0, R15=0x00007f3aec464460
RIP=0x00007f3af999c965, EFLAGS=0x0000000000010246, CSGSFS=0x0000000000000033, ERR=0x0000000000000004
  TRAPNO=0x000000000000000e

Top of Stack: (sp=0x00007f3aec462b00)
0x00007f3aec462b00:   00007f3aec464ee0 00007f3af409e1e0
0x00007f3aec462b10:   00007f3ab00e2900 00007f3abc0375b0
0x00007f3aec462b20:   00007f3aec463210 0000000000000000
0x00007f3aec462b30:   00007f3ab00ebc80 00007f3ab01434c8
0x00007f3aec462b40:   00007f3aec462b60 00007f3af9776b71
0x00007f3aec462b50:   00007f3abc0375b0 00007f3aec463210
0x00007f3aec462b60:   00007f3aec462c10 00007f3af977f092
0x00007f3aec462b70:   00007f3aec464460 00007f3ab00ebc80
0x00007f3aec462b80:   00007f3abc0375b0 00007f3ab0143530
0x00007f3aec462b90:   0000000000000000 00007f3af409d260
0x00007f3aec462ba0:   0000000000000000 00007f3ab0143488
0x00007f3aec462bb0:   00007f3abc0375b0 00007f3abc0375b0
0x00007f3aec462bc0:   00007f3aec462c10 0000000000000198
0x00007f3aec462bd0:   00007f3aec464ee0 0000000000000000
0x00007f3aec462be0:   00007f3aec463210 0000000000000000
0x00007f3aec462bf0:   00007f3aec463210 00007f3ab01429e8
0x00007f3aec462c00:   00007f3af9d8f850 00007f3ab01433a8
0x00007f3aec462c10:   00007f3aec462c90 00007f3af9a2f3f8
0x00007f3aec462c20:   00007f3af409c2f0 00007f3ab0142a28
0x00007f3aec462c30:   00007f3ab01429e8 00007f3abc0375b0
0x00007f3aec462c40:   00007f3aec463210 00007f3ab013fcf8
0x00007f3aec462c50:   00007f3a00000003 00007f3aec4632f0
0x00007f3aec462c60:   0100000000000002 00007f3ab0142740
0x00007f3aec462c70:   00007f3aec4632f0 00007f3aec463210
0x00007f3aec462c80:   00007f3aec463210 0000000000000090
0x00007f3aec462c90:   00007f3aec4630c0 00007f3af9a27c2b
0x00007f3aec462ca0:   00007f3af4034688 000000047aea6280
0x00007f3aec462cb0:   00007f3aec462d30 00007f3af994b4e3
0x00007f3aec462cc0:   00007f3ab0134394 0000000000000000
0x00007f3aec462cd0:   00000000000000b6 00007f3aec462d90
0x00007f3aec462ce0:   00007f3af4094ee0 00007f3aec462d8e
0x00007f3aec462cf0:   00007f3aec462d60 00007f3af9648d11 

Instructions: (pc=0x00007f3af999c965)
0x00007f3af999c945:   10 4c 89 f7 48 89 55 c0 49 8b 1e ff 53 28 4c 89
0x00007f3af999c955:   e2 8b 48 10 83 e9 0b 83 f9 03 48 0f 46 d0 31 c9
0x00007f3af999c965:   8b 42 10 83 e8 0b 83 f8 03 4c 0f 46 e2 4d 85 e4
0x00007f3af999c975:   74 0c 80 7a 31 00 b8 01 00 00 00 0f 45 c8 84 c9 

Register to memory mapping:

RAX=0x00007f3af409bb10 is an unknown value
RBX=0x00007f3af9d6ce70: _ZTV7ConNode+0x10 in /home/lpxz/pool/jdk1.6.0_26/jre/lib/amd64/server/libjvm.so at 0x00007f3af92f3000
RCX=0x0000000000000000 is an unknown value
RDX=0x0000000000000000 is an unknown value
RSP=0x00007f3aec462b00 is pointing into the stack for thread: 0x00007f3af4094000
RBP=0x00007f3aec462b40 is pointing into the stack for thread: 0x00007f3af4094000
RSI=0x00007f3ab00e2900 is an unknown value
RDI=0x00007f3abc0375b0 is an unknown value
R8 =0x00007f3af409e1e0 is an unknown value
R9 =0x00007f3ab01435c8 is an unknown value
R10=0x00007f3abc0375b0 is an unknown value
R11=0x00007f3afa082850: <offset 0x184850> in /lib/x86_64-linux-gnu/libc.so.6 at 0x00007f3af9efe000
R12=0x0000000000000000 is an unknown value
R13=0x0000000000000000 is an unknown value
R14=0x00007f3abc0375b0 is an unknown value
R15=0x00007f3aec464460 is pointing into the stack for thread: 0x00007f3af4094000


Stack: [0x00007f3aec366000,0x00007f3aec467000],  sp=0x00007f3aec462b00,  free space=1010k
Native frames: (J=compiled Java code, j=interpreted, Vv=VM code, C=native code)
V  [libjvm.so+0x6a9965]  LoadKlassNode::make(PhaseGVN&, Node*, Node*, TypePtr const*, TypeKlassPtr const*)+0x45
V  [libjvm.so+0x483b71]  GraphKit::load_object_klass(Node*)+0x91
V  [libjvm.so+0x48c092]  GraphKit::gen_checkcast(Node*, Node*, Node**)+0x592
V  [libjvm.so+0x73c3f8]  Parse::array_store_check()+0x168
V  [libjvm.so+0x734c2b]  Parse::do_one_bytecode()+0x18ab
V  [libjvm.so+0x72a3aa]  Parse::do_one_block()+0x1aa
V  [libjvm.so+0x727e00]  Parse::do_all_blocks()+0x150
V  [libjvm.so+0x72793b]  Parse::Parse(JVMState*, ciMethod*, float)+0x59b
V  [libjvm.so+0x3215b4]  ParseGenerator::generate(JVMState*)+0x84
V  [libjvm.so+0x423d4e]  Parse::do_call()+0x17e
V  [libjvm.so+0x739c77]  Parse::do_one_bytecode()+0x68f7
V  [libjvm.so+0x72a3aa]  Parse::do_one_block()+0x1aa
V  [libjvm.so+0x727e00]  Parse::do_all_blocks()+0x150
V  [libjvm.so+0x72793b]  Parse::Parse(JVMState*, ciMethod*, float)+0x59b
V  [libjvm.so+0x3215b4]  ParseGenerator::generate(JVMState*)+0x84
V  [libjvm.so+0x423d4e]  Parse::do_call()+0x17e
V  [libjvm.so+0x739c77]  Parse::do_one_bytecode()+0x68f7
V  [libjvm.so+0x72a3aa]  Parse::do_one_block()+0x1aa
V  [libjvm.so+0x727e00]  Parse::do_all_blocks()+0x150
V  [libjvm.so+0x72793b]  Parse::Parse(JVMState*, ciMethod*, float)+0x59b
V  [libjvm.so+0x3215b4]  ParseGenerator::generate(JVMState*)+0x84
V  [libjvm.so+0x39dcc2]  Compile::Compile(ciEnv*, C2Compiler*, ciMethod*, int, bool, bool)+0x762
V  [libjvm.so+0x320d2e]  C2Compiler::compile_method(ciEnv*, ciMethod*, int)+0x9e
V  [libjvm.so+0x3a862a]  CompileBroker::invoke_compiler_on_method(CompileTask*)+0x2ca
V  [libjvm.so+0x3a7f15]  CompileBroker::compiler_thread_loop()+0x355
V  [libjvm.so+0x81fbe9]  compiler_thread_entry(JavaThread*, Thread*)+0x9
V  [libjvm.so+0x8190f1]  JavaThread::run()+0x121
V  [libjvm.so+0x710adf]  java_start(Thread*)+0x13f


Current CompileTask:
C2:    135  29      spec.jbb.JBButil.create_random_a_string(IIS)[C (134 bytes)


---------------  P R O C E S S  ---------------

Java Threads: ( => current thread )
  0x00007f3af4099800 JavaThread "Low Memory Detector" daemon [_thread_blocked, id=11080, stack(0x00007f3aec164000,0x00007f3aec265000)]
  0x00007f3af4097000 JavaThread "C2 CompilerThread1" daemon [_thread_in_native, id=11079, stack(0x00007f3aec265000,0x00007f3aec366000)]
=>0x00007f3af4094000 JavaThread "C2 CompilerThread0" daemon [_thread_in_native, id=11078, stack(0x00007f3aec366000,0x00007f3aec467000)]
  0x00007f3af4092000 JavaThread "Signal Dispatcher" daemon [_thread_blocked, id=11077, stack(0x00007f3aec467000,0x00007f3aec568000)]
  0x00007f3af4076000 JavaThread "Finalizer" daemon [_thread_blocked, id=11076, stack(0x00007f3aecc4c000,0x00007f3aecd4d000)]
  0x00007f3af4074000 JavaThread "Reference Handler" daemon [_thread_blocked, id=11075, stack(0x00007f3aecd4d000,0x00007f3aece4e000)]
  0x00007f3af4007800 JavaThread "main" [_thread_in_Java, id=11064, stack(0x00007f3af8ef6000,0x00007f3af8ff7000)]

Other Threads:
  0x00007f3af406d000 VMThread [stack: 0x00007f3aece4e000,0x00007f3aecf4f000] [id=11074]
  0x00007f3af40ac000 WatcherThread [stack: 0x00007f3aec063000,0x00007f3aec164000] [id=11081]

VM state:not at safepoint (normal execution)

VM Mutex/Monitor currently owned by a thread: None

Heap
 PSYoungGen      total 74368K, used 12196K [0x00000006d5560000, 0x00000006da860000, 0x0000000800000000)
  eden space 63744K, 19% used [0x00000006d5560000,0x00000006d6149338,0x00000006d93a0000)
  from space 10624K, 0% used [0x00000006d9e00000,0x00000006d9e00000,0x00000006da860000)
  to   space 10624K, 0% used [0x00000006d93a0000,0x00000006d93a0000,0x00000006d9e00000)
 PSOldGen        total 169984K, used 0K [0x0000000480000000, 0x000000048a600000, 0x00000006d5560000)
  object space 169984K, 0% used [0x0000000480000000,0x0000000480000000,0x000000048a600000)
 PSPermGen       total 21248K, used 6027K [0x000000047ae00000, 0x000000047c2c0000, 0x0000000480000000)
  object space 21248K, 28% used [0x000000047ae00000,0x000000047b3e2f68,0x000000047c2c0000)

Code Cache  [0x00007f3af1000000, 0x00007f3af1270000, 0x00007f3af4000000)
 total_blobs=279 nmethods=33 adapters=201 free_code_cache=49853504 largest_free_block=12224

Dynamic libraries:
40000000-40009000 r-xp 00000000 08:05 5512341                            /home/lpxz/pool/jdk1.6.0_26/jre/bin/java
40108000-4010a000 rwxp 00008000 08:05 5512341                            /home/lpxz/pool/jdk1.6.0_26/jre/bin/java
414a3000-414c4000 rwxp 00000000 00:00 0                                  [heap]
47ae00000-47c2c0000 rwxp 00000000 00:00 0 
47c2c0000-480000000 rwxp 00000000 00:00 0 
480000000-48a600000 rwxp 00000000 00:00 0 
48a600000-6d5560000 rwxp 00000000 00:00 0 
6d5560000-6da860000 rwxp 00000000 00:00 0 
6da860000-800000000 rwxp 00000000 00:00 0 
7f3aa8000000-7f3aa8021000 rwxp 00000000 00:00 0 
7f3aa8021000-7f3aac000000 ---p 00000000 00:00 0 
7f3ab0000000-7f3ab01c8000 rwxp 00000000 00:00 0 
7f3ab01c8000-7f3ab4000000 ---p 00000000 00:00 0 
7f3ab4000000-7f3ab4021000 rwxp 00000000 00:00 0 
7f3ab4021000-7f3ab8000000 ---p 00000000 00:00 0 
7f3ab8000000-7f3ab8021000 rwxp 00000000 00:00 0 
7f3ab8021000-7f3abc000000 ---p 00000000 00:00 0 
7f3abc000000-7f3abc199000 rwxp 00000000 00:00 0 
7f3abc199000-7f3ac0000000 ---p 00000000 00:00 0 
7f3ac0000000-7f3ac0021000 rwxp 00000000 00:00 0 
7f3ac0021000-7f3ac4000000 ---p 00000000 00:00 0 
7f3ac4000000-7f3ac4021000 rwxp 00000000 00:00 0 
7f3ac4021000-7f3ac8000000 ---p 00000000 00:00 0 
7f3ac8000000-7f3ac8021000 rwxp 00000000 00:00 0 
7f3ac8021000-7f3acc000000 ---p 00000000 00:00 0 
7f3acc000000-7f3acc021000 rwxp 00000000 00:00 0 
7f3acc021000-7f3ad0000000 ---p 00000000 00:00 0 
7f3ad0000000-7f3ad0021000 rwxp 00000000 00:00 0 
7f3ad0021000-7f3ad4000000 ---p 00000000 00:00 0 
7f3ad4000000-7f3ad4021000 rwxp 00000000 00:00 0 
7f3ad4021000-7f3ad8000000 ---p 00000000 00:00 0 
7f3ad8000000-7f3ad8021000 rwxp 00000000 00:00 0 
7f3ad8021000-7f3adc000000 ---p 00000000 00:00 0 
7f3adc000000-7f3adc021000 rwxp 00000000 00:00 0 
7f3adc021000-7f3ae0000000 ---p 00000000 00:00 0 
7f3ae0000000-7f3ae0021000 rwxp 00000000 00:00 0 
7f3ae0021000-7f3ae4000000 ---p 00000000 00:00 0 
7f3ae4000000-7f3ae4021000 rwxp 00000000 00:00 0 
7f3ae4021000-7f3ae8000000 ---p 00000000 00:00 0 
7f3ae8000000-7f3ae8021000 rwxp 00000000 00:00 0 
7f3ae8021000-7f3aec000000 ---p 00000000 00:00 0 
7f3aec063000-7f3aec064000 ---p 00000000 00:00 0 
7f3aec064000-7f3aec164000 rwxp 00000000 00:00 0                          [stack:11081]
7f3aec164000-7f3aec167000 ---p 00000000 00:00 0 
7f3aec167000-7f3aec265000 rwxp 00000000 00:00 0                          [stack:11080]
7f3aec265000-7f3aec268000 ---p 00000000 00:00 0 
7f3aec268000-7f3aec366000 rwxp 00000000 00:00 0                          [stack:11079]
7f3aec366000-7f3aec369000 ---p 00000000 00:00 0 
7f3aec369000-7f3aec467000 rwxp 00000000 00:00 0                          [stack:11078]
7f3aec467000-7f3aec46a000 ---p 00000000 00:00 0 
7f3aec46a000-7f3aec568000 rwxp 00000000 00:00 0                          [stack:11077]
7f3aec568000-7f3aecc4c000 r-xp 00000000 08:05 268596                     /usr/lib/locale/locale-archive
7f3aecc4c000-7f3aecc4f000 ---p 00000000 00:00 0 
7f3aecc4f000-7f3aecd4d000 rwxp 00000000 00:00 0                          [stack:11076]
7f3aecd4d000-7f3aecd50000 ---p 00000000 00:00 0 
7f3aecd50000-7f3aece4e000 rwxp 00000000 00:00 0                          [stack:11075]
7f3aece4e000-7f3aece4f000 ---p 00000000 00:00 0 
7f3aece4f000-7f3aed88c000 rwxp 00000000 00:00 0                          [stack:11074]
7f3aed88c000-7f3aeda24000 r-xs 03029000 08:05 5378036                    /home/lpxz/pool/jdk1.6.0_26/jre/lib/rt.jar
7f3aeda24000-7f3aeda25000 ---p 00000000 00:00 0 
7f3aeda25000-7f3aedb25000 rwxp 00000000 00:00 0                          [stack:11073]
7f3aedb25000-7f3aedb26000 ---p 00000000 00:00 0 
7f3aedb26000-7f3aedc26000 rwxp 00000000 00:00 0                          [stack:11072]
7f3aedc26000-7f3aedc27000 ---p 00000000 00:00 0 
7f3aedc27000-7f3aedd27000 rwxp 00000000 00:00 0                          [stack:11071]
7f3aedd27000-7f3aedd28000 ---p 00000000 00:00 0 
7f3aedd28000-7f3aede28000 rwxp 00000000 00:00 0                          [stack:11070]
7f3aede28000-7f3aede29000 ---p 00000000 00:00 0 
7f3aede29000-7f3aedf29000 rwxp 00000000 00:00 0                          [stack:11069]
7f3aedf29000-7f3aedf2a000 ---p 00000000 00:00 0 
7f3aedf2a000-7f3aee02a000 rwxp 00000000 00:00 0                          [stack:11068]
7f3aee02a000-7f3aee02b000 ---p 00000000 00:00 0 
7f3aee02b000-7f3aee17e000 rwxp 00000000 00:00 0                          [stack:11067]
7f3aee17e000-7f3aef3d6000 rwxp 00000000 00:00 0 
7f3aef3d6000-7f3aef3e1000 rwxp 00000000 00:00 0 
7f3aef3e1000-7f3aef3ff000 rwxp 00000000 00:00 0 
7f3aef3ff000-7f3aef452000 rwxp 00000000 00:00 0 
7f3aef452000-7f3af06a9000 rwxp 00000000 00:00 0 
7f3af06a9000-7f3af06d4000 rwxp 00000000 00:00 0 
7f3af06d4000-7f3af0fff000 rwxp 00000000 00:00 0 
7f3af0fff000-7f3af1270000 rwxp 00000000 00:00 0 
7f3af1270000-7f3af4126000 rwxp 00000000 00:00 0 
7f3af4126000-7f3af8000000 ---p 00000000 00:00 0 
7f3af800e000-7f3af8036000 rwxp 00000000 00:00 0 
7f3af8036000-7f3af8037000 ---p 00000000 00:00 0 
7f3af8037000-7f3af8142000 rwxp 00000000 00:00 0                          [stack:11066]
7f3af8142000-7f3af8160000 rwxp 00000000 00:00 0 
7f3af8160000-7f3af816e000 r-xp 00000000 08:05 12330712                   /home/lpxz/pool/jdk1.6.0_26/jre/lib/amd64/libzip.so
7f3af816e000-7f3af8270000 ---p 0000e000 08:05 12330712                   /home/lpxz/pool/jdk1.6.0_26/jre/lib/amd64/libzip.so
7f3af8270000-7f3af8273000 rwxp 00010000 08:05 12330712                   /home/lpxz/pool/jdk1.6.0_26/jre/lib/amd64/libzip.so
7f3af8273000-7f3af8274000 rwxp 00000000 00:00 0 
7f3af8274000-7f3af8280000 r-xp 00000000 08:05 19926911                   /lib/x86_64-linux-gnu/libnss_files-2.15.so
7f3af8280000-7f3af847f000 ---p 0000c000 08:05 19926911                   /lib/x86_64-linux-gnu/libnss_files-2.15.so
7f3af847f000-7f3af8480000 r-xp 0000b000 08:05 19926911                   /lib/x86_64-linux-gnu/libnss_files-2.15.so
7f3af8480000-7f3af8481000 rwxp 0000c000 08:05 19926911                   /lib/x86_64-linux-gnu/libnss_files-2.15.so
7f3af8481000-7f3af848b000 r-xp 00000000 08:05 19926915                   /lib/x86_64-linux-gnu/libnss_nis-2.15.so
7f3af848b000-7f3af868b000 ---p 0000a000 08:05 19926915                   /lib/x86_64-linux-gnu/libnss_nis-2.15.so
7f3af868b000-7f3af868c000 r-xp 0000a000 08:05 19926915                   /lib/x86_64-linux-gnu/libnss_nis-2.15.so
7f3af868c000-7f3af868d000 rwxp 0000b000 08:05 19926915                   /lib/x86_64-linux-gnu/libnss_nis-2.15.so
7f3af868d000-7f3af8695000 r-xp 00000000 08:05 19926907                   /lib/x86_64-linux-gnu/libnss_compat-2.15.so
7f3af8695000-7f3af8894000 ---p 00008000 08:05 19926907                   /lib/x86_64-linux-gnu/libnss_compat-2.15.so
7f3af8894000-7f3af8895000 r-xp 00007000 08:05 19926907                   /lib/x86_64-linux-gnu/libnss_compat-2.15.so
7f3af8895000-7f3af8896000 rwxp 00008000 08:05 19926907                   /lib/x86_64-linux-gnu/libnss_compat-2.15.so
7f3af8896000-7f3af88ad000 r-xp 00000000 08:05 19926905                   /lib/x86_64-linux-gnu/libnsl-2.15.so
7f3af88ad000-7f3af8aac000 ---p 00017000 08:05 19926905                   /lib/x86_64-linux-gnu/libnsl-2.15.so
7f3af8aac000-7f3af8aad000 r-xp 00016000 08:05 19926905                   /lib/x86_64-linux-gnu/libnsl-2.15.so
7f3af8aad000-7f3af8aae000 rwxp 00017000 08:05 19926905                   /lib/x86_64-linux-gnu/libnsl-2.15.so
7f3af8aae000-7f3af8ab0000 rwxp 00000000 00:00 0 
7f3af8ab0000-7f3af8ad9000 r-xp 00000000 08:05 12330721                   /home/lpxz/pool/jdk1.6.0_26/jre/lib/amd64/libjava.so
7f3af8ad9000-7f3af8bd8000 ---p 00029000 08:05 12330721                   /home/lpxz/pool/jdk1.6.0_26/jre/lib/amd64/libjava.so
7f3af8bd8000-7f3af8bdf000 rwxp 00028000 08:05 12330721                   /home/lpxz/pool/jdk1.6.0_26/jre/lib/amd64/libjava.so
7f3af8bdf000-7f3af8bec000 r-xp 00000000 08:05 12330707                   /home/lpxz/pool/jdk1.6.0_26/jre/lib/amd64/libverify.so
7f3af8bec000-7f3af8ceb000 ---p 0000d000 08:05 12330707                   /home/lpxz/pool/jdk1.6.0_26/jre/lib/amd64/libverify.so
7f3af8ceb000-7f3af8cee000 rwxp 0000c000 08:05 12330707                   /home/lpxz/pool/jdk1.6.0_26/jre/lib/amd64/libverify.so
7f3af8cee000-7f3af8cf5000 r-xp 00000000 08:05 19926946                   /lib/x86_64-linux-gnu/librt-2.15.so
7f3af8cf5000-7f3af8ef4000 ---p 00007000 08:05 19926946                   /lib/x86_64-linux-gnu/librt-2.15.so
7f3af8ef4000-7f3af8ef5000 r-xp 00006000 08:05 19926946                   /lib/x86_64-linux-gnu/librt-2.15.so
7f3af8ef5000-7f3af8ef6000 rwxp 00007000 08:05 19926946                   /lib/x86_64-linux-gnu/librt-2.15.so
7f3af8ef6000-7f3af8ef9000 ---p 00000000 00:00 0 
7f3af8ef9000-7f3af8ff7000 rwxp 00000000 00:00 0                          [stack:11064]
7f3af8ff7000-7f3af90f2000 r-xp 00000000 08:05 19926892                   /lib/x86_64-linux-gnu/libm-2.15.so
7f3af90f2000-7f3af92f1000 ---p 000fb000 08:05 19926892                   /lib/x86_64-linux-gnu/libm-2.15.so
7f3af92f1000-7f3af92f2000 r-xp 000fa000 08:05 19926892                   /lib/x86_64-linux-gnu/libm-2.15.so
7f3af92f2000-7f3af92f3000 rwxp 000fb000 08:05 19926892                   /lib/x86_64-linux-gnu/libm-2.15.so
7f3af92f3000-7f3af9c0d000 r-xp 00000000 08:05 12330693                   /home/lpxz/pool/jdk1.6.0_26/jre/lib/amd64/server/libjvm.so
7f3af9c0d000-7f3af9d0f000 ---p 0091a000 08:05 12330693                   /home/lpxz/pool/jdk1.6.0_26/jre/lib/amd64/server/libjvm.so
7f3af9d0f000-7f3af9ec4000 rwxp 0091c000 08:05 12330693                   /home/lpxz/pool/jdk1.6.0_26/jre/lib/amd64/server/libjvm.so
7f3af9ec4000-7f3af9efe000 rwxp 00000000 00:00 0 
7f3af9efe000-7f3afa0b3000 r-xp 00000000 08:05 19926860                   /lib/x86_64-linux-gnu/libc-2.15.so
7f3afa0b3000-7f3afa2b3000 ---p 001b5000 08:05 19926860                   /lib/x86_64-linux-gnu/libc-2.15.so
7f3afa2b3000-7f3afa2b7000 r-xp 001b5000 08:05 19926860                   /lib/x86_64-linux-gnu/libc-2.15.so
7f3afa2b7000-7f3afa2b9000 rwxp 001b9000 08:05 19926860                   /lib/x86_64-linux-gnu/libc-2.15.so
7f3afa2b9000-7f3afa2be000 rwxp 00000000 00:00 0 
7f3afa2be000-7f3afa2c0000 r-xp 00000000 08:05 19926873                   /lib/x86_64-linux-gnu/libdl-2.15.so
7f3afa2c0000-7f3afa4c0000 ---p 00002000 08:05 19926873                   /lib/x86_64-linux-gnu/libdl-2.15.so
7f3afa4c0000-7f3afa4c1000 r-xp 00002000 08:05 19926873                   /lib/x86_64-linux-gnu/libdl-2.15.so
7f3afa4c1000-7f3afa4c2000 rwxp 00003000 08:05 19926873                   /lib/x86_64-linux-gnu/libdl-2.15.so
7f3afa4c2000-7f3afa4da000 r-xp 00000000 08:05 19926940                   /lib/x86_64-linux-gnu/libpthread-2.15.so
7f3afa4da000-7f3afa6d9000 ---p 00018000 08:05 19926940                   /lib/x86_64-linux-gnu/libpthread-2.15.so
7f3afa6d9000-7f3afa6da000 r-xp 00017000 08:05 19926940                   /lib/x86_64-linux-gnu/libpthread-2.15.so
7f3afa6da000-7f3afa6db000 rwxp 00018000 08:05 19926940                   /lib/x86_64-linux-gnu/libpthread-2.15.so
7f3afa6db000-7f3afa6df000 rwxp 00000000 00:00 0 
7f3afa6df000-7f3afa701000 r-xp 00000000 08:05 19926840                   /lib/x86_64-linux-gnu/ld-2.15.so
7f3afa70e000-7f3afa71a000 r-xs 000da000 08:05 5512457                    /home/lpxz/eclipse/workspacePA_icse/soot-One/lib/polyglotclasses-1.3.5.jar
7f3afa71a000-7f3afa724000 rwxp 00000000 00:00 0 
7f3afa724000-7f3afa7da000 rwxp 00000000 00:00 0 
7f3afa7da000-7f3afa7dd000 rwxp 00000000 00:00 0 
7f3afa7dd000-7f3afa7e4000 r-xp 00000000 08:05 12330685                   /home/lpxz/pool/jdk1.6.0_26/jre/lib/amd64/jli/libjli.so
7f3afa7e4000-7f3afa8e5000 ---p 00007000 08:05 12330685                   /home/lpxz/pool/jdk1.6.0_26/jre/lib/amd64/jli/libjli.so
7f3afa8e5000-7f3afa8e7000 rwxp 00008000 08:05 12330685                   /home/lpxz/pool/jdk1.6.0_26/jre/lib/amd64/jli/libjli.so
7f3afa8e7000-7f3afa8e8000 rwxp 00000000 00:00 0 
7f3afa8ea000-7f3afa8ed000 r-xs 0002b000 08:05 5512456                    /home/lpxz/eclipse/workspacePA_icse/soot-One/lib/jasminclasses-2.5.0.jar
7f3afa8ed000-7f3afa8f1000 r-xs 0001c000 08:05 8915106                    /home/lpxz/eclipse/workspacePA_icse/leap/recorder/lib/junit-4.2.jar
7f3afa8f1000-7f3afa8f5000 r-xs 000cb000 08:05 14029899                   /home/lpxz/pool/jdk1.6.0_26/jre/lib/ext/localedata.jar
7f3afa8f5000-7f3afa8fd000 rwxs 00000000 08:05 24120953                   /tmp/hsperfdata_lpxz/11059
7f3afa8fd000-7f3afa8fe000 rwxp 00000000 00:00 0 
7f3afa8fe000-7f3afa8ff000 r-xp 00000000 00:00 0 
7f3afa8ff000-7f3afa901000 rwxp 00000000 00:00 0 
7f3afa901000-7f3afa902000 r-xp 00022000 08:05 19926840                   /lib/x86_64-linux-gnu/ld-2.15.so
7f3afa902000-7f3afa904000 rwxp 00023000 08:05 19926840                   /lib/x86_64-linux-gnu/ld-2.15.so
7fffb686c000-7fffb688d000 rwxp 00000000 00:00 0                          [stack]
7fffb68d0000-7fffb68d2000 r-xp 00000000 00:00 0                          [vdso]
ffffffffff600000-ffffffffff601000 r-xp 00000000 00:00 0                  [vsyscall]

VM Arguments:
jvm_args: -Xverify:none -Xmx14g -Dfile.encoding=UTF-8 
java_command: edu.hkust.leap.record.RecordMain 1025 spec.jbb.JBBmain
Launcher Type: SUN_STANDARD

Environment Variables:
CLASSPATH=.:/home/lpxz/java_standard/lib/dt.jar:/home/lpxz/java_standard/lib/tools.jar:/home/lpxz/java_standard/lib/
PATH=/home/lpxz/bin/:/home/lpxz/workspace/scala/bin/:/home/lpxz/java_standard/jre/bin:/usr/local/sbin:/usr/local/bin:/usr/sbin:/usr/bin:/sbin:/bin:/usr/games:/home/lpxz/java_standard/bin:/home/lpxz/work/ant1.8/bin:/home/lpxz/work/jsPatch/node_modules/nodeunit/bin
LD_LIBRARY_PATH=/home/lpxz/pool/jdk1.6.0_26/jre/lib/amd64/server:/home/lpxz/pool/jdk1.6.0_26/jre/lib/amd64:/home/lpxz/pool/jdk1.6.0_26/jre/../lib/amd64
SHELL=/bin/bash
DISPLAY=:0

Signal Handlers:
SIGSEGV: [libjvm.so+0x85f800], sa_mask[0]=0x7ffbfeff, sa_flags=0x10000004
SIGBUS: [libjvm.so+0x85f800], sa_mask[0]=0x7ffbfeff, sa_flags=0x10000004
SIGFPE: [libjvm.so+0x70e300], sa_mask[0]=0x7ffbfeff, sa_flags=0x10000004
SIGPIPE: [libjvm.so+0x70e300], sa_mask[0]=0x7ffbfeff, sa_flags=0x10000004
SIGXFSZ: [libjvm.so+0x70e300], sa_mask[0]=0x7ffbfeff, sa_flags=0x10000004
SIGILL: [libjvm.so+0x70e300], sa_mask[0]=0x7ffbfeff, sa_flags=0x10000004
SIGUSR1: SIG_DFL, sa_mask[0]=0x00000000, sa_flags=0x00000000
SIGUSR2: [libjvm.so+0x711110], sa_mask[0]=0x00000004, sa_flags=0x10000004
SIGHUP: [libjvm.so+0x710d10], sa_mask[0]=0x7ffbfeff, sa_flags=0x10000004
SIGINT: [libjvm.so+0x710d10], sa_mask[0]=0x7ffbfeff, sa_flags=0x10000004
SIGTERM: [libjvm.so+0x710d10], sa_mask[0]=0x7ffbfeff, sa_flags=0x10000004
SIGQUIT: [libjvm.so+0x710d10], sa_mask[0]=0x7ffbfeff, sa_flags=0x10000004


---------------  S Y S T E M  ---------------

OS:wheezy/sid

uname:Linux 3.11.0-18-generic #32~precise1-Ubuntu SMP Thu Feb 20 17:52:10 UTC 2014 x86_64
libc:glibc 2.15 NPTL 2.15 
rlimit: STACK 8192k, CORE 0k, NPROC 127328, NOFILE 4096, AS infinity
load average:0.31 0.26 0.26

/proc/meminfo:
MemTotal:       16317216 kB
MemFree:         8242792 kB
Buffers:          302788 kB
Cached:          4238112 kB
SwapCached:            0 kB
Active:          4755672 kB
Inactive:        2551624 kB
Active(anon):    2414392 kB
Inactive(anon):  1014976 kB
Active(file):    2341280 kB
Inactive(file):  1536648 kB
Unevictable:         120 kB
Mlocked:             120 kB
SwapTotal:      16659452 kB
SwapFree:       16659304 kB
Dirty:                76 kB
Writeback:             0 kB
AnonPages:       2766664 kB
Mapped:           314312 kB
Shmem:            662972 kB
Slab:             569448 kB
SReclaimable:     520540 kB
SUnreclaim:        48908 kB
KernelStack:        5952 kB
PageTables:        46592 kB
NFS_Unstable:          0 kB
Bounce:                0 kB
WritebackTmp:          0 kB
CommitLimit:    24818060 kB
Committed_AS:    8276204 kB
VmallocTotal:   34359738367 kB
VmallocUsed:      376468 kB
VmallocChunk:   34359359064 kB
HardwareCorrupted:     0 kB
AnonHugePages:         0 kB
HugePages_Total:       0
HugePages_Free:        0
HugePages_Rsvd:        0
HugePages_Surp:        0
Hugepagesize:       2048 kB
DirectMap4k:       78672 kB
DirectMap2M:    16582656 kB


CPU:total 8 (4 cores per cpu, 2 threads per core) family 6 model 58 stepping 9, cmov, cx8, fxsr, mmx, sse, sse2, sse3, ssse3, sse4.1, sse4.2, popcnt, ht

/proc/cpuinfo:
processor	: 0
vendor_id	: GenuineIntel
cpu family	: 6
model		: 58
model name	: Intel(R) Core(TM) i7-3770 CPU @ 3.40GHz
stepping	: 9
microcode	: 0x16
cpu MHz		: 1600.000
cache size	: 8192 KB
physical id	: 0
siblings	: 8
core id		: 0
cpu cores	: 4
apicid		: 0
initial apicid	: 0
fpu		: yes
fpu_exception	: yes
cpuid level	: 13
wp		: yes
flags		: fpu vme de pse tsc msr pae mce cx8 apic sep mtrr pge mca cmov pat pse36 clflush dts acpi mmx fxsr sse sse2 ss ht tm pbe syscall nx rdtscp lm constant_tsc arch_perfmon pebs bts rep_good nopl xtopology nonstop_tsc aperfmperf eagerfpu pni pclmulqdq dtes64 monitor ds_cpl vmx smx est tm2 ssse3 cx16 xtpr pdcm pcid sse4_1 sse4_2 x2apic popcnt tsc_deadline_timer aes xsave avx f16c rdrand lahf_lm ida arat epb xsaveopt pln pts dtherm tpr_shadow vnmi flexpriority ept vpid fsgsbase smep erms
bogomips	: 6784.09
clflush size	: 64
cache_alignment	: 64
address sizes	: 36 bits physical, 48 bits virtual
power management:

processor	: 1
vendor_id	: GenuineIntel
cpu family	: 6
model		: 58
model name	: Intel(R) Core(TM) i7-3770 CPU @ 3.40GHz
stepping	: 9
microcode	: 0x16
cpu MHz		: 1600.000
cache size	: 8192 KB
physical id	: 0
siblings	: 8
core id		: 1
cpu cores	: 4
apicid		: 2
initial apicid	: 2
fpu		: yes
fpu_exception	: yes
cpuid level	: 13
wp		: yes
flags		: fpu vme de pse tsc msr pae mce cx8 apic sep mtrr pge mca cmov pat pse36 clflush dts acpi mmx fxsr sse sse2 ss ht tm pbe syscall nx rdtscp lm constant_tsc arch_perfmon pebs bts rep_good nopl xtopology nonstop_tsc aperfmperf eagerfpu pni pclmulqdq dtes64 monitor ds_cpl vmx smx est tm2 ssse3 cx16 xtpr pdcm pcid sse4_1 sse4_2 x2apic popcnt tsc_deadline_timer aes xsave avx f16c rdrand lahf_lm ida arat epb xsaveopt pln pts dtherm tpr_shadow vnmi flexpriority ept vpid fsgsbase smep erms
bogomips	: 6784.09
clflush size	: 64
cache_alignment	: 64
address sizes	: 36 bits physical, 48 bits virtual
power management:

processor	: 2
vendor_id	: GenuineIntel
cpu family	: 6
model		: 58
model name	: Intel(R) Core(TM) i7-3770 CPU @ 3.40GHz
stepping	: 9
microcode	: 0x16
cpu MHz		: 1600.000
cache size	: 8192 KB
physical id	: 0
siblings	: 8
core id		: 2
cpu cores	: 4
apicid		: 4
initial apicid	: 4
fpu		: yes
fpu_exception	: yes
cpuid level	: 13
wp		: yes
flags		: fpu vme de pse tsc msr pae mce cx8 apic sep mtrr pge mca cmov pat pse36 clflush dts acpi mmx fxsr sse sse2 ss ht tm pbe syscall nx rdtscp lm constant_tsc arch_perfmon pebs bts rep_good nopl xtopology nonstop_tsc aperfmperf eagerfpu pni pclmulqdq dtes64 monitor ds_cpl vmx smx est tm2 ssse3 cx16 xtpr pdcm pcid sse4_1 sse4_2 x2apic popcnt tsc_deadline_timer aes xsave avx f16c rdrand lahf_lm ida arat epb xsaveopt pln pts dtherm tpr_shadow vnmi flexpriority ept vpid fsgsbase smep erms
bogomips	: 6784.09
clflush size	: 64
cache_alignment	: 64
address sizes	: 36 bits physical, 48 bits virtual
power management:

processor	: 3
vendor_id	: GenuineIntel
cpu family	: 6
model		: 58
model name	: Intel(R) Core(TM) i7-3770 CPU @ 3.40GHz
stepping	: 9
microcode	: 0x16
cpu MHz		: 3401.000
cache size	: 8192 KB
physical id	: 0
siblings	: 8
core id		: 3
cpu cores	: 4
apicid		: 6
initial apicid	: 6
fpu		: yes
fpu_exception	: yes
cpuid level	: 13
wp		: yes
flags		: fpu vme de pse tsc msr pae mce cx8 apic sep mtrr pge mca cmov pat pse36 clflush dts acpi mmx fxsr sse sse2 ss ht tm pbe syscall nx rdtscp lm constant_tsc arch_perfmon pebs bts rep_good nopl xtopology nonstop_tsc aperfmperf eagerfpu pni pclmulqdq dtes64 monitor ds_cpl vmx smx est tm2 ssse3 cx16 xtpr pdcm pcid sse4_1 sse4_2 x2apic popcnt tsc_deadline_timer aes xsave avx f16c rdrand lahf_lm ida arat epb xsaveopt pln pts dtherm tpr_shadow vnmi flexpriority ept vpid fsgsbase smep erms
bogomips	: 6784.09
clflush size	: 64
cache_alignment	: 64
address sizes	: 36 bits physical, 48 bits virtual
power management:

processor	: 4
vendor_id	: GenuineIntel
cpu family	: 6
model		: 58
model name	: Intel(R) Core(TM) i7-3770 CPU @ 3.40GHz
stepping	: 9
microcode	: 0x16
cpu MHz		: 1600.000
cache size	: 8192 KB
physical id	: 0
siblings	: 8
core id		: 0
cpu cores	: 4
apicid		: 1
initial apicid	: 1
fpu		: yes
fpu_exception	: yes
cpuid level	: 13
wp		: yes
flags		: fpu vme de pse tsc msr pae mce cx8 apic sep mtrr pge mca cmov pat pse36 clflush dts acpi mmx fxsr sse sse2 ss ht tm pbe syscall nx rdtscp lm constant_tsc arch_perfmon pebs bts rep_good nopl xtopology nonstop_tsc aperfmperf eagerfpu pni pclmulqdq dtes64 monitor ds_cpl vmx smx est tm2 ssse3 cx16 xtpr pdcm pcid sse4_1 sse4_2 x2apic popcnt tsc_deadline_timer aes xsave avx f16c rdrand lahf_lm ida arat epb xsaveopt pln pts dtherm tpr_shadow vnmi flexpriority ept vpid fsgsbase smep erms
bogomips	: 6784.09
clflush size	: 64
cache_alignment	: 64
address sizes	: 36 bits physical, 48 bits virtual
power management:

processor	: 5
vendor_id	: GenuineIntel
cpu family	: 6
model		: 58
model name	: Intel(R) Core(TM) i7-3770 CPU @ 3.40GHz
stepping	: 9
microcode	: 0x16
cpu MHz		: 1600.000
cache size	: 8192 KB
physical id	: 0
siblings	: 8
core id		: 1
cpu cores	: 4
apicid		: 3
initial apicid	: 3
fpu		: yes
fpu_exception	: yes
cpuid level	: 13
wp		: yes
flags		: fpu vme de pse tsc msr pae mce cx8 apic sep mtrr pge mca cmov pat pse36 clflush dts acpi mmx fxsr sse sse2 ss ht tm pbe syscall nx rdtscp lm constant_tsc arch_perfmon pebs bts rep_good nopl xtopology nonstop_tsc aperfmperf eagerfpu pni pclmulqdq dtes64 monitor ds_cpl vmx smx est tm2 ssse3 cx16 xtpr pdcm pcid sse4_1 sse4_2 x2apic popcnt tsc_deadline_timer aes xsave avx f16c rdrand lahf_lm ida arat epb xsaveopt pln pts dtherm tpr_shadow vnmi flexpriority ept vpid fsgsbase smep erms
bogomips	: 6784.09
clflush size	: 64
cache_alignment	: 64
address sizes	: 36 bits physical, 48 bits virtual
power management:

processor	: 6
vendor_id	: GenuineIntel
cpu family	: 6
model		: 58
model name	: Intel(R) Core(TM) i7-3770 CPU @ 3.40GHz
stepping	: 9
microcode	: 0x16
cpu MHz		: 3401.000
cache size	: 8192 KB
physical id	: 0
siblings	: 8
core id		: 2
cpu cores	: 4
apicid		: 5
initial apicid	: 5
fpu		: yes
fpu_exception	: yes
cpuid level	: 13
wp		: yes
flags		: fpu vme de pse tsc msr pae mce cx8 apic sep mtrr pge mca cmov pat pse36 clflush dts acpi mmx fxsr sse sse2 ss ht tm pbe syscall nx rdtscp lm constant_tsc arch_perfmon pebs bts rep_good nopl xtopology nonstop_tsc aperfmperf eagerfpu pni pclmulqdq dtes64 monitor ds_cpl vmx smx est tm2 ssse3 cx16 xtpr pdcm pcid sse4_1 sse4_2 x2apic popcnt tsc_deadline_timer aes xsave avx f16c rdrand lahf_lm ida arat epb xsaveopt pln pts dtherm tpr_shadow vnmi flexpriority ept vpid fsgsbase smep erms
bogomips	: 6784.09
clflush size	: 64
cache_alignment	: 64
address sizes	: 36 bits physical, 48 bits virtual
power management:

processor	: 7
vendor_id	: GenuineIntel
cpu family	: 6
model		: 58
model name	: Intel(R) Core(TM) i7-3770 CPU @ 3.40GHz
stepping	: 9
microcode	: 0x16
cpu MHz		: 3401.000
cache size	: 8192 KB
physical id	: 0
siblings	: 8
core id		: 3
cpu cores	: 4
apicid		: 7
initial apicid	: 7
fpu		: yes
fpu_exception	: yes
cpuid level	: 13
wp		: yes
flags		: fpu vme de pse tsc msr pae mce cx8 apic sep mtrr pge mca cmov pat pse36 clflush dts acpi mmx fxsr sse sse2 ss ht tm pbe syscall nx rdtscp lm constant_tsc arch_perfmon pebs bts rep_good nopl xtopology nonstop_tsc aperfmperf eagerfpu pni pclmulqdq dtes64 monitor ds_cpl vmx smx est tm2 ssse3 cx16 xtpr pdcm pcid sse4_1 sse4_2 x2apic popcnt tsc_deadline_timer aes xsave avx f16c rdrand lahf_lm ida arat epb xsaveopt pln pts dtherm tpr_shadow vnmi flexpriority ept vpid fsgsbase smep erms
bogomips	: 6784.09
clflush size	: 64
cache_alignment	: 64
address sizes	: 36 bits physical, 48 bits virtual
power management:



Memory: 4k page, physical 16317216k(8242528k free), swap 16659452k(16659304k free)

vm_info: Java HotSpot(TM) 64-Bit Server VM (20.1-b02) for linux-amd64 JRE (1.6.0_26-b03), built on May  4 2011 01:13:47 by "java_re" with gcc 3.2.2 (SuSE Linux)

time: Mon Oct 20 17:29:25 2014
elapsed time: 0 seconds

