#
# A fatal error has been detected by the Java Runtime Environment:
#
#  SIGSEGV (0xb) at pc=0x00007f72ba9b448a, pid=12119, tid=140130700986112
#
# JRE version: Java(TM) SE Runtime Environment (7.0_51-b13) (build 1.7.0_51-b13)
# Java VM: Java HotSpot(TM) 64-Bit Server VM (24.51-b03 mixed mode linux-amd64 compressed oops)
# Problematic frame:
# V  [libjvm.so+0x87b48a]  oopDesc* PSPromotionManager::copy_to_survivor_space<false>(oopDesc*)+0x19a
#
# Failed to write core dump. Core dumps have been disabled. To enable core dumping, try "ulimit -c unlimited" before starting Java again
#
# If you would like to submit a bug report, please visit:
#   http://bugreport.sun.com/bugreport/crash.jsp
#

---------------  T H R E A D  ---------------

Current thread (0x00007f72b4025800):  GCTaskThread [stack: 0x00007f72b8978000,0x00007f72b8a79000] [id=12128]

siginfo:si_signo=SIGSEGV: si_errno=0, si_code=1 (SEGV_MAPERR), si_addr=0x00000000000000a8

Registers:
RAX=0x0000000000000000, RBX=0x00007f72a51c9488, RCX=0x0000000000000003, RDX=0x00000005a0db8000
RSP=0x00007f72b8a77300, RBP=0x00007f72b8a77370, RSI=0x00007f72a51c93a0, RDI=0x00000005a0db8010
R8 =0x0000000000000001, R9 =0x00007f72baf66e58, R10=0x0000000000000001, R11=0x00007f72ba72e120
R12=0x00007f72a51c93a0, R13=0x00000006d9288270, R14=0x0000000000000001, R15=0x00000000ffffffff
RIP=0x00007f72ba9b448a, EFLAGS=0x0000000000010246, CSGSFS=0x0000000000000033, ERR=0x0000000000000004
  TRAPNO=0x000000000000000e

Top of Stack: (sp=0x00007f72b8a77300)
0x00007f72b8a77300:   0000000000000002 00007f72baf66e58
0x00007f72b8a77310:   0000000000000003 00007f72b406fc60
0x00007f72b8a77320:   00007f72b8a77340 0000000000000002
0x00007f72b8a77330:   0000000000000004 0000000000000002
0x00007f72b8a77340:   00007f72b8a77390 00007f72a51c9488
0x00007f72b8a77350:   00007f72b4025bd0 0000000000001741
0x00007f72b8a77360:   0000000000000001 00000000ffffffff
0x00007f72b8a77370:   00007f72b8a77390 00007f72ba9b71bd
0x00007f72b8a77380:   00007f72b4025bc0 0000000000001741
0x00007f72b8a77390:   00007f72b8a77430 00007f72ba9416bb
0x00007f72b8a773a0:   00007f72baf70a20 00007f72ba93fa00
0x00007f72b8a773b0:   00007f72b8a77b40 00007f72b8a77520
0x00007f72b8a773c0:   00007f72b8a774f0 00007f72b4025800
0x00007f72b8a773d0:   00007f72340bc3e0 ffff7f7200000001
0x00007f72b8a773e0:   00007f72b8a774a0 00007f72ba6529ce
0x00007f72b8a773f0:   1741000000000000 00007f72b8a7ffff
0x00007f72b8a77400:   00007f72b8a77480 00007f72b8a774f0
0x00007f72b8a77410:   0000000000000001 00007f72b8a77520
0x00007f72b8a77420:   00007f72b8a77b20 00007f72b8a77b40
0x00007f72b8a77430:   00007f72b8a774a0 00007f72ba654539
0x00007f72b8a77440:   00007f72b8a77480 00007f72ba65562a
0x00007f72b8a77450:   00007f72b107d1c4 00007f72b8a774c0
0x00007f72b8a77460:   00007f72b8a77520 00007f72b4025800
0x00007f72b8a77470:   00007f72b8a77b40 00007f72b8a774f0
0x00007f72b8a77480:   00007f72b8a77520 00007f72b4025800
0x00007f72b8a77490:   00007f72b8a77b40 00007f72b41b7000
0x00007f72b8a774a0:   00007f72b8a77b10 00007f72baa80f5a
0x00007f72b8a774b0:   00007f72b8a774c0 00007f72b8a77b20
0x00007f72b8a774c0:   00007f72a51c9480 00007f72b107d1c4
0x00007f72b8a774d0:   00007f72b107cf90 00007f7200000000
0x00007f72b8a774e0:   000000000000000f 00007f72a51c9480
0x00007f72b8a774f0:   00007f72a51c9480 00007f72b107d1c4 

Instructions: (pc=0x00007f72ba9b448a)
0x00007f72ba9b446a:   83 fe 00 0f 8f db fe ff ff 0f 85 07 03 00 00 0f
0x00007f72ba9b447a:   1f 80 00 00 00 00 48 8b 07 4c 89 e6 4c 89 4d 98
0x00007f72ba9b448a:   ff 90 a8 00 00 00 41 f6 c5 01 4c 8b 4d 98 4c 63
0x00007f72ba9b449a:   f8 0f 84 c9 fe ff ff 4c 89 e8 48 c1 e8 03 89 c2 

Register to memory mapping:

RAX=0x0000000000000000 is an unknown value
RBX=0x00007f72a51c9488 is pointing into the stack for thread: 0x00007f72b41b7000
RCX=0x0000000000000003 is an unknown value
RDX=0x00000005a0db8000 is an unallocated location in the heap
RSP=0x00007f72b8a77300 is an unknown value
RBP=0x00007f72b8a77370 is an unknown value
RSI=0x00007f72a51c93a0 is pointing into the stack for thread: 0x00007f72b41b7000
RDI=0x00000005a0db8010 is an unallocated location in the heap
R8 =0x0000000000000001 is an unknown value
R9 =0x00007f72baf66e58: <offset 0xe2de58> in /home/lpxz/pool/jdk1.7/jre/lib/amd64/server/libjvm.so at 0x00007f72ba139000
R10=0x0000000000000001 is an unknown value
R11=0x00007f72ba72e120: <offset 0x5f5120> in /home/lpxz/pool/jdk1.7/jre/lib/amd64/server/libjvm.so at 0x00007f72ba139000
R12=0x00007f72a51c93a0 is pointing into the stack for thread: 0x00007f72b41b7000
R13=0x00000006d9288270 is an oop
java.util.Vector 
 - klass: 'java/util/Vector'
R14=0x0000000000000001 is an unknown value
R15=0x00000000ffffffff is an unknown value


Stack: [0x00007f72b8978000,0x00007f72b8a79000],  sp=0x00007f72b8a77300,  free space=1020k
Native frames: (J=compiled Java code, j=interpreted, Vv=VM code, C=native code)
V  [libjvm.so+0x87b48a]  oopDesc* PSPromotionManager::copy_to_survivor_space<false>(oopDesc*)+0x19a
V  [libjvm.so+0x87e1bd]  PSRootsClosure<false>::do_oop(oopDesc**)+0x3d
V  [libjvm.so+0x8086bb]  OopMapSet::all_do(frame const*, RegisterMap const*, OopClosure*, void (*)(oopDesc**, oopDesc**), OopClosure*)+0x2fb
V  [libjvm.so+0x51b539]  frame::oops_do_internal(OopClosure*, CodeBlobClosure*, RegisterMap*, bool)+0x99
V  [libjvm.so+0x947f5a]  JavaThread::oops_do(OopClosure*, CodeBlobClosure*)+0x15a
V  [libjvm.so+0x87e575]  ThreadRootsTask::do_it(GCTaskManager*, unsigned int)+0x75
V  [libjvm.so+0x550f6f]  GCTaskThread::run()+0x12f
V  [libjvm.so+0x815538]  java_start(Thread*)+0x108

JavaThread 0x00007f72b41b7000 (nid = 12146) was being processed
Java frames: (J=compiled Java code, j=interpreted, Vv=VM code)
v  ~RuntimeStub::_complete_monitor_locking_Java
J  edu.hkust.leap.monitor.RecordMonitor.accessSPE(IJZI)V
J  edu.hkust.leap.monitor.RecordMonitor.readBeforeInstance(Ljava/lang/Object;IJLjava/lang/String;ILjava/lang/Object;)V
J  spec.jbb.Order.processLines(Lspec/jbb/Warehouse;SZ)Z
j  spec.jbb.NewOrderTransaction.process()Z+183
j  spec.jbb.TransactionManager.runTxn(Lspec/jbb/Transaction;JJD)J+36
j  spec.jbb.TransactionManager.goManual(ILspec/jbb/TimerData;)J+141
j  spec.jbb.TransactionManager.go()V+437
j  spec.jbb.JBBmain.run()V+127
j  java.lang.Thread.run()V+11
v  ~StubRoutines::call_stub

---------------  P R O C E S S  ---------------

Java Threads: ( => current thread )
  0x00007f72b41bb000 JavaThread "Thread-8" [_thread_blocked, id=12148, stack(0x00007f72a4ec8000,0x00007f72a4fc9000)]
  0x00007f72b41b9000 JavaThread "Thread-7" [_thread_blocked, id=12147, stack(0x00007f72a4fc9000,0x00007f72a50ca000)]
  0x00007f72b41b7000 JavaThread "Thread-6" [_thread_blocked, id=12146, stack(0x00007f72a50ca000,0x00007f72a51cb000)]
  0x00007f72b41b5000 JavaThread "Thread-5" [_thread_blocked, id=12145, stack(0x00007f72a51cb000,0x00007f72a52cc000)]
  0x00007f72b41b3000 JavaThread "Thread-4" [_thread_blocked, id=12144, stack(0x00007f72a52cc000,0x00007f72a53cd000)]
  0x00007f72b41b1000 JavaThread "Thread-3" [_thread_blocked, id=12143, stack(0x00007f72a53cd000,0x00007f72a54ce000)]
  0x00007f72b41ad800 JavaThread "Thread-2" [_thread_blocked, id=12142, stack(0x00007f72a54ce000,0x00007f72a55cf000)]
  0x00007f72b41a9800 JavaThread "Thread-1" [_thread_blocked, id=12141, stack(0x00007f72a55cf000,0x00007f72a56d0000)]
  0x00007f72b409f000 JavaThread "Service Thread" daemon [_thread_blocked, id=12139, stack(0x00007f72a5bf9000,0x00007f72a5cfa000)]
  0x00007f72b409d000 JavaThread "C2 CompilerThread1" daemon [_thread_blocked, id=12138, stack(0x00007f72a5cfa000,0x00007f72a5dfb000)]
  0x00007f72b409a000 JavaThread "C2 CompilerThread0" daemon [_thread_blocked, id=12137, stack(0x00007f72a5dfb000,0x00007f72a5efc000)]
  0x00007f72b408f800 JavaThread "Signal Dispatcher" daemon [_thread_blocked, id=12136, stack(0x00007f72a5efc000,0x00007f72a5ffd000)]
  0x00007f72b4078800 JavaThread "Finalizer" daemon [_thread_blocked, id=12135, stack(0x00007f72a66e0000,0x00007f72a67e1000)]
  0x00007f72b4074800 JavaThread "Reference Handler" daemon [_thread_blocked, id=12134, stack(0x00007f7253c6f000,0x00007f7253d70000)]
  0x00007f72b400a000 JavaThread "main" [_thread_blocked, id=12124, stack(0x00007f72bba96000,0x00007f72bbb97000)]

Other Threads:
  0x00007f72b4072800 VMThread [stack: 0x00007f72a67e1000,0x00007f72a68e2000] [id=12133]
  0x00007f72b40aa000 WatcherThread [stack: 0x00007f72a5af8000,0x00007f72a5bf9000] [id=12140]

=>0x00007f72b4025800 (exited) GCTaskThread [stack: 0x00007f72b8978000,0x00007f72b8a79000] [id=12128]

VM state:at safepoint (normal execution)

VM Mutex/Monitor currently owned by a thread:  ([mutex/lock_event])
[0x00007f72b4006480] Threads_lock - owner thread: 0x00007f72b4072800
[0x00007f72b4006980] Heap_lock - owner thread: 0x00007f72b41b1000

Heap
 PSYoungGen      total 73216K, used 64396K [0x00000006d5500000, 0x00000006de400000, 0x0000000800000000)
  eden space 62976K, 86% used [0x00000006d5500000,0x00000006d89e71f8,0x00000006d9280000)
  from space 10240K, 99% used [0x00000006d9280000,0x00000006d9c7c030,0x00000006d9c80000)
  to   space 10240K, 99% used [0x00000006dda00000,0x00000006de3fc040,0x00000006de400000)
 ParOldGen       total 166912K, used 43644K [0x0000000480000000, 0x000000048a300000, 0x00000006d5500000)
  object space 166912K, 26% used [0x0000000480000000,0x0000000482a9f380,0x000000048a300000)
 PSPermGen       total 21504K, used 6082K [0x000000047ae00000, 0x000000047c300000, 0x0000000480000000)
  object space 21504K, 28% used [0x000000047ae00000,0x000000047b3f0a88,0x000000047c300000)

Card table byte_map: [0x00007f72af3d6000,0x00007f72b1000000] byte_map_base: 0x00007f72acfff000

Polling page: 0x00007f72bbbb6000

Code Cache  [0x00007f72b1000000, 0x00007f72b1270000, 0x00007f72b4000000)
 total_blobs=495 nmethods=217 adapters=231 free_code_cache=48265Kb largest_free_block=49384640

Compilation events (10 events):
Event: 1.204 Thread 0x00007f72b409d000 nmethod 215 0x00007f72b10c7690 code [0x00007f72b10c77c0, 0x00007f72b10c7838]
Event: 1.204 Thread 0x00007f72b409d000  216             java.util.Date::getTime (5 bytes)
Event: 1.204 Thread 0x00007f72b409d000 nmethod 216 0x00007f72b10c7450 code [0x00007f72b10c7580, 0x00007f72b10c75f8]
Event: 1.208 Thread 0x00007f72b409a000 nmethod 213 0x00007f72b10cc450 code [0x00007f72b10cc680, 0x00007f72b10cd058]
Event: 1.210 Thread 0x00007f72b409d000  217             spec.jbb.Order::getOrderlineCount (23 bytes)
Event: 1.212 Thread 0x00007f72b409d000 nmethod 217 0x00007f72b10c6f90 code [0x00007f72b10c7100, 0x00007f72b10c7278]
Event: 1.224 Thread 0x00007f72b409a000  218             spec.jbb.TransactionManager::buildDeck (714 bytes)
Event: 1.250 Thread 0x00007f72b409d000  219             java.util.TreeMap::rotateLeft (96 bytes)
Event: 1.251 Thread 0x00007f72b409d000 nmethod 219 0x00007f72b10c6c10 code [0x00007f72b10c6d60, 0x00007f72b10c6eb8]
Event: 1.261 Thread 0x00007f72b409a000 nmethod 218 0x00007f72b10e2d10 code [0x00007f72b10e31c0, 0x00007f72b10e4fd8]

GC Heap History (3 events):
Event: 0.846 GC heap before
{Heap before GC invocations=1 (full 0):
 PSYoungGen      total 73216K, used 60634K [0x00000006d5500000, 0x00000006da680000, 0x0000000800000000)
  eden space 62976K, 96% used [0x00000006d5500000,0x00000006d90369b0,0x00000006d9280000)
  from space 10240K, 0% used [0x00000006d9c80000,0x00000006d9c80000,0x00000006da680000)
  to   space 10240K, 0% used [0x00000006d9280000,0x00000006d9280000,0x00000006d9c80000)
 ParOldGen       total 166912K, used 0K [0x0000000480000000, 0x000000048a300000, 0x00000006d5500000)
  object space 166912K, 0% used [0x0000000480000000,0x0000000480000000,0x000000048a300000)
 PSPermGen       total 21504K, used 6049K [0x000000047ae00000, 0x000000047c300000, 0x0000000480000000)
  object space 21504K, 28% used [0x000000047ae00000,0x000000047b3e8498,0x000000047c300000)
Event: 0.874 GC heap after
Heap after GC invocations=1 (full 0):
 PSYoungGen      total 73216K, used 10224K [0x00000006d5500000, 0x00000006de400000, 0x0000000800000000)
  eden space 62976K, 0% used [0x00000006d5500000,0x00000006d5500000,0x00000006d9280000)
  from space 10240K, 99% used [0x00000006d9280000,0x00000006d9c7c030,0x00000006d9c80000)
  to   space 10240K, 0% used [0x00000006dda00000,0x00000006dda00000,0x00000006de400000)
 ParOldGen       total 166912K, used 19972K [0x0000000480000000, 0x000000048a300000, 0x00000006d5500000)
  object space 166912K, 11% used [0x0000000480000000,0x0000000481381360,0x000000048a300000)
 PSPermGen       total 21504K, used 6049K [0x000000047ae00000, 0x000000047c300000, 0x0000000480000000)
  object space 21504K, 28% used [0x000000047ae00000,0x000000047b3e8498,0x000000047c300000)
}
Event: 1.419 GC heap before
{Heap before GC invocations=2 (full 0):
 PSYoungGen      total 73216K, used 64396K [0x00000006d5500000, 0x00000006de400000, 0x0000000800000000)
  eden space 62976K, 86% used [0x00000006d5500000,0x00000006d89e71f8,0x00000006d9280000)
  from space 10240K, 99% used [0x00000006d9280000,0x00000006d9c7c030,0x00000006d9c80000)
  to   space 10240K, 0% used [0x00000006dda00000,0x00000006dda00000,0x00000006de400000)
 ParOldGen       total 166912K, used 19972K [0x0000000480000000, 0x000000048a300000, 0x00000006d5500000)
  object space 166912K, 11% used [0x0000000480000000,0x0000000481381360,0x000000048a300000)
 PSPermGen       total 21504K, used 6082K [0x000000047ae00000, 0x000000047c300000, 0x0000000480000000)
  object space 21504K, 28% used [0x000000047ae00000,0x000000047b3f0a88,0x000000047c300000)

Deoptimization events (0 events):
No events

Internal exceptions (10 events):
Event: 0.115 Thread 0x00007f72b400a000 Threw 0x00000006d57d1e40 at /HUDSON/workspace/7u-2-build-linux-amd64@2/jdk7u51/527/hotspot/src/share/vm/prims/jvm.cpp:1244
Event: 0.117 Thread 0x00007f72b400a000 Threw 0x00000006d57d7020 at /HUDSON/workspace/7u-2-build-linux-amd64@2/jdk7u51/527/hotspot/src/share/vm/prims/jvm.cpp:1244
Event: 0.117 Thread 0x00007f72b400a000 Threw 0x00000006d57e0018 at /HUDSON/workspace/7u-2-build-linux-amd64@2/jdk7u51/527/hotspot/src/share/vm/prims/jvm.cpp:1244
Event: 0.122 Thread 0x00007f72b400a000 Threw 0x00000006d57ebba0 at /HUDSON/workspace/7u-2-build-linux-amd64@2/jdk7u51/527/hotspot/src/share/vm/prims/jvm.cpp:1244
Event: 0.123 Thread 0x00007f72b400a000 Threw 0x00000006d57ef268 at /HUDSON/workspace/7u-2-build-linux-amd64@2/jdk7u51/527/hotspot/src/share/vm/prims/jvm.cpp:1244
Event: 0.123 Thread 0x00007f72b400a000 Threw 0x00000006d58008d0 at /HUDSON/workspace/7u-2-build-linux-amd64@2/jdk7u51/527/hotspot/src/share/vm/prims/jvm.cpp:1244
Event: 0.149 Thread 0x00007f72b400a000 Threw 0x00000006d58569f8 at /HUDSON/workspace/7u-2-build-linux-amd64@2/jdk7u51/527/hotspot/src/share/vm/prims/jvm.cpp:1244
Event: 0.149 Thread 0x00007f72b400a000 Threw 0x00000006d585dc38 at /HUDSON/workspace/7u-2-build-linux-amd64@2/jdk7u51/527/hotspot/src/share/vm/prims/jvm.cpp:1244
Event: 0.187 Thread 0x00007f72b41a9800 Threw 0x00000006d59f3a68 at /HUDSON/workspace/7u-2-build-linux-amd64@2/jdk7u51/527/hotspot/src/share/vm/prims/jvm.cpp:1244
Event: 0.204 Thread 0x00007f72b41b7000 Threw 0x00000006d6035118 at /HUDSON/workspace/7u-2-build-linux-amd64@2/jdk7u51/527/hotspot/src/share/vm/prims/jvm.cpp:1244

Events (10 events):
Event: 0.205 loading class 0x00007f7240048d30 done
Event: 0.207 loading class 0x00007f72b83fa4d0
Event: 0.207 loading class 0x00007f72b83fa4d0 done
Event: 0.207 loading class 0x00007f7240046220
Event: 0.207 loading class 0x00007f7240046220 done
Event: 0.208 loading class 0x00007f7234044a90
Event: 0.208 loading class 0x00007f7234044a90 done
Event: 0.846 Executing VM operation: ParallelGCFailedAllocation
Event: 0.874 Executing VM operation: ParallelGCFailedAllocation done
Event: 1.419 Executing VM operation: ParallelGCFailedAllocation


Dynamic libraries:
00400000-00401000 r-xp 00000000 08:08 3802540                            /home/lpxz/pool/jdk1.7/bin/java
00600000-00601000 rw-p 00000000 08:08 3802540                            /home/lpxz/pool/jdk1.7/bin/java
00cb9000-00cda000 rw-p 00000000 00:00 0                                  [heap]
47ae00000-47c300000 rw-p 00000000 00:00 0 
47c300000-480000000 rw-p 00000000 00:00 0 
480000000-48a300000 rw-p 00000000 00:00 0 
48a300000-6d5500000 rw-p 00000000 00:00 0 
6d5500000-6de400000 rw-p 00000000 00:00 0 
6de400000-800000000 rw-p 00000000 00:00 0 
7f720c000000-7f720c021000 rw-p 00000000 00:00 0 
7f720c021000-7f7210000000 ---p 00000000 00:00 0 
7f7214000000-7f7214250000 rw-p 00000000 00:00 0 
7f7214250000-7f7218000000 ---p 00000000 00:00 0 
7f7218000000-7f7218021000 rw-p 00000000 00:00 0 
7f7218021000-7f721c000000 ---p 00000000 00:00 0 
7f721c000000-7f721c021000 rw-p 00000000 00:00 0 
7f721c021000-7f7220000000 ---p 00000000 00:00 0 
7f7220000000-7f7220021000 rw-p 00000000 00:00 0 
7f7220021000-7f7224000000 ---p 00000000 00:00 0 
7f7224000000-7f7224021000 rw-p 00000000 00:00 0 
7f7224021000-7f7228000000 ---p 00000000 00:00 0 
7f7228000000-7f7228021000 rw-p 00000000 00:00 0 
7f7228021000-7f722c000000 ---p 00000000 00:00 0 
7f722c000000-7f722c021000 rw-p 00000000 00:00 0 
7f722c021000-7f7230000000 ---p 00000000 00:00 0 
7f7230000000-7f7230021000 rw-p 00000000 00:00 0 
7f7230021000-7f7234000000 ---p 00000000 00:00 0 
7f7234000000-7f72345e7000 rw-p 00000000 00:00 0 
7f72345e7000-7f7238000000 ---p 00000000 00:00 0 
7f7238000000-7f7238021000 rw-p 00000000 00:00 0 
7f7238021000-7f723c000000 ---p 00000000 00:00 0 
7f723c000000-7f723c021000 rw-p 00000000 00:00 0 
7f723c021000-7f7240000000 ---p 00000000 00:00 0 
7f7240000000-7f72408ad000 rw-p 00000000 00:00 0 
7f72408ad000-7f7244000000 ---p 00000000 00:00 0 
7f7244000000-7f7244021000 rw-p 00000000 00:00 0 
7f7244021000-7f7248000000 ---p 00000000 00:00 0 
7f7248000000-7f7248021000 rw-p 00000000 00:00 0 
7f7248021000-7f724c000000 ---p 00000000 00:00 0 
7f724c000000-7f724c021000 rw-p 00000000 00:00 0 
7f724c021000-7f7250000000 ---p 00000000 00:00 0 
7f7253c6f000-7f7253c72000 ---p 00000000 00:00 0 
7f7253c72000-7f7270000000 rw-p 00000000 00:00 0 
7f7270000000-7f7270021000 rw-p 00000000 00:00 0 
7f7270021000-7f7274000000 ---p 00000000 00:00 0 
7f7278000000-7f7278021000 rw-p 00000000 00:00 0 
7f7278021000-7f727c000000 ---p 00000000 00:00 0 
7f7280000000-7f7280021000 rw-p 00000000 00:00 0 
7f7280021000-7f7284000000 ---p 00000000 00:00 0 
7f7288000000-7f7288021000 rw-p 00000000 00:00 0 
7f7288021000-7f728c000000 ---p 00000000 00:00 0 
7f7290000000-7f7290021000 rw-p 00000000 00:00 0 
7f7290021000-7f7294000000 ---p 00000000 00:00 0 
7f7298000000-7f7298021000 rw-p 00000000 00:00 0 
7f7298021000-7f729c000000 ---p 00000000 00:00 0 
7f72a0000000-7f72a024e000 rw-p 00000000 00:00 0 
7f72a024e000-7f72a4000000 ---p 00000000 00:00 0 
7f72a4ec8000-7f72a4ecb000 ---p 00000000 00:00 0 
7f72a4ecb000-7f72a4fc9000 rw-p 00000000 00:00 0 
7f72a4fc9000-7f72a4fcc000 ---p 00000000 00:00 0 
7f72a4fcc000-7f72a50ca000 rw-p 00000000 00:00 0 
7f72a50ca000-7f72a50cd000 ---p 00000000 00:00 0 
7f72a50cd000-7f72a51cb000 rw-p 00000000 00:00 0 
7f72a51cb000-7f72a51ce000 ---p 00000000 00:00 0 
7f72a51ce000-7f72a52cc000 rw-p 00000000 00:00 0 
7f72a52cc000-7f72a52cf000 ---p 00000000 00:00 0 
7f72a52cf000-7f72a53cd000 rw-p 00000000 00:00 0 
7f72a53cd000-7f72a53d0000 ---p 00000000 00:00 0 
7f72a53d0000-7f72a54ce000 rw-p 00000000 00:00 0 
7f72a54ce000-7f72a54d1000 ---p 00000000 00:00 0 
7f72a54d1000-7f72a55cf000 rw-p 00000000 00:00 0 
7f72a55cf000-7f72a55d2000 ---p 00000000 00:00 0 
7f72a55d2000-7f72a56d0000 rw-p 00000000 00:00 0 
7f72a56d0000-7f72a56e6000 r-xp 00000000 08:08 3804245                    /home/lpxz/pool/jdk1.7/jre/lib/amd64/libnet.so
7f72a56e6000-7f72a58e6000 ---p 00016000 08:08 3804245                    /home/lpxz/pool/jdk1.7/jre/lib/amd64/libnet.so
7f72a58e6000-7f72a58e7000 rw-p 00016000 08:08 3804245                    /home/lpxz/pool/jdk1.7/jre/lib/amd64/libnet.so
7f72a58e7000-7f72a58f7000 r-xp 00000000 08:08 3804240                    /home/lpxz/pool/jdk1.7/jre/lib/amd64/libnio.so
7f72a58f7000-7f72a5af7000 ---p 00010000 08:08 3804240                    /home/lpxz/pool/jdk1.7/jre/lib/amd64/libnio.so
7f72a5af7000-7f72a5af8000 rw-p 00010000 08:08 3804240                    /home/lpxz/pool/jdk1.7/jre/lib/amd64/libnio.so
7f72a5af8000-7f72a5af9000 ---p 00000000 00:00 0 
7f72a5af9000-7f72a5bf9000 rw-p 00000000 00:00 0 
7f72a5bf9000-7f72a5bfc000 ---p 00000000 00:00 0 
7f72a5bfc000-7f72a5cfa000 rw-p 00000000 00:00 0 
7f72a5cfa000-7f72a5cfd000 ---p 00000000 00:00 0 
7f72a5cfd000-7f72a5dfb000 rw-p 00000000 00:00 0 
7f72a5dfb000-7f72a5dfe000 ---p 00000000 00:00 0 
7f72a5dfe000-7f72a5efc000 rw-p 00000000 00:00 0 
7f72a5efc000-7f72a5eff000 ---p 00000000 00:00 0 
7f72a5eff000-7f72a5ffd000 rw-p 00000000 00:00 0 
7f72a5ffd000-7f72a66e0000 r--p 00000000 08:08 6297920                    /usr/lib/locale/locale-archive
7f72a66e0000-7f72a66e3000 ---p 00000000 00:00 0 
7f72a66e3000-7f72a67e1000 rw-p 00000000 00:00 0 
7f72a67e1000-7f72a67e2000 ---p 00000000 00:00 0 
7f72a67e2000-7f72a8000000 rw-p 00000000 00:00 0 
7f72a8000000-7f72a8021000 rw-p 00000000 00:00 0 
7f72a8021000-7f72ac000000 ---p 00000000 00:00 0 
7f72ac0fe000-7f72ae17d000 rw-p 00000000 00:00 0 
7f72ae17d000-7f72af3d6000 rw-p 00000000 00:00 0 
7f72af3d6000-7f72af3e1000 rw-p 00000000 00:00 0 
7f72af3e1000-7f72af3ff000 rw-p 00000000 00:00 0 
7f72af3ff000-7f72af451000 rw-p 00000000 00:00 0 
7f72af451000-7f72b06a9000 rw-p 00000000 00:00 0 
7f72b06a9000-7f72b06f1000 rw-p 00000000 00:00 0 
7f72b06f1000-7f72b0fff000 rw-p 00000000 00:00 0 
7f72b0fff000-7f72b1000000 rw-p 00000000 00:00 0 
7f72b1000000-7f72b1270000 rwxp 00000000 00:00 0 
7f72b1270000-7f72b41cd000 rw-p 00000000 00:00 0 
7f72b41cd000-7f72b8000000 ---p 00000000 00:00 0 
7f72b8006000-7f72b81a4000 rw-p 00000000 00:00 0 
7f72b81a4000-7f72b8361000 r--s 039bf000 08:08 3804302                    /home/lpxz/pool/jdk1.7/jre/lib/rt.jar
7f72b8361000-7f72b8574000 rw-p 00000000 00:00 0 
7f72b8574000-7f72b8575000 ---p 00000000 00:00 0 
7f72b8575000-7f72b8675000 rw-p 00000000 00:00 0 
7f72b8675000-7f72b8676000 ---p 00000000 00:00 0 
7f72b8676000-7f72b8776000 rw-p 00000000 00:00 0 
7f72b8776000-7f72b8777000 ---p 00000000 00:00 0 
7f72b8777000-7f72b8877000 rw-p 00000000 00:00 0 
7f72b8877000-7f72b8878000 ---p 00000000 00:00 0 
7f72b8878000-7f72b8978000 rw-p 00000000 00:00 0 
7f72b8978000-7f72b8979000 ---p 00000000 00:00 0 
7f72b8979000-7f72b8a79000 rw-p 00000000 00:00 0 
7f72b8a79000-7f72b8a7a000 ---p 00000000 00:00 0 
7f72b8a7a000-7f72b8b7a000 rw-p 00000000 00:00 0 
7f72b8b7a000-7f72b8b7b000 ---p 00000000 00:00 0 
7f72b8b7b000-7f72b8c7b000 rw-p 00000000 00:00 0 
7f72b8c7b000-7f72b8c7c000 ---p 00000000 00:00 0 
7f72b8c7c000-7f72b8d87000 rw-p 00000000 00:00 0 
7f72b8d87000-7f72b8da5000 rw-p 00000000 00:00 0 
7f72b8da5000-7f72b8dbf000 r-xp 00000000 08:08 3804290                    /home/lpxz/pool/jdk1.7/jre/lib/amd64/libzip.so
7f72b8dbf000-7f72b8fbf000 ---p 0001a000 08:08 3804290                    /home/lpxz/pool/jdk1.7/jre/lib/amd64/libzip.so
7f72b8fbf000-7f72b8fc0000 rw-p 0001a000 08:08 3804290                    /home/lpxz/pool/jdk1.7/jre/lib/amd64/libzip.so
7f72b8fc0000-7f72b8fcc000 r-xp 00000000 08:08 12594830                   /lib/x86_64-linux-gnu/libnss_files-2.15.so
7f72b8fcc000-7f72b91cb000 ---p 0000c000 08:08 12594830                   /lib/x86_64-linux-gnu/libnss_files-2.15.so
7f72b91cb000-7f72b91cc000 r--p 0000b000 08:08 12594830                   /lib/x86_64-linux-gnu/libnss_files-2.15.so
7f72b91cc000-7f72b91cd000 rw-p 0000c000 08:08 12594830                   /lib/x86_64-linux-gnu/libnss_files-2.15.so
7f72b91cd000-7f72b91d7000 r-xp 00000000 08:08 12594834                   /lib/x86_64-linux-gnu/libnss_nis-2.15.so
7f72b91d7000-7f72b93d7000 ---p 0000a000 08:08 12594834                   /lib/x86_64-linux-gnu/libnss_nis-2.15.so
7f72b93d7000-7f72b93d8000 r--p 0000a000 08:08 12594834                   /lib/x86_64-linux-gnu/libnss_nis-2.15.so
7f72b93d8000-7f72b93d9000 rw-p 0000b000 08:08 12594834                   /lib/x86_64-linux-gnu/libnss_nis-2.15.so
7f72b93d9000-7f72b93f0000 r-xp 00000000 08:08 12594846                   /lib/x86_64-linux-gnu/libnsl-2.15.so
7f72b93f0000-7f72b95ef000 ---p 00017000 08:08 12594846                   /lib/x86_64-linux-gnu/libnsl-2.15.so
7f72b95ef000-7f72b95f0000 r--p 00016000 08:08 12594846                   /lib/x86_64-linux-gnu/libnsl-2.15.so
7f72b95f0000-7f72b95f1000 rw-p 00017000 08:08 12594846                   /lib/x86_64-linux-gnu/libnsl-2.15.so
7f72b95f1000-7f72b95f3000 rw-p 00000000 00:00 0 
7f72b95f3000-7f72b95fb000 r-xp 00000000 08:08 12594828                   /lib/x86_64-linux-gnu/libnss_compat-2.15.so
7f72b95fb000-7f72b97fa000 ---p 00008000 08:08 12594828                   /lib/x86_64-linux-gnu/libnss_compat-2.15.so
7f72b97fa000-7f72b97fb000 r--p 00007000 08:08 12594828                   /lib/x86_64-linux-gnu/libnss_compat-2.15.so
7f72b97fb000-7f72b97fc000 rw-p 00008000 08:08 12594828                   /lib/x86_64-linux-gnu/libnss_compat-2.15.so
7f72b97fc000-7f72b9825000 r-xp 00000000 08:08 3804274                    /home/lpxz/pool/jdk1.7/jre/lib/amd64/libjava.so
7f72b9825000-7f72b9a25000 ---p 00029000 08:08 3804274                    /home/lpxz/pool/jdk1.7/jre/lib/amd64/libjava.so
7f72b9a25000-7f72b9a27000 rw-p 00029000 08:08 3804274                    /home/lpxz/pool/jdk1.7/jre/lib/amd64/libjava.so
7f72b9a27000-7f72b9a34000 r-xp 00000000 08:08 3804272                    /home/lpxz/pool/jdk1.7/jre/lib/amd64/libverify.so
7f72b9a34000-7f72b9c33000 ---p 0000d000 08:08 3804272                    /home/lpxz/pool/jdk1.7/jre/lib/amd64/libverify.so
7f72b9c33000-7f72b9c35000 rw-p 0000c000 08:08 3804272                    /home/lpxz/pool/jdk1.7/jre/lib/amd64/libverify.so
7f72b9c35000-7f72b9c3c000 r-xp 00000000 08:08 12594833                   /lib/x86_64-linux-gnu/librt-2.15.so
7f72b9c3c000-7f72b9e3b000 ---p 00007000 08:08 12594833                   /lib/x86_64-linux-gnu/librt-2.15.so
7f72b9e3b000-7f72b9e3c000 r--p 00006000 08:08 12594833                   /lib/x86_64-linux-gnu/librt-2.15.so
7f72b9e3c000-7f72b9e3d000 rw-p 00007000 08:08 12594833                   /lib/x86_64-linux-gnu/librt-2.15.so
7f72b9e3d000-7f72b9f38000 r-xp 00000000 08:08 12594837                   /lib/x86_64-linux-gnu/libm-2.15.so
7f72b9f38000-7f72ba137000 ---p 000fb000 08:08 12594837                   /lib/x86_64-linux-gnu/libm-2.15.so
7f72ba137000-7f72ba138000 r--p 000fa000 08:08 12594837                   /lib/x86_64-linux-gnu/libm-2.15.so
7f72ba138000-7f72ba139000 rw-p 000fb000 08:08 12594837                   /lib/x86_64-linux-gnu/libm-2.15.so
7f72ba139000-7f72bac9b000 r-xp 00000000 08:08 3804280                    /home/lpxz/pool/jdk1.7/jre/lib/amd64/server/libjvm.so
7f72bac9b000-7f72bae9b000 ---p 00b62000 08:08 3804280                    /home/lpxz/pool/jdk1.7/jre/lib/amd64/server/libjvm.so
7f72bae9b000-7f72baf5e000 rw-p 00b62000 08:08 3804280                    /home/lpxz/pool/jdk1.7/jre/lib/amd64/server/libjvm.so
7f72baf5e000-7f72baf9f000 rw-p 00000000 00:00 0 
7f72baf9f000-7f72bb154000 r-xp 00000000 08:08 12594826                   /lib/x86_64-linux-gnu/libc-2.15.so
7f72bb154000-7f72bb354000 ---p 001b5000 08:08 12594826                   /lib/x86_64-linux-gnu/libc-2.15.so
7f72bb354000-7f72bb358000 r--p 001b5000 08:08 12594826                   /lib/x86_64-linux-gnu/libc-2.15.so
7f72bb358000-7f72bb35a000 rw-p 001b9000 08:08 12594826                   /lib/x86_64-linux-gnu/libc-2.15.so
7f72bb35a000-7f72bb35f000 rw-p 00000000 00:00 0 
7f72bb35f000-7f72bb361000 r-xp 00000000 08:08 12594841                   /lib/x86_64-linux-gnu/libdl-2.15.so
7f72bb361000-7f72bb561000 ---p 00002000 08:08 12594841                   /lib/x86_64-linux-gnu/libdl-2.15.so
7f72bb561000-7f72bb562000 r--p 00002000 08:08 12594841                   /lib/x86_64-linux-gnu/libdl-2.15.so
7f72bb562000-7f72bb563000 rw-p 00003000 08:08 12594841                   /lib/x86_64-linux-gnu/libdl-2.15.so
7f72bb563000-7f72bb579000 r-xp 00000000 08:08 3802605                    /home/lpxz/pool/jdk1.7/lib/amd64/jli/libjli.so
7f72bb579000-7f72bb779000 ---p 00016000 08:08 3802605                    /home/lpxz/pool/jdk1.7/lib/amd64/jli/libjli.so
7f72bb779000-7f72bb77a000 rw-p 00016000 08:08 3802605                    /home/lpxz/pool/jdk1.7/lib/amd64/jli/libjli.so
7f72bb77a000-7f72bb792000 r-xp 00000000 08:08 12594835                   /lib/x86_64-linux-gnu/libpthread-2.15.so
7f72bb792000-7f72bb991000 ---p 00018000 08:08 12594835                   /lib/x86_64-linux-gnu/libpthread-2.15.so
7f72bb991000-7f72bb992000 r--p 00017000 08:08 12594835                   /lib/x86_64-linux-gnu/libpthread-2.15.so
7f72bb992000-7f72bb993000 rw-p 00018000 08:08 12594835                   /lib/x86_64-linux-gnu/libpthread-2.15.so
7f72bb993000-7f72bb997000 rw-p 00000000 00:00 0 
7f72bb997000-7f72bb9b9000 r-xp 00000000 08:08 12594838                   /lib/x86_64-linux-gnu/ld-2.15.so
7f72bb9ca000-7f72bb9d6000 r--s 000da000 08:08 4477681                    /home/lpxz/eclipse/workspacePA_icse/soot-One/lib/polyglotclasses-1.3.5.jar
7f72bb9d6000-7f72bb9e0000 rw-p 00000000 00:00 0 
7f72bb9e0000-7f72bba96000 rw-p 00000000 00:00 0 
7f72bba96000-7f72bba99000 ---p 00000000 00:00 0 
7f72bba99000-7f72bbb9c000 rw-p 00000000 00:00 0 
7f72bbb9c000-7f72bbba6000 r--s 00250000 08:08 3803739                    /home/lpxz/pool/jdk1.7/jre/lib/resources.jar
7f72bbba6000-7f72bbba9000 r--s 0002b000 08:08 4477682                    /home/lpxz/eclipse/workspacePA_icse/soot-One/lib/jasminclasses-2.5.0.jar
7f72bbba9000-7f72bbbad000 r--s 000f7000 08:08 3804391                    /home/lpxz/pool/jdk1.7/jre/lib/ext/localedata.jar
7f72bbbad000-7f72bbbb5000 rw-s 00000000 08:08 4997936                    /tmp/hsperfdata_lpxz/12119
7f72bbbb5000-7f72bbbb6000 rw-p 00000000 00:00 0 
7f72bbbb6000-7f72bbbb7000 ---p 00000000 00:00 0 
7f72bbbb7000-7f72bbbb9000 rw-p 00000000 00:00 0 
7f72bbbb9000-7f72bbbba000 r--p 00022000 08:08 12594838                   /lib/x86_64-linux-gnu/ld-2.15.so
7f72bbbba000-7f72bbbbc000 rw-p 00023000 08:08 12594838                   /lib/x86_64-linux-gnu/ld-2.15.so
7fffee306000-7fffee327000 rw-p 00000000 00:00 0                          [stack]
7fffee3ff000-7fffee400000 r-xp 00000000 00:00 0                          [vdso]
ffffffffff600000-ffffffffff601000 r-xp 00000000 00:00 0                  [vsyscall]

VM Arguments:
jvm_args: -Xverify:none -Xmx14g -XX:+UseBiasedLocking -Dfile.encoding=UTF-8 
java_command: edu.hkust.leap.record.RecordMain 1024 spec.jbb.JBBmain
Launcher Type: SUN_STANDARD

Environment Variables:
PATH=/usr/local/sbin:/usr/local/bin:/usr/sbin:/usr/bin:/sbin:/bin:/usr/games
LD_LIBRARY_PATH=/home/lpxz/pool/jdk1.7/jre/lib/amd64/server:/home/lpxz/pool/jdk1.7/jre/lib/amd64:/home/lpxz/pool/jdk1.7/jre/../lib/amd64:/usr/lib/jvm/java-6-openjdk-amd64/jre/lib/amd64/server:/usr/lib/jvm/java-6-openjdk-amd64/jre/lib/amd64:/usr/lib/jvm/java-6-openjdk-amd64/jre/../lib/amd64
SHELL=/bin/bash
DISPLAY=:0

Signal Handlers:
SIGSEGV: [libjvm.so+0x993870], sa_mask[0]=0x7ffbfeff, sa_flags=0x10000004
SIGBUS: [libjvm.so+0x993870], sa_mask[0]=0x7ffbfeff, sa_flags=0x10000004
SIGFPE: [libjvm.so+0x8105b0], sa_mask[0]=0x7ffbfeff, sa_flags=0x10000004
SIGPIPE: [libjvm.so+0x8105b0], sa_mask[0]=0x7ffbfeff, sa_flags=0x10000004
SIGXFSZ: [libjvm.so+0x8105b0], sa_mask[0]=0x7ffbfeff, sa_flags=0x10000004
SIGILL: [libjvm.so+0x8105b0], sa_mask[0]=0x7ffbfeff, sa_flags=0x10000004
SIGUSR1: SIG_DFL, sa_mask[0]=0x00000000, sa_flags=0x00000000
SIGUSR2: [libjvm.so+0x811aa0], sa_mask[0]=0x00000004, sa_flags=0x10000004
SIGHUP: [libjvm.so+0x812a10], sa_mask[0]=0x7ffbfeff, sa_flags=0x10000004
SIGINT: [libjvm.so+0x812a10], sa_mask[0]=0x7ffbfeff, sa_flags=0x10000004
SIGTERM: [libjvm.so+0x812a10], sa_mask[0]=0x7ffbfeff, sa_flags=0x10000004
SIGQUIT: [libjvm.so+0x812a10], sa_mask[0]=0x7ffbfeff, sa_flags=0x10000004


---------------  S Y S T E M  ---------------

OS:wheezy/sid

uname:Linux 3.2.0-29-generic #46-Ubuntu SMP Fri Jul 27 17:03:23 UTC 2012 x86_64
libc:glibc 2.15 NPTL 2.15 
rlimit: STACK 8192k, CORE 0k, NPROC 125044, NOFILE 4096, AS infinity
load average:0.90 1.10 1.46

/proc/meminfo:
MemTotal:       16023348 kB
MemFree:         8584824 kB
Buffers:          811088 kB
Cached:          3506408 kB
SwapCached:            0 kB
Active:          4468652 kB
Inactive:        1965564 kB
Active(anon):    2137700 kB
Inactive(anon):   202552 kB
Active(file):    2330952 kB
Inactive(file):  1763012 kB
Unevictable:           0 kB
Mlocked:               0 kB
SwapTotal:      62944092 kB
SwapFree:       62944092 kB
Dirty:              1116 kB
Writeback:             0 kB
AnonPages:       2117476 kB
Mapped:           268356 kB
Shmem:            223536 kB
Slab:             700892 kB
SReclaimable:     643344 kB
SUnreclaim:        57548 kB
KernelStack:        5392 kB
PageTables:        48492 kB
NFS_Unstable:          0 kB
Bounce:                0 kB
WritebackTmp:          0 kB
CommitLimit:    70955764 kB
Committed_AS:    5934932 kB
VmallocTotal:   34359738367 kB
VmallocUsed:      401600 kB
VmallocChunk:   34359303952 kB
HardwareCorrupted:     0 kB
AnonHugePages:         0 kB
HugePages_Total:       0
HugePages_Free:        0
HugePages_Rsvd:        0
HugePages_Surp:        0
Hugepagesize:       2048 kB
DirectMap4k:       83456 kB
DirectMap2M:    16279552 kB


CPU:total 8 (4 cores per cpu, 2 threads per core) family 6 model 58 stepping 9, cmov, cx8, fxsr, mmx, sse, sse2, sse3, ssse3, sse4.1, sse4.2, popcnt, avx, aes, erms, ht, tsc, tscinvbit, tscinv

/proc/cpuinfo:
processor	: 0
vendor_id	: GenuineIntel
cpu family	: 6
model		: 58
model name	: Intel(R) Core(TM) i7-3610QM CPU @ 2.30GHz
stepping	: 9
microcode	: 0x12
cpu MHz		: 2301.000
cache size	: 6144 KB
physical id	: 0
siblings	: 8
core id		: 0
cpu cores	: 4
apicid		: 0
initial apicid	: 0
fpu		: yes
fpu_exception	: yes
cpuid level	: 13
wp		: yes
flags		: fpu vme de pse tsc msr pae mce cx8 apic sep mtrr pge mca cmov pat pse36 clflush dts acpi mmx fxsr sse sse2 ss ht tm pbe syscall nx rdtscp lm constant_tsc arch_perfmon pebs bts rep_good nopl xtopology nonstop_tsc aperfmperf pni pclmulqdq dtes64 monitor ds_cpl vmx est tm2 ssse3 cx16 xtpr pdcm pcid sse4_1 sse4_2 x2apic popcnt tsc_deadline_timer aes xsave avx f16c rdrand lahf_lm ida arat epb xsaveopt pln pts dtherm tpr_shadow vnmi flexpriority ept vpid fsgsbase smep erms
bogomips	: 4589.13
clflush size	: 64
cache_alignment	: 64
address sizes	: 36 bits physical, 48 bits virtual
power management:

processor	: 1
vendor_id	: GenuineIntel
cpu family	: 6
model		: 58
model name	: Intel(R) Core(TM) i7-3610QM CPU @ 2.30GHz
stepping	: 9
microcode	: 0x12
cpu MHz		: 2301.000
cache size	: 6144 KB
physical id	: 0
siblings	: 8
core id		: 0
cpu cores	: 4
apicid		: 1
initial apicid	: 1
fpu		: yes
fpu_exception	: yes
cpuid level	: 13
wp		: yes
flags		: fpu vme de pse tsc msr pae mce cx8 apic sep mtrr pge mca cmov pat pse36 clflush dts acpi mmx fxsr sse sse2 ss ht tm pbe syscall nx rdtscp lm constant_tsc arch_perfmon pebs bts rep_good nopl xtopology nonstop_tsc aperfmperf pni pclmulqdq dtes64 monitor ds_cpl vmx est tm2 ssse3 cx16 xtpr pdcm pcid sse4_1 sse4_2 x2apic popcnt tsc_deadline_timer aes xsave avx f16c rdrand lahf_lm ida arat epb xsaveopt pln pts dtherm tpr_shadow vnmi flexpriority ept vpid fsgsbase smep erms
bogomips	: 4589.35
clflush size	: 64
cache_alignment	: 64
address sizes	: 36 bits physical, 48 bits virtual
power management:

processor	: 2
vendor_id	: GenuineIntel
cpu family	: 6
model		: 58
model name	: Intel(R) Core(TM) i7-3610QM CPU @ 2.30GHz
stepping	: 9
microcode	: 0x12
cpu MHz		: 2301.000
cache size	: 6144 KB
physical id	: 0
siblings	: 8
core id		: 1
cpu cores	: 4
apicid		: 2
initial apicid	: 2
fpu		: yes
fpu_exception	: yes
cpuid level	: 13
wp		: yes
flags		: fpu vme de pse tsc msr pae mce cx8 apic sep mtrr pge mca cmov pat pse36 clflush dts acpi mmx fxsr sse sse2 ss ht tm pbe syscall nx rdtscp lm constant_tsc arch_perfmon pebs bts rep_good nopl xtopology nonstop_tsc aperfmperf pni pclmulqdq dtes64 monitor ds_cpl vmx est tm2 ssse3 cx16 xtpr pdcm pcid sse4_1 sse4_2 x2apic popcnt tsc_deadline_timer aes xsave avx f16c rdrand lahf_lm ida arat epb xsaveopt pln pts dtherm tpr_shadow vnmi flexpriority ept vpid fsgsbase smep erms
bogomips	: 4589.37
clflush size	: 64
cache_alignment	: 64
address sizes	: 36 bits physical, 48 bits virtual
power management:

processor	: 3
vendor_id	: GenuineIntel
cpu family	: 6
model		: 58
model name	: Intel(R) Core(TM) i7-3610QM CPU @ 2.30GHz
stepping	: 9
microcode	: 0x12
cpu MHz		: 2301.000
cache size	: 6144 KB
physical id	: 0
siblings	: 8
core id		: 1
cpu cores	: 4
apicid		: 3
initial apicid	: 3
fpu		: yes
fpu_exception	: yes
cpuid level	: 13
wp		: yes
flags		: fpu vme de pse tsc msr pae mce cx8 apic sep mtrr pge mca cmov pat pse36 clflush dts acpi mmx fxsr sse sse2 ss ht tm pbe syscall nx rdtscp lm constant_tsc arch_perfmon pebs bts rep_good nopl xtopology nonstop_tsc aperfmperf pni pclmulqdq dtes64 monitor ds_cpl vmx est tm2 ssse3 cx16 xtpr pdcm pcid sse4_1 sse4_2 x2apic popcnt tsc_deadline_timer aes xsave avx f16c rdrand lahf_lm ida arat epb xsaveopt pln pts dtherm tpr_shadow vnmi flexpriority ept vpid fsgsbase smep erms
bogomips	: 4589.37
clflush size	: 64
cache_alignment	: 64
address sizes	: 36 bits physical, 48 bits virtual
power management:

processor	: 4
vendor_id	: GenuineIntel
cpu family	: 6
model		: 58
model name	: Intel(R) Core(TM) i7-3610QM CPU @ 2.30GHz
stepping	: 9
microcode	: 0x12
cpu MHz		: 2301.000
cache size	: 6144 KB
physical id	: 0
siblings	: 8
core id		: 2
cpu cores	: 4
apicid		: 4
initial apicid	: 4
fpu		: yes
fpu_exception	: yes
cpuid level	: 13
wp		: yes
flags		: fpu vme de pse tsc msr pae mce cx8 apic sep mtrr pge mca cmov pat pse36 clflush dts acpi mmx fxsr sse sse2 ss ht tm pbe syscall nx rdtscp lm constant_tsc arch_perfmon pebs bts rep_good nopl xtopology nonstop_tsc aperfmperf pni pclmulqdq dtes64 monitor ds_cpl vmx est tm2 ssse3 cx16 xtpr pdcm pcid sse4_1 sse4_2 x2apic popcnt tsc_deadline_timer aes xsave avx f16c rdrand lahf_lm ida arat epb xsaveopt pln pts dtherm tpr_shadow vnmi flexpriority ept vpid fsgsbase smep erms
bogomips	: 4589.37
clflush size	: 64
cache_alignment	: 64
address sizes	: 36 bits physical, 48 bits virtual
power management:

processor	: 5
vendor_id	: GenuineIntel
cpu family	: 6
model		: 58
model name	: Intel(R) Core(TM) i7-3610QM CPU @ 2.30GHz
stepping	: 9
microcode	: 0x12
cpu MHz		: 2301.000
cache size	: 6144 KB
physical id	: 0
siblings	: 8
core id		: 2
cpu cores	: 4
apicid		: 5
initial apicid	: 5
fpu		: yes
fpu_exception	: yes
cpuid level	: 13
wp		: yes
flags		: fpu vme de pse tsc msr pae mce cx8 apic sep mtrr pge mca cmov pat pse36 clflush dts acpi mmx fxsr sse sse2 ss ht tm pbe syscall nx rdtscp lm constant_tsc arch_perfmon pebs bts rep_good nopl xtopology nonstop_tsc aperfmperf pni pclmulqdq dtes64 monitor ds_cpl vmx est tm2 ssse3 cx16 xtpr pdcm pcid sse4_1 sse4_2 x2apic popcnt tsc_deadline_timer aes xsave avx f16c rdrand lahf_lm ida arat epb xsaveopt pln pts dtherm tpr_shadow vnmi flexpriority ept vpid fsgsbase smep erms
bogomips	: 4589.37
clflush size	: 64
cache_alignment	: 64
address sizes	: 36 bits physical, 48 bits virtual
power management:

processor	: 6
vendor_id	: GenuineIntel
cpu family	: 6
model		: 58
model name	: Intel(R) Core(TM) i7-3610QM CPU @ 2.30GHz
stepping	: 9
microcode	: 0x12
cpu MHz		: 2301.000
cache size	: 6144 KB
physical id	: 0
siblings	: 8
core id		: 3
cpu cores	: 4
apicid		: 6
initial apicid	: 6
fpu		: yes
fpu_exception	: yes
cpuid level	: 13
wp		: yes
flags		: fpu vme de pse tsc msr pae mce cx8 apic sep mtrr pge mca cmov pat pse36 clflush dts acpi mmx fxsr sse sse2 ss ht tm pbe syscall nx rdtscp lm constant_tsc arch_perfmon pebs bts rep_good nopl xtopology nonstop_tsc aperfmperf pni pclmulqdq dtes64 monitor ds_cpl vmx est tm2 ssse3 cx16 xtpr pdcm pcid sse4_1 sse4_2 x2apic popcnt tsc_deadline_timer aes xsave avx f16c rdrand lahf_lm ida arat epb xsaveopt pln pts dtherm tpr_shadow vnmi flexpriority ept vpid fsgsbase smep erms
bogomips	: 4589.37
clflush size	: 64
cache_alignment	: 64
address sizes	: 36 bits physical, 48 bits virtual
power management:

processor	: 7
vendor_id	: GenuineIntel
cpu family	: 6
model		: 58
model name	: Intel(R) Core(TM) i7-3610QM CPU @ 2.30GHz
stepping	: 9
microcode	: 0x12
cpu MHz		: 2301.000
cache size	: 6144 KB
physical id	: 0
siblings	: 8
core id		: 3
cpu cores	: 4
apicid		: 7
initial apicid	: 7
fpu		: yes
fpu_exception	: yes
cpuid level	: 13
wp		: yes
flags		: fpu vme de pse tsc msr pae mce cx8 apic sep mtrr pge mca cmov pat pse36 clflush dts acpi mmx fxsr sse sse2 ss ht tm pbe syscall nx rdtscp lm constant_tsc arch_perfmon pebs bts rep_good nopl xtopology nonstop_tsc aperfmperf pni pclmulqdq dtes64 monitor ds_cpl vmx est tm2 ssse3 cx16 xtpr pdcm pcid sse4_1 sse4_2 x2apic popcnt tsc_deadline_timer aes xsave avx f16c rdrand lahf_lm ida arat epb xsaveopt pln pts dtherm tpr_shadow vnmi flexpriority ept vpid fsgsbase smep erms
bogomips	: 4589.37
clflush size	: 64
cache_alignment	: 64
address sizes	: 36 bits physical, 48 bits virtual
power management:



Memory: 4k page, physical 16023348k(8583708k free), swap 62944092k(62944092k free)

vm_info: Java HotSpot(TM) 64-Bit Server VM (24.51-b03) for linux-amd64 JRE (1.7.0_51-b13), built on Dec 18 2013 18:48:01 by "java_re" with gcc 4.3.0 20080428 (Red Hat 4.3.0-8)

time: Tue Oct 14 16:14:19 2014
elapsed time: 1 seconds

