#
# A fatal error has been detected by the Java Runtime Environment:
#
#  SIGSEGV (0xb) at pc=0x00007fc8ef3c568b, pid=11676, tid=140500779476736
#
# JRE version: Java(TM) SE Runtime Environment (7.0_51-b13) (build 1.7.0_51-b13)
# Java VM: Java HotSpot(TM) 64-Bit Server VM (24.51-b03 mixed mode linux-amd64 compressed oops)
# Problematic frame:
# V  [libjvm.so+0x87468b]  PSParallelCompact::MarkAndPushClosure::do_oop(oopDesc**)+0x5b
#
# Failed to write core dump. Core dumps have been disabled. To enable core dumping, try "ulimit -c unlimited" before starting Java again
#
# If you would like to submit a bug report, please visit:
#   http://bugreport.sun.com/bugreport/crash.jsp
#

---------------  T H R E A D  ---------------

Current thread (0x00007fc8e802c800):  GCTaskThread [stack: 0x00007fc8e2fd2000,0x00007fc8e30d3000] [id=11689]

siginfo:si_signo=SIGSEGV: si_errno=0, si_code=128 (), si_addr=0x0000000000000000

Registers:
RAX=0x0000000000000200, RBX=0x000000000000004e, RCX=0x0000000000000009, RDX=0x00007fc887d70000
RSP=0x00007fc8e30d13c0, RBP=0x00007fc8e30d13e0, RSI=0x007ffffffdc29000, RDI=0x00007fc8e30d1bb0
R8 =0x00007fc8e30d1570, R9 =0x0000000000001741, R10=0x0000000000000001, R11=0x00007fc8ef146120
R12=0x00007fc8e806f2e0, R13=0x0000000000001741, R14=0x0000000000000001, R15=0x00000000ffffffff
RIP=0x00007fc8ef3c568b, EFLAGS=0x0000000000010206, CSGSFS=0x0000000000000033, ERR=0x0000000000000000
  TRAPNO=0x000000000000000d

Top of Stack: (sp=0x00007fc8e30d13c0)
0x00007fc8e30d13c0:   0000000000001741 00007fc8e802d280
0x00007fc8e30d13d0:   0000000000001741 0000000000000001
0x00007fc8e30d13e0:   00007fc8e30d1480 00007fc8ef3596bb
0x00007fc8e30d13f0:   00007fc8ef988a20 00007fc8ef357a00
0x00007fc8e30d1400:   00007fc8e30d1bb0 00007fc8e30d1570
0x00007fc8e30d1410:   00007fc8e30d1540 00007fc8ef06b898
0x00007fc8e30d1420:   00007fc868197fd0 ffff000000000001
0x00007fc8e30d1430:   00007fc8e30d15a0 00007fc8e30d1570
0x00007fc8e30d1440:   17417fc8e30d15a0 00007fc8e802ffff
0x00007fc8e30d1450:   00007fc8e30d1570 00007fc8e30d1540
0x00007fc8e30d1460:   0000000000000001 00007fc8e30d1570
0x00007fc8e30d1470:   00007fc8e30d1b90 00007fc8e30d1bb0
0x00007fc8e30d1480:   00007fc8e30d14f0 00007fc8ef06c539
0x00007fc8e30d1490:   00007fc8e30d14d0 00007fc8ef06d62a
0x00007fc8e30d14a0:   00007fc8e50779a0 00007fc8e30d1510
0x00007fc8e30d14b0:   00007fc8e30d1570 00007fc8e802c800
0x00007fc8e30d14c0:   00007fc8e30d1bb0 00007fc8e30d1540
0x00007fc8e30d14d0:   00007fc8e30d1570 00007fc8e802c800
0x00007fc8e30d14e0:   00007fc8e30d1bb0 00007fc8e81b9800
0x00007fc8e30d14f0:   00007fc8e30d1b60 00007fc8ef498f5a
0x00007fc8e30d1500:   00007fc8e30d1510 00007fc8e30d1b90
0x00007fc8e30d1510:   00007fc8da09d460 00007fc8e50779a0
0x00007fc8e30d1520:   00007fc8e50777d0 00007fc800000000
0x00007fc8e30d1530:   000000000000000a 00007fc8da09d460
0x00007fc8e30d1540:   00007fc8da09d460 00007fc8e50779a0
0x00007fc8e30d1550:   00007fc8e50777d0 00007fc800000000
0x00007fc8e30d1560:   000000000000000a 00007fc8da09d460
0x00007fc8e30d1570:   00007fc8d9b6b9d8 00007fc8e50004e7
0x00007fc8e30d1580:   00007fc8e50003d0 0000000000000000
0x00007fc8e30d1590:   00007fc8d9b6ba40 00007fc8d9b6b9d8
0x00007fc8e30d15a0:   0000000000000000 0000000000000000
0x00007fc8e30d15b0:   0000000000000000 0000000000000000 

Instructions: (pc=0x00007fc8ef3c568b)
0x00007fc8ef3c566b:   89 c1 b8 01 00 00 00 48 d3 ea 48 89 d6 89 d1 48
0x00007fc8ef3c567b:   8b 15 6f 74 5c 00 83 e1 3f 48 c1 ee 06 48 d3 e0
0x00007fc8ef3c568b:   48 85 04 f2 74 1f 48 8b 1c 24 4c 8b 64 24 08 4c
0x00007fc8ef3c569b:   8b 6c 24 10 4c 8b 74 24 18 c9 c3 66 2e 0f 1f 84 

Register to memory mapping:

RAX=0x0000000000000200 is an unknown value
RBX=0x000000000000004e is an unknown value
RCX=0x0000000000000009 is an unknown value
RDX=0x00007fc887d70000 is an unknown value
RSP=0x00007fc8e30d13c0 is an unknown value
RBP=0x00007fc8e30d13e0 is an unknown value
RSI=0x007ffffffdc29000 is an unknown value
RDI=0x00007fc8e30d1bb0 is an unknown value
R8 =0x00007fc8e30d1570 is an unknown value
R9 =0x0000000000001741 is an unknown value
R10=0x0000000000000001 is an unknown value
R11=0x00007fc8ef146120: <offset 0x5f5120> in /home/lpxz/pool/jdk1.7/jre/lib/amd64/server/libjvm.so at 0x00007fc8eeb51000
R12=0x00007fc8e806f2e0 is an unknown value
R13=0x0000000000001741 is an unknown value
R14=0x0000000000000001 is an unknown value
R15=0x00000000ffffffff is an unknown value


Stack: [0x00007fc8e2fd2000,0x00007fc8e30d3000],  sp=0x00007fc8e30d13c0,  free space=1020k
Native frames: (J=compiled Java code, j=interpreted, Vv=VM code, C=native code)
V  [libjvm.so+0x87468b]  PSParallelCompact::MarkAndPushClosure::do_oop(oopDesc**)+0x5b
V  [libjvm.so+0x8086bb]  OopMapSet::all_do(frame const*, RegisterMap const*, OopClosure*, void (*)(oopDesc**, oopDesc**), OopClosure*)+0x2fb
V  [libjvm.so+0x51b539]  frame::oops_do_internal(OopClosure*, CodeBlobClosure*, RegisterMap*, bool)+0x99
V  [libjvm.so+0x947f5a]  JavaThread::oops_do(OopClosure*, CodeBlobClosure*)+0x15a
V  [libjvm.so+0x84f04d]  ThreadRootsMarkingTask::do_it(GCTaskManager*, unsigned int)+0xbd
V  [libjvm.so+0x550f6f]  GCTaskThread::run()+0x12f
V  [libjvm.so+0x815538]  java_start(Thread*)+0x108

JavaThread 0x00007fc8e81b9800 (nid = 11698) was being processed
Java frames: (J=compiled Java code, j=interpreted, Vv=VM code)
v  ~RuntimeStub::_complete_monitor_locking_Java
J  java.util.Vector.add(Ljava/lang/Object;)Z
J  edu.hkust.leap.monitor.RecordMonitor.accessSPE(IJZI)V
J  edu.hkust.leap.monitor.RecordMonitor.readBeforeStatic(IJLjava/lang/String;ILjava/lang/Object;)V
J  spec.jbb.Order.getOrderlineList()[Lspec/jbb/Orderline;
j  spec.jbb.NewOrderTransaction.processTransactionLog()V+259
J  spec.jbb.TransactionManager.goManual(ILspec/jbb/TimerData;)J
j  spec.jbb.TransactionManager.go()V+437
j  spec.jbb.JBBmain.run()V+127
j  java.lang.Thread.run()V+11
v  ~StubRoutines::call_stub

---------------  P R O C E S S  ---------------

Java Threads: ( => current thread )
  0x00007fc8e81ca800 JavaThread "Thread-8" [_thread_blocked, id=11705, stack(0x00007fc8d986a000,0x00007fc8d996b000)]
  0x00007fc8e81c8800 JavaThread "Thread-7" [_thread_blocked, id=11704, stack(0x00007fc8d996b000,0x00007fc8d9a6c000)]
  0x00007fc8e81c6800 JavaThread "Thread-6" [_thread_blocked, id=11703, stack(0x00007fc8d9a6c000,0x00007fc8d9b6d000)]
  0x00007fc8e81c4800 JavaThread "Thread-5" [_thread_blocked, id=11702, stack(0x00007fc8d9b9a000,0x00007fc8d9c9b000)]
  0x00007fc8e81c2800 JavaThread "Thread-4" [_thread_blocked, id=11701, stack(0x00007fc8d9c9b000,0x00007fc8d9d9c000)]
  0x00007fc8e81c1000 JavaThread "Thread-3" [_thread_blocked, id=11700, stack(0x00007fc8d9d9c000,0x00007fc8d9e9d000)]
  0x00007fc8e81bd000 JavaThread "Thread-2" [_thread_blocked, id=11699, stack(0x00007fc8d9e9d000,0x00007fc8d9f9e000)]
  0x00007fc8e81b9800 JavaThread "Thread-1" [_thread_blocked, id=11698, stack(0x00007fc8d9f9e000,0x00007fc8da09f000)]
  0x00007fc8e809f000 JavaThread "Service Thread" daemon [_thread_blocked, id=11696, stack(0x00007fc8da5c8000,0x00007fc8da6c9000)]
  0x00007fc8e809c800 JavaThread "C2 CompilerThread1" daemon [_thread_blocked, id=11695, stack(0x00007fc8da6c9000,0x00007fc8da7ca000)]
  0x00007fc8e809a000 JavaThread "C2 CompilerThread0" daemon [_thread_blocked, id=11694, stack(0x00007fc8da7ca000,0x00007fc8da8cb000)]
  0x00007fc8e808f800 JavaThread "Signal Dispatcher" daemon [_thread_blocked, id=11693, stack(0x00007fc8da8cb000,0x00007fc8da9cc000)]
  0x00007fc8e8078800 JavaThread "Finalizer" daemon [_thread_blocked, id=11692, stack(0x00007fc8db0af000,0x00007fc8db1b0000)]
  0x00007fc8e8074800 JavaThread "Reference Handler" daemon [_thread_blocked, id=11691, stack(0x00007fc8db1b0000,0x00007fc8db2b1000)]
  0x00007fc8e800a000 JavaThread "main" [_thread_blocked, id=11681, stack(0x00007fc8f04ae000,0x00007fc8f05af000)]

Other Threads:
  0x00007fc8e8072800 VMThread [stack: 0x00007fc8db2b1000,0x00007fc8db3b2000] [id=11690]
  0x00007fc8e80aa000 WatcherThread [stack: 0x00007fc8da4c7000,0x00007fc8da5c8000] [id=11697]

=>0x00007fc8e802c800 (exited) GCTaskThread [stack: 0x00007fc8e2fd2000,0x00007fc8e30d3000] [id=11689]

VM state:at safepoint (normal execution)

VM Mutex/Monitor currently owned by a thread:  ([mutex/lock_event])
[0x00007fc8e8006450] Threads_lock - owner thread: 0x00007fc8e8072800
[0x00007fc8e8006950] Heap_lock - owner thread: 0x00007fc8e81bd000

Heap
 PSYoungGen      total 136192K, used 10236K [0x00000006d5500000, 0x00000006e5f00000, 0x0000000800000000)
  eden space 125952K, 0% used [0x00000006d5500000,0x00000006d5500000,0x00000006dd000000)
  from space 10240K, 99% used [0x00000006dd000000,0x00000006dd9ff1e0,0x00000006dda00000)
  to   space 10240K, 0% used [0x00000006e5500000,0x00000006e5500000,0x00000006e5f00000)
 ParOldGen       total 166912K, used 137866K [0x0000000480000000, 0x000000048a300000, 0x00000006d5500000)
  object space 166912K, 82% used [0x0000000480000000,0x00000004886a2bf0,0x000000048a300000)
 PSPermGen       total 21504K, used 6082K [0x000000047ae00000, 0x000000047c300000, 0x0000000480000000)
  object space 21504K, 28% used [0x000000047ae00000,0x000000047b3f0bf0,0x000000047c300000)

Card table byte_map: [0x00007fc8e33d6000,0x00007fc8e5000000] byte_map_base: 0x00007fc8e0fff000

Polling page: 0x00007fc8f05ce000

Code Cache  [0x00007fc8e5000000, 0x00007fc8e5270000, 0x00007fc8e8000000)
 total_blobs=561 nmethods=283 adapters=231 free_code_cache=48070Kb largest_free_block=49180608

Compilation events (10 events):
Event: 1.542 Thread 0x00007fc8e809c800 nmethod 281 0x00007fc8e50f1210 code [0x00007fc8e50f1340, 0x00007fc8e50f1398]
Event: 1.542 Thread 0x00007fc8e809c800  282             sun.util.calendar.CalendarDate::getMonth (5 bytes)
Event: 1.542 Thread 0x00007fc8e809c800 nmethod 282 0x00007fc8e50f1010 code [0x00007fc8e50f1140, 0x00007fc8e50f1198]
Event: 1.542 Thread 0x00007fc8e809c800  283             sun.util.calendar.BaseCalendar$Date::getCachedJan1 (5 bytes)
Event: 1.542 Thread 0x00007fc8e809c800 nmethod 283 0x00007fc8e50f0e10 code [0x00007fc8e50f0f40, 0x00007fc8e50f0f98]
Event: 1.542 Thread 0x00007fc8e809c800  284             sun.util.calendar.Gregorian$Date::getNormalizedYear (5 bytes)
Event: 1.542 Thread 0x00007fc8e809c800 nmethod 284 0x00007fc8e50f0c10 code [0x00007fc8e50f0d40, 0x00007fc8e50f0d98]
Event: 1.542 Thread 0x00007fc8e809c800  285             sun.util.calendar.BaseCalendar$Date::hit (14 bytes)
Event: 1.542 Thread 0x00007fc8e809c800 nmethod 285 0x00007fc8e50f0a10 code [0x00007fc8e50f0b40, 0x00007fc8e50f0bb8]
Event: 1.569 Thread 0x00007fc8e809a000 nmethod 275 0x00007fc8e5115150 code [0x00007fc8e51154e0, 0x00007fc8e5116ba8]

GC Heap History (7 events):
Event: 0.635 GC heap before
{Heap before GC invocations=1 (full 0):
 PSYoungGen      total 73216K, used 62976K [0x00000006d5500000, 0x00000006da680000, 0x0000000800000000)
  eden space 62976K, 100% used [0x00000006d5500000,0x00000006d9280000,0x00000006d9280000)
  from space 10240K, 0% used [0x00000006d9c80000,0x00000006d9c80000,0x00000006da680000)
  to   space 10240K, 0% used [0x00000006d9280000,0x00000006d9280000,0x00000006d9c80000)
 ParOldGen       total 166912K, used 0K [0x0000000480000000, 0x000000048a300000, 0x00000006d5500000)
  object space 166912K, 0% used [0x0000000480000000,0x0000000480000000,0x000000048a300000)
 PSPermGen       total 21504K, used 6050K [0x000000047ae00000, 0x000000047c300000, 0x0000000480000000)
  object space 21504K, 28% used [0x000000047ae00000,0x000000047b3e8ae8,0x000000047c300000)
Event: 0.657 GC heap after
Heap after GC invocations=1 (full 0):
 PSYoungGen      total 73216K, used 10208K [0x00000006d5500000, 0x00000006de400000, 0x0000000800000000)
  eden space 62976K, 0% used [0x00000006d5500000,0x00000006d5500000,0x00000006d9280000)
  from space 10240K, 99% used [0x00000006d9280000,0x00000006d9c78040,0x00000006d9c80000)
  to   space 10240K, 0% used [0x00000006dda00000,0x00000006dda00000,0x00000006de400000)
 ParOldGen       total 166912K, used 20520K [0x0000000480000000, 0x000000048a300000, 0x00000006d5500000)
  object space 166912K, 12% used [0x0000000480000000,0x000000048140a0c0,0x000000048a300000)
 PSPermGen       total 21504K, used 6050K [0x000000047ae00000, 0x000000047c300000, 0x0000000480000000)
  object space 21504K, 28% used [0x000000047ae00000,0x000000047b3e8ae8,0x000000047c300000)
}
Event: 0.967 GC heap before
{Heap before GC invocations=2 (full 0):
 PSYoungGen      total 73216K, used 73184K [0x00000006d5500000, 0x00000006de400000, 0x0000000800000000)
  eden space 62976K, 100% used [0x00000006d5500000,0x00000006d9280000,0x00000006d9280000)
  from space 10240K, 99% used [0x00000006d9280000,0x00000006d9c78040,0x00000006d9c80000)
  to   space 10240K, 0% used [0x00000006dda00000,0x00000006dda00000,0x00000006de400000)
 ParOldGen       total 166912K, used 20520K [0x0000000480000000, 0x000000048a300000, 0x00000006d5500000)
  object space 166912K, 12% used [0x0000000480000000,0x000000048140a0c0,0x000000048a300000)
 PSPermGen       total 21504K, used 6082K [0x000000047ae00000, 0x000000047c300000, 0x0000000480000000)
  object space 21504K, 28% used [0x000000047ae00000,0x000000047b3f0bf0,0x000000047c300000)
Event: 0.998 GC heap after
Heap after GC invocations=2 (full 0):
 PSYoungGen      total 136192K, used 10224K [0x00000006d5500000, 0x00000006de400000, 0x0000000800000000)
  eden space 125952K, 0% used [0x00000006d5500000,0x00000006d5500000,0x00000006dd000000)
  from space 10240K, 99% used [0x00000006dda00000,0x00000006de3fc0f0,0x00000006de400000)
  to   space 10240K, 0% used [0x00000006dd000000,0x00000006dd000000,0x00000006dda00000)
 ParOldGen       total 166912K, used 59290K [0x0000000480000000, 0x000000048a300000, 0x00000006d5500000)
  object space 166912K, 35% used [0x0000000480000000,0x00000004839e69f0,0x000000048a300000)
 PSPermGen       total 21504K, used 6082K [0x000000047ae00000, 0x000000047c300000, 0x0000000480000000)
  object space 21504K, 28% used [0x000000047ae00000,0x000000047b3f0bf0,0x000000047c300000)
}
Event: 1.714 GC heap before
{Heap before GC invocations=3 (full 0):
 PSYoungGen      total 136192K, used 136176K [0x00000006d5500000, 0x00000006de400000, 0x0000000800000000)
  eden space 125952K, 100% used [0x00000006d5500000,0x00000006dd000000,0x00000006dd000000)
  from space 10240K, 99% used [0x00000006dda00000,0x00000006de3fc0f0,0x00000006de400000)
  to   space 10240K, 0% used [0x00000006dd000000,0x00000006dd000000,0x00000006dda00000)
 ParOldGen       total 166912K, used 59290K [0x0000000480000000, 0x000000048a300000, 0x00000006d5500000)
  object space 166912K, 35% used [0x0000000480000000,0x00000004839e69f0,0x000000048a300000)
 PSPermGen       total 21504K, used 6082K [0x000000047ae00000, 0x000000047c300000, 0x0000000480000000)
  object space 21504K, 28% used [0x000000047ae00000,0x000000047b3f0bf0,0x000000047c300000)
Event: 1.779 GC heap after
Heap after GC invocations=3 (full 0):
 PSYoungGen      total 136192K, used 10236K [0x00000006d5500000, 0x00000006e5f00000, 0x0000000800000000)
  eden space 125952K, 0% used [0x00000006d5500000,0x00000006d5500000,0x00000006dd000000)
  from space 10240K, 99% used [0x00000006dd000000,0x00000006dd9ff1e0,0x00000006dda00000)
  to   space 10240K, 0% used [0x00000006e5500000,0x00000006e5500000,0x00000006e5f00000)
 ParOldGen       total 166912K, used 137866K [0x0000000480000000, 0x000000048a300000, 0x00000006d5500000)
  object space 166912K, 82% used [0x0000000480000000,0x00000004886a2bf0,0x000000048a300000)
 PSPermGen       total 21504K, used 6082K [0x000000047ae00000, 0x000000047c300000, 0x0000000480000000)
  object space 21504K, 28% used [0x000000047ae00000,0x000000047b3f0bf0,0x000000047c300000)
}
Event: 1.779 GC heap before
{Heap before GC invocations=4 (full 1):
 PSYoungGen      total 136192K, used 10236K [0x00000006d5500000, 0x00000006e5f00000, 0x0000000800000000)
  eden space 125952K, 0% used [0x00000006d5500000,0x00000006d5500000,0x00000006dd000000)
  from space 10240K, 99% used [0x00000006dd000000,0x00000006dd9ff1e0,0x00000006dda00000)
  to   space 10240K, 0% used [0x00000006e5500000,0x00000006e5500000,0x00000006e5f00000)
 ParOldGen       total 166912K, used 137866K [0x0000000480000000, 0x000000048a300000, 0x00000006d5500000)
  object space 166912K, 82% used [0x0000000480000000,0x00000004886a2bf0,0x000000048a300000)
 PSPermGen       total 21504K, used 6082K [0x000000047ae00000, 0x000000047c300000, 0x0000000480000000)
  object space 21504K, 28% used [0x000000047ae00000,0x000000047b3f0bf0,0x000000047c300000)

Deoptimization events (0 events):
No events

Internal exceptions (10 events):
Event: 0.131 Thread 0x00007fc8e800a000 Threw 0x00000006d57d0990 at /HUDSON/workspace/7u-2-build-linux-amd64@2/jdk7u51/527/hotspot/src/share/vm/prims/jvm.cpp:1244
Event: 0.132 Thread 0x00007fc8e800a000 Threw 0x00000006d57d63e0 at /HUDSON/workspace/7u-2-build-linux-amd64@2/jdk7u51/527/hotspot/src/share/vm/prims/jvm.cpp:1244
Event: 0.134 Thread 0x00007fc8e800a000 Threw 0x00000006d57df438 at /HUDSON/workspace/7u-2-build-linux-amd64@2/jdk7u51/527/hotspot/src/share/vm/prims/jvm.cpp:1244
Event: 0.139 Thread 0x00007fc8e800a000 Threw 0x00000006d57eb0b0 at /HUDSON/workspace/7u-2-build-linux-amd64@2/jdk7u51/527/hotspot/src/share/vm/prims/jvm.cpp:1244
Event: 0.140 Thread 0x00007fc8e800a000 Threw 0x00000006d57ee768 at /HUDSON/workspace/7u-2-build-linux-amd64@2/jdk7u51/527/hotspot/src/share/vm/prims/jvm.cpp:1244
Event: 0.140 Thread 0x00007fc8e800a000 Threw 0x00000006d57ffdd0 at /HUDSON/workspace/7u-2-build-linux-amd64@2/jdk7u51/527/hotspot/src/share/vm/prims/jvm.cpp:1244
Event: 0.166 Thread 0x00007fc8e800a000 Threw 0x00000006d5855ef8 at /HUDSON/workspace/7u-2-build-linux-amd64@2/jdk7u51/527/hotspot/src/share/vm/prims/jvm.cpp:1244
Event: 0.167 Thread 0x00007fc8e800a000 Threw 0x00000006d585d138 at /HUDSON/workspace/7u-2-build-linux-amd64@2/jdk7u51/527/hotspot/src/share/vm/prims/jvm.cpp:1244
Event: 0.211 Thread 0x00007fc8e81b9800 Threw 0x00000006d59f3a20 at /HUDSON/workspace/7u-2-build-linux-amd64@2/jdk7u51/527/hotspot/src/share/vm/prims/jvm.cpp:1244
Event: 0.227 Thread 0x00007fc8e81c2800 Threw 0x00000006d5dbe1a8 at /HUDSON/workspace/7u-2-build-linux-amd64@2/jdk7u51/527/hotspot/src/share/vm/prims/jvm.cpp:1244

Events (10 events):
Event: 0.230 loading class 0x00007fc8ec0854d0 done
Event: 0.230 loading class 0x00007fc8e81180b0
Event: 0.230 loading class 0x00007fc8e81180b0 done
Event: 0.230 loading class 0x00007fc8e8120f90
Event: 0.230 loading class 0x00007fc8e8120f90 done
Event: 0.635 Executing VM operation: ParallelGCFailedAllocation
Event: 0.657 Executing VM operation: ParallelGCFailedAllocation done
Event: 0.966 Executing VM operation: ParallelGCFailedAllocation
Event: 0.998 Executing VM operation: ParallelGCFailedAllocation done
Event: 1.713 Executing VM operation: ParallelGCFailedAllocation


Dynamic libraries:
00400000-00401000 r-xp 00000000 08:08 3802540                            /home/lpxz/pool/jdk1.7/bin/java
00600000-00601000 rw-p 00000000 08:08 3802540                            /home/lpxz/pool/jdk1.7/bin/java
023b9000-023da000 rw-p 00000000 00:00 0                                  [heap]
47ae00000-47c300000 rw-p 00000000 00:00 0 
47c300000-480000000 rw-p 00000000 00:00 0 
480000000-48a300000 rw-p 00000000 00:00 0 
48a300000-6d5500000 rw-p 00000000 00:00 0 
6d5500000-6e5f00000 rw-p 00000000 00:00 0 
6e5f00000-800000000 rw-p 00000000 00:00 0 
7fc840000000-7fc840021000 rw-p 00000000 00:00 0 
7fc840021000-7fc844000000 ---p 00000000 00:00 0 
7fc848000000-7fc848021000 rw-p 00000000 00:00 0 
7fc848021000-7fc84c000000 ---p 00000000 00:00 0 
7fc84c000000-7fc84c021000 rw-p 00000000 00:00 0 
7fc84c021000-7fc850000000 ---p 00000000 00:00 0 
7fc850000000-7fc850021000 rw-p 00000000 00:00 0 
7fc850021000-7fc854000000 ---p 00000000 00:00 0 
7fc854000000-7fc85424b000 rw-p 00000000 00:00 0 
7fc85424b000-7fc858000000 ---p 00000000 00:00 0 
7fc858000000-7fc858021000 rw-p 00000000 00:00 0 
7fc858021000-7fc85c000000 ---p 00000000 00:00 0 
7fc85c000000-7fc85c021000 rw-p 00000000 00:00 0 
7fc85c021000-7fc860000000 ---p 00000000 00:00 0 
7fc860000000-7fc860021000 rw-p 00000000 00:00 0 
7fc860021000-7fc864000000 ---p 00000000 00:00 0 
7fc864000000-7fc864021000 rw-p 00000000 00:00 0 
7fc864021000-7fc868000000 ---p 00000000 00:00 0 
7fc868000000-7fc868854000 rw-p 00000000 00:00 0 
7fc868854000-7fc86c000000 ---p 00000000 00:00 0 
7fc86c000000-7fc86c021000 rw-p 00000000 00:00 0 
7fc86c021000-7fc870000000 ---p 00000000 00:00 0 
7fc870000000-7fc870021000 rw-p 00000000 00:00 0 
7fc870021000-7fc874000000 ---p 00000000 00:00 0 
7fc874000000-7fc874680000 rw-p 00000000 00:00 0 
7fc874680000-7fc878000000 ---p 00000000 00:00 0 
7fc878000000-7fc878021000 rw-p 00000000 00:00 0 
7fc878021000-7fc87c000000 ---p 00000000 00:00 0 
7fc87c000000-7fc87c021000 rw-p 00000000 00:00 0 
7fc87c021000-7fc880000000 ---p 00000000 00:00 0 
7fc880000000-7fc880021000 rw-p 00000000 00:00 0 
7fc880021000-7fc884000000 ---p 00000000 00:00 0 
7fc887d70000-7fc8a4000000 rw-p 00000000 00:00 0 
7fc8a4000000-7fc8a424a000 rw-p 00000000 00:00 0 
7fc8a424a000-7fc8a8000000 ---p 00000000 00:00 0 
7fc8ac000000-7fc8ac021000 rw-p 00000000 00:00 0 
7fc8ac021000-7fc8b0000000 ---p 00000000 00:00 0 
7fc8b4000000-7fc8b4021000 rw-p 00000000 00:00 0 
7fc8b4021000-7fc8b8000000 ---p 00000000 00:00 0 
7fc8bc000000-7fc8bc021000 rw-p 00000000 00:00 0 
7fc8bc021000-7fc8c0000000 ---p 00000000 00:00 0 
7fc8c4000000-7fc8c4021000 rw-p 00000000 00:00 0 
7fc8c4021000-7fc8c8000000 ---p 00000000 00:00 0 
7fc8cc000000-7fc8cc021000 rw-p 00000000 00:00 0 
7fc8cc021000-7fc8d0000000 ---p 00000000 00:00 0 
7fc8d4000000-7fc8d4021000 rw-p 00000000 00:00 0 
7fc8d4021000-7fc8d8000000 ---p 00000000 00:00 0 
7fc8d986a000-7fc8d986d000 ---p 00000000 00:00 0 
7fc8d986d000-7fc8d996b000 rw-p 00000000 00:00 0 
7fc8d996b000-7fc8d996e000 ---p 00000000 00:00 0 
7fc8d996e000-7fc8d9a6c000 rw-p 00000000 00:00 0 
7fc8d9a6c000-7fc8d9a6f000 ---p 00000000 00:00 0 
7fc8d9a6f000-7fc8d9b6d000 rw-p 00000000 00:00 0 
7fc8d9b9a000-7fc8d9b9d000 ---p 00000000 00:00 0 
7fc8d9b9d000-7fc8d9c9b000 rw-p 00000000 00:00 0 
7fc8d9c9b000-7fc8d9c9e000 ---p 00000000 00:00 0 
7fc8d9c9e000-7fc8d9d9c000 rw-p 00000000 00:00 0 
7fc8d9d9c000-7fc8d9d9f000 ---p 00000000 00:00 0 
7fc8d9d9f000-7fc8d9e9d000 rw-p 00000000 00:00 0 
7fc8d9e9d000-7fc8d9ea0000 ---p 00000000 00:00 0 
7fc8d9ea0000-7fc8d9f9e000 rw-p 00000000 00:00 0 
7fc8d9f9e000-7fc8d9fa1000 ---p 00000000 00:00 0 
7fc8d9fa1000-7fc8da09f000 rw-p 00000000 00:00 0 
7fc8da09f000-7fc8da0b5000 r-xp 00000000 08:08 3804245                    /home/lpxz/pool/jdk1.7/jre/lib/amd64/libnet.so
7fc8da0b5000-7fc8da2b5000 ---p 00016000 08:08 3804245                    /home/lpxz/pool/jdk1.7/jre/lib/amd64/libnet.so
7fc8da2b5000-7fc8da2b6000 rw-p 00016000 08:08 3804245                    /home/lpxz/pool/jdk1.7/jre/lib/amd64/libnet.so
7fc8da2b6000-7fc8da2c6000 r-xp 00000000 08:08 3804240                    /home/lpxz/pool/jdk1.7/jre/lib/amd64/libnio.so
7fc8da2c6000-7fc8da4c6000 ---p 00010000 08:08 3804240                    /home/lpxz/pool/jdk1.7/jre/lib/amd64/libnio.so
7fc8da4c6000-7fc8da4c7000 rw-p 00010000 08:08 3804240                    /home/lpxz/pool/jdk1.7/jre/lib/amd64/libnio.so
7fc8da4c7000-7fc8da4c8000 ---p 00000000 00:00 0 
7fc8da4c8000-7fc8da5c8000 rw-p 00000000 00:00 0 
7fc8da5c8000-7fc8da5cb000 ---p 00000000 00:00 0 
7fc8da5cb000-7fc8da6c9000 rw-p 00000000 00:00 0 
7fc8da6c9000-7fc8da6cc000 ---p 00000000 00:00 0 
7fc8da6cc000-7fc8da7ca000 rw-p 00000000 00:00 0 
7fc8da7ca000-7fc8da7cd000 ---p 00000000 00:00 0 
7fc8da7cd000-7fc8da8cb000 rw-p 00000000 00:00 0 
7fc8da8cb000-7fc8da8ce000 ---p 00000000 00:00 0 
7fc8da8ce000-7fc8da9cc000 rw-p 00000000 00:00 0 
7fc8da9cc000-7fc8db0af000 r--p 00000000 08:08 6297920                    /usr/lib/locale/locale-archive
7fc8db0af000-7fc8db0b2000 ---p 00000000 00:00 0 
7fc8db0b2000-7fc8db1b0000 rw-p 00000000 00:00 0 
7fc8db1b0000-7fc8db1b3000 ---p 00000000 00:00 0 
7fc8db1b3000-7fc8db2b1000 rw-p 00000000 00:00 0 
7fc8db2b1000-7fc8db2b2000 ---p 00000000 00:00 0 
7fc8db2b2000-7fc8dc000000 rw-p 00000000 00:00 0 
7fc8dc000000-7fc8dc021000 rw-p 00000000 00:00 0 
7fc8dc021000-7fc8e0000000 ---p 00000000 00:00 0 
7fc8e003c000-7fc8e105c000 rw-p 00000000 00:00 0 
7fc8e105c000-7fc8e1219000 r--s 039bf000 08:08 3804302                    /home/lpxz/pool/jdk1.7/jre/lib/rt.jar
7fc8e1219000-7fc8e2fd2000 rw-p 00000000 00:00 0 
7fc8e2fd2000-7fc8e2fd3000 ---p 00000000 00:00 0 
7fc8e2fd3000-7fc8e30d3000 rw-p 00000000 00:00 0 
7fc8e30d3000-7fc8e30d4000 ---p 00000000 00:00 0 
7fc8e30d4000-7fc8e31d4000 rw-p 00000000 00:00 0 
7fc8e31d4000-7fc8e31d5000 ---p 00000000 00:00 0 
7fc8e31d5000-7fc8e32d5000 rw-p 00000000 00:00 0 
7fc8e32d5000-7fc8e32d6000 ---p 00000000 00:00 0 
7fc8e32d6000-7fc8e33e1000 rw-p 00000000 00:00 0 
7fc8e33e1000-7fc8e33ff000 rw-p 00000000 00:00 0 
7fc8e33ff000-7fc8e3451000 rw-p 00000000 00:00 0 
7fc8e3451000-7fc8e46a9000 rw-p 00000000 00:00 0 
7fc8e46a9000-7fc8e472f000 rw-p 00000000 00:00 0 
7fc8e472f000-7fc8e4fff000 rw-p 00000000 00:00 0 
7fc8e4fff000-7fc8e5000000 rw-p 00000000 00:00 0 
7fc8e5000000-7fc8e5270000 rwxp 00000000 00:00 0 
7fc8e5270000-7fc8e81dc000 rw-p 00000000 00:00 0 
7fc8e81dc000-7fc8ec000000 ---p 00000000 00:00 0 
7fc8ec006000-7fc8ec010000 r--s 00250000 08:08 3803739                    /home/lpxz/pool/jdk1.7/jre/lib/resources.jar
7fc8ec010000-7fc8ec0e5000 rw-p 00000000 00:00 0 
7fc8ec0e5000-7fc8ec0e6000 ---p 00000000 00:00 0 
7fc8ec0e6000-7fc8ec1e6000 rw-p 00000000 00:00 0 
7fc8ec1e6000-7fc8ec1e7000 ---p 00000000 00:00 0 
7fc8ec1e7000-7fc8ec2e7000 rw-p 00000000 00:00 0 
7fc8ec2e7000-7fc8ec2e8000 ---p 00000000 00:00 0 
7fc8ec2e8000-7fc8ec3e8000 rw-p 00000000 00:00 0 
7fc8ec3e8000-7fc8ec3e9000 ---p 00000000 00:00 0 
7fc8ec3e9000-7fc8ec4f4000 rw-p 00000000 00:00 0 
7fc8ec4f4000-7fc8ec512000 rw-p 00000000 00:00 0 
7fc8ec512000-7fc8ec564000 rw-p 00000000 00:00 0 
7fc8ec564000-7fc8ed7bd000 rw-p 00000000 00:00 0 
7fc8ed7bd000-7fc8ed7d7000 r-xp 00000000 08:08 3804290                    /home/lpxz/pool/jdk1.7/jre/lib/amd64/libzip.so
7fc8ed7d7000-7fc8ed9d7000 ---p 0001a000 08:08 3804290                    /home/lpxz/pool/jdk1.7/jre/lib/amd64/libzip.so
7fc8ed9d7000-7fc8ed9d8000 rw-p 0001a000 08:08 3804290                    /home/lpxz/pool/jdk1.7/jre/lib/amd64/libzip.so
7fc8ed9d8000-7fc8ed9e4000 r-xp 00000000 08:08 12594830                   /lib/x86_64-linux-gnu/libnss_files-2.15.so
7fc8ed9e4000-7fc8edbe3000 ---p 0000c000 08:08 12594830                   /lib/x86_64-linux-gnu/libnss_files-2.15.so
7fc8edbe3000-7fc8edbe4000 r--p 0000b000 08:08 12594830                   /lib/x86_64-linux-gnu/libnss_files-2.15.so
7fc8edbe4000-7fc8edbe5000 rw-p 0000c000 08:08 12594830                   /lib/x86_64-linux-gnu/libnss_files-2.15.so
7fc8edbe5000-7fc8edbef000 r-xp 00000000 08:08 12594834                   /lib/x86_64-linux-gnu/libnss_nis-2.15.so
7fc8edbef000-7fc8eddef000 ---p 0000a000 08:08 12594834                   /lib/x86_64-linux-gnu/libnss_nis-2.15.so
7fc8eddef000-7fc8eddf0000 r--p 0000a000 08:08 12594834                   /lib/x86_64-linux-gnu/libnss_nis-2.15.so
7fc8eddf0000-7fc8eddf1000 rw-p 0000b000 08:08 12594834                   /lib/x86_64-linux-gnu/libnss_nis-2.15.so
7fc8eddf1000-7fc8ede08000 r-xp 00000000 08:08 12594846                   /lib/x86_64-linux-gnu/libnsl-2.15.so
7fc8ede08000-7fc8ee007000 ---p 00017000 08:08 12594846                   /lib/x86_64-linux-gnu/libnsl-2.15.so
7fc8ee007000-7fc8ee008000 r--p 00016000 08:08 12594846                   /lib/x86_64-linux-gnu/libnsl-2.15.so
7fc8ee008000-7fc8ee009000 rw-p 00017000 08:08 12594846                   /lib/x86_64-linux-gnu/libnsl-2.15.so
7fc8ee009000-7fc8ee00b000 rw-p 00000000 00:00 0 
7fc8ee00b000-7fc8ee013000 r-xp 00000000 08:08 12594828                   /lib/x86_64-linux-gnu/libnss_compat-2.15.so
7fc8ee013000-7fc8ee212000 ---p 00008000 08:08 12594828                   /lib/x86_64-linux-gnu/libnss_compat-2.15.so
7fc8ee212000-7fc8ee213000 r--p 00007000 08:08 12594828                   /lib/x86_64-linux-gnu/libnss_compat-2.15.so
7fc8ee213000-7fc8ee214000 rw-p 00008000 08:08 12594828                   /lib/x86_64-linux-gnu/libnss_compat-2.15.so
7fc8ee214000-7fc8ee23d000 r-xp 00000000 08:08 3804274                    /home/lpxz/pool/jdk1.7/jre/lib/amd64/libjava.so
7fc8ee23d000-7fc8ee43d000 ---p 00029000 08:08 3804274                    /home/lpxz/pool/jdk1.7/jre/lib/amd64/libjava.so
7fc8ee43d000-7fc8ee43f000 rw-p 00029000 08:08 3804274                    /home/lpxz/pool/jdk1.7/jre/lib/amd64/libjava.so
7fc8ee43f000-7fc8ee44c000 r-xp 00000000 08:08 3804272                    /home/lpxz/pool/jdk1.7/jre/lib/amd64/libverify.so
7fc8ee44c000-7fc8ee64b000 ---p 0000d000 08:08 3804272                    /home/lpxz/pool/jdk1.7/jre/lib/amd64/libverify.so
7fc8ee64b000-7fc8ee64d000 rw-p 0000c000 08:08 3804272                    /home/lpxz/pool/jdk1.7/jre/lib/amd64/libverify.so
7fc8ee64d000-7fc8ee654000 r-xp 00000000 08:08 12594833                   /lib/x86_64-linux-gnu/librt-2.15.so
7fc8ee654000-7fc8ee853000 ---p 00007000 08:08 12594833                   /lib/x86_64-linux-gnu/librt-2.15.so
7fc8ee853000-7fc8ee854000 r--p 00006000 08:08 12594833                   /lib/x86_64-linux-gnu/librt-2.15.so
7fc8ee854000-7fc8ee855000 rw-p 00007000 08:08 12594833                   /lib/x86_64-linux-gnu/librt-2.15.so
7fc8ee855000-7fc8ee950000 r-xp 00000000 08:08 12594837                   /lib/x86_64-linux-gnu/libm-2.15.so
7fc8ee950000-7fc8eeb4f000 ---p 000fb000 08:08 12594837                   /lib/x86_64-linux-gnu/libm-2.15.so
7fc8eeb4f000-7fc8eeb50000 r--p 000fa000 08:08 12594837                   /lib/x86_64-linux-gnu/libm-2.15.so
7fc8eeb50000-7fc8eeb51000 rw-p 000fb000 08:08 12594837                   /lib/x86_64-linux-gnu/libm-2.15.so
7fc8eeb51000-7fc8ef6b3000 r-xp 00000000 08:08 3804280                    /home/lpxz/pool/jdk1.7/jre/lib/amd64/server/libjvm.so
7fc8ef6b3000-7fc8ef8b3000 ---p 00b62000 08:08 3804280                    /home/lpxz/pool/jdk1.7/jre/lib/amd64/server/libjvm.so
7fc8ef8b3000-7fc8ef976000 rw-p 00b62000 08:08 3804280                    /home/lpxz/pool/jdk1.7/jre/lib/amd64/server/libjvm.so
7fc8ef976000-7fc8ef9b7000 rw-p 00000000 00:00 0 
7fc8ef9b7000-7fc8efb6c000 r-xp 00000000 08:08 12594826                   /lib/x86_64-linux-gnu/libc-2.15.so
7fc8efb6c000-7fc8efd6c000 ---p 001b5000 08:08 12594826                   /lib/x86_64-linux-gnu/libc-2.15.so
7fc8efd6c000-7fc8efd70000 r--p 001b5000 08:08 12594826                   /lib/x86_64-linux-gnu/libc-2.15.so
7fc8efd70000-7fc8efd72000 rw-p 001b9000 08:08 12594826                   /lib/x86_64-linux-gnu/libc-2.15.so
7fc8efd72000-7fc8efd77000 rw-p 00000000 00:00 0 
7fc8efd77000-7fc8efd79000 r-xp 00000000 08:08 12594841                   /lib/x86_64-linux-gnu/libdl-2.15.so
7fc8efd79000-7fc8eff79000 ---p 00002000 08:08 12594841                   /lib/x86_64-linux-gnu/libdl-2.15.so
7fc8eff79000-7fc8eff7a000 r--p 00002000 08:08 12594841                   /lib/x86_64-linux-gnu/libdl-2.15.so
7fc8eff7a000-7fc8eff7b000 rw-p 00003000 08:08 12594841                   /lib/x86_64-linux-gnu/libdl-2.15.so
7fc8eff7b000-7fc8eff91000 r-xp 00000000 08:08 3802605                    /home/lpxz/pool/jdk1.7/lib/amd64/jli/libjli.so
7fc8eff91000-7fc8f0191000 ---p 00016000 08:08 3802605                    /home/lpxz/pool/jdk1.7/lib/amd64/jli/libjli.so
7fc8f0191000-7fc8f0192000 rw-p 00016000 08:08 3802605                    /home/lpxz/pool/jdk1.7/lib/amd64/jli/libjli.so
7fc8f0192000-7fc8f01aa000 r-xp 00000000 08:08 12594835                   /lib/x86_64-linux-gnu/libpthread-2.15.so
7fc8f01aa000-7fc8f03a9000 ---p 00018000 08:08 12594835                   /lib/x86_64-linux-gnu/libpthread-2.15.so
7fc8f03a9000-7fc8f03aa000 r--p 00017000 08:08 12594835                   /lib/x86_64-linux-gnu/libpthread-2.15.so
7fc8f03aa000-7fc8f03ab000 rw-p 00018000 08:08 12594835                   /lib/x86_64-linux-gnu/libpthread-2.15.so
7fc8f03ab000-7fc8f03af000 rw-p 00000000 00:00 0 
7fc8f03af000-7fc8f03d1000 r-xp 00000000 08:08 12594838                   /lib/x86_64-linux-gnu/ld-2.15.so
7fc8f03e2000-7fc8f03ee000 r--s 000da000 08:08 4477681                    /home/lpxz/eclipse/workspacePA_icse/soot-One/lib/polyglotclasses-1.3.5.jar
7fc8f03ee000-7fc8f03f8000 rw-p 00000000 00:00 0 
7fc8f03f8000-7fc8f04ae000 rw-p 00000000 00:00 0 
7fc8f04ae000-7fc8f04b1000 ---p 00000000 00:00 0 
7fc8f04b1000-7fc8f05b3000 rw-p 00000000 00:00 0 
7fc8f05bd000-7fc8f05be000 rw-p 00000000 00:00 0 
7fc8f05be000-7fc8f05c1000 r--s 0002b000 08:08 4477682                    /home/lpxz/eclipse/workspacePA_icse/soot-One/lib/jasminclasses-2.5.0.jar
7fc8f05c1000-7fc8f05c5000 r--s 000f7000 08:08 3804391                    /home/lpxz/pool/jdk1.7/jre/lib/ext/localedata.jar
7fc8f05c5000-7fc8f05cd000 rw-s 00000000 08:08 4997936                    /tmp/hsperfdata_lpxz/11676
7fc8f05cd000-7fc8f05ce000 rw-p 00000000 00:00 0 
7fc8f05ce000-7fc8f05cf000 ---p 00000000 00:00 0 
7fc8f05cf000-7fc8f05d1000 rw-p 00000000 00:00 0 
7fc8f05d1000-7fc8f05d2000 r--p 00022000 08:08 12594838                   /lib/x86_64-linux-gnu/ld-2.15.so
7fc8f05d2000-7fc8f05d4000 rw-p 00023000 08:08 12594838                   /lib/x86_64-linux-gnu/ld-2.15.so
7fff37592000-7fff375b3000 rw-p 00000000 00:00 0                          [stack]
7fff375ff000-7fff37600000 r-xp 00000000 00:00 0                          [vdso]
ffffffffff600000-ffffffffff601000 r-xp 00000000 00:00 0                  [vsyscall]

VM Arguments:
jvm_args: -Xverify:none -Xmx14g -Dfile.encoding=UTF-8 
java_command: edu.hkust.leap.record.RecordMain 1024 spec.jbb.JBBmain
Launcher Type: SUN_STANDARD

Environment Variables:
PATH=/usr/local/sbin:/usr/local/bin:/usr/sbin:/usr/bin:/sbin:/bin:/usr/games
LD_LIBRARY_PATH=/home/lpxz/pool/jdk1.7/jre/lib/amd64/server:/home/lpxz/pool/jdk1.7/jre/lib/amd64:/home/lpxz/pool/jdk1.7/jre/../lib/amd64:/usr/lib/jvm/java-6-openjdk-amd64/jre/lib/amd64/server:/usr/lib/jvm/java-6-openjdk-amd64/jre/lib/amd64:/usr/lib/jvm/java-6-openjdk-amd64/jre/../lib/amd64
SHELL=/bin/bash
DISPLAY=:0

Signal Handlers:
SIGSEGV: [libjvm.so+0x993870], sa_mask[0]=0x7ffbfeff, sa_flags=0x10000004
SIGBUS: [libjvm.so+0x993870], sa_mask[0]=0x7ffbfeff, sa_flags=0x10000004
SIGFPE: [libjvm.so+0x8105b0], sa_mask[0]=0x7ffbfeff, sa_flags=0x10000004
SIGPIPE: [libjvm.so+0x8105b0], sa_mask[0]=0x7ffbfeff, sa_flags=0x10000004
SIGXFSZ: [libjvm.so+0x8105b0], sa_mask[0]=0x7ffbfeff, sa_flags=0x10000004
SIGILL: [libjvm.so+0x8105b0], sa_mask[0]=0x7ffbfeff, sa_flags=0x10000004
SIGUSR1: SIG_DFL, sa_mask[0]=0x00000000, sa_flags=0x00000000
SIGUSR2: [libjvm.so+0x811aa0], sa_mask[0]=0x00000004, sa_flags=0x10000004
SIGHUP: [libjvm.so+0x812a10], sa_mask[0]=0x7ffbfeff, sa_flags=0x10000004
SIGINT: [libjvm.so+0x812a10], sa_mask[0]=0x7ffbfeff, sa_flags=0x10000004
SIGTERM: [libjvm.so+0x812a10], sa_mask[0]=0x7ffbfeff, sa_flags=0x10000004
SIGQUIT: [libjvm.so+0x812a10], sa_mask[0]=0x7ffbfeff, sa_flags=0x10000004


---------------  S Y S T E M  ---------------

OS:wheezy/sid

uname:Linux 3.2.0-29-generic #46-Ubuntu SMP Fri Jul 27 17:03:23 UTC 2012 x86_64
libc:glibc 2.15 NPTL 2.15 
rlimit: STACK 8192k, CORE 0k, NPROC 125044, NOFILE 4096, AS infinity
load average:1.18 1.39 1.65

/proc/meminfo:
MemTotal:       16023348 kB
MemFree:         8572100 kB
Buffers:          810596 kB
Cached:          3479884 kB
SwapCached:            0 kB
Active:          4443920 kB
Inactive:        2006272 kB
Active(anon):    2180412 kB
Inactive(anon):   198292 kB
Active(file):    2263508 kB
Inactive(file):  1807980 kB
Unevictable:           0 kB
Mlocked:               0 kB
SwapTotal:      62944092 kB
SwapFree:       62944092 kB
Dirty:              9876 kB
Writeback:             0 kB
AnonPages:       2160704 kB
Mapped:           266528 kB
Shmem:            218992 kB
Slab:             700388 kB
SReclaimable:     642564 kB
SUnreclaim:        57824 kB
KernelStack:        5216 kB
PageTables:        47008 kB
NFS_Unstable:          0 kB
Bounce:                0 kB
WritebackTmp:          0 kB
CommitLimit:    70955764 kB
Committed_AS:    5698808 kB
VmallocTotal:   34359738367 kB
VmallocUsed:      401592 kB
VmallocChunk:   34359305460 kB
HardwareCorrupted:     0 kB
AnonHugePages:         0 kB
HugePages_Total:       0
HugePages_Free:        0
HugePages_Rsvd:        0
HugePages_Surp:        0
Hugepagesize:       2048 kB
DirectMap4k:       83456 kB
DirectMap2M:    16279552 kB


CPU:total 8 (4 cores per cpu, 2 threads per core) family 6 model 58 stepping 9, cmov, cx8, fxsr, mmx, sse, sse2, sse3, ssse3, sse4.1, sse4.2, popcnt, avx, aes, erms, ht, tsc, tscinvbit, tscinv

/proc/cpuinfo:
processor	: 0
vendor_id	: GenuineIntel
cpu family	: 6
model		: 58
model name	: Intel(R) Core(TM) i7-3610QM CPU @ 2.30GHz
stepping	: 9
microcode	: 0x12
cpu MHz		: 2301.000
cache size	: 6144 KB
physical id	: 0
siblings	: 8
core id		: 0
cpu cores	: 4
apicid		: 0
initial apicid	: 0
fpu		: yes
fpu_exception	: yes
cpuid level	: 13
wp		: yes
flags		: fpu vme de pse tsc msr pae mce cx8 apic sep mtrr pge mca cmov pat pse36 clflush dts acpi mmx fxsr sse sse2 ss ht tm pbe syscall nx rdtscp lm constant_tsc arch_perfmon pebs bts rep_good nopl xtopology nonstop_tsc aperfmperf pni pclmulqdq dtes64 monitor ds_cpl vmx est tm2 ssse3 cx16 xtpr pdcm pcid sse4_1 sse4_2 x2apic popcnt tsc_deadline_timer aes xsave avx f16c rdrand lahf_lm ida arat epb xsaveopt pln pts dtherm tpr_shadow vnmi flexpriority ept vpid fsgsbase smep erms
bogomips	: 4589.13
clflush size	: 64
cache_alignment	: 64
address sizes	: 36 bits physical, 48 bits virtual
power management:

processor	: 1
vendor_id	: GenuineIntel
cpu family	: 6
model		: 58
model name	: Intel(R) Core(TM) i7-3610QM CPU @ 2.30GHz
stepping	: 9
microcode	: 0x12
cpu MHz		: 2301.000
cache size	: 6144 KB
physical id	: 0
siblings	: 8
core id		: 0
cpu cores	: 4
apicid		: 1
initial apicid	: 1
fpu		: yes
fpu_exception	: yes
cpuid level	: 13
wp		: yes
flags		: fpu vme de pse tsc msr pae mce cx8 apic sep mtrr pge mca cmov pat pse36 clflush dts acpi mmx fxsr sse sse2 ss ht tm pbe syscall nx rdtscp lm constant_tsc arch_perfmon pebs bts rep_good nopl xtopology nonstop_tsc aperfmperf pni pclmulqdq dtes64 monitor ds_cpl vmx est tm2 ssse3 cx16 xtpr pdcm pcid sse4_1 sse4_2 x2apic popcnt tsc_deadline_timer aes xsave avx f16c rdrand lahf_lm ida arat epb xsaveopt pln pts dtherm tpr_shadow vnmi flexpriority ept vpid fsgsbase smep erms
bogomips	: 4589.35
clflush size	: 64
cache_alignment	: 64
address sizes	: 36 bits physical, 48 bits virtual
power management:

processor	: 2
vendor_id	: GenuineIntel
cpu family	: 6
model		: 58
model name	: Intel(R) Core(TM) i7-3610QM CPU @ 2.30GHz
stepping	: 9
microcode	: 0x12
cpu MHz		: 2301.000
cache size	: 6144 KB
physical id	: 0
siblings	: 8
core id		: 1
cpu cores	: 4
apicid		: 2
initial apicid	: 2
fpu		: yes
fpu_exception	: yes
cpuid level	: 13
wp		: yes
flags		: fpu vme de pse tsc msr pae mce cx8 apic sep mtrr pge mca cmov pat pse36 clflush dts acpi mmx fxsr sse sse2 ss ht tm pbe syscall nx rdtscp lm constant_tsc arch_perfmon pebs bts rep_good nopl xtopology nonstop_tsc aperfmperf pni pclmulqdq dtes64 monitor ds_cpl vmx est tm2 ssse3 cx16 xtpr pdcm pcid sse4_1 sse4_2 x2apic popcnt tsc_deadline_timer aes xsave avx f16c rdrand lahf_lm ida arat epb xsaveopt pln pts dtherm tpr_shadow vnmi flexpriority ept vpid fsgsbase smep erms
bogomips	: 4589.37
clflush size	: 64
cache_alignment	: 64
address sizes	: 36 bits physical, 48 bits virtual
power management:

processor	: 3
vendor_id	: GenuineIntel
cpu family	: 6
model		: 58
model name	: Intel(R) Core(TM) i7-3610QM CPU @ 2.30GHz
stepping	: 9
microcode	: 0x12
cpu MHz		: 2301.000
cache size	: 6144 KB
physical id	: 0
siblings	: 8
core id		: 1
cpu cores	: 4
apicid		: 3
initial apicid	: 3
fpu		: yes
fpu_exception	: yes
cpuid level	: 13
wp		: yes
flags		: fpu vme de pse tsc msr pae mce cx8 apic sep mtrr pge mca cmov pat pse36 clflush dts acpi mmx fxsr sse sse2 ss ht tm pbe syscall nx rdtscp lm constant_tsc arch_perfmon pebs bts rep_good nopl xtopology nonstop_tsc aperfmperf pni pclmulqdq dtes64 monitor ds_cpl vmx est tm2 ssse3 cx16 xtpr pdcm pcid sse4_1 sse4_2 x2apic popcnt tsc_deadline_timer aes xsave avx f16c rdrand lahf_lm ida arat epb xsaveopt pln pts dtherm tpr_shadow vnmi flexpriority ept vpid fsgsbase smep erms
bogomips	: 4589.37
clflush size	: 64
cache_alignment	: 64
address sizes	: 36 bits physical, 48 bits virtual
power management:

processor	: 4
vendor_id	: GenuineIntel
cpu family	: 6
model		: 58
model name	: Intel(R) Core(TM) i7-3610QM CPU @ 2.30GHz
stepping	: 9
microcode	: 0x12
cpu MHz		: 2301.000
cache size	: 6144 KB
physical id	: 0
siblings	: 8
core id		: 2
cpu cores	: 4
apicid		: 4
initial apicid	: 4
fpu		: yes
fpu_exception	: yes
cpuid level	: 13
wp		: yes
flags		: fpu vme de pse tsc msr pae mce cx8 apic sep mtrr pge mca cmov pat pse36 clflush dts acpi mmx fxsr sse sse2 ss ht tm pbe syscall nx rdtscp lm constant_tsc arch_perfmon pebs bts rep_good nopl xtopology nonstop_tsc aperfmperf pni pclmulqdq dtes64 monitor ds_cpl vmx est tm2 ssse3 cx16 xtpr pdcm pcid sse4_1 sse4_2 x2apic popcnt tsc_deadline_timer aes xsave avx f16c rdrand lahf_lm ida arat epb xsaveopt pln pts dtherm tpr_shadow vnmi flexpriority ept vpid fsgsbase smep erms
bogomips	: 4589.37
clflush size	: 64
cache_alignment	: 64
address sizes	: 36 bits physical, 48 bits virtual
power management:

processor	: 5
vendor_id	: GenuineIntel
cpu family	: 6
model		: 58
model name	: Intel(R) Core(TM) i7-3610QM CPU @ 2.30GHz
stepping	: 9
microcode	: 0x12
cpu MHz		: 2301.000
cache size	: 6144 KB
physical id	: 0
siblings	: 8
core id		: 2
cpu cores	: 4
apicid		: 5
initial apicid	: 5
fpu		: yes
fpu_exception	: yes
cpuid level	: 13
wp		: yes
flags		: fpu vme de pse tsc msr pae mce cx8 apic sep mtrr pge mca cmov pat pse36 clflush dts acpi mmx fxsr sse sse2 ss ht tm pbe syscall nx rdtscp lm constant_tsc arch_perfmon pebs bts rep_good nopl xtopology nonstop_tsc aperfmperf pni pclmulqdq dtes64 monitor ds_cpl vmx est tm2 ssse3 cx16 xtpr pdcm pcid sse4_1 sse4_2 x2apic popcnt tsc_deadline_timer aes xsave avx f16c rdrand lahf_lm ida arat epb xsaveopt pln pts dtherm tpr_shadow vnmi flexpriority ept vpid fsgsbase smep erms
bogomips	: 4589.37
clflush size	: 64
cache_alignment	: 64
address sizes	: 36 bits physical, 48 bits virtual
power management:

processor	: 6
vendor_id	: GenuineIntel
cpu family	: 6
model		: 58
model name	: Intel(R) Core(TM) i7-3610QM CPU @ 2.30GHz
stepping	: 9
microcode	: 0x12
cpu MHz		: 2301.000
cache size	: 6144 KB
physical id	: 0
siblings	: 8
core id		: 3
cpu cores	: 4
apicid		: 6
initial apicid	: 6
fpu		: yes
fpu_exception	: yes
cpuid level	: 13
wp		: yes
flags		: fpu vme de pse tsc msr pae mce cx8 apic sep mtrr pge mca cmov pat pse36 clflush dts acpi mmx fxsr sse sse2 ss ht tm pbe syscall nx rdtscp lm constant_tsc arch_perfmon pebs bts rep_good nopl xtopology nonstop_tsc aperfmperf pni pclmulqdq dtes64 monitor ds_cpl vmx est tm2 ssse3 cx16 xtpr pdcm pcid sse4_1 sse4_2 x2apic popcnt tsc_deadline_timer aes xsave avx f16c rdrand lahf_lm ida arat epb xsaveopt pln pts dtherm tpr_shadow vnmi flexpriority ept vpid fsgsbase smep erms
bogomips	: 4589.37
clflush size	: 64
cache_alignment	: 64
address sizes	: 36 bits physical, 48 bits virtual
power management:

processor	: 7
vendor_id	: GenuineIntel
cpu family	: 6
model		: 58
model name	: Intel(R) Core(TM) i7-3610QM CPU @ 2.30GHz
stepping	: 9
microcode	: 0x12
cpu MHz		: 2301.000
cache size	: 6144 KB
physical id	: 0
siblings	: 8
core id		: 3
cpu cores	: 4
apicid		: 7
initial apicid	: 7
fpu		: yes
fpu_exception	: yes
cpuid level	: 13
wp		: yes
flags		: fpu vme de pse tsc msr pae mce cx8 apic sep mtrr pge mca cmov pat pse36 clflush dts acpi mmx fxsr sse sse2 ss ht tm pbe syscall nx rdtscp lm constant_tsc arch_perfmon pebs bts rep_good nopl xtopology nonstop_tsc aperfmperf pni pclmulqdq dtes64 monitor ds_cpl vmx est tm2 ssse3 cx16 xtpr pdcm pcid sse4_1 sse4_2 x2apic popcnt tsc_deadline_timer aes xsave avx f16c rdrand lahf_lm ida arat epb xsaveopt pln pts dtherm tpr_shadow vnmi flexpriority ept vpid fsgsbase smep erms
bogomips	: 4589.37
clflush size	: 64
cache_alignment	: 64
address sizes	: 36 bits physical, 48 bits virtual
power management:



Memory: 4k page, physical 16023348k(8572100k free), swap 62944092k(62944092k free)

vm_info: Java HotSpot(TM) 64-Bit Server VM (24.51-b03) for linux-amd64 JRE (1.7.0_51-b13), built on Dec 18 2013 18:48:01 by "java_re" with gcc 4.3.0 20080428 (Red Hat 4.3.0-8)

time: Tue Oct 14 16:09:48 2014
elapsed time: 1 seconds

