#
# A fatal error has been detected by the Java Runtime Environment:
#
#  SIGSEGV (0xb) at pc=0x00007f16ffb3f188, pid=22855, tid=139736543598336
#
# JRE version: 6.0_26-b03
# Java VM: Java HotSpot(TM) 64-Bit Server VM (20.1-b02 mixed mode linux-amd64 compressed oops)
# Problematic frame:
# V  [libjvm.so+0x69c188]  MarkSweep::MarkAndPushClosure::do_oop(oopDesc**)+0x18
#
# If you would like to submit a bug report, please visit:
#   http://java.sun.com/webapps/bugreport/crash.jsp
#

---------------  T H R E A D  ---------------

Current thread (0x00007f16f806d000):  VMThread [stack: 0x00007f16f2fb1000,0x00007f16f30b2000] [id=22869]

siginfo:si_signo=SIGSEGV: si_errno=0, si_code=1 (SEGV_MAPERR), si_addr=0x000000000000000b

Registers:
RAX=0x00007f16fff39010, RBX=0x000000000000000b, RCX=0x000000000000000b, RDX=0x00007f16f20c3438
RSP=0x00007f16f30b0010, RBP=0x00007f16f30b0030, RSI=0x00007f16f20c3438, RDI=0x00007f170007a9c0
R8 =0x00007f16fff4b1e0, R9 =0x00007f16c02002e8, R10=0x0000000000000000, R11=0x0000000000000001
R12=0x00007f16f30b01c0, R13=0x00007f16f30b01f0, R14=0x00007f16f30b0080, R15=0x00007f170007a9c0
RIP=0x00007f16ffb3f188, EFLAGS=0x0000000000010202, CSGSFS=0x0000000000000033, ERR=0x0000000000000004
  TRAPNO=0x000000000000000e

Top of Stack: (sp=0x00007f16f30b0010)
0x00007f16f30b0010:   00007f16f507dfe0 00007f16f30b0070
0x00007f16f30b0020:   00007f16f30b0070 00007f16f30b01c0
0x00007f16f30b0030:   00007f16f30b00d0 00007f16ffba838b
0x00007f16f30b0040:   00007f16fff408b0 00007f16f30b006c
0x00007f16f30b0050:   00007f16c02002c8 00007f170007b730
0x00007f16f30b0060:   00007f16ffba8940 ffff0a81ff981d1d
0x00007f16f30b0070:   00007f16f802bb20 0000000100000007
0x00007f16f30b0080:   0a817f0100000001 000000010000ffff
0x00007f16f30b0090:   0a817f0000000002 00007f16f30bffff
0x00007f16f30b00a0:   00007f16f30b00b0 00007f16f30b01c0
0x00007f16f30b00b0:   00007f16f30b01f0 00007f16f30b0530
0x00007f16f30b00c0:   00007f170007a9c0 00007f16f30b0530
0x00007f16f30b00d0:   00007f16f30b00e0 00007f16ffba81e7
0x00007f16f30b00e0:   00007f16f30b0140 00007f16ff8e2cca
0x00007f16f30b00f0:   00007f16f30b0110 00007f16ffb8d528
0x00007f16f30b0100:   00007f16fff3b730 00007f16f30b0190
0x00007f16f30b0110:   00007f16f30b0160 00007f16ff8e4526
0x00007f16f30b0120:   00007f16f30b01c0 0000000000000001
0x00007f16f30b0130:   00007f16f30b01f0 00007f170007a9c0
0x00007f16f30b0140:   00007f16f30b0180 00007f16ff8e3432
0x00007f16f30b0150:   00007f16f810a000 00007f16f30b01f0
0x00007f16f30b0160:   00007f16f30b01c0 00007f170007a9c0
0x00007f16f30b0170:   00007f16f810a000 00007f16f30b0530
0x00007f16f30b0180:   00007f16f30b04f0 00007f16ffcbe973
0x00007f16f30b0190:   00007f16f20c3430 00007f16f50867fc
0x00007f16f30b01a0:   00007f16f50865d0 00007f1600000000
0x00007f16f30b01b0:   000000000000000b 00007f16f20c3430
0x00007f16f30b01c0:   00007f16f20c3430 00007f16f50867fc
0x00007f16f30b01d0:   00007f16f50865d0 00007f1600000000
0x00007f16f30b01e0:   000000000000000b 00007f16f20c3430
0x00007f16f30b01f0:   00007f16f1ec14f8 00007f16f1ec14fc
0x00007f16f30b0200:   00007f16f1ec14f0 00007f16f1ec14f4 

Instructions: (pc=0x00007f16ffb3f188)
0x00007f16ffb3f168:   24 10 00 00 c9 c3 66 90 55 48 89 e5 48 83 ec 20
0x00007f16ffb3f178:   48 89 5d f0 4c 89 65 f8 48 8b 1e 48 85 db 74 60
0x00007f16ffb3f188:   48 8b 13 83 e2 03 48 83 fa 03 74 54 4c 8b 23 48
0x00007f16ffb3f198:   8b 15 5a de 52 00 48 c7 45 e8 03 00 00 00 48 8b 

Register to memory mapping:

RAX=0x00007f16fff39010: _ZTVN9MarkSweep18MarkAndPushClosureE+0x10 in /home/lpxz/pool/jdk1.6.0_26/jre/lib/amd64/server/libjvm.so at 0x00007f16ff4a3000
RBX=0x000000000000000b is an unknown value
RCX=0x000000000000000b is an unknown value
RDX=0x00007f16f20c3438 is pointing into the stack for thread: 0x00007f16f810a000
RSP=0x00007f16f30b0010 is an unknown value
RBP=0x00007f16f30b0030 is an unknown value
RSI=0x00007f16f20c3438 is pointing into the stack for thread: 0x00007f16f810a000
RDI=0x00007f170007a9c0: <offset 0xbd79c0> in /home/lpxz/pool/jdk1.6.0_26/jre/lib/amd64/server/libjvm.so at 0x00007f16ff4a3000
R8 =0x00007f16fff4b1e0: <offset 0xaa81e0> in /home/lpxz/pool/jdk1.6.0_26/jre/lib/amd64/server/libjvm.so at 0x00007f16ff4a3000
R9 =0x00007f16c02002e8 is an unknown value
R10=0x0000000000000000 is an unknown value
R11=0x0000000000000001 is an unknown value
R12=0x00007f16f30b01c0 is an unknown value
R13=0x00007f16f30b01f0 is an unknown value
R14=0x00007f16f30b0080 is an unknown value
R15=0x00007f170007a9c0: <offset 0xbd79c0> in /home/lpxz/pool/jdk1.6.0_26/jre/lib/amd64/server/libjvm.so at 0x00007f16ff4a3000


Stack: [0x00007f16f2fb1000,0x00007f16f30b2000],  sp=0x00007f16f30b0010,  free space=1020k
Native frames: (J=compiled Java code, j=interpreted, Vv=VM code, C=native code)
V  [libjvm.so+0x69c188]  MarkSweep::MarkAndPushClosure::do_oop(oopDesc**)+0x18
V  [libjvm.so+0x70538b]  OopMapSet::all_do(frame const*, RegisterMap const*, OopClosure*, void (*)(oopDesc**, oopDesc**), OopClosure*)+0x19b
V  [libjvm.so+0x7051e7]  OopMapSet::oops_do(frame const*, RegisterMap const*, OopClosure*)+0x17
V  [libjvm.so+0x43fcca]  frame::oops_code_blob_do(OopClosure*, CodeBlobClosure*, RegisterMap const*)+0x3a
V  [libjvm.so+0x440432]  frame::oops_do_internal(OopClosure*, CodeBlobClosure*, RegisterMap*, bool)+0x82
V  [libjvm.so+0x81b973]  JavaThread::oops_do(OopClosure*, CodeBlobClosure*)+0x1d3
V  [libjvm.so+0x81e6d0]  Threads::oops_do(OopClosure*, CodeBlobClosure*)+0x30
V  [libjvm.so+0x755dd5]  PSMarkSweep::mark_sweep_phase1(bool)+0xa5
V  [libjvm.so+0x754cc1]  PSMarkSweep::invoke_no_policy(bool)+0x481
V  [libjvm.so+0x761827]  PSScavenge::invoke()+0x147
V  [libjvm.so+0x72380e]  ParallelScavengeHeap::failed_mem_allocate(unsigned long, bool)+0x5e
V  [libjvm.so+0x860408]  VM_ParallelGCFailedAllocation::doit()+0x68
V  [libjvm.so+0x86d7fa]  VM_Operation::evaluate()+0x4a
V  [libjvm.so+0x86cde2]  VMThread::evaluate_operation(VM_Operation*)+0x82
V  [libjvm.so+0x86d053]  VMThread::loop()+0x193
V  [libjvm.so+0x86cb5e]  VMThread::run()+0x6e
V  [libjvm.so+0x710adf]  java_start(Thread*)+0x13f

JavaThread 0x00007f16f810a000 (nid = 22879) was being processed
Java frames: (J=compiled Java code, j=interpreted, Vv=VM code)
v  ~RuntimeStub::_new_instance_Java
J  edu.hkust.leap.monitor.RecordMonitor.addOrder(JIJJ)V
J  edu.hkust.leap.monitor.RecordMonitor.accessSPE(IJZI)V
J  edu.hkust.leap.monitor.RecordMonitor.readBeforeInstance(Ljava/lang/Object;IJLjava/lang/String;ILjava/lang/Object;)V
J  spec.jbb.Order.processLines(Lspec/jbb/Warehouse;SZ)Z
J  spec.jbb.TransactionManager.goManual(ILspec/jbb/TimerData;)J
j  spec.jbb.TransactionManager.go()V+437
j  spec.jbb.JBBmain.run()V+127
j  java.lang.Thread.run()V+11
v  ~StubRoutines::call_stub
VM_Operation (0x00007f16f20c2ee0): ParallelGCFailedAllocation, mode: safepoint, requested by thread 0x00007f16f810a000


---------------  P R O C E S S  ---------------

Java Threads: ( => current thread )
  0x00007f16f811e800 JavaThread "Thread-8" [_thread_blocked, id=22885, stack(0x00007f16f19be000,0x00007f16f1abf000)]
  0x00007f16f811c800 JavaThread "Thread-7" [_thread_blocked, id=22884, stack(0x00007f16f1abf000,0x00007f16f1bc0000)]
  0x00007f16f811b000 JavaThread "Thread-6" [_thread_blocked, id=22883, stack(0x00007f16f1bc0000,0x00007f16f1cc1000)]
  0x00007f16f8119800 JavaThread "Thread-5" [_thread_blocked, id=22882, stack(0x00007f16f1cc1000,0x00007f16f1dc2000)]
  0x00007f16f810d800 JavaThread "Thread-4" [_thread_blocked, id=22881, stack(0x00007f16f1dc2000,0x00007f16f1ec3000)]
  0x00007f16f810c000 JavaThread "Thread-3" [_thread_blocked, id=22880, stack(0x00007f16f1ec3000,0x00007f16f1fc4000)]
  0x00007f16f810a000 JavaThread "Thread-2" [_thread_blocked, id=22879, stack(0x00007f16f1fc4000,0x00007f16f20c5000)]
  0x00007f16f8108000 JavaThread "Thread-1" [_thread_blocked, id=22878, stack(0x00007f16f20c5000,0x00007f16f21c6000)]
  0x00007f16f8099800 JavaThread "Low Memory Detector" daemon [_thread_blocked, id=22875, stack(0x00007f16f22c7000,0x00007f16f23c8000)]
  0x00007f16f8097000 JavaThread "C2 CompilerThread1" daemon [_thread_blocked, id=22874, stack(0x00007f16f23c8000,0x00007f16f24c9000)]
  0x00007f16f8094000 JavaThread "C2 CompilerThread0" daemon [_thread_blocked, id=22873, stack(0x00007f16f24c9000,0x00007f16f25ca000)]
  0x00007f16f8092000 JavaThread "Signal Dispatcher" daemon [_thread_blocked, id=22872, stack(0x00007f16f25ca000,0x00007f16f26cb000)]
  0x00007f16f8075800 JavaThread "Finalizer" daemon [_thread_blocked, id=22871, stack(0x00007f16f2daf000,0x00007f16f2eb0000)]
  0x00007f16f8074000 JavaThread "Reference Handler" daemon [_thread_blocked, id=22870, stack(0x00007f16f2eb0000,0x00007f16f2fb1000)]
  0x00007f16f8007800 JavaThread "main" [_thread_blocked, id=22860, stack(0x00007f16ff0a6000,0x00007f16ff1a7000)]

Other Threads:
=>0x00007f16f806d000 VMThread [stack: 0x00007f16f2fb1000,0x00007f16f30b2000] [id=22869]
  0x00007f16f80ac000 WatcherThread [stack: 0x00007f16f21c6000,0x00007f16f22c7000] [id=22876]

VM state:at safepoint (normal execution)

VM Mutex/Monitor currently owned by a thread:  ([mutex/lock_event])
[0x00007f16f80047b0] Threads_lock - owner thread: 0x00007f16f806d000
[0x00007f16f8004cb0] Heap_lock - owner thread: 0x00007f16f810a000

Heap
 PSYoungGen      total 484800K, used 227829K [0x00000006d5560000, 0x000000070cb10000, 0x0000000800000000)
  eden space 256960K, 0% used [0x00000006d5560000,0x00000006d5560000,0x00000006e5050000)
  from space 227840K, 99% used [0x00000006f6ce0000,0x0000000704b5d720,0x0000000704b60000)
  to   space 291392K, 0% used [0x00000006e5050000,0x00000006e5050000,0x00000006f6ce0000)
 PSOldGen        total 742656K, used 625460K [0x0000000480000000, 0x00000004ad540000, 0x00000006d5560000)
  object space 742656K, 84% used [0x0000000480000000,0x00000004a62cd2c0,0x00000004ad540000)
 PSPermGen       total 21248K, used 6325K [0x000000047ae00000, 0x000000047c2c0000, 0x0000000480000000)
  object space 21248K, 29% used [0x000000047ae00000,0x000000047b42d750,0x000000047c2c0000)

Code Cache  [0x00007f16f5000000, 0x00007f16f5270000, 0x00007f16f8000000)
 total_blobs=523 nmethods=277 adapters=200 free_code_cache=49234624 largest_free_block=12544

Dynamic libraries:
40000000-40009000 r-xp 00000000 08:05 5512341                            /home/lpxz/pool/jdk1.6.0_26/jre/bin/java
40108000-4010a000 rwxp 00008000 08:05 5512341                            /home/lpxz/pool/jdk1.6.0_26/jre/bin/java
41eb4000-41ed5000 rwxp 00000000 00:00 0                                  [heap]
47ae00000-47c2c0000 rwxp 00000000 00:00 0 
47c2c0000-480000000 rwxp 00000000 00:00 0 
480000000-4ad540000 rwxp 00000000 00:00 0 
4ad540000-6d5560000 rwxp 00000000 00:00 0 
6d5560000-70cb10000 rwxp 00000000 00:00 0 
70cb10000-800000000 rwxp 00000000 00:00 0 
7f168c000000-7f168c021000 rwxp 00000000 00:00 0 
7f168c021000-7f1690000000 ---p 00000000 00:00 0 
7f1694000000-7f1694021000 rwxp 00000000 00:00 0 
7f1694021000-7f1698000000 ---p 00000000 00:00 0 
7f1698000000-7f1698021000 rwxp 00000000 00:00 0 
7f1698021000-7f169c000000 ---p 00000000 00:00 0 
7f169c000000-7f169c021000 rwxp 00000000 00:00 0 
7f169c021000-7f16a0000000 ---p 00000000 00:00 0 
7f16a0000000-7f16a0021000 rwxp 00000000 00:00 0 
7f16a0021000-7f16a4000000 ---p 00000000 00:00 0 
7f16a4000000-7f16a4021000 rwxp 00000000 00:00 0 
7f16a4021000-7f16a8000000 ---p 00000000 00:00 0 
7f16a8000000-7f16a8024000 rwxp 00000000 00:00 0 
7f16a8024000-7f16ac000000 ---p 00000000 00:00 0 
7f16ac000000-7f16ac021000 rwxp 00000000 00:00 0 
7f16ac021000-7f16b0000000 ---p 00000000 00:00 0 
7f16b0000000-7f16b0021000 rwxp 00000000 00:00 0 
7f16b0021000-7f16b4000000 ---p 00000000 00:00 0 
7f16b4000000-7f16b5054000 rwxp 00000000 00:00 0 
7f16b5054000-7f16b8000000 ---p 00000000 00:00 0 
7f16b8000000-7f16b8021000 rwxp 00000000 00:00 0 
7f16b8021000-7f16bc000000 ---p 00000000 00:00 0 
7f16bc000000-7f16bc021000 rwxp 00000000 00:00 0 
7f16bc021000-7f16c0000000 ---p 00000000 00:00 0 
7f16c0000000-7f16c0e27000 rwxp 00000000 00:00 0 
7f16c0e27000-7f16c4000000 ---p 00000000 00:00 0 
7f16c4000000-7f16c4021000 rwxp 00000000 00:00 0 
7f16c4021000-7f16c8000000 ---p 00000000 00:00 0 
7f16c8000000-7f16c8021000 rwxp 00000000 00:00 0 
7f16c8021000-7f16cc000000 ---p 00000000 00:00 0 
7f16cc000000-7f16cc021000 rwxp 00000000 00:00 0 
7f16cc021000-7f16d0000000 ---p 00000000 00:00 0 
7f16d0000000-7f16d00dd000 rwxp 00000000 00:00 0 
7f16d00dd000-7f16d4000000 ---p 00000000 00:00 0 
7f16d4000000-7f16d4021000 rwxp 00000000 00:00 0 
7f16d4021000-7f16d8000000 ---p 00000000 00:00 0 
7f16d8000000-7f16d8021000 rwxp 00000000 00:00 0 
7f16d8021000-7f16dc000000 ---p 00000000 00:00 0 
7f16dc000000-7f16dc022000 rwxp 00000000 00:00 0 
7f16dc022000-7f16e0000000 ---p 00000000 00:00 0 
7f16e0000000-7f16e0021000 rwxp 00000000 00:00 0 
7f16e0021000-7f16e4000000 ---p 00000000 00:00 0 
7f16e4000000-7f16e402c000 rwxp 00000000 00:00 0 
7f16e402c000-7f16e8000000 ---p 00000000 00:00 0 
7f16e8000000-7f16e8021000 rwxp 00000000 00:00 0 
7f16e8021000-7f16ec000000 ---p 00000000 00:00 0 
7f16ec000000-7f16ec021000 rwxp 00000000 00:00 0 
7f16ec021000-7f16f0000000 ---p 00000000 00:00 0 
7f16f19be000-7f16f19c1000 ---p 00000000 00:00 0 
7f16f19c1000-7f16f1abf000 rwxp 00000000 00:00 0                          [stack:22885]
7f16f1abf000-7f16f1ac2000 ---p 00000000 00:00 0 
7f16f1ac2000-7f16f1bc0000 rwxp 00000000 00:00 0                          [stack:22884]
7f16f1bc0000-7f16f1bc3000 ---p 00000000 00:00 0 
7f16f1bc3000-7f16f1cc1000 rwxp 00000000 00:00 0                          [stack:22883]
7f16f1cc1000-7f16f1cc4000 ---p 00000000 00:00 0 
7f16f1cc4000-7f16f1dc2000 rwxp 00000000 00:00 0                          [stack:22882]
7f16f1dc2000-7f16f1dc5000 ---p 00000000 00:00 0 
7f16f1dc5000-7f16f1ec3000 rwxp 00000000 00:00 0                          [stack:22881]
7f16f1ec3000-7f16f1ec6000 ---p 00000000 00:00 0 
7f16f1ec6000-7f16f1fc4000 rwxp 00000000 00:00 0                          [stack:22880]
7f16f1fc4000-7f16f1fc7000 ---p 00000000 00:00 0 
7f16f1fc7000-7f16f20c5000 rwxp 00000000 00:00 0                          [stack:22879]
7f16f20c5000-7f16f20c8000 ---p 00000000 00:00 0 
7f16f20c8000-7f16f21c6000 rwxp 00000000 00:00 0                          [stack:22878]
7f16f21c6000-7f16f21c7000 ---p 00000000 00:00 0 
7f16f21c7000-7f16f22c7000 rwxp 00000000 00:00 0                          [stack:22876]
7f16f22c7000-7f16f22ca000 ---p 00000000 00:00 0 
7f16f22ca000-7f16f23c8000 rwxp 00000000 00:00 0                          [stack:22875]
7f16f23c8000-7f16f23cb000 ---p 00000000 00:00 0 
7f16f23cb000-7f16f24c9000 rwxp 00000000 00:00 0                          [stack:22874]
7f16f24c9000-7f16f24cc000 ---p 00000000 00:00 0 
7f16f24cc000-7f16f25ca000 rwxp 00000000 00:00 0                          [stack:22873]
7f16f25ca000-7f16f25cd000 ---p 00000000 00:00 0 
7f16f25cd000-7f16f26cb000 rwxp 00000000 00:00 0                          [stack:22872]
7f16f26cb000-7f16f2daf000 r-xp 00000000 08:05 268596                     /usr/lib/locale/locale-archive
7f16f2daf000-7f16f2db2000 ---p 00000000 00:00 0 
7f16f2db2000-7f16f2eb0000 rwxp 00000000 00:00 0                          [stack:22871]
7f16f2eb0000-7f16f2eb3000 ---p 00000000 00:00 0 
7f16f2eb3000-7f16f2fb1000 rwxp 00000000 00:00 0                          [stack:22870]
7f16f2fb1000-7f16f2fb2000 ---p 00000000 00:00 0 
7f16f2fb2000-7f16f39bb000 rwxp 00000000 00:00 0                          [stack:22869]
7f16f39bb000-7f16f3b53000 r-xs 03029000 08:05 5378036                    /home/lpxz/pool/jdk1.6.0_26/jre/lib/rt.jar
7f16f3b53000-7f16f3b54000 ---p 00000000 00:00 0 
7f16f3b54000-7f16f3c54000 rwxp 00000000 00:00 0                          [stack:22868]
7f16f3c54000-7f16f3c55000 ---p 00000000 00:00 0 
7f16f3c55000-7f16f3ec0000 rwxp 00000000 00:00 0                          [stack:22867]
7f16f3ec0000-7f16f5000000 rwxp 00000000 00:00 0 
7f16f5000000-7f16f5270000 rwxp 00000000 00:00 0 
7f16f5270000-7f16f8132000 rwxp 00000000 00:00 0 
7f16f8132000-7f16fc000000 ---p 00000000 00:00 0 
7f16fc05b000-7f16fc0b7000 rwxp 00000000 00:00 0 
7f16fc0b7000-7f16fc0b8000 ---p 00000000 00:00 0 
7f16fc0b8000-7f16fc1b8000 rwxp 00000000 00:00 0                          [stack:22866]
7f16fc1b8000-7f16fc1b9000 ---p 00000000 00:00 0 
7f16fc1b9000-7f16fc2b9000 rwxp 00000000 00:00 0                          [stack:22865]
7f16fc2b9000-7f16fc2ba000 ---p 00000000 00:00 0 
7f16fc2ba000-7f16fc3ba000 rwxp 00000000 00:00 0                          [stack:22864]
7f16fc3ba000-7f16fc3bb000 ---p 00000000 00:00 0 
7f16fc3bb000-7f16fc4bb000 rwxp 00000000 00:00 0                          [stack:22863]
7f16fc4bb000-7f16fc4bc000 ---p 00000000 00:00 0 
7f16fc4bc000-7f16fc5bc000 rwxp 00000000 00:00 0                          [stack:22862]
7f16fc5bc000-7f16fc5bd000 ---p 00000000 00:00 0 
7f16fc5bd000-7f16fc6c8000 rwxp 00000000 00:00 0                          [stack:22861]
7f16fc6c8000-7f16fc6e6000 rwxp 00000000 00:00 0 
7f16fc6e6000-7f16fc6f1000 rwxp 00000000 00:00 0 
7f16fc6f1000-7f16fc70f000 rwxp 00000000 00:00 0 
7f16fc70f000-7f16fc87a000 rwxp 00000000 00:00 0 
7f16fc87a000-7f16fd9b9000 rwxp 00000000 00:00 0 
7f16fd9b9000-7f16fdb75000 rwxp 00000000 00:00 0 
7f16fdb75000-7f16fe30f000 rwxp 00000000 00:00 0 
7f16fe30f000-7f16fe310000 rwxp 00000000 00:00 0 
7f16fe310000-7f16fe31e000 r-xp 00000000 08:05 12330712                   /home/lpxz/pool/jdk1.6.0_26/jre/lib/amd64/libzip.so
7f16fe31e000-7f16fe420000 ---p 0000e000 08:05 12330712                   /home/lpxz/pool/jdk1.6.0_26/jre/lib/amd64/libzip.so
7f16fe420000-7f16fe423000 rwxp 00010000 08:05 12330712                   /home/lpxz/pool/jdk1.6.0_26/jre/lib/amd64/libzip.so
7f16fe423000-7f16fe424000 rwxp 00000000 00:00 0 
7f16fe424000-7f16fe430000 r-xp 00000000 08:05 19926911                   /lib/x86_64-linux-gnu/libnss_files-2.15.so
7f16fe430000-7f16fe62f000 ---p 0000c000 08:05 19926911                   /lib/x86_64-linux-gnu/libnss_files-2.15.so
7f16fe62f000-7f16fe630000 r-xp 0000b000 08:05 19926911                   /lib/x86_64-linux-gnu/libnss_files-2.15.so
7f16fe630000-7f16fe631000 rwxp 0000c000 08:05 19926911                   /lib/x86_64-linux-gnu/libnss_files-2.15.so
7f16fe631000-7f16fe63b000 r-xp 00000000 08:05 19926915                   /lib/x86_64-linux-gnu/libnss_nis-2.15.so
7f16fe63b000-7f16fe83b000 ---p 0000a000 08:05 19926915                   /lib/x86_64-linux-gnu/libnss_nis-2.15.so
7f16fe83b000-7f16fe83c000 r-xp 0000a000 08:05 19926915                   /lib/x86_64-linux-gnu/libnss_nis-2.15.so
7f16fe83c000-7f16fe83d000 rwxp 0000b000 08:05 19926915                   /lib/x86_64-linux-gnu/libnss_nis-2.15.so
7f16fe83d000-7f16fe845000 r-xp 00000000 08:05 19926907                   /lib/x86_64-linux-gnu/libnss_compat-2.15.so
7f16fe845000-7f16fea44000 ---p 00008000 08:05 19926907                   /lib/x86_64-linux-gnu/libnss_compat-2.15.so
7f16fea44000-7f16fea45000 r-xp 00007000 08:05 19926907                   /lib/x86_64-linux-gnu/libnss_compat-2.15.so
7f16fea45000-7f16fea46000 rwxp 00008000 08:05 19926907                   /lib/x86_64-linux-gnu/libnss_compat-2.15.so
7f16fea46000-7f16fea5d000 r-xp 00000000 08:05 19926905                   /lib/x86_64-linux-gnu/libnsl-2.15.so
7f16fea5d000-7f16fec5c000 ---p 00017000 08:05 19926905                   /lib/x86_64-linux-gnu/libnsl-2.15.so
7f16fec5c000-7f16fec5d000 r-xp 00016000 08:05 19926905                   /lib/x86_64-linux-gnu/libnsl-2.15.so
7f16fec5d000-7f16fec5e000 rwxp 00017000 08:05 19926905                   /lib/x86_64-linux-gnu/libnsl-2.15.so
7f16fec5e000-7f16fec60000 rwxp 00000000 00:00 0 
7f16fec60000-7f16fec89000 r-xp 00000000 08:05 12330721                   /home/lpxz/pool/jdk1.6.0_26/jre/lib/amd64/libjava.so
7f16fec89000-7f16fed88000 ---p 00029000 08:05 12330721                   /home/lpxz/pool/jdk1.6.0_26/jre/lib/amd64/libjava.so
7f16fed88000-7f16fed8f000 rwxp 00028000 08:05 12330721                   /home/lpxz/pool/jdk1.6.0_26/jre/lib/amd64/libjava.so
7f16fed8f000-7f16fed9c000 r-xp 00000000 08:05 12330707                   /home/lpxz/pool/jdk1.6.0_26/jre/lib/amd64/libverify.so
7f16fed9c000-7f16fee9b000 ---p 0000d000 08:05 12330707                   /home/lpxz/pool/jdk1.6.0_26/jre/lib/amd64/libverify.so
7f16fee9b000-7f16fee9e000 rwxp 0000c000 08:05 12330707                   /home/lpxz/pool/jdk1.6.0_26/jre/lib/amd64/libverify.so
7f16fee9e000-7f16feea5000 r-xp 00000000 08:05 19926946                   /lib/x86_64-linux-gnu/librt-2.15.so
7f16feea5000-7f16ff0a4000 ---p 00007000 08:05 19926946                   /lib/x86_64-linux-gnu/librt-2.15.so
7f16ff0a4000-7f16ff0a5000 r-xp 00006000 08:05 19926946                   /lib/x86_64-linux-gnu/librt-2.15.so
7f16ff0a5000-7f16ff0a6000 rwxp 00007000 08:05 19926946                   /lib/x86_64-linux-gnu/librt-2.15.so
7f16ff0a6000-7f16ff0a9000 ---p 00000000 00:00 0 
7f16ff0a9000-7f16ff1a7000 rwxp 00000000 00:00 0                          [stack:22860]
7f16ff1a7000-7f16ff2a2000 r-xp 00000000 08:05 19926892                   /lib/x86_64-linux-gnu/libm-2.15.so
7f16ff2a2000-7f16ff4a1000 ---p 000fb000 08:05 19926892                   /lib/x86_64-linux-gnu/libm-2.15.so
7f16ff4a1000-7f16ff4a2000 r-xp 000fa000 08:05 19926892                   /lib/x86_64-linux-gnu/libm-2.15.so
7f16ff4a2000-7f16ff4a3000 rwxp 000fb000 08:05 19926892                   /lib/x86_64-linux-gnu/libm-2.15.so
7f16ff4a3000-7f16ffdbd000 r-xp 00000000 08:05 12330693                   /home/lpxz/pool/jdk1.6.0_26/jre/lib/amd64/server/libjvm.so
7f16ffdbd000-7f16ffebf000 ---p 0091a000 08:05 12330693                   /home/lpxz/pool/jdk1.6.0_26/jre/lib/amd64/server/libjvm.so
7f16ffebf000-7f1700074000 rwxp 0091c000 08:05 12330693                   /home/lpxz/pool/jdk1.6.0_26/jre/lib/amd64/server/libjvm.so
7f1700074000-7f17000ae000 rwxp 00000000 00:00 0 
7f17000ae000-7f1700263000 r-xp 00000000 08:05 19926860                   /lib/x86_64-linux-gnu/libc-2.15.so
7f1700263000-7f1700463000 ---p 001b5000 08:05 19926860                   /lib/x86_64-linux-gnu/libc-2.15.so
7f1700463000-7f1700467000 r-xp 001b5000 08:05 19926860                   /lib/x86_64-linux-gnu/libc-2.15.so
7f1700467000-7f1700469000 rwxp 001b9000 08:05 19926860                   /lib/x86_64-linux-gnu/libc-2.15.so
7f1700469000-7f170046e000 rwxp 00000000 00:00 0 
7f170046e000-7f1700470000 r-xp 00000000 08:05 19926873                   /lib/x86_64-linux-gnu/libdl-2.15.so
7f1700470000-7f1700670000 ---p 00002000 08:05 19926873                   /lib/x86_64-linux-gnu/libdl-2.15.so
7f1700670000-7f1700671000 r-xp 00002000 08:05 19926873                   /lib/x86_64-linux-gnu/libdl-2.15.so
7f1700671000-7f1700672000 rwxp 00003000 08:05 19926873                   /lib/x86_64-linux-gnu/libdl-2.15.so
7f1700672000-7f170068a000 r-xp 00000000 08:05 19926940                   /lib/x86_64-linux-gnu/libpthread-2.15.so
7f170068a000-7f1700889000 ---p 00018000 08:05 19926940                   /lib/x86_64-linux-gnu/libpthread-2.15.so
7f1700889000-7f170088a000 r-xp 00017000 08:05 19926940                   /lib/x86_64-linux-gnu/libpthread-2.15.so
7f170088a000-7f170088b000 rwxp 00018000 08:05 19926940                   /lib/x86_64-linux-gnu/libpthread-2.15.so
7f170088b000-7f170088f000 rwxp 00000000 00:00 0 
7f170088f000-7f17008b1000 r-xp 00000000 08:05 19926840                   /lib/x86_64-linux-gnu/ld-2.15.so
7f17008be000-7f17008ca000 r-xs 000da000 08:05 5512457                    /home/lpxz/eclipse/workspacePA_icse/soot-One/lib/polyglotclasses-1.3.5.jar
7f17008ca000-7f17008d4000 rwxp 00000000 00:00 0 
7f17008d4000-7f170098a000 rwxp 00000000 00:00 0 
7f170098a000-7f170098d000 rwxp 00000000 00:00 0 
7f170098d000-7f1700994000 r-xp 00000000 08:05 12330685                   /home/lpxz/pool/jdk1.6.0_26/jre/lib/amd64/jli/libjli.so
7f1700994000-7f1700a95000 ---p 00007000 08:05 12330685                   /home/lpxz/pool/jdk1.6.0_26/jre/lib/amd64/jli/libjli.so
7f1700a95000-7f1700a97000 rwxp 00008000 08:05 12330685                   /home/lpxz/pool/jdk1.6.0_26/jre/lib/amd64/jli/libjli.so
7f1700a97000-7f1700a98000 rwxp 00000000 00:00 0 
7f1700a9e000-7f1700aa1000 r-xs 0002b000 08:05 5512456                    /home/lpxz/eclipse/workspacePA_icse/soot-One/lib/jasminclasses-2.5.0.jar
7f1700aa1000-7f1700aa5000 r-xs 000cb000 08:05 14029899                   /home/lpxz/pool/jdk1.6.0_26/jre/lib/ext/localedata.jar
7f1700aa5000-7f1700aad000 rwxs 00000000 08:05 24120341                   /tmp/hsperfdata_lpxz/22855
7f1700aad000-7f1700aae000 rwxp 00000000 00:00 0 
7f1700aae000-7f1700aaf000 ---p 00000000 00:00 0 
7f1700aaf000-7f1700ab1000 rwxp 00000000 00:00 0 
7f1700ab1000-7f1700ab2000 r-xp 00022000 08:05 19926840                   /lib/x86_64-linux-gnu/ld-2.15.so
7f1700ab2000-7f1700ab4000 rwxp 00023000 08:05 19926840                   /lib/x86_64-linux-gnu/ld-2.15.so
7fff4acf9000-7fff4ad1a000 rwxp 00000000 00:00 0                          [stack]
7fff4adfe000-7fff4ae00000 r-xp 00000000 00:00 0                          [vdso]
ffffffffff600000-ffffffffff601000 r-xp 00000000 00:00 0                  [vsyscall]

VM Arguments:
jvm_args: -Xverify:none -Xmx14g -Dfile.encoding=UTF-8 
java_command: edu.hkust.leap.record.RecordMain 33000 spec.jbb.JBBmain
Launcher Type: SUN_STANDARD

Environment Variables:
CLASSPATH=.:/home/lpxz/java_standard/lib/dt.jar:/home/lpxz/java_standard/lib/tools.jar:/home/lpxz/java_standard/lib/
PATH=/home/lpxz/bin/:/home/lpxz/workspace/scala/bin/:/home/lpxz/java_standard/jre/bin:/usr/local/sbin:/usr/local/bin:/usr/sbin:/usr/bin:/sbin:/bin:/usr/games:/home/lpxz/java_standard/bin:/home/lpxz/work/ant1.8/bin:/home/lpxz/work/jsPatch/node_modules/nodeunit/bin
LD_LIBRARY_PATH=/home/lpxz/pool/jdk1.6.0_26/jre/lib/amd64/server:/home/lpxz/pool/jdk1.6.0_26/jre/lib/amd64:/home/lpxz/pool/jdk1.6.0_26/jre/../lib/amd64
SHELL=/bin/bash
DISPLAY=:0

Signal Handlers:
SIGSEGV: [libjvm.so+0x85f800], sa_mask[0]=0x7ffbfeff, sa_flags=0x10000004
SIGBUS: [libjvm.so+0x85f800], sa_mask[0]=0x7ffbfeff, sa_flags=0x10000004
SIGFPE: [libjvm.so+0x70e300], sa_mask[0]=0x7ffbfeff, sa_flags=0x10000004
SIGPIPE: [libjvm.so+0x70e300], sa_mask[0]=0x7ffbfeff, sa_flags=0x10000004
SIGXFSZ: [libjvm.so+0x70e300], sa_mask[0]=0x7ffbfeff, sa_flags=0x10000004
SIGILL: [libjvm.so+0x70e300], sa_mask[0]=0x7ffbfeff, sa_flags=0x10000004
SIGUSR1: SIG_DFL, sa_mask[0]=0x00000000, sa_flags=0x00000000
SIGUSR2: [libjvm.so+0x711110], sa_mask[0]=0x00000004, sa_flags=0x10000004
SIGHUP: [libjvm.so+0x710d10], sa_mask[0]=0x7ffbfeff, sa_flags=0x10000004
SIGINT: [libjvm.so+0x710d10], sa_mask[0]=0x7ffbfeff, sa_flags=0x10000004
SIGTERM: [libjvm.so+0x710d10], sa_mask[0]=0x7ffbfeff, sa_flags=0x10000004
SIGQUIT: [libjvm.so+0x710d10], sa_mask[0]=0x7ffbfeff, sa_flags=0x10000004


---------------  S Y S T E M  ---------------

OS:wheezy/sid

uname:Linux 3.11.0-18-generic #32~precise1-Ubuntu SMP Thu Feb 20 17:52:10 UTC 2014 x86_64
libc:glibc 2.15 NPTL 2.15 
rlimit: STACK 8192k, CORE 0k, NPROC 127328, NOFILE 4096, AS infinity
load average:1.81 1.20 0.87

/proc/meminfo:
MemTotal:       16317216 kB
MemFree:         5467184 kB
Buffers:          562468 kB
Cached:          5932664 kB
SwapCached:            0 kB
Active:          5837496 kB
Inactive:        4189560 kB
Active(anon):    3475956 kB
Inactive(anon):   417020 kB
Active(file):    2361540 kB
Inactive(file):  3772540 kB
Unevictable:          92 kB
Mlocked:              92 kB
SwapTotal:      16659452 kB
SwapFree:       16659452 kB
Dirty:               480 kB
Writeback:             0 kB
AnonPages:       3532936 kB
Mapped:           302252 kB
Shmem:            361052 kB
Slab:             631260 kB
SReclaimable:     582164 kB
SUnreclaim:        49096 kB
KernelStack:        6184 kB
PageTables:        46128 kB
NFS_Unstable:          0 kB
Bounce:                0 kB
WritebackTmp:          0 kB
CommitLimit:    24818060 kB
Committed_AS:    8308264 kB
VmallocTotal:   34359738367 kB
VmallocUsed:      376468 kB
VmallocChunk:   34359359064 kB
HardwareCorrupted:     0 kB
AnonHugePages:         0 kB
HugePages_Total:       0
HugePages_Free:        0
HugePages_Rsvd:        0
HugePages_Surp:        0
Hugepagesize:       2048 kB
DirectMap4k:       78672 kB
DirectMap2M:    16582656 kB


CPU:total 8 (4 cores per cpu, 2 threads per core) family 6 model 58 stepping 9, cmov, cx8, fxsr, mmx, sse, sse2, sse3, ssse3, sse4.1, sse4.2, popcnt, ht

/proc/cpuinfo:
processor	: 0
vendor_id	: GenuineIntel
cpu family	: 6
model		: 58
model name	: Intel(R) Core(TM) i7-3770 CPU @ 3.40GHz
stepping	: 9
microcode	: 0x16
cpu MHz		: 3401.000
cache size	: 8192 KB
physical id	: 0
siblings	: 8
core id		: 0
cpu cores	: 4
apicid		: 0
initial apicid	: 0
fpu		: yes
fpu_exception	: yes
cpuid level	: 13
wp		: yes
flags		: fpu vme de pse tsc msr pae mce cx8 apic sep mtrr pge mca cmov pat pse36 clflush dts acpi mmx fxsr sse sse2 ss ht tm pbe syscall nx rdtscp lm constant_tsc arch_perfmon pebs bts rep_good nopl xtopology nonstop_tsc aperfmperf eagerfpu pni pclmulqdq dtes64 monitor ds_cpl vmx smx est tm2 ssse3 cx16 xtpr pdcm pcid sse4_1 sse4_2 x2apic popcnt tsc_deadline_timer aes xsave avx f16c rdrand lahf_lm ida arat epb xsaveopt pln pts dtherm tpr_shadow vnmi flexpriority ept vpid fsgsbase smep erms
bogomips	: 6784.09
clflush size	: 64
cache_alignment	: 64
address sizes	: 36 bits physical, 48 bits virtual
power management:

processor	: 1
vendor_id	: GenuineIntel
cpu family	: 6
model		: 58
model name	: Intel(R) Core(TM) i7-3770 CPU @ 3.40GHz
stepping	: 9
microcode	: 0x16
cpu MHz		: 3401.000
cache size	: 8192 KB
physical id	: 0
siblings	: 8
core id		: 1
cpu cores	: 4
apicid		: 2
initial apicid	: 2
fpu		: yes
fpu_exception	: yes
cpuid level	: 13
wp		: yes
flags		: fpu vme de pse tsc msr pae mce cx8 apic sep mtrr pge mca cmov pat pse36 clflush dts acpi mmx fxsr sse sse2 ss ht tm pbe syscall nx rdtscp lm constant_tsc arch_perfmon pebs bts rep_good nopl xtopology nonstop_tsc aperfmperf eagerfpu pni pclmulqdq dtes64 monitor ds_cpl vmx smx est tm2 ssse3 cx16 xtpr pdcm pcid sse4_1 sse4_2 x2apic popcnt tsc_deadline_timer aes xsave avx f16c rdrand lahf_lm ida arat epb xsaveopt pln pts dtherm tpr_shadow vnmi flexpriority ept vpid fsgsbase smep erms
bogomips	: 6784.09
clflush size	: 64
cache_alignment	: 64
address sizes	: 36 bits physical, 48 bits virtual
power management:

processor	: 2
vendor_id	: GenuineIntel
cpu family	: 6
model		: 58
model name	: Intel(R) Core(TM) i7-3770 CPU @ 3.40GHz
stepping	: 9
microcode	: 0x16
cpu MHz		: 3401.000
cache size	: 8192 KB
physical id	: 0
siblings	: 8
core id		: 2
cpu cores	: 4
apicid		: 4
initial apicid	: 4
fpu		: yes
fpu_exception	: yes
cpuid level	: 13
wp		: yes
flags		: fpu vme de pse tsc msr pae mce cx8 apic sep mtrr pge mca cmov pat pse36 clflush dts acpi mmx fxsr sse sse2 ss ht tm pbe syscall nx rdtscp lm constant_tsc arch_perfmon pebs bts rep_good nopl xtopology nonstop_tsc aperfmperf eagerfpu pni pclmulqdq dtes64 monitor ds_cpl vmx smx est tm2 ssse3 cx16 xtpr pdcm pcid sse4_1 sse4_2 x2apic popcnt tsc_deadline_timer aes xsave avx f16c rdrand lahf_lm ida arat epb xsaveopt pln pts dtherm tpr_shadow vnmi flexpriority ept vpid fsgsbase smep erms
bogomips	: 6784.09
clflush size	: 64
cache_alignment	: 64
address sizes	: 36 bits physical, 48 bits virtual
power management:

processor	: 3
vendor_id	: GenuineIntel
cpu family	: 6
model		: 58
model name	: Intel(R) Core(TM) i7-3770 CPU @ 3.40GHz
stepping	: 9
microcode	: 0x16
cpu MHz		: 3401.000
cache size	: 8192 KB
physical id	: 0
siblings	: 8
core id		: 3
cpu cores	: 4
apicid		: 6
initial apicid	: 6
fpu		: yes
fpu_exception	: yes
cpuid level	: 13
wp		: yes
flags		: fpu vme de pse tsc msr pae mce cx8 apic sep mtrr pge mca cmov pat pse36 clflush dts acpi mmx fxsr sse sse2 ss ht tm pbe syscall nx rdtscp lm constant_tsc arch_perfmon pebs bts rep_good nopl xtopology nonstop_tsc aperfmperf eagerfpu pni pclmulqdq dtes64 monitor ds_cpl vmx smx est tm2 ssse3 cx16 xtpr pdcm pcid sse4_1 sse4_2 x2apic popcnt tsc_deadline_timer aes xsave avx f16c rdrand lahf_lm ida arat epb xsaveopt pln pts dtherm tpr_shadow vnmi flexpriority ept vpid fsgsbase smep erms
bogomips	: 6784.09
clflush size	: 64
cache_alignment	: 64
address sizes	: 36 bits physical, 48 bits virtual
power management:

processor	: 4
vendor_id	: GenuineIntel
cpu family	: 6
model		: 58
model name	: Intel(R) Core(TM) i7-3770 CPU @ 3.40GHz
stepping	: 9
microcode	: 0x16
cpu MHz		: 3401.000
cache size	: 8192 KB
physical id	: 0
siblings	: 8
core id		: 0
cpu cores	: 4
apicid		: 1
initial apicid	: 1
fpu		: yes
fpu_exception	: yes
cpuid level	: 13
wp		: yes
flags		: fpu vme de pse tsc msr pae mce cx8 apic sep mtrr pge mca cmov pat pse36 clflush dts acpi mmx fxsr sse sse2 ss ht tm pbe syscall nx rdtscp lm constant_tsc arch_perfmon pebs bts rep_good nopl xtopology nonstop_tsc aperfmperf eagerfpu pni pclmulqdq dtes64 monitor ds_cpl vmx smx est tm2 ssse3 cx16 xtpr pdcm pcid sse4_1 sse4_2 x2apic popcnt tsc_deadline_timer aes xsave avx f16c rdrand lahf_lm ida arat epb xsaveopt pln pts dtherm tpr_shadow vnmi flexpriority ept vpid fsgsbase smep erms
bogomips	: 6784.09
clflush size	: 64
cache_alignment	: 64
address sizes	: 36 bits physical, 48 bits virtual
power management:

processor	: 5
vendor_id	: GenuineIntel
cpu family	: 6
model		: 58
model name	: Intel(R) Core(TM) i7-3770 CPU @ 3.40GHz
stepping	: 9
microcode	: 0x16
cpu MHz		: 3401.000
cache size	: 8192 KB
physical id	: 0
siblings	: 8
core id		: 1
cpu cores	: 4
apicid		: 3
initial apicid	: 3
fpu		: yes
fpu_exception	: yes
cpuid level	: 13
wp		: yes
flags		: fpu vme de pse tsc msr pae mce cx8 apic sep mtrr pge mca cmov pat pse36 clflush dts acpi mmx fxsr sse sse2 ss ht tm pbe syscall nx rdtscp lm constant_tsc arch_perfmon pebs bts rep_good nopl xtopology nonstop_tsc aperfmperf eagerfpu pni pclmulqdq dtes64 monitor ds_cpl vmx smx est tm2 ssse3 cx16 xtpr pdcm pcid sse4_1 sse4_2 x2apic popcnt tsc_deadline_timer aes xsave avx f16c rdrand lahf_lm ida arat epb xsaveopt pln pts dtherm tpr_shadow vnmi flexpriority ept vpid fsgsbase smep erms
bogomips	: 6784.09
clflush size	: 64
cache_alignment	: 64
address sizes	: 36 bits physical, 48 bits virtual
power management:

processor	: 6
vendor_id	: GenuineIntel
cpu family	: 6
model		: 58
model name	: Intel(R) Core(TM) i7-3770 CPU @ 3.40GHz
stepping	: 9
microcode	: 0x16
cpu MHz		: 3401.000
cache size	: 8192 KB
physical id	: 0
siblings	: 8
core id		: 2
cpu cores	: 4
apicid		: 5
initial apicid	: 5
fpu		: yes
fpu_exception	: yes
cpuid level	: 13
wp		: yes
flags		: fpu vme de pse tsc msr pae mce cx8 apic sep mtrr pge mca cmov pat pse36 clflush dts acpi mmx fxsr sse sse2 ss ht tm pbe syscall nx rdtscp lm constant_tsc arch_perfmon pebs bts rep_good nopl xtopology nonstop_tsc aperfmperf eagerfpu pni pclmulqdq dtes64 monitor ds_cpl vmx smx est tm2 ssse3 cx16 xtpr pdcm pcid sse4_1 sse4_2 x2apic popcnt tsc_deadline_timer aes xsave avx f16c rdrand lahf_lm ida arat epb xsaveopt pln pts dtherm tpr_shadow vnmi flexpriority ept vpid fsgsbase smep erms
bogomips	: 6784.09
clflush size	: 64
cache_alignment	: 64
address sizes	: 36 bits physical, 48 bits virtual
power management:

processor	: 7
vendor_id	: GenuineIntel
cpu family	: 6
model		: 58
model name	: Intel(R) Core(TM) i7-3770 CPU @ 3.40GHz
stepping	: 9
microcode	: 0x16
cpu MHz		: 3401.000
cache size	: 8192 KB
physical id	: 0
siblings	: 8
core id		: 3
cpu cores	: 4
apicid		: 7
initial apicid	: 7
fpu		: yes
fpu_exception	: yes
cpuid level	: 13
wp		: yes
flags		: fpu vme de pse tsc msr pae mce cx8 apic sep mtrr pge mca cmov pat pse36 clflush dts acpi mmx fxsr sse sse2 ss ht tm pbe syscall nx rdtscp lm constant_tsc arch_perfmon pebs bts rep_good nopl xtopology nonstop_tsc aperfmperf eagerfpu pni pclmulqdq dtes64 monitor ds_cpl vmx smx est tm2 ssse3 cx16 xtpr pdcm pcid sse4_1 sse4_2 x2apic popcnt tsc_deadline_timer aes xsave avx f16c rdrand lahf_lm ida arat epb xsaveopt pln pts dtherm tpr_shadow vnmi flexpriority ept vpid fsgsbase smep erms
bogomips	: 6784.09
clflush size	: 64
cache_alignment	: 64
address sizes	: 36 bits physical, 48 bits virtual
power management:



Memory: 4k page, physical 16317216k(5467184k free), swap 16659452k(16659452k free)

vm_info: Java HotSpot(TM) 64-Bit Server VM (20.1-b02) for linux-amd64 JRE (1.6.0_26-b03), built on May  4 2011 01:13:47 by "java_re" with gcc 3.2.2 (SuSE Linux)

time: Wed Oct 15 11:40:39 2014
elapsed time: 3 seconds

