#
# A fatal error has been detected by the Java Runtime Environment:
#
#  SIGSEGV (0xb) at pc=0x00007f26b754f74b, pid=19474, tid=139804218267392
#
# JRE version: 6.0_26-b03
# Java VM: Java HotSpot(TM) 64-Bit Server VM (20.1-b02 mixed mode linux-amd64 compressed oops)
# Problematic frame:
# V  [libjvm.so+0x76074b]  PSPromotionManager::copy_to_survivor_space(oopDesc*)+0x5b
#
# If you would like to submit a bug report, please visit:
#   http://java.sun.com/webapps/bugreport/crash.jsp
#

---------------  T H R E A D  ---------------

Current thread (0x00007f26b0020000):  GCTaskThread [stack: 0x00007f26b4b49000,0x00007f26b4c4a000] [id=19483]

siginfo:si_signo=SIGSEGV: si_errno=0, si_code=1 (SEGV_MAPERR), si_addr=0x0000000065d87198

Registers:
RAX=0x0000000000000001, RBX=0x00007f26b7890ee0, RCX=0x0000000000000003, RDX=0x0000000065d87180
RSP=0x00007f26b4c48740, RBP=0x00007f26b4c487b0, RSI=0x00007f26b7874530, RDI=0x0000000065d87190
R8 =0x00007f26b788bf80, R9 =0x00007f26700a5930, R10=0x0000000000000000, R11=0x0000000000000001
R12=0x00007f2677cfb4b0, R13=0x00000007e19761c6, R14=0x0000000000000000, R15=0x00007f26b4c48cd0
RIP=0x00007f26b754f74b, EFLAGS=0x0000000000010202, CSGSFS=0x0000000000000033, ERR=0x0000000000000004
  TRAPNO=0x000000000000000e

Top of Stack: (sp=0x00007f26b4c48740)
0x00007f26b4c48740:   00007f26b4c48750 00007f26b7552ad0
0x00007f26b4c48750:   00007f26b4c48770 00007f26b722f9b1
0x00007f26b4c48760:   00007f26b006aef0 0000000000000000
0x00007f26b4c48770:   00007f26b4c487c0 00007f26b74f5026
0x00007f26b4c48780:   00007f26b4c487c0 00007f2677cfb528
0x00007f26b4c48790:   00007f26b4c48970 00007f26b4c489a0
0x00007f26b4c487a0:   00007f26b4c48830 00007f26b4c48cd0
0x00007f26b4c487b0:   00007f26b4c487d0 00007f26b7550215
0x00007f26b4c487c0:   00007f26b4c488f0 00007f26b4c48820
0x00007f26b4c487d0:   00007f26b4c487e0 00007f26b7552ad0
0x00007f26b4c487e0:   00007f26b4c48880 00007f26b74f438b
0x00007f26b4c487f0:   01007f2677bfaa40 00007f26b4c4881c
0x00007f26b4c48800:   00007f26700a5910 00007f26b79c7730
0x00007f26b4c48810:   00007f26b74f4940 ffff0a81b4c48970
0x00007f26b4c48820:   00007f26b0020a10 0000000100000007
0x00007f26b4c48830:   0a817f0100000001 000000010000ffff
0x00007f26b4c48840:   0a817f0000000002 000000000000ffff
0x00007f26b4c48850:   0000000000000000 00007f26b4c48970
0x00007f26b4c48860:   00007f26b4c489a0 00007f26b4c48cb0
0x00007f26b4c48870:   00007f26b4c48cd0 00007f26b4c48cb0
0x00007f26b4c48880:   00007f26b4c48890 00007f26b74f41e7
0x00007f26b4c48890:   00007f26b4c488f0 00007f26b722ecca
0x00007f26b4c488a0:   00007f26b4c488c0 00007f26b74d9528
0x00007f26b4c488b0:   00007f26b7887730 00007f26b4c48940
0x00007f26b4c488c0:   00007f26b4c48910 00007f26b7230526
0x00007f26b4c488d0:   00007f26b4c48970 0000000000000001
0x00007f26b4c488e0:   00007f26b4c489a0 00007f26b4c48cd0
0x00007f26b4c488f0:   00007f26b4c48930 00007f26b722f432
0x00007f26b4c48900:   00007f26b0132800 00007f26b4c489a0
0x00007f26b4c48910:   00007f26b4c48970 00007f26b4c48cd0
0x00007f26b4c48920:   00007f26b0132800 00007f26b4c48cb0
0x00007f26b4c48930:   00007f26b4c48ca0 00007f26b760a973 

Instructions: (pc=0x00007f26b754f74b)
0x00007f26b754f72b:   00 0f 84 06 07 00 00 48 8b 1d ff 90 46 00 41 8b
0x00007f26b754f73b:   54 24 08 8b 4b 08 48 d3 e2 48 03 13 48 8d 7a 10
0x00007f26b754f74b:   8b 5f 08 89 d8 c1 f8 03 85 db 0f 8e 7d 06 00 00
0x00007f26b754f75b:   45 89 ea 4c 63 f8 41 83 f2 01 41 83 e2 01 45 84 

Register to memory mapping:

RAX=0x0000000000000001 is an unknown value
RBX=0x00007f26b7890ee0: <offset 0xaa1ee0> in /home/lpxz/pool/jdk1.6.0_26/jre/lib/amd64/server/libjvm.so at 0x00007f26b6def000
RCX=0x0000000000000003 is an unknown value
RDX=0x0000000065d87180 is an unknown value
RSP=0x00007f26b4c48740 is an unknown value
RBP=0x00007f26b4c487b0 is an unknown value
RSI=0x00007f26b7874530: <offset 0xa85530> in /home/lpxz/pool/jdk1.6.0_26/jre/lib/amd64/server/libjvm.so at 0x00007f26b6def000
RDI=0x0000000065d87190 is an unknown value
R8 =0x00007f26b788bf80: <offset 0xa9cf80> in /home/lpxz/pool/jdk1.6.0_26/jre/lib/amd64/server/libjvm.so at 0x00007f26b6def000
R9 =0x00007f26700a5930 is an unknown value
R10=0x0000000000000000 is an unknown value
R11=0x0000000000000001 is an unknown value
R12=0x00007f2677cfb4b0 is pointing into the stack for thread: 0x00007f26b0132800
R13=0x00000007e19761c6 is an unallocated location in the heap
R14=0x0000000000000000 is an unknown value
R15=0x00007f26b4c48cd0 is an unknown value


Stack: [0x00007f26b4b49000,0x00007f26b4c4a000],  sp=0x00007f26b4c48740,  free space=1021k
Native frames: (J=compiled Java code, j=interpreted, Vv=VM code, C=native code)
V  [libjvm.so+0x76074b]  PSPromotionManager::copy_to_survivor_space(oopDesc*)+0x5b
V  [libjvm.so+0x761215]  void PSScavenge::copy_and_push_safe_barrier<oopDesc*>(PSPromotionManager*, oopDesc**)+0xb5
V  [libjvm.so+0x763ad0]  PSScavengeRootsClosure::do_oop(oopDesc**)+0x30
V  [libjvm.so+0x70538b]  OopMapSet::all_do(frame const*, RegisterMap const*, OopClosure*, void (*)(oopDesc**, oopDesc**), OopClosure*)+0x19b
V  [libjvm.so+0x7051e7]  OopMapSet::oops_do(frame const*, RegisterMap const*, OopClosure*)+0x17
V  [libjvm.so+0x43fcca]  frame::oops_code_blob_do(OopClosure*, CodeBlobClosure*, RegisterMap const*)+0x3a
V  [libjvm.so+0x440432]  frame::oops_do_internal(OopClosure*, CodeBlobClosure*, RegisterMap*, bool)+0x82
V  [libjvm.so+0x81b973]  JavaThread::oops_do(OopClosure*, CodeBlobClosure*)+0x1d3
V  [libjvm.so+0x76377d]  ThreadRootsTask::do_it(GCTaskManager*, unsigned)+0xad
V  [libjvm.so+0x466efa]  GCTaskThread::run()+0x16a
V  [libjvm.so+0x710adf]  java_start(Thread*)+0x13f

JavaThread 0x00007f26b0132800 (nid = 19497) was being processed
Java frames: (J=compiled Java code, j=interpreted, Vv=VM code)
j  java.util.Arrays.copyOf([Ljava/lang/Object;ILjava/lang/Class;)[Ljava/lang/Object;+8
j  java.util.Arrays.copyOf([Ljava/lang/Object;I)[Ljava/lang/Object;+6
J  edu.hkust.leap.monitor.RecordMonitor.accessSPE(IJZ)V
J  edu.hkust.leap.monitor.RecordMonitor.readBeforeInstance(Ljava/lang/Object;IJLjava/lang/String;ILjava/lang/Object;)V
J  spec.jbb.Order.processLines(Lspec/jbb/Warehouse;SZ)Z
j  spec.jbb.NewOrderTransaction.process()Z+183
j  spec.jbb.TransactionManager.runTxn(Lspec/jbb/Transaction;JJD)J+36
j  spec.jbb.TransactionManager.goManual(ILspec/jbb/TimerData;)J+141
j  spec.jbb.TransactionManager.go()V+437
j  spec.jbb.JBBmain.run()V+127
j  java.lang.Thread.run()V+11
v  ~StubRoutines::call_stub

---------------  P R O C E S S  ---------------

Java Threads: ( => current thread )
  0x00007f26b0133800 JavaThread "Thread-2" [_thread_blocked, id=19498, stack(0x00007f2677afb000,0x00007f2677bfc000)]
  0x00007f26b0132800 JavaThread "Thread-1" [_thread_blocked, id=19497, stack(0x00007f2677bfc000,0x00007f2677cfd000)]
  0x00007f26b0099800 JavaThread "Low Memory Detector" daemon [_thread_blocked, id=19494, stack(0x00007f2677dfe000,0x00007f2677eff000)]
  0x00007f26b0097000 JavaThread "C2 CompilerThread1" daemon [_thread_blocked, id=19493, stack(0x00007f2677eff000,0x00007f2678000000)]
  0x00007f26b0094800 JavaThread "C2 CompilerThread0" daemon [_thread_blocked, id=19492, stack(0x00007f26ac014000,0x00007f26ac115000)]
  0x00007f26b0092000 JavaThread "Signal Dispatcher" daemon [_thread_blocked, id=19491, stack(0x00007f26ac115000,0x00007f26ac216000)]
  0x00007f26b0076000 JavaThread "Finalizer" daemon [_thread_blocked, id=19490, stack(0x00007f26ac8f9000,0x00007f26ac9fa000)]
  0x00007f26b0074000 JavaThread "Reference Handler" daemon [_thread_blocked, id=19489, stack(0x00007f26ac9fa000,0x00007f26acafb000)]
  0x00007f26b0007800 JavaThread "main" [_thread_blocked, id=19479, stack(0x00007f26b69f2000,0x00007f26b6af3000)]

Other Threads:
  0x00007f26b006d000 VMThread [stack: 0x00007f26acafb000,0x00007f26acbfc000] [id=19488]
  0x00007f26b00ac000 WatcherThread [stack: 0x00007f2677cfd000,0x00007f2677dfe000] [id=19495]

=>0x00007f26b0020000 (exited) GCTaskThread [stack: 0x00007f26b4b49000,0x00007f26b4c4a000] [id=19483]

VM state:at safepoint (normal execution)

VM Mutex/Monitor currently owned by a thread:  ([mutex/lock_event])
[0x00007f26b0004830] Threads_lock - owner thread: 0x00007f26b006d000
[0x00007f26b0004d30] Heap_lock - owner thread: 0x00007f26b0132800

Heap
 PSYoungGen      total 73024K, used 72845K [0x00000007ae800000, 0x00000007b76a0000, 0x0000000800000000)
  eden space 62592K, 99% used [0x00000007ae800000,0x00000007b24fb670,0x00000007b2520000)
  from space 10432K, 99% used [0x00000007b2520000,0x00000007b2f48010,0x00000007b2f50000)
  to   space 10432K, 99% used [0x00000007b6c70000,0x00000007b769a1e0,0x00000007b76a0000)
 PSOldGen        total 166912K, used 87071K [0x000000070b800000, 0x0000000715b00000, 0x00000007ae800000)
  object space 166912K, 52% used [0x000000070b800000,0x0000000710d07fb0,0x0000000715b00000)
 PSPermGen       total 21248K, used 6286K [0x0000000706600000, 0x0000000707ac0000, 0x000000070b800000)
  object space 21248K, 29% used [0x0000000706600000,0x0000000706c23948,0x0000000707ac0000)

Code Cache  [0x00007f26ad000000, 0x00007f26ad270000, 0x00007f26b0000000)
 total_blobs=424 nmethods=179 adapters=199 free_code_cache=49531136 largest_free_block=13120

Dynamic libraries:
40000000-40009000 r-xp 00000000 08:08 11159973                           /home/lpxz/pool/jdk1.6.0_26/jre/bin/java
40108000-4010a000 rwxp 00008000 08:08 11159973                           /home/lpxz/pool/jdk1.6.0_26/jre/bin/java
41f8d000-41fae000 rwxp 00000000 00:00 0                                  [heap]
706600000-707ac0000 rwxp 00000000 00:00 0 
707ac0000-70b800000 rwxp 00000000 00:00 0 
70b800000-715b00000 rwxp 00000000 00:00 0 
715b00000-7ae800000 rwxp 00000000 00:00 0 
7ae800000-7b76a0000 rwxp 00000000 00:00 0 
7b76a0000-800000000 rwxp 00000000 00:00 0 
7f2660000000-7f2660021000 rwxp 00000000 00:00 0 
7f2660021000-7f2664000000 ---p 00000000 00:00 0 
7f2664000000-7f2664021000 rwxp 00000000 00:00 0 
7f2664021000-7f2668000000 ---p 00000000 00:00 0 
7f2668000000-7f2668021000 rwxp 00000000 00:00 0 
7f2668021000-7f266c000000 ---p 00000000 00:00 0 
7f266c000000-7f266c021000 rwxp 00000000 00:00 0 
7f266c021000-7f2670000000 ---p 00000000 00:00 0 
7f2670000000-7f2670700000 rwxp 00000000 00:00 0 
7f2670700000-7f2674000000 ---p 00000000 00:00 0 
7f2677afb000-7f2677afe000 ---p 00000000 00:00 0 
7f2677afe000-7f2677bfc000 rwxp 00000000 00:00 0 
7f2677bfc000-7f2677bff000 ---p 00000000 00:00 0 
7f2677bff000-7f2677cfd000 rwxp 00000000 00:00 0 
7f2677cfd000-7f2677cfe000 ---p 00000000 00:00 0 
7f2677cfe000-7f2677dfe000 rwxp 00000000 00:00 0 
7f2677dfe000-7f2677e01000 ---p 00000000 00:00 0 
7f2677e01000-7f2677eff000 rwxp 00000000 00:00 0 
7f2677eff000-7f2677f02000 ---p 00000000 00:00 0 
7f2677f02000-7f2678000000 rwxp 00000000 00:00 0 
7f2678000000-7f2678021000 rwxp 00000000 00:00 0 
7f2678021000-7f267c000000 ---p 00000000 00:00 0 
7f267c000000-7f267cd73000 rwxp 00000000 00:00 0 
7f267cd73000-7f2680000000 ---p 00000000 00:00 0 
7f2680000000-7f2680021000 rwxp 00000000 00:00 0 
7f2680021000-7f2684000000 ---p 00000000 00:00 0 
7f2684000000-7f2684021000 rwxp 00000000 00:00 0 
7f2684021000-7f2688000000 ---p 00000000 00:00 0 
7f2688000000-7f2688021000 rwxp 00000000 00:00 0 
7f2688021000-7f268c000000 ---p 00000000 00:00 0 
7f268c000000-7f268c021000 rwxp 00000000 00:00 0 
7f268c021000-7f2690000000 ---p 00000000 00:00 0 
7f2690000000-7f2690021000 rwxp 00000000 00:00 0 
7f2690021000-7f2694000000 ---p 00000000 00:00 0 
7f2694000000-7f2694021000 rwxp 00000000 00:00 0 
7f2694021000-7f2698000000 ---p 00000000 00:00 0 
7f2698000000-7f2698021000 rwxp 00000000 00:00 0 
7f2698021000-7f269c000000 ---p 00000000 00:00 0 
7f269c000000-7f269c021000 rwxp 00000000 00:00 0 
7f269c021000-7f26a0000000 ---p 00000000 00:00 0 
7f26a0000000-7f26a0021000 rwxp 00000000 00:00 0 
7f26a0021000-7f26a4000000 ---p 00000000 00:00 0 
7f26a4000000-7f26a4021000 rwxp 00000000 00:00 0 
7f26a4021000-7f26a8000000 ---p 00000000 00:00 0 
7f26a8000000-7f26a8021000 rwxp 00000000 00:00 0 
7f26a8021000-7f26ac000000 ---p 00000000 00:00 0 
7f26ac014000-7f26ac017000 ---p 00000000 00:00 0 
7f26ac017000-7f26ac115000 rwxp 00000000 00:00 0 
7f26ac115000-7f26ac118000 ---p 00000000 00:00 0 
7f26ac118000-7f26ac216000 rwxp 00000000 00:00 0 
7f26ac216000-7f26ac8f9000 r-xp 00000000 08:08 6297920                    /usr/lib/locale/locale-archive
7f26ac8f9000-7f26ac8fc000 ---p 00000000 00:00 0 
7f26ac8fc000-7f26ac9fa000 rwxp 00000000 00:00 0 
7f26ac9fa000-7f26ac9fd000 ---p 00000000 00:00 0 
7f26ac9fd000-7f26acafb000 rwxp 00000000 00:00 0 
7f26acafb000-7f26acafc000 ---p 00000000 00:00 0 
7f26acafc000-7f26ad270000 rwxp 00000000 00:00 0 
7f26ad270000-7f26b017a000 rwxp 00000000 00:00 0 
7f26b017a000-7f26b4000000 ---p 00000000 00:00 0 
7f26b4039000-7f26b4045000 r-xs 000da000 08:08 4477681                    /home/lpxz/eclipse/workspacePA_icse/soot-One/lib/polyglotclasses-1.3.5.jar
7f26b4045000-7f26b4048000 r-xs 0002b000 08:08 4477682                    /home/lpxz/eclipse/workspacePA_icse/soot-One/lib/jasminclasses-2.5.0.jar
7f26b4048000-7f26b404c000 r-xs 000cb000 08:08 11292490                   /home/lpxz/pool/jdk1.6.0_26/jre/lib/ext/localedata.jar
7f26b404c000-7f26b4585000 rwxp 00000000 00:00 0 
7f26b4585000-7f26b471d000 r-xs 03029000 08:08 11160400                   /home/lpxz/pool/jdk1.6.0_26/jre/lib/rt.jar
7f26b471d000-7f26b4745000 rwxp 00000000 00:00 0 
7f26b4745000-7f26b4746000 ---p 00000000 00:00 0 
7f26b4746000-7f26b4846000 rwxp 00000000 00:00 0 
7f26b4846000-7f26b4847000 ---p 00000000 00:00 0 
7f26b4847000-7f26b4947000 rwxp 00000000 00:00 0 
7f26b4947000-7f26b4948000 ---p 00000000 00:00 0 
7f26b4948000-7f26b4a48000 rwxp 00000000 00:00 0 
7f26b4a48000-7f26b4a49000 ---p 00000000 00:00 0 
7f26b4a49000-7f26b4b49000 rwxp 00000000 00:00 0 
7f26b4b49000-7f26b4b4a000 ---p 00000000 00:00 0 
7f26b4b4a000-7f26b4c4a000 rwxp 00000000 00:00 0 
7f26b4c4a000-7f26b4c4b000 ---p 00000000 00:00 0 
7f26b4c4b000-7f26b4d4b000 rwxp 00000000 00:00 0 
7f26b4d4b000-7f26b4d4c000 ---p 00000000 00:00 0 
7f26b4d4c000-7f26b4e4c000 rwxp 00000000 00:00 0 
7f26b4e4c000-7f26b4e4d000 ---p 00000000 00:00 0 
7f26b4e4d000-7f26b4f58000 rwxp 00000000 00:00 0 
7f26b4f58000-7f26b4f76000 rwxp 00000000 00:00 0 
7f26b4f76000-7f26b4fc8000 rwxp 00000000 00:00 0 
7f26b4fc8000-7f26b548e000 rwxp 00000000 00:00 0 
7f26b548e000-7f26b5499000 rwxp 00000000 00:00 0 
7f26b5499000-7f26b54b7000 rwxp 00000000 00:00 0 
7f26b54b7000-7f26b5509000 rwxp 00000000 00:00 0 
7f26b5509000-7f26b59cf000 rwxp 00000000 00:00 0 
7f26b59cf000-7f26b5a17000 rwxp 00000000 00:00 0 
7f26b5a17000-7f26b5c5b000 rwxp 00000000 00:00 0 
7f26b5c5b000-7f26b5c5c000 rwxp 00000000 00:00 0 
7f26b5c5c000-7f26b5c6a000 r-xp 00000000 08:08 11292423                   /home/lpxz/pool/jdk1.6.0_26/jre/lib/amd64/libzip.so
7f26b5c6a000-7f26b5d6c000 ---p 0000e000 08:08 11292423                   /home/lpxz/pool/jdk1.6.0_26/jre/lib/amd64/libzip.so
7f26b5d6c000-7f26b5d6f000 rwxp 00010000 08:08 11292423                   /home/lpxz/pool/jdk1.6.0_26/jre/lib/amd64/libzip.so
7f26b5d6f000-7f26b5d70000 rwxp 00000000 00:00 0 
7f26b5d70000-7f26b5d7c000 r-xp 00000000 08:08 12594830                   /lib/x86_64-linux-gnu/libnss_files-2.15.so
7f26b5d7c000-7f26b5f7b000 ---p 0000c000 08:08 12594830                   /lib/x86_64-linux-gnu/libnss_files-2.15.so
7f26b5f7b000-7f26b5f7c000 r-xp 0000b000 08:08 12594830                   /lib/x86_64-linux-gnu/libnss_files-2.15.so
7f26b5f7c000-7f26b5f7d000 rwxp 0000c000 08:08 12594830                   /lib/x86_64-linux-gnu/libnss_files-2.15.so
7f26b5f7d000-7f26b5f87000 r-xp 00000000 08:08 12594834                   /lib/x86_64-linux-gnu/libnss_nis-2.15.so
7f26b5f87000-7f26b6187000 ---p 0000a000 08:08 12594834                   /lib/x86_64-linux-gnu/libnss_nis-2.15.so
7f26b6187000-7f26b6188000 r-xp 0000a000 08:08 12594834                   /lib/x86_64-linux-gnu/libnss_nis-2.15.so
7f26b6188000-7f26b6189000 rwxp 0000b000 08:08 12594834                   /lib/x86_64-linux-gnu/libnss_nis-2.15.so
7f26b6189000-7f26b6191000 r-xp 00000000 08:08 12594828                   /lib/x86_64-linux-gnu/libnss_compat-2.15.so
7f26b6191000-7f26b6390000 ---p 00008000 08:08 12594828                   /lib/x86_64-linux-gnu/libnss_compat-2.15.so
7f26b6390000-7f26b6391000 r-xp 00007000 08:08 12594828                   /lib/x86_64-linux-gnu/libnss_compat-2.15.so
7f26b6391000-7f26b6392000 rwxp 00008000 08:08 12594828                   /lib/x86_64-linux-gnu/libnss_compat-2.15.so
7f26b6392000-7f26b63a9000 r-xp 00000000 08:08 12594846                   /lib/x86_64-linux-gnu/libnsl-2.15.so
7f26b63a9000-7f26b65a8000 ---p 00017000 08:08 12594846                   /lib/x86_64-linux-gnu/libnsl-2.15.so
7f26b65a8000-7f26b65a9000 r-xp 00016000 08:08 12594846                   /lib/x86_64-linux-gnu/libnsl-2.15.so
7f26b65a9000-7f26b65aa000 rwxp 00017000 08:08 12594846                   /lib/x86_64-linux-gnu/libnsl-2.15.so
7f26b65aa000-7f26b65ac000 rwxp 00000000 00:00 0 
7f26b65ac000-7f26b65d5000 r-xp 00000000 08:08 11292436                   /home/lpxz/pool/jdk1.6.0_26/jre/lib/amd64/libjava.so
7f26b65d5000-7f26b66d4000 ---p 00029000 08:08 11292436                   /home/lpxz/pool/jdk1.6.0_26/jre/lib/amd64/libjava.so
7f26b66d4000-7f26b66db000 rwxp 00028000 08:08 11292436                   /home/lpxz/pool/jdk1.6.0_26/jre/lib/amd64/libjava.so
7f26b66db000-7f26b66e8000 r-xp 00000000 08:08 11292418                   /home/lpxz/pool/jdk1.6.0_26/jre/lib/amd64/libverify.so
7f26b66e8000-7f26b67e7000 ---p 0000d000 08:08 11292418                   /home/lpxz/pool/jdk1.6.0_26/jre/lib/amd64/libverify.so
7f26b67e7000-7f26b67ea000 rwxp 0000c000 08:08 11292418                   /home/lpxz/pool/jdk1.6.0_26/jre/lib/amd64/libverify.so
7f26b67ea000-7f26b67f1000 r-xp 00000000 08:08 12594833                   /lib/x86_64-linux-gnu/librt-2.15.so
7f26b67f1000-7f26b69f0000 ---p 00007000 08:08 12594833                   /lib/x86_64-linux-gnu/librt-2.15.so
7f26b69f0000-7f26b69f1000 r-xp 00006000 08:08 12594833                   /lib/x86_64-linux-gnu/librt-2.15.so
7f26b69f1000-7f26b69f2000 rwxp 00007000 08:08 12594833                   /lib/x86_64-linux-gnu/librt-2.15.so
7f26b69f2000-7f26b69f5000 ---p 00000000 00:00 0 
7f26b69f5000-7f26b6af3000 rwxp 00000000 00:00 0 
7f26b6af3000-7f26b6bee000 r-xp 00000000 08:08 12594837                   /lib/x86_64-linux-gnu/libm-2.15.so
7f26b6bee000-7f26b6ded000 ---p 000fb000 08:08 12594837                   /lib/x86_64-linux-gnu/libm-2.15.so
7f26b6ded000-7f26b6dee000 r-xp 000fa000 08:08 12594837                   /lib/x86_64-linux-gnu/libm-2.15.so
7f26b6dee000-7f26b6def000 rwxp 000fb000 08:08 12594837                   /lib/x86_64-linux-gnu/libm-2.15.so
7f26b6def000-7f26b7709000 r-xp 00000000 08:08 11292443                   /home/lpxz/pool/jdk1.6.0_26/jre/lib/amd64/server/libjvm.so
7f26b7709000-7f26b780b000 ---p 0091a000 08:08 11292443                   /home/lpxz/pool/jdk1.6.0_26/jre/lib/amd64/server/libjvm.so
7f26b780b000-7f26b79c0000 rwxp 0091c000 08:08 11292443                   /home/lpxz/pool/jdk1.6.0_26/jre/lib/amd64/server/libjvm.so
7f26b79c0000-7f26b79fa000 rwxp 00000000 00:00 0 
7f26b79fa000-7f26b7baf000 r-xp 00000000 08:08 12594826                   /lib/x86_64-linux-gnu/libc-2.15.so
7f26b7baf000-7f26b7daf000 ---p 001b5000 08:08 12594826                   /lib/x86_64-linux-gnu/libc-2.15.so
7f26b7daf000-7f26b7db3000 r-xp 001b5000 08:08 12594826                   /lib/x86_64-linux-gnu/libc-2.15.so
7f26b7db3000-7f26b7db5000 rwxp 001b9000 08:08 12594826                   /lib/x86_64-linux-gnu/libc-2.15.so
7f26b7db5000-7f26b7dba000 rwxp 00000000 00:00 0 
7f26b7dba000-7f26b7dbc000 r-xp 00000000 08:08 12594841                   /lib/x86_64-linux-gnu/libdl-2.15.so
7f26b7dbc000-7f26b7fbc000 ---p 00002000 08:08 12594841                   /lib/x86_64-linux-gnu/libdl-2.15.so
7f26b7fbc000-7f26b7fbd000 r-xp 00002000 08:08 12594841                   /lib/x86_64-linux-gnu/libdl-2.15.so
7f26b7fbd000-7f26b7fbe000 rwxp 00003000 08:08 12594841                   /lib/x86_64-linux-gnu/libdl-2.15.so
7f26b7fbe000-7f26b7fd6000 r-xp 00000000 08:08 12594835                   /lib/x86_64-linux-gnu/libpthread-2.15.so
7f26b7fd6000-7f26b81d5000 ---p 00018000 08:08 12594835                   /lib/x86_64-linux-gnu/libpthread-2.15.so
7f26b81d5000-7f26b81d6000 r-xp 00017000 08:08 12594835                   /lib/x86_64-linux-gnu/libpthread-2.15.so
7f26b81d6000-7f26b81d7000 rwxp 00018000 08:08 12594835                   /lib/x86_64-linux-gnu/libpthread-2.15.so
7f26b81d7000-7f26b81db000 rwxp 00000000 00:00 0 
7f26b81db000-7f26b81fd000 r-xp 00000000 08:08 12594838                   /lib/x86_64-linux-gnu/ld-2.15.so
7f26b8211000-7f26b821b000 rwxp 00000000 00:00 0 
7f26b821b000-7f26b82d1000 rwxp 00000000 00:00 0 
7f26b82d1000-7f26b82d4000 rwxp 00000000 00:00 0 
7f26b82d4000-7f26b82db000 r-xp 00000000 08:08 11292408                   /home/lpxz/pool/jdk1.6.0_26/jre/lib/amd64/jli/libjli.so
7f26b82db000-7f26b83dc000 ---p 00007000 08:08 11292408                   /home/lpxz/pool/jdk1.6.0_26/jre/lib/amd64/jli/libjli.so
7f26b83dc000-7f26b83de000 rwxp 00008000 08:08 11292408                   /home/lpxz/pool/jdk1.6.0_26/jre/lib/amd64/jli/libjli.so
7f26b83de000-7f26b83df000 rwxp 00000000 00:00 0 
7f26b83f1000-7f26b83f9000 rwxs 00000000 08:08 5004836                    /tmp/hsperfdata_lpxz/19474
7f26b83f9000-7f26b83fa000 rwxp 00000000 00:00 0 
7f26b83fa000-7f26b83fb000 ---p 00000000 00:00 0 
7f26b83fb000-7f26b83fd000 rwxp 00000000 00:00 0 
7f26b83fd000-7f26b83fe000 r-xp 00022000 08:08 12594838                   /lib/x86_64-linux-gnu/ld-2.15.so
7f26b83fe000-7f26b8400000 rwxp 00023000 08:08 12594838                   /lib/x86_64-linux-gnu/ld-2.15.so
7fffcf34f000-7fffcf370000 rwxp 00000000 00:00 0                          [stack]
7fffcf375000-7fffcf376000 r-xp 00000000 00:00 0                          [vdso]
ffffffffff600000-ffffffffff601000 r-xp 00000000 00:00 0                  [vsyscall]

VM Arguments:
jvm_args: -Xverify:none -Dfile.encoding=UTF-8 
java_command: edu.hkust.leap.record.RecordMain 1000 spec.jbb.JBBmain
Launcher Type: SUN_STANDARD

Environment Variables:
PATH=/usr/local/sbin:/usr/local/bin:/usr/sbin:/usr/bin:/sbin:/bin:/usr/games
LD_LIBRARY_PATH=/home/lpxz/pool/jdk1.6.0_26/jre/lib/amd64/server:/home/lpxz/pool/jdk1.6.0_26/jre/lib/amd64:/home/lpxz/pool/jdk1.6.0_26/jre/../lib/amd64:/usr/lib/jvm/java-6-openjdk-amd64/jre/lib/amd64/server:/usr/lib/jvm/java-6-openjdk-amd64/jre/lib/amd64:/usr/lib/jvm/java-6-openjdk-amd64/jre/../lib/amd64
SHELL=/bin/bash
DISPLAY=:0

Signal Handlers:
SIGSEGV: [libjvm.so+0x85f800], sa_mask[0]=0x7ffbfeff, sa_flags=0x10000004
SIGBUS: [libjvm.so+0x85f800], sa_mask[0]=0x7ffbfeff, sa_flags=0x10000004
SIGFPE: [libjvm.so+0x70e300], sa_mask[0]=0x7ffbfeff, sa_flags=0x10000004
SIGPIPE: [libjvm.so+0x70e300], sa_mask[0]=0x7ffbfeff, sa_flags=0x10000004
SIGXFSZ: [libjvm.so+0x70e300], sa_mask[0]=0x7ffbfeff, sa_flags=0x10000004
SIGILL: [libjvm.so+0x70e300], sa_mask[0]=0x7ffbfeff, sa_flags=0x10000004
SIGUSR1: SIG_DFL, sa_mask[0]=0x00000000, sa_flags=0x00000000
SIGUSR2: [libjvm.so+0x711110], sa_mask[0]=0x00000004, sa_flags=0x10000004
SIGHUP: [libjvm.so+0x710d10], sa_mask[0]=0x7ffbfeff, sa_flags=0x10000004
SIGINT: [libjvm.so+0x710d10], sa_mask[0]=0x7ffbfeff, sa_flags=0x10000004
SIGTERM: [libjvm.so+0x710d10], sa_mask[0]=0x7ffbfeff, sa_flags=0x10000004
SIGQUIT: [libjvm.so+0x710d10], sa_mask[0]=0x7ffbfeff, sa_flags=0x10000004


---------------  S Y S T E M  ---------------

OS:wheezy/sid

uname:Linux 3.2.0-29-generic #46-Ubuntu SMP Fri Jul 27 17:03:23 UTC 2012 x86_64
libc:glibc 2.15 NPTL 2.15 
rlimit: STACK 8192k, CORE 0k, NPROC 125044, NOFILE 4096, AS infinity
load average:1.33 1.08 0.89

/proc/meminfo:
MemTotal:       16023348 kB
MemFree:         7755476 kB
Buffers:          769520 kB
Cached:          3769940 kB
SwapCached:            0 kB
Active:          4707100 kB
Inactive:        2286620 kB
Active(anon):    2489752 kB
Inactive(anon):   199060 kB
Active(file):    2217348 kB
Inactive(file):  2087560 kB
Unevictable:           0 kB
Mlocked:               0 kB
SwapTotal:      62944092 kB
SwapFree:       62944092 kB
Dirty:             10508 kB
Writeback:             0 kB
AnonPages:       2454412 kB
Mapped:           290168 kB
Shmem:            234548 kB
Slab:             967608 kB
SReclaimable:     907804 kB
SUnreclaim:        59804 kB
KernelStack:        5416 kB
PageTables:        47560 kB
NFS_Unstable:          0 kB
Bounce:                0 kB
WritebackTmp:          0 kB
CommitLimit:    70955764 kB
Committed_AS:    5323848 kB
VmallocTotal:   34359738367 kB
VmallocUsed:      401588 kB
VmallocChunk:   34359260432 kB
HardwareCorrupted:     0 kB
AnonHugePages:         0 kB
HugePages_Total:       0
HugePages_Free:        0
HugePages_Rsvd:        0
HugePages_Surp:        0
Hugepagesize:       2048 kB
DirectMap4k:       97792 kB
DirectMap2M:    16265216 kB


CPU:total 8 (4 cores per cpu, 2 threads per core) family 6 model 58 stepping 9, cmov, cx8, fxsr, mmx, sse, sse2, sse3, ssse3, sse4.1, sse4.2, popcnt, ht

/proc/cpuinfo:
processor	: 0
vendor_id	: GenuineIntel
cpu family	: 6
model		: 58
model name	: Intel(R) Core(TM) i7-3610QM CPU @ 2.30GHz
stepping	: 9
microcode	: 0x12
cpu MHz		: 2301.000
cache size	: 6144 KB
physical id	: 0
siblings	: 8
core id		: 0
cpu cores	: 4
apicid		: 0
initial apicid	: 0
fpu		: yes
fpu_exception	: yes
cpuid level	: 13
wp		: yes
flags		: fpu vme de pse tsc msr pae mce cx8 apic sep mtrr pge mca cmov pat pse36 clflush dts acpi mmx fxsr sse sse2 ss ht tm pbe syscall nx rdtscp lm constant_tsc arch_perfmon pebs bts rep_good nopl xtopology nonstop_tsc aperfmperf pni pclmulqdq dtes64 monitor ds_cpl vmx est tm2 ssse3 cx16 xtpr pdcm pcid sse4_1 sse4_2 x2apic popcnt tsc_deadline_timer aes xsave avx f16c rdrand lahf_lm ida arat epb xsaveopt pln pts dtherm tpr_shadow vnmi flexpriority ept vpid fsgsbase smep erms
bogomips	: 4589.74
clflush size	: 64
cache_alignment	: 64
address sizes	: 36 bits physical, 48 bits virtual
power management:

processor	: 1
vendor_id	: GenuineIntel
cpu family	: 6
model		: 58
model name	: Intel(R) Core(TM) i7-3610QM CPU @ 2.30GHz
stepping	: 9
microcode	: 0x12
cpu MHz		: 2301.000
cache size	: 6144 KB
physical id	: 0
siblings	: 8
core id		: 0
cpu cores	: 4
apicid		: 1
initial apicid	: 1
fpu		: yes
fpu_exception	: yes
cpuid level	: 13
wp		: yes
flags		: fpu vme de pse tsc msr pae mce cx8 apic sep mtrr pge mca cmov pat pse36 clflush dts acpi mmx fxsr sse sse2 ss ht tm pbe syscall nx rdtscp lm constant_tsc arch_perfmon pebs bts rep_good nopl xtopology nonstop_tsc aperfmperf pni pclmulqdq dtes64 monitor ds_cpl vmx est tm2 ssse3 cx16 xtpr pdcm pcid sse4_1 sse4_2 x2apic popcnt tsc_deadline_timer aes xsave avx f16c rdrand lahf_lm ida arat epb xsaveopt pln pts dtherm tpr_shadow vnmi flexpriority ept vpid fsgsbase smep erms
bogomips	: 4589.36
clflush size	: 64
cache_alignment	: 64
address sizes	: 36 bits physical, 48 bits virtual
power management:

processor	: 2
vendor_id	: GenuineIntel
cpu family	: 6
model		: 58
model name	: Intel(R) Core(TM) i7-3610QM CPU @ 2.30GHz
stepping	: 9
microcode	: 0x12
cpu MHz		: 2301.000
cache size	: 6144 KB
physical id	: 0
siblings	: 8
core id		: 1
cpu cores	: 4
apicid		: 2
initial apicid	: 2
fpu		: yes
fpu_exception	: yes
cpuid level	: 13
wp		: yes
flags		: fpu vme de pse tsc msr pae mce cx8 apic sep mtrr pge mca cmov pat pse36 clflush dts acpi mmx fxsr sse sse2 ss ht tm pbe syscall nx rdtscp lm constant_tsc arch_perfmon pebs bts rep_good nopl xtopology nonstop_tsc aperfmperf pni pclmulqdq dtes64 monitor ds_cpl vmx est tm2 ssse3 cx16 xtpr pdcm pcid sse4_1 sse4_2 x2apic popcnt tsc_deadline_timer aes xsave avx f16c rdrand lahf_lm ida arat epb xsaveopt pln pts dtherm tpr_shadow vnmi flexpriority ept vpid fsgsbase smep erms
bogomips	: 4589.36
clflush size	: 64
cache_alignment	: 64
address sizes	: 36 bits physical, 48 bits virtual
power management:

processor	: 3
vendor_id	: GenuineIntel
cpu family	: 6
model		: 58
model name	: Intel(R) Core(TM) i7-3610QM CPU @ 2.30GHz
stepping	: 9
microcode	: 0x12
cpu MHz		: 2301.000
cache size	: 6144 KB
physical id	: 0
siblings	: 8
core id		: 1
cpu cores	: 4
apicid		: 3
initial apicid	: 3
fpu		: yes
fpu_exception	: yes
cpuid level	: 13
wp		: yes
flags		: fpu vme de pse tsc msr pae mce cx8 apic sep mtrr pge mca cmov pat pse36 clflush dts acpi mmx fxsr sse sse2 ss ht tm pbe syscall nx rdtscp lm constant_tsc arch_perfmon pebs bts rep_good nopl xtopology nonstop_tsc aperfmperf pni pclmulqdq dtes64 monitor ds_cpl vmx est tm2 ssse3 cx16 xtpr pdcm pcid sse4_1 sse4_2 x2apic popcnt tsc_deadline_timer aes xsave avx f16c rdrand lahf_lm ida arat epb xsaveopt pln pts dtherm tpr_shadow vnmi flexpriority ept vpid fsgsbase smep erms
bogomips	: 4589.37
clflush size	: 64
cache_alignment	: 64
address sizes	: 36 bits physical, 48 bits virtual
power management:

processor	: 4
vendor_id	: GenuineIntel
cpu family	: 6
model		: 58
model name	: Intel(R) Core(TM) i7-3610QM CPU @ 2.30GHz
stepping	: 9
microcode	: 0x12
cpu MHz		: 1200.000
cache size	: 6144 KB
physical id	: 0
siblings	: 8
core id		: 2
cpu cores	: 4
apicid		: 4
initial apicid	: 4
fpu		: yes
fpu_exception	: yes
cpuid level	: 13
wp		: yes
flags		: fpu vme de pse tsc msr pae mce cx8 apic sep mtrr pge mca cmov pat pse36 clflush dts acpi mmx fxsr sse sse2 ss ht tm pbe syscall nx rdtscp lm constant_tsc arch_perfmon pebs bts rep_good nopl xtopology nonstop_tsc aperfmperf pni pclmulqdq dtes64 monitor ds_cpl vmx est tm2 ssse3 cx16 xtpr pdcm pcid sse4_1 sse4_2 x2apic popcnt tsc_deadline_timer aes xsave avx f16c rdrand lahf_lm ida arat epb xsaveopt pln pts dtherm tpr_shadow vnmi flexpriority ept vpid fsgsbase smep erms
bogomips	: 4589.37
clflush size	: 64
cache_alignment	: 64
address sizes	: 36 bits physical, 48 bits virtual
power management:

processor	: 5
vendor_id	: GenuineIntel
cpu family	: 6
model		: 58
model name	: Intel(R) Core(TM) i7-3610QM CPU @ 2.30GHz
stepping	: 9
microcode	: 0x12
cpu MHz		: 2301.000
cache size	: 6144 KB
physical id	: 0
siblings	: 8
core id		: 2
cpu cores	: 4
apicid		: 5
initial apicid	: 5
fpu		: yes
fpu_exception	: yes
cpuid level	: 13
wp		: yes
flags		: fpu vme de pse tsc msr pae mce cx8 apic sep mtrr pge mca cmov pat pse36 clflush dts acpi mmx fxsr sse sse2 ss ht tm pbe syscall nx rdtscp lm constant_tsc arch_perfmon pebs bts rep_good nopl xtopology nonstop_tsc aperfmperf pni pclmulqdq dtes64 monitor ds_cpl vmx est tm2 ssse3 cx16 xtpr pdcm pcid sse4_1 sse4_2 x2apic popcnt tsc_deadline_timer aes xsave avx f16c rdrand lahf_lm ida arat epb xsaveopt pln pts dtherm tpr_shadow vnmi flexpriority ept vpid fsgsbase smep erms
bogomips	: 4589.36
clflush size	: 64
cache_alignment	: 64
address sizes	: 36 bits physical, 48 bits virtual
power management:

processor	: 6
vendor_id	: GenuineIntel
cpu family	: 6
model		: 58
model name	: Intel(R) Core(TM) i7-3610QM CPU @ 2.30GHz
stepping	: 9
microcode	: 0x12
cpu MHz		: 2301.000
cache size	: 6144 KB
physical id	: 0
siblings	: 8
core id		: 3
cpu cores	: 4
apicid		: 6
initial apicid	: 6
fpu		: yes
fpu_exception	: yes
cpuid level	: 13
wp		: yes
flags		: fpu vme de pse tsc msr pae mce cx8 apic sep mtrr pge mca cmov pat pse36 clflush dts acpi mmx fxsr sse sse2 ss ht tm pbe syscall nx rdtscp lm constant_tsc arch_perfmon pebs bts rep_good nopl xtopology nonstop_tsc aperfmperf pni pclmulqdq dtes64 monitor ds_cpl vmx est tm2 ssse3 cx16 xtpr pdcm pcid sse4_1 sse4_2 x2apic popcnt tsc_deadline_timer aes xsave avx f16c rdrand lahf_lm ida arat epb xsaveopt pln pts dtherm tpr_shadow vnmi flexpriority ept vpid fsgsbase smep erms
bogomips	: 4589.37
clflush size	: 64
cache_alignment	: 64
address sizes	: 36 bits physical, 48 bits virtual
power management:

processor	: 7
vendor_id	: GenuineIntel
cpu family	: 6
model		: 58
model name	: Intel(R) Core(TM) i7-3610QM CPU @ 2.30GHz
stepping	: 9
microcode	: 0x12
cpu MHz		: 2301.000
cache size	: 6144 KB
physical id	: 0
siblings	: 8
core id		: 3
cpu cores	: 4
apicid		: 7
initial apicid	: 7
fpu		: yes
fpu_exception	: yes
cpuid level	: 13
wp		: yes
flags		: fpu vme de pse tsc msr pae mce cx8 apic sep mtrr pge mca cmov pat pse36 clflush dts acpi mmx fxsr sse sse2 ss ht tm pbe syscall nx rdtscp lm constant_tsc arch_perfmon pebs bts rep_good nopl xtopology nonstop_tsc aperfmperf pni pclmulqdq dtes64 monitor ds_cpl vmx est tm2 ssse3 cx16 xtpr pdcm pcid sse4_1 sse4_2 x2apic popcnt tsc_deadline_timer aes xsave avx f16c rdrand lahf_lm ida arat epb xsaveopt pln pts dtherm tpr_shadow vnmi flexpriority ept vpid fsgsbase smep erms
bogomips	: 4589.37
clflush size	: 64
cache_alignment	: 64
address sizes	: 36 bits physical, 48 bits virtual
power management:



Memory: 4k page, physical 16023348k(7755476k free), swap 62944092k(62944092k free)

vm_info: Java HotSpot(TM) 64-Bit Server VM (20.1-b02) for linux-amd64 JRE (1.6.0_26-b03), built on May  4 2011 01:13:47 by "java_re" with gcc 3.2.2 (SuSE Linux)

time: Mon Oct 13 22:43:28 2014
elapsed time: 2 seconds

