#
# A fatal error has been detected by the Java Runtime Environment:
#
#  SIGSEGV (0xb) at pc=0x00007fbf1624e467, pid=29062, tid=140458519082752
#
# JRE version: Java(TM) SE Runtime Environment (7.0_51-b13) (build 1.7.0_51-b13)
# Java VM: Java HotSpot(TM) 64-Bit Server VM (24.51-b03 mixed mode linux-amd64 compressed oops)
# Problematic frame:
# V  [libjvm.so+0x87b467]  oopDesc* PSPromotionManager::copy_to_survivor_space<false>(oopDesc*)+0x177
#
# Failed to write core dump. Core dumps have been disabled. To enable core dumping, try "ulimit -c unlimited" before starting Java again
#
# If you would like to submit a bug report, please visit:
#   http://bugreport.sun.com/bugreport/crash.jsp
#

---------------  T H R E A D  ---------------

Current thread (0x00007fbf1002b000):  GCTaskThread [stack: 0x00007fbf0c12b000,0x00007fbf0c22c000] [id=29074]

siginfo:si_signo=SIGSEGV: si_errno=0, si_code=1 (SEGV_MAPERR), si_addr=0x0000000000000018

Registers:
RAX=0x00007fbf167e56a0, RBX=0x000000070cdfcb30, RCX=0x0000000000000003, RDX=0x0000000000000000
RSP=0x00007fbf0c22ab30, RBP=0x00007fbf0c22aba0, RSI=0x00000007e187de10, RDI=0x0000000000000010
R8 =0x0000000000000001, R9 =0x00007fbf16800e58, R10=0x00000007b74cc060, R11=0x00007fbf0c22ac50
R12=0x00000007e187de10, R13=0x0000000000000000, R14=0x0000000000000000, R15=0x00007fbf10070190
RIP=0x00007fbf1624e467, EFLAGS=0x0000000000010246, CSGSFS=0x0000000000000033, ERR=0x0000000000000004
  TRAPNO=0x000000000000000e

Top of Stack: (sp=0x00007fbf0c22ab30)
0x00007fbf0c22ab30:   00007fbf10070120 00007fbf16800e58
0x00007fbf0c22ab40:   0000000000000010 00007fbf10070120
0x00007fbf0c22ab50:   00000007066875a8 000000070d08dfb8
0x00007fbf0c22ab60:   00000007b74c4060 0000000000001000
0x00007fbf0c22ab70:   00007fbf10070150 000000070cdfcb30
0x00007fbf0c22ab80:   00007fbf10070120 00007fbf167e56a0
0x00007fbf0c22ab90:   0000000000000000 00007fbf10070190
0x00007fbf0c22aba0:   00007fbf0c22ac90 00007fbf1624dc40
0x00007fbf0c22abb0:   00007fbf0c22ac30 00007fbf0c22ac20
0x00007fbf0c22abc0:   00007fbf0c22ac30 00007fbf0c22abf0
0x00007fbf0c22abd0:   00007fbf0c22ac00 00007fbf0c22ac50
0x00007fbf0c22abe0:   000000070d1eb160 00007fbf100701c0
0x00007fbf0c22abf0:   0000000000000000 00007fbf1701f104
0x00007fbf0c22ac00:   00007fbf0c22ac70 00000007b0ea4548
0x00007fbf0c22ac10:   00007fbf0c22ac90 00007fbf161c4a2f
0x00007fbf0c22ac20:   000000070cbbbf79 00007fbf10070190
0x00007fbf0c22ac30:   0000000706bb5240 000000070cbbbf78
0x00007fbf0c22ac40:   000000070ce0a34d 00007fbf15f7e408
0x00007fbf0c22ac50:   000000070cdfcb31 00007fbf10070188
0x00007fbf0c22ac60:   0000000000000000 000000070ce0a350
0x00007fbf0c22ac70:   000000070ce0a350 00007fbf0c866052
0x00007fbf0c22ac80:   00007fbf1001aea0 00007fbf0c866052
0x00007fbf0c22ac90:   00007fbf0c22ad50 00007fbf15d8df06
0x00007fbf0c22aca0:   00007fbf1001f4b0 00007fbf0c866051
0x00007fbf0c22acb0:   00007fbf0c865d84 00007fbf16800e58
0x00007fbf0c22acc0:   00007fbf10070120 000000070d1f3160
0x00007fbf0c22acd0:   00007fbf1001ac30 00007fbf0c867f99
0x00007fbf0c22ace0:   000000070cdb06b0 0000000000000400
0x00007fbf0c22acf0:   000000070ce0a350 00007fbf0c865dd1
0x00007fbf0c22ad00:   0000000000000240 00007fbf0c866000
0x00007fbf0c22ad10:   00007fbf0c866180 00007fbf0c866052
0x00007fbf0c22ad20:   00007fbf0c865dd1 00007fbf1002f060 

Instructions: (pc=0x00007fbf1624e467)
0x00007fbf1624e447:   83 f8 05 75 d3 31 db eb d6 48 8b 05 21 a5 57 00
0x00007fbf1624e457:   8b 56 08 8b 48 08 48 d3 e2 48 03 10 48 8d 7a 10
0x00007fbf1624e467:   8b 77 08 83 fe 00 0f 8f db fe ff ff 0f 85 07 03
0x00007fbf1624e477:   00 00 0f 1f 80 00 00 00 00 48 8b 07 4c 89 e6 4c 

Register to memory mapping:

RAX=0x00007fbf167e56a0: <offset 0xe126a0> in /home/lpxz/pool/jdk1.7/jre/lib/amd64/server/libjvm.so at 0x00007fbf159d3000
RBX=0x000000070cdfcb30 is pointing into object: 0x000000070cdba340
[Ljava.lang.Object; 
 - klass: 'java/lang/Object'[]
 - length: 81920
RCX=0x0000000000000003 is an unknown value
RDX=0x0000000000000000 is an unknown value
RSP=0x00007fbf0c22ab30 is an unknown value
RBP=0x00007fbf0c22aba0 is an unknown value
RSI=0x00000007e187de10 is an unallocated location in the heap
RDI=0x0000000000000010 is an unknown value
R8 =0x0000000000000001 is an unknown value
R9 =0x00007fbf16800e58: <offset 0xe2de58> in /home/lpxz/pool/jdk1.7/jre/lib/amd64/server/libjvm.so at 0x00007fbf159d3000
R10=0x00000007b74cc060 is an oop
java.util.LinkedHashMap$Entry 
 - klass: 'java/util/LinkedHashMap$Entry'
R11=0x00007fbf0c22ac50 is an unknown value
R12=0x00000007e187de10 is an unallocated location in the heap
R13=0x0000000000000000 is an unknown value
R14=0x0000000000000000 is an unknown value
R15=0x00007fbf10070190 is an unknown value


Stack: [0x00007fbf0c12b000,0x00007fbf0c22c000],  sp=0x00007fbf0c22ab30,  free space=1022k
Native frames: (J=compiled Java code, j=interpreted, Vv=VM code, C=native code)
V  [libjvm.so+0x87b467]  oopDesc* PSPromotionManager::copy_to_survivor_space<false>(oopDesc*)+0x177
V  [libjvm.so+0x87ac40]  PSPromotionManager::drain_stacks_depth(bool)+0x7c0
V  [libjvm.so+0x3baf06]  CardTableExtension::scavenge_contents_parallel(ObjectStartArray*, MutableSpace*, HeapWord*, PSPromotionManager*, unsigned int, unsigned int)+0xb56
V  [libjvm.so+0x87e4eb]  OldToYoungRootsTask::do_it(GCTaskManager*, unsigned int)+0x4b
V  [libjvm.so+0x550f6f]  GCTaskThread::run()+0x12f
V  [libjvm.so+0x815538]  java_start(Thread*)+0x108


---------------  P R O C E S S  ---------------

Java Threads: ( => current thread )
  0x00007fbf10132000 JavaThread "Thread-8" [_thread_blocked, id=29092, stack(0x00007fbeffdfe000,0x00007fbeffeff000)]
  0x00007fbf10130000 JavaThread "Thread-7" [_thread_blocked, id=29091, stack(0x00007fbeffeff000,0x00007fbf00000000)]
  0x00007fbf1012e000 JavaThread "Thread-6" [_thread_blocked, id=29090, stack(0x00007fbf04027000,0x00007fbf04128000)]
  0x00007fbf1012c000 JavaThread "Thread-5" [_thread_blocked, id=29089, stack(0x00007fbf04128000,0x00007fbf04229000)]
  0x00007fbf1012a000 JavaThread "Thread-4" [_thread_blocked, id=29088, stack(0x00007fbf04229000,0x00007fbf0432a000)]
  0x00007fbf10126000 JavaThread "Thread-3" [_thread_blocked, id=29087, stack(0x00007fbf0432a000,0x00007fbf0442b000)]
  0x00007fbf10124000 JavaThread "Thread-2" [_thread_blocked, id=29086, stack(0x00007fbf0442b000,0x00007fbf0452c000)]
  0x00007fbf10122800 JavaThread "Thread-1" [_thread_blocked, id=29085, stack(0x00007fbf0452c000,0x00007fbf0462d000)]
  0x00007fbf1009f000 JavaThread "Service Thread" daemon [_thread_blocked, id=29082, stack(0x00007fbf04b87000,0x00007fbf04c88000)]
  0x00007fbf1009c800 JavaThread "C2 CompilerThread1" daemon [_thread_blocked, id=29081, stack(0x00007fbf04c88000,0x00007fbf04d89000)]
  0x00007fbf1009a000 JavaThread "C2 CompilerThread0" daemon [_thread_blocked, id=29080, stack(0x00007fbf04d89000,0x00007fbf04e8a000)]
  0x00007fbf1008f800 JavaThread "Signal Dispatcher" daemon [_thread_blocked, id=29079, stack(0x00007fbf04e8a000,0x00007fbf04f8b000)]
  0x00007fbf10078800 JavaThread "Finalizer" daemon [_thread_blocked, id=29078, stack(0x00007fbf0566e000,0x00007fbf0576f000)]
  0x00007fbf10074800 JavaThread "Reference Handler" daemon [_thread_blocked, id=29077, stack(0x00007fbf0576f000,0x00007fbf05870000)]
  0x00007fbf1000a000 JavaThread "main" [_thread_blocked, id=29067, stack(0x00007fbf17330000,0x00007fbf17431000)]

Other Threads:
  0x00007fbf10072800 VMThread [stack: 0x00007fbf05870000,0x00007fbf05971000] [id=29076]
  0x00007fbf100aa000 WatcherThread [stack: 0x00007fbf04a86000,0x00007fbf04b87000] [id=29083]

=>0x00007fbf1002b000 (exited) GCTaskThread [stack: 0x00007fbf0c12b000,0x00007fbf0c22c000] [id=29074]

VM state:at safepoint (normal execution)

VM Mutex/Monitor currently owned by a thread:  ([mutex/lock_event])
[0x00007fbf10006430] Threads_lock - owner thread: 0x00007fbf10072800
[0x00007fbf10006930] Heap_lock - owner thread: 0x00007fbf10122800

Heap
 PSYoungGen      total 73216K, used 72909K [0x00000007ae800000, 0x00000007b7700000, 0x0000000800000000)
  eden space 62976K, 99% used [0x00000007ae800000,0x00000007b25383a8,0x00000007b2580000)
  from space 10240K, 99% used [0x00000007b2580000,0x00000007b2f7b0b0,0x00000007b2f80000)
  to   space 10240K, 99% used [0x00000007b6d00000,0x00000007b76fc060,0x00000007b7700000)
 ParOldGen       total 166912K, used 33343K [0x000000070b800000, 0x0000000715b00000, 0x00000007ae800000)
  object space 166912K, 19% used [0x000000070b800000,0x000000070d88ffd0,0x0000000715b00000)
 PSPermGen       total 21504K, used 6037K [0x0000000706600000, 0x0000000707b00000, 0x000000070b800000)
  object space 21504K, 28% used [0x0000000706600000,0x0000000706be55c0,0x0000000707b00000)

Card table byte_map: [0x00007fbf0c832000,0x00007fbf0d000000] byte_map_base: 0x00007fbf08fff000

Polling page: 0x00007fbf17450000

Code Cache  [0x00007fbf0d000000, 0x00007fbf0d270000, 0x00007fbf10000000)
 total_blobs=469 nmethods=191 adapters=231 free_code_cache=48354Kb largest_free_block=49478720

Compilation events (10 events):
Event: 0.955 Thread 0x00007fbf1009c800 nmethod 190 0x00007fbf0d0c0ad0 code [0x00007fbf0d0c0c00, 0x00007fbf0d0c0c58]
Event: 0.955 Thread 0x00007fbf1009c800  191             edu.hkust.leap.monitor.RecordMonitor::writeBeforeInstance (7 bytes)
Event: 0.955 Thread 0x00007fbf1009c800 nmethod 191 0x00007fbf0d0c9310 code [0x00007fbf0d0c9460, 0x00007fbf0d0c94c8]
Event: 0.955 Thread 0x00007fbf1009c800  192             spec.jbb.Orderline::getSupplyWarehouse (5 bytes)
Event: 0.955 Thread 0x00007fbf1009c800 nmethod 192 0x00007fbf0d0c9110 code [0x00007fbf0d0c9240, 0x00007fbf0d0c9298]
Event: 0.958 Thread 0x00007fbf1009a000 nmethod 184 0x00007fbf0d0ca390 code [0x00007fbf0d0ca520, 0x00007fbf0d0ca848]
Event: 1.127 Thread 0x00007fbf1009c800  193             edu.hkust.leap.monitor.RecordMonitor::readBeforeArrayElem (49 bytes)
Event: 1.144 Thread 0x00007fbf1009c800 nmethod 193 0x00007fbf0d0c5550 code [0x00007fbf0d0c5720, 0x00007fbf0d0c6488]
Event: 1.347 Thread 0x00007fbf1009a000  194             java.lang.Short::<init> (10 bytes)
Event: 1.348 Thread 0x00007fbf1009a000 nmethod 194 0x00007fbf0d0c77d0 code [0x00007fbf0d0c7900, 0x00007fbf0d0c7958]

GC Heap History (3 events):
Event: 0.680 GC heap before
{Heap before GC invocations=1 (full 0):
 PSYoungGen      total 73216K, used 54806K [0x00000007ae800000, 0x00000007b3980000, 0x0000000800000000)
  eden space 62976K, 87% used [0x00000007ae800000,0x00000007b1d85b70,0x00000007b2580000)
  from space 10240K, 0% used [0x00000007b2f80000,0x00000007b2f80000,0x00000007b3980000)
  to   space 10240K, 0% used [0x00000007b2580000,0x00000007b2580000,0x00000007b2f80000)
 ParOldGen       total 166912K, used 0K [0x000000070b800000, 0x0000000715b00000, 0x00000007ae800000)
  object space 166912K, 0% used [0x000000070b800000,0x000000070b800000,0x0000000715b00000)
 PSPermGen       total 21504K, used 6029K [0x0000000706600000, 0x0000000707b00000, 0x000000070b800000)
  object space 21504K, 28% used [0x0000000706600000,0x0000000706be34b8,0x0000000707b00000)
Event: 0.696 GC heap after
Heap after GC invocations=1 (full 0):
 PSYoungGen      total 73216K, used 10220K [0x00000007ae800000, 0x00000007b7700000, 0x0000000800000000)
  eden space 62976K, 0% used [0x00000007ae800000,0x00000007ae800000,0x00000007b2580000)
  from space 10240K, 99% used [0x00000007b2580000,0x00000007b2f7b0b0,0x00000007b2f80000)
  to   space 10240K, 0% used [0x00000007b6d00000,0x00000007b6d00000,0x00000007b7700000)
 ParOldGen       total 166912K, used 26572K [0x000000070b800000, 0x0000000715b00000, 0x00000007ae800000)
  object space 166912K, 15% used [0x000000070b800000,0x000000070d1f3160,0x0000000715b00000)
 PSPermGen       total 21504K, used 6029K [0x0000000706600000, 0x0000000707b00000, 0x000000070b800000)
  object space 21504K, 28% used [0x0000000706600000,0x0000000706be34b8,0x0000000707b00000)
}
Event: 1.474 GC heap before
{Heap before GC invocations=2 (full 0):
 PSYoungGen      total 73216K, used 72909K [0x00000007ae800000, 0x00000007b7700000, 0x0000000800000000)
  eden space 62976K, 99% used [0x00000007ae800000,0x00000007b25383a8,0x00000007b2580000)
  from space 10240K, 99% used [0x00000007b2580000,0x00000007b2f7b0b0,0x00000007b2f80000)
  to   space 10240K, 0% used [0x00000007b6d00000,0x00000007b6d00000,0x00000007b7700000)
 ParOldGen       total 166912K, used 26572K [0x000000070b800000, 0x0000000715b00000, 0x00000007ae800000)
  object space 166912K, 15% used [0x000000070b800000,0x000000070d1f3160,0x0000000715b00000)
 PSPermGen       total 21504K, used 6037K [0x0000000706600000, 0x0000000707b00000, 0x000000070b800000)
  object space 21504K, 28% used [0x0000000706600000,0x0000000706be55c0,0x0000000707b00000)

Deoptimization events (2 events):
Event: 0.068 Thread 0x00007fbf1000a000 Uncommon trap: reason=unreached action=reinterpret pc=0x00007fbf0d063094 method=edu.hkust.leap.monitor.RecordMonitor.initialize(I)V @ 349
Event: 0.074 Thread 0x00007fbf1000a000 Uncommon trap: reason=unloaded action=reinterpret pc=0x00007fbf0d062bb0 method=edu.hkust.leap.monitor.RecordMonitor.initialize(I)V @ 352

Internal exceptions (10 events):
Event: 0.134 Thread 0x00007fbf1000a000 Threw 0x00000007af9c69c8 at /HUDSON/workspace/7u-2-build-linux-amd64@2/jdk7u51/527/hotspot/src/share/vm/prims/jvm.cpp:1244
Event: 0.136 Thread 0x00007fbf1000a000 Threw 0x00000007af9cd8f0 at /HUDSON/workspace/7u-2-build-linux-amd64@2/jdk7u51/527/hotspot/src/share/vm/prims/jvm.cpp:1244
Event: 0.137 Thread 0x00007fbf1000a000 Threw 0x00000007af9dd718 at /HUDSON/workspace/7u-2-build-linux-amd64@2/jdk7u51/527/hotspot/src/share/vm/prims/jvm.cpp:1244
Event: 0.143 Thread 0x00007fbf1000a000 Threw 0x00000007afa04d30 at /HUDSON/workspace/7u-2-build-linux-amd64@2/jdk7u51/527/hotspot/src/share/vm/prims/jvm.cpp:1244
Event: 0.144 Thread 0x00007fbf1000a000 Threw 0x00000007afa08748 at /HUDSON/workspace/7u-2-build-linux-amd64@2/jdk7u51/527/hotspot/src/share/vm/prims/jvm.cpp:1244
Event: 0.144 Thread 0x00007fbf1000a000 Threw 0x00000007afa19f00 at /HUDSON/workspace/7u-2-build-linux-amd64@2/jdk7u51/527/hotspot/src/share/vm/prims/jvm.cpp:1244
Event: 0.170 Thread 0x00007fbf1000a000 Threw 0x00000007afa70b68 at /HUDSON/workspace/7u-2-build-linux-amd64@2/jdk7u51/527/hotspot/src/share/vm/prims/jvm.cpp:1244
Event: 0.171 Thread 0x00007fbf1000a000 Threw 0x00000007afa77da8 at /HUDSON/workspace/7u-2-build-linux-amd64@2/jdk7u51/527/hotspot/src/share/vm/prims/jvm.cpp:1244
Event: 0.212 Thread 0x00007fbf10122800 Threw 0x00000007afd48be8 at /HUDSON/workspace/7u-2-build-linux-amd64@2/jdk7u51/527/hotspot/src/share/vm/prims/jvm.cpp:1244
Event: 0.228 Thread 0x00007fbf10132000 Threw 0x00000007b0604b68 at /HUDSON/workspace/7u-2-build-linux-amd64@2/jdk7u51/527/hotspot/src/share/vm/prims/jvm.cpp:1244

Events (10 events):
Event: 0.231 loading class 0x00007fbeac071110 done
Event: 0.232 loading class 0x00007fbf1404f4d0
Event: 0.232 loading class 0x00007fbf1404f4d0 done
Event: 0.232 loading class 0x00007fbeac06e600
Event: 0.232 loading class 0x00007fbeac06e600 done
Event: 0.232 loading class 0x00007fbeac0774e0
Event: 0.232 loading class 0x00007fbeac0774e0 done
Event: 0.680 Executing VM operation: ParallelGCFailedAllocation
Event: 0.696 Executing VM operation: ParallelGCFailedAllocation done
Event: 1.472 Executing VM operation: ParallelGCFailedAllocation


Dynamic libraries:
00400000-00401000 r-xp 00000000 08:08 3802540                            /home/lpxz/pool/jdk1.7/bin/java
00600000-00601000 rw-p 00000000 08:08 3802540                            /home/lpxz/pool/jdk1.7/bin/java
01d19000-01d3a000 rw-p 00000000 00:00 0                                  [heap]
706600000-707b00000 rw-p 00000000 00:00 0 
707b00000-70b800000 rw-p 00000000 00:00 0 
70b800000-715b00000 rw-p 00000000 00:00 0 
715b00000-7ae800000 rw-p 00000000 00:00 0 
7ae800000-7b7700000 rw-p 00000000 00:00 0 
7b7700000-800000000 rw-p 00000000 00:00 0 
7fbe84000000-7fbe84021000 rw-p 00000000 00:00 0 
7fbe84021000-7fbe88000000 ---p 00000000 00:00 0 
7fbe8c000000-7fbe8c021000 rw-p 00000000 00:00 0 
7fbe8c021000-7fbe90000000 ---p 00000000 00:00 0 
7fbe90000000-7fbe90021000 rw-p 00000000 00:00 0 
7fbe90021000-7fbe94000000 ---p 00000000 00:00 0 
7fbe94000000-7fbe94021000 rw-p 00000000 00:00 0 
7fbe94021000-7fbe98000000 ---p 00000000 00:00 0 
7fbe98000000-7fbe98021000 rw-p 00000000 00:00 0 
7fbe98021000-7fbe9c000000 ---p 00000000 00:00 0 
7fbe9c000000-7fbe9c021000 rw-p 00000000 00:00 0 
7fbe9c021000-7fbea0000000 ---p 00000000 00:00 0 
7fbea0000000-7fbea0021000 rw-p 00000000 00:00 0 
7fbea0021000-7fbea4000000 ---p 00000000 00:00 0 
7fbea4000000-7fbea4021000 rw-p 00000000 00:00 0 
7fbea4021000-7fbea8000000 ---p 00000000 00:00 0 
7fbea8000000-7fbea8021000 rw-p 00000000 00:00 0 
7fbea8021000-7fbeac000000 ---p 00000000 00:00 0 
7fbeac000000-7fbeac38f000 rw-p 00000000 00:00 0 
7fbeac38f000-7fbeb0000000 ---p 00000000 00:00 0 
7fbeb0000000-7fbeb0021000 rw-p 00000000 00:00 0 
7fbeb0021000-7fbeb4000000 ---p 00000000 00:00 0 
7fbeb4000000-7fbeb4021000 rw-p 00000000 00:00 0 
7fbeb4021000-7fbeb8000000 ---p 00000000 00:00 0 
7fbeb8000000-7fbeb8430000 rw-p 00000000 00:00 0 
7fbeb8430000-7fbebc000000 ---p 00000000 00:00 0 
7fbebc000000-7fbebc021000 rw-p 00000000 00:00 0 
7fbebc021000-7fbec0000000 ---p 00000000 00:00 0 
7fbec0000000-7fbec0021000 rw-p 00000000 00:00 0 
7fbec0021000-7fbec4000000 ---p 00000000 00:00 0 
7fbec4000000-7fbec4021000 rw-p 00000000 00:00 0 
7fbec4021000-7fbec8000000 ---p 00000000 00:00 0 
7fbec8330000-7fbed0000000 rw-p 00000000 00:00 0 
7fbed0000000-7fbed0021000 rw-p 00000000 00:00 0 
7fbed0021000-7fbed4000000 ---p 00000000 00:00 0 
7fbed8000000-7fbed8021000 rw-p 00000000 00:00 0 
7fbed8021000-7fbedc000000 ---p 00000000 00:00 0 
7fbee0000000-7fbee0021000 rw-p 00000000 00:00 0 
7fbee0021000-7fbee4000000 ---p 00000000 00:00 0 
7fbee8000000-7fbee8021000 rw-p 00000000 00:00 0 
7fbee8021000-7fbeec000000 ---p 00000000 00:00 0 
7fbef0000000-7fbef0021000 rw-p 00000000 00:00 0 
7fbef0021000-7fbef4000000 ---p 00000000 00:00 0 
7fbef8000000-7fbef8021000 rw-p 00000000 00:00 0 
7fbef8021000-7fbefc000000 ---p 00000000 00:00 0 
7fbeffbb9000-7fbeffdfe000 rw-p 00000000 00:00 0 
7fbeffdfe000-7fbeffe01000 ---p 00000000 00:00 0 
7fbeffe01000-7fbeffeff000 rw-p 00000000 00:00 0 
7fbeffeff000-7fbefff02000 ---p 00000000 00:00 0 
7fbefff02000-7fbf00000000 rw-p 00000000 00:00 0 
7fbf00000000-7fbf00021000 rw-p 00000000 00:00 0 
7fbf00021000-7fbf04000000 ---p 00000000 00:00 0 
7fbf04027000-7fbf0402a000 ---p 00000000 00:00 0 
7fbf0402a000-7fbf04128000 rw-p 00000000 00:00 0 
7fbf04128000-7fbf0412b000 ---p 00000000 00:00 0 
7fbf0412b000-7fbf04229000 rw-p 00000000 00:00 0 
7fbf04229000-7fbf0422c000 ---p 00000000 00:00 0 
7fbf0422c000-7fbf0432a000 rw-p 00000000 00:00 0 
7fbf0432a000-7fbf0432d000 ---p 00000000 00:00 0 
7fbf0432d000-7fbf0442b000 rw-p 00000000 00:00 0 
7fbf0442b000-7fbf0442e000 ---p 00000000 00:00 0 
7fbf0442e000-7fbf0452c000 rw-p 00000000 00:00 0 
7fbf0452c000-7fbf0452f000 ---p 00000000 00:00 0 
7fbf0452f000-7fbf0465e000 rw-p 00000000 00:00 0 
7fbf0465e000-7fbf04674000 r-xp 00000000 08:08 3804245                    /home/lpxz/pool/jdk1.7/jre/lib/amd64/libnet.so
7fbf04674000-7fbf04874000 ---p 00016000 08:08 3804245                    /home/lpxz/pool/jdk1.7/jre/lib/amd64/libnet.so
7fbf04874000-7fbf04875000 rw-p 00016000 08:08 3804245                    /home/lpxz/pool/jdk1.7/jre/lib/amd64/libnet.so
7fbf04875000-7fbf04885000 r-xp 00000000 08:08 3804240                    /home/lpxz/pool/jdk1.7/jre/lib/amd64/libnio.so
7fbf04885000-7fbf04a85000 ---p 00010000 08:08 3804240                    /home/lpxz/pool/jdk1.7/jre/lib/amd64/libnio.so
7fbf04a85000-7fbf04a86000 rw-p 00010000 08:08 3804240                    /home/lpxz/pool/jdk1.7/jre/lib/amd64/libnio.so
7fbf04a86000-7fbf04a87000 ---p 00000000 00:00 0 
7fbf04a87000-7fbf04b87000 rw-p 00000000 00:00 0 
7fbf04b87000-7fbf04b8a000 ---p 00000000 00:00 0 
7fbf04b8a000-7fbf04c88000 rw-p 00000000 00:00 0 
7fbf04c88000-7fbf04c8b000 ---p 00000000 00:00 0 
7fbf04c8b000-7fbf04d89000 rw-p 00000000 00:00 0 
7fbf04d89000-7fbf04d8c000 ---p 00000000 00:00 0 
7fbf04d8c000-7fbf04e8a000 rw-p 00000000 00:00 0 
7fbf04e8a000-7fbf04e8d000 ---p 00000000 00:00 0 
7fbf04e8d000-7fbf04f8b000 rw-p 00000000 00:00 0 
7fbf04f8b000-7fbf0566e000 r--p 00000000 08:08 6297920                    /usr/lib/locale/locale-archive
7fbf0566e000-7fbf05671000 ---p 00000000 00:00 0 
7fbf05671000-7fbf0576f000 rw-p 00000000 00:00 0 
7fbf0576f000-7fbf05772000 ---p 00000000 00:00 0 
7fbf05772000-7fbf05870000 rw-p 00000000 00:00 0 
7fbf05870000-7fbf05871000 ---p 00000000 00:00 0 
7fbf05871000-7fbf07600000 rw-p 00000000 00:00 0 
7fbf07600000-7fbf077bd000 r--s 039bf000 08:08 3804302                    /home/lpxz/pool/jdk1.7/jre/lib/rt.jar
7fbf077bd000-7fbf08000000 rw-p 00000000 00:00 0 
7fbf08000000-7fbf08021000 rw-p 00000000 00:00 0 
7fbf08021000-7fbf0c000000 ---p 00000000 00:00 0 
7fbf0c02a000-7fbf0c02b000 ---p 00000000 00:00 0 
7fbf0c02b000-7fbf0c12b000 rw-p 00000000 00:00 0 
7fbf0c12b000-7fbf0c12c000 ---p 00000000 00:00 0 
7fbf0c12c000-7fbf0c22c000 rw-p 00000000 00:00 0 
7fbf0c22c000-7fbf0c22d000 ---p 00000000 00:00 0 
7fbf0c22d000-7fbf0c32d000 rw-p 00000000 00:00 0 
7fbf0c32d000-7fbf0c32e000 ---p 00000000 00:00 0 
7fbf0c32e000-7fbf0c42e000 rw-p 00000000 00:00 0 
7fbf0c42e000-7fbf0c42f000 ---p 00000000 00:00 0 
7fbf0c42f000-7fbf0c52f000 rw-p 00000000 00:00 0 
7fbf0c52f000-7fbf0c530000 ---p 00000000 00:00 0 
7fbf0c530000-7fbf0c630000 rw-p 00000000 00:00 0 
7fbf0c630000-7fbf0c631000 ---p 00000000 00:00 0 
7fbf0c631000-7fbf0c731000 rw-p 00000000 00:00 0 
7fbf0c731000-7fbf0c732000 ---p 00000000 00:00 0 
7fbf0c732000-7fbf0c83d000 rw-p 00000000 00:00 0 
7fbf0c83d000-7fbf0c85b000 rw-p 00000000 00:00 0 
7fbf0c85b000-7fbf0c8ad000 rw-p 00000000 00:00 0 
7fbf0c8ad000-7fbf0cd73000 rw-p 00000000 00:00 0 
7fbf0cd73000-7fbf0cdbb000 rw-p 00000000 00:00 0 
7fbf0cdbb000-7fbf0cfff000 rw-p 00000000 00:00 0 
7fbf0cfff000-7fbf0d000000 rw-p 00000000 00:00 0 
7fbf0d000000-7fbf0d270000 rwxp 00000000 00:00 0 
7fbf0d270000-7fbf10144000 rw-p 00000000 00:00 0 
7fbf10144000-7fbf14000000 ---p 00000000 00:00 0 
7fbf1402c000-7fbf14109000 rw-p 00000000 00:00 0 
7fbf14109000-7fbf14127000 rw-p 00000000 00:00 0 
7fbf14127000-7fbf14179000 rw-p 00000000 00:00 0 
7fbf14179000-7fbf1463f000 rw-p 00000000 00:00 0 
7fbf1463f000-7fbf14659000 r-xp 00000000 08:08 3804290                    /home/lpxz/pool/jdk1.7/jre/lib/amd64/libzip.so
7fbf14659000-7fbf14859000 ---p 0001a000 08:08 3804290                    /home/lpxz/pool/jdk1.7/jre/lib/amd64/libzip.so
7fbf14859000-7fbf1485a000 rw-p 0001a000 08:08 3804290                    /home/lpxz/pool/jdk1.7/jre/lib/amd64/libzip.so
7fbf1485a000-7fbf14866000 r-xp 00000000 08:08 12594830                   /lib/x86_64-linux-gnu/libnss_files-2.15.so
7fbf14866000-7fbf14a65000 ---p 0000c000 08:08 12594830                   /lib/x86_64-linux-gnu/libnss_files-2.15.so
7fbf14a65000-7fbf14a66000 r--p 0000b000 08:08 12594830                   /lib/x86_64-linux-gnu/libnss_files-2.15.so
7fbf14a66000-7fbf14a67000 rw-p 0000c000 08:08 12594830                   /lib/x86_64-linux-gnu/libnss_files-2.15.so
7fbf14a67000-7fbf14a71000 r-xp 00000000 08:08 12594834                   /lib/x86_64-linux-gnu/libnss_nis-2.15.so
7fbf14a71000-7fbf14c71000 ---p 0000a000 08:08 12594834                   /lib/x86_64-linux-gnu/libnss_nis-2.15.so
7fbf14c71000-7fbf14c72000 r--p 0000a000 08:08 12594834                   /lib/x86_64-linux-gnu/libnss_nis-2.15.so
7fbf14c72000-7fbf14c73000 rw-p 0000b000 08:08 12594834                   /lib/x86_64-linux-gnu/libnss_nis-2.15.so
7fbf14c73000-7fbf14c8a000 r-xp 00000000 08:08 12594846                   /lib/x86_64-linux-gnu/libnsl-2.15.so
7fbf14c8a000-7fbf14e89000 ---p 00017000 08:08 12594846                   /lib/x86_64-linux-gnu/libnsl-2.15.so
7fbf14e89000-7fbf14e8a000 r--p 00016000 08:08 12594846                   /lib/x86_64-linux-gnu/libnsl-2.15.so
7fbf14e8a000-7fbf14e8b000 rw-p 00017000 08:08 12594846                   /lib/x86_64-linux-gnu/libnsl-2.15.so
7fbf14e8b000-7fbf14e8d000 rw-p 00000000 00:00 0 
7fbf14e8d000-7fbf14e95000 r-xp 00000000 08:08 12594828                   /lib/x86_64-linux-gnu/libnss_compat-2.15.so
7fbf14e95000-7fbf15094000 ---p 00008000 08:08 12594828                   /lib/x86_64-linux-gnu/libnss_compat-2.15.so
7fbf15094000-7fbf15095000 r--p 00007000 08:08 12594828                   /lib/x86_64-linux-gnu/libnss_compat-2.15.so
7fbf15095000-7fbf15096000 rw-p 00008000 08:08 12594828                   /lib/x86_64-linux-gnu/libnss_compat-2.15.so
7fbf15096000-7fbf150bf000 r-xp 00000000 08:08 3804274                    /home/lpxz/pool/jdk1.7/jre/lib/amd64/libjava.so
7fbf150bf000-7fbf152bf000 ---p 00029000 08:08 3804274                    /home/lpxz/pool/jdk1.7/jre/lib/amd64/libjava.so
7fbf152bf000-7fbf152c1000 rw-p 00029000 08:08 3804274                    /home/lpxz/pool/jdk1.7/jre/lib/amd64/libjava.so
7fbf152c1000-7fbf152ce000 r-xp 00000000 08:08 3804272                    /home/lpxz/pool/jdk1.7/jre/lib/amd64/libverify.so
7fbf152ce000-7fbf154cd000 ---p 0000d000 08:08 3804272                    /home/lpxz/pool/jdk1.7/jre/lib/amd64/libverify.so
7fbf154cd000-7fbf154cf000 rw-p 0000c000 08:08 3804272                    /home/lpxz/pool/jdk1.7/jre/lib/amd64/libverify.so
7fbf154cf000-7fbf154d6000 r-xp 00000000 08:08 12594833                   /lib/x86_64-linux-gnu/librt-2.15.so
7fbf154d6000-7fbf156d5000 ---p 00007000 08:08 12594833                   /lib/x86_64-linux-gnu/librt-2.15.so
7fbf156d5000-7fbf156d6000 r--p 00006000 08:08 12594833                   /lib/x86_64-linux-gnu/librt-2.15.so
7fbf156d6000-7fbf156d7000 rw-p 00007000 08:08 12594833                   /lib/x86_64-linux-gnu/librt-2.15.so
7fbf156d7000-7fbf157d2000 r-xp 00000000 08:08 12594837                   /lib/x86_64-linux-gnu/libm-2.15.so
7fbf157d2000-7fbf159d1000 ---p 000fb000 08:08 12594837                   /lib/x86_64-linux-gnu/libm-2.15.so
7fbf159d1000-7fbf159d2000 r--p 000fa000 08:08 12594837                   /lib/x86_64-linux-gnu/libm-2.15.so
7fbf159d2000-7fbf159d3000 rw-p 000fb000 08:08 12594837                   /lib/x86_64-linux-gnu/libm-2.15.so
7fbf159d3000-7fbf16535000 r-xp 00000000 08:08 3804280                    /home/lpxz/pool/jdk1.7/jre/lib/amd64/server/libjvm.so
7fbf16535000-7fbf16735000 ---p 00b62000 08:08 3804280                    /home/lpxz/pool/jdk1.7/jre/lib/amd64/server/libjvm.so
7fbf16735000-7fbf167f8000 rw-p 00b62000 08:08 3804280                    /home/lpxz/pool/jdk1.7/jre/lib/amd64/server/libjvm.so
7fbf167f8000-7fbf16839000 rw-p 00000000 00:00 0 
7fbf16839000-7fbf169ee000 r-xp 00000000 08:08 12594826                   /lib/x86_64-linux-gnu/libc-2.15.so
7fbf169ee000-7fbf16bee000 ---p 001b5000 08:08 12594826                   /lib/x86_64-linux-gnu/libc-2.15.so
7fbf16bee000-7fbf16bf2000 r--p 001b5000 08:08 12594826                   /lib/x86_64-linux-gnu/libc-2.15.so
7fbf16bf2000-7fbf16bf4000 rw-p 001b9000 08:08 12594826                   /lib/x86_64-linux-gnu/libc-2.15.so
7fbf16bf4000-7fbf16bf9000 rw-p 00000000 00:00 0 
7fbf16bf9000-7fbf16bfb000 r-xp 00000000 08:08 12594841                   /lib/x86_64-linux-gnu/libdl-2.15.so
7fbf16bfb000-7fbf16dfb000 ---p 00002000 08:08 12594841                   /lib/x86_64-linux-gnu/libdl-2.15.so
7fbf16dfb000-7fbf16dfc000 r--p 00002000 08:08 12594841                   /lib/x86_64-linux-gnu/libdl-2.15.so
7fbf16dfc000-7fbf16dfd000 rw-p 00003000 08:08 12594841                   /lib/x86_64-linux-gnu/libdl-2.15.so
7fbf16dfd000-7fbf16e13000 r-xp 00000000 08:08 3802605                    /home/lpxz/pool/jdk1.7/lib/amd64/jli/libjli.so
7fbf16e13000-7fbf17013000 ---p 00016000 08:08 3802605                    /home/lpxz/pool/jdk1.7/lib/amd64/jli/libjli.so
7fbf17013000-7fbf17014000 rw-p 00016000 08:08 3802605                    /home/lpxz/pool/jdk1.7/lib/amd64/jli/libjli.so
7fbf17014000-7fbf1702c000 r-xp 00000000 08:08 12594835                   /lib/x86_64-linux-gnu/libpthread-2.15.so
7fbf1702c000-7fbf1722b000 ---p 00018000 08:08 12594835                   /lib/x86_64-linux-gnu/libpthread-2.15.so
7fbf1722b000-7fbf1722c000 r--p 00017000 08:08 12594835                   /lib/x86_64-linux-gnu/libpthread-2.15.so
7fbf1722c000-7fbf1722d000 rw-p 00018000 08:08 12594835                   /lib/x86_64-linux-gnu/libpthread-2.15.so
7fbf1722d000-7fbf17231000 rw-p 00000000 00:00 0 
7fbf17231000-7fbf17253000 r-xp 00000000 08:08 12594838                   /lib/x86_64-linux-gnu/ld-2.15.so
7fbf17264000-7fbf17270000 r--s 000da000 08:08 4477681                    /home/lpxz/eclipse/workspacePA_icse/soot-One/lib/polyglotclasses-1.3.5.jar
7fbf17270000-7fbf1727a000 rw-p 00000000 00:00 0 
7fbf1727a000-7fbf17330000 rw-p 00000000 00:00 0 
7fbf17330000-7fbf17333000 ---p 00000000 00:00 0 
7fbf17333000-7fbf17436000 rw-p 00000000 00:00 0 
7fbf17436000-7fbf17440000 r--s 00250000 08:08 3803739                    /home/lpxz/pool/jdk1.7/jre/lib/resources.jar
7fbf17440000-7fbf17443000 r--s 0002b000 08:08 4477682                    /home/lpxz/eclipse/workspacePA_icse/soot-One/lib/jasminclasses-2.5.0.jar
7fbf17443000-7fbf17447000 r--s 000f7000 08:08 3804391                    /home/lpxz/pool/jdk1.7/jre/lib/ext/localedata.jar
7fbf17447000-7fbf1744f000 rw-s 00000000 08:08 5004849                    /tmp/hsperfdata_lpxz/29062
7fbf1744f000-7fbf17450000 rw-p 00000000 00:00 0 
7fbf17450000-7fbf17451000 ---p 00000000 00:00 0 
7fbf17451000-7fbf17453000 rw-p 00000000 00:00 0 
7fbf17453000-7fbf17454000 r--p 00022000 08:08 12594838                   /lib/x86_64-linux-gnu/ld-2.15.so
7fbf17454000-7fbf17456000 rw-p 00023000 08:08 12594838                   /lib/x86_64-linux-gnu/ld-2.15.so
7fff6256b000-7fff6258c000 rw-p 00000000 00:00 0                          [stack]
7fff625ca000-7fff625cb000 r-xp 00000000 00:00 0                          [vdso]
ffffffffff600000-ffffffffff601000 r-xp 00000000 00:00 0                  [vsyscall]

VM Arguments:
jvm_args: -Xverify:none -Dfile.encoding=UTF-8 
java_command: edu.hkust.leap.record.RecordMain 1000 spec.jbb.JBBmain
Launcher Type: SUN_STANDARD

Environment Variables:
PATH=/usr/local/sbin:/usr/local/bin:/usr/sbin:/usr/bin:/sbin:/bin:/usr/games
LD_LIBRARY_PATH=/home/lpxz/pool/jdk1.7/jre/lib/amd64/server:/home/lpxz/pool/jdk1.7/jre/lib/amd64:/home/lpxz/pool/jdk1.7/jre/../lib/amd64:/usr/lib/jvm/java-6-openjdk-amd64/jre/lib/amd64/server:/usr/lib/jvm/java-6-openjdk-amd64/jre/lib/amd64:/usr/lib/jvm/java-6-openjdk-amd64/jre/../lib/amd64
SHELL=/bin/bash
DISPLAY=:0

Signal Handlers:
SIGSEGV: [libjvm.so+0x993870], sa_mask[0]=0x7ffbfeff, sa_flags=0x10000004
SIGBUS: [libjvm.so+0x993870], sa_mask[0]=0x7ffbfeff, sa_flags=0x10000004
SIGFPE: [libjvm.so+0x8105b0], sa_mask[0]=0x7ffbfeff, sa_flags=0x10000004
SIGPIPE: [libjvm.so+0x8105b0], sa_mask[0]=0x7ffbfeff, sa_flags=0x10000004
SIGXFSZ: [libjvm.so+0x8105b0], sa_mask[0]=0x7ffbfeff, sa_flags=0x10000004
SIGILL: [libjvm.so+0x8105b0], sa_mask[0]=0x7ffbfeff, sa_flags=0x10000004
SIGUSR1: SIG_DFL, sa_mask[0]=0x00000000, sa_flags=0x00000000
SIGUSR2: [libjvm.so+0x811aa0], sa_mask[0]=0x00000004, sa_flags=0x10000004
SIGHUP: [libjvm.so+0x812a10], sa_mask[0]=0x7ffbfeff, sa_flags=0x10000004
SIGINT: [libjvm.so+0x812a10], sa_mask[0]=0x7ffbfeff, sa_flags=0x10000004
SIGTERM: [libjvm.so+0x812a10], sa_mask[0]=0x7ffbfeff, sa_flags=0x10000004
SIGQUIT: [libjvm.so+0x812a10], sa_mask[0]=0x7ffbfeff, sa_flags=0x10000004


---------------  S Y S T E M  ---------------

OS:wheezy/sid

uname:Linux 3.2.0-29-generic #46-Ubuntu SMP Fri Jul 27 17:03:23 UTC 2012 x86_64
libc:glibc 2.15 NPTL 2.15 
rlimit: STACK 8192k, CORE 0k, NPROC 125044, NOFILE 4096, AS infinity
load average:0.94 0.87 0.71

/proc/meminfo:
MemTotal:       16023348 kB
MemFree:         6935980 kB
Buffers:          950272 kB
Cached:          4303244 kB
SwapCached:            0 kB
Active:          5143084 kB
Inactive:        2499884 kB
Active(anon):    2465904 kB
Inactive(anon):   170744 kB
Active(file):    2677180 kB
Inactive(file):  2329140 kB
Unevictable:           0 kB
Mlocked:               0 kB
SwapTotal:      62944092 kB
SwapFree:       62944092 kB
Dirty:               444 kB
Writeback:             0 kB
AnonPages:       2389924 kB
Mapped:           296400 kB
Shmem:            247200 kB
Slab:            1143960 kB
SReclaimable:    1083188 kB
SUnreclaim:        60772 kB
KernelStack:        5408 kB
PageTables:        47732 kB
NFS_Unstable:          0 kB
Bounce:                0 kB
WritebackTmp:          0 kB
CommitLimit:    70955764 kB
Committed_AS:    5577716 kB
VmallocTotal:   34359738367 kB
VmallocUsed:      401464 kB
VmallocChunk:   34359313496 kB
HardwareCorrupted:     0 kB
AnonHugePages:         0 kB
HugePages_Total:       0
HugePages_Free:        0
HugePages_Rsvd:        0
HugePages_Surp:        0
Hugepagesize:       2048 kB
DirectMap4k:       97792 kB
DirectMap2M:    16265216 kB


CPU:total 8 (4 cores per cpu, 2 threads per core) family 6 model 58 stepping 9, cmov, cx8, fxsr, mmx, sse, sse2, sse3, ssse3, sse4.1, sse4.2, popcnt, avx, aes, erms, ht, tsc, tscinvbit, tscinv

/proc/cpuinfo:
processor	: 0
vendor_id	: GenuineIntel
cpu family	: 6
model		: 58
model name	: Intel(R) Core(TM) i7-3610QM CPU @ 2.30GHz
stepping	: 9
microcode	: 0x12
cpu MHz		: 2301.000
cache size	: 6144 KB
physical id	: 0
siblings	: 8
core id		: 0
cpu cores	: 4
apicid		: 0
initial apicid	: 0
fpu		: yes
fpu_exception	: yes
cpuid level	: 13
wp		: yes
flags		: fpu vme de pse tsc msr pae mce cx8 apic sep mtrr pge mca cmov pat pse36 clflush dts acpi mmx fxsr sse sse2 ss ht tm pbe syscall nx rdtscp lm constant_tsc arch_perfmon pebs bts rep_good nopl xtopology nonstop_tsc aperfmperf pni pclmulqdq dtes64 monitor ds_cpl vmx est tm2 ssse3 cx16 xtpr pdcm pcid sse4_1 sse4_2 x2apic popcnt tsc_deadline_timer aes xsave avx f16c rdrand lahf_lm ida arat epb xsaveopt pln pts dtherm tpr_shadow vnmi flexpriority ept vpid fsgsbase smep erms
bogomips	: 4589.74
clflush size	: 64
cache_alignment	: 64
address sizes	: 36 bits physical, 48 bits virtual
power management:

processor	: 1
vendor_id	: GenuineIntel
cpu family	: 6
model		: 58
model name	: Intel(R) Core(TM) i7-3610QM CPU @ 2.30GHz
stepping	: 9
microcode	: 0x12
cpu MHz		: 2301.000
cache size	: 6144 KB
physical id	: 0
siblings	: 8
core id		: 0
cpu cores	: 4
apicid		: 1
initial apicid	: 1
fpu		: yes
fpu_exception	: yes
cpuid level	: 13
wp		: yes
flags		: fpu vme de pse tsc msr pae mce cx8 apic sep mtrr pge mca cmov pat pse36 clflush dts acpi mmx fxsr sse sse2 ss ht tm pbe syscall nx rdtscp lm constant_tsc arch_perfmon pebs bts rep_good nopl xtopology nonstop_tsc aperfmperf pni pclmulqdq dtes64 monitor ds_cpl vmx est tm2 ssse3 cx16 xtpr pdcm pcid sse4_1 sse4_2 x2apic popcnt tsc_deadline_timer aes xsave avx f16c rdrand lahf_lm ida arat epb xsaveopt pln pts dtherm tpr_shadow vnmi flexpriority ept vpid fsgsbase smep erms
bogomips	: 4589.36
clflush size	: 64
cache_alignment	: 64
address sizes	: 36 bits physical, 48 bits virtual
power management:

processor	: 2
vendor_id	: GenuineIntel
cpu family	: 6
model		: 58
model name	: Intel(R) Core(TM) i7-3610QM CPU @ 2.30GHz
stepping	: 9
microcode	: 0x12
cpu MHz		: 1200.000
cache size	: 6144 KB
physical id	: 0
siblings	: 8
core id		: 1
cpu cores	: 4
apicid		: 2
initial apicid	: 2
fpu		: yes
fpu_exception	: yes
cpuid level	: 13
wp		: yes
flags		: fpu vme de pse tsc msr pae mce cx8 apic sep mtrr pge mca cmov pat pse36 clflush dts acpi mmx fxsr sse sse2 ss ht tm pbe syscall nx rdtscp lm constant_tsc arch_perfmon pebs bts rep_good nopl xtopology nonstop_tsc aperfmperf pni pclmulqdq dtes64 monitor ds_cpl vmx est tm2 ssse3 cx16 xtpr pdcm pcid sse4_1 sse4_2 x2apic popcnt tsc_deadline_timer aes xsave avx f16c rdrand lahf_lm ida arat epb xsaveopt pln pts dtherm tpr_shadow vnmi flexpriority ept vpid fsgsbase smep erms
bogomips	: 4589.36
clflush size	: 64
cache_alignment	: 64
address sizes	: 36 bits physical, 48 bits virtual
power management:

processor	: 3
vendor_id	: GenuineIntel
cpu family	: 6
model		: 58
model name	: Intel(R) Core(TM) i7-3610QM CPU @ 2.30GHz
stepping	: 9
microcode	: 0x12
cpu MHz		: 1200.000
cache size	: 6144 KB
physical id	: 0
siblings	: 8
core id		: 1
cpu cores	: 4
apicid		: 3
initial apicid	: 3
fpu		: yes
fpu_exception	: yes
cpuid level	: 13
wp		: yes
flags		: fpu vme de pse tsc msr pae mce cx8 apic sep mtrr pge mca cmov pat pse36 clflush dts acpi mmx fxsr sse sse2 ss ht tm pbe syscall nx rdtscp lm constant_tsc arch_perfmon pebs bts rep_good nopl xtopology nonstop_tsc aperfmperf pni pclmulqdq dtes64 monitor ds_cpl vmx est tm2 ssse3 cx16 xtpr pdcm pcid sse4_1 sse4_2 x2apic popcnt tsc_deadline_timer aes xsave avx f16c rdrand lahf_lm ida arat epb xsaveopt pln pts dtherm tpr_shadow vnmi flexpriority ept vpid fsgsbase smep erms
bogomips	: 4589.37
clflush size	: 64
cache_alignment	: 64
address sizes	: 36 bits physical, 48 bits virtual
power management:

processor	: 4
vendor_id	: GenuineIntel
cpu family	: 6
model		: 58
model name	: Intel(R) Core(TM) i7-3610QM CPU @ 2.30GHz
stepping	: 9
microcode	: 0x12
cpu MHz		: 1200.000
cache size	: 6144 KB
physical id	: 0
siblings	: 8
core id		: 2
cpu cores	: 4
apicid		: 4
initial apicid	: 4
fpu		: yes
fpu_exception	: yes
cpuid level	: 13
wp		: yes
flags		: fpu vme de pse tsc msr pae mce cx8 apic sep mtrr pge mca cmov pat pse36 clflush dts acpi mmx fxsr sse sse2 ss ht tm pbe syscall nx rdtscp lm constant_tsc arch_perfmon pebs bts rep_good nopl xtopology nonstop_tsc aperfmperf pni pclmulqdq dtes64 monitor ds_cpl vmx est tm2 ssse3 cx16 xtpr pdcm pcid sse4_1 sse4_2 x2apic popcnt tsc_deadline_timer aes xsave avx f16c rdrand lahf_lm ida arat epb xsaveopt pln pts dtherm tpr_shadow vnmi flexpriority ept vpid fsgsbase smep erms
bogomips	: 4589.37
clflush size	: 64
cache_alignment	: 64
address sizes	: 36 bits physical, 48 bits virtual
power management:

processor	: 5
vendor_id	: GenuineIntel
cpu family	: 6
model		: 58
model name	: Intel(R) Core(TM) i7-3610QM CPU @ 2.30GHz
stepping	: 9
microcode	: 0x12
cpu MHz		: 2301.000
cache size	: 6144 KB
physical id	: 0
siblings	: 8
core id		: 2
cpu cores	: 4
apicid		: 5
initial apicid	: 5
fpu		: yes
fpu_exception	: yes
cpuid level	: 13
wp		: yes
flags		: fpu vme de pse tsc msr pae mce cx8 apic sep mtrr pge mca cmov pat pse36 clflush dts acpi mmx fxsr sse sse2 ss ht tm pbe syscall nx rdtscp lm constant_tsc arch_perfmon pebs bts rep_good nopl xtopology nonstop_tsc aperfmperf pni pclmulqdq dtes64 monitor ds_cpl vmx est tm2 ssse3 cx16 xtpr pdcm pcid sse4_1 sse4_2 x2apic popcnt tsc_deadline_timer aes xsave avx f16c rdrand lahf_lm ida arat epb xsaveopt pln pts dtherm tpr_shadow vnmi flexpriority ept vpid fsgsbase smep erms
bogomips	: 4589.36
clflush size	: 64
cache_alignment	: 64
address sizes	: 36 bits physical, 48 bits virtual
power management:

processor	: 6
vendor_id	: GenuineIntel
cpu family	: 6
model		: 58
model name	: Intel(R) Core(TM) i7-3610QM CPU @ 2.30GHz
stepping	: 9
microcode	: 0x12
cpu MHz		: 2301.000
cache size	: 6144 KB
physical id	: 0
siblings	: 8
core id		: 3
cpu cores	: 4
apicid		: 6
initial apicid	: 6
fpu		: yes
fpu_exception	: yes
cpuid level	: 13
wp		: yes
flags		: fpu vme de pse tsc msr pae mce cx8 apic sep mtrr pge mca cmov pat pse36 clflush dts acpi mmx fxsr sse sse2 ss ht tm pbe syscall nx rdtscp lm constant_tsc arch_perfmon pebs bts rep_good nopl xtopology nonstop_tsc aperfmperf pni pclmulqdq dtes64 monitor ds_cpl vmx est tm2 ssse3 cx16 xtpr pdcm pcid sse4_1 sse4_2 x2apic popcnt tsc_deadline_timer aes xsave avx f16c rdrand lahf_lm ida arat epb xsaveopt pln pts dtherm tpr_shadow vnmi flexpriority ept vpid fsgsbase smep erms
bogomips	: 4589.37
clflush size	: 64
cache_alignment	: 64
address sizes	: 36 bits physical, 48 bits virtual
power management:

processor	: 7
vendor_id	: GenuineIntel
cpu family	: 6
model		: 58
model name	: Intel(R) Core(TM) i7-3610QM CPU @ 2.30GHz
stepping	: 9
microcode	: 0x12
cpu MHz		: 1200.000
cache size	: 6144 KB
physical id	: 0
siblings	: 8
core id		: 3
cpu cores	: 4
apicid		: 7
initial apicid	: 7
fpu		: yes
fpu_exception	: yes
cpuid level	: 13
wp		: yes
flags		: fpu vme de pse tsc msr pae mce cx8 apic sep mtrr pge mca cmov pat pse36 clflush dts acpi mmx fxsr sse sse2 ss ht tm pbe syscall nx rdtscp lm constant_tsc arch_perfmon pebs bts rep_good nopl xtopology nonstop_tsc aperfmperf pni pclmulqdq dtes64 monitor ds_cpl vmx est tm2 ssse3 cx16 xtpr pdcm pcid sse4_1 sse4_2 x2apic popcnt tsc_deadline_timer aes xsave avx f16c rdrand lahf_lm ida arat epb xsaveopt pln pts dtherm tpr_shadow vnmi flexpriority ept vpid fsgsbase smep erms
bogomips	: 4589.37
clflush size	: 64
cache_alignment	: 64
address sizes	: 36 bits physical, 48 bits virtual
power management:



Memory: 4k page, physical 16023348k(6933872k free), swap 62944092k(62944092k free)

vm_info: Java HotSpot(TM) 64-Bit Server VM (24.51-b03) for linux-amd64 JRE (1.7.0_51-b13), built on Dec 18 2013 18:48:01 by "java_re" with gcc 4.3.0 20080428 (Red Hat 4.3.0-8)

time: Tue Oct 14 11:59:38 2014
elapsed time: 1 seconds

