#
# A fatal error has been detected by the Java Runtime Environment:
#
#  SIGSEGV (0xb) at pc=0x00007fc94f5a274b, pid=19635, tid=140502550288128
#
# JRE version: 6.0_26-b03
# Java VM: Java HotSpot(TM) 64-Bit Server VM (20.1-b02 mixed mode linux-amd64 compressed oops)
# Problematic frame:
# V  [libjvm.so+0x76074b]  PSPromotionManager::copy_to_survivor_space(oopDesc*)+0x5b
#
# If you would like to submit a bug report, please visit:
#   http://java.sun.com/webapps/bugreport/crash.jsp
#

---------------  T H R E A D  ---------------

Current thread (0x00007fc948025800):  GCTaskThread [stack: 0x00007fc94c899000,0x00007fc94c99a000] [id=19647]

siginfo:si_signo=SIGSEGV: si_errno=0, si_code=1 (SEGV_MAPERR), si_addr=0x0000000000000078

Registers:
RAX=0x0000000000000001, RBX=0x00007fc94f8e3ee0, RCX=0x0000000000000003, RDX=0x0000000000000060
RSP=0x00007fc94c998540, RBP=0x00007fc94c9985b0, RSI=0x00007fc94f8c7530, RDI=0x0000000000000070
R8 =0x00007fc94f8def80, R9 =0x00007fc90800c2e0, R10=0x0000000000000000, R11=0x0000000000000001
R12=0x00007fc90faf9640, R13=0x000000000000000c, R14=0x0000000000000000, R15=0x00007fc94c998ad0
RIP=0x00007fc94f5a274b, EFLAGS=0x0000000000010206, CSGSFS=0x0000000000000033, ERR=0x0000000000000004
  TRAPNO=0x000000000000000e

Top of Stack: (sp=0x00007fc94c998540)
0x00007fc94c998540:   00007fc94c998550 00007fc94f5a5ad0
0x00007fc94c998550:   00007fc94c998570 00007fc94f2829b1
0x00007fc94c998560:   00007fc94806b2b0 0000000000000000
0x00007fc94c998570:   00007fc94c9985c0 00007fc94f548026
0x00007fc94c998580:   00007fc94c9985c0 00007fc90faf96b8
0x00007fc94c998590:   00007fc94c998770 00007fc94c9987a0
0x00007fc94c9985a0:   00007fc94c998630 00007fc94c998ad0
0x00007fc94c9985b0:   00007fc94c9985d0 00007fc94f5a3215
0x00007fc94c9985c0:   00007fc94c9986f0 00007fc94c998620
0x00007fc94c9985d0:   00007fc94c9985e0 00007fc94f5a5ad0
0x00007fc94c9985e0:   00007fc94c998680 00007fc94f54738b
0x00007fc94c9985f0:   00007fc90f9f8bc0 00007fc94c99861c
0x00007fc94c998600:   00007fc90800c2c0 00007fc94fa1a730
0x00007fc94c998610:   00007fc94f547940 ffff0a814f320d1d
0x00007fc94c998620:   00007fc948026440 0000000100000007
0x00007fc94c998630:   0a817f0100000001 000000010000ffff
0x00007fc94c998640:   0a817f0000000002 000000000000ffff
0x00007fc94c998650:   0000000000000000 00007fc94c998770
0x00007fc94c998660:   00007fc94c9987a0 00007fc94c998ab0
0x00007fc94c998670:   00007fc94c998ad0 00007fc94c998ab0
0x00007fc94c998680:   00007fc94c998690 00007fc94f5471e7
0x00007fc94c998690:   00007fc94c9986f0 00007fc94f281cca
0x00007fc94c9986a0:   00007fc94c9986c0 00007fc94f52c528
0x00007fc94c9986b0:   00007fc94f8da730 00007fc94c998740
0x00007fc94c9986c0:   00007fc94c998710 00007fc94f283526
0x00007fc94c9986d0:   00007fc94c998770 0000000000000001
0x00007fc94c9986e0:   00007fc94c9987a0 00007fc94c998ad0
0x00007fc94c9986f0:   00007fc94c998730 00007fc94f282432
0x00007fc94c998700:   00007fc948135800 00007fc94c9987a0
0x00007fc94c998710:   00007fc94c998770 00007fc94c998ad0
0x00007fc94c998720:   00007fc948135800 00007fc94c998ab0
0x00007fc94c998730:   00007fc94c998aa0 00007fc94f65d973 

Instructions: (pc=0x00007fc94f5a274b)
0x00007fc94f5a272b:   00 0f 84 06 07 00 00 48 8b 1d ff 90 46 00 41 8b
0x00007fc94f5a273b:   54 24 08 8b 4b 08 48 d3 e2 48 03 13 48 8d 7a 10
0x00007fc94f5a274b:   8b 5f 08 89 d8 c1 f8 03 85 db 0f 8e 7d 06 00 00
0x00007fc94f5a275b:   45 89 ea 4c 63 f8 41 83 f2 01 41 83 e2 01 45 84 

Register to memory mapping:

RAX=0x0000000000000001 is an unknown value
RBX=0x00007fc94f8e3ee0: <offset 0xaa1ee0> in /home/lpxz/pool/jdk1.6.0_26/jre/lib/amd64/server/libjvm.so at 0x00007fc94ee42000
RCX=0x0000000000000003 is an unknown value
RDX=0x0000000000000060 is an unknown value
RSP=0x00007fc94c998540 is an unknown value
RBP=0x00007fc94c9985b0 is an unknown value
RSI=0x00007fc94f8c7530: <offset 0xa85530> in /home/lpxz/pool/jdk1.6.0_26/jre/lib/amd64/server/libjvm.so at 0x00007fc94ee42000
RDI=0x0000000000000070 is an unknown value
R8 =0x00007fc94f8def80: <offset 0xa9cf80> in /home/lpxz/pool/jdk1.6.0_26/jre/lib/amd64/server/libjvm.so at 0x00007fc94ee42000
R9 =0x00007fc90800c2e0 is an unknown value
R10=0x0000000000000000 is an unknown value
R11=0x0000000000000001 is an unknown value
R12=0x00007fc90faf9640 is pointing into the stack for thread: 0x00007fc948135800
R13=0x000000000000000c is an unknown value
R14=0x0000000000000000 is an unknown value
R15=0x00007fc94c998ad0 is an unknown value


Stack: [0x00007fc94c899000,0x00007fc94c99a000],  sp=0x00007fc94c998540,  free space=1021k
Native frames: (J=compiled Java code, j=interpreted, Vv=VM code, C=native code)
V  [libjvm.so+0x76074b]  PSPromotionManager::copy_to_survivor_space(oopDesc*)+0x5b
V  [libjvm.so+0x761215]  void PSScavenge::copy_and_push_safe_barrier<oopDesc*>(PSPromotionManager*, oopDesc**)+0xb5
V  [libjvm.so+0x763ad0]  PSScavengeRootsClosure::do_oop(oopDesc**)+0x30
V  [libjvm.so+0x70538b]  OopMapSet::all_do(frame const*, RegisterMap const*, OopClosure*, void (*)(oopDesc**, oopDesc**), OopClosure*)+0x19b
V  [libjvm.so+0x7051e7]  OopMapSet::oops_do(frame const*, RegisterMap const*, OopClosure*)+0x17
V  [libjvm.so+0x43fcca]  frame::oops_code_blob_do(OopClosure*, CodeBlobClosure*, RegisterMap const*)+0x3a
V  [libjvm.so+0x440432]  frame::oops_do_internal(OopClosure*, CodeBlobClosure*, RegisterMap*, bool)+0x82
V  [libjvm.so+0x81b973]  JavaThread::oops_do(OopClosure*, CodeBlobClosure*)+0x1d3
V  [libjvm.so+0x76377d]  ThreadRootsTask::do_it(GCTaskManager*, unsigned)+0xad
V  [libjvm.so+0x466efa]  GCTaskThread::run()+0x16a
V  [libjvm.so+0x710adf]  java_start(Thread*)+0x13f

JavaThread 0x00007fc948135800 (nid = 19661) was being processed
Java frames: (J=compiled Java code, j=interpreted, Vv=VM code)
v  ~RuntimeStub::_complete_monitor_locking_Java
J  edu.hkust.leap.monitor.RecordMonitor.accessSPE(IJZ)V
J  edu.hkust.leap.monitor.RecordMonitor.readBeforeInstance(Ljava/lang/Object;IJLjava/lang/String;ILjava/lang/Object;)V
J  spec.jbb.Order.processLines(Lspec/jbb/Warehouse;SZ)Z
J  spec.jbb.TransactionManager.goManual(ILspec/jbb/TimerData;)J
j  spec.jbb.TransactionManager.go()V+437
j  spec.jbb.JBBmain.run()V+127
j  java.lang.Thread.run()V+11
v  ~StubRoutines::call_stub

---------------  P R O C E S S  ---------------

Java Threads: ( => current thread )
  0x00007fc948141000 JavaThread "Thread-8" [_thread_blocked, id=19666, stack(0x00007fc90f4f5000,0x00007fc90f5f6000)]
  0x00007fc94813f000 JavaThread "Thread-7" [_thread_blocked, id=19665, stack(0x00007fc90f5f6000,0x00007fc90f6f7000)]
  0x00007fc94813d000 JavaThread "Thread-6" [_thread_blocked, id=19664, stack(0x00007fc90f6f7000,0x00007fc90f7f8000)]
  0x00007fc94813b000 JavaThread "Thread-5" [_thread_blocked, id=19663, stack(0x00007fc90f7f8000,0x00007fc90f8f9000)]
  0x00007fc948137800 JavaThread "Thread-4" [_thread_blocked, id=19662, stack(0x00007fc90f8f9000,0x00007fc90f9fa000)]
  0x00007fc948135800 JavaThread "Thread-3" [_thread_blocked, id=19661, stack(0x00007fc90f9fa000,0x00007fc90fafb000)]
  0x00007fc948133800 JavaThread "Thread-2" [_thread_blocked, id=19660, stack(0x00007fc90fafb000,0x00007fc90fbfc000)]
  0x00007fc948132800 JavaThread "Thread-1" [_thread_blocked, id=19659, stack(0x00007fc90fbfc000,0x00007fc90fcfd000)]
  0x00007fc948099800 JavaThread "Low Memory Detector" daemon [_thread_blocked, id=19656, stack(0x00007fc90fdfe000,0x00007fc90feff000)]
  0x00007fc948097000 JavaThread "C2 CompilerThread1" daemon [_thread_blocked, id=19655, stack(0x00007fc90feff000,0x00007fc910000000)]
  0x00007fc948094800 JavaThread "C2 CompilerThread0" daemon [_thread_blocked, id=19654, stack(0x00007fc944014000,0x00007fc944115000)]
  0x00007fc948092000 JavaThread "Signal Dispatcher" daemon [_thread_blocked, id=19653, stack(0x00007fc944115000,0x00007fc944216000)]
  0x00007fc948076000 JavaThread "Finalizer" daemon [_thread_blocked, id=19652, stack(0x00007fc9448f9000,0x00007fc9449fa000)]
  0x00007fc948074000 JavaThread "Reference Handler" daemon [_thread_blocked, id=19651, stack(0x00007fc9449fa000,0x00007fc944afb000)]
  0x00007fc948007800 JavaThread "main" [_thread_blocked, id=19640, stack(0x00007fc94ea45000,0x00007fc94eb46000)]

Other Threads:
  0x00007fc94806d000 VMThread [stack: 0x00007fc944afb000,0x00007fc944bfc000] [id=19649]
  0x00007fc9480ac000 WatcherThread [stack: 0x00007fc90fcfd000,0x00007fc90fdfe000] [id=19657]

=>0x00007fc948025800 (exited) GCTaskThread [stack: 0x00007fc94c899000,0x00007fc94c99a000] [id=19647]

VM state:at safepoint (normal execution)

VM Mutex/Monitor currently owned by a thread:  ([mutex/lock_event])
[0x00007fc948004830] Threads_lock - owner thread: 0x00007fc94806d000
[0x00007fc948004d30] Heap_lock - owner thread: 0x00007fc948137800

Heap
 PSYoungGen      total 371456K, used 365777K [0x00000007ae800000, 0x00000007d94c0000, 0x0000000800000000)
  eden space 224000K, 98% used [0x00000007ae800000,0x00000007bc084608,0x00000007bc2c0000)
  from space 147456K, 97% used [0x00000007c6cc0000,0x00000007cf970190,0x00000007cfcc0000)
  to   space 174080K, 38% used [0x00000007bc2c0000,0x00000007c0490010,0x00000007c6cc0000)
 PSOldGen        total 1597312K, used 1238290K [0x000000070b800000, 0x000000076cfe0000, 0x00000007ae800000)
  object space 1597312K, 77% used [0x000000070b800000,0x0000000757144958,0x000000076cfe0000)
 PSPermGen       total 21248K, used 6301K [0x0000000706600000, 0x0000000707ac0000, 0x000000070b800000)
  object space 21248K, 29% used [0x0000000706600000,0x0000000706c27768,0x0000000707ac0000)

Code Cache  [0x00007fc945000000, 0x00007fc945270000, 0x00007fc948000000)
 total_blobs=476 nmethods=231 adapters=199 free_code_cache=49363072 largest_free_block=10816

Dynamic libraries:
40000000-40009000 r-xp 00000000 08:08 11159973                           /home/lpxz/pool/jdk1.6.0_26/jre/bin/java
40108000-4010a000 rwxp 00008000 08:08 11159973                           /home/lpxz/pool/jdk1.6.0_26/jre/bin/java
41079000-4109a000 rwxp 00000000 00:00 0                                  [heap]
706600000-707ac0000 rwxp 00000000 00:00 0 
707ac0000-70b800000 rwxp 00000000 00:00 0 
70b800000-76cfe0000 rwxp 00000000 00:00 0 
76cfe0000-7ae800000 rwxp 00000000 00:00 0 
7ae800000-7d94c0000 rwxp 00000000 00:00 0 
7d94c0000-800000000 rwxp 00000000 00:00 0 
7fc8e0000000-7fc8e0021000 rwxp 00000000 00:00 0 
7fc8e0021000-7fc8e4000000 ---p 00000000 00:00 0 
7fc8e4000000-7fc8e4021000 rwxp 00000000 00:00 0 
7fc8e4021000-7fc8e8000000 ---p 00000000 00:00 0 
7fc8e8000000-7fc8e8021000 rwxp 00000000 00:00 0 
7fc8e8021000-7fc8ec000000 ---p 00000000 00:00 0 
7fc8ec000000-7fc8ec021000 rwxp 00000000 00:00 0 
7fc8ec021000-7fc8f0000000 ---p 00000000 00:00 0 
7fc8f0000000-7fc8f0021000 rwxp 00000000 00:00 0 
7fc8f0021000-7fc8f4000000 ---p 00000000 00:00 0 
7fc8f4000000-7fc8f4021000 rwxp 00000000 00:00 0 
7fc8f4021000-7fc8f8000000 ---p 00000000 00:00 0 
7fc8f8000000-7fc8f8021000 rwxp 00000000 00:00 0 
7fc8f8021000-7fc8fc000000 ---p 00000000 00:00 0 
7fc8fc000000-7fc8fc021000 rwxp 00000000 00:00 0 
7fc8fc021000-7fc900000000 ---p 00000000 00:00 0 
7fc900000000-7fc900021000 rwxp 00000000 00:00 0 
7fc900021000-7fc904000000 ---p 00000000 00:00 0 
7fc904000000-7fc904021000 rwxp 00000000 00:00 0 
7fc904021000-7fc908000000 ---p 00000000 00:00 0 
7fc908000000-7fc9087bf000 rwxp 00000000 00:00 0 
7fc9087bf000-7fc90c000000 ---p 00000000 00:00 0 
7fc90f4f5000-7fc90f4f8000 ---p 00000000 00:00 0 
7fc90f4f8000-7fc90f5f6000 rwxp 00000000 00:00 0 
7fc90f5f6000-7fc90f5f9000 ---p 00000000 00:00 0 
7fc90f5f9000-7fc90f6f7000 rwxp 00000000 00:00 0 
7fc90f6f7000-7fc90f6fa000 ---p 00000000 00:00 0 
7fc90f6fa000-7fc90f7f8000 rwxp 00000000 00:00 0 
7fc90f7f8000-7fc90f7fb000 ---p 00000000 00:00 0 
7fc90f7fb000-7fc90f8f9000 rwxp 00000000 00:00 0 
7fc90f8f9000-7fc90f8fc000 ---p 00000000 00:00 0 
7fc90f8fc000-7fc90f9fa000 rwxp 00000000 00:00 0 
7fc90f9fa000-7fc90f9fd000 ---p 00000000 00:00 0 
7fc90f9fd000-7fc90fafb000 rwxp 00000000 00:00 0 
7fc90fafb000-7fc90fafe000 ---p 00000000 00:00 0 
7fc90fafe000-7fc90fbfc000 rwxp 00000000 00:00 0 
7fc90fbfc000-7fc90fbff000 ---p 00000000 00:00 0 
7fc90fbff000-7fc90fcfd000 rwxp 00000000 00:00 0 
7fc90fcfd000-7fc90fcfe000 ---p 00000000 00:00 0 
7fc90fcfe000-7fc90fdfe000 rwxp 00000000 00:00 0 
7fc90fdfe000-7fc90fe01000 ---p 00000000 00:00 0 
7fc90fe01000-7fc90feff000 rwxp 00000000 00:00 0 
7fc90feff000-7fc90ff02000 ---p 00000000 00:00 0 
7fc90ff02000-7fc910000000 rwxp 00000000 00:00 0 
7fc910000000-7fc910021000 rwxp 00000000 00:00 0 
7fc910021000-7fc914000000 ---p 00000000 00:00 0 
7fc914000000-7fc914a75000 rwxp 00000000 00:00 0 
7fc914a75000-7fc918000000 ---p 00000000 00:00 0 
7fc918000000-7fc918021000 rwxp 00000000 00:00 0 
7fc918021000-7fc91c000000 ---p 00000000 00:00 0 
7fc91c000000-7fc91c021000 rwxp 00000000 00:00 0 
7fc91c021000-7fc920000000 ---p 00000000 00:00 0 
7fc920000000-7fc920021000 rwxp 00000000 00:00 0 
7fc920021000-7fc924000000 ---p 00000000 00:00 0 
7fc924000000-7fc924021000 rwxp 00000000 00:00 0 
7fc924021000-7fc928000000 ---p 00000000 00:00 0 
7fc928000000-7fc928021000 rwxp 00000000 00:00 0 
7fc928021000-7fc92c000000 ---p 00000000 00:00 0 
7fc92c000000-7fc92c021000 rwxp 00000000 00:00 0 
7fc92c021000-7fc930000000 ---p 00000000 00:00 0 
7fc930000000-7fc930021000 rwxp 00000000 00:00 0 
7fc930021000-7fc934000000 ---p 00000000 00:00 0 
7fc934000000-7fc934021000 rwxp 00000000 00:00 0 
7fc934021000-7fc938000000 ---p 00000000 00:00 0 
7fc938000000-7fc938021000 rwxp 00000000 00:00 0 
7fc938021000-7fc93c000000 ---p 00000000 00:00 0 
7fc93c000000-7fc93c021000 rwxp 00000000 00:00 0 
7fc93c021000-7fc940000000 ---p 00000000 00:00 0 
7fc940000000-7fc940021000 rwxp 00000000 00:00 0 
7fc940021000-7fc944000000 ---p 00000000 00:00 0 
7fc944014000-7fc944017000 ---p 00000000 00:00 0 
7fc944017000-7fc944115000 rwxp 00000000 00:00 0 
7fc944115000-7fc944118000 ---p 00000000 00:00 0 
7fc944118000-7fc944216000 rwxp 00000000 00:00 0 
7fc944216000-7fc9448f9000 r-xp 00000000 08:08 6297920                    /usr/lib/locale/locale-archive
7fc9448f9000-7fc9448fc000 ---p 00000000 00:00 0 
7fc9448fc000-7fc9449fa000 rwxp 00000000 00:00 0 
7fc9449fa000-7fc9449fd000 ---p 00000000 00:00 0 
7fc9449fd000-7fc944afb000 rwxp 00000000 00:00 0 
7fc944afb000-7fc944afc000 ---p 00000000 00:00 0 
7fc944afc000-7fc945270000 rwxp 00000000 00:00 0 
7fc945270000-7fc948155000 rwxp 00000000 00:00 0 
7fc948155000-7fc94c000000 ---p 00000000 00:00 0 
7fc94c08c000-7fc94c098000 r-xs 000da000 08:08 4477681                    /home/lpxz/eclipse/workspacePA_icse/soot-One/lib/polyglotclasses-1.3.5.jar
7fc94c098000-7fc94c09b000 r-xs 0002b000 08:08 4477682                    /home/lpxz/eclipse/workspacePA_icse/soot-One/lib/jasminclasses-2.5.0.jar
7fc94c09b000-7fc94c09f000 r-xs 000cb000 08:08 11292490                   /home/lpxz/pool/jdk1.6.0_26/jre/lib/ext/localedata.jar
7fc94c09f000-7fc94c5d8000 rwxp 00000000 00:00 0 
7fc94c5d8000-7fc94c770000 r-xs 03029000 08:08 11160400                   /home/lpxz/pool/jdk1.6.0_26/jre/lib/rt.jar
7fc94c770000-7fc94c798000 rwxp 00000000 00:00 0 
7fc94c798000-7fc94c799000 ---p 00000000 00:00 0 
7fc94c799000-7fc94c899000 rwxp 00000000 00:00 0 
7fc94c899000-7fc94c89a000 ---p 00000000 00:00 0 
7fc94c89a000-7fc94c99a000 rwxp 00000000 00:00 0 
7fc94c99a000-7fc94c99b000 ---p 00000000 00:00 0 
7fc94c99b000-7fc94ca9b000 rwxp 00000000 00:00 0 
7fc94ca9b000-7fc94ca9c000 ---p 00000000 00:00 0 
7fc94ca9c000-7fc94cb9c000 rwxp 00000000 00:00 0 
7fc94cb9c000-7fc94cb9d000 ---p 00000000 00:00 0 
7fc94cb9d000-7fc94cc9d000 rwxp 00000000 00:00 0 
7fc94cc9d000-7fc94cc9e000 ---p 00000000 00:00 0 
7fc94cc9e000-7fc94cd9e000 rwxp 00000000 00:00 0 
7fc94cd9e000-7fc94cd9f000 ---p 00000000 00:00 0 
7fc94cd9f000-7fc94ce9f000 rwxp 00000000 00:00 0 
7fc94ce9f000-7fc94cea0000 ---p 00000000 00:00 0 
7fc94cea0000-7fc94cfab000 rwxp 00000000 00:00 0 
7fc94cfab000-7fc94cfc9000 rwxp 00000000 00:00 0 
7fc94cfc9000-7fc94d2d5000 rwxp 00000000 00:00 0 
7fc94d2d5000-7fc94d4e1000 rwxp 00000000 00:00 0 
7fc94d4e1000-7fc94d4ec000 rwxp 00000000 00:00 0 
7fc94d4ec000-7fc94d50a000 rwxp 00000000 00:00 0 
7fc94d50a000-7fc94d816000 rwxp 00000000 00:00 0 
7fc94d816000-7fc94da22000 rwxp 00000000 00:00 0 
7fc94da22000-7fc94db79000 rwxp 00000000 00:00 0 
7fc94db79000-7fc94dcae000 rwxp 00000000 00:00 0 
7fc94dcae000-7fc94dcaf000 rwxp 00000000 00:00 0 
7fc94dcaf000-7fc94dcbd000 r-xp 00000000 08:08 11292423                   /home/lpxz/pool/jdk1.6.0_26/jre/lib/amd64/libzip.so
7fc94dcbd000-7fc94ddbf000 ---p 0000e000 08:08 11292423                   /home/lpxz/pool/jdk1.6.0_26/jre/lib/amd64/libzip.so
7fc94ddbf000-7fc94ddc2000 rwxp 00010000 08:08 11292423                   /home/lpxz/pool/jdk1.6.0_26/jre/lib/amd64/libzip.so
7fc94ddc2000-7fc94ddc3000 rwxp 00000000 00:00 0 
7fc94ddc3000-7fc94ddcf000 r-xp 00000000 08:08 12594830                   /lib/x86_64-linux-gnu/libnss_files-2.15.so
7fc94ddcf000-7fc94dfce000 ---p 0000c000 08:08 12594830                   /lib/x86_64-linux-gnu/libnss_files-2.15.so
7fc94dfce000-7fc94dfcf000 r-xp 0000b000 08:08 12594830                   /lib/x86_64-linux-gnu/libnss_files-2.15.so
7fc94dfcf000-7fc94dfd0000 rwxp 0000c000 08:08 12594830                   /lib/x86_64-linux-gnu/libnss_files-2.15.so
7fc94dfd0000-7fc94dfda000 r-xp 00000000 08:08 12594834                   /lib/x86_64-linux-gnu/libnss_nis-2.15.so
7fc94dfda000-7fc94e1da000 ---p 0000a000 08:08 12594834                   /lib/x86_64-linux-gnu/libnss_nis-2.15.so
7fc94e1da000-7fc94e1db000 r-xp 0000a000 08:08 12594834                   /lib/x86_64-linux-gnu/libnss_nis-2.15.so
7fc94e1db000-7fc94e1dc000 rwxp 0000b000 08:08 12594834                   /lib/x86_64-linux-gnu/libnss_nis-2.15.so
7fc94e1dc000-7fc94e1e4000 r-xp 00000000 08:08 12594828                   /lib/x86_64-linux-gnu/libnss_compat-2.15.so
7fc94e1e4000-7fc94e3e3000 ---p 00008000 08:08 12594828                   /lib/x86_64-linux-gnu/libnss_compat-2.15.so
7fc94e3e3000-7fc94e3e4000 r-xp 00007000 08:08 12594828                   /lib/x86_64-linux-gnu/libnss_compat-2.15.so
7fc94e3e4000-7fc94e3e5000 rwxp 00008000 08:08 12594828                   /lib/x86_64-linux-gnu/libnss_compat-2.15.so
7fc94e3e5000-7fc94e3fc000 r-xp 00000000 08:08 12594846                   /lib/x86_64-linux-gnu/libnsl-2.15.so
7fc94e3fc000-7fc94e5fb000 ---p 00017000 08:08 12594846                   /lib/x86_64-linux-gnu/libnsl-2.15.so
7fc94e5fb000-7fc94e5fc000 r-xp 00016000 08:08 12594846                   /lib/x86_64-linux-gnu/libnsl-2.15.so
7fc94e5fc000-7fc94e5fd000 rwxp 00017000 08:08 12594846                   /lib/x86_64-linux-gnu/libnsl-2.15.so
7fc94e5fd000-7fc94e5ff000 rwxp 00000000 00:00 0 
7fc94e5ff000-7fc94e628000 r-xp 00000000 08:08 11292436                   /home/lpxz/pool/jdk1.6.0_26/jre/lib/amd64/libjava.so
7fc94e628000-7fc94e727000 ---p 00029000 08:08 11292436                   /home/lpxz/pool/jdk1.6.0_26/jre/lib/amd64/libjava.so
7fc94e727000-7fc94e72e000 rwxp 00028000 08:08 11292436                   /home/lpxz/pool/jdk1.6.0_26/jre/lib/amd64/libjava.so
7fc94e72e000-7fc94e73b000 r-xp 00000000 08:08 11292418                   /home/lpxz/pool/jdk1.6.0_26/jre/lib/amd64/libverify.so
7fc94e73b000-7fc94e83a000 ---p 0000d000 08:08 11292418                   /home/lpxz/pool/jdk1.6.0_26/jre/lib/amd64/libverify.so
7fc94e83a000-7fc94e83d000 rwxp 0000c000 08:08 11292418                   /home/lpxz/pool/jdk1.6.0_26/jre/lib/amd64/libverify.so
7fc94e83d000-7fc94e844000 r-xp 00000000 08:08 12594833                   /lib/x86_64-linux-gnu/librt-2.15.so
7fc94e844000-7fc94ea43000 ---p 00007000 08:08 12594833                   /lib/x86_64-linux-gnu/librt-2.15.so
7fc94ea43000-7fc94ea44000 r-xp 00006000 08:08 12594833                   /lib/x86_64-linux-gnu/librt-2.15.so
7fc94ea44000-7fc94ea45000 rwxp 00007000 08:08 12594833                   /lib/x86_64-linux-gnu/librt-2.15.so
7fc94ea45000-7fc94ea48000 ---p 00000000 00:00 0 
7fc94ea48000-7fc94eb46000 rwxp 00000000 00:00 0 
7fc94eb46000-7fc94ec41000 r-xp 00000000 08:08 12594837                   /lib/x86_64-linux-gnu/libm-2.15.so
7fc94ec41000-7fc94ee40000 ---p 000fb000 08:08 12594837                   /lib/x86_64-linux-gnu/libm-2.15.so
7fc94ee40000-7fc94ee41000 r-xp 000fa000 08:08 12594837                   /lib/x86_64-linux-gnu/libm-2.15.so
7fc94ee41000-7fc94ee42000 rwxp 000fb000 08:08 12594837                   /lib/x86_64-linux-gnu/libm-2.15.so
7fc94ee42000-7fc94f75c000 r-xp 00000000 08:08 11292443                   /home/lpxz/pool/jdk1.6.0_26/jre/lib/amd64/server/libjvm.so
7fc94f75c000-7fc94f85e000 ---p 0091a000 08:08 11292443                   /home/lpxz/pool/jdk1.6.0_26/jre/lib/amd64/server/libjvm.so
7fc94f85e000-7fc94fa13000 rwxp 0091c000 08:08 11292443                   /home/lpxz/pool/jdk1.6.0_26/jre/lib/amd64/server/libjvm.so
7fc94fa13000-7fc94fa4d000 rwxp 00000000 00:00 0 
7fc94fa4d000-7fc94fc02000 r-xp 00000000 08:08 12594826                   /lib/x86_64-linux-gnu/libc-2.15.so
7fc94fc02000-7fc94fe02000 ---p 001b5000 08:08 12594826                   /lib/x86_64-linux-gnu/libc-2.15.so
7fc94fe02000-7fc94fe06000 r-xp 001b5000 08:08 12594826                   /lib/x86_64-linux-gnu/libc-2.15.so
7fc94fe06000-7fc94fe08000 rwxp 001b9000 08:08 12594826                   /lib/x86_64-linux-gnu/libc-2.15.so
7fc94fe08000-7fc94fe0d000 rwxp 00000000 00:00 0 
7fc94fe0d000-7fc94fe0f000 r-xp 00000000 08:08 12594841                   /lib/x86_64-linux-gnu/libdl-2.15.so
7fc94fe0f000-7fc95000f000 ---p 00002000 08:08 12594841                   /lib/x86_64-linux-gnu/libdl-2.15.so
7fc95000f000-7fc950010000 r-xp 00002000 08:08 12594841                   /lib/x86_64-linux-gnu/libdl-2.15.so
7fc950010000-7fc950011000 rwxp 00003000 08:08 12594841                   /lib/x86_64-linux-gnu/libdl-2.15.so
7fc950011000-7fc950029000 r-xp 00000000 08:08 12594835                   /lib/x86_64-linux-gnu/libpthread-2.15.so
7fc950029000-7fc950228000 ---p 00018000 08:08 12594835                   /lib/x86_64-linux-gnu/libpthread-2.15.so
7fc950228000-7fc950229000 r-xp 00017000 08:08 12594835                   /lib/x86_64-linux-gnu/libpthread-2.15.so
7fc950229000-7fc95022a000 rwxp 00018000 08:08 12594835                   /lib/x86_64-linux-gnu/libpthread-2.15.so
7fc95022a000-7fc95022e000 rwxp 00000000 00:00 0 
7fc95022e000-7fc950250000 r-xp 00000000 08:08 12594838                   /lib/x86_64-linux-gnu/ld-2.15.so
7fc950264000-7fc95026e000 rwxp 00000000 00:00 0 
7fc95026e000-7fc950324000 rwxp 00000000 00:00 0 
7fc950324000-7fc950327000 rwxp 00000000 00:00 0 
7fc950327000-7fc95032e000 r-xp 00000000 08:08 11292408                   /home/lpxz/pool/jdk1.6.0_26/jre/lib/amd64/jli/libjli.so
7fc95032e000-7fc95042f000 ---p 00007000 08:08 11292408                   /home/lpxz/pool/jdk1.6.0_26/jre/lib/amd64/jli/libjli.so
7fc95042f000-7fc950431000 rwxp 00008000 08:08 11292408                   /home/lpxz/pool/jdk1.6.0_26/jre/lib/amd64/jli/libjli.so
7fc950431000-7fc950432000 rwxp 00000000 00:00 0 
7fc950444000-7fc95044c000 rwxs 00000000 08:08 5004836                    /tmp/hsperfdata_lpxz/19635
7fc95044c000-7fc95044d000 rwxp 00000000 00:00 0 
7fc95044d000-7fc95044e000 ---p 00000000 00:00 0 
7fc95044e000-7fc950450000 rwxp 00000000 00:00 0 
7fc950450000-7fc950451000 r-xp 00022000 08:08 12594838                   /lib/x86_64-linux-gnu/ld-2.15.so
7fc950451000-7fc950453000 rwxp 00023000 08:08 12594838                   /lib/x86_64-linux-gnu/ld-2.15.so
7fff99e05000-7fff99e26000 rwxp 00000000 00:00 0                          [stack]
7fff99ef3000-7fff99ef4000 r-xp 00000000 00:00 0                          [vdso]
ffffffffff600000-ffffffffff601000 r-xp 00000000 00:00 0                  [vsyscall]

VM Arguments:
jvm_args: -Xverify:none -Dfile.encoding=UTF-8 
java_command: edu.hkust.leap.record.RecordMain 1000 spec.jbb.JBBmain
Launcher Type: SUN_STANDARD

Environment Variables:
PATH=/usr/local/sbin:/usr/local/bin:/usr/sbin:/usr/bin:/sbin:/bin:/usr/games
LD_LIBRARY_PATH=/home/lpxz/pool/jdk1.6.0_26/jre/lib/amd64/server:/home/lpxz/pool/jdk1.6.0_26/jre/lib/amd64:/home/lpxz/pool/jdk1.6.0_26/jre/../lib/amd64:/usr/lib/jvm/java-6-openjdk-amd64/jre/lib/amd64/server:/usr/lib/jvm/java-6-openjdk-amd64/jre/lib/amd64:/usr/lib/jvm/java-6-openjdk-amd64/jre/../lib/amd64
SHELL=/bin/bash
DISPLAY=:0

Signal Handlers:
SIGSEGV: [libjvm.so+0x85f800], sa_mask[0]=0x7ffbfeff, sa_flags=0x10000004
SIGBUS: [libjvm.so+0x85f800], sa_mask[0]=0x7ffbfeff, sa_flags=0x10000004
SIGFPE: [libjvm.so+0x70e300], sa_mask[0]=0x7ffbfeff, sa_flags=0x10000004
SIGPIPE: [libjvm.so+0x70e300], sa_mask[0]=0x7ffbfeff, sa_flags=0x10000004
SIGXFSZ: [libjvm.so+0x70e300], sa_mask[0]=0x7ffbfeff, sa_flags=0x10000004
SIGILL: [libjvm.so+0x70e300], sa_mask[0]=0x7ffbfeff, sa_flags=0x10000004
SIGUSR1: SIG_DFL, sa_mask[0]=0x00000000, sa_flags=0x00000000
SIGUSR2: [libjvm.so+0x711110], sa_mask[0]=0x00000004, sa_flags=0x10000004
SIGHUP: [libjvm.so+0x710d10], sa_mask[0]=0x7ffbfeff, sa_flags=0x10000004
SIGINT: [libjvm.so+0x710d10], sa_mask[0]=0x7ffbfeff, sa_flags=0x10000004
SIGTERM: [libjvm.so+0x710d10], sa_mask[0]=0x7ffbfeff, sa_flags=0x10000004
SIGQUIT: [libjvm.so+0x710d10], sa_mask[0]=0x7ffbfeff, sa_flags=0x10000004


---------------  S Y S T E M  ---------------

OS:wheezy/sid

uname:Linux 3.2.0-29-generic #46-Ubuntu SMP Fri Jul 27 17:03:23 UTC 2012 x86_64
libc:glibc 2.15 NPTL 2.15 
rlimit: STACK 8192k, CORE 0k, NPROC 125044, NOFILE 4096, AS infinity
load average:2.60 1.47 1.05

/proc/meminfo:
MemTotal:       16023348 kB
MemFree:         6153500 kB
Buffers:          769716 kB
Cached:          3781744 kB
SwapCached:            0 kB
Active:          6297424 kB
Inactive:        2295668 kB
Active(anon):    4077032 kB
Inactive(anon):   205256 kB
Active(file):    2220392 kB
Inactive(file):  2090412 kB
Unevictable:           0 kB
Mlocked:               0 kB
SwapTotal:      62944092 kB
SwapFree:       62944092 kB
Dirty:             13736 kB
Writeback:             0 kB
AnonPages:       4042544 kB
Mapped:           307720 kB
Shmem:            240660 kB
Slab:             967752 kB
SReclaimable:     907984 kB
SUnreclaim:        59768 kB
KernelStack:        5544 kB
PageTables:        49860 kB
NFS_Unstable:          0 kB
Bounce:                0 kB
WritebackTmp:          0 kB
CommitLimit:    70955764 kB
Committed_AS:    7364232 kB
VmallocTotal:   34359738367 kB
VmallocUsed:      401580 kB
VmallocChunk:   34359259620 kB
HardwareCorrupted:     0 kB
AnonHugePages:         0 kB
HugePages_Total:       0
HugePages_Free:        0
HugePages_Rsvd:        0
HugePages_Surp:        0
Hugepagesize:       2048 kB
DirectMap4k:       97792 kB
DirectMap2M:    16265216 kB


CPU:total 8 (4 cores per cpu, 2 threads per core) family 6 model 58 stepping 9, cmov, cx8, fxsr, mmx, sse, sse2, sse3, ssse3, sse4.1, sse4.2, popcnt, ht

/proc/cpuinfo:
processor	: 0
vendor_id	: GenuineIntel
cpu family	: 6
model		: 58
model name	: Intel(R) Core(TM) i7-3610QM CPU @ 2.30GHz
stepping	: 9
microcode	: 0x12
cpu MHz		: 2301.000
cache size	: 6144 KB
physical id	: 0
siblings	: 8
core id		: 0
cpu cores	: 4
apicid		: 0
initial apicid	: 0
fpu		: yes
fpu_exception	: yes
cpuid level	: 13
wp		: yes
flags		: fpu vme de pse tsc msr pae mce cx8 apic sep mtrr pge mca cmov pat pse36 clflush dts acpi mmx fxsr sse sse2 ss ht tm pbe syscall nx rdtscp lm constant_tsc arch_perfmon pebs bts rep_good nopl xtopology nonstop_tsc aperfmperf pni pclmulqdq dtes64 monitor ds_cpl vmx est tm2 ssse3 cx16 xtpr pdcm pcid sse4_1 sse4_2 x2apic popcnt tsc_deadline_timer aes xsave avx f16c rdrand lahf_lm ida arat epb xsaveopt pln pts dtherm tpr_shadow vnmi flexpriority ept vpid fsgsbase smep erms
bogomips	: 4589.74
clflush size	: 64
cache_alignment	: 64
address sizes	: 36 bits physical, 48 bits virtual
power management:

processor	: 1
vendor_id	: GenuineIntel
cpu family	: 6
model		: 58
model name	: Intel(R) Core(TM) i7-3610QM CPU @ 2.30GHz
stepping	: 9
microcode	: 0x12
cpu MHz		: 2301.000
cache size	: 6144 KB
physical id	: 0
siblings	: 8
core id		: 0
cpu cores	: 4
apicid		: 1
initial apicid	: 1
fpu		: yes
fpu_exception	: yes
cpuid level	: 13
wp		: yes
flags		: fpu vme de pse tsc msr pae mce cx8 apic sep mtrr pge mca cmov pat pse36 clflush dts acpi mmx fxsr sse sse2 ss ht tm pbe syscall nx rdtscp lm constant_tsc arch_perfmon pebs bts rep_good nopl xtopology nonstop_tsc aperfmperf pni pclmulqdq dtes64 monitor ds_cpl vmx est tm2 ssse3 cx16 xtpr pdcm pcid sse4_1 sse4_2 x2apic popcnt tsc_deadline_timer aes xsave avx f16c rdrand lahf_lm ida arat epb xsaveopt pln pts dtherm tpr_shadow vnmi flexpriority ept vpid fsgsbase smep erms
bogomips	: 4589.36
clflush size	: 64
cache_alignment	: 64
address sizes	: 36 bits physical, 48 bits virtual
power management:

processor	: 2
vendor_id	: GenuineIntel
cpu family	: 6
model		: 58
model name	: Intel(R) Core(TM) i7-3610QM CPU @ 2.30GHz
stepping	: 9
microcode	: 0x12
cpu MHz		: 2301.000
cache size	: 6144 KB
physical id	: 0
siblings	: 8
core id		: 1
cpu cores	: 4
apicid		: 2
initial apicid	: 2
fpu		: yes
fpu_exception	: yes
cpuid level	: 13
wp		: yes
flags		: fpu vme de pse tsc msr pae mce cx8 apic sep mtrr pge mca cmov pat pse36 clflush dts acpi mmx fxsr sse sse2 ss ht tm pbe syscall nx rdtscp lm constant_tsc arch_perfmon pebs bts rep_good nopl xtopology nonstop_tsc aperfmperf pni pclmulqdq dtes64 monitor ds_cpl vmx est tm2 ssse3 cx16 xtpr pdcm pcid sse4_1 sse4_2 x2apic popcnt tsc_deadline_timer aes xsave avx f16c rdrand lahf_lm ida arat epb xsaveopt pln pts dtherm tpr_shadow vnmi flexpriority ept vpid fsgsbase smep erms
bogomips	: 4589.36
clflush size	: 64
cache_alignment	: 64
address sizes	: 36 bits physical, 48 bits virtual
power management:

processor	: 3
vendor_id	: GenuineIntel
cpu family	: 6
model		: 58
model name	: Intel(R) Core(TM) i7-3610QM CPU @ 2.30GHz
stepping	: 9
microcode	: 0x12
cpu MHz		: 2301.000
cache size	: 6144 KB
physical id	: 0
siblings	: 8
core id		: 1
cpu cores	: 4
apicid		: 3
initial apicid	: 3
fpu		: yes
fpu_exception	: yes
cpuid level	: 13
wp		: yes
flags		: fpu vme de pse tsc msr pae mce cx8 apic sep mtrr pge mca cmov pat pse36 clflush dts acpi mmx fxsr sse sse2 ss ht tm pbe syscall nx rdtscp lm constant_tsc arch_perfmon pebs bts rep_good nopl xtopology nonstop_tsc aperfmperf pni pclmulqdq dtes64 monitor ds_cpl vmx est tm2 ssse3 cx16 xtpr pdcm pcid sse4_1 sse4_2 x2apic popcnt tsc_deadline_timer aes xsave avx f16c rdrand lahf_lm ida arat epb xsaveopt pln pts dtherm tpr_shadow vnmi flexpriority ept vpid fsgsbase smep erms
bogomips	: 4589.37
clflush size	: 64
cache_alignment	: 64
address sizes	: 36 bits physical, 48 bits virtual
power management:

processor	: 4
vendor_id	: GenuineIntel
cpu family	: 6
model		: 58
model name	: Intel(R) Core(TM) i7-3610QM CPU @ 2.30GHz
stepping	: 9
microcode	: 0x12
cpu MHz		: 2301.000
cache size	: 6144 KB
physical id	: 0
siblings	: 8
core id		: 2
cpu cores	: 4
apicid		: 4
initial apicid	: 4
fpu		: yes
fpu_exception	: yes
cpuid level	: 13
wp		: yes
flags		: fpu vme de pse tsc msr pae mce cx8 apic sep mtrr pge mca cmov pat pse36 clflush dts acpi mmx fxsr sse sse2 ss ht tm pbe syscall nx rdtscp lm constant_tsc arch_perfmon pebs bts rep_good nopl xtopology nonstop_tsc aperfmperf pni pclmulqdq dtes64 monitor ds_cpl vmx est tm2 ssse3 cx16 xtpr pdcm pcid sse4_1 sse4_2 x2apic popcnt tsc_deadline_timer aes xsave avx f16c rdrand lahf_lm ida arat epb xsaveopt pln pts dtherm tpr_shadow vnmi flexpriority ept vpid fsgsbase smep erms
bogomips	: 4589.37
clflush size	: 64
cache_alignment	: 64
address sizes	: 36 bits physical, 48 bits virtual
power management:

processor	: 5
vendor_id	: GenuineIntel
cpu family	: 6
model		: 58
model name	: Intel(R) Core(TM) i7-3610QM CPU @ 2.30GHz
stepping	: 9
microcode	: 0x12
cpu MHz		: 2301.000
cache size	: 6144 KB
physical id	: 0
siblings	: 8
core id		: 2
cpu cores	: 4
apicid		: 5
initial apicid	: 5
fpu		: yes
fpu_exception	: yes
cpuid level	: 13
wp		: yes
flags		: fpu vme de pse tsc msr pae mce cx8 apic sep mtrr pge mca cmov pat pse36 clflush dts acpi mmx fxsr sse sse2 ss ht tm pbe syscall nx rdtscp lm constant_tsc arch_perfmon pebs bts rep_good nopl xtopology nonstop_tsc aperfmperf pni pclmulqdq dtes64 monitor ds_cpl vmx est tm2 ssse3 cx16 xtpr pdcm pcid sse4_1 sse4_2 x2apic popcnt tsc_deadline_timer aes xsave avx f16c rdrand lahf_lm ida arat epb xsaveopt pln pts dtherm tpr_shadow vnmi flexpriority ept vpid fsgsbase smep erms
bogomips	: 4589.36
clflush size	: 64
cache_alignment	: 64
address sizes	: 36 bits physical, 48 bits virtual
power management:

processor	: 6
vendor_id	: GenuineIntel
cpu family	: 6
model		: 58
model name	: Intel(R) Core(TM) i7-3610QM CPU @ 2.30GHz
stepping	: 9
microcode	: 0x12
cpu MHz		: 2301.000
cache size	: 6144 KB
physical id	: 0
siblings	: 8
core id		: 3
cpu cores	: 4
apicid		: 6
initial apicid	: 6
fpu		: yes
fpu_exception	: yes
cpuid level	: 13
wp		: yes
flags		: fpu vme de pse tsc msr pae mce cx8 apic sep mtrr pge mca cmov pat pse36 clflush dts acpi mmx fxsr sse sse2 ss ht tm pbe syscall nx rdtscp lm constant_tsc arch_perfmon pebs bts rep_good nopl xtopology nonstop_tsc aperfmperf pni pclmulqdq dtes64 monitor ds_cpl vmx est tm2 ssse3 cx16 xtpr pdcm pcid sse4_1 sse4_2 x2apic popcnt tsc_deadline_timer aes xsave avx f16c rdrand lahf_lm ida arat epb xsaveopt pln pts dtherm tpr_shadow vnmi flexpriority ept vpid fsgsbase smep erms
bogomips	: 4589.37
clflush size	: 64
cache_alignment	: 64
address sizes	: 36 bits physical, 48 bits virtual
power management:

processor	: 7
vendor_id	: GenuineIntel
cpu family	: 6
model		: 58
model name	: Intel(R) Core(TM) i7-3610QM CPU @ 2.30GHz
stepping	: 9
microcode	: 0x12
cpu MHz		: 2301.000
cache size	: 6144 KB
physical id	: 0
siblings	: 8
core id		: 3
cpu cores	: 4
apicid		: 7
initial apicid	: 7
fpu		: yes
fpu_exception	: yes
cpuid level	: 13
wp		: yes
flags		: fpu vme de pse tsc msr pae mce cx8 apic sep mtrr pge mca cmov pat pse36 clflush dts acpi mmx fxsr sse sse2 ss ht tm pbe syscall nx rdtscp lm constant_tsc arch_perfmon pebs bts rep_good nopl xtopology nonstop_tsc aperfmperf pni pclmulqdq dtes64 monitor ds_cpl vmx est tm2 ssse3 cx16 xtpr pdcm pcid sse4_1 sse4_2 x2apic popcnt tsc_deadline_timer aes xsave avx f16c rdrand lahf_lm ida arat epb xsaveopt pln pts dtherm tpr_shadow vnmi flexpriority ept vpid fsgsbase smep erms
bogomips	: 4589.37
clflush size	: 64
cache_alignment	: 64
address sizes	: 36 bits physical, 48 bits virtual
power management:



Memory: 4k page, physical 16023348k(6152384k free), swap 62944092k(62944092k free)

vm_info: Java HotSpot(TM) 64-Bit Server VM (20.1-b02) for linux-amd64 JRE (1.6.0_26-b03), built on May  4 2011 01:13:47 by "java_re" with gcc 3.2.2 (SuSE Linux)

time: Mon Oct 13 22:45:37 2014
elapsed time: 63 seconds

