#
# A fatal error has been detected by the Java Runtime Environment:
#
#  SIGSEGV (0xb) at pc=0x00007ff749e18467, pid=11982, tid=140699874006784
#
# JRE version: Java(TM) SE Runtime Environment (7.0_51-b13) (build 1.7.0_51-b13)
# Java VM: Java HotSpot(TM) 64-Bit Server VM (24.51-b03 mixed mode linux-amd64 compressed oops)
# Problematic frame:
# V  [libjvm.so+0x87b467]  oopDesc* PSPromotionManager::copy_to_survivor_space<false>(oopDesc*)+0x177
#
# Failed to write core dump. Core dumps have been disabled. To enable core dumping, try "ulimit -c unlimited" before starting Java again
#
# If you would like to submit a bug report, please visit:
#   http://bugreport.sun.com/bugreport/crash.jsp
#

---------------  T H R E A D  ---------------

Current thread (0x00007ff744021bc0):  GCTaskThread [stack: 0x00007ff73df29000,0x00007ff73e02a000] [id=11990]

siginfo:si_signo=SIGSEGV: si_errno=0, si_code=1 (SEGV_MAPERR), si_addr=0x000000024f1e6278

Registers:
RAX=0x00007ff74a3af6a0, RBX=0x00007ff7346b8408, RCX=0x0000000000000003, RDX=0x000000024f1e6260
RSP=0x00007ff73e028300, RBP=0x00007ff73e028370, RSI=0x00007ff7346b8310, RDI=0x000000024f1e6270
R8 =0x0000000000000001, R9 =0x00007ff74a3cae58, R10=0x0000000000000001, R11=0x00007ff749b92000
R12=0x00007ff7346b8310, R13=0x00007ff7346b8330, R14=0x0000000000000001, R15=0x00000000ffffffff
RIP=0x00007ff749e18467, EFLAGS=0x0000000000010206, CSGSFS=0x0000000000000033, ERR=0x0000000000000004
  TRAPNO=0x000000000000000e

Top of Stack: (sp=0x00007ff73e028300)
0x00007ff73e028300:   0000000000000008 00007ff74a3cae58
0x00007ff73e028310:   0000000000023845 00007ff74406b330
0x00007ff73e028320:   00007ff7200019d0 0000000000000001
0x00007ff73e028330:   0000000000000002 0000000000000001
0x00007ff73e028340:   00007ff73e028390 00007ff7346b8408
0x00007ff73e028350:   00007ff744021e70 0000000000001741
0x00007ff73e028360:   0000000000000001 00000000ffffffff
0x00007ff73e028370:   00007ff73e028390 00007ff749e1b1bd
0x00007ff73e028380:   00007ff744021e60 0000000000001741
0x00007ff73e028390:   00007ff73e028430 00007ff749da56bb
0x00007ff73e0283a0:   00007ff74a3d4a20 00007ff749da3a00
0x00007ff73e0283b0:   00007ff73e028b40 00007ff73e028520
0x00007ff73e0283c0:   00007ff73e0284f0 00007ff73e0283d0
0x00007ff73e0283d0:   00007ff6c4203850 ffff7ff700000001
0x00007ff73e0283e0:   00007ff741077aa0 00007ff7410777d0
0x00007ff73e0283f0:   17417ff741078fc3 000000000000ffff
0x00007ff73e028400:   00007ff741077a94 00007ff73e0284f0
0x00007ff73e028410:   0000000000000001 00007ff73e028520
0x00007ff73e028420:   00007ff73e028b20 00007ff73e028b40
0x00007ff73e028430:   00007ff73e0284a0 00007ff749ab8539
0x00007ff73e028440:   00007ff73e028480 00007ff749ab962a
0x00007ff73e028450:   00007ff741084794 00007ff73e0284c0
0x00007ff73e028460:   00007ff73e028520 00007ff744021bc0
0x00007ff73e028470:   00007ff73e028b40 00007ff73e0284f0
0x00007ff73e028480:   00007ff73e028520 00007ff744021bc0
0x00007ff73e028490:   00007ff73e028b40 00007ff744193be0
0x00007ff73e0284a0:   00007ff73e028b10 00007ff749ee4f5a
0x00007ff73e0284b0:   00007ff73e0284c0 00007ff73e028b20
0x00007ff73e0284c0:   00007ff7346b8400 00007ff741084794
0x00007ff73e0284d0:   00007ff741084550 0000000000000000
0x00007ff73e0284e0:   000000000000000f 00007ff7346b8400
0x00007ff73e0284f0:   00007ff7346b8400 00007ff741084794 

Instructions: (pc=0x00007ff749e18467)
0x00007ff749e18447:   83 f8 05 75 d3 31 db eb d6 48 8b 05 21 a5 57 00
0x00007ff749e18457:   8b 56 08 8b 48 08 48 d3 e2 48 03 10 48 8d 7a 10
0x00007ff749e18467:   8b 77 08 83 fe 00 0f 8f db fe ff ff 0f 85 07 03
0x00007ff749e18477:   00 00 0f 1f 80 00 00 00 00 48 8b 07 4c 89 e6 4c 

Register to memory mapping:

RAX=0x00007ff74a3af6a0: <offset 0xe126a0> in /home/lpxz/pool/jdk1.7/jre/lib/amd64/server/libjvm.so at 0x00007ff74959d000
RBX=0x00007ff7346b8408 is pointing into the stack for thread: 0x00007ff744193be0
RCX=0x0000000000000003 is an unknown value
RDX=0x000000024f1e6260 is an unknown value
RSP=0x00007ff73e028300 is an unknown value
RBP=0x00007ff73e028370 is an unknown value
RSI=0x00007ff7346b8310 is pointing into the stack for thread: 0x00007ff744193be0
RDI=0x000000024f1e6270 is an unknown value
R8 =0x0000000000000001 is an unknown value
R9 =0x00007ff74a3cae58: <offset 0xe2de58> in /home/lpxz/pool/jdk1.7/jre/lib/amd64/server/libjvm.so at 0x00007ff74959d000
R10=0x0000000000000001 is an unknown value
R11=0x00007ff749b92000: <offset 0x5f5000> in /home/lpxz/pool/jdk1.7/jre/lib/amd64/server/libjvm.so at 0x00007ff74959d000
R12=0x00007ff7346b8310 is pointing into the stack for thread: 0x00007ff744193be0
R13=0x00007ff7346b8330 is pointing into the stack for thread: 0x00007ff744193be0
R14=0x0000000000000001 is an unknown value
R15=0x00000000ffffffff is an unknown value


Stack: [0x00007ff73df29000,0x00007ff73e02a000],  sp=0x00007ff73e028300,  free space=1020k
Native frames: (J=compiled Java code, j=interpreted, Vv=VM code, C=native code)
V  [libjvm.so+0x87b467]  oopDesc* PSPromotionManager::copy_to_survivor_space<false>(oopDesc*)+0x177
V  [libjvm.so+0x87e1bd]  PSRootsClosure<false>::do_oop(oopDesc**)+0x3d
V  [libjvm.so+0x8086bb]  OopMapSet::all_do(frame const*, RegisterMap const*, OopClosure*, void (*)(oopDesc**, oopDesc**), OopClosure*)+0x2fb
V  [libjvm.so+0x51b539]  frame::oops_do_internal(OopClosure*, CodeBlobClosure*, RegisterMap*, bool)+0x99
V  [libjvm.so+0x947f5a]  JavaThread::oops_do(OopClosure*, CodeBlobClosure*)+0x15a
V  [libjvm.so+0x87e575]  ThreadRootsTask::do_it(GCTaskManager*, unsigned int)+0x75
V  [libjvm.so+0x550f6f]  GCTaskThread::run()+0x12f
V  [libjvm.so+0x815538]  java_start(Thread*)+0x108

JavaThread 0x00007ff744193be0 (nid = 12009) was being processed
Java frames: (J=compiled Java code, j=interpreted, Vv=VM code)
v  ~RuntimeStub::_new_array_Java
J  java.util.Vector.add(Ljava/lang/Object;)Z
J  edu.hkust.leap.monitor.RecordMonitor.accessSPE(IJZI)V
J  edu.hkust.leap.monitor.RecordMonitor.readBeforeInstance(Ljava/lang/Object;IJLjava/lang/String;ILjava/lang/Object;)V
J  spec.jbb.Order.processLines(Lspec/jbb/Warehouse;SZ)Z
j  spec.jbb.NewOrderTransaction.process()Z+183
j  spec.jbb.TransactionManager.runTxn(Lspec/jbb/Transaction;JJD)J+36
j  spec.jbb.TransactionManager.goManual(ILspec/jbb/TimerData;)J+141
j  spec.jbb.TransactionManager.go()V+437
j  spec.jbb.JBBmain.run()V+127
j  java.lang.Thread.run()V+11
v  ~StubRoutines::call_stub

---------------  P R O C E S S  ---------------

Java Threads: ( => current thread )
  0x00007ff7441969d0 JavaThread "Thread-8" [_thread_blocked, id=12011, stack(0x00007ff73438a000,0x00007ff73448b000)]
  0x00007ff7441950e0 JavaThread "Thread-7" [_thread_blocked, id=12010, stack(0x00007ff7344b8000,0x00007ff7345b9000)]
  0x00007ff744193be0 JavaThread "Thread-6" [_thread_blocked, id=12009, stack(0x00007ff7345b9000,0x00007ff7346ba000)]
  0x00007ff7441926e0 JavaThread "Thread-5" [_thread_blocked, id=12008, stack(0x00007ff7346ba000,0x00007ff7347bb000)]
  0x00007ff744190e60 JavaThread "Thread-4" [_thread_blocked, id=12007, stack(0x00007ff7347bb000,0x00007ff7348bc000)]
  0x00007ff7441859f0 JavaThread "Thread-3" [_thread_blocked, id=12006, stack(0x00007ff7348bc000,0x00007ff7349bd000)]
  0x00007ff744182010 JavaThread "Thread-2" [_thread_blocked, id=12005, stack(0x00007ff7349bd000,0x00007ff734abe000)]
  0x00007ff744180f20 JavaThread "Thread-1" [_thread_blocked, id=12004, stack(0x00007ff734abe000,0x00007ff734bbf000)]
  0x00007ff7440975b0 JavaThread "Service Thread" daemon [_thread_blocked, id=12002, stack(0x00007ff7350e8000,0x00007ff7351e9000)]
  0x00007ff74401bb30 JavaThread "C2 CompilerThread1" daemon [_thread_blocked, id=12001, stack(0x00007ff7351e9000,0x00007ff7352ea000)]
  0x00007ff744093200 JavaThread "C2 CompilerThread0" daemon [_thread_blocked, id=12000, stack(0x00007ff7352ea000,0x00007ff7353eb000)]
  0x00007ff7440896d0 JavaThread "Signal Dispatcher" daemon [_thread_blocked, id=11999, stack(0x00007ff7353eb000,0x00007ff7354ec000)]
  0x00007ff744072eb0 JavaThread "Finalizer" daemon [_thread_blocked, id=11998, stack(0x00007ff735bcf000,0x00007ff735cd0000)]
  0x00007ff74406f6d0 JavaThread "Reference Handler" daemon [_thread_blocked, id=11997, stack(0x00007ff6e3c6f000,0x00007ff6e3d70000)]
  0x00007ff744007560 JavaThread "main" [_thread_blocked, id=11987, stack(0x00007ff74aefa000,0x00007ff74affb000)]

Other Threads:
  0x00007ff74406d8e0 VMThread [stack: 0x00007ff735cd0000,0x00007ff735dd1000] [id=11996]
  0x00007ff7440a1a50 WatcherThread [stack: 0x00007ff734fe7000,0x00007ff7350e8000] [id=12003]

=>0x00007ff744021bc0 (exited) GCTaskThread [stack: 0x00007ff73df29000,0x00007ff73e02a000] [id=11990]

VM state:at safepoint (normal execution)

VM Mutex/Monitor currently owned by a thread:  ([mutex/lock_event])
[0x00007ff744006480] Threads_lock - owner thread: 0x00007ff74406d8e0
[0x00007ff744006980] Heap_lock - owner thread: 0x00007ff744193be0

Heap
 PSYoungGen      total 73216K, used 73192K [0x00000006d5500000, 0x00000006de400000, 0x0000000800000000)
  eden space 62976K, 100% used [0x00000006d5500000,0x00000006d9280000,0x00000006d9280000)
  from space 10240K, 99% used [0x00000006d9280000,0x00000006d9c7a0a0,0x00000006d9c80000)
  to   space 10240K, 99% used [0x00000006dda00000,0x00000006de3fd2e0,0x00000006de400000)
 ParOldGen       total 166912K, used 54140K [0x0000000480000000, 0x000000048a300000, 0x00000006d5500000)
  object space 166912K, 32% used [0x0000000480000000,0x00000004834df040,0x000000048a300000)
 PSPermGen       total 21504K, used 6083K [0x000000047ae00000, 0x000000047c300000, 0x0000000480000000)
  object space 21504K, 28% used [0x000000047ae00000,0x000000047b3f0cc0,0x000000047c300000)

Card table byte_map: [0x00007ff73f3d6000,0x00007ff741000000] byte_map_base: 0x00007ff73cfff000

Polling page: 0x00007ff74b01a000

Code Cache  [0x00007ff741000000, 0x00007ff741270000, 0x00007ff744000000)
 total_blobs=502 nmethods=224 adapters=231 free_code_cache=48267Kb largest_free_block=49384512

Compilation events (10 events):
Event: 0.940 Thread 0x00007ff744093200 nmethod 222 0x00007ff7410c78d0 code [0x00007ff7410c7a00, 0x00007ff7410c7a58]
Event: 0.943 Thread 0x00007ff744093200  223             java.util.Calendar::getFirstDayOfWeek (5 bytes)
Event: 0.944 Thread 0x00007ff744093200 nmethod 223 0x00007ff7410cde90 code [0x00007ff7410cdfc0, 0x00007ff7410ce018]
Event: 0.944 Thread 0x00007ff744093200  224             sun.util.calendar.CalendarDate::getYear (5 bytes)
Event: 0.944 Thread 0x00007ff744093200 nmethod 224 0x00007ff7410cdc90 code [0x00007ff7410cddc0, 0x00007ff7410cde18]
Event: 0.944 Thread 0x00007ff744093200  225             sun.util.calendar.AbstractCalendar::getDayOfWeekDateOnOrBefore (31 bytes)
Event: 0.945 Thread 0x00007ff744093200 nmethod 225 0x00007ff7410cda10 code [0x00007ff7410cdb60, 0x00007ff7410cdc08]
Event: 0.945 Thread 0x00007ff744093200  226             java.util.GregorianCalendar::getWeekNumber (93 bytes)
Event: 0.946 Thread 0x00007ff744093200 nmethod 226 0x00007ff7410d12d0 code [0x00007ff7410d1420, 0x00007ff7410d1578]
Event: 0.946 Thread 0x00007ff74401bb30 nmethod 221 0x00007ff7410e4a10 code [0x00007ff7410e4da0, 0x00007ff7410e61a0]

GC Heap History (3 events):
Event: 0.740 GC heap before
{Heap before GC invocations=1 (full 0):
 PSYoungGen      total 73216K, used 62976K [0x00000006d5500000, 0x00000006da680000, 0x0000000800000000)
  eden space 62976K, 100% used [0x00000006d5500000,0x00000006d9280000,0x00000006d9280000)
  from space 10240K, 0% used [0x00000006d9c80000,0x00000006d9c80000,0x00000006da680000)
  to   space 10240K, 0% used [0x00000006d9280000,0x00000006d9280000,0x00000006d9c80000)
 ParOldGen       total 166912K, used 0K [0x0000000480000000, 0x000000048a300000, 0x00000006d5500000)
  object space 166912K, 0% used [0x0000000480000000,0x0000000480000000,0x000000048a300000)
 PSPermGen       total 21504K, used 6051K [0x000000047ae00000, 0x000000047c300000, 0x0000000480000000)
  object space 21504K, 28% used [0x000000047ae00000,0x000000047b3e8dd8,0x000000047c300000)
Event: 0.764 GC heap after
Heap after GC invocations=1 (full 0):
 PSYoungGen      total 73216K, used 10216K [0x00000006d5500000, 0x00000006de400000, 0x0000000800000000)
  eden space 62976K, 0% used [0x00000006d5500000,0x00000006d5500000,0x00000006d9280000)
  from space 10240K, 99% used [0x00000006d9280000,0x00000006d9c7a0a0,0x00000006d9c80000)
  to   space 10240K, 0% used [0x00000006dda00000,0x00000006dda00000,0x00000006de400000)
 ParOldGen       total 166912K, used 19587K [0x0000000480000000, 0x000000048a300000, 0x00000006d5500000)
  object space 166912K, 11% used [0x0000000480000000,0x0000000481320cf0,0x000000048a300000)
 PSPermGen       total 21504K, used 6051K [0x000000047ae00000, 0x000000047c300000, 0x0000000480000000)
  object space 21504K, 28% used [0x000000047ae00000,0x000000047b3e8dd8,0x000000047c300000)
}
Event: 1.055 GC heap before
{Heap before GC invocations=2 (full 0):
 PSYoungGen      total 73216K, used 73192K [0x00000006d5500000, 0x00000006de400000, 0x0000000800000000)
  eden space 62976K, 100% used [0x00000006d5500000,0x00000006d9280000,0x00000006d9280000)
  from space 10240K, 99% used [0x00000006d9280000,0x00000006d9c7a0a0,0x00000006d9c80000)
  to   space 10240K, 0% used [0x00000006dda00000,0x00000006dda00000,0x00000006de400000)
 ParOldGen       total 166912K, used 19587K [0x0000000480000000, 0x000000048a300000, 0x00000006d5500000)
  object space 166912K, 11% used [0x0000000480000000,0x0000000481320cf0,0x000000048a300000)
 PSPermGen       total 21504K, used 6083K [0x000000047ae00000, 0x000000047c300000, 0x0000000480000000)
  object space 21504K, 28% used [0x000000047ae00000,0x000000047b3f0cc0,0x000000047c300000)

Deoptimization events (0 events):
No events

Internal exceptions (10 events):
Event: 0.125 Thread 0x00007ff744007560 Threw 0x00000006d57d1040 at /HUDSON/workspace/7u-2-build-linux-amd64@2/jdk7u51/527/hotspot/src/share/vm/prims/jvm.cpp:1244
Event: 0.127 Thread 0x00007ff744007560 Threw 0x00000006d57d6a40 at /HUDSON/workspace/7u-2-build-linux-amd64@2/jdk7u51/527/hotspot/src/share/vm/prims/jvm.cpp:1244
Event: 0.128 Thread 0x00007ff744007560 Threw 0x00000006d57dfa60 at /HUDSON/workspace/7u-2-build-linux-amd64@2/jdk7u51/527/hotspot/src/share/vm/prims/jvm.cpp:1244
Event: 0.133 Thread 0x00007ff744007560 Threw 0x00000006d57eb430 at /HUDSON/workspace/7u-2-build-linux-amd64@2/jdk7u51/527/hotspot/src/share/vm/prims/jvm.cpp:1244
Event: 0.134 Thread 0x00007ff744007560 Threw 0x00000006d57eeb28 at /HUDSON/workspace/7u-2-build-linux-amd64@2/jdk7u51/527/hotspot/src/share/vm/prims/jvm.cpp:1244
Event: 0.134 Thread 0x00007ff744007560 Threw 0x00000006d5800190 at /HUDSON/workspace/7u-2-build-linux-amd64@2/jdk7u51/527/hotspot/src/share/vm/prims/jvm.cpp:1244
Event: 0.161 Thread 0x00007ff744007560 Threw 0x00000006d58562b8 at /HUDSON/workspace/7u-2-build-linux-amd64@2/jdk7u51/527/hotspot/src/share/vm/prims/jvm.cpp:1244
Event: 0.161 Thread 0x00007ff744007560 Threw 0x00000006d585d4f8 at /HUDSON/workspace/7u-2-build-linux-amd64@2/jdk7u51/527/hotspot/src/share/vm/prims/jvm.cpp:1244
Event: 0.202 Thread 0x00007ff744180f20 Threw 0x00000006d59f3a38 at /HUDSON/workspace/7u-2-build-linux-amd64@2/jdk7u51/527/hotspot/src/share/vm/prims/jvm.cpp:1244
Event: 0.217 Thread 0x00007ff7441969d0 Threw 0x00000006d62a9198 at /HUDSON/workspace/7u-2-build-linux-amd64@2/jdk7u51/527/hotspot/src/share/vm/prims/jvm.cpp:1244

Events (10 events):
Event: 0.219 loading class 0x00007ff6c4027f70 done
Event: 0.221 loading class 0x00007ff74807f4d0
Event: 0.222 loading class 0x00007ff74807f4d0 done
Event: 0.225 loading class 0x00007ff6c4025460
Event: 0.225 loading class 0x00007ff6c4025460 done
Event: 0.226 loading class 0x00007ff6c41476b0
Event: 0.226 loading class 0x00007ff6c41476b0 done
Event: 0.737 Executing VM operation: ParallelGCFailedAllocation
Event: 0.764 Executing VM operation: ParallelGCFailedAllocation done
Event: 1.055 Executing VM operation: ParallelGCFailedAllocation


Dynamic libraries:
00400000-00401000 r-xp 00000000 08:08 3802540                            /home/lpxz/pool/jdk1.7/bin/java
00600000-00601000 rw-p 00000000 08:08 3802540                            /home/lpxz/pool/jdk1.7/bin/java
017b0000-017d1000 rw-p 00000000 00:00 0                                  [heap]
47ae00000-47c300000 rw-p 00000000 00:00 0 
47c300000-480000000 rw-p 00000000 00:00 0 
480000000-48a300000 rw-p 00000000 00:00 0 
48a300000-6d5500000 rw-p 00000000 00:00 0 
6d5500000-6de400000 rw-p 00000000 00:00 0 
6de400000-800000000 rw-p 00000000 00:00 0 
7ff69c000000-7ff69c021000 rw-p 00000000 00:00 0 
7ff69c021000-7ff6a0000000 ---p 00000000 00:00 0 
7ff6a4000000-7ff6a4021000 rw-p 00000000 00:00 0 
7ff6a4021000-7ff6a8000000 ---p 00000000 00:00 0 
7ff6a8000000-7ff6a8021000 rw-p 00000000 00:00 0 
7ff6a8021000-7ff6ac000000 ---p 00000000 00:00 0 
7ff6ac000000-7ff6ac021000 rw-p 00000000 00:00 0 
7ff6ac021000-7ff6b0000000 ---p 00000000 00:00 0 
7ff6b0000000-7ff6b024b000 rw-p 00000000 00:00 0 
7ff6b024b000-7ff6b4000000 ---p 00000000 00:00 0 
7ff6b4000000-7ff6b4021000 rw-p 00000000 00:00 0 
7ff6b4021000-7ff6b8000000 ---p 00000000 00:00 0 
7ff6b8000000-7ff6b8021000 rw-p 00000000 00:00 0 
7ff6b8021000-7ff6bc000000 ---p 00000000 00:00 0 
7ff6bc000000-7ff6bc021000 rw-p 00000000 00:00 0 
7ff6bc021000-7ff6c0000000 ---p 00000000 00:00 0 
7ff6c0000000-7ff6c0021000 rw-p 00000000 00:00 0 
7ff6c0021000-7ff6c4000000 ---p 00000000 00:00 0 
7ff6c4000000-7ff6c4533000 rw-p 00000000 00:00 0 
7ff6c4533000-7ff6c8000000 ---p 00000000 00:00 0 
7ff6c8000000-7ff6c8021000 rw-p 00000000 00:00 0 
7ff6c8021000-7ff6cc000000 ---p 00000000 00:00 0 
7ff6cc000000-7ff6cc021000 rw-p 00000000 00:00 0 
7ff6cc021000-7ff6d0000000 ---p 00000000 00:00 0 
7ff6d0000000-7ff6d08f6000 rw-p 00000000 00:00 0 
7ff6d08f6000-7ff6d4000000 ---p 00000000 00:00 0 
7ff6d4000000-7ff6d4021000 rw-p 00000000 00:00 0 
7ff6d4021000-7ff6d8000000 ---p 00000000 00:00 0 
7ff6d8000000-7ff6d8021000 rw-p 00000000 00:00 0 
7ff6d8021000-7ff6dc000000 ---p 00000000 00:00 0 
7ff6dc000000-7ff6dc021000 rw-p 00000000 00:00 0 
7ff6dc021000-7ff6e0000000 ---p 00000000 00:00 0 
7ff6e3c6f000-7ff6e3c72000 ---p 00000000 00:00 0 
7ff6e3c72000-7ff700000000 rw-p 00000000 00:00 0 
7ff700000000-7ff700021000 rw-p 00000000 00:00 0 
7ff700021000-7ff704000000 ---p 00000000 00:00 0 
7ff708000000-7ff708021000 rw-p 00000000 00:00 0 
7ff708021000-7ff70c000000 ---p 00000000 00:00 0 
7ff710000000-7ff710021000 rw-p 00000000 00:00 0 
7ff710021000-7ff714000000 ---p 00000000 00:00 0 
7ff718000000-7ff718021000 rw-p 00000000 00:00 0 
7ff718021000-7ff71c000000 ---p 00000000 00:00 0 
7ff720000000-7ff720021000 rw-p 00000000 00:00 0 
7ff720021000-7ff724000000 ---p 00000000 00:00 0 
7ff728000000-7ff72824a000 rw-p 00000000 00:00 0 
7ff72824a000-7ff72c000000 ---p 00000000 00:00 0 
7ff730000000-7ff730021000 rw-p 00000000 00:00 0 
7ff730021000-7ff734000000 ---p 00000000 00:00 0 
7ff73438a000-7ff73438d000 ---p 00000000 00:00 0 
7ff73438d000-7ff73448b000 rw-p 00000000 00:00 0 
7ff7344b8000-7ff7344bb000 ---p 00000000 00:00 0 
7ff7344bb000-7ff7345b9000 rw-p 00000000 00:00 0 
7ff7345b9000-7ff7345bc000 ---p 00000000 00:00 0 
7ff7345bc000-7ff7346ba000 rw-p 00000000 00:00 0 
7ff7346ba000-7ff7346bd000 ---p 00000000 00:00 0 
7ff7346bd000-7ff7347bb000 rw-p 00000000 00:00 0 
7ff7347bb000-7ff7347be000 ---p 00000000 00:00 0 
7ff7347be000-7ff7348bc000 rw-p 00000000 00:00 0 
7ff7348bc000-7ff7348bf000 ---p 00000000 00:00 0 
7ff7348bf000-7ff7349bd000 rw-p 00000000 00:00 0 
7ff7349bd000-7ff7349c0000 ---p 00000000 00:00 0 
7ff7349c0000-7ff734abe000 rw-p 00000000 00:00 0 
7ff734abe000-7ff734ac1000 ---p 00000000 00:00 0 
7ff734ac1000-7ff734bbf000 rw-p 00000000 00:00 0 
7ff734bbf000-7ff734bd5000 r-xp 00000000 08:08 3804245                    /home/lpxz/pool/jdk1.7/jre/lib/amd64/libnet.so
7ff734bd5000-7ff734dd5000 ---p 00016000 08:08 3804245                    /home/lpxz/pool/jdk1.7/jre/lib/amd64/libnet.so
7ff734dd5000-7ff734dd6000 rw-p 00016000 08:08 3804245                    /home/lpxz/pool/jdk1.7/jre/lib/amd64/libnet.so
7ff734dd6000-7ff734de6000 r-xp 00000000 08:08 3804240                    /home/lpxz/pool/jdk1.7/jre/lib/amd64/libnio.so
7ff734de6000-7ff734fe6000 ---p 00010000 08:08 3804240                    /home/lpxz/pool/jdk1.7/jre/lib/amd64/libnio.so
7ff734fe6000-7ff734fe7000 rw-p 00010000 08:08 3804240                    /home/lpxz/pool/jdk1.7/jre/lib/amd64/libnio.so
7ff734fe7000-7ff734fe8000 ---p 00000000 00:00 0 
7ff734fe8000-7ff7350e8000 rw-p 00000000 00:00 0 
7ff7350e8000-7ff7350eb000 ---p 00000000 00:00 0 
7ff7350eb000-7ff7351e9000 rw-p 00000000 00:00 0 
7ff7351e9000-7ff7351ec000 ---p 00000000 00:00 0 
7ff7351ec000-7ff7352ea000 rw-p 00000000 00:00 0 
7ff7352ea000-7ff7352ed000 ---p 00000000 00:00 0 
7ff7352ed000-7ff7353eb000 rw-p 00000000 00:00 0 
7ff7353eb000-7ff7353ee000 ---p 00000000 00:00 0 
7ff7353ee000-7ff7354ec000 rw-p 00000000 00:00 0 
7ff7354ec000-7ff735bcf000 r--p 00000000 08:08 6297920                    /usr/lib/locale/locale-archive
7ff735bcf000-7ff735bd2000 ---p 00000000 00:00 0 
7ff735bd2000-7ff735cd0000 rw-p 00000000 00:00 0 
7ff735cd0000-7ff735cd1000 ---p 00000000 00:00 0 
7ff735cd1000-7ff738000000 rw-p 00000000 00:00 0 
7ff738000000-7ff738021000 rw-p 00000000 00:00 0 
7ff738021000-7ff73c000000 ---p 00000000 00:00 0 
7ff73c04e000-7ff73d6d7000 rw-p 00000000 00:00 0 
7ff73d6d7000-7ff73d894000 r--s 039bf000 08:08 3804302                    /home/lpxz/pool/jdk1.7/jre/lib/rt.jar
7ff73d894000-7ff73da24000 rw-p 00000000 00:00 0 
7ff73da24000-7ff73da25000 ---p 00000000 00:00 0 
7ff73da25000-7ff73db25000 rw-p 00000000 00:00 0 
7ff73db25000-7ff73db26000 ---p 00000000 00:00 0 
7ff73db26000-7ff73dc26000 rw-p 00000000 00:00 0 
7ff73dc26000-7ff73dc27000 ---p 00000000 00:00 0 
7ff73dc27000-7ff73dd27000 rw-p 00000000 00:00 0 
7ff73dd27000-7ff73dd28000 ---p 00000000 00:00 0 
7ff73dd28000-7ff73de28000 rw-p 00000000 00:00 0 
7ff73de28000-7ff73de29000 ---p 00000000 00:00 0 
7ff73de29000-7ff73df29000 rw-p 00000000 00:00 0 
7ff73df29000-7ff73df2a000 ---p 00000000 00:00 0 
7ff73df2a000-7ff73e02a000 rw-p 00000000 00:00 0 
7ff73e02a000-7ff73e02b000 ---p 00000000 00:00 0 
7ff73e02b000-7ff73e17d000 rw-p 00000000 00:00 0 
7ff73e17d000-7ff73f3d6000 rw-p 00000000 00:00 0 
7ff73f3d6000-7ff73f3e1000 rw-p 00000000 00:00 0 
7ff73f3e1000-7ff73f3ff000 rw-p 00000000 00:00 0 
7ff73f3ff000-7ff73f451000 rw-p 00000000 00:00 0 
7ff73f451000-7ff7406a9000 rw-p 00000000 00:00 0 
7ff7406a9000-7ff7406f1000 rw-p 00000000 00:00 0 
7ff7406f1000-7ff740fff000 rw-p 00000000 00:00 0 
7ff740fff000-7ff741000000 rw-p 00000000 00:00 0 
7ff741000000-7ff741270000 rwxp 00000000 00:00 0 
7ff741270000-7ff7441a8000 rw-p 00000000 00:00 0 
7ff7441a8000-7ff748000000 ---p 00000000 00:00 0 
7ff748021000-7ff74802b000 r--s 00250000 08:08 3803739                    /home/lpxz/pool/jdk1.7/jre/lib/resources.jar
7ff74802b000-7ff7480df000 rw-p 00000000 00:00 0 
7ff7480df000-7ff7480e0000 ---p 00000000 00:00 0 
7ff7480e0000-7ff7481eb000 rw-p 00000000 00:00 0 
7ff7481eb000-7ff748209000 rw-p 00000000 00:00 0 
7ff748209000-7ff748223000 r-xp 00000000 08:08 3804290                    /home/lpxz/pool/jdk1.7/jre/lib/amd64/libzip.so
7ff748223000-7ff748423000 ---p 0001a000 08:08 3804290                    /home/lpxz/pool/jdk1.7/jre/lib/amd64/libzip.so
7ff748423000-7ff748424000 rw-p 0001a000 08:08 3804290                    /home/lpxz/pool/jdk1.7/jre/lib/amd64/libzip.so
7ff748424000-7ff748430000 r-xp 00000000 08:08 12594830                   /lib/x86_64-linux-gnu/libnss_files-2.15.so
7ff748430000-7ff74862f000 ---p 0000c000 08:08 12594830                   /lib/x86_64-linux-gnu/libnss_files-2.15.so
7ff74862f000-7ff748630000 r--p 0000b000 08:08 12594830                   /lib/x86_64-linux-gnu/libnss_files-2.15.so
7ff748630000-7ff748631000 rw-p 0000c000 08:08 12594830                   /lib/x86_64-linux-gnu/libnss_files-2.15.so
7ff748631000-7ff74863b000 r-xp 00000000 08:08 12594834                   /lib/x86_64-linux-gnu/libnss_nis-2.15.so
7ff74863b000-7ff74883b000 ---p 0000a000 08:08 12594834                   /lib/x86_64-linux-gnu/libnss_nis-2.15.so
7ff74883b000-7ff74883c000 r--p 0000a000 08:08 12594834                   /lib/x86_64-linux-gnu/libnss_nis-2.15.so
7ff74883c000-7ff74883d000 rw-p 0000b000 08:08 12594834                   /lib/x86_64-linux-gnu/libnss_nis-2.15.so
7ff74883d000-7ff748854000 r-xp 00000000 08:08 12594846                   /lib/x86_64-linux-gnu/libnsl-2.15.so
7ff748854000-7ff748a53000 ---p 00017000 08:08 12594846                   /lib/x86_64-linux-gnu/libnsl-2.15.so
7ff748a53000-7ff748a54000 r--p 00016000 08:08 12594846                   /lib/x86_64-linux-gnu/libnsl-2.15.so
7ff748a54000-7ff748a55000 rw-p 00017000 08:08 12594846                   /lib/x86_64-linux-gnu/libnsl-2.15.so
7ff748a55000-7ff748a57000 rw-p 00000000 00:00 0 
7ff748a57000-7ff748a5f000 r-xp 00000000 08:08 12594828                   /lib/x86_64-linux-gnu/libnss_compat-2.15.so
7ff748a5f000-7ff748c5e000 ---p 00008000 08:08 12594828                   /lib/x86_64-linux-gnu/libnss_compat-2.15.so
7ff748c5e000-7ff748c5f000 r--p 00007000 08:08 12594828                   /lib/x86_64-linux-gnu/libnss_compat-2.15.so
7ff748c5f000-7ff748c60000 rw-p 00008000 08:08 12594828                   /lib/x86_64-linux-gnu/libnss_compat-2.15.so
7ff748c60000-7ff748c89000 r-xp 00000000 08:08 3804274                    /home/lpxz/pool/jdk1.7/jre/lib/amd64/libjava.so
7ff748c89000-7ff748e89000 ---p 00029000 08:08 3804274                    /home/lpxz/pool/jdk1.7/jre/lib/amd64/libjava.so
7ff748e89000-7ff748e8b000 rw-p 00029000 08:08 3804274                    /home/lpxz/pool/jdk1.7/jre/lib/amd64/libjava.so
7ff748e8b000-7ff748e98000 r-xp 00000000 08:08 3804272                    /home/lpxz/pool/jdk1.7/jre/lib/amd64/libverify.so
7ff748e98000-7ff749097000 ---p 0000d000 08:08 3804272                    /home/lpxz/pool/jdk1.7/jre/lib/amd64/libverify.so
7ff749097000-7ff749099000 rw-p 0000c000 08:08 3804272                    /home/lpxz/pool/jdk1.7/jre/lib/amd64/libverify.so
7ff749099000-7ff7490a0000 r-xp 00000000 08:08 12594833                   /lib/x86_64-linux-gnu/librt-2.15.so
7ff7490a0000-7ff74929f000 ---p 00007000 08:08 12594833                   /lib/x86_64-linux-gnu/librt-2.15.so
7ff74929f000-7ff7492a0000 r--p 00006000 08:08 12594833                   /lib/x86_64-linux-gnu/librt-2.15.so
7ff7492a0000-7ff7492a1000 rw-p 00007000 08:08 12594833                   /lib/x86_64-linux-gnu/librt-2.15.so
7ff7492a1000-7ff74939c000 r-xp 00000000 08:08 12594837                   /lib/x86_64-linux-gnu/libm-2.15.so
7ff74939c000-7ff74959b000 ---p 000fb000 08:08 12594837                   /lib/x86_64-linux-gnu/libm-2.15.so
7ff74959b000-7ff74959c000 r--p 000fa000 08:08 12594837                   /lib/x86_64-linux-gnu/libm-2.15.so
7ff74959c000-7ff74959d000 rw-p 000fb000 08:08 12594837                   /lib/x86_64-linux-gnu/libm-2.15.so
7ff74959d000-7ff74a0ff000 r-xp 00000000 08:08 3804280                    /home/lpxz/pool/jdk1.7/jre/lib/amd64/server/libjvm.so
7ff74a0ff000-7ff74a2ff000 ---p 00b62000 08:08 3804280                    /home/lpxz/pool/jdk1.7/jre/lib/amd64/server/libjvm.so
7ff74a2ff000-7ff74a3c2000 rw-p 00b62000 08:08 3804280                    /home/lpxz/pool/jdk1.7/jre/lib/amd64/server/libjvm.so
7ff74a3c2000-7ff74a403000 rw-p 00000000 00:00 0 
7ff74a403000-7ff74a5b8000 r-xp 00000000 08:08 12594826                   /lib/x86_64-linux-gnu/libc-2.15.so
7ff74a5b8000-7ff74a7b8000 ---p 001b5000 08:08 12594826                   /lib/x86_64-linux-gnu/libc-2.15.so
7ff74a7b8000-7ff74a7bc000 r--p 001b5000 08:08 12594826                   /lib/x86_64-linux-gnu/libc-2.15.so
7ff74a7bc000-7ff74a7be000 rw-p 001b9000 08:08 12594826                   /lib/x86_64-linux-gnu/libc-2.15.so
7ff74a7be000-7ff74a7c3000 rw-p 00000000 00:00 0 
7ff74a7c3000-7ff74a7c5000 r-xp 00000000 08:08 12594841                   /lib/x86_64-linux-gnu/libdl-2.15.so
7ff74a7c5000-7ff74a9c5000 ---p 00002000 08:08 12594841                   /lib/x86_64-linux-gnu/libdl-2.15.so
7ff74a9c5000-7ff74a9c6000 r--p 00002000 08:08 12594841                   /lib/x86_64-linux-gnu/libdl-2.15.so
7ff74a9c6000-7ff74a9c7000 rw-p 00003000 08:08 12594841                   /lib/x86_64-linux-gnu/libdl-2.15.so
7ff74a9c7000-7ff74a9dd000 r-xp 00000000 08:08 3802605                    /home/lpxz/pool/jdk1.7/lib/amd64/jli/libjli.so
7ff74a9dd000-7ff74abdd000 ---p 00016000 08:08 3802605                    /home/lpxz/pool/jdk1.7/lib/amd64/jli/libjli.so
7ff74abdd000-7ff74abde000 rw-p 00016000 08:08 3802605                    /home/lpxz/pool/jdk1.7/lib/amd64/jli/libjli.so
7ff74abde000-7ff74abf6000 r-xp 00000000 08:08 12594835                   /lib/x86_64-linux-gnu/libpthread-2.15.so
7ff74abf6000-7ff74adf5000 ---p 00018000 08:08 12594835                   /lib/x86_64-linux-gnu/libpthread-2.15.so
7ff74adf5000-7ff74adf6000 r--p 00017000 08:08 12594835                   /lib/x86_64-linux-gnu/libpthread-2.15.so
7ff74adf6000-7ff74adf7000 rw-p 00018000 08:08 12594835                   /lib/x86_64-linux-gnu/libpthread-2.15.so
7ff74adf7000-7ff74adfb000 rw-p 00000000 00:00 0 
7ff74adfb000-7ff74ae1d000 r-xp 00000000 08:08 12594838                   /lib/x86_64-linux-gnu/ld-2.15.so
7ff74ae2e000-7ff74ae3a000 r--s 000da000 08:08 4477681                    /home/lpxz/eclipse/workspacePA_icse/soot-One/lib/polyglotclasses-1.3.5.jar
7ff74ae3a000-7ff74ae44000 rw-p 00000000 00:00 0 
7ff74ae44000-7ff74aefa000 rw-p 00000000 00:00 0 
7ff74aefa000-7ff74aefd000 ---p 00000000 00:00 0 
7ff74aefd000-7ff74afff000 rw-p 00000000 00:00 0 
7ff74b009000-7ff74b00a000 rw-p 00000000 00:00 0 
7ff74b00a000-7ff74b00d000 r--s 0002b000 08:08 4477682                    /home/lpxz/eclipse/workspacePA_icse/soot-One/lib/jasminclasses-2.5.0.jar
7ff74b00d000-7ff74b011000 r--s 000f7000 08:08 3804391                    /home/lpxz/pool/jdk1.7/jre/lib/ext/localedata.jar
7ff74b011000-7ff74b019000 rw-s 00000000 08:08 4997936                    /tmp/hsperfdata_lpxz/11982
7ff74b019000-7ff74b01a000 rw-p 00000000 00:00 0 
7ff74b01a000-7ff74b01b000 ---p 00000000 00:00 0 
7ff74b01b000-7ff74b01d000 rw-p 00000000 00:00 0 
7ff74b01d000-7ff74b01e000 r--p 00022000 08:08 12594838                   /lib/x86_64-linux-gnu/ld-2.15.so
7ff74b01e000-7ff74b020000 rw-p 00023000 08:08 12594838                   /lib/x86_64-linux-gnu/ld-2.15.so
7ffffc500000-7ffffc521000 rw-p 00000000 00:00 0                          [stack]
7ffffc5f1000-7ffffc5f2000 r-xp 00000000 00:00 0                          [vdso]
ffffffffff600000-ffffffffff601000 r-xp 00000000 00:00 0                  [vsyscall]

VM Arguments:
jvm_args: -Xverify:none -Xmx14g -XX:-UseBiasedLocking -Dfile.encoding=UTF-8 
java_command: edu.hkust.leap.record.RecordMain 1024 spec.jbb.JBBmain
Launcher Type: SUN_STANDARD

Environment Variables:
PATH=/usr/local/sbin:/usr/local/bin:/usr/sbin:/usr/bin:/sbin:/bin:/usr/games
LD_LIBRARY_PATH=/home/lpxz/pool/jdk1.7/jre/lib/amd64/server:/home/lpxz/pool/jdk1.7/jre/lib/amd64:/home/lpxz/pool/jdk1.7/jre/../lib/amd64:/usr/lib/jvm/java-6-openjdk-amd64/jre/lib/amd64/server:/usr/lib/jvm/java-6-openjdk-amd64/jre/lib/amd64:/usr/lib/jvm/java-6-openjdk-amd64/jre/../lib/amd64
SHELL=/bin/bash
DISPLAY=:0

Signal Handlers:
SIGSEGV: [libjvm.so+0x993870], sa_mask[0]=0x7ffbfeff, sa_flags=0x10000004
SIGBUS: [libjvm.so+0x993870], sa_mask[0]=0x7ffbfeff, sa_flags=0x10000004
SIGFPE: [libjvm.so+0x8105b0], sa_mask[0]=0x7ffbfeff, sa_flags=0x10000004
SIGPIPE: [libjvm.so+0x8105b0], sa_mask[0]=0x7ffbfeff, sa_flags=0x10000004
SIGXFSZ: [libjvm.so+0x8105b0], sa_mask[0]=0x7ffbfeff, sa_flags=0x10000004
SIGILL: [libjvm.so+0x8105b0], sa_mask[0]=0x7ffbfeff, sa_flags=0x10000004
SIGUSR1: SIG_DFL, sa_mask[0]=0x00000000, sa_flags=0x00000000
SIGUSR2: [libjvm.so+0x811aa0], sa_mask[0]=0x00000004, sa_flags=0x10000004
SIGHUP: [libjvm.so+0x812a10], sa_mask[0]=0x7ffbfeff, sa_flags=0x10000004
SIGINT: [libjvm.so+0x812a10], sa_mask[0]=0x7ffbfeff, sa_flags=0x10000004
SIGTERM: [libjvm.so+0x812a10], sa_mask[0]=0x7ffbfeff, sa_flags=0x10000004
SIGQUIT: [libjvm.so+0x812a10], sa_mask[0]=0x7ffbfeff, sa_flags=0x10000004


---------------  S Y S T E M  ---------------

OS:wheezy/sid

uname:Linux 3.2.0-29-generic #46-Ubuntu SMP Fri Jul 27 17:03:23 UTC 2012 x86_64
libc:glibc 2.15 NPTL 2.15 
rlimit: STACK 8192k, CORE 0k, NPROC 125044, NOFILE 4096, AS infinity
load average:0.90 1.16 1.51

/proc/meminfo:
MemTotal:       16023348 kB
MemFree:         8529788 kB
Buffers:          811000 kB
Cached:          3538956 kB
SwapCached:            0 kB
Active:          4475144 kB
Inactive:        2013428 kB
Active(anon):    2159504 kB
Inactive(anon):   241560 kB
Active(file):    2315640 kB
Inactive(file):  1771868 kB
Unevictable:           0 kB
Mlocked:               0 kB
SwapTotal:      62944092 kB
SwapFree:       62944092 kB
Dirty:              7068 kB
Writeback:             0 kB
AnonPages:       2138936 kB
Mapped:           268036 kB
Shmem:            262444 kB
Slab:             700568 kB
SReclaimable:     642784 kB
SUnreclaim:        57784 kB
KernelStack:        5472 kB
PageTables:        49204 kB
NFS_Unstable:          0 kB
Bounce:                0 kB
WritebackTmp:          0 kB
CommitLimit:    70955764 kB
Committed_AS:    5977480 kB
VmallocTotal:   34359738367 kB
VmallocUsed:      401664 kB
VmallocChunk:   34359304744 kB
HardwareCorrupted:     0 kB
AnonHugePages:         0 kB
HugePages_Total:       0
HugePages_Free:        0
HugePages_Rsvd:        0
HugePages_Surp:        0
Hugepagesize:       2048 kB
DirectMap4k:       83456 kB
DirectMap2M:    16279552 kB


CPU:total 8 (4 cores per cpu, 2 threads per core) family 6 model 58 stepping 9, cmov, cx8, fxsr, mmx, sse, sse2, sse3, ssse3, sse4.1, sse4.2, popcnt, avx, aes, erms, ht, tsc, tscinvbit, tscinv

/proc/cpuinfo:
processor	: 0
vendor_id	: GenuineIntel
cpu family	: 6
model		: 58
model name	: Intel(R) Core(TM) i7-3610QM CPU @ 2.30GHz
stepping	: 9
microcode	: 0x12
cpu MHz		: 2301.000
cache size	: 6144 KB
physical id	: 0
siblings	: 8
core id		: 0
cpu cores	: 4
apicid		: 0
initial apicid	: 0
fpu		: yes
fpu_exception	: yes
cpuid level	: 13
wp		: yes
flags		: fpu vme de pse tsc msr pae mce cx8 apic sep mtrr pge mca cmov pat pse36 clflush dts acpi mmx fxsr sse sse2 ss ht tm pbe syscall nx rdtscp lm constant_tsc arch_perfmon pebs bts rep_good nopl xtopology nonstop_tsc aperfmperf pni pclmulqdq dtes64 monitor ds_cpl vmx est tm2 ssse3 cx16 xtpr pdcm pcid sse4_1 sse4_2 x2apic popcnt tsc_deadline_timer aes xsave avx f16c rdrand lahf_lm ida arat epb xsaveopt pln pts dtherm tpr_shadow vnmi flexpriority ept vpid fsgsbase smep erms
bogomips	: 4589.13
clflush size	: 64
cache_alignment	: 64
address sizes	: 36 bits physical, 48 bits virtual
power management:

processor	: 1
vendor_id	: GenuineIntel
cpu family	: 6
model		: 58
model name	: Intel(R) Core(TM) i7-3610QM CPU @ 2.30GHz
stepping	: 9
microcode	: 0x12
cpu MHz		: 2301.000
cache size	: 6144 KB
physical id	: 0
siblings	: 8
core id		: 0
cpu cores	: 4
apicid		: 1
initial apicid	: 1
fpu		: yes
fpu_exception	: yes
cpuid level	: 13
wp		: yes
flags		: fpu vme de pse tsc msr pae mce cx8 apic sep mtrr pge mca cmov pat pse36 clflush dts acpi mmx fxsr sse sse2 ss ht tm pbe syscall nx rdtscp lm constant_tsc arch_perfmon pebs bts rep_good nopl xtopology nonstop_tsc aperfmperf pni pclmulqdq dtes64 monitor ds_cpl vmx est tm2 ssse3 cx16 xtpr pdcm pcid sse4_1 sse4_2 x2apic popcnt tsc_deadline_timer aes xsave avx f16c rdrand lahf_lm ida arat epb xsaveopt pln pts dtherm tpr_shadow vnmi flexpriority ept vpid fsgsbase smep erms
bogomips	: 4589.35
clflush size	: 64
cache_alignment	: 64
address sizes	: 36 bits physical, 48 bits virtual
power management:

processor	: 2
vendor_id	: GenuineIntel
cpu family	: 6
model		: 58
model name	: Intel(R) Core(TM) i7-3610QM CPU @ 2.30GHz
stepping	: 9
microcode	: 0x12
cpu MHz		: 2301.000
cache size	: 6144 KB
physical id	: 0
siblings	: 8
core id		: 1
cpu cores	: 4
apicid		: 2
initial apicid	: 2
fpu		: yes
fpu_exception	: yes
cpuid level	: 13
wp		: yes
flags		: fpu vme de pse tsc msr pae mce cx8 apic sep mtrr pge mca cmov pat pse36 clflush dts acpi mmx fxsr sse sse2 ss ht tm pbe syscall nx rdtscp lm constant_tsc arch_perfmon pebs bts rep_good nopl xtopology nonstop_tsc aperfmperf pni pclmulqdq dtes64 monitor ds_cpl vmx est tm2 ssse3 cx16 xtpr pdcm pcid sse4_1 sse4_2 x2apic popcnt tsc_deadline_timer aes xsave avx f16c rdrand lahf_lm ida arat epb xsaveopt pln pts dtherm tpr_shadow vnmi flexpriority ept vpid fsgsbase smep erms
bogomips	: 4589.37
clflush size	: 64
cache_alignment	: 64
address sizes	: 36 bits physical, 48 bits virtual
power management:

processor	: 3
vendor_id	: GenuineIntel
cpu family	: 6
model		: 58
model name	: Intel(R) Core(TM) i7-3610QM CPU @ 2.30GHz
stepping	: 9
microcode	: 0x12
cpu MHz		: 2301.000
cache size	: 6144 KB
physical id	: 0
siblings	: 8
core id		: 1
cpu cores	: 4
apicid		: 3
initial apicid	: 3
fpu		: yes
fpu_exception	: yes
cpuid level	: 13
wp		: yes
flags		: fpu vme de pse tsc msr pae mce cx8 apic sep mtrr pge mca cmov pat pse36 clflush dts acpi mmx fxsr sse sse2 ss ht tm pbe syscall nx rdtscp lm constant_tsc arch_perfmon pebs bts rep_good nopl xtopology nonstop_tsc aperfmperf pni pclmulqdq dtes64 monitor ds_cpl vmx est tm2 ssse3 cx16 xtpr pdcm pcid sse4_1 sse4_2 x2apic popcnt tsc_deadline_timer aes xsave avx f16c rdrand lahf_lm ida arat epb xsaveopt pln pts dtherm tpr_shadow vnmi flexpriority ept vpid fsgsbase smep erms
bogomips	: 4589.37
clflush size	: 64
cache_alignment	: 64
address sizes	: 36 bits physical, 48 bits virtual
power management:

processor	: 4
vendor_id	: GenuineIntel
cpu family	: 6
model		: 58
model name	: Intel(R) Core(TM) i7-3610QM CPU @ 2.30GHz
stepping	: 9
microcode	: 0x12
cpu MHz		: 2301.000
cache size	: 6144 KB
physical id	: 0
siblings	: 8
core id		: 2
cpu cores	: 4
apicid		: 4
initial apicid	: 4
fpu		: yes
fpu_exception	: yes
cpuid level	: 13
wp		: yes
flags		: fpu vme de pse tsc msr pae mce cx8 apic sep mtrr pge mca cmov pat pse36 clflush dts acpi mmx fxsr sse sse2 ss ht tm pbe syscall nx rdtscp lm constant_tsc arch_perfmon pebs bts rep_good nopl xtopology nonstop_tsc aperfmperf pni pclmulqdq dtes64 monitor ds_cpl vmx est tm2 ssse3 cx16 xtpr pdcm pcid sse4_1 sse4_2 x2apic popcnt tsc_deadline_timer aes xsave avx f16c rdrand lahf_lm ida arat epb xsaveopt pln pts dtherm tpr_shadow vnmi flexpriority ept vpid fsgsbase smep erms
bogomips	: 4589.37
clflush size	: 64
cache_alignment	: 64
address sizes	: 36 bits physical, 48 bits virtual
power management:

processor	: 5
vendor_id	: GenuineIntel
cpu family	: 6
model		: 58
model name	: Intel(R) Core(TM) i7-3610QM CPU @ 2.30GHz
stepping	: 9
microcode	: 0x12
cpu MHz		: 2301.000
cache size	: 6144 KB
physical id	: 0
siblings	: 8
core id		: 2
cpu cores	: 4
apicid		: 5
initial apicid	: 5
fpu		: yes
fpu_exception	: yes
cpuid level	: 13
wp		: yes
flags		: fpu vme de pse tsc msr pae mce cx8 apic sep mtrr pge mca cmov pat pse36 clflush dts acpi mmx fxsr sse sse2 ss ht tm pbe syscall nx rdtscp lm constant_tsc arch_perfmon pebs bts rep_good nopl xtopology nonstop_tsc aperfmperf pni pclmulqdq dtes64 monitor ds_cpl vmx est tm2 ssse3 cx16 xtpr pdcm pcid sse4_1 sse4_2 x2apic popcnt tsc_deadline_timer aes xsave avx f16c rdrand lahf_lm ida arat epb xsaveopt pln pts dtherm tpr_shadow vnmi flexpriority ept vpid fsgsbase smep erms
bogomips	: 4589.37
clflush size	: 64
cache_alignment	: 64
address sizes	: 36 bits physical, 48 bits virtual
power management:

processor	: 6
vendor_id	: GenuineIntel
cpu family	: 6
model		: 58
model name	: Intel(R) Core(TM) i7-3610QM CPU @ 2.30GHz
stepping	: 9
microcode	: 0x12
cpu MHz		: 2301.000
cache size	: 6144 KB
physical id	: 0
siblings	: 8
core id		: 3
cpu cores	: 4
apicid		: 6
initial apicid	: 6
fpu		: yes
fpu_exception	: yes
cpuid level	: 13
wp		: yes
flags		: fpu vme de pse tsc msr pae mce cx8 apic sep mtrr pge mca cmov pat pse36 clflush dts acpi mmx fxsr sse sse2 ss ht tm pbe syscall nx rdtscp lm constant_tsc arch_perfmon pebs bts rep_good nopl xtopology nonstop_tsc aperfmperf pni pclmulqdq dtes64 monitor ds_cpl vmx est tm2 ssse3 cx16 xtpr pdcm pcid sse4_1 sse4_2 x2apic popcnt tsc_deadline_timer aes xsave avx f16c rdrand lahf_lm ida arat epb xsaveopt pln pts dtherm tpr_shadow vnmi flexpriority ept vpid fsgsbase smep erms
bogomips	: 4589.37
clflush size	: 64
cache_alignment	: 64
address sizes	: 36 bits physical, 48 bits virtual
power management:

processor	: 7
vendor_id	: GenuineIntel
cpu family	: 6
model		: 58
model name	: Intel(R) Core(TM) i7-3610QM CPU @ 2.30GHz
stepping	: 9
microcode	: 0x12
cpu MHz		: 2301.000
cache size	: 6144 KB
physical id	: 0
siblings	: 8
core id		: 3
cpu cores	: 4
apicid		: 7
initial apicid	: 7
fpu		: yes
fpu_exception	: yes
cpuid level	: 13
wp		: yes
flags		: fpu vme de pse tsc msr pae mce cx8 apic sep mtrr pge mca cmov pat pse36 clflush dts acpi mmx fxsr sse sse2 ss ht tm pbe syscall nx rdtscp lm constant_tsc arch_perfmon pebs bts rep_good nopl xtopology nonstop_tsc aperfmperf pni pclmulqdq dtes64 monitor ds_cpl vmx est tm2 ssse3 cx16 xtpr pdcm pcid sse4_1 sse4_2 x2apic popcnt tsc_deadline_timer aes xsave avx f16c rdrand lahf_lm ida arat epb xsaveopt pln pts dtherm tpr_shadow vnmi flexpriority ept vpid fsgsbase smep erms
bogomips	: 4589.37
clflush size	: 64
cache_alignment	: 64
address sizes	: 36 bits physical, 48 bits virtual
power management:



Memory: 4k page, physical 16023348k(8528672k free), swap 62944092k(62944092k free)

vm_info: Java HotSpot(TM) 64-Bit Server VM (24.51-b03) for linux-amd64 JRE (1.7.0_51-b13), built on Dec 18 2013 18:48:01 by "java_re" with gcc 4.3.0 20080428 (Red Hat 4.3.0-8)

time: Tue Oct 14 16:13:12 2014
elapsed time: 1 seconds

