#
# A fatal error has been detected by the Java Runtime Environment:
#
#  SIGSEGV (0xb) at pc=0x00007f1f6b863467, pid=12398, tid=139772725368576
#
# JRE version: Java(TM) SE Runtime Environment (7.0_51-b13) (build 1.7.0_51-b13)
# Java VM: Java HotSpot(TM) 64-Bit Server VM (24.51-b03 mixed mode linux-amd64 compressed oops)
# Problematic frame:
# V  [libjvm.so+0x87b467]  oopDesc* PSPromotionManager::copy_to_survivor_space<false>(oopDesc*)+0x177
#
# Failed to write core dump. Core dumps have been disabled. To enable core dumping, try "ulimit -c unlimited" before starting Java again
#
# If you would like to submit a bug report, please visit:
#   http://bugreport.sun.com/bugreport/crash.jsp
#

---------------  T H R E A D  ---------------

Current thread (0x00007f1f64025800):  GCTaskThread [stack: 0x00007f1f5f951000,0x00007f1f5fa52000] [id=12407]

siginfo:si_signo=SIGSEGV: si_errno=0, si_code=1 (SEGV_MAPERR), si_addr=0x00000002b170a298

Registers:
RAX=0x00007f1f6bdfa6a0, RBX=0x00007f1f562e1478, RCX=0x0000000000000003, RDX=0x00000002b170a280
RSP=0x00007f1f5fa50280, RBP=0x00007f1f5fa502f0, RSI=0x00007f1f562e13a0, RDI=0x00000002b170a290
R8 =0x0000000000000001, R9 =0x00007f1f6be15e58, R10=0x0000000000000001, R11=0x00007f1f6b5dd120
R12=0x00007f1f562e13a0, R13=0x00007f1f6be1fa60, R14=0x0000000000000001, R15=0x00000000ffffffff
RIP=0x00007f1f6b863467, EFLAGS=0x0000000000010202, CSGSFS=0x0000000000000033, ERR=0x0000000000000004
  TRAPNO=0x000000000000000e

Top of Stack: (sp=0x00007f1f5fa50280)
0x00007f1f5fa50280:   0000000000000008 0000000000000001
0x00007f1f5fa50290:   0000000000023845 00007f1f6406fc60
0x00007f1f5fa502a0:   00007f1f280019d0 0000000000000001
0x00007f1f5fa502b0:   0000000000000002 0000000000000001
0x00007f1f5fa502c0:   00007f1f5fa50310 00007f1f562e1478
0x00007f1f5fa502d0:   00007f1f64025d10 0000000000001741
0x00007f1f5fa502e0:   0000000000000001 00000000ffffffff
0x00007f1f5fa502f0:   00007f1f5fa50310 00007f1f6b8661bd
0x00007f1f5fa50300:   00007f1f64025d00 0000000000001741
0x00007f1f5fa50310:   00007f1f5fa503b0 00007f1f6b7f06bb
0x00007f1f5fa50320:   00007f1f6be1fa20 00007f1f6b7eea00
0x00007f1f5fa50330:   00007f1f5fa50ac0 00007f1f5fa504a0
0x00007f1f5fa50340:   00007f1f5fa50470 00007f1f64025800
0x00007f1f5fa50350:   00007f1ef0060988 ffff7f1f00000001
0x00007f1f5fa50360:   00007f1f5fa50420 00007f1f6b5019ce
0x00007f1f5fa50370:   1741000000000000 00007f1f6b7cffff
0x00007f1f5fa50380:   23a87f1f61079910 00007f1f5fa50470
0x00007f1f5fa50390:   0000000000000001 00007f1f5fa504a0
0x00007f1f5fa503a0:   00007f1f5fa50aa0 00007f1f5fa50ac0
0x00007f1f5fa503b0:   00007f1f5fa50420 00007f1f6b503539
0x00007f1f5fa503c0:   00007f1f5fa50400 00007f1f6b50462a
0x00007f1f5fa503d0:   00007f1f6108166c 00007f1f5fa50440
0x00007f1f5fa503e0:   00007f1f5fa504a0 00007f1f64025800
0x00007f1f5fa503f0:   00007f1f5fa50ac0 00007f1f5fa50470
0x00007f1f5fa50400:   00007f1f5fa504a0 00007f1f64025800
0x00007f1f5fa50410:   00007f1f5fa50ac0 00007f1f641c9000
0x00007f1f5fa50420:   00007f1f5fa50a90 00007f1f6b92ff5a
0x00007f1f5fa50430:   00007f1f5fa50440 00007f1f5fa50aa0
0x00007f1f5fa50440:   00007f1f562e1470 00007f1f6108166c
0x00007f1f5fa50450:   00007f1f61081450 00007f1f00000000
0x00007f1f5fa50460:   000000000000000c 00007f1f562e1470
0x00007f1f5fa50470:   00007f1f562e1470 00007f1f6108166c 

Instructions: (pc=0x00007f1f6b863467)
0x00007f1f6b863447:   83 f8 05 75 d3 31 db eb d6 48 8b 05 21 a5 57 00
0x00007f1f6b863457:   8b 56 08 8b 48 08 48 d3 e2 48 03 10 48 8d 7a 10
0x00007f1f6b863467:   8b 77 08 83 fe 00 0f 8f db fe ff ff 0f 85 07 03
0x00007f1f6b863477:   00 00 0f 1f 80 00 00 00 00 48 8b 07 4c 89 e6 4c 

Register to memory mapping:

RAX=0x00007f1f6bdfa6a0: <offset 0xe126a0> in /home/lpxz/pool/jdk1.7/jre/lib/amd64/server/libjvm.so at 0x00007f1f6afe8000
RBX=0x00007f1f562e1478 is pointing into the stack for thread: 0x00007f1f641c9000
RCX=0x0000000000000003 is an unknown value
RDX=0x00000002b170a280 is an unknown value
RSP=0x00007f1f5fa50280 is an unknown value
RBP=0x00007f1f5fa502f0 is an unknown value
RSI=0x00007f1f562e13a0 is pointing into the stack for thread: 0x00007f1f641c9000
RDI=0x00000002b170a290 is an unknown value
R8 =0x0000000000000001 is an unknown value
R9 =0x00007f1f6be15e58: <offset 0xe2de58> in /home/lpxz/pool/jdk1.7/jre/lib/amd64/server/libjvm.so at 0x00007f1f6afe8000
R10=0x0000000000000001 is an unknown value
R11=0x00007f1f6b5dd120: <offset 0x5f5120> in /home/lpxz/pool/jdk1.7/jre/lib/amd64/server/libjvm.so at 0x00007f1f6afe8000
R12=0x00007f1f562e13a0 is pointing into the stack for thread: 0x00007f1f641c9000
R13=0x00007f1f6be1fa60: <offset 0xe37a60> in /home/lpxz/pool/jdk1.7/jre/lib/amd64/server/libjvm.so at 0x00007f1f6afe8000
R14=0x0000000000000001 is an unknown value
R15=0x00000000ffffffff is an unknown value


Stack: [0x00007f1f5f951000,0x00007f1f5fa52000],  sp=0x00007f1f5fa50280,  free space=1020k
Native frames: (J=compiled Java code, j=interpreted, Vv=VM code, C=native code)
V  [libjvm.so+0x87b467]  oopDesc* PSPromotionManager::copy_to_survivor_space<false>(oopDesc*)+0x177
V  [libjvm.so+0x87e1bd]  PSRootsClosure<false>::do_oop(oopDesc**)+0x3d
V  [libjvm.so+0x8086bb]  OopMapSet::all_do(frame const*, RegisterMap const*, OopClosure*, void (*)(oopDesc**, oopDesc**), OopClosure*)+0x2fb
V  [libjvm.so+0x51b539]  frame::oops_do_internal(OopClosure*, CodeBlobClosure*, RegisterMap*, bool)+0x99
V  [libjvm.so+0x947f5a]  JavaThread::oops_do(OopClosure*, CodeBlobClosure*)+0x15a
V  [libjvm.so+0x87e575]  ThreadRootsTask::do_it(GCTaskManager*, unsigned int)+0x75
V  [libjvm.so+0x550f6f]  GCTaskThread::run()+0x12f
V  [libjvm.so+0x815538]  java_start(Thread*)+0x108

JavaThread 0x00007f1f641c9000 (nid = 12423) was being processed
Java frames: (J=compiled Java code, j=interpreted, Vv=VM code)
v  ~RuntimeStub::_complete_monitor_locking_Java
J  edu.hkust.leap.monitor.RecordMonitor.accessSPE(IJZI)V
J  edu.hkust.leap.monitor.RecordMonitor.readBeforeInstance(Ljava/lang/Object;IJLjava/lang/String;ILjava/lang/Object;)V
J  spec.jbb.Order.processLines(Lspec/jbb/Warehouse;SZ)Z
J  spec.jbb.TransactionManager.goManual(ILspec/jbb/TimerData;)J
j  spec.jbb.TransactionManager.go()V+437
j  spec.jbb.JBBmain.run()V+127
j  java.lang.Thread.run()V+11
v  ~StubRoutines::call_stub

---------------  P R O C E S S  ---------------

Java Threads: ( => current thread )
  0x00007f1f641d3000 JavaThread "Thread-8" [_thread_blocked, id=12428, stack(0x00007f1f55cdd000,0x00007f1f55dde000)]
  0x00007f1f641d1000 JavaThread "Thread-7" [_thread_blocked, id=12427, stack(0x00007f1f55dde000,0x00007f1f55edf000)]
  0x00007f1f641cf000 JavaThread "Thread-6" [_thread_blocked, id=12426, stack(0x00007f1f55edf000,0x00007f1f55fe0000)]
  0x00007f1f641cd000 JavaThread "Thread-5" [_thread_blocked, id=12425, stack(0x00007f1f55fe0000,0x00007f1f560e1000)]
  0x00007f1f641cb000 JavaThread "Thread-4" [_thread_blocked, id=12424, stack(0x00007f1f560e1000,0x00007f1f561e2000)]
  0x00007f1f641c9000 JavaThread "Thread-3" [_thread_blocked, id=12423, stack(0x00007f1f561e2000,0x00007f1f562e3000)]
  0x00007f1f641c5800 JavaThread "Thread-2" [_thread_blocked, id=12422, stack(0x00007f1f562e3000,0x00007f1f563e4000)]
  0x00007f1f641c1800 JavaThread "Thread-1" [_thread_blocked, id=12421, stack(0x00007f1f563e4000,0x00007f1f564e5000)]
  0x00007f1f6409f000 JavaThread "Service Thread" daemon [_thread_blocked, id=12418, stack(0x00007f1f56a0e000,0x00007f1f56b0f000)]
  0x00007f1f6409d000 JavaThread "C2 CompilerThread1" daemon [_thread_blocked, id=12417, stack(0x00007f1f56b0f000,0x00007f1f56c10000)]
  0x00007f1f6409a000 JavaThread "C2 CompilerThread0" daemon [_thread_blocked, id=12416, stack(0x00007f1f56c10000,0x00007f1f56d11000)]
  0x00007f1f6408f800 JavaThread "Signal Dispatcher" daemon [_thread_blocked, id=12415, stack(0x00007f1f56d11000,0x00007f1f56e12000)]
  0x00007f1f64078800 JavaThread "Finalizer" daemon [_thread_blocked, id=12414, stack(0x00007f1f574f5000,0x00007f1f575f6000)]
  0x00007f1f64074800 JavaThread "Reference Handler" daemon [_thread_blocked, id=12413, stack(0x00007f1f575f6000,0x00007f1f576f7000)]
  0x00007f1f6400a000 JavaThread "main" [_thread_blocked, id=12403, stack(0x00007f1f6c945000,0x00007f1f6ca46000)]

Other Threads:
  0x00007f1f64072800 VMThread [stack: 0x00007f1f576f7000,0x00007f1f577f8000] [id=12412]
  0x00007f1f640b2000 WatcherThread [stack: 0x00007f1f5690d000,0x00007f1f56a0e000] [id=12419]

=>0x00007f1f64025800 (exited) GCTaskThread [stack: 0x00007f1f5f951000,0x00007f1f5fa52000] [id=12407]

VM state:at safepoint (normal execution)

VM Mutex/Monitor currently owned by a thread:  ([mutex/lock_event])
[0x00007f1f64006480] Threads_lock - owner thread: 0x00007f1f64072800
[0x00007f1f64006980] Heap_lock - owner thread: 0x00007f1f641cb000

Heap
 PSYoungGen      total 136192K, used 125952K [0x00000006d5500000, 0x00000006e5f00000, 0x0000000800000000)
  eden space 125952K, 100% used [0x00000006d5500000,0x00000006dd000000,0x00000006dd000000)
  from space 10240K, 0% used [0x00000006dd000000,0x00000006dd000000,0x00000006dda00000)
  to   space 10240K, 100% used [0x00000006e5500000,0x00000006e5f00000,0x00000006e5f00000)
 ParOldGen       total 297984K, used 154550K [0x0000000480000000, 0x0000000492300000, 0x00000006d5500000)
  object space 297984K, 51% used [0x0000000480000000,0x00000004896edb88,0x0000000492300000)
 PSPermGen       total 21504K, used 6080K [0x000000047ae00000, 0x000000047c300000, 0x0000000480000000)
  object space 21504K, 28% used [0x000000047ae00000,0x000000047b3f0088,0x000000047c300000)

Card table byte_map: [0x00007f1f6802a000,0x00007f1f69c54000] byte_map_base: 0x00007f1f65c53000

Polling page: 0x00007f1f6ca65000

Code Cache  [0x00007f1f61000000, 0x00007f1f61270000, 0x00007f1f64000000)
 total_blobs=557 nmethods=279 adapters=231 free_code_cache=48064Kb largest_free_block=49177792

Compilation events (10 events):
Event: 3.803 Thread 0x00007f1f6409d000 nmethod 278 0x00007f1f61108290 code [0x00007f1f611083c0, 0x00007f1f61108418]
Event: 3.803 Thread 0x00007f1f6409d000  279             sun.util.calendar.CalendarDate::isNormalized (5 bytes)
Event: 3.804 Thread 0x00007f1f6409d000 nmethod 279 0x00007f1f61108090 code [0x00007f1f611081c0, 0x00007f1f61108218]
Event: 3.804 Thread 0x00007f1f6409d000  280             sun.util.calendar.CalendarDate::getMonth (5 bytes)
Event: 3.804 Thread 0x00007f1f6409d000 nmethod 280 0x00007f1f61107e90 code [0x00007f1f61107fc0, 0x00007f1f61108018]
Event: 3.807 Thread 0x00007f1f6409d000  281             sun.util.calendar.Gregorian$Date::getNormalizedYear (5 bytes)
Event: 3.807 Thread 0x00007f1f6409d000 nmethod 281 0x00007f1f6110b0d0 code [0x00007f1f6110b200, 0x00007f1f6110b258]
Event: 3.826 Thread 0x00007f1f6409a000 nmethod 273 0x00007f1f61115c50 code [0x00007f1f61115fe0, 0x00007f1f611176a8]
Event: 3.986 Thread 0x00007f1f6409d000  282 % !         spec.jbb.TransactionManager::go @ 351 (986 bytes)
Event: 3.986 Thread 0x00007f1f6409d000 


GC Heap History (9 events):
Event: 0.764 GC heap before
{Heap before GC invocations=1 (full 0):
 PSYoungGen      total 73216K, used 56858K [0x00000006d5500000, 0x00000006da680000, 0x0000000800000000)
  eden space 62976K, 90% used [0x00000006d5500000,0x00000006d8c86a40,0x00000006d9280000)
  from space 10240K, 0% used [0x00000006d9c80000,0x00000006d9c80000,0x00000006da680000)
  to   space 10240K, 0% used [0x00000006d9280000,0x00000006d9280000,0x00000006d9c80000)
 ParOldGen       total 166912K, used 0K [0x0000000480000000, 0x000000048a300000, 0x00000006d5500000)
  object space 166912K, 0% used [0x0000000480000000,0x0000000480000000,0x000000048a300000)
 PSPermGen       total 21504K, used 6048K [0x000000047ae00000, 0x000000047c300000, 0x0000000480000000)
  object space 21504K, 28% used [0x000000047ae00000,0x000000047b3e81b8,0x000000047c300000)
Event: 0.788 GC heap after
Heap after GC invocations=1 (full 0):
 PSYoungGen      total 73216K, used 10224K [0x00000006d5500000, 0x00000006de400000, 0x0000000800000000)
  eden space 62976K, 0% used [0x00000006d5500000,0x00000006d5500000,0x00000006d9280000)
  from space 10240K, 99% used [0x00000006d9280000,0x00000006d9c7c020,0x00000006d9c80000)
  to   space 10240K, 0% used [0x00000006dda00000,0x00000006dda00000,0x00000006de400000)
 ParOldGen       total 166912K, used 18777K [0x0000000480000000, 0x000000048a300000, 0x00000006d5500000)
  object space 166912K, 11% used [0x0000000480000000,0x0000000481256410,0x000000048a300000)
 PSPermGen       total 21504K, used 6048K [0x000000047ae00000, 0x000000047c300000, 0x0000000480000000)
  object space 21504K, 28% used [0x000000047ae00000,0x000000047b3e81b8,0x000000047c300000)
}
Event: 1.272 GC heap before
{Heap before GC invocations=2 (full 0):
 PSYoungGen      total 73216K, used 65029K [0x00000006d5500000, 0x00000006de400000, 0x0000000800000000)
  eden space 62976K, 87% used [0x00000006d5500000,0x00000006d8a855b8,0x00000006d9280000)
  from space 10240K, 99% used [0x00000006d9280000,0x00000006d9c7c020,0x00000006d9c80000)
  to   space 10240K, 0% used [0x00000006dda00000,0x00000006dda00000,0x00000006de400000)
 ParOldGen       total 166912K, used 18777K [0x0000000480000000, 0x000000048a300000, 0x00000006d5500000)
  object space 166912K, 11% used [0x0000000480000000,0x0000000481256410,0x000000048a300000)
 PSPermGen       total 21504K, used 6082K [0x000000047ae00000, 0x000000047c300000, 0x0000000480000000)
  object space 21504K, 28% used [0x000000047ae00000,0x000000047b3f0810,0x000000047c300000)
Event: 1.305 GC heap after
Heap after GC invocations=2 (full 0):
 PSYoungGen      total 136192K, used 10208K [0x00000006d5500000, 0x00000006de400000, 0x0000000800000000)
  eden space 125952K, 0% used [0x00000006d5500000,0x00000006d5500000,0x00000006dd000000)
  from space 10240K, 99% used [0x00000006dda00000,0x00000006de3f8020,0x00000006de400000)
  to   space 10240K, 0% used [0x00000006dd000000,0x00000006dd000000,0x00000006dda00000)
 ParOldGen       total 166912K, used 56929K [0x0000000480000000, 0x000000048a300000, 0x00000006d5500000)
  object space 166912K, 34% used [0x0000000480000000,0x0000000483798430,0x000000048a300000)
 PSPermGen       total 21504K, used 6082K [0x000000047ae00000, 0x000000047c300000, 0x0000000480000000)
  object space 21504K, 28% used [0x000000047ae00000,0x000000047b3f0810,0x000000047c300000)
}
Event: 2.472 GC heap before
{Heap before GC invocations=3 (full 0):
 PSYoungGen      total 136192K, used 106102K [0x00000006d5500000, 0x00000006de400000, 0x0000000800000000)
  eden space 125952K, 76% used [0x00000006d5500000,0x00000006db2a5a08,0x00000006dd000000)
  from space 10240K, 99% used [0x00000006dda00000,0x00000006de3f8020,0x00000006de400000)
  to   space 10240K, 0% used [0x00000006dd000000,0x00000006dd000000,0x00000006dda00000)
 ParOldGen       total 166912K, used 56929K [0x0000000480000000, 0x000000048a300000, 0x00000006d5500000)
  object space 166912K, 34% used [0x0000000480000000,0x0000000483798430,0x000000048a300000)
 PSPermGen       total 21504K, used 6082K [0x000000047ae00000, 0x000000047c300000, 0x0000000480000000)
  object space 21504K, 28% used [0x000000047ae00000,0x000000047b3f0810,0x000000047c300000)
Event: 2.543 GC heap after
Heap after GC invocations=3 (full 0):
 PSYoungGen      total 136192K, used 10240K [0x00000006d5500000, 0x00000006e5f00000, 0x0000000800000000)
  eden space 125952K, 0% used [0x00000006d5500000,0x00000006d5500000,0x00000006dd000000)
  from space 10240K, 100% used [0x00000006dd000000,0x00000006dda00000,0x00000006dda00000)
  to   space 10240K, 0% used [0x00000006e5500000,0x00000006e5500000,0x00000006e5f00000)
 ParOldGen       total 166912K, used 120181K [0x0000000480000000, 0x000000048a300000, 0x00000006d5500000)
  object space 166912K, 72% used [0x0000000480000000,0x000000048755d590,0x000000048a300000)
 PSPermGen       total 21504K, used 6082K [0x000000047ae00000, 0x000000047c300000, 0x0000000480000000)
  object space 21504K, 28% used [0x000000047ae00000,0x000000047b3f0810,0x000000047c300000)
}
Event: 2.543 GC heap before
{Heap before GC invocations=4 (full 1):
 PSYoungGen      total 136192K, used 10240K [0x00000006d5500000, 0x00000006e5f00000, 0x0000000800000000)
  eden space 125952K, 0% used [0x00000006d5500000,0x00000006d5500000,0x00000006dd000000)
  from space 10240K, 100% used [0x00000006dd000000,0x00000006dda00000,0x00000006dda00000)
  to   space 10240K, 0% used [0x00000006e5500000,0x00000006e5500000,0x00000006e5f00000)
 ParOldGen       total 166912K, used 120181K [0x0000000480000000, 0x000000048a300000, 0x00000006d5500000)
  object space 166912K, 72% used [0x0000000480000000,0x000000048755d590,0x000000048a300000)
 PSPermGen       total 21504K, used 6082K [0x000000047ae00000, 0x000000047c300000, 0x0000000480000000)
  object space 21504K, 28% used [0x000000047ae00000,0x000000047b3f0810,0x000000047c300000)
Event: 3.370 GC heap after
Heap after GC invocations=4 (full 1):
 PSYoungGen      total 136192K, used 0K [0x00000006d5500000, 0x00000006e5f00000, 0x0000000800000000)
  eden space 125952K, 0% used [0x00000006d5500000,0x00000006d5500000,0x00000006dd000000)
  from space 10240K, 0% used [0x00000006dd000000,0x00000006dd000000,0x00000006dda00000)
  to   space 10240K, 0% used [0x00000006e5500000,0x00000006e5500000,0x00000006e5f00000)
 ParOldGen       total 297984K, used 109478K [0x0000000480000000, 0x0000000492300000, 0x00000006d5500000)
  object space 297984K, 36% used [0x0000000480000000,0x0000000486ae9b78,0x0000000492300000)
 PSPermGen       total 21504K, used 6079K [0x000000047ae00000, 0x000000047c300000, 0x0000000480000000)
  object space 21504K, 28% used [0x000000047ae00000,0x000000047b3eff90,0x000000047c300000)
}
Event: 4.292 GC heap before
{Heap before GC invocations=5 (full 1):
 PSYoungGen      total 136192K, used 125952K [0x00000006d5500000, 0x00000006e5f00000, 0x0000000800000000)
  eden space 125952K, 100% used [0x00000006d5500000,0x00000006dd000000,0x00000006dd000000)
  from space 10240K, 0% used [0x00000006dd000000,0x00000006dd000000,0x00000006dda00000)
  to   space 10240K, 0% used [0x00000006e5500000,0x00000006e5500000,0x00000006e5f00000)
 ParOldGen       total 297984K, used 109478K [0x0000000480000000, 0x0000000492300000, 0x00000006d5500000)
  object space 297984K, 36% used [0x0000000480000000,0x0000000486ae9b78,0x0000000492300000)
 PSPermGen       total 21504K, used 6080K [0x000000047ae00000, 0x000000047c300000, 0x0000000480000000)
  object space 21504K, 28% used [0x000000047ae00000,0x000000047b3f0088,0x000000047c300000)

Deoptimization events (0 events):
No events

Internal exceptions (10 events):
Event: 0.117 Thread 0x00007f1f6400a000 Threw 0x00000006d57d1a40 at /HUDSON/workspace/7u-2-build-linux-amd64@2/jdk7u51/527/hotspot/src/share/vm/prims/jvm.cpp:1244
Event: 0.118 Thread 0x00007f1f6400a000 Threw 0x00000006d57d6cd0 at /HUDSON/workspace/7u-2-build-linux-amd64@2/jdk7u51/527/hotspot/src/share/vm/prims/jvm.cpp:1244
Event: 0.119 Thread 0x00007f1f6400a000 Threw 0x00000006d57e05c8 at /HUDSON/workspace/7u-2-build-linux-amd64@2/jdk7u51/527/hotspot/src/share/vm/prims/jvm.cpp:1244
Event: 0.124 Thread 0x00007f1f6400a000 Threw 0x00000006d57ec1a8 at /HUDSON/workspace/7u-2-build-linux-amd64@2/jdk7u51/527/hotspot/src/share/vm/prims/jvm.cpp:1244
Event: 0.125 Thread 0x00007f1f6400a000 Threw 0x00000006d57ef870 at /HUDSON/workspace/7u-2-build-linux-amd64@2/jdk7u51/527/hotspot/src/share/vm/prims/jvm.cpp:1244
Event: 0.125 Thread 0x00007f1f6400a000 Threw 0x00000006d5800ed8 at /HUDSON/workspace/7u-2-build-linux-amd64@2/jdk7u51/527/hotspot/src/share/vm/prims/jvm.cpp:1244
Event: 0.150 Thread 0x00007f1f6400a000 Threw 0x00000006d5857000 at /HUDSON/workspace/7u-2-build-linux-amd64@2/jdk7u51/527/hotspot/src/share/vm/prims/jvm.cpp:1244
Event: 0.151 Thread 0x00007f1f6400a000 Threw 0x00000006d585e240 at /HUDSON/workspace/7u-2-build-linux-amd64@2/jdk7u51/527/hotspot/src/share/vm/prims/jvm.cpp:1244
Event: 0.189 Thread 0x00007f1f641c1800 Threw 0x00000006d59f4688 at /HUDSON/workspace/7u-2-build-linux-amd64@2/jdk7u51/527/hotspot/src/share/vm/prims/jvm.cpp:1244
Event: 0.208 Thread 0x00007f1f641cf000 Threw 0x00000006d6035870 at /HUDSON/workspace/7u-2-build-linux-amd64@2/jdk7u51/527/hotspot/src/share/vm/prims/jvm.cpp:1244

Events (10 events):
Event: 0.213 loading class 0x00007f1f641015f0 done
Event: 0.764 Executing VM operation: ParallelGCFailedAllocation
Event: 0.788 Executing VM operation: ParallelGCFailedAllocation done
Event: 1.272 Executing VM operation: ParallelGCFailedAllocation
Event: 1.305 Executing VM operation: ParallelGCFailedAllocation done
Event: 2.472 Executing VM operation: ParallelGCFailedAllocation
Event: 3.370 Executing VM operation: ParallelGCFailedAllocation done
Event: 4.050 Executing VM operation: EnableBiasedLocking
Event: 4.050 Executing VM operation: EnableBiasedLocking done
Event: 4.292 Executing VM operation: ParallelGCFailedAllocation


Dynamic libraries:
00400000-00401000 r-xp 00000000 08:08 3802540                            /home/lpxz/pool/jdk1.7/bin/java
00600000-00601000 rw-p 00000000 08:08 3802540                            /home/lpxz/pool/jdk1.7/bin/java
01941000-01962000 rw-p 00000000 00:00 0                                  [heap]
47ae00000-47c300000 rw-p 00000000 00:00 0 
47c300000-480000000 rw-p 00000000 00:00 0 
480000000-492300000 rw-p 00000000 00:00 0 
492300000-6d5500000 rw-p 00000000 00:00 0 
6d5500000-6e5f00000 rw-p 00000000 00:00 0 
6e5f00000-800000000 rw-p 00000000 00:00 0 
7f1ebc000000-7f1ebc021000 rw-p 00000000 00:00 0 
7f1ebc021000-7f1ec0000000 ---p 00000000 00:00 0 
7f1ec4000000-7f1ec4021000 rw-p 00000000 00:00 0 
7f1ec4021000-7f1ec8000000 ---p 00000000 00:00 0 
7f1ec8000000-7f1ec8021000 rw-p 00000000 00:00 0 
7f1ec8021000-7f1ecc000000 ---p 00000000 00:00 0 
7f1ecc000000-7f1ecc24a000 rw-p 00000000 00:00 0 
7f1ecc24a000-7f1ed0000000 ---p 00000000 00:00 0 
7f1ed0000000-7f1ed0021000 rw-p 00000000 00:00 0 
7f1ed0021000-7f1ed4000000 ---p 00000000 00:00 0 
7f1ed4000000-7f1ed4021000 rw-p 00000000 00:00 0 
7f1ed4021000-7f1ed8000000 ---p 00000000 00:00 0 
7f1ed8000000-7f1ed8021000 rw-p 00000000 00:00 0 
7f1ed8021000-7f1edc000000 ---p 00000000 00:00 0 
7f1edc000000-7f1edc021000 rw-p 00000000 00:00 0 
7f1edc021000-7f1ee0000000 ---p 00000000 00:00 0 
7f1ee0000000-7f1ee0021000 rw-p 00000000 00:00 0 
7f1ee0021000-7f1ee4000000 ---p 00000000 00:00 0 
7f1ee4000000-7f1ee489c000 rw-p 00000000 00:00 0 
7f1ee489c000-7f1ee8000000 ---p 00000000 00:00 0 
7f1ee8000000-7f1ee8021000 rw-p 00000000 00:00 0 
7f1ee8021000-7f1eec000000 ---p 00000000 00:00 0 
7f1eec000000-7f1eec021000 rw-p 00000000 00:00 0 
7f1eec021000-7f1ef0000000 ---p 00000000 00:00 0 
7f1ef0000000-7f1ef06e2000 rw-p 00000000 00:00 0 
7f1ef06e2000-7f1ef4000000 ---p 00000000 00:00 0 
7f1ef4000000-7f1ef4021000 rw-p 00000000 00:00 0 
7f1ef4021000-7f1ef8000000 ---p 00000000 00:00 0 
7f1ef8000000-7f1ef8021000 rw-p 00000000 00:00 0 
7f1ef8021000-7f1efc000000 ---p 00000000 00:00 0 
7f1efc000000-7f1efc021000 rw-p 00000000 00:00 0 
7f1efc021000-7f1f00000000 ---p 00000000 00:00 0 
7f1f03d70000-7f1f20000000 rw-p 00000000 00:00 0 
7f1f20000000-7f1f20021000 rw-p 00000000 00:00 0 
7f1f20021000-7f1f24000000 ---p 00000000 00:00 0 
7f1f28000000-7f1f28021000 rw-p 00000000 00:00 0 
7f1f28021000-7f1f2c000000 ---p 00000000 00:00 0 
7f1f30000000-7f1f30021000 rw-p 00000000 00:00 0 
7f1f30021000-7f1f34000000 ---p 00000000 00:00 0 
7f1f38000000-7f1f38021000 rw-p 00000000 00:00 0 
7f1f38021000-7f1f3c000000 ---p 00000000 00:00 0 
7f1f40000000-7f1f40021000 rw-p 00000000 00:00 0 
7f1f40021000-7f1f44000000 ---p 00000000 00:00 0 
7f1f48000000-7f1f48021000 rw-p 00000000 00:00 0 
7f1f48021000-7f1f4c000000 ---p 00000000 00:00 0 
7f1f50000000-7f1f5024d000 rw-p 00000000 00:00 0 
7f1f5024d000-7f1f54000000 ---p 00000000 00:00 0 
7f1f55cdd000-7f1f55ce0000 ---p 00000000 00:00 0 
7f1f55ce0000-7f1f55dde000 rw-p 00000000 00:00 0 
7f1f55dde000-7f1f55de1000 ---p 00000000 00:00 0 
7f1f55de1000-7f1f55edf000 rw-p 00000000 00:00 0 
7f1f55edf000-7f1f55ee2000 ---p 00000000 00:00 0 
7f1f55ee2000-7f1f55fe0000 rw-p 00000000 00:00 0 
7f1f55fe0000-7f1f55fe3000 ---p 00000000 00:00 0 
7f1f55fe3000-7f1f560e1000 rw-p 00000000 00:00 0 
7f1f560e1000-7f1f560e4000 ---p 00000000 00:00 0 
7f1f560e4000-7f1f561e2000 rw-p 00000000 00:00 0 
7f1f561e2000-7f1f561e5000 ---p 00000000 00:00 0 
7f1f561e5000-7f1f562e3000 rw-p 00000000 00:00 0 
7f1f562e3000-7f1f562e6000 ---p 00000000 00:00 0 
7f1f562e6000-7f1f563e4000 rw-p 00000000 00:00 0 
7f1f563e4000-7f1f563e7000 ---p 00000000 00:00 0 
7f1f563e7000-7f1f564e5000 rw-p 00000000 00:00 0 
7f1f564e5000-7f1f564fb000 r-xp 00000000 08:08 3804245                    /home/lpxz/pool/jdk1.7/jre/lib/amd64/libnet.so
7f1f564fb000-7f1f566fb000 ---p 00016000 08:08 3804245                    /home/lpxz/pool/jdk1.7/jre/lib/amd64/libnet.so
7f1f566fb000-7f1f566fc000 rw-p 00016000 08:08 3804245                    /home/lpxz/pool/jdk1.7/jre/lib/amd64/libnet.so
7f1f566fc000-7f1f5670c000 r-xp 00000000 08:08 3804240                    /home/lpxz/pool/jdk1.7/jre/lib/amd64/libnio.so
7f1f5670c000-7f1f5690c000 ---p 00010000 08:08 3804240                    /home/lpxz/pool/jdk1.7/jre/lib/amd64/libnio.so
7f1f5690c000-7f1f5690d000 rw-p 00010000 08:08 3804240                    /home/lpxz/pool/jdk1.7/jre/lib/amd64/libnio.so
7f1f5690d000-7f1f5690e000 ---p 00000000 00:00 0 
7f1f5690e000-7f1f56a0e000 rw-p 00000000 00:00 0 
7f1f56a0e000-7f1f56a11000 ---p 00000000 00:00 0 
7f1f56a11000-7f1f56b0f000 rw-p 00000000 00:00 0 
7f1f56b0f000-7f1f56b12000 ---p 00000000 00:00 0 
7f1f56b12000-7f1f56c10000 rw-p 00000000 00:00 0 
7f1f56c10000-7f1f56c13000 ---p 00000000 00:00 0 
7f1f56c13000-7f1f56d11000 rw-p 00000000 00:00 0 
7f1f56d11000-7f1f56d14000 ---p 00000000 00:00 0 
7f1f56d14000-7f1f56e12000 rw-p 00000000 00:00 0 
7f1f56e12000-7f1f574f5000 r--p 00000000 08:08 6297920                    /usr/lib/locale/locale-archive
7f1f574f5000-7f1f574f8000 ---p 00000000 00:00 0 
7f1f574f8000-7f1f575f6000 rw-p 00000000 00:00 0 
7f1f575f6000-7f1f575f9000 ---p 00000000 00:00 0 
7f1f575f9000-7f1f576f7000 rw-p 00000000 00:00 0 
7f1f576f7000-7f1f576f8000 ---p 00000000 00:00 0 
7f1f576f8000-7f1f58000000 rw-p 00000000 00:00 0 
7f1f58000000-7f1f58021000 rw-p 00000000 00:00 0 
7f1f58021000-7f1f5c000000 ---p 00000000 00:00 0 
7f1f5c092000-7f1f5c09c000 r--s 00250000 08:08 3803739                    /home/lpxz/pool/jdk1.7/jre/lib/resources.jar
7f1f5c09c000-7f1f5d554000 rw-p 00000000 00:00 0 
7f1f5d554000-7f1f5d711000 r--s 039bf000 08:08 3804302                    /home/lpxz/pool/jdk1.7/jre/lib/rt.jar
7f1f5d711000-7f1f5f54d000 rw-p 00000000 00:00 0 
7f1f5f54d000-7f1f5f54e000 ---p 00000000 00:00 0 
7f1f5f54e000-7f1f5f64e000 rw-p 00000000 00:00 0 
7f1f5f64e000-7f1f5f64f000 ---p 00000000 00:00 0 
7f1f5f64f000-7f1f5f74f000 rw-p 00000000 00:00 0 
7f1f5f74f000-7f1f5f750000 ---p 00000000 00:00 0 
7f1f5f750000-7f1f5f850000 rw-p 00000000 00:00 0 
7f1f5f850000-7f1f5f851000 ---p 00000000 00:00 0 
7f1f5f851000-7f1f5f951000 rw-p 00000000 00:00 0 
7f1f5f951000-7f1f5f952000 ---p 00000000 00:00 0 
7f1f5f952000-7f1f5fa52000 rw-p 00000000 00:00 0 
7f1f5fa52000-7f1f5fa53000 ---p 00000000 00:00 0 
7f1f5fa53000-7f1f5fb53000 rw-p 00000000 00:00 0 
7f1f5fb53000-7f1f5fb54000 ---p 00000000 00:00 0 
7f1f5fb54000-7f1f5fc54000 rw-p 00000000 00:00 0 
7f1f5fc54000-7f1f5fc55000 ---p 00000000 00:00 0 
7f1f5fc55000-7f1f5fde7000 rw-p 00000000 00:00 0 
7f1f5fde7000-7f1f61000000 rw-p 00000000 00:00 0 
7f1f61000000-7f1f61270000 rwxp 00000000 00:00 0 
7f1f61270000-7f1f641e5000 rw-p 00000000 00:00 0 
7f1f641e5000-7f1f68000000 ---p 00000000 00:00 0 
7f1f68001000-7f1f6800c000 rw-p 00000000 00:00 0 
7f1f6800c000-7f1f6802a000 rw-p 00000000 00:00 0 
7f1f6802a000-7f1f68035000 rw-p 00000000 00:00 0 
7f1f68035000-7f1f68053000 rw-p 00000000 00:00 0 
7f1f68053000-7f1f680e5000 rw-p 00000000 00:00 0 
7f1f680e5000-7f1f692fd000 rw-p 00000000 00:00 0 
7f1f692fd000-7f1f69383000 rw-p 00000000 00:00 0 
7f1f69383000-7f1f69c53000 rw-p 00000000 00:00 0 
7f1f69c53000-7f1f69c54000 rw-p 00000000 00:00 0 
7f1f69c54000-7f1f69c6e000 r-xp 00000000 08:08 3804290                    /home/lpxz/pool/jdk1.7/jre/lib/amd64/libzip.so
7f1f69c6e000-7f1f69e6e000 ---p 0001a000 08:08 3804290                    /home/lpxz/pool/jdk1.7/jre/lib/amd64/libzip.so
7f1f69e6e000-7f1f69e6f000 rw-p 0001a000 08:08 3804290                    /home/lpxz/pool/jdk1.7/jre/lib/amd64/libzip.so
7f1f69e6f000-7f1f69e7b000 r-xp 00000000 08:08 12594830                   /lib/x86_64-linux-gnu/libnss_files-2.15.so
7f1f69e7b000-7f1f6a07a000 ---p 0000c000 08:08 12594830                   /lib/x86_64-linux-gnu/libnss_files-2.15.so
7f1f6a07a000-7f1f6a07b000 r--p 0000b000 08:08 12594830                   /lib/x86_64-linux-gnu/libnss_files-2.15.so
7f1f6a07b000-7f1f6a07c000 rw-p 0000c000 08:08 12594830                   /lib/x86_64-linux-gnu/libnss_files-2.15.so
7f1f6a07c000-7f1f6a086000 r-xp 00000000 08:08 12594834                   /lib/x86_64-linux-gnu/libnss_nis-2.15.so
7f1f6a086000-7f1f6a286000 ---p 0000a000 08:08 12594834                   /lib/x86_64-linux-gnu/libnss_nis-2.15.so
7f1f6a286000-7f1f6a287000 r--p 0000a000 08:08 12594834                   /lib/x86_64-linux-gnu/libnss_nis-2.15.so
7f1f6a287000-7f1f6a288000 rw-p 0000b000 08:08 12594834                   /lib/x86_64-linux-gnu/libnss_nis-2.15.so
7f1f6a288000-7f1f6a29f000 r-xp 00000000 08:08 12594846                   /lib/x86_64-linux-gnu/libnsl-2.15.so
7f1f6a29f000-7f1f6a49e000 ---p 00017000 08:08 12594846                   /lib/x86_64-linux-gnu/libnsl-2.15.so
7f1f6a49e000-7f1f6a49f000 r--p 00016000 08:08 12594846                   /lib/x86_64-linux-gnu/libnsl-2.15.so
7f1f6a49f000-7f1f6a4a0000 rw-p 00017000 08:08 12594846                   /lib/x86_64-linux-gnu/libnsl-2.15.so
7f1f6a4a0000-7f1f6a4a2000 rw-p 00000000 00:00 0 
7f1f6a4a2000-7f1f6a4aa000 r-xp 00000000 08:08 12594828                   /lib/x86_64-linux-gnu/libnss_compat-2.15.so
7f1f6a4aa000-7f1f6a6a9000 ---p 00008000 08:08 12594828                   /lib/x86_64-linux-gnu/libnss_compat-2.15.so
7f1f6a6a9000-7f1f6a6aa000 r--p 00007000 08:08 12594828                   /lib/x86_64-linux-gnu/libnss_compat-2.15.so
7f1f6a6aa000-7f1f6a6ab000 rw-p 00008000 08:08 12594828                   /lib/x86_64-linux-gnu/libnss_compat-2.15.so
7f1f6a6ab000-7f1f6a6d4000 r-xp 00000000 08:08 3804274                    /home/lpxz/pool/jdk1.7/jre/lib/amd64/libjava.so
7f1f6a6d4000-7f1f6a8d4000 ---p 00029000 08:08 3804274                    /home/lpxz/pool/jdk1.7/jre/lib/amd64/libjava.so
7f1f6a8d4000-7f1f6a8d6000 rw-p 00029000 08:08 3804274                    /home/lpxz/pool/jdk1.7/jre/lib/amd64/libjava.so
7f1f6a8d6000-7f1f6a8e3000 r-xp 00000000 08:08 3804272                    /home/lpxz/pool/jdk1.7/jre/lib/amd64/libverify.so
7f1f6a8e3000-7f1f6aae2000 ---p 0000d000 08:08 3804272                    /home/lpxz/pool/jdk1.7/jre/lib/amd64/libverify.so
7f1f6aae2000-7f1f6aae4000 rw-p 0000c000 08:08 3804272                    /home/lpxz/pool/jdk1.7/jre/lib/amd64/libverify.so
7f1f6aae4000-7f1f6aaeb000 r-xp 00000000 08:08 12594833                   /lib/x86_64-linux-gnu/librt-2.15.so
7f1f6aaeb000-7f1f6acea000 ---p 00007000 08:08 12594833                   /lib/x86_64-linux-gnu/librt-2.15.so
7f1f6acea000-7f1f6aceb000 r--p 00006000 08:08 12594833                   /lib/x86_64-linux-gnu/librt-2.15.so
7f1f6aceb000-7f1f6acec000 rw-p 00007000 08:08 12594833                   /lib/x86_64-linux-gnu/librt-2.15.so
7f1f6acec000-7f1f6ade7000 r-xp 00000000 08:08 12594837                   /lib/x86_64-linux-gnu/libm-2.15.so
7f1f6ade7000-7f1f6afe6000 ---p 000fb000 08:08 12594837                   /lib/x86_64-linux-gnu/libm-2.15.so
7f1f6afe6000-7f1f6afe7000 r--p 000fa000 08:08 12594837                   /lib/x86_64-linux-gnu/libm-2.15.so
7f1f6afe7000-7f1f6afe8000 rw-p 000fb000 08:08 12594837                   /lib/x86_64-linux-gnu/libm-2.15.so
7f1f6afe8000-7f1f6bb4a000 r-xp 00000000 08:08 3804280                    /home/lpxz/pool/jdk1.7/jre/lib/amd64/server/libjvm.so
7f1f6bb4a000-7f1f6bd4a000 ---p 00b62000 08:08 3804280                    /home/lpxz/pool/jdk1.7/jre/lib/amd64/server/libjvm.so
7f1f6bd4a000-7f1f6be0d000 rw-p 00b62000 08:08 3804280                    /home/lpxz/pool/jdk1.7/jre/lib/amd64/server/libjvm.so
7f1f6be0d000-7f1f6be4e000 rw-p 00000000 00:00 0 
7f1f6be4e000-7f1f6c003000 r-xp 00000000 08:08 12594826                   /lib/x86_64-linux-gnu/libc-2.15.so
7f1f6c003000-7f1f6c203000 ---p 001b5000 08:08 12594826                   /lib/x86_64-linux-gnu/libc-2.15.so
7f1f6c203000-7f1f6c207000 r--p 001b5000 08:08 12594826                   /lib/x86_64-linux-gnu/libc-2.15.so
7f1f6c207000-7f1f6c209000 rw-p 001b9000 08:08 12594826                   /lib/x86_64-linux-gnu/libc-2.15.so
7f1f6c209000-7f1f6c20e000 rw-p 00000000 00:00 0 
7f1f6c20e000-7f1f6c210000 r-xp 00000000 08:08 12594841                   /lib/x86_64-linux-gnu/libdl-2.15.so
7f1f6c210000-7f1f6c410000 ---p 00002000 08:08 12594841                   /lib/x86_64-linux-gnu/libdl-2.15.so
7f1f6c410000-7f1f6c411000 r--p 00002000 08:08 12594841                   /lib/x86_64-linux-gnu/libdl-2.15.so
7f1f6c411000-7f1f6c412000 rw-p 00003000 08:08 12594841                   /lib/x86_64-linux-gnu/libdl-2.15.so
7f1f6c412000-7f1f6c428000 r-xp 00000000 08:08 3802605                    /home/lpxz/pool/jdk1.7/lib/amd64/jli/libjli.so
7f1f6c428000-7f1f6c628000 ---p 00016000 08:08 3802605                    /home/lpxz/pool/jdk1.7/lib/amd64/jli/libjli.so
7f1f6c628000-7f1f6c629000 rw-p 00016000 08:08 3802605                    /home/lpxz/pool/jdk1.7/lib/amd64/jli/libjli.so
7f1f6c629000-7f1f6c641000 r-xp 00000000 08:08 12594835                   /lib/x86_64-linux-gnu/libpthread-2.15.so
7f1f6c641000-7f1f6c840000 ---p 00018000 08:08 12594835                   /lib/x86_64-linux-gnu/libpthread-2.15.so
7f1f6c840000-7f1f6c841000 r--p 00017000 08:08 12594835                   /lib/x86_64-linux-gnu/libpthread-2.15.so
7f1f6c841000-7f1f6c842000 rw-p 00018000 08:08 12594835                   /lib/x86_64-linux-gnu/libpthread-2.15.so
7f1f6c842000-7f1f6c846000 rw-p 00000000 00:00 0 
7f1f6c846000-7f1f6c868000 r-xp 00000000 08:08 12594838                   /lib/x86_64-linux-gnu/ld-2.15.so
7f1f6c879000-7f1f6c885000 r--s 000da000 08:08 4477681                    /home/lpxz/eclipse/workspacePA_icse/soot-One/lib/polyglotclasses-1.3.5.jar
7f1f6c885000-7f1f6c88f000 rw-p 00000000 00:00 0 
7f1f6c88f000-7f1f6c945000 rw-p 00000000 00:00 0 
7f1f6c945000-7f1f6c948000 ---p 00000000 00:00 0 
7f1f6c948000-7f1f6ca4a000 rw-p 00000000 00:00 0 
7f1f6ca54000-7f1f6ca55000 rw-p 00000000 00:00 0 
7f1f6ca55000-7f1f6ca58000 r--s 0002b000 08:08 4477682                    /home/lpxz/eclipse/workspacePA_icse/soot-One/lib/jasminclasses-2.5.0.jar
7f1f6ca58000-7f1f6ca5c000 r--s 000f7000 08:08 3804391                    /home/lpxz/pool/jdk1.7/jre/lib/ext/localedata.jar
7f1f6ca5c000-7f1f6ca64000 rw-s 00000000 08:08 4997936                    /tmp/hsperfdata_lpxz/12398
7f1f6ca64000-7f1f6ca65000 rw-p 00000000 00:00 0 
7f1f6ca65000-7f1f6ca66000 ---p 00000000 00:00 0 
7f1f6ca66000-7f1f6ca68000 rw-p 00000000 00:00 0 
7f1f6ca68000-7f1f6ca69000 r--p 00022000 08:08 12594838                   /lib/x86_64-linux-gnu/ld-2.15.so
7f1f6ca69000-7f1f6ca6b000 rw-p 00023000 08:08 12594838                   /lib/x86_64-linux-gnu/ld-2.15.so
7fff59f1d000-7fff59f3e000 rw-p 00000000 00:00 0                          [stack]
7fff59f6f000-7fff59f70000 r-xp 00000000 00:00 0                          [vdso]
ffffffffff600000-ffffffffff601000 r-xp 00000000 00:00 0                  [vsyscall]

VM Arguments:
jvm_args: -Xverify:none -Xmx14g -XX:+UseBiasedLocking -Dfile.encoding=UTF-8 
java_command: edu.hkust.leap.record.RecordMain 1024 spec.jbb.JBBmain
Launcher Type: SUN_STANDARD

Environment Variables:
PATH=/usr/local/sbin:/usr/local/bin:/usr/sbin:/usr/bin:/sbin:/bin:/usr/games
LD_LIBRARY_PATH=/home/lpxz/pool/jdk1.7/jre/lib/amd64/server:/home/lpxz/pool/jdk1.7/jre/lib/amd64:/home/lpxz/pool/jdk1.7/jre/../lib/amd64:/usr/lib/jvm/java-6-openjdk-amd64/jre/lib/amd64/server:/usr/lib/jvm/java-6-openjdk-amd64/jre/lib/amd64:/usr/lib/jvm/java-6-openjdk-amd64/jre/../lib/amd64
SHELL=/bin/bash
DISPLAY=:0

Signal Handlers:
SIGSEGV: [libjvm.so+0x993870], sa_mask[0]=0x7ffbfeff, sa_flags=0x10000004
SIGBUS: [libjvm.so+0x993870], sa_mask[0]=0x7ffbfeff, sa_flags=0x10000004
SIGFPE: [libjvm.so+0x8105b0], sa_mask[0]=0x7ffbfeff, sa_flags=0x10000004
SIGPIPE: [libjvm.so+0x8105b0], sa_mask[0]=0x7ffbfeff, sa_flags=0x10000004
SIGXFSZ: [libjvm.so+0x8105b0], sa_mask[0]=0x7ffbfeff, sa_flags=0x10000004
SIGILL: [libjvm.so+0x8105b0], sa_mask[0]=0x7ffbfeff, sa_flags=0x10000004
SIGUSR1: SIG_DFL, sa_mask[0]=0x00000000, sa_flags=0x00000000
SIGUSR2: [libjvm.so+0x811aa0], sa_mask[0]=0x00000004, sa_flags=0x10000004
SIGHUP: [libjvm.so+0x812a10], sa_mask[0]=0x7ffbfeff, sa_flags=0x10000004
SIGINT: [libjvm.so+0x812a10], sa_mask[0]=0x7ffbfeff, sa_flags=0x10000004
SIGTERM: [libjvm.so+0x812a10], sa_mask[0]=0x7ffbfeff, sa_flags=0x10000004
SIGQUIT: [libjvm.so+0x812a10], sa_mask[0]=0x7ffbfeff, sa_flags=0x10000004


---------------  S Y S T E M  ---------------

OS:wheezy/sid

uname:Linux 3.2.0-29-generic #46-Ubuntu SMP Fri Jul 27 17:03:23 UTC 2012 x86_64
libc:glibc 2.15 NPTL 2.15 
rlimit: STACK 8192k, CORE 0k, NPROC 125044, NOFILE 4096, AS infinity
load average:1.06 1.05 1.39

/proc/meminfo:
MemTotal:       16023348 kB
MemFree:         8382092 kB
Buffers:          811284 kB
Cached:          3502148 kB
SwapCached:            0 kB
Active:          4685940 kB
Inactive:        1948152 kB
Active(anon):    2351860 kB
Inactive(anon):   181740 kB
Active(file):    2334080 kB
Inactive(file):  1766412 kB
Unevictable:           0 kB
Mlocked:               0 kB
SwapTotal:      62944092 kB
SwapFree:       62944092 kB
Dirty:              2028 kB
Writeback:             0 kB
AnonPages:       2321512 kB
Mapped:           269836 kB
Shmem:            212928 kB
Slab:             701152 kB
SReclaimable:     643264 kB
SUnreclaim:        57888 kB
KernelStack:        5440 kB
PageTables:        49756 kB
NFS_Unstable:          0 kB
Bounce:                0 kB
WritebackTmp:          0 kB
CommitLimit:    70955764 kB
Committed_AS:    6207512 kB
VmallocTotal:   34359738367 kB
VmallocUsed:      401548 kB
VmallocChunk:   34359304240 kB
HardwareCorrupted:     0 kB
AnonHugePages:         0 kB
HugePages_Total:       0
HugePages_Free:        0
HugePages_Rsvd:        0
HugePages_Surp:        0
Hugepagesize:       2048 kB
DirectMap4k:       83456 kB
DirectMap2M:    16279552 kB


CPU:total 8 (4 cores per cpu, 2 threads per core) family 6 model 58 stepping 9, cmov, cx8, fxsr, mmx, sse, sse2, sse3, ssse3, sse4.1, sse4.2, popcnt, avx, aes, erms, ht, tsc, tscinvbit, tscinv

/proc/cpuinfo:
processor	: 0
vendor_id	: GenuineIntel
cpu family	: 6
model		: 58
model name	: Intel(R) Core(TM) i7-3610QM CPU @ 2.30GHz
stepping	: 9
microcode	: 0x12
cpu MHz		: 2301.000
cache size	: 6144 KB
physical id	: 0
siblings	: 8
core id		: 0
cpu cores	: 4
apicid		: 0
initial apicid	: 0
fpu		: yes
fpu_exception	: yes
cpuid level	: 13
wp		: yes
flags		: fpu vme de pse tsc msr pae mce cx8 apic sep mtrr pge mca cmov pat pse36 clflush dts acpi mmx fxsr sse sse2 ss ht tm pbe syscall nx rdtscp lm constant_tsc arch_perfmon pebs bts rep_good nopl xtopology nonstop_tsc aperfmperf pni pclmulqdq dtes64 monitor ds_cpl vmx est tm2 ssse3 cx16 xtpr pdcm pcid sse4_1 sse4_2 x2apic popcnt tsc_deadline_timer aes xsave avx f16c rdrand lahf_lm ida arat epb xsaveopt pln pts dtherm tpr_shadow vnmi flexpriority ept vpid fsgsbase smep erms
bogomips	: 4589.13
clflush size	: 64
cache_alignment	: 64
address sizes	: 36 bits physical, 48 bits virtual
power management:

processor	: 1
vendor_id	: GenuineIntel
cpu family	: 6
model		: 58
model name	: Intel(R) Core(TM) i7-3610QM CPU @ 2.30GHz
stepping	: 9
microcode	: 0x12
cpu MHz		: 2301.000
cache size	: 6144 KB
physical id	: 0
siblings	: 8
core id		: 0
cpu cores	: 4
apicid		: 1
initial apicid	: 1
fpu		: yes
fpu_exception	: yes
cpuid level	: 13
wp		: yes
flags		: fpu vme de pse tsc msr pae mce cx8 apic sep mtrr pge mca cmov pat pse36 clflush dts acpi mmx fxsr sse sse2 ss ht tm pbe syscall nx rdtscp lm constant_tsc arch_perfmon pebs bts rep_good nopl xtopology nonstop_tsc aperfmperf pni pclmulqdq dtes64 monitor ds_cpl vmx est tm2 ssse3 cx16 xtpr pdcm pcid sse4_1 sse4_2 x2apic popcnt tsc_deadline_timer aes xsave avx f16c rdrand lahf_lm ida arat epb xsaveopt pln pts dtherm tpr_shadow vnmi flexpriority ept vpid fsgsbase smep erms
bogomips	: 4589.35
clflush size	: 64
cache_alignment	: 64
address sizes	: 36 bits physical, 48 bits virtual
power management:

processor	: 2
vendor_id	: GenuineIntel
cpu family	: 6
model		: 58
model name	: Intel(R) Core(TM) i7-3610QM CPU @ 2.30GHz
stepping	: 9
microcode	: 0x12
cpu MHz		: 2100.000
cache size	: 6144 KB
physical id	: 0
siblings	: 8
core id		: 1
cpu cores	: 4
apicid		: 2
initial apicid	: 2
fpu		: yes
fpu_exception	: yes
cpuid level	: 13
wp		: yes
flags		: fpu vme de pse tsc msr pae mce cx8 apic sep mtrr pge mca cmov pat pse36 clflush dts acpi mmx fxsr sse sse2 ss ht tm pbe syscall nx rdtscp lm constant_tsc arch_perfmon pebs bts rep_good nopl xtopology nonstop_tsc aperfmperf pni pclmulqdq dtes64 monitor ds_cpl vmx est tm2 ssse3 cx16 xtpr pdcm pcid sse4_1 sse4_2 x2apic popcnt tsc_deadline_timer aes xsave avx f16c rdrand lahf_lm ida arat epb xsaveopt pln pts dtherm tpr_shadow vnmi flexpriority ept vpid fsgsbase smep erms
bogomips	: 4589.37
clflush size	: 64
cache_alignment	: 64
address sizes	: 36 bits physical, 48 bits virtual
power management:

processor	: 3
vendor_id	: GenuineIntel
cpu family	: 6
model		: 58
model name	: Intel(R) Core(TM) i7-3610QM CPU @ 2.30GHz
stepping	: 9
microcode	: 0x12
cpu MHz		: 1200.000
cache size	: 6144 KB
physical id	: 0
siblings	: 8
core id		: 1
cpu cores	: 4
apicid		: 3
initial apicid	: 3
fpu		: yes
fpu_exception	: yes
cpuid level	: 13
wp		: yes
flags		: fpu vme de pse tsc msr pae mce cx8 apic sep mtrr pge mca cmov pat pse36 clflush dts acpi mmx fxsr sse sse2 ss ht tm pbe syscall nx rdtscp lm constant_tsc arch_perfmon pebs bts rep_good nopl xtopology nonstop_tsc aperfmperf pni pclmulqdq dtes64 monitor ds_cpl vmx est tm2 ssse3 cx16 xtpr pdcm pcid sse4_1 sse4_2 x2apic popcnt tsc_deadline_timer aes xsave avx f16c rdrand lahf_lm ida arat epb xsaveopt pln pts dtherm tpr_shadow vnmi flexpriority ept vpid fsgsbase smep erms
bogomips	: 4589.37
clflush size	: 64
cache_alignment	: 64
address sizes	: 36 bits physical, 48 bits virtual
power management:

processor	: 4
vendor_id	: GenuineIntel
cpu family	: 6
model		: 58
model name	: Intel(R) Core(TM) i7-3610QM CPU @ 2.30GHz
stepping	: 9
microcode	: 0x12
cpu MHz		: 2301.000
cache size	: 6144 KB
physical id	: 0
siblings	: 8
core id		: 2
cpu cores	: 4
apicid		: 4
initial apicid	: 4
fpu		: yes
fpu_exception	: yes
cpuid level	: 13
wp		: yes
flags		: fpu vme de pse tsc msr pae mce cx8 apic sep mtrr pge mca cmov pat pse36 clflush dts acpi mmx fxsr sse sse2 ss ht tm pbe syscall nx rdtscp lm constant_tsc arch_perfmon pebs bts rep_good nopl xtopology nonstop_tsc aperfmperf pni pclmulqdq dtes64 monitor ds_cpl vmx est tm2 ssse3 cx16 xtpr pdcm pcid sse4_1 sse4_2 x2apic popcnt tsc_deadline_timer aes xsave avx f16c rdrand lahf_lm ida arat epb xsaveopt pln pts dtherm tpr_shadow vnmi flexpriority ept vpid fsgsbase smep erms
bogomips	: 4589.37
clflush size	: 64
cache_alignment	: 64
address sizes	: 36 bits physical, 48 bits virtual
power management:

processor	: 5
vendor_id	: GenuineIntel
cpu family	: 6
model		: 58
model name	: Intel(R) Core(TM) i7-3610QM CPU @ 2.30GHz
stepping	: 9
microcode	: 0x12
cpu MHz		: 1200.000
cache size	: 6144 KB
physical id	: 0
siblings	: 8
core id		: 2
cpu cores	: 4
apicid		: 5
initial apicid	: 5
fpu		: yes
fpu_exception	: yes
cpuid level	: 13
wp		: yes
flags		: fpu vme de pse tsc msr pae mce cx8 apic sep mtrr pge mca cmov pat pse36 clflush dts acpi mmx fxsr sse sse2 ss ht tm pbe syscall nx rdtscp lm constant_tsc arch_perfmon pebs bts rep_good nopl xtopology nonstop_tsc aperfmperf pni pclmulqdq dtes64 monitor ds_cpl vmx est tm2 ssse3 cx16 xtpr pdcm pcid sse4_1 sse4_2 x2apic popcnt tsc_deadline_timer aes xsave avx f16c rdrand lahf_lm ida arat epb xsaveopt pln pts dtherm tpr_shadow vnmi flexpriority ept vpid fsgsbase smep erms
bogomips	: 4589.37
clflush size	: 64
cache_alignment	: 64
address sizes	: 36 bits physical, 48 bits virtual
power management:

processor	: 6
vendor_id	: GenuineIntel
cpu family	: 6
model		: 58
model name	: Intel(R) Core(TM) i7-3610QM CPU @ 2.30GHz
stepping	: 9
microcode	: 0x12
cpu MHz		: 2301.000
cache size	: 6144 KB
physical id	: 0
siblings	: 8
core id		: 3
cpu cores	: 4
apicid		: 6
initial apicid	: 6
fpu		: yes
fpu_exception	: yes
cpuid level	: 13
wp		: yes
flags		: fpu vme de pse tsc msr pae mce cx8 apic sep mtrr pge mca cmov pat pse36 clflush dts acpi mmx fxsr sse sse2 ss ht tm pbe syscall nx rdtscp lm constant_tsc arch_perfmon pebs bts rep_good nopl xtopology nonstop_tsc aperfmperf pni pclmulqdq dtes64 monitor ds_cpl vmx est tm2 ssse3 cx16 xtpr pdcm pcid sse4_1 sse4_2 x2apic popcnt tsc_deadline_timer aes xsave avx f16c rdrand lahf_lm ida arat epb xsaveopt pln pts dtherm tpr_shadow vnmi flexpriority ept vpid fsgsbase smep erms
bogomips	: 4589.37
clflush size	: 64
cache_alignment	: 64
address sizes	: 36 bits physical, 48 bits virtual
power management:

processor	: 7
vendor_id	: GenuineIntel
cpu family	: 6
model		: 58
model name	: Intel(R) Core(TM) i7-3610QM CPU @ 2.30GHz
stepping	: 9
microcode	: 0x12
cpu MHz		: 2301.000
cache size	: 6144 KB
physical id	: 0
siblings	: 8
core id		: 3
cpu cores	: 4
apicid		: 7
initial apicid	: 7
fpu		: yes
fpu_exception	: yes
cpuid level	: 13
wp		: yes
flags		: fpu vme de pse tsc msr pae mce cx8 apic sep mtrr pge mca cmov pat pse36 clflush dts acpi mmx fxsr sse sse2 ss ht tm pbe syscall nx rdtscp lm constant_tsc arch_perfmon pebs bts rep_good nopl xtopology nonstop_tsc aperfmperf pni pclmulqdq dtes64 monitor ds_cpl vmx est tm2 ssse3 cx16 xtpr pdcm pcid sse4_1 sse4_2 x2apic popcnt tsc_deadline_timer aes xsave avx f16c rdrand lahf_lm ida arat epb xsaveopt pln pts dtherm tpr_shadow vnmi flexpriority ept vpid fsgsbase smep erms
bogomips	: 4589.37
clflush size	: 64
cache_alignment	: 64
address sizes	: 36 bits physical, 48 bits virtual
power management:



Memory: 4k page, physical 16023348k(8380604k free), swap 62944092k(62944092k free)

vm_info: Java HotSpot(TM) 64-Bit Server VM (24.51-b03) for linux-amd64 JRE (1.7.0_51-b13), built on Dec 18 2013 18:48:01 by "java_re" with gcc 4.3.0 20080428 (Red Hat 4.3.0-8)

time: Tue Oct 14 16:16:43 2014
elapsed time: 4 seconds

