#
# A fatal error has been detected by the Java Runtime Environment:
#
#  SIGSEGV (0xb) at pc=0x00007fbed8ba9965, pid=11086, tid=140456960812800
#
# JRE version: 6.0_26-b03
# Java VM: Java HotSpot(TM) 64-Bit Server VM (20.1-b02 mixed mode linux-amd64 compressed oops)
# Problematic frame:
# V  [libjvm.so+0x6a9965]  LoadKlassNode::make(PhaseGVN&, Node*, Node*, TypePtr const*, TypeKlassPtr const*)+0x45
#
# If you would like to submit a bug report, please visit:
#   http://java.sun.com/webapps/bugreport/crash.jsp
#

---------------  T H R E A D  ---------------

Current thread (0x00007fbed4097000):  JavaThread "C2 CompilerThread1" daemon [_thread_in_native, id=11105, stack(0x00007fbeaf316000,0x00007fbeaf417000)]

siginfo:si_signo=SIGSEGV: si_errno=0, si_code=1 (SEGV_MAPERR), si_addr=0x0000000000000010

Registers:
RAX=0x00007fbed409bb10, RBX=0x00007fbed8f79e70, RCX=0x0000000000000000, RDX=0x0000000000000000
RSP=0x00007fbeaf412d00, RBP=0x00007fbeaf412d40, RSI=0x00007fbe98023380, RDI=0x00007fbe8c000c30
R8 =0x00007fbed409e1e0, R9 =0x00007fbe8c08bfb8, R10=0x00007fbe8c000c30, R11=0x00007fbed928f850
R12=0x0000000000000000, R13=0x0000000000000000, R14=0x00007fbe8c000c30, R15=0x00007fbeaf414660
RIP=0x00007fbed8ba9965, EFLAGS=0x0000000000010246, CSGSFS=0x0000000000000033, ERR=0x0000000000000004
  TRAPNO=0x000000000000000e

Top of Stack: (sp=0x00007fbeaf412d00)
0x00007fbeaf412d00:   00007fbeaf4150e0 00007fbed409e1e0
0x00007fbeaf412d10:   00007fbe98023380 00007fbe8c000c30
0x00007fbeaf412d20:   00007fbeaf413410 0000000000000000
0x00007fbeaf412d30:   00007fbe98126d50 00007fbe8c08beb8
0x00007fbeaf412d40:   00007fbeaf412d60 00007fbed8983b71
0x00007fbeaf412d50:   00007fbe8c000c30 00007fbeaf413410
0x00007fbeaf412d60:   00007fbeaf412e10 00007fbed898c092
0x00007fbeaf412d70:   00007fbeaf414660 00007fbe98126d50
0x00007fbeaf412d80:   00007fbe8c000c30 00007fbe8c08bf20
0x00007fbeaf412d90:   0000000000000000 00007fbed409d260
0x00007fbeaf412da0:   0000000000000000 00007fbe8c08be78
0x00007fbeaf412db0:   00007fbe8c000c30 00007fbe8c000c30
0x00007fbeaf412dc0:   00007fbeaf412e10 0000000000000198
0x00007fbeaf412dd0:   00007fbeaf4150e0 0000000000000000
0x00007fbeaf412de0:   00007fbeaf413410 0000000000000000
0x00007fbeaf412df0:   00007fbeaf413410 00007fbe8c08b3d8
0x00007fbeaf412e00:   00007fbed8f9c850 00007fbe8c08bd98
0x00007fbeaf412e10:   00007fbeaf412e90 00007fbed8c3c3f8
0x00007fbeaf412e20:   00007fbed409c2f0 00007fbe8c08b418
0x00007fbeaf412e30:   00007fbe8c08b3d8 00007fbe8c000c30
0x00007fbeaf412e40:   00007fbeaf413410 00007fbe8c0886e8
0x00007fbeaf412e50:   00007fbe00000003 00007fbeaf4134f0
0x00007fbeaf412e60:   0100000000000002 00007fbe8c08b130
0x00007fbeaf412e70:   00007fbeaf4134f0 00007fbeaf413410
0x00007fbeaf412e80:   00007fbeaf413410 0000000000000090
0x00007fbeaf412e90:   00007fbeaf4132c0 00007fbed8c34c2b
0x00007fbeaf412ea0:   00007fbed40b2308 000000047aea6280
0x00007fbeaf412eb0:   00007fbeaf412f30 00007fbed8b584e3
0x00007fbeaf412ec0:   00007fbe98067d14 0000000000000000
0x00007fbeaf412ed0:   00000000000000b6 00007fbeaf412f90
0x00007fbeaf412ee0:   00007fbed40978c0 00007fbeaf412f8e
0x00007fbeaf412ef0:   00007fbeaf412f60 00007fbed8855d11 

Instructions: (pc=0x00007fbed8ba9965)
0x00007fbed8ba9945:   10 4c 89 f7 48 89 55 c0 49 8b 1e ff 53 28 4c 89
0x00007fbed8ba9955:   e2 8b 48 10 83 e9 0b 83 f9 03 48 0f 46 d0 31 c9
0x00007fbed8ba9965:   8b 42 10 83 e8 0b 83 f8 03 4c 0f 46 e2 4d 85 e4
0x00007fbed8ba9975:   74 0c 80 7a 31 00 b8 01 00 00 00 0f 45 c8 84 c9 

Register to memory mapping:

RAX=0x00007fbed409bb10 is an unknown value
RBX=0x00007fbed8f79e70: _ZTV7ConNode+0x10 in /home/lpxz/pool/jdk1.6.0_26/jre/lib/amd64/server/libjvm.so at 0x00007fbed8500000
RCX=0x0000000000000000 is an unknown value
RDX=0x0000000000000000 is an unknown value
RSP=0x00007fbeaf412d00 is pointing into the stack for thread: 0x00007fbed4097000
RBP=0x00007fbeaf412d40 is pointing into the stack for thread: 0x00007fbed4097000
RSI=0x00007fbe98023380 is an unknown value
RDI=0x00007fbe8c000c30 is an unknown value
R8 =0x00007fbed409e1e0 is an unknown value
R9 =0x00007fbe8c08bfb8 is an unknown value
R10=0x00007fbe8c000c30 is an unknown value
R11=0x00007fbed928f850: <offset 0x184850> in /lib/x86_64-linux-gnu/libc.so.6 at 0x00007fbed910b000
R12=0x0000000000000000 is an unknown value
R13=0x0000000000000000 is an unknown value
R14=0x00007fbe8c000c30 is an unknown value
R15=0x00007fbeaf414660 is pointing into the stack for thread: 0x00007fbed4097000


Stack: [0x00007fbeaf316000,0x00007fbeaf417000],  sp=0x00007fbeaf412d00,  free space=1011k
Native frames: (J=compiled Java code, j=interpreted, Vv=VM code, C=native code)
V  [libjvm.so+0x6a9965]  LoadKlassNode::make(PhaseGVN&, Node*, Node*, TypePtr const*, TypeKlassPtr const*)+0x45
V  [libjvm.so+0x483b71]  GraphKit::load_object_klass(Node*)+0x91
V  [libjvm.so+0x48c092]  GraphKit::gen_checkcast(Node*, Node*, Node**)+0x592
V  [libjvm.so+0x73c3f8]  Parse::array_store_check()+0x168
V  [libjvm.so+0x734c2b]  Parse::do_one_bytecode()+0x18ab
V  [libjvm.so+0x72a3aa]  Parse::do_one_block()+0x1aa
V  [libjvm.so+0x727e00]  Parse::do_all_blocks()+0x150
V  [libjvm.so+0x72793b]  Parse::Parse(JVMState*, ciMethod*, float)+0x59b
V  [libjvm.so+0x3215b4]  ParseGenerator::generate(JVMState*)+0x84
V  [libjvm.so+0x423d4e]  Parse::do_call()+0x17e
V  [libjvm.so+0x739c77]  Parse::do_one_bytecode()+0x68f7
V  [libjvm.so+0x72a3aa]  Parse::do_one_block()+0x1aa
V  [libjvm.so+0x727e00]  Parse::do_all_blocks()+0x150
V  [libjvm.so+0x72793b]  Parse::Parse(JVMState*, ciMethod*, float)+0x59b
V  [libjvm.so+0x3215b4]  ParseGenerator::generate(JVMState*)+0x84
V  [libjvm.so+0x423d4e]  Parse::do_call()+0x17e
V  [libjvm.so+0x739c77]  Parse::do_one_bytecode()+0x68f7
V  [libjvm.so+0x72a3aa]  Parse::do_one_block()+0x1aa
V  [libjvm.so+0x727e00]  Parse::do_all_blocks()+0x150
V  [libjvm.so+0x72793b]  Parse::Parse(JVMState*, ciMethod*, float)+0x59b
V  [libjvm.so+0x3215b4]  ParseGenerator::generate(JVMState*)+0x84
V  [libjvm.so+0x39dcc2]  Compile::Compile(ciEnv*, C2Compiler*, ciMethod*, int, bool, bool)+0x762
V  [libjvm.so+0x320d2e]  C2Compiler::compile_method(ciEnv*, ciMethod*, int)+0x9e
V  [libjvm.so+0x3a862a]  CompileBroker::invoke_compiler_on_method(CompileTask*)+0x2ca
V  [libjvm.so+0x3a7f15]  CompileBroker::compiler_thread_loop()+0x355
V  [libjvm.so+0x81fbe9]  compiler_thread_entry(JavaThread*, Thread*)+0x9
V  [libjvm.so+0x8190f1]  JavaThread::run()+0x121
V  [libjvm.so+0x710adf]  java_start(Thread*)+0x13f


Current CompileTask:
C2:    129  29      spec.jbb.JBButil.create_random_a_string(IIS)[C (134 bytes)


---------------  P R O C E S S  ---------------

Java Threads: ( => current thread )
  0x00007fbed4099800 JavaThread "Low Memory Detector" daemon [_thread_blocked, id=11106, stack(0x00007fbeaf215000,0x00007fbeaf316000)]
=>0x00007fbed4097000 JavaThread "C2 CompilerThread1" daemon [_thread_in_native, id=11105, stack(0x00007fbeaf316000,0x00007fbeaf417000)]
  0x00007fbed4094000 JavaThread "C2 CompilerThread0" daemon [_thread_in_native, id=11104, stack(0x00007fbeaf417000,0x00007fbeaf518000)]
  0x00007fbed4092000 JavaThread "Signal Dispatcher" daemon [_thread_blocked, id=11103, stack(0x00007fbeaf518000,0x00007fbeaf619000)]
  0x00007fbed4076000 JavaThread "Finalizer" daemon [_thread_blocked, id=11102, stack(0x00007fbeafcfd000,0x00007fbeafdfe000)]
  0x00007fbed4074000 JavaThread "Reference Handler" daemon [_thread_blocked, id=11101, stack(0x00007fbeafdfe000,0x00007fbeafeff000)]
  0x00007fbed4007800 JavaThread "main" [_thread_in_Java, id=11091, stack(0x00007fbed8103000,0x00007fbed8204000)]

Other Threads:
  0x00007fbed406d000 VMThread [stack: 0x00007fbeafeff000,0x00007fbeb0000000] [id=11100]
  0x00007fbed40ac000 WatcherThread [stack: 0x00007fbeaf114000,0x00007fbeaf215000] [id=11107]

VM state:not at safepoint (normal execution)

VM Mutex/Monitor currently owned by a thread: None

Heap
 PSYoungGen      total 74368K, used 12194K [0x00000006d5560000, 0x00000006da860000, 0x0000000800000000)
  eden space 63744K, 19% used [0x00000006d5560000,0x00000006d6148bd0,0x00000006d93a0000)
  from space 10624K, 0% used [0x00000006d9e00000,0x00000006d9e00000,0x00000006da860000)
  to   space 10624K, 0% used [0x00000006d93a0000,0x00000006d93a0000,0x00000006d9e00000)
 PSOldGen        total 169984K, used 0K [0x0000000480000000, 0x000000048a600000, 0x00000006d5560000)
  object space 169984K, 0% used [0x0000000480000000,0x0000000480000000,0x000000048a600000)
 PSPermGen       total 21248K, used 6027K [0x000000047ae00000, 0x000000047c2c0000, 0x0000000480000000)
  object space 21248K, 28% used [0x000000047ae00000,0x000000047b3e2f68,0x000000047c2c0000)

Code Cache  [0x00007fbed026a000, 0x00007fbed04da000, 0x00007fbed326a000)
 total_blobs=278 nmethods=32 adapters=201 free_code_cache=49854784 largest_free_block=7168

Dynamic libraries:
40000000-40009000 r-xp 00000000 08:05 5512341                            /home/lpxz/pool/jdk1.6.0_26/jre/bin/java
40108000-4010a000 rwxp 00008000 08:05 5512341                            /home/lpxz/pool/jdk1.6.0_26/jre/bin/java
40418000-40439000 rwxp 00000000 00:00 0                                  [heap]
47ae00000-47c2c0000 rwxp 00000000 00:00 0 
47c2c0000-480000000 rwxp 00000000 00:00 0 
480000000-48a600000 rwxp 00000000 00:00 0 
48a600000-6d5560000 rwxp 00000000 00:00 0 
6d5560000-6da860000 rwxp 00000000 00:00 0 
6da860000-800000000 rwxp 00000000 00:00 0 
7fbe84000000-7fbe84021000 rwxp 00000000 00:00 0 
7fbe84021000-7fbe88000000 ---p 00000000 00:00 0 
7fbe8c000000-7fbe8c106000 rwxp 00000000 00:00 0 
7fbe8c106000-7fbe90000000 ---p 00000000 00:00 0 
7fbe90000000-7fbe90021000 rwxp 00000000 00:00 0 
7fbe90021000-7fbe94000000 ---p 00000000 00:00 0 
7fbe94000000-7fbe94021000 rwxp 00000000 00:00 0 
7fbe94021000-7fbe98000000 ---p 00000000 00:00 0 
7fbe98000000-7fbe9815c000 rwxp 00000000 00:00 0 
7fbe9815c000-7fbe9c000000 ---p 00000000 00:00 0 
7fbe9c000000-7fbe9c021000 rwxp 00000000 00:00 0 
7fbe9c021000-7fbea0000000 ---p 00000000 00:00 0 
7fbea0000000-7fbea0021000 rwxp 00000000 00:00 0 
7fbea0021000-7fbea4000000 ---p 00000000 00:00 0 
7fbea4000000-7fbea4021000 rwxp 00000000 00:00 0 
7fbea4021000-7fbea8000000 ---p 00000000 00:00 0 
7fbea8000000-7fbea8021000 rwxp 00000000 00:00 0 
7fbea8021000-7fbeac000000 ---p 00000000 00:00 0 
7fbeaf114000-7fbeaf115000 ---p 00000000 00:00 0 
7fbeaf115000-7fbeaf215000 rwxp 00000000 00:00 0                          [stack:11107]
7fbeaf215000-7fbeaf218000 ---p 00000000 00:00 0 
7fbeaf218000-7fbeaf316000 rwxp 00000000 00:00 0                          [stack:11106]
7fbeaf316000-7fbeaf319000 ---p 00000000 00:00 0 
7fbeaf319000-7fbeaf417000 rwxp 00000000 00:00 0                          [stack:11105]
7fbeaf417000-7fbeaf41a000 ---p 00000000 00:00 0 
7fbeaf41a000-7fbeaf518000 rwxp 00000000 00:00 0                          [stack:11104]
7fbeaf518000-7fbeaf51b000 ---p 00000000 00:00 0 
7fbeaf51b000-7fbeaf619000 rwxp 00000000 00:00 0                          [stack:11103]
7fbeaf619000-7fbeafcfd000 r-xp 00000000 08:05 268596                     /usr/lib/locale/locale-archive
7fbeafcfd000-7fbeafd00000 ---p 00000000 00:00 0 
7fbeafd00000-7fbeafdfe000 rwxp 00000000 00:00 0                          [stack:11102]
7fbeafdfe000-7fbeafe01000 ---p 00000000 00:00 0 
7fbeafe01000-7fbeafeff000 rwxp 00000000 00:00 0                          [stack:11101]
7fbeafeff000-7fbeaff00000 ---p 00000000 00:00 0 
7fbeaff00000-7fbeb0000000 rwxp 00000000 00:00 0                          [stack:11100]
7fbeb0000000-7fbeb0021000 rwxp 00000000 00:00 0 
7fbeb0021000-7fbeb4000000 ---p 00000000 00:00 0 
7fbeb4000000-7fbeb4021000 rwxp 00000000 00:00 0 
7fbeb4021000-7fbeb8000000 ---p 00000000 00:00 0 
7fbeb8000000-7fbeb8021000 rwxp 00000000 00:00 0 
7fbeb8021000-7fbebc000000 ---p 00000000 00:00 0 
7fbebc000000-7fbebc021000 rwxp 00000000 00:00 0 
7fbebc021000-7fbec0000000 ---p 00000000 00:00 0 
7fbec0000000-7fbec0021000 rwxp 00000000 00:00 0 
7fbec0021000-7fbec4000000 ---p 00000000 00:00 0 
7fbec4000000-7fbec4021000 rwxp 00000000 00:00 0 
7fbec4021000-7fbec8000000 ---p 00000000 00:00 0 
7fbec8000000-7fbec8021000 rwxp 00000000 00:00 0 
7fbec8021000-7fbecc000000 ---p 00000000 00:00 0 
7fbecc0ec000-7fbecc9f5000 rwxp 00000000 00:00 0 
7fbecc9f5000-7fbeccb8d000 r-xs 03029000 08:05 5378036                    /home/lpxz/pool/jdk1.6.0_26/jre/lib/rt.jar
7fbeccb8d000-7fbeccb8e000 ---p 00000000 00:00 0 
7fbeccb8e000-7fbeccc8e000 rwxp 00000000 00:00 0                          [stack:11099]
7fbeccc8e000-7fbeccc8f000 ---p 00000000 00:00 0 
7fbeccc8f000-7fbeccd8f000 rwxp 00000000 00:00 0                          [stack:11098]
7fbeccd8f000-7fbeccd90000 ---p 00000000 00:00 0 
7fbeccd90000-7fbecce90000 rwxp 00000000 00:00 0                          [stack:11097]
7fbecce90000-7fbecce91000 ---p 00000000 00:00 0 
7fbecce91000-7fbeccf91000 rwxp 00000000 00:00 0                          [stack:11096]
7fbeccf91000-7fbeccf92000 ---p 00000000 00:00 0 
7fbeccf92000-7fbecd092000 rwxp 00000000 00:00 0                          [stack:11095]
7fbecd092000-7fbecd093000 ---p 00000000 00:00 0 
7fbecd093000-7fbecd193000 rwxp 00000000 00:00 0                          [stack:11094]
7fbecd193000-7fbecd194000 ---p 00000000 00:00 0 
7fbecd194000-7fbecd294000 rwxp 00000000 00:00 0                          [stack:11093]
7fbecd294000-7fbecd295000 ---p 00000000 00:00 0 
7fbecd295000-7fbecd3e8000 rwxp 00000000 00:00 0                          [stack:11092]
7fbecd3e8000-7fbece640000 rwxp 00000000 00:00 0 
7fbece640000-7fbece64b000 rwxp 00000000 00:00 0 
7fbece64b000-7fbece669000 rwxp 00000000 00:00 0 
7fbece669000-7fbece6bc000 rwxp 00000000 00:00 0 
7fbece6bc000-7fbecf913000 rwxp 00000000 00:00 0 
7fbecf913000-7fbecf93e000 rwxp 00000000 00:00 0 
7fbecf93e000-7fbed0269000 rwxp 00000000 00:00 0 
7fbed0269000-7fbed04da000 rwxp 00000000 00:00 0 
7fbed04da000-7fbed326a000 rwxp 00000000 00:00 0 
7fbed326a000-7fbed3278000 r-xp 00000000 08:05 12330712                   /home/lpxz/pool/jdk1.6.0_26/jre/lib/amd64/libzip.so
7fbed3278000-7fbed337a000 ---p 0000e000 08:05 12330712                   /home/lpxz/pool/jdk1.6.0_26/jre/lib/amd64/libzip.so
7fbed337a000-7fbed337d000 rwxp 00010000 08:05 12330712                   /home/lpxz/pool/jdk1.6.0_26/jre/lib/amd64/libzip.so
7fbed337d000-7fbed337e000 rwxp 00000000 00:00 0 
7fbed337e000-7fbed338a000 r-xp 00000000 08:05 19926911                   /lib/x86_64-linux-gnu/libnss_files-2.15.so
7fbed338a000-7fbed3589000 ---p 0000c000 08:05 19926911                   /lib/x86_64-linux-gnu/libnss_files-2.15.so
7fbed3589000-7fbed358a000 r-xp 0000b000 08:05 19926911                   /lib/x86_64-linux-gnu/libnss_files-2.15.so
7fbed358a000-7fbed358b000 rwxp 0000c000 08:05 19926911                   /lib/x86_64-linux-gnu/libnss_files-2.15.so
7fbed358b000-7fbed3595000 r-xp 00000000 08:05 19926915                   /lib/x86_64-linux-gnu/libnss_nis-2.15.so
7fbed3595000-7fbed3795000 ---p 0000a000 08:05 19926915                   /lib/x86_64-linux-gnu/libnss_nis-2.15.so
7fbed3795000-7fbed3796000 r-xp 0000a000 08:05 19926915                   /lib/x86_64-linux-gnu/libnss_nis-2.15.so
7fbed3796000-7fbed3797000 rwxp 0000b000 08:05 19926915                   /lib/x86_64-linux-gnu/libnss_nis-2.15.so
7fbed3797000-7fbed379f000 r-xp 00000000 08:05 19926907                   /lib/x86_64-linux-gnu/libnss_compat-2.15.so
7fbed379f000-7fbed399e000 ---p 00008000 08:05 19926907                   /lib/x86_64-linux-gnu/libnss_compat-2.15.so
7fbed399e000-7fbed399f000 r-xp 00007000 08:05 19926907                   /lib/x86_64-linux-gnu/libnss_compat-2.15.so
7fbed399f000-7fbed39a0000 rwxp 00008000 08:05 19926907                   /lib/x86_64-linux-gnu/libnss_compat-2.15.so
7fbed39a0000-7fbed39b7000 r-xp 00000000 08:05 19926905                   /lib/x86_64-linux-gnu/libnsl-2.15.so
7fbed39b7000-7fbed3bb6000 ---p 00017000 08:05 19926905                   /lib/x86_64-linux-gnu/libnsl-2.15.so
7fbed3bb6000-7fbed3bb7000 r-xp 00016000 08:05 19926905                   /lib/x86_64-linux-gnu/libnsl-2.15.so
7fbed3bb7000-7fbed3bb8000 rwxp 00017000 08:05 19926905                   /lib/x86_64-linux-gnu/libnsl-2.15.so
7fbed3bb8000-7fbed3bba000 rwxp 00000000 00:00 0 
7fbed3bba000-7fbed3be3000 r-xp 00000000 08:05 12330721                   /home/lpxz/pool/jdk1.6.0_26/jre/lib/amd64/libjava.so
7fbed3be3000-7fbed3ce2000 ---p 00029000 08:05 12330721                   /home/lpxz/pool/jdk1.6.0_26/jre/lib/amd64/libjava.so
7fbed3ce2000-7fbed3ce9000 rwxp 00028000 08:05 12330721                   /home/lpxz/pool/jdk1.6.0_26/jre/lib/amd64/libjava.so
7fbed3ce9000-7fbed3cf6000 r-xp 00000000 08:05 12330707                   /home/lpxz/pool/jdk1.6.0_26/jre/lib/amd64/libverify.so
7fbed3cf6000-7fbed3df5000 ---p 0000d000 08:05 12330707                   /home/lpxz/pool/jdk1.6.0_26/jre/lib/amd64/libverify.so
7fbed3df5000-7fbed3df8000 rwxp 0000c000 08:05 12330707                   /home/lpxz/pool/jdk1.6.0_26/jre/lib/amd64/libverify.so
7fbed3df8000-7fbed3dff000 r-xp 00000000 08:05 19926946                   /lib/x86_64-linux-gnu/librt-2.15.so
7fbed3dff000-7fbed3ffe000 ---p 00007000 08:05 19926946                   /lib/x86_64-linux-gnu/librt-2.15.so
7fbed3ffe000-7fbed3fff000 r-xp 00006000 08:05 19926946                   /lib/x86_64-linux-gnu/librt-2.15.so
7fbed3fff000-7fbed4000000 rwxp 00007000 08:05 19926946                   /lib/x86_64-linux-gnu/librt-2.15.so
7fbed4000000-7fbed413e000 rwxp 00000000 00:00 0 
7fbed413e000-7fbed8000000 ---p 00000000 00:00 0 
7fbed807e000-7fbed80e5000 rwxp 00000000 00:00 0 
7fbed80e5000-7fbed8103000 rwxp 00000000 00:00 0 
7fbed8103000-7fbed8106000 ---p 00000000 00:00 0 
7fbed8106000-7fbed8204000 rwxp 00000000 00:00 0                          [stack:11091]
7fbed8204000-7fbed82ff000 r-xp 00000000 08:05 19926892                   /lib/x86_64-linux-gnu/libm-2.15.so
7fbed82ff000-7fbed84fe000 ---p 000fb000 08:05 19926892                   /lib/x86_64-linux-gnu/libm-2.15.so
7fbed84fe000-7fbed84ff000 r-xp 000fa000 08:05 19926892                   /lib/x86_64-linux-gnu/libm-2.15.so
7fbed84ff000-7fbed8500000 rwxp 000fb000 08:05 19926892                   /lib/x86_64-linux-gnu/libm-2.15.so
7fbed8500000-7fbed8e1a000 r-xp 00000000 08:05 12330693                   /home/lpxz/pool/jdk1.6.0_26/jre/lib/amd64/server/libjvm.so
7fbed8e1a000-7fbed8f1c000 ---p 0091a000 08:05 12330693                   /home/lpxz/pool/jdk1.6.0_26/jre/lib/amd64/server/libjvm.so
7fbed8f1c000-7fbed90d1000 rwxp 0091c000 08:05 12330693                   /home/lpxz/pool/jdk1.6.0_26/jre/lib/amd64/server/libjvm.so
7fbed90d1000-7fbed910b000 rwxp 00000000 00:00 0 
7fbed910b000-7fbed92c0000 r-xp 00000000 08:05 19926860                   /lib/x86_64-linux-gnu/libc-2.15.so
7fbed92c0000-7fbed94c0000 ---p 001b5000 08:05 19926860                   /lib/x86_64-linux-gnu/libc-2.15.so
7fbed94c0000-7fbed94c4000 r-xp 001b5000 08:05 19926860                   /lib/x86_64-linux-gnu/libc-2.15.so
7fbed94c4000-7fbed94c6000 rwxp 001b9000 08:05 19926860                   /lib/x86_64-linux-gnu/libc-2.15.so
7fbed94c6000-7fbed94cb000 rwxp 00000000 00:00 0 
7fbed94cb000-7fbed94cd000 r-xp 00000000 08:05 19926873                   /lib/x86_64-linux-gnu/libdl-2.15.so
7fbed94cd000-7fbed96cd000 ---p 00002000 08:05 19926873                   /lib/x86_64-linux-gnu/libdl-2.15.so
7fbed96cd000-7fbed96ce000 r-xp 00002000 08:05 19926873                   /lib/x86_64-linux-gnu/libdl-2.15.so
7fbed96ce000-7fbed96cf000 rwxp 00003000 08:05 19926873                   /lib/x86_64-linux-gnu/libdl-2.15.so
7fbed96cf000-7fbed96e7000 r-xp 00000000 08:05 19926940                   /lib/x86_64-linux-gnu/libpthread-2.15.so
7fbed96e7000-7fbed98e6000 ---p 00018000 08:05 19926940                   /lib/x86_64-linux-gnu/libpthread-2.15.so
7fbed98e6000-7fbed98e7000 r-xp 00017000 08:05 19926940                   /lib/x86_64-linux-gnu/libpthread-2.15.so
7fbed98e7000-7fbed98e8000 rwxp 00018000 08:05 19926940                   /lib/x86_64-linux-gnu/libpthread-2.15.so
7fbed98e8000-7fbed98ec000 rwxp 00000000 00:00 0 
7fbed98ec000-7fbed990e000 r-xp 00000000 08:05 19926840                   /lib/x86_64-linux-gnu/ld-2.15.so
7fbed991b000-7fbed9927000 r-xs 000da000 08:05 5512457                    /home/lpxz/eclipse/workspacePA_icse/soot-One/lib/polyglotclasses-1.3.5.jar
7fbed9927000-7fbed9931000 rwxp 00000000 00:00 0 
7fbed9931000-7fbed99e7000 rwxp 00000000 00:00 0 
7fbed99e7000-7fbed99ea000 rwxp 00000000 00:00 0 
7fbed99ea000-7fbed99f1000 r-xp 00000000 08:05 12330685                   /home/lpxz/pool/jdk1.6.0_26/jre/lib/amd64/jli/libjli.so
7fbed99f1000-7fbed9af2000 ---p 00007000 08:05 12330685                   /home/lpxz/pool/jdk1.6.0_26/jre/lib/amd64/jli/libjli.so
7fbed9af2000-7fbed9af4000 rwxp 00008000 08:05 12330685                   /home/lpxz/pool/jdk1.6.0_26/jre/lib/amd64/jli/libjli.so
7fbed9af4000-7fbed9af5000 rwxp 00000000 00:00 0 
7fbed9af7000-7fbed9afa000 r-xs 0002b000 08:05 5512456                    /home/lpxz/eclipse/workspacePA_icse/soot-One/lib/jasminclasses-2.5.0.jar
7fbed9afa000-7fbed9afe000 r-xs 0001c000 08:05 8915106                    /home/lpxz/eclipse/workspacePA_icse/leap/recorder/lib/junit-4.2.jar
7fbed9afe000-7fbed9b02000 r-xs 000cb000 08:05 14029899                   /home/lpxz/pool/jdk1.6.0_26/jre/lib/ext/localedata.jar
7fbed9b02000-7fbed9b0a000 rwxs 00000000 08:05 24120953                   /tmp/hsperfdata_lpxz/11086
7fbed9b0a000-7fbed9b0b000 rwxp 00000000 00:00 0 
7fbed9b0b000-7fbed9b0c000 r-xp 00000000 00:00 0 
7fbed9b0c000-7fbed9b0e000 rwxp 00000000 00:00 0 
7fbed9b0e000-7fbed9b0f000 r-xp 00022000 08:05 19926840                   /lib/x86_64-linux-gnu/ld-2.15.so
7fbed9b0f000-7fbed9b11000 rwxp 00023000 08:05 19926840                   /lib/x86_64-linux-gnu/ld-2.15.so
7fffe5f64000-7fffe5f85000 rwxp 00000000 00:00 0                          [stack]
7fffe5fad000-7fffe5faf000 r-xp 00000000 00:00 0                          [vdso]
ffffffffff600000-ffffffffff601000 r-xp 00000000 00:00 0                  [vsyscall]

VM Arguments:
jvm_args: -Xverify:none -Xmx14g -Dfile.encoding=UTF-8 
java_command: edu.hkust.leap.record.RecordMain 1025 spec.jbb.JBBmain
Launcher Type: SUN_STANDARD

Environment Variables:
CLASSPATH=.:/home/lpxz/java_standard/lib/dt.jar:/home/lpxz/java_standard/lib/tools.jar:/home/lpxz/java_standard/lib/
PATH=/home/lpxz/bin/:/home/lpxz/workspace/scala/bin/:/home/lpxz/java_standard/jre/bin:/usr/local/sbin:/usr/local/bin:/usr/sbin:/usr/bin:/sbin:/bin:/usr/games:/home/lpxz/java_standard/bin:/home/lpxz/work/ant1.8/bin:/home/lpxz/work/jsPatch/node_modules/nodeunit/bin
LD_LIBRARY_PATH=/home/lpxz/pool/jdk1.6.0_26/jre/lib/amd64/server:/home/lpxz/pool/jdk1.6.0_26/jre/lib/amd64:/home/lpxz/pool/jdk1.6.0_26/jre/../lib/amd64
SHELL=/bin/bash
DISPLAY=:0

Signal Handlers:
SIGSEGV: [libjvm.so+0x85f800], sa_mask[0]=0x7ffbfeff, sa_flags=0x10000004
SIGBUS: [libjvm.so+0x85f800], sa_mask[0]=0x7ffbfeff, sa_flags=0x10000004
SIGFPE: [libjvm.so+0x70e300], sa_mask[0]=0x7ffbfeff, sa_flags=0x10000004
SIGPIPE: [libjvm.so+0x70e300], sa_mask[0]=0x7ffbfeff, sa_flags=0x10000004
SIGXFSZ: [libjvm.so+0x70e300], sa_mask[0]=0x7ffbfeff, sa_flags=0x10000004
SIGILL: [libjvm.so+0x70e300], sa_mask[0]=0x7ffbfeff, sa_flags=0x10000004
SIGUSR1: SIG_DFL, sa_mask[0]=0x00000000, sa_flags=0x00000000
SIGUSR2: [libjvm.so+0x711110], sa_mask[0]=0x00000004, sa_flags=0x10000004
SIGHUP: [libjvm.so+0x710d10], sa_mask[0]=0x7ffbfeff, sa_flags=0x10000004
SIGINT: [libjvm.so+0x710d10], sa_mask[0]=0x7ffbfeff, sa_flags=0x10000004
SIGTERM: [libjvm.so+0x710d10], sa_mask[0]=0x7ffbfeff, sa_flags=0x10000004
SIGQUIT: [libjvm.so+0x710d10], sa_mask[0]=0x7ffbfeff, sa_flags=0x10000004


---------------  S Y S T E M  ---------------

OS:wheezy/sid

uname:Linux 3.11.0-18-generic #32~precise1-Ubuntu SMP Thu Feb 20 17:52:10 UTC 2014 x86_64
libc:glibc 2.15 NPTL 2.15 
rlimit: STACK 8192k, CORE 0k, NPROC 127328, NOFILE 4096, AS infinity
load average:0.34 0.27 0.26

/proc/meminfo:
MemTotal:       16317216 kB
MemFree:         8243320 kB
Buffers:          302788 kB
Cached:          4238292 kB
SwapCached:            0 kB
Active:          4755384 kB
Inactive:        2551408 kB
Active(anon):    2413656 kB
Inactive(anon):  1015056 kB
Active(file):    2341728 kB
Inactive(file):  1536352 kB
Unevictable:         120 kB
Mlocked:             120 kB
SwapTotal:      16659452 kB
SwapFree:       16659304 kB
Dirty:               588 kB
Writeback:             0 kB
AnonPages:       2765980 kB
Mapped:           315044 kB
Shmem:            663000 kB
Slab:             569448 kB
SReclaimable:     520544 kB
SUnreclaim:        48904 kB
KernelStack:        5960 kB
PageTables:        46564 kB
NFS_Unstable:          0 kB
Bounce:                0 kB
WritebackTmp:          0 kB
CommitLimit:    24818060 kB
Committed_AS:    8278336 kB
VmallocTotal:   34359738367 kB
VmallocUsed:      376468 kB
VmallocChunk:   34359359064 kB
HardwareCorrupted:     0 kB
AnonHugePages:         0 kB
HugePages_Total:       0
HugePages_Free:        0
HugePages_Rsvd:        0
HugePages_Surp:        0
Hugepagesize:       2048 kB
DirectMap4k:       78672 kB
DirectMap2M:    16582656 kB


CPU:total 8 (4 cores per cpu, 2 threads per core) family 6 model 58 stepping 9, cmov, cx8, fxsr, mmx, sse, sse2, sse3, ssse3, sse4.1, sse4.2, popcnt, ht

/proc/cpuinfo:
processor	: 0
vendor_id	: GenuineIntel
cpu family	: 6
model		: 58
model name	: Intel(R) Core(TM) i7-3770 CPU @ 3.40GHz
stepping	: 9
microcode	: 0x16
cpu MHz		: 1600.000
cache size	: 8192 KB
physical id	: 0
siblings	: 8
core id		: 0
cpu cores	: 4
apicid		: 0
initial apicid	: 0
fpu		: yes
fpu_exception	: yes
cpuid level	: 13
wp		: yes
flags		: fpu vme de pse tsc msr pae mce cx8 apic sep mtrr pge mca cmov pat pse36 clflush dts acpi mmx fxsr sse sse2 ss ht tm pbe syscall nx rdtscp lm constant_tsc arch_perfmon pebs bts rep_good nopl xtopology nonstop_tsc aperfmperf eagerfpu pni pclmulqdq dtes64 monitor ds_cpl vmx smx est tm2 ssse3 cx16 xtpr pdcm pcid sse4_1 sse4_2 x2apic popcnt tsc_deadline_timer aes xsave avx f16c rdrand lahf_lm ida arat epb xsaveopt pln pts dtherm tpr_shadow vnmi flexpriority ept vpid fsgsbase smep erms
bogomips	: 6784.09
clflush size	: 64
cache_alignment	: 64
address sizes	: 36 bits physical, 48 bits virtual
power management:

processor	: 1
vendor_id	: GenuineIntel
cpu family	: 6
model		: 58
model name	: Intel(R) Core(TM) i7-3770 CPU @ 3.40GHz
stepping	: 9
microcode	: 0x16
cpu MHz		: 1600.000
cache size	: 8192 KB
physical id	: 0
siblings	: 8
core id		: 1
cpu cores	: 4
apicid		: 2
initial apicid	: 2
fpu		: yes
fpu_exception	: yes
cpuid level	: 13
wp		: yes
flags		: fpu vme de pse tsc msr pae mce cx8 apic sep mtrr pge mca cmov pat pse36 clflush dts acpi mmx fxsr sse sse2 ss ht tm pbe syscall nx rdtscp lm constant_tsc arch_perfmon pebs bts rep_good nopl xtopology nonstop_tsc aperfmperf eagerfpu pni pclmulqdq dtes64 monitor ds_cpl vmx smx est tm2 ssse3 cx16 xtpr pdcm pcid sse4_1 sse4_2 x2apic popcnt tsc_deadline_timer aes xsave avx f16c rdrand lahf_lm ida arat epb xsaveopt pln pts dtherm tpr_shadow vnmi flexpriority ept vpid fsgsbase smep erms
bogomips	: 6784.09
clflush size	: 64
cache_alignment	: 64
address sizes	: 36 bits physical, 48 bits virtual
power management:

processor	: 2
vendor_id	: GenuineIntel
cpu family	: 6
model		: 58
model name	: Intel(R) Core(TM) i7-3770 CPU @ 3.40GHz
stepping	: 9
microcode	: 0x16
cpu MHz		: 1600.000
cache size	: 8192 KB
physical id	: 0
siblings	: 8
core id		: 2
cpu cores	: 4
apicid		: 4
initial apicid	: 4
fpu		: yes
fpu_exception	: yes
cpuid level	: 13
wp		: yes
flags		: fpu vme de pse tsc msr pae mce cx8 apic sep mtrr pge mca cmov pat pse36 clflush dts acpi mmx fxsr sse sse2 ss ht tm pbe syscall nx rdtscp lm constant_tsc arch_perfmon pebs bts rep_good nopl xtopology nonstop_tsc aperfmperf eagerfpu pni pclmulqdq dtes64 monitor ds_cpl vmx smx est tm2 ssse3 cx16 xtpr pdcm pcid sse4_1 sse4_2 x2apic popcnt tsc_deadline_timer aes xsave avx f16c rdrand lahf_lm ida arat epb xsaveopt pln pts dtherm tpr_shadow vnmi flexpriority ept vpid fsgsbase smep erms
bogomips	: 6784.09
clflush size	: 64
cache_alignment	: 64
address sizes	: 36 bits physical, 48 bits virtual
power management:

processor	: 3
vendor_id	: GenuineIntel
cpu family	: 6
model		: 58
model name	: Intel(R) Core(TM) i7-3770 CPU @ 3.40GHz
stepping	: 9
microcode	: 0x16
cpu MHz		: 1600.000
cache size	: 8192 KB
physical id	: 0
siblings	: 8
core id		: 3
cpu cores	: 4
apicid		: 6
initial apicid	: 6
fpu		: yes
fpu_exception	: yes
cpuid level	: 13
wp		: yes
flags		: fpu vme de pse tsc msr pae mce cx8 apic sep mtrr pge mca cmov pat pse36 clflush dts acpi mmx fxsr sse sse2 ss ht tm pbe syscall nx rdtscp lm constant_tsc arch_perfmon pebs bts rep_good nopl xtopology nonstop_tsc aperfmperf eagerfpu pni pclmulqdq dtes64 monitor ds_cpl vmx smx est tm2 ssse3 cx16 xtpr pdcm pcid sse4_1 sse4_2 x2apic popcnt tsc_deadline_timer aes xsave avx f16c rdrand lahf_lm ida arat epb xsaveopt pln pts dtherm tpr_shadow vnmi flexpriority ept vpid fsgsbase smep erms
bogomips	: 6784.09
clflush size	: 64
cache_alignment	: 64
address sizes	: 36 bits physical, 48 bits virtual
power management:

processor	: 4
vendor_id	: GenuineIntel
cpu family	: 6
model		: 58
model name	: Intel(R) Core(TM) i7-3770 CPU @ 3.40GHz
stepping	: 9
microcode	: 0x16
cpu MHz		: 1600.000
cache size	: 8192 KB
physical id	: 0
siblings	: 8
core id		: 0
cpu cores	: 4
apicid		: 1
initial apicid	: 1
fpu		: yes
fpu_exception	: yes
cpuid level	: 13
wp		: yes
flags		: fpu vme de pse tsc msr pae mce cx8 apic sep mtrr pge mca cmov pat pse36 clflush dts acpi mmx fxsr sse sse2 ss ht tm pbe syscall nx rdtscp lm constant_tsc arch_perfmon pebs bts rep_good nopl xtopology nonstop_tsc aperfmperf eagerfpu pni pclmulqdq dtes64 monitor ds_cpl vmx smx est tm2 ssse3 cx16 xtpr pdcm pcid sse4_1 sse4_2 x2apic popcnt tsc_deadline_timer aes xsave avx f16c rdrand lahf_lm ida arat epb xsaveopt pln pts dtherm tpr_shadow vnmi flexpriority ept vpid fsgsbase smep erms
bogomips	: 6784.09
clflush size	: 64
cache_alignment	: 64
address sizes	: 36 bits physical, 48 bits virtual
power management:

processor	: 5
vendor_id	: GenuineIntel
cpu family	: 6
model		: 58
model name	: Intel(R) Core(TM) i7-3770 CPU @ 3.40GHz
stepping	: 9
microcode	: 0x16
cpu MHz		: 3401.000
cache size	: 8192 KB
physical id	: 0
siblings	: 8
core id		: 1
cpu cores	: 4
apicid		: 3
initial apicid	: 3
fpu		: yes
fpu_exception	: yes
cpuid level	: 13
wp		: yes
flags		: fpu vme de pse tsc msr pae mce cx8 apic sep mtrr pge mca cmov pat pse36 clflush dts acpi mmx fxsr sse sse2 ss ht tm pbe syscall nx rdtscp lm constant_tsc arch_perfmon pebs bts rep_good nopl xtopology nonstop_tsc aperfmperf eagerfpu pni pclmulqdq dtes64 monitor ds_cpl vmx smx est tm2 ssse3 cx16 xtpr pdcm pcid sse4_1 sse4_2 x2apic popcnt tsc_deadline_timer aes xsave avx f16c rdrand lahf_lm ida arat epb xsaveopt pln pts dtherm tpr_shadow vnmi flexpriority ept vpid fsgsbase smep erms
bogomips	: 6784.09
clflush size	: 64
cache_alignment	: 64
address sizes	: 36 bits physical, 48 bits virtual
power management:

processor	: 6
vendor_id	: GenuineIntel
cpu family	: 6
model		: 58
model name	: Intel(R) Core(TM) i7-3770 CPU @ 3.40GHz
stepping	: 9
microcode	: 0x16
cpu MHz		: 1600.000
cache size	: 8192 KB
physical id	: 0
siblings	: 8
core id		: 2
cpu cores	: 4
apicid		: 5
initial apicid	: 5
fpu		: yes
fpu_exception	: yes
cpuid level	: 13
wp		: yes
flags		: fpu vme de pse tsc msr pae mce cx8 apic sep mtrr pge mca cmov pat pse36 clflush dts acpi mmx fxsr sse sse2 ss ht tm pbe syscall nx rdtscp lm constant_tsc arch_perfmon pebs bts rep_good nopl xtopology nonstop_tsc aperfmperf eagerfpu pni pclmulqdq dtes64 monitor ds_cpl vmx smx est tm2 ssse3 cx16 xtpr pdcm pcid sse4_1 sse4_2 x2apic popcnt tsc_deadline_timer aes xsave avx f16c rdrand lahf_lm ida arat epb xsaveopt pln pts dtherm tpr_shadow vnmi flexpriority ept vpid fsgsbase smep erms
bogomips	: 6784.09
clflush size	: 64
cache_alignment	: 64
address sizes	: 36 bits physical, 48 bits virtual
power management:

processor	: 7
vendor_id	: GenuineIntel
cpu family	: 6
model		: 58
model name	: Intel(R) Core(TM) i7-3770 CPU @ 3.40GHz
stepping	: 9
microcode	: 0x16
cpu MHz		: 3401.000
cache size	: 8192 KB
physical id	: 0
siblings	: 8
core id		: 3
cpu cores	: 4
apicid		: 7
initial apicid	: 7
fpu		: yes
fpu_exception	: yes
cpuid level	: 13
wp		: yes
flags		: fpu vme de pse tsc msr pae mce cx8 apic sep mtrr pge mca cmov pat pse36 clflush dts acpi mmx fxsr sse sse2 ss ht tm pbe syscall nx rdtscp lm constant_tsc arch_perfmon pebs bts rep_good nopl xtopology nonstop_tsc aperfmperf eagerfpu pni pclmulqdq dtes64 monitor ds_cpl vmx smx est tm2 ssse3 cx16 xtpr pdcm pcid sse4_1 sse4_2 x2apic popcnt tsc_deadline_timer aes xsave avx f16c rdrand lahf_lm ida arat epb xsaveopt pln pts dtherm tpr_shadow vnmi flexpriority ept vpid fsgsbase smep erms
bogomips	: 6784.09
clflush size	: 64
cache_alignment	: 64
address sizes	: 36 bits physical, 48 bits virtual
power management:



Memory: 4k page, physical 16317216k(8242948k free), swap 16659452k(16659304k free)

vm_info: Java HotSpot(TM) 64-Bit Server VM (20.1-b02) for linux-amd64 JRE (1.6.0_26-b03), built on May  4 2011 01:13:47 by "java_re" with gcc 3.2.2 (SuSE Linux)

time: Mon Oct 20 17:29:38 2014
elapsed time: 0 seconds

