#
# A fatal error has been detected by the Java Runtime Environment:
#
#  SIGSEGV (0xb) at pc=0x00007f07d41e4467, pid=29267, tid=139671550818048
#
# JRE version: Java(TM) SE Runtime Environment (7.0_51-b13) (build 1.7.0_51-b13)
# Java VM: Java HotSpot(TM) 64-Bit Server VM (24.51-b03 mixed mode linux-amd64 compressed oops)
# Problematic frame:
# V  [libjvm.so+0x87b467]  oopDesc* PSPromotionManager::copy_to_survivor_space<false>(oopDesc*)+0x177
#
# Failed to write core dump. Core dumps have been disabled. To enable core dumping, try "ulimit -c unlimited" before starting Java again
#
# If you would like to submit a bug report, please visit:
#   http://bugreport.sun.com/bugreport/crash.jsp
#

---------------  T H R E A D  ---------------

Current thread (0x00007f07cc02b000):  GCTaskThread [stack: 0x00007f07d11bf000,0x00007f07d12c0000] [id=29279]

siginfo:si_signo=SIGSEGV: si_errno=0, si_code=1 (SEGV_MAPERR), si_addr=0x0000000000000018

Registers:
RAX=0x00007f07d477b6a0, RBX=0x000000070b9d1e28, RCX=0x0000000000000003, RDX=0x0000000000000000
RSP=0x00007f07d12be940, RBP=0x00007f07d12be9b0, RSI=0x00000007c1ddc608, RDI=0x0000000000000010
R8 =0x0000000000000001, R9 =0x00007f07d4796e58, R10=0x00007f07d4768ed1, R11=0x00007f07d12be960
R12=0x00000007c1ddc608, R13=0x0000000000000000, R14=0x0000000000000000, R15=0x00007f07cc070190
RIP=0x00007f07d41e4467, EFLAGS=0x0000000000010246, CSGSFS=0x0000000000000033, ERR=0x0000000000000004
  TRAPNO=0x000000000000000e

Top of Stack: (sp=0x00007f07d12be940)
0x00007f07d12be940:   00007f07cc070120 00007f07d4796e58
0x00007f07d12be950:   0000000000000010 00007f07cc070120
0x00007f07d12be960:   000000070b9d1e6d 0000000000000400
0x00007f07d12be970:   00000007b13b849a 0000000000001000
0x00007f07d12be980:   00000007b2c9a5b8 000000070b9d1e28
0x00007f07d12be990:   00007f07cc070120 00007f07d477b6a0
0x00007f07d12be9a0:   0000000000000000 00007f07cc070190
0x00007f07d12be9b0:   00007f07d12beaa0 00007f07d41e3c78
0x00007f07d12be9c0:   0000000706bba7c0 00007f07d12bea30
0x00007f07d12be9d0:   00007f07d12bea40 00007f07d12bea00
0x00007f07d12be9e0:   00007f07d12bea10 00007f07d12bea60
0x00007f07d12be9f0:   01007f07cc070150 00007f07cc0701c0
0x00007f07d12bea00:   00000007b1497518 0000000000000001
0x00007f07d12bea10:   0000000000000001 0000000000000009
0x00007f07d12bea20:   00007f07d12beaa0 00007f07d41e8550
0x00007f07d12bea30:   000000220000000f 00007f07d4796e58
0x00007f07d12bea40:   0000007f00000004 00007f07d12bea60
0x00007f07d12bea50:   0000008000000004 0000000000000400
0x00007f07d12bea60:   000000070b9d1e29 0000000000001000
0x00007f07d12bea70:   00007f07d474f730 00000007ae875180
0x00007f07d12bea80:   00007f07cc06f690 0000000000000006
0x00007f07d12bea90:   00007f07d12beac0 00007f07d12beacc
0x00007f07d12beaa0:   00007f07d12beb00 00007f07d41e7a2e
0x00007f07d12beab0:   00007f07740d5110 00007f07cc070120
0x00007f07d12beac0:   00000007ae875182 115daf1dd3eb8a47
0x00007f07d12bead0:   00007f07d12beb00 00007f07740d5110
0x00007f07d12beae0:   00007f07cc02b000 0000000000000001
0x00007f07d12beaf0:   00007f07cc02b400 00007f07d436e6e7
0x00007f07d12beb00:   00007f07d12bec10 00007f07d3eb9f6f
0x00007f07d12beb10:   0000000000000000 00007f07d12beb50
0x00007f07d12beb20:   00007f07d12bebd0 0000000000000000
0x00007f07d12beb30:   00007f07cc02b430 00007f07cc02b440 

Instructions: (pc=0x00007f07d41e4467)
0x00007f07d41e4447:   83 f8 05 75 d3 31 db eb d6 48 8b 05 21 a5 57 00
0x00007f07d41e4457:   8b 56 08 8b 48 08 48 d3 e2 48 03 10 48 8d 7a 10
0x00007f07d41e4467:   8b 77 08 83 fe 00 0f 8f db fe ff ff 0f 85 07 03
0x00007f07d41e4477:   00 00 0f 1f 80 00 00 00 00 48 8b 07 4c 89 e6 4c 

Register to memory mapping:

RAX=0x00007f07d477b6a0: <offset 0xe126a0> in /home/lpxz/pool/jdk1.7/jre/lib/amd64/server/libjvm.so at 0x00007f07d3969000
RBX=0x000000070b9d1e28 is pointing into object: 0x000000070b994f20
[Ljava.lang.Object; 
 - klass: 'java/lang/Object'[]
 - length: 81920
RCX=0x0000000000000003 is an unknown value
RDX=0x0000000000000000 is an unknown value
RSP=0x00007f07d12be940 is an unknown value
RBP=0x00007f07d12be9b0 is an unknown value
RSI=0x00000007c1ddc608 is an unallocated location in the heap
RDI=0x0000000000000010 is an unknown value
R8 =0x0000000000000001 is an unknown value
R9 =0x00007f07d4796e58: <offset 0xe2de58> in /home/lpxz/pool/jdk1.7/jre/lib/amd64/server/libjvm.so at 0x00007f07d3969000
R10=0x00007f07d4768ed1: <offset 0xdffed1> in /home/lpxz/pool/jdk1.7/jre/lib/amd64/server/libjvm.so at 0x00007f07d3969000
R11=0x00007f07d12be960 is an unknown value
R12=0x00000007c1ddc608 is an unallocated location in the heap
R13=0x0000000000000000 is an unknown value
R14=0x0000000000000000 is an unknown value
R15=0x00007f07cc070190 is an unknown value


Stack: [0x00007f07d11bf000,0x00007f07d12c0000],  sp=0x00007f07d12be940,  free space=1022k
Native frames: (J=compiled Java code, j=interpreted, Vv=VM code, C=native code)
V  [libjvm.so+0x87b467]  oopDesc* PSPromotionManager::copy_to_survivor_space<false>(oopDesc*)+0x177
V  [libjvm.so+0x87ac78]  PSPromotionManager::drain_stacks_depth(bool)+0x7f8
V  [libjvm.so+0x87ea2e]  StealTask::do_it(GCTaskManager*, unsigned int)+0x19e
V  [libjvm.so+0x550f6f]  GCTaskThread::run()+0x12f
V  [libjvm.so+0x815538]  java_start(Thread*)+0x108


---------------  P R O C E S S  ---------------

Java Threads: ( => current thread )
  0x00007f07cc16a000 JavaThread "Thread-8" [_thread_blocked, id=29297, stack(0x00007f07c1cdd000,0x00007f07c1dde000)]
  0x00007f07cc168000 JavaThread "Thread-7" [_thread_blocked, id=29296, stack(0x00007f07c1dde000,0x00007f07c1edf000)]
  0x00007f07cc166000 JavaThread "Thread-6" [_thread_blocked, id=29295, stack(0x00007f07c1edf000,0x00007f07c1fe0000)]
  0x00007f07cc164000 JavaThread "Thread-5" [_thread_blocked, id=29294, stack(0x00007f07c1fe0000,0x00007f07c20e1000)]
  0x00007f07cc162000 JavaThread "Thread-4" [_thread_blocked, id=29293, stack(0x00007f07c20e1000,0x00007f07c21e2000)]
  0x00007f07cc15e000 JavaThread "Thread-3" [_thread_blocked, id=29292, stack(0x00007f07c21e2000,0x00007f07c22e3000)]
  0x00007f07cc15c000 JavaThread "Thread-2" [_thread_blocked, id=29291, stack(0x00007f07c22e3000,0x00007f07c23e4000)]
  0x00007f07cc15b000 JavaThread "Thread-1" [_thread_blocked, id=29290, stack(0x00007f07c23e4000,0x00007f07c24e5000)]
  0x00007f07cc09f000 JavaThread "Service Thread" daemon [_thread_blocked, id=29287, stack(0x00007f07c2a0e000,0x00007f07c2b0f000)]
  0x00007f07cc09c800 JavaThread "C2 CompilerThread1" daemon [_thread_blocked, id=29286, stack(0x00007f07c2b0f000,0x00007f07c2c10000)]
  0x00007f07cc09a000 JavaThread "C2 CompilerThread0" daemon [_thread_blocked, id=29285, stack(0x00007f07c2c10000,0x00007f07c2d11000)]
  0x00007f07cc08f800 JavaThread "Signal Dispatcher" daemon [_thread_blocked, id=29284, stack(0x00007f07c2d11000,0x00007f07c2e12000)]
  0x00007f07cc078800 JavaThread "Finalizer" daemon [_thread_blocked, id=29283, stack(0x00007f07c34f5000,0x00007f07c35f6000)]
  0x00007f07cc074800 JavaThread "Reference Handler" daemon [_thread_blocked, id=29282, stack(0x00007f07c35f6000,0x00007f07c36f7000)]
  0x00007f07cc00a000 JavaThread "main" [_thread_blocked, id=29272, stack(0x00007f07d52c6000,0x00007f07d53c7000)]

Other Threads:
  0x00007f07cc072800 VMThread [stack: 0x00007f07c36f7000,0x00007f07c37f8000] [id=29281]
  0x00007f07cc0aa000 WatcherThread [stack: 0x00007f07c290d000,0x00007f07c2a0e000] [id=29288]

=>0x00007f07cc02b000 (exited) GCTaskThread [stack: 0x00007f07d11bf000,0x00007f07d12c0000] [id=29279]

VM state:at safepoint (normal execution)

VM Mutex/Monitor currently owned by a thread:  ([mutex/lock_event])
[0x00007f07cc006430] Threads_lock - owner thread: 0x00007f07cc072800
[0x00007f07cc006930] Heap_lock - owner thread: 0x00007f07cc15e000

Heap
 PSYoungGen      total 73216K, used 53606K [0x00000007ae800000, 0x00000007b3980000, 0x0000000800000000)
  eden space 62976K, 85% used [0x00000007ae800000,0x00000007b1c59ae8,0x00000007b2580000)
  from space 10240K, 0% used [0x00000007b2f80000,0x00000007b2f80000,0x00000007b3980000)
  to   space 10240K, 99% used [0x00000007b2580000,0x00000007b2f7c020,0x00000007b2f80000)
 ParOldGen       total 166912K, used 19653K [0x000000070b800000, 0x0000000715b00000, 0x00000007ae800000)
  object space 166912K, 11% used [0x000000070b800000,0x000000070cb33630,0x0000000715b00000)
 PSPermGen       total 21504K, used 6032K [0x0000000706600000, 0x0000000707b00000, 0x000000070b800000)
  object space 21504K, 28% used [0x0000000706600000,0x0000000706be40b8,0x0000000707b00000)

Card table byte_map: [0x00007f07d1e07000,0x00007f07d25d5000] byte_map_base: 0x00007f07ce5d4000

Polling page: 0x00007f07d53e6000

Code Cache  [0x00007f07c9000000, 0x00007f07c9270000, 0x00007f07cc000000)
 total_blobs=406 nmethods=128 adapters=231 free_code_cache=48472Kb largest_free_block=49609408

Compilation events (10 events):
Event: 0.646 Thread 0x00007f07cc09c800 nmethod 125 0x00007f07c90a8fd0 code [0x00007f07c90a91c0, 0x00007f07c90a9770]
Event: 0.646 Thread 0x00007f07cc09c800  126             spec.jbb.Orderline::getAmount (5 bytes)
Event: 0.646 Thread 0x00007f07cc09c800 nmethod 126 0x00007f07c90aa3d0 code [0x00007f07c90aa500, 0x00007f07c90aa578]
Event: 0.649 Thread 0x00007f07cc09c800  127             java.math.BigDecimal::checkScale (74 bytes)
Event: 0.650 Thread 0x00007f07cc09c800 nmethod 127 0x00007f07c90aa150 code [0x00007f07c90aa280, 0x00007f07c90aa338]
Event: 0.652 Thread 0x00007f07cc09c800  128             spec.jbb.infra.Util.TransactionLogBuffer::privIntLeadingZeros (78 bytes)
Event: 0.653 Thread 0x00007f07cc09a000 nmethod 115 0x00007f07c90ad490 code [0x00007f07c90ad7c0, 0x00007f07c90aec70]
Event: 0.654 Thread 0x00007f07cc09c800 nmethod 128 0x00007f07c90a5c10 code [0x00007f07c90a5d60, 0x00007f07c90a5f68]
Event: 0.699 Thread 0x00007f07cc09a000  129             java.lang.ref.Reference::get (5 bytes)
Event: 0.700 Thread 0x00007f07cc09a000 nmethod 129 0x00007f07c90a5a10 code [0x00007f07c90a5b40, 0x00007f07c90a5bb8]

GC Heap History (1 events):
Event: 0.702 GC heap before
{Heap before GC invocations=1 (full 0):
 PSYoungGen      total 73216K, used 53606K [0x00000007ae800000, 0x00000007b3980000, 0x0000000800000000)
  eden space 62976K, 85% used [0x00000007ae800000,0x00000007b1c59ae8,0x00000007b2580000)
  from space 10240K, 0% used [0x00000007b2f80000,0x00000007b2f80000,0x00000007b3980000)
  to   space 10240K, 0% used [0x00000007b2580000,0x00000007b2580000,0x00000007b2f80000)
 ParOldGen       total 166912K, used 0K [0x000000070b800000, 0x0000000715b00000, 0x00000007ae800000)
  object space 166912K, 0% used [0x000000070b800000,0x000000070b800000,0x0000000715b00000)
 PSPermGen       total 21504K, used 6032K [0x0000000706600000, 0x0000000707b00000, 0x000000070b800000)
  object space 21504K, 28% used [0x0000000706600000,0x0000000706be40b8,0x0000000707b00000)

Deoptimization events (2 events):
Event: 0.072 Thread 0x00007f07cc00a000 Uncommon trap: reason=unreached action=reinterpret pc=0x00007f07c9063094 method=edu.hkust.leap.monitor.RecordMonitor.initialize(I)V @ 349
Event: 0.077 Thread 0x00007f07cc00a000 Uncommon trap: reason=unloaded action=reinterpret pc=0x00007f07c9062bb0 method=edu.hkust.leap.monitor.RecordMonitor.initialize(I)V @ 352

Internal exceptions (10 events):
Event: 0.137 Thread 0x00007f07cc00a000 Threw 0x00000007af9c6b58 at /HUDSON/workspace/7u-2-build-linux-amd64@2/jdk7u51/527/hotspot/src/share/vm/prims/jvm.cpp:1244
Event: 0.139 Thread 0x00007f07cc00a000 Threw 0x00000007af9cdaf8 at /HUDSON/workspace/7u-2-build-linux-amd64@2/jdk7u51/527/hotspot/src/share/vm/prims/jvm.cpp:1244
Event: 0.140 Thread 0x00007f07cc00a000 Threw 0x00000007af9dd868 at /HUDSON/workspace/7u-2-build-linux-amd64@2/jdk7u51/527/hotspot/src/share/vm/prims/jvm.cpp:1244
Event: 0.146 Thread 0x00007f07cc00a000 Threw 0x00000007afa03b00 at /HUDSON/workspace/7u-2-build-linux-amd64@2/jdk7u51/527/hotspot/src/share/vm/prims/jvm.cpp:1244
Event: 0.146 Thread 0x00007f07cc00a000 Threw 0x00000007afa07770 at /HUDSON/workspace/7u-2-build-linux-amd64@2/jdk7u51/527/hotspot/src/share/vm/prims/jvm.cpp:1244
Event: 0.147 Thread 0x00007f07cc00a000 Threw 0x00000007afa18f28 at /HUDSON/workspace/7u-2-build-linux-amd64@2/jdk7u51/527/hotspot/src/share/vm/prims/jvm.cpp:1244
Event: 0.172 Thread 0x00007f07cc00a000 Threw 0x00000007afa6fb90 at /HUDSON/workspace/7u-2-build-linux-amd64@2/jdk7u51/527/hotspot/src/share/vm/prims/jvm.cpp:1244
Event: 0.173 Thread 0x00007f07cc00a000 Threw 0x00000007afa76dd0 at /HUDSON/workspace/7u-2-build-linux-amd64@2/jdk7u51/527/hotspot/src/share/vm/prims/jvm.cpp:1244
Event: 0.213 Thread 0x00007f07cc15b000 Threw 0x00000007afd20b78 at /HUDSON/workspace/7u-2-build-linux-amd64@2/jdk7u51/527/hotspot/src/share/vm/prims/jvm.cpp:1244
Event: 0.231 Thread 0x00007f07cc168000 Threw 0x00000007b04a30c0 at /HUDSON/workspace/7u-2-build-linux-amd64@2/jdk7u51/527/hotspot/src/share/vm/prims/jvm.cpp:1244

Events (10 events):
Event: 0.233 loading class 0x00007f0774106780 done
Event: 0.233 loading class 0x00007f07740cb620
Event: 0.233 loading class 0x00007f07740cb620 done
Event: 0.235 loading class 0x00007f07d08424d0
Event: 0.235 loading class 0x00007f07d08424d0 done
Event: 0.235 loading class 0x00007f07740c8b10
Event: 0.235 loading class 0x00007f07740c8b10 done
Event: 0.235 loading class 0x00007f076809f460
Event: 0.235 loading class 0x00007f076809f460 done
Event: 0.701 Executing VM operation: ParallelGCFailedAllocation


Dynamic libraries:
00400000-00401000 r-xp 00000000 08:08 3802540                            /home/lpxz/pool/jdk1.7/bin/java
00600000-00601000 rw-p 00000000 08:08 3802540                            /home/lpxz/pool/jdk1.7/bin/java
01995000-019b6000 rw-p 00000000 00:00 0                                  [heap]
706600000-707b00000 rw-p 00000000 00:00 0 
707b00000-70b800000 rw-p 00000000 00:00 0 
70b800000-715b00000 rw-p 00000000 00:00 0 
715b00000-7ae800000 rw-p 00000000 00:00 0 
7ae800000-7b3980000 rw-p 00000000 00:00 0 
7b3980000-800000000 rw-p 00000000 00:00 0 
7f0740000000-7f0740021000 rw-p 00000000 00:00 0 
7f0740021000-7f0744000000 ---p 00000000 00:00 0 
7f0748000000-7f0748021000 rw-p 00000000 00:00 0 
7f0748021000-7f074c000000 ---p 00000000 00:00 0 
7f074c000000-7f074c021000 rw-p 00000000 00:00 0 
7f074c021000-7f0750000000 ---p 00000000 00:00 0 
7f0750000000-7f0750021000 rw-p 00000000 00:00 0 
7f0750021000-7f0754000000 ---p 00000000 00:00 0 
7f0754000000-7f0754021000 rw-p 00000000 00:00 0 
7f0754021000-7f0758000000 ---p 00000000 00:00 0 
7f0758000000-7f0758021000 rw-p 00000000 00:00 0 
7f0758021000-7f075c000000 ---p 00000000 00:00 0 
7f075c000000-7f075c021000 rw-p 00000000 00:00 0 
7f075c021000-7f0760000000 ---p 00000000 00:00 0 
7f0760000000-7f0760021000 rw-p 00000000 00:00 0 
7f0760021000-7f0764000000 ---p 00000000 00:00 0 
7f0764000000-7f0764021000 rw-p 00000000 00:00 0 
7f0764021000-7f0768000000 ---p 00000000 00:00 0 
7f0768000000-7f076820a000 rw-p 00000000 00:00 0 
7f076820a000-7f076c000000 ---p 00000000 00:00 0 
7f076c000000-7f076c021000 rw-p 00000000 00:00 0 
7f076c021000-7f0770000000 ---p 00000000 00:00 0 
7f0770000000-7f0770021000 rw-p 00000000 00:00 0 
7f0770021000-7f0774000000 ---p 00000000 00:00 0 
7f0774000000-7f0774378000 rw-p 00000000 00:00 0 
7f0774378000-7f0778000000 ---p 00000000 00:00 0 
7f0778000000-7f0778021000 rw-p 00000000 00:00 0 
7f0778021000-7f077c000000 ---p 00000000 00:00 0 
7f077c000000-7f077c021000 rw-p 00000000 00:00 0 
7f077c021000-7f0780000000 ---p 00000000 00:00 0 
7f0780000000-7f0780021000 rw-p 00000000 00:00 0 
7f0780021000-7f0784000000 ---p 00000000 00:00 0 
7f0784330000-7f078c000000 rw-p 00000000 00:00 0 
7f078c000000-7f078c021000 rw-p 00000000 00:00 0 
7f078c021000-7f0790000000 ---p 00000000 00:00 0 
7f0794000000-7f0794021000 rw-p 00000000 00:00 0 
7f0794021000-7f0798000000 ---p 00000000 00:00 0 
7f079c000000-7f079c021000 rw-p 00000000 00:00 0 
7f079c021000-7f07a0000000 ---p 00000000 00:00 0 
7f07a4000000-7f07a4021000 rw-p 00000000 00:00 0 
7f07a4021000-7f07a8000000 ---p 00000000 00:00 0 
7f07ac000000-7f07ac021000 rw-p 00000000 00:00 0 
7f07ac021000-7f07b0000000 ---p 00000000 00:00 0 
7f07b4000000-7f07b4021000 rw-p 00000000 00:00 0 
7f07b4021000-7f07b8000000 ---p 00000000 00:00 0 
7f07bc000000-7f07bc021000 rw-p 00000000 00:00 0 
7f07bc021000-7f07c0000000 ---p 00000000 00:00 0 
7f07c1a98000-7f07c1cdd000 rw-p 00000000 00:00 0 
7f07c1cdd000-7f07c1ce0000 ---p 00000000 00:00 0 
7f07c1ce0000-7f07c1dde000 rw-p 00000000 00:00 0 
7f07c1dde000-7f07c1de1000 ---p 00000000 00:00 0 
7f07c1de1000-7f07c1edf000 rw-p 00000000 00:00 0 
7f07c1edf000-7f07c1ee2000 ---p 00000000 00:00 0 
7f07c1ee2000-7f07c1fe0000 rw-p 00000000 00:00 0 
7f07c1fe0000-7f07c1fe3000 ---p 00000000 00:00 0 
7f07c1fe3000-7f07c20e1000 rw-p 00000000 00:00 0 
7f07c20e1000-7f07c20e4000 ---p 00000000 00:00 0 
7f07c20e4000-7f07c21e2000 rw-p 00000000 00:00 0 
7f07c21e2000-7f07c21e5000 ---p 00000000 00:00 0 
7f07c21e5000-7f07c22e3000 rw-p 00000000 00:00 0 
7f07c22e3000-7f07c22e6000 ---p 00000000 00:00 0 
7f07c22e6000-7f07c23e4000 rw-p 00000000 00:00 0 
7f07c23e4000-7f07c23e7000 ---p 00000000 00:00 0 
7f07c23e7000-7f07c24e5000 rw-p 00000000 00:00 0 
7f07c24e5000-7f07c24fb000 r-xp 00000000 08:08 3804245                    /home/lpxz/pool/jdk1.7/jre/lib/amd64/libnet.so
7f07c24fb000-7f07c26fb000 ---p 00016000 08:08 3804245                    /home/lpxz/pool/jdk1.7/jre/lib/amd64/libnet.so
7f07c26fb000-7f07c26fc000 rw-p 00016000 08:08 3804245                    /home/lpxz/pool/jdk1.7/jre/lib/amd64/libnet.so
7f07c26fc000-7f07c270c000 r-xp 00000000 08:08 3804240                    /home/lpxz/pool/jdk1.7/jre/lib/amd64/libnio.so
7f07c270c000-7f07c290c000 ---p 00010000 08:08 3804240                    /home/lpxz/pool/jdk1.7/jre/lib/amd64/libnio.so
7f07c290c000-7f07c290d000 rw-p 00010000 08:08 3804240                    /home/lpxz/pool/jdk1.7/jre/lib/amd64/libnio.so
7f07c290d000-7f07c290e000 ---p 00000000 00:00 0 
7f07c290e000-7f07c2a0e000 rw-p 00000000 00:00 0 
7f07c2a0e000-7f07c2a11000 ---p 00000000 00:00 0 
7f07c2a11000-7f07c2b0f000 rw-p 00000000 00:00 0 
7f07c2b0f000-7f07c2b12000 ---p 00000000 00:00 0 
7f07c2b12000-7f07c2c10000 rw-p 00000000 00:00 0 
7f07c2c10000-7f07c2c13000 ---p 00000000 00:00 0 
7f07c2c13000-7f07c2d11000 rw-p 00000000 00:00 0 
7f07c2d11000-7f07c2d14000 ---p 00000000 00:00 0 
7f07c2d14000-7f07c2e12000 rw-p 00000000 00:00 0 
7f07c2e12000-7f07c34f5000 r--p 00000000 08:08 6297920                    /usr/lib/locale/locale-archive
7f07c34f5000-7f07c34f8000 ---p 00000000 00:00 0 
7f07c34f8000-7f07c35f6000 rw-p 00000000 00:00 0 
7f07c35f6000-7f07c35f9000 ---p 00000000 00:00 0 
7f07c35f9000-7f07c36f7000 rw-p 00000000 00:00 0 
7f07c36f7000-7f07c36f8000 ---p 00000000 00:00 0 
7f07c36f8000-7f07c4000000 rw-p 00000000 00:00 0 
7f07c4000000-7f07c4021000 rw-p 00000000 00:00 0 
7f07c4021000-7f07c8000000 ---p 00000000 00:00 0 
7f07c80c9000-7f07c9000000 rw-p 00000000 00:00 0 
7f07c9000000-7f07c9270000 rwxp 00000000 00:00 0 
7f07c9270000-7f07cc17b000 rw-p 00000000 00:00 0 
7f07cc17b000-7f07d0000000 ---p 00000000 00:00 0 
7f07d0061000-7f07d006b000 r--s 00250000 08:08 3803739                    /home/lpxz/pool/jdk1.7/jre/lib/resources.jar
7f07d006b000-7f07d05ec000 rw-p 00000000 00:00 0 
7f07d05ec000-7f07d07a9000 r--s 039bf000 08:08 3804302                    /home/lpxz/pool/jdk1.7/jre/lib/rt.jar
7f07d07a9000-7f07d10be000 rw-p 00000000 00:00 0 
7f07d10be000-7f07d10bf000 ---p 00000000 00:00 0 
7f07d10bf000-7f07d11bf000 rw-p 00000000 00:00 0 
7f07d11bf000-7f07d11c0000 ---p 00000000 00:00 0 
7f07d11c0000-7f07d12c0000 rw-p 00000000 00:00 0 
7f07d12c0000-7f07d12c1000 ---p 00000000 00:00 0 
7f07d12c1000-7f07d13c1000 rw-p 00000000 00:00 0 
7f07d13c1000-7f07d13c2000 ---p 00000000 00:00 0 
7f07d13c2000-7f07d14c2000 rw-p 00000000 00:00 0 
7f07d14c2000-7f07d14c3000 ---p 00000000 00:00 0 
7f07d14c3000-7f07d15c3000 rw-p 00000000 00:00 0 
7f07d15c3000-7f07d15c4000 ---p 00000000 00:00 0 
7f07d15c4000-7f07d16c4000 rw-p 00000000 00:00 0 
7f07d16c4000-7f07d16c5000 ---p 00000000 00:00 0 
7f07d16c5000-7f07d17c5000 rw-p 00000000 00:00 0 
7f07d17c5000-7f07d17c6000 ---p 00000000 00:00 0 
7f07d17c6000-7f07d18d1000 rw-p 00000000 00:00 0 
7f07d18d1000-7f07d18ef000 rw-p 00000000 00:00 0 
7f07d18ef000-7f07d1941000 rw-p 00000000 00:00 0 
7f07d1941000-7f07d1e07000 rw-p 00000000 00:00 0 
7f07d1e07000-7f07d1e12000 rw-p 00000000 00:00 0 
7f07d1e12000-7f07d1e30000 rw-p 00000000 00:00 0 
7f07d1e30000-7f07d1e82000 rw-p 00000000 00:00 0 
7f07d1e82000-7f07d2348000 rw-p 00000000 00:00 0 
7f07d2348000-7f07d2371000 rw-p 00000000 00:00 0 
7f07d2371000-7f07d25d4000 rw-p 00000000 00:00 0 
7f07d25d4000-7f07d25d5000 rw-p 00000000 00:00 0 
7f07d25d5000-7f07d25ef000 r-xp 00000000 08:08 3804290                    /home/lpxz/pool/jdk1.7/jre/lib/amd64/libzip.so
7f07d25ef000-7f07d27ef000 ---p 0001a000 08:08 3804290                    /home/lpxz/pool/jdk1.7/jre/lib/amd64/libzip.so
7f07d27ef000-7f07d27f0000 rw-p 0001a000 08:08 3804290                    /home/lpxz/pool/jdk1.7/jre/lib/amd64/libzip.so
7f07d27f0000-7f07d27fc000 r-xp 00000000 08:08 12594830                   /lib/x86_64-linux-gnu/libnss_files-2.15.so
7f07d27fc000-7f07d29fb000 ---p 0000c000 08:08 12594830                   /lib/x86_64-linux-gnu/libnss_files-2.15.so
7f07d29fb000-7f07d29fc000 r--p 0000b000 08:08 12594830                   /lib/x86_64-linux-gnu/libnss_files-2.15.so
7f07d29fc000-7f07d29fd000 rw-p 0000c000 08:08 12594830                   /lib/x86_64-linux-gnu/libnss_files-2.15.so
7f07d29fd000-7f07d2a07000 r-xp 00000000 08:08 12594834                   /lib/x86_64-linux-gnu/libnss_nis-2.15.so
7f07d2a07000-7f07d2c07000 ---p 0000a000 08:08 12594834                   /lib/x86_64-linux-gnu/libnss_nis-2.15.so
7f07d2c07000-7f07d2c08000 r--p 0000a000 08:08 12594834                   /lib/x86_64-linux-gnu/libnss_nis-2.15.so
7f07d2c08000-7f07d2c09000 rw-p 0000b000 08:08 12594834                   /lib/x86_64-linux-gnu/libnss_nis-2.15.so
7f07d2c09000-7f07d2c20000 r-xp 00000000 08:08 12594846                   /lib/x86_64-linux-gnu/libnsl-2.15.so
7f07d2c20000-7f07d2e1f000 ---p 00017000 08:08 12594846                   /lib/x86_64-linux-gnu/libnsl-2.15.so
7f07d2e1f000-7f07d2e20000 r--p 00016000 08:08 12594846                   /lib/x86_64-linux-gnu/libnsl-2.15.so
7f07d2e20000-7f07d2e21000 rw-p 00017000 08:08 12594846                   /lib/x86_64-linux-gnu/libnsl-2.15.so
7f07d2e21000-7f07d2e23000 rw-p 00000000 00:00 0 
7f07d2e23000-7f07d2e2b000 r-xp 00000000 08:08 12594828                   /lib/x86_64-linux-gnu/libnss_compat-2.15.so
7f07d2e2b000-7f07d302a000 ---p 00008000 08:08 12594828                   /lib/x86_64-linux-gnu/libnss_compat-2.15.so
7f07d302a000-7f07d302b000 r--p 00007000 08:08 12594828                   /lib/x86_64-linux-gnu/libnss_compat-2.15.so
7f07d302b000-7f07d302c000 rw-p 00008000 08:08 12594828                   /lib/x86_64-linux-gnu/libnss_compat-2.15.so
7f07d302c000-7f07d3055000 r-xp 00000000 08:08 3804274                    /home/lpxz/pool/jdk1.7/jre/lib/amd64/libjava.so
7f07d3055000-7f07d3255000 ---p 00029000 08:08 3804274                    /home/lpxz/pool/jdk1.7/jre/lib/amd64/libjava.so
7f07d3255000-7f07d3257000 rw-p 00029000 08:08 3804274                    /home/lpxz/pool/jdk1.7/jre/lib/amd64/libjava.so
7f07d3257000-7f07d3264000 r-xp 00000000 08:08 3804272                    /home/lpxz/pool/jdk1.7/jre/lib/amd64/libverify.so
7f07d3264000-7f07d3463000 ---p 0000d000 08:08 3804272                    /home/lpxz/pool/jdk1.7/jre/lib/amd64/libverify.so
7f07d3463000-7f07d3465000 rw-p 0000c000 08:08 3804272                    /home/lpxz/pool/jdk1.7/jre/lib/amd64/libverify.so
7f07d3465000-7f07d346c000 r-xp 00000000 08:08 12594833                   /lib/x86_64-linux-gnu/librt-2.15.so
7f07d346c000-7f07d366b000 ---p 00007000 08:08 12594833                   /lib/x86_64-linux-gnu/librt-2.15.so
7f07d366b000-7f07d366c000 r--p 00006000 08:08 12594833                   /lib/x86_64-linux-gnu/librt-2.15.so
7f07d366c000-7f07d366d000 rw-p 00007000 08:08 12594833                   /lib/x86_64-linux-gnu/librt-2.15.so
7f07d366d000-7f07d3768000 r-xp 00000000 08:08 12594837                   /lib/x86_64-linux-gnu/libm-2.15.so
7f07d3768000-7f07d3967000 ---p 000fb000 08:08 12594837                   /lib/x86_64-linux-gnu/libm-2.15.so
7f07d3967000-7f07d3968000 r--p 000fa000 08:08 12594837                   /lib/x86_64-linux-gnu/libm-2.15.so
7f07d3968000-7f07d3969000 rw-p 000fb000 08:08 12594837                   /lib/x86_64-linux-gnu/libm-2.15.so
7f07d3969000-7f07d44cb000 r-xp 00000000 08:08 3804280                    /home/lpxz/pool/jdk1.7/jre/lib/amd64/server/libjvm.so
7f07d44cb000-7f07d46cb000 ---p 00b62000 08:08 3804280                    /home/lpxz/pool/jdk1.7/jre/lib/amd64/server/libjvm.so
7f07d46cb000-7f07d478e000 rw-p 00b62000 08:08 3804280                    /home/lpxz/pool/jdk1.7/jre/lib/amd64/server/libjvm.so
7f07d478e000-7f07d47cf000 rw-p 00000000 00:00 0 
7f07d47cf000-7f07d4984000 r-xp 00000000 08:08 12594826                   /lib/x86_64-linux-gnu/libc-2.15.so
7f07d4984000-7f07d4b84000 ---p 001b5000 08:08 12594826                   /lib/x86_64-linux-gnu/libc-2.15.so
7f07d4b84000-7f07d4b88000 r--p 001b5000 08:08 12594826                   /lib/x86_64-linux-gnu/libc-2.15.so
7f07d4b88000-7f07d4b8a000 rw-p 001b9000 08:08 12594826                   /lib/x86_64-linux-gnu/libc-2.15.so
7f07d4b8a000-7f07d4b8f000 rw-p 00000000 00:00 0 
7f07d4b8f000-7f07d4b91000 r-xp 00000000 08:08 12594841                   /lib/x86_64-linux-gnu/libdl-2.15.so
7f07d4b91000-7f07d4d91000 ---p 00002000 08:08 12594841                   /lib/x86_64-linux-gnu/libdl-2.15.so
7f07d4d91000-7f07d4d92000 r--p 00002000 08:08 12594841                   /lib/x86_64-linux-gnu/libdl-2.15.so
7f07d4d92000-7f07d4d93000 rw-p 00003000 08:08 12594841                   /lib/x86_64-linux-gnu/libdl-2.15.so
7f07d4d93000-7f07d4da9000 r-xp 00000000 08:08 3802605                    /home/lpxz/pool/jdk1.7/lib/amd64/jli/libjli.so
7f07d4da9000-7f07d4fa9000 ---p 00016000 08:08 3802605                    /home/lpxz/pool/jdk1.7/lib/amd64/jli/libjli.so
7f07d4fa9000-7f07d4faa000 rw-p 00016000 08:08 3802605                    /home/lpxz/pool/jdk1.7/lib/amd64/jli/libjli.so
7f07d4faa000-7f07d4fc2000 r-xp 00000000 08:08 12594835                   /lib/x86_64-linux-gnu/libpthread-2.15.so
7f07d4fc2000-7f07d51c1000 ---p 00018000 08:08 12594835                   /lib/x86_64-linux-gnu/libpthread-2.15.so
7f07d51c1000-7f07d51c2000 r--p 00017000 08:08 12594835                   /lib/x86_64-linux-gnu/libpthread-2.15.so
7f07d51c2000-7f07d51c3000 rw-p 00018000 08:08 12594835                   /lib/x86_64-linux-gnu/libpthread-2.15.so
7f07d51c3000-7f07d51c7000 rw-p 00000000 00:00 0 
7f07d51c7000-7f07d51e9000 r-xp 00000000 08:08 12594838                   /lib/x86_64-linux-gnu/ld-2.15.so
7f07d51fa000-7f07d5206000 r--s 000da000 08:08 4477681                    /home/lpxz/eclipse/workspacePA_icse/soot-One/lib/polyglotclasses-1.3.5.jar
7f07d5206000-7f07d5210000 rw-p 00000000 00:00 0 
7f07d5210000-7f07d52c6000 rw-p 00000000 00:00 0 
7f07d52c6000-7f07d52c9000 ---p 00000000 00:00 0 
7f07d52c9000-7f07d53cb000 rw-p 00000000 00:00 0 
7f07d53d5000-7f07d53d6000 rw-p 00000000 00:00 0 
7f07d53d6000-7f07d53d9000 r--s 0002b000 08:08 4477682                    /home/lpxz/eclipse/workspacePA_icse/soot-One/lib/jasminclasses-2.5.0.jar
7f07d53d9000-7f07d53dd000 r--s 000f7000 08:08 3804391                    /home/lpxz/pool/jdk1.7/jre/lib/ext/localedata.jar
7f07d53dd000-7f07d53e5000 rw-s 00000000 08:08 5004849                    /tmp/hsperfdata_lpxz/29267
7f07d53e5000-7f07d53e6000 rw-p 00000000 00:00 0 
7f07d53e6000-7f07d53e7000 ---p 00000000 00:00 0 
7f07d53e7000-7f07d53e9000 rw-p 00000000 00:00 0 
7f07d53e9000-7f07d53ea000 r--p 00022000 08:08 12594838                   /lib/x86_64-linux-gnu/ld-2.15.so
7f07d53ea000-7f07d53ec000 rw-p 00023000 08:08 12594838                   /lib/x86_64-linux-gnu/ld-2.15.so
7fffcb00e000-7fffcb02f000 rw-p 00000000 00:00 0                          [stack]
7fffcb1f7000-7fffcb1f8000 r-xp 00000000 00:00 0                          [vdso]
ffffffffff600000-ffffffffff601000 r-xp 00000000 00:00 0                  [vsyscall]

VM Arguments:
jvm_args: -Xverify:none -Dfile.encoding=UTF-8 
java_command: edu.hkust.leap.record.RecordMain 1000 spec.jbb.JBBmain
Launcher Type: SUN_STANDARD

Environment Variables:
PATH=/usr/local/sbin:/usr/local/bin:/usr/sbin:/usr/bin:/sbin:/bin:/usr/games
LD_LIBRARY_PATH=/home/lpxz/pool/jdk1.7/jre/lib/amd64/server:/home/lpxz/pool/jdk1.7/jre/lib/amd64:/home/lpxz/pool/jdk1.7/jre/../lib/amd64:/usr/lib/jvm/java-6-openjdk-amd64/jre/lib/amd64/server:/usr/lib/jvm/java-6-openjdk-amd64/jre/lib/amd64:/usr/lib/jvm/java-6-openjdk-amd64/jre/../lib/amd64
SHELL=/bin/bash
DISPLAY=:0

Signal Handlers:
SIGSEGV: [libjvm.so+0x993870], sa_mask[0]=0x7ffbfeff, sa_flags=0x10000004
SIGBUS: [libjvm.so+0x993870], sa_mask[0]=0x7ffbfeff, sa_flags=0x10000004
SIGFPE: [libjvm.so+0x8105b0], sa_mask[0]=0x7ffbfeff, sa_flags=0x10000004
SIGPIPE: [libjvm.so+0x8105b0], sa_mask[0]=0x7ffbfeff, sa_flags=0x10000004
SIGXFSZ: [libjvm.so+0x8105b0], sa_mask[0]=0x7ffbfeff, sa_flags=0x10000004
SIGILL: [libjvm.so+0x8105b0], sa_mask[0]=0x7ffbfeff, sa_flags=0x10000004
SIGUSR1: SIG_DFL, sa_mask[0]=0x00000000, sa_flags=0x00000000
SIGUSR2: [libjvm.so+0x811aa0], sa_mask[0]=0x00000004, sa_flags=0x10000004
SIGHUP: [libjvm.so+0x812a10], sa_mask[0]=0x7ffbfeff, sa_flags=0x10000004
SIGINT: [libjvm.so+0x812a10], sa_mask[0]=0x7ffbfeff, sa_flags=0x10000004
SIGTERM: [libjvm.so+0x812a10], sa_mask[0]=0x7ffbfeff, sa_flags=0x10000004
SIGQUIT: [libjvm.so+0x812a10], sa_mask[0]=0x7ffbfeff, sa_flags=0x10000004


---------------  S Y S T E M  ---------------

OS:wheezy/sid

uname:Linux 3.2.0-29-generic #46-Ubuntu SMP Fri Jul 27 17:03:23 UTC 2012 x86_64
libc:glibc 2.15 NPTL 2.15 
rlimit: STACK 8192k, CORE 0k, NPROC 125044, NOFILE 4096, AS infinity
load average:0.54 0.72 0.67

/proc/meminfo:
MemTotal:       16023348 kB
MemFree:         6978688 kB
Buffers:          950444 kB
Cached:          4297744 kB
SwapCached:            0 kB
Active:          5105856 kB
Inactive:        2493516 kB
Active(anon):    2426444 kB
Inactive(anon):   167092 kB
Active(file):    2679412 kB
Inactive(file):  2326424 kB
Unevictable:           0 kB
Mlocked:               0 kB
SwapTotal:      62944092 kB
SwapFree:       62944092 kB
Dirty:              1372 kB
Writeback:             0 kB
AnonPages:       2351588 kB
Mapped:           296664 kB
Shmem:            242356 kB
Slab:            1144820 kB
SReclaimable:    1083692 kB
SUnreclaim:        61128 kB
KernelStack:        4936 kB
PageTables:        47476 kB
NFS_Unstable:          0 kB
Bounce:                0 kB
WritebackTmp:          0 kB
CommitLimit:    70955764 kB
Committed_AS:    5498440 kB
VmallocTotal:   34359738367 kB
VmallocUsed:      401480 kB
VmallocChunk:   34359313496 kB
HardwareCorrupted:     0 kB
AnonHugePages:         0 kB
HugePages_Total:       0
HugePages_Free:        0
HugePages_Rsvd:        0
HugePages_Surp:        0
Hugepagesize:       2048 kB
DirectMap4k:       97792 kB
DirectMap2M:    16265216 kB


CPU:total 8 (4 cores per cpu, 2 threads per core) family 6 model 58 stepping 9, cmov, cx8, fxsr, mmx, sse, sse2, sse3, ssse3, sse4.1, sse4.2, popcnt, avx, aes, erms, ht, tsc, tscinvbit, tscinv

/proc/cpuinfo:
processor	: 0
vendor_id	: GenuineIntel
cpu family	: 6
model		: 58
model name	: Intel(R) Core(TM) i7-3610QM CPU @ 2.30GHz
stepping	: 9
microcode	: 0x12
cpu MHz		: 1200.000
cache size	: 6144 KB
physical id	: 0
siblings	: 8
core id		: 0
cpu cores	: 4
apicid		: 0
initial apicid	: 0
fpu		: yes
fpu_exception	: yes
cpuid level	: 13
wp		: yes
flags		: fpu vme de pse tsc msr pae mce cx8 apic sep mtrr pge mca cmov pat pse36 clflush dts acpi mmx fxsr sse sse2 ss ht tm pbe syscall nx rdtscp lm constant_tsc arch_perfmon pebs bts rep_good nopl xtopology nonstop_tsc aperfmperf pni pclmulqdq dtes64 monitor ds_cpl vmx est tm2 ssse3 cx16 xtpr pdcm pcid sse4_1 sse4_2 x2apic popcnt tsc_deadline_timer aes xsave avx f16c rdrand lahf_lm ida arat epb xsaveopt pln pts dtherm tpr_shadow vnmi flexpriority ept vpid fsgsbase smep erms
bogomips	: 4589.74
clflush size	: 64
cache_alignment	: 64
address sizes	: 36 bits physical, 48 bits virtual
power management:

processor	: 1
vendor_id	: GenuineIntel
cpu family	: 6
model		: 58
model name	: Intel(R) Core(TM) i7-3610QM CPU @ 2.30GHz
stepping	: 9
microcode	: 0x12
cpu MHz		: 2301.000
cache size	: 6144 KB
physical id	: 0
siblings	: 8
core id		: 0
cpu cores	: 4
apicid		: 1
initial apicid	: 1
fpu		: yes
fpu_exception	: yes
cpuid level	: 13
wp		: yes
flags		: fpu vme de pse tsc msr pae mce cx8 apic sep mtrr pge mca cmov pat pse36 clflush dts acpi mmx fxsr sse sse2 ss ht tm pbe syscall nx rdtscp lm constant_tsc arch_perfmon pebs bts rep_good nopl xtopology nonstop_tsc aperfmperf pni pclmulqdq dtes64 monitor ds_cpl vmx est tm2 ssse3 cx16 xtpr pdcm pcid sse4_1 sse4_2 x2apic popcnt tsc_deadline_timer aes xsave avx f16c rdrand lahf_lm ida arat epb xsaveopt pln pts dtherm tpr_shadow vnmi flexpriority ept vpid fsgsbase smep erms
bogomips	: 4589.36
clflush size	: 64
cache_alignment	: 64
address sizes	: 36 bits physical, 48 bits virtual
power management:

processor	: 2
vendor_id	: GenuineIntel
cpu family	: 6
model		: 58
model name	: Intel(R) Core(TM) i7-3610QM CPU @ 2.30GHz
stepping	: 9
microcode	: 0x12
cpu MHz		: 1200.000
cache size	: 6144 KB
physical id	: 0
siblings	: 8
core id		: 1
cpu cores	: 4
apicid		: 2
initial apicid	: 2
fpu		: yes
fpu_exception	: yes
cpuid level	: 13
wp		: yes
flags		: fpu vme de pse tsc msr pae mce cx8 apic sep mtrr pge mca cmov pat pse36 clflush dts acpi mmx fxsr sse sse2 ss ht tm pbe syscall nx rdtscp lm constant_tsc arch_perfmon pebs bts rep_good nopl xtopology nonstop_tsc aperfmperf pni pclmulqdq dtes64 monitor ds_cpl vmx est tm2 ssse3 cx16 xtpr pdcm pcid sse4_1 sse4_2 x2apic popcnt tsc_deadline_timer aes xsave avx f16c rdrand lahf_lm ida arat epb xsaveopt pln pts dtherm tpr_shadow vnmi flexpriority ept vpid fsgsbase smep erms
bogomips	: 4589.36
clflush size	: 64
cache_alignment	: 64
address sizes	: 36 bits physical, 48 bits virtual
power management:

processor	: 3
vendor_id	: GenuineIntel
cpu family	: 6
model		: 58
model name	: Intel(R) Core(TM) i7-3610QM CPU @ 2.30GHz
stepping	: 9
microcode	: 0x12
cpu MHz		: 1200.000
cache size	: 6144 KB
physical id	: 0
siblings	: 8
core id		: 1
cpu cores	: 4
apicid		: 3
initial apicid	: 3
fpu		: yes
fpu_exception	: yes
cpuid level	: 13
wp		: yes
flags		: fpu vme de pse tsc msr pae mce cx8 apic sep mtrr pge mca cmov pat pse36 clflush dts acpi mmx fxsr sse sse2 ss ht tm pbe syscall nx rdtscp lm constant_tsc arch_perfmon pebs bts rep_good nopl xtopology nonstop_tsc aperfmperf pni pclmulqdq dtes64 monitor ds_cpl vmx est tm2 ssse3 cx16 xtpr pdcm pcid sse4_1 sse4_2 x2apic popcnt tsc_deadline_timer aes xsave avx f16c rdrand lahf_lm ida arat epb xsaveopt pln pts dtherm tpr_shadow vnmi flexpriority ept vpid fsgsbase smep erms
bogomips	: 4589.37
clflush size	: 64
cache_alignment	: 64
address sizes	: 36 bits physical, 48 bits virtual
power management:

processor	: 4
vendor_id	: GenuineIntel
cpu family	: 6
model		: 58
model name	: Intel(R) Core(TM) i7-3610QM CPU @ 2.30GHz
stepping	: 9
microcode	: 0x12
cpu MHz		: 2301.000
cache size	: 6144 KB
physical id	: 0
siblings	: 8
core id		: 2
cpu cores	: 4
apicid		: 4
initial apicid	: 4
fpu		: yes
fpu_exception	: yes
cpuid level	: 13
wp		: yes
flags		: fpu vme de pse tsc msr pae mce cx8 apic sep mtrr pge mca cmov pat pse36 clflush dts acpi mmx fxsr sse sse2 ss ht tm pbe syscall nx rdtscp lm constant_tsc arch_perfmon pebs bts rep_good nopl xtopology nonstop_tsc aperfmperf pni pclmulqdq dtes64 monitor ds_cpl vmx est tm2 ssse3 cx16 xtpr pdcm pcid sse4_1 sse4_2 x2apic popcnt tsc_deadline_timer aes xsave avx f16c rdrand lahf_lm ida arat epb xsaveopt pln pts dtherm tpr_shadow vnmi flexpriority ept vpid fsgsbase smep erms
bogomips	: 4589.37
clflush size	: 64
cache_alignment	: 64
address sizes	: 36 bits physical, 48 bits virtual
power management:

processor	: 5
vendor_id	: GenuineIntel
cpu family	: 6
model		: 58
model name	: Intel(R) Core(TM) i7-3610QM CPU @ 2.30GHz
stepping	: 9
microcode	: 0x12
cpu MHz		: 2301.000
cache size	: 6144 KB
physical id	: 0
siblings	: 8
core id		: 2
cpu cores	: 4
apicid		: 5
initial apicid	: 5
fpu		: yes
fpu_exception	: yes
cpuid level	: 13
wp		: yes
flags		: fpu vme de pse tsc msr pae mce cx8 apic sep mtrr pge mca cmov pat pse36 clflush dts acpi mmx fxsr sse sse2 ss ht tm pbe syscall nx rdtscp lm constant_tsc arch_perfmon pebs bts rep_good nopl xtopology nonstop_tsc aperfmperf pni pclmulqdq dtes64 monitor ds_cpl vmx est tm2 ssse3 cx16 xtpr pdcm pcid sse4_1 sse4_2 x2apic popcnt tsc_deadline_timer aes xsave avx f16c rdrand lahf_lm ida arat epb xsaveopt pln pts dtherm tpr_shadow vnmi flexpriority ept vpid fsgsbase smep erms
bogomips	: 4589.36
clflush size	: 64
cache_alignment	: 64
address sizes	: 36 bits physical, 48 bits virtual
power management:

processor	: 6
vendor_id	: GenuineIntel
cpu family	: 6
model		: 58
model name	: Intel(R) Core(TM) i7-3610QM CPU @ 2.30GHz
stepping	: 9
microcode	: 0x12
cpu MHz		: 1200.000
cache size	: 6144 KB
physical id	: 0
siblings	: 8
core id		: 3
cpu cores	: 4
apicid		: 6
initial apicid	: 6
fpu		: yes
fpu_exception	: yes
cpuid level	: 13
wp		: yes
flags		: fpu vme de pse tsc msr pae mce cx8 apic sep mtrr pge mca cmov pat pse36 clflush dts acpi mmx fxsr sse sse2 ss ht tm pbe syscall nx rdtscp lm constant_tsc arch_perfmon pebs bts rep_good nopl xtopology nonstop_tsc aperfmperf pni pclmulqdq dtes64 monitor ds_cpl vmx est tm2 ssse3 cx16 xtpr pdcm pcid sse4_1 sse4_2 x2apic popcnt tsc_deadline_timer aes xsave avx f16c rdrand lahf_lm ida arat epb xsaveopt pln pts dtherm tpr_shadow vnmi flexpriority ept vpid fsgsbase smep erms
bogomips	: 4589.37
clflush size	: 64
cache_alignment	: 64
address sizes	: 36 bits physical, 48 bits virtual
power management:

processor	: 7
vendor_id	: GenuineIntel
cpu family	: 6
model		: 58
model name	: Intel(R) Core(TM) i7-3610QM CPU @ 2.30GHz
stepping	: 9
microcode	: 0x12
cpu MHz		: 1200.000
cache size	: 6144 KB
physical id	: 0
siblings	: 8
core id		: 3
cpu cores	: 4
apicid		: 7
initial apicid	: 7
fpu		: yes
fpu_exception	: yes
cpuid level	: 13
wp		: yes
flags		: fpu vme de pse tsc msr pae mce cx8 apic sep mtrr pge mca cmov pat pse36 clflush dts acpi mmx fxsr sse sse2 ss ht tm pbe syscall nx rdtscp lm constant_tsc arch_perfmon pebs bts rep_good nopl xtopology nonstop_tsc aperfmperf pni pclmulqdq dtes64 monitor ds_cpl vmx est tm2 ssse3 cx16 xtpr pdcm pcid sse4_1 sse4_2 x2apic popcnt tsc_deadline_timer aes xsave avx f16c rdrand lahf_lm ida arat epb xsaveopt pln pts dtherm tpr_shadow vnmi flexpriority ept vpid fsgsbase smep erms
bogomips	: 4589.37
clflush size	: 64
cache_alignment	: 64
address sizes	: 36 bits physical, 48 bits virtual
power management:



Memory: 4k page, physical 16023348k(6978688k free), swap 62944092k(62944092k free)

vm_info: Java HotSpot(TM) 64-Bit Server VM (24.51-b03) for linux-amd64 JRE (1.7.0_51-b13), built on Dec 18 2013 18:48:01 by "java_re" with gcc 4.3.0 20080428 (Red Hat 4.3.0-8)

time: Tue Oct 14 12:01:55 2014
elapsed time: 0 seconds

