#
# A fatal error has been detected by the Java Runtime Environment:
#
#  SIGSEGV (0xb) at pc=0x00007fb8c321848a, pid=12225, tid=140431481095936
#
# JRE version: Java(TM) SE Runtime Environment (7.0_51-b13) (build 1.7.0_51-b13)
# Java VM: Java HotSpot(TM) 64-Bit Server VM (24.51-b03 mixed mode linux-amd64 compressed oops)
# Problematic frame:
# V  [libjvm.so+0x87b48a]  oopDesc* PSPromotionManager::copy_to_survivor_space<false>(oopDesc*)+0x19a
#
# Failed to write core dump. Core dumps have been disabled. To enable core dumping, try "ulimit -c unlimited" before starting Java again
#
# If you would like to submit a bug report, please visit:
#   http://bugreport.sun.com/bugreport/crash.jsp
#

---------------  T H R E A D  ---------------

Current thread (0x00007fb8bc026000):  GCTaskThread [stack: 0x00007fb8c07bc000,0x00007fb8c08bd000] [id=12233]

siginfo:si_signo=SIGSEGV: si_errno=0, si_code=1 (SEGV_MAPERR), si_addr=0x00000000000000a8

Registers:
RAX=0x0000000000000000, RBX=0x00007fb8ad3a53a0, RCX=0x0000000000000003, RDX=0x00000005c841eaa0
RSP=0x00007fb8c08bb380, RBP=0x00007fb8c08bb3f0, RSI=0x00007fb8ad3a52d0, RDI=0x00000005c841eab0
R8 =0x0000000000000001, R9 =0x00007fb8c37cae58, R10=0x0000000000000005, R11=0x00007fb8c2f92120
R12=0x00007fb8ad3a52d0, R13=0x00000000009719dc, R14=0x0000000000000003, R15=0x00000000ffffffff
RIP=0x00007fb8c321848a, EFLAGS=0x0000000000010246, CSGSFS=0x0000000000000033, ERR=0x0000000000000004
  TRAPNO=0x000000000000000e

Top of Stack: (sp=0x00007fb8c08bb380)
0x00007fb8c08bb380:   0000000000000008 00007fb8c37cae58
0x00007fb8c08bb390:   0000000000023845 00007fb8bc072000
0x00007fb8c08bb3a0:   00007fb8540011f0 0000000000000001
0x00007fb8c08bb3b0:   0000000000000002 0000000000000001
0x00007fb8c08bb3c0:   00007fb8c08bb410 00007fb8ad3a53a0
0x00007fb8c08bb3d0:   00007fb8bc0265a0 0000000000001801
0x00007fb8c08bb3e0:   0000000000000003 00000000ffffffff
0x00007fb8c08bb3f0:   00007fb8c08bb410 00007fb8c321b1bd
0x00007fb8c08bb400:   00007fb8bc026590 0000000000001801
0x00007fb8c08bb410:   00007fb8c08bb4b0 00007fb8c31a56bb
0x00007fb8c08bb420:   00007fb8c37d4a20 00007fb8c31a3a00
0x00007fb8c08bb430:   00007fb8c08bbbc0 00007fb8c08bb5a0
0x00007fb8c08bb440:   00007fb8c08bb570 00007fb8c08bb450
0x00007fb8c08bb450:   00007fb84011d078 ffff7fb800000003
0x00007fb8c08bb460:   00007fb8b9083c90 00007fb8b9083b50
0x00007fb8c08bb470:   18017fb8b9083d8f 00007fb8c317ffff
0x00007fb8c08bb480:   00007fb8c08bb478 00007fb8c08bb570
0x00007fb8c08bb490:   0000000000000001 00007fb8c08bb5a0
0x00007fb8c08bb4a0:   00007fb8c08bbba0 00007fb8c08bbbc0
0x00007fb8c08bb4b0:   00007fb8c08bb520 00007fb8c2eb8539
0x00007fb8c08bb4c0:   00007fb8c08bb500 00007fb8c2eb962a
0x00007fb8c08bb4d0:   00007fb8b9088428 00007fb8c08bb540
0x00007fb8c08bb4e0:   00007fb8c08bb5a0 00007fb8bc026000
0x00007fb8c08bb4f0:   00007fb8c08bbbc0 00007fb8c08bb570
0x00007fb8c08bb500:   00007fb8c08bb5a0 00007fb8bc026000
0x00007fb8c08bb510:   00007fb8c08bbbc0 00007fb8bc17f800
0x00007fb8c08bb520:   00007fb8c08bbb90 00007fb8c32e4f5a
0x00007fb8c08bb530:   00007fb8c08bb540 00007fb8c08bbba0
0x00007fb8c08bb540:   00007fb8ad3a5380 00007fb8b9088428
0x00007fb8c08bb550:   00007fb8b90881d0 00007fb800000000
0x00007fb8c08bb560:   0000000485a73c50 00007fb8ad3a5380
0x00007fb8c08bb570:   00007fb8ad3a5380 00007fb8b9088428 

Instructions: (pc=0x00007fb8c321848a)
0x00007fb8c321846a:   83 fe 00 0f 8f db fe ff ff 0f 85 07 03 00 00 0f
0x00007fb8c321847a:   1f 80 00 00 00 00 48 8b 07 4c 89 e6 4c 89 4d 98
0x00007fb8c321848a:   ff 90 a8 00 00 00 41 f6 c5 01 4c 8b 4d 98 4c 63
0x00007fb8c321849a:   f8 0f 84 c9 fe ff ff 4c 89 e8 48 c1 e8 03 89 c2 

Register to memory mapping:

RAX=0x0000000000000000 is an unknown value
RBX=0x00007fb8ad3a53a0 is pointing into the stack for thread: 0x00007fb8bc17f800
RCX=0x0000000000000003 is an unknown value
RDX=0x00000005c841eaa0 is an unallocated location in the heap
RSP=0x00007fb8c08bb380 is an unknown value
RBP=0x00007fb8c08bb3f0 is an unknown value
RSI=0x00007fb8ad3a52d0 is pointing into the stack for thread: 0x00007fb8bc17f800
RDI=0x00000005c841eab0 is an unallocated location in the heap
R8 =0x0000000000000001 is an unknown value
R9 =0x00007fb8c37cae58: <offset 0xe2de58> in /home/lpxz/pool/jdk1.7/jre/lib/amd64/server/libjvm.so at 0x00007fb8c299d000
R10=0x0000000000000005 is an unknown value
R11=0x00007fb8c2f92120: <offset 0x5f5120> in /home/lpxz/pool/jdk1.7/jre/lib/amd64/server/libjvm.so at 0x00007fb8c299d000
R12=0x00007fb8ad3a52d0 is pointing into the stack for thread: 0x00007fb8bc17f800
R13=0x00000000009719dc is an unknown value
R14=0x0000000000000003 is an unknown value
R15=0x00000000ffffffff is an unknown value


Stack: [0x00007fb8c07bc000,0x00007fb8c08bd000],  sp=0x00007fb8c08bb380,  free space=1020k
Native frames: (J=compiled Java code, j=interpreted, Vv=VM code, C=native code)
V  [libjvm.so+0x87b48a]  oopDesc* PSPromotionManager::copy_to_survivor_space<false>(oopDesc*)+0x19a
V  [libjvm.so+0x87e1bd]  PSRootsClosure<false>::do_oop(oopDesc**)+0x3d
V  [libjvm.so+0x8086bb]  OopMapSet::all_do(frame const*, RegisterMap const*, OopClosure*, void (*)(oopDesc**, oopDesc**), OopClosure*)+0x2fb
V  [libjvm.so+0x51b539]  frame::oops_do_internal(OopClosure*, CodeBlobClosure*, RegisterMap*, bool)+0x99
V  [libjvm.so+0x947f5a]  JavaThread::oops_do(OopClosure*, CodeBlobClosure*)+0x15a
V  [libjvm.so+0x87e575]  ThreadRootsTask::do_it(GCTaskManager*, unsigned int)+0x75
V  [libjvm.so+0x550f6f]  GCTaskThread::run()+0x12f
V  [libjvm.so+0x815538]  java_start(Thread*)+0x108

JavaThread 0x00007fb8bc17f800 (nid = 12283) was being processed
Java frames: (J=compiled Java code, j=interpreted, Vv=VM code)
v  ~RuntimeStub::_new_instance_Java
J  java.lang.Long.valueOf(J)Ljava/lang/Long;
J  edu.hkust.leap.monitor.RecordMonitor.accessSPE(IJZI)V
J  edu.hkust.leap.monitor.RecordMonitor.readBeforeInstance(Ljava/lang/Object;IJLjava/lang/String;ILjava/lang/Object;)V
J  spec.jbb.Order.processLines(Lspec/jbb/Warehouse;SZ)Z
J  spec.jbb.TransactionManager.goManual(ILspec/jbb/TimerData;)J
j  spec.jbb.TransactionManager.go()V+437
j  spec.jbb.JBBmain.run()V+127
j  java.lang.Thread.run()V+11
v  ~StubRoutines::call_stub

---------------  P R O C E S S  ---------------

Java Threads: ( => current thread )
  0x00007fb8bc198800 JavaThread "Thread-8" [_thread_blocked, id=12289, stack(0x00007fb8acca0000,0x00007fb8acda1000)]
  0x00007fb8bc197000 JavaThread "Thread-7" [_thread_blocked, id=12288, stack(0x00007fb8acda1000,0x00007fb8acea2000)]
  0x00007fb8bc195800 JavaThread "Thread-6" [_thread_blocked, id=12287, stack(0x00007fb8acea2000,0x00007fb8acfa3000)]
  0x00007fb8bc193800 JavaThread "Thread-5" [_thread_blocked, id=12286, stack(0x00007fb8acfa3000,0x00007fb8ad0a4000)]
  0x00007fb8bc191800 JavaThread "Thread-4" [_thread_blocked, id=12285, stack(0x00007fb8ad0a4000,0x00007fb8ad1a5000)]
  0x00007fb8bc18f800 JavaThread "Thread-3" [_thread_blocked, id=12284, stack(0x00007fb8ad1a5000,0x00007fb8ad2a6000)]
  0x00007fb8bc17f800 JavaThread "Thread-2" [_thread_blocked, id=12283, stack(0x00007fb8ad2a6000,0x00007fb8ad3a7000)]
  0x00007fb8bc181800 JavaThread "Thread-1" [_thread_blocked, id=12282, stack(0x00007fb8ad3a7000,0x00007fb8ad4a8000)]
  0x00007fb8bc0b1800 JavaThread "Service Thread" daemon [_thread_blocked, id=12254, stack(0x00007fb8ad9d1000,0x00007fb8adad2000)]
  0x00007fb8bc0af000 JavaThread "C2 CompilerThread1" daemon [_thread_blocked, id=12253, stack(0x00007fb8adad2000,0x00007fb8adbd3000)]
  0x00007fb8bc0ac000 JavaThread "C2 CompilerThread0" daemon [_thread_blocked, id=12252, stack(0x00007fb8adbd3000,0x00007fb8adcd4000)]
  0x00007fb848001000 JavaThread "JDWP Command Reader" daemon [_thread_in_native, id=12248, stack(0x00007fb8adcd4000,0x00007fb8addd5000)]
  0x00007fb8bc0aa000 JavaThread "JDWP Event Helper Thread" daemon [_thread_blocked, id=12247, stack(0x00007fb8addd5000,0x00007fb8aded6000)]
  0x00007fb8bc0a6000 JavaThread "JDWP Transport Listener: dt_socket" daemon [_thread_blocked, id=12246, stack(0x00007fb8aded6000,0x00007fb8adfd7000)]
  0x00007fb8bc091000 JavaThread "Signal Dispatcher" daemon [_thread_blocked, id=12244, stack(0x00007fb8ae1db000,0x00007fb8ae2dc000)]
  0x00007fb8bc07b000 JavaThread "Finalizer" daemon [_thread_blocked, id=12243, stack(0x00007fb8ae2dc000,0x00007fb8ae3dd000)]
  0x00007fb8bc077000 JavaThread "Reference Handler" daemon [_thread_blocked, id=12242, stack(0x00007fb8ae3dd000,0x00007fb8ae4de000)]
  0x00007fb8bc00c800 JavaThread "main" [_thread_blocked, id=12230, stack(0x00007fb8c42fa000,0x00007fb8c43fb000)]

Other Threads:
  0x00007fb8bc074800 VMThread [stack: 0x00007fb8ae4de000,0x00007fb8ae5df000] [id=12241]
  0x00007fb8bc0c4000 WatcherThread [stack: 0x00007fb8ad8d0000,0x00007fb8ad9d1000] [id=12255]

=>0x00007fb8bc026000 (exited) GCTaskThread [stack: 0x00007fb8c07bc000,0x00007fb8c08bd000] [id=12233]

VM state:at safepoint (normal execution)

VM Mutex/Monitor currently owned by a thread:  ([mutex/lock_event])
[0x00007fb8bc008a10] Threads_lock - owner thread: 0x00007fb8bc074800
[0x00007fb8bc008f10] Heap_lock - owner thread: 0x00007fb8bc17f800

Heap
 PSYoungGen      total 105472K, used 95232K [0x00000006d5500000, 0x00000006de400000, 0x0000000800000000)
  eden space 95232K, 100% used [0x00000006d5500000,0x00000006db200000,0x00000006db200000)
  from space 10240K, 0% used [0x00000006dda00000,0x00000006dda00000,0x00000006de400000)
  to   space 10240K, 100% used [0x00000006dd000000,0x00000006dda00000,0x00000006dda00000)
 ParOldGen       total 489472K, used 281164K [0x0000000480000000, 0x000000049de00000, 0x00000006d5500000)
  object space 489472K, 57% used [0x0000000480000000,0x0000000491293090,0x000000049de00000)
 PSPermGen       total 21504K, used 6147K [0x000000047ae00000, 0x000000047c300000, 0x0000000480000000)
  object space 21504K, 28% used [0x000000047ae00000,0x000000047b400d48,0x000000047c300000)

Card table byte_map: [0x00007fb8b73d6000,0x00007fb8b9000000] byte_map_base: 0x00007fb8b4fff000

Polling page: 0x00007fb8c441a000

Code Cache  [0x00007fb8b9000000, 0x00007fb8b9270000, 0x00007fb8bc000000)
 total_blobs=534 nmethods=264 adapters=231 free_code_cache=47956Kb largest_free_block=49060672

Compilation events (10 events):
Event: 18.543 Thread 0x00007fb8bc0af000  262             java.util.GregorianCalendar::computeFields (1579 bytes)
Event: 18.558 Thread 0x00007fb8bc0ac000  263             sun.util.calendar.CalendarDate::getDayOfMonth (5 bytes)
Event: 18.558 Thread 0x00007fb8bc0ac000 nmethod 263 0x00007fb8b91040d0 code [0x00007fb8b9104200, 0x00007fb8b9104258]
Event: 18.561 Thread 0x00007fb8bc0ac000  264             sun.util.calendar.CalendarDate::getDayOfWeek (18 bytes)
Event: 18.562 Thread 0x00007fb8bc0ac000 nmethod 264 0x00007fb8b910a250 code [0x00007fb8b910a380, 0x00007fb8b910a3f8]
Event: 18.562 Thread 0x00007fb8bc0ac000  265             sun.util.calendar.CalendarDate::isNormalized (5 bytes)
Event: 18.562 Thread 0x00007fb8bc0ac000 nmethod 265 0x00007fb8b910a050 code [0x00007fb8b910a180, 0x00007fb8b910a1d8]
Event: 18.562 Thread 0x00007fb8bc0ac000  266             sun.util.calendar.CalendarDate::getMonth (5 bytes)
Event: 18.562 Thread 0x00007fb8bc0ac000 nmethod 266 0x00007fb8b9109e50 code [0x00007fb8b9109f80, 0x00007fb8b9109fd8]
Event: 18.575 Thread 0x00007fb8bc0af000 nmethod 262 0x00007fb8b9130790 code [0x00007fb8b9130b60, 0x00007fb8b91335f8]

GC Heap History (10 events):
Event: 15.841 GC heap after
Heap after GC invocations=2 (full 0):
 PSYoungGen      total 73216K, used 10224K [0x00000006d5500000, 0x00000006de400000, 0x0000000800000000)
  eden space 62976K, 0% used [0x00000006d5500000,0x00000006d5500000,0x00000006d9280000)
  from space 10240K, 99% used [0x00000006d9c80000,0x00000006da67c030,0x00000006da680000)
  to   space 10240K, 0% used [0x00000006d9280000,0x00000006d9280000,0x00000006d9c80000)
 ParOldGen       total 166912K, used 59969K [0x0000000480000000, 0x000000048a300000, 0x00000006d5500000)
  object space 166912K, 35% used [0x0000000480000000,0x0000000483a90450,0x000000048a300000)
 PSPermGen       total 21504K, used 6149K [0x000000047ae00000, 0x000000047c300000, 0x0000000480000000)
  object space 21504K, 28% used [0x000000047ae00000,0x000000047b401490,0x000000047c300000)
}
Event: 16.318 GC heap before
{Heap before GC invocations=3 (full 0):
 PSYoungGen      total 73216K, used 73200K [0x00000006d5500000, 0x00000006de400000, 0x0000000800000000)
  eden space 62976K, 100% used [0x00000006d5500000,0x00000006d9280000,0x00000006d9280000)
  from space 10240K, 99% used [0x00000006d9c80000,0x00000006da67c030,0x00000006da680000)
  to   space 10240K, 0% used [0x00000006d9280000,0x00000006d9280000,0x00000006d9c80000)
 ParOldGen       total 166912K, used 59969K [0x0000000480000000, 0x000000048a300000, 0x00000006d5500000)
  object space 166912K, 35% used [0x0000000480000000,0x0000000483a90450,0x000000048a300000)
 PSPermGen       total 21504K, used 6149K [0x000000047ae00000, 0x000000047c300000, 0x0000000480000000)
  object space 21504K, 28% used [0x000000047ae00000,0x000000047b401490,0x000000047c300000)
Event: 16.378 GC heap after
Heap after GC invocations=3 (full 0):
 PSYoungGen      total 73216K, used 10224K [0x00000006d5500000, 0x00000006de400000, 0x0000000800000000)
  eden space 62976K, 0% used [0x00000006d5500000,0x00000006d5500000,0x00000006d9280000)
  from space 10240K, 99% used [0x00000006d9280000,0x00000006d9c7c010,0x00000006d9c80000)
  to   space 10240K, 0% used [0x00000006dda00000,0x00000006dda00000,0x00000006de400000)
 ParOldGen       total 166912K, used 103885K [0x0000000480000000, 0x000000048a300000, 0x00000006d5500000)
  object space 166912K, 62% used [0x0000000480000000,0x0000000486573590,0x000000048a300000)
 PSPermGen       total 21504K, used 6149K [0x000000047ae00000, 0x000000047c300000, 0x0000000480000000)
  object space 21504K, 28% used [0x000000047ae00000,0x000000047b401490,0x000000047c300000)
}
Event: 17.418 GC heap before
{Heap before GC invocations=4 (full 1):
 PSYoungGen      total 73216K, used 73200K [0x00000006d5500000, 0x00000006de400000, 0x0000000800000000)
  eden space 62976K, 100% used [0x00000006d5500000,0x00000006d9280000,0x00000006d9280000)
  from space 10240K, 99% used [0x00000006d9280000,0x00000006d9c7c010,0x00000006d9c80000)
  to   space 10240K, 0% used [0x00000006dda00000,0x00000006dda00000,0x00000006de400000)
 ParOldGen       total 166912K, used 144845K [0x0000000480000000, 0x000000048a300000, 0x00000006d5500000)
  object space 166912K, 86% used [0x0000000480000000,0x0000000488d735a0,0x000000048a300000)
 PSPermGen       total 21504K, used 6149K [0x000000047ae00000, 0x000000047c300000, 0x0000000480000000)
  object space 21504K, 28% used [0x000000047ae00000,0x000000047b401490,0x000000047c300000)
Event: 18.389 GC heap after
Heap after GC invocations=4 (full 1):
 PSYoungGen      total 73216K, used 0K [0x00000006d5500000, 0x00000006de400000, 0x0000000800000000)
  eden space 62976K, 0% used [0x00000006d5500000,0x00000006d5500000,0x00000006d9280000)
  from space 10240K, 0% used [0x00000006d9280000,0x00000006d9280000,0x00000006d9c80000)
  to   space 10240K, 0% used [0x00000006dda00000,0x00000006dda00000,0x00000006de400000)
 ParOldGen       total 287744K, used 143946K [0x0000000480000000, 0x0000000491900000, 0x00000006d5500000)
  object space 287744K, 50% used [0x0000000480000000,0x0000000488c92a20,0x0000000491900000)
 PSPermGen       total 21504K, used 6147K [0x000000047ae00000, 0x000000047c300000, 0x0000000480000000)
  object space 21504K, 28% used [0x000000047ae00000,0x000000047b400c50,0x000000047c300000)
}
Event: 19.063 GC heap before
{Heap before GC invocations=5 (full 1):
 PSYoungGen      total 73216K, used 62976K [0x00000006d5500000, 0x00000006de400000, 0x0000000800000000)
  eden space 62976K, 100% used [0x00000006d5500000,0x00000006d9280000,0x00000006d9280000)
  from space 10240K, 0% used [0x00000006d9280000,0x00000006d9280000,0x00000006d9c80000)
  to   space 10240K, 0% used [0x00000006dda00000,0x00000006dda00000,0x00000006de400000)
 ParOldGen       total 287744K, used 143946K [0x0000000480000000, 0x0000000491900000, 0x00000006d5500000)
  object space 287744K, 50% used [0x0000000480000000,0x0000000488c92a20,0x0000000491900000)
 PSPermGen       total 21504K, used 6147K [0x000000047ae00000, 0x000000047c300000, 0x0000000480000000)
  object space 21504K, 28% used [0x000000047ae00000,0x000000047b400d48,0x000000047c300000)
Event: 19.181 GC heap after
Heap after GC invocations=5 (full 1):
 PSYoungGen      total 105472K, used 10240K [0x00000006d5500000, 0x00000006de400000, 0x0000000800000000)
  eden space 95232K, 0% used [0x00000006d5500000,0x00000006d5500000,0x00000006db200000)
  from space 10240K, 100% used [0x00000006dda00000,0x00000006de400000,0x00000006de400000)
  to   space 10240K, 0% used [0x00000006dd000000,0x00000006dd000000,0x00000006dda00000)
 ParOldGen       total 287744K, used 170362K [0x0000000480000000, 0x0000000491900000, 0x00000006d5500000)
  object space 287744K, 59% used [0x0000000480000000,0x000000048a65ea20,0x0000000491900000)
 PSPermGen       total 21504K, used 6147K [0x000000047ae00000, 0x000000047c300000, 0x0000000480000000)
  object space 21504K, 28% used [0x000000047ae00000,0x000000047b400d48,0x000000047c300000)
}
Event: 20.471 GC heap before
{Heap before GC invocations=6 (full 2):
 PSYoungGen      total 105472K, used 105472K [0x00000006d5500000, 0x00000006de400000, 0x0000000800000000)
  eden space 95232K, 100% used [0x00000006d5500000,0x00000006db200000,0x00000006db200000)
  from space 10240K, 100% used [0x00000006dda00000,0x00000006de400000,0x00000006de400000)
  to   space 10240K, 0% used [0x00000006dd000000,0x00000006dd000000,0x00000006dda00000)
 ParOldGen       total 287744K, used 252282K [0x0000000480000000, 0x0000000491900000, 0x00000006d5500000)
  object space 287744K, 87% used [0x0000000480000000,0x000000048f65ea30,0x0000000491900000)
 PSPermGen       total 21504K, used 6147K [0x000000047ae00000, 0x000000047c300000, 0x0000000480000000)
  object space 21504K, 28% used [0x000000047ae00000,0x000000047b400d48,0x000000047c300000)
Event: 21.403 GC heap after
Heap after GC invocations=6 (full 2):
 PSYoungGen      total 105472K, used 0K [0x00000006d5500000, 0x00000006de400000, 0x0000000800000000)
  eden space 95232K, 0% used [0x00000006d5500000,0x00000006d5500000,0x00000006db200000)
  from space 10240K, 0% used [0x00000006dda00000,0x00000006dda00000,0x00000006de400000)
  to   space 10240K, 0% used [0x00000006dd000000,0x00000006dd000000,0x00000006dda00000)
 ParOldGen       total 489472K, used 276460K [0x0000000480000000, 0x000000049de00000, 0x00000006d5500000)
  object space 489472K, 56% used [0x0000000480000000,0x0000000490dfb090,0x000000049de00000)
 PSPermGen       total 21504K, used 6147K [0x000000047ae00000, 0x000000047c300000, 0x0000000480000000)
  object space 21504K, 28% used [0x000000047ae00000,0x000000047b400d48,0x000000047c300000)
}
Event: 22.539 GC heap before
{Heap before GC invocations=7 (full 2):
 PSYoungGen      total 105472K, used 95232K [0x00000006d5500000, 0x00000006de400000, 0x0000000800000000)
  eden space 95232K, 100% used [0x00000006d5500000,0x00000006db200000,0x00000006db200000)
  from space 10240K, 0% used [0x00000006dda00000,0x00000006dda00000,0x00000006de400000)
  to   space 10240K, 0% used [0x00000006dd000000,0x00000006dd000000,0x00000006dda00000)
 ParOldGen       total 489472K, used 276460K [0x0000000480000000, 0x000000049de00000, 0x00000006d5500000)
  object space 489472K, 56% used [0x0000000480000000,0x0000000490dfb090,0x000000049de00000)
 PSPermGen       total 21504K, used 6147K [0x000000047ae00000, 0x000000047c300000, 0x0000000480000000)
  object space 21504K, 28% used [0x000000047ae00000,0x000000047b400d48,0x000000047c300000)

Deoptimization events (0 events):
No events

Internal exceptions (10 events):
Event: 6.808 Thread 0x00007fb8bc00c800 Threw 0x00000006d590cb50 at /HUDSON/workspace/7u-2-build-linux-amd64@2/jdk7u51/527/hotspot/src/share/vm/prims/jvm.cpp:1244
Event: 6.809 Thread 0x00007fb8bc00c800 Threw 0x00000006d5911ce0 at /HUDSON/workspace/7u-2-build-linux-amd64@2/jdk7u51/527/hotspot/src/share/vm/prims/jvm.cpp:1244
Event: 6.810 Thread 0x00007fb8bc00c800 Threw 0x00000006d591ad90 at /HUDSON/workspace/7u-2-build-linux-amd64@2/jdk7u51/527/hotspot/src/share/vm/prims/jvm.cpp:1244
Event: 6.815 Thread 0x00007fb8bc00c800 Threw 0x00000006d5926868 at /HUDSON/workspace/7u-2-build-linux-amd64@2/jdk7u51/527/hotspot/src/share/vm/prims/jvm.cpp:1244
Event: 6.816 Thread 0x00007fb8bc00c800 Threw 0x00000006d5929f50 at /HUDSON/workspace/7u-2-build-linux-amd64@2/jdk7u51/527/hotspot/src/share/vm/prims/jvm.cpp:1244
Event: 6.816 Thread 0x00007fb8bc00c800 Threw 0x00000006d593b5b8 at /HUDSON/workspace/7u-2-build-linux-amd64@2/jdk7u51/527/hotspot/src/share/vm/prims/jvm.cpp:1244
Event: 6.843 Thread 0x00007fb8bc00c800 Threw 0x00000006d59916e0 at /HUDSON/workspace/7u-2-build-linux-amd64@2/jdk7u51/527/hotspot/src/share/vm/prims/jvm.cpp:1244
Event: 6.843 Thread 0x00007fb8bc00c800 Threw 0x00000006d5998920 at /HUDSON/workspace/7u-2-build-linux-amd64@2/jdk7u51/527/hotspot/src/share/vm/prims/jvm.cpp:1244
Event: 6.886 Thread 0x00007fb8bc181800 Threw 0x00000006d5b2e7e0 at /HUDSON/workspace/7u-2-build-linux-amd64@2/jdk7u51/527/hotspot/src/share/vm/prims/jvm.cpp:1244
Event: 14.579 Thread 0x00007fb8bc18f800 Threw 0x00000006d5dbb2e0 at /HUDSON/workspace/7u-2-build-linux-amd64@2/jdk7u51/527/hotspot/src/share/vm/prims/jvm.cpp:1244

Events (10 events):
Event: 15.841 Executing VM operation: ParallelGCFailedAllocation done
Event: 16.318 Executing VM operation: ParallelGCFailedAllocation
Event: 16.378 Executing VM operation: ParallelGCFailedAllocation done
Event: 17.418 Executing VM operation: ParallelGCFailedAllocation
Event: 18.389 Executing VM operation: ParallelGCFailedAllocation done
Event: 19.062 Executing VM operation: ParallelGCFailedAllocation
Event: 19.181 Executing VM operation: ParallelGCFailedAllocation done
Event: 20.470 Executing VM operation: ParallelGCFailedAllocation
Event: 21.404 Executing VM operation: ParallelGCFailedAllocation done
Event: 22.539 Executing VM operation: ParallelGCFailedAllocation


Dynamic libraries:
00400000-00401000 r-xp 00000000 08:08 3802540                            /home/lpxz/pool/jdk1.7/bin/java
00600000-00601000 rw-p 00000000 08:08 3802540                            /home/lpxz/pool/jdk1.7/bin/java
02345000-02366000 rw-p 00000000 00:00 0                                  [heap]
47ae00000-47c300000 rw-p 00000000 00:00 0 
47c300000-480000000 rw-p 00000000 00:00 0 
480000000-49de00000 rw-p 00000000 00:00 0 
49de00000-6d5500000 rw-p 00000000 00:00 0 
6d5500000-6de400000 rw-p 00000000 00:00 0 
6de400000-800000000 rw-p 00000000 00:00 0 
7fb804000000-7fb804021000 rw-p 00000000 00:00 0 
7fb804021000-7fb808000000 ---p 00000000 00:00 0 
7fb80c000000-7fb80c021000 rw-p 00000000 00:00 0 
7fb80c021000-7fb810000000 ---p 00000000 00:00 0 
7fb810000000-7fb810021000 rw-p 00000000 00:00 0 
7fb810021000-7fb814000000 ---p 00000000 00:00 0 
7fb814000000-7fb81424d000 rw-p 00000000 00:00 0 
7fb81424d000-7fb818000000 ---p 00000000 00:00 0 
7fb818000000-7fb818021000 rw-p 00000000 00:00 0 
7fb818021000-7fb81c000000 ---p 00000000 00:00 0 
7fb81c000000-7fb81c021000 rw-p 00000000 00:00 0 
7fb81c021000-7fb820000000 ---p 00000000 00:00 0 
7fb820000000-7fb820021000 rw-p 00000000 00:00 0 
7fb820021000-7fb824000000 ---p 00000000 00:00 0 
7fb824000000-7fb824021000 rw-p 00000000 00:00 0 
7fb824021000-7fb828000000 ---p 00000000 00:00 0 
7fb828000000-7fb828021000 rw-p 00000000 00:00 0 
7fb828021000-7fb82c000000 ---p 00000000 00:00 0 
7fb82c000000-7fb82c9e7000 rw-p 00000000 00:00 0 
7fb82c9e7000-7fb830000000 ---p 00000000 00:00 0 
7fb830000000-7fb830021000 rw-p 00000000 00:00 0 
7fb830021000-7fb834000000 ---p 00000000 00:00 0 
7fb834000000-7fb834021000 rw-p 00000000 00:00 0 
7fb834021000-7fb838000000 ---p 00000000 00:00 0 
7fb83c000000-7fb83c021000 rw-p 00000000 00:00 0 
7fb83c021000-7fb840000000 ---p 00000000 00:00 0 
7fb840000000-7fb840711000 rw-p 00000000 00:00 0 
7fb840711000-7fb844000000 ---p 00000000 00:00 0 
7fb844000000-7fb844021000 rw-p 00000000 00:00 0 
7fb844021000-7fb848000000 ---p 00000000 00:00 0 
7fb848000000-7fb848021000 rw-p 00000000 00:00 0 
7fb848021000-7fb84c000000 ---p 00000000 00:00 0 
7fb84c000000-7fb84c021000 rw-p 00000000 00:00 0 
7fb84c021000-7fb850000000 ---p 00000000 00:00 0 
7fb850000000-7fb850021000 rw-p 00000000 00:00 0 
7fb850021000-7fb854000000 ---p 00000000 00:00 0 
7fb854000000-7fb854022000 rw-p 00000000 00:00 0 
7fb854022000-7fb858000000 ---p 00000000 00:00 0 
7fb85bd70000-7fb878000000 rw-p 00000000 00:00 0 
7fb878000000-7fb878021000 rw-p 00000000 00:00 0 
7fb878021000-7fb87c000000 ---p 00000000 00:00 0 
7fb880000000-7fb880021000 rw-p 00000000 00:00 0 
7fb880021000-7fb884000000 ---p 00000000 00:00 0 
7fb888000000-7fb888021000 rw-p 00000000 00:00 0 
7fb888021000-7fb88c000000 ---p 00000000 00:00 0 
7fb890000000-7fb890255000 rw-p 00000000 00:00 0 
7fb890255000-7fb894000000 ---p 00000000 00:00 0 
7fb898000000-7fb898383000 rw-p 00000000 00:00 0 
7fb898383000-7fb89c000000 ---p 00000000 00:00 0 
7fb8a0000000-7fb8a0021000 rw-p 00000000 00:00 0 
7fb8a0021000-7fb8a4000000 ---p 00000000 00:00 0 
7fb8a8000000-7fb8a8021000 rw-p 00000000 00:00 0 
7fb8a8021000-7fb8ac000000 ---p 00000000 00:00 0 
7fb8acca0000-7fb8acca3000 ---p 00000000 00:00 0 
7fb8acca3000-7fb8acda1000 rw-p 00000000 00:00 0 
7fb8acda1000-7fb8acda4000 ---p 00000000 00:00 0 
7fb8acda4000-7fb8acea2000 rw-p 00000000 00:00 0 
7fb8acea2000-7fb8acea5000 ---p 00000000 00:00 0 
7fb8acea5000-7fb8acfa3000 rw-p 00000000 00:00 0 
7fb8acfa3000-7fb8acfa6000 ---p 00000000 00:00 0 
7fb8acfa6000-7fb8ad0a4000 rw-p 00000000 00:00 0 
7fb8ad0a4000-7fb8ad0a7000 ---p 00000000 00:00 0 
7fb8ad0a7000-7fb8ad1a5000 rw-p 00000000 00:00 0 
7fb8ad1a5000-7fb8ad1a8000 ---p 00000000 00:00 0 
7fb8ad1a8000-7fb8ad2a6000 rw-p 00000000 00:00 0 
7fb8ad2a6000-7fb8ad2a9000 ---p 00000000 00:00 0 
7fb8ad2a9000-7fb8ad3a7000 rw-p 00000000 00:00 0 
7fb8ad3a7000-7fb8ad3aa000 ---p 00000000 00:00 0 
7fb8ad3aa000-7fb8ad4a8000 rw-p 00000000 00:00 0 
7fb8ad4a8000-7fb8ad4be000 r-xp 00000000 08:08 3804245                    /home/lpxz/pool/jdk1.7/jre/lib/amd64/libnet.so
7fb8ad4be000-7fb8ad6be000 ---p 00016000 08:08 3804245                    /home/lpxz/pool/jdk1.7/jre/lib/amd64/libnet.so
7fb8ad6be000-7fb8ad6bf000 rw-p 00016000 08:08 3804245                    /home/lpxz/pool/jdk1.7/jre/lib/amd64/libnet.so
7fb8ad6bf000-7fb8ad6cf000 r-xp 00000000 08:08 3804240                    /home/lpxz/pool/jdk1.7/jre/lib/amd64/libnio.so
7fb8ad6cf000-7fb8ad8cf000 ---p 00010000 08:08 3804240                    /home/lpxz/pool/jdk1.7/jre/lib/amd64/libnio.so
7fb8ad8cf000-7fb8ad8d0000 rw-p 00010000 08:08 3804240                    /home/lpxz/pool/jdk1.7/jre/lib/amd64/libnio.so
7fb8ad8d0000-7fb8ad8d1000 ---p 00000000 00:00 0 
7fb8ad8d1000-7fb8ad9d1000 rw-p 00000000 00:00 0 
7fb8ad9d1000-7fb8ad9d4000 ---p 00000000 00:00 0 
7fb8ad9d4000-7fb8adad2000 rw-p 00000000 00:00 0 
7fb8adad2000-7fb8adad5000 ---p 00000000 00:00 0 
7fb8adad5000-7fb8adbd3000 rw-p 00000000 00:00 0 
7fb8adbd3000-7fb8adbd6000 ---p 00000000 00:00 0 
7fb8adbd6000-7fb8adcd4000 rw-p 00000000 00:00 0 
7fb8adcd4000-7fb8adcd7000 ---p 00000000 00:00 0 
7fb8adcd7000-7fb8addd5000 rw-p 00000000 00:00 0 
7fb8addd5000-7fb8addd8000 ---p 00000000 00:00 0 
7fb8addd8000-7fb8aded6000 rw-p 00000000 00:00 0 
7fb8aded6000-7fb8aded9000 ---p 00000000 00:00 0 
7fb8aded9000-7fb8adfd7000 rw-p 00000000 00:00 0 
7fb8adfd7000-7fb8adfdb000 r-xp 00000000 08:08 3804260                    /home/lpxz/pool/jdk1.7/jre/lib/amd64/libdt_socket.so
7fb8adfdb000-7fb8ae1da000 ---p 00004000 08:08 3804260                    /home/lpxz/pool/jdk1.7/jre/lib/amd64/libdt_socket.so
7fb8ae1da000-7fb8ae1db000 rw-p 00003000 08:08 3804260                    /home/lpxz/pool/jdk1.7/jre/lib/amd64/libdt_socket.so
7fb8ae1db000-7fb8ae1de000 ---p 00000000 00:00 0 
7fb8ae1de000-7fb8ae2dc000 rw-p 00000000 00:00 0 
7fb8ae2dc000-7fb8ae2df000 ---p 00000000 00:00 0 
7fb8ae2df000-7fb8ae3dd000 rw-p 00000000 00:00 0 
7fb8ae3dd000-7fb8ae3e0000 ---p 00000000 00:00 0 
7fb8ae3e0000-7fb8ae4de000 rw-p 00000000 00:00 0 
7fb8ae4de000-7fb8ae4df000 ---p 00000000 00:00 0 
7fb8ae4df000-7fb8b0000000 rw-p 00000000 00:00 0 
7fb8b0000000-7fb8b0021000 rw-p 00000000 00:00 0 
7fb8b0021000-7fb8b4000000 ---p 00000000 00:00 0 
7fb8b40f8000-7fb8b4345000 rw-p 00000000 00:00 0 
7fb8b4345000-7fb8b4502000 r--s 039bf000 08:08 3804302                    /home/lpxz/pool/jdk1.7/jre/lib/rt.jar
7fb8b4502000-7fb8b621a000 rw-p 00000000 00:00 0 
7fb8b621a000-7fb8b73d6000 rw-p 00000000 00:00 0 
7fb8b73d6000-7fb8b73e1000 rw-p 00000000 00:00 0 
7fb8b73e1000-7fb8b73ff000 rw-p 00000000 00:00 0 
7fb8b73ff000-7fb8b74ee000 rw-p 00000000 00:00 0 
7fb8b74ee000-7fb8b86a9000 rw-p 00000000 00:00 0 
7fb8b86a9000-7fb8b86f1000 rw-p 00000000 00:00 0 
7fb8b86f1000-7fb8b8fff000 rw-p 00000000 00:00 0 
7fb8b8fff000-7fb8b9000000 rw-p 00000000 00:00 0 
7fb8b9000000-7fb8b9270000 rwxp 00000000 00:00 0 
7fb8b9270000-7fb8bc19a000 rw-p 00000000 00:00 0 
7fb8bc19a000-7fb8c0000000 ---p 00000000 00:00 0 
7fb8c0048000-7fb8c0052000 r--s 00250000 08:08 3803739                    /home/lpxz/pool/jdk1.7/jre/lib/resources.jar
7fb8c0052000-7fb8c02b7000 rw-p 00000000 00:00 0 
7fb8c02b7000-7fb8c02b8000 ---p 00000000 00:00 0 
7fb8c02b8000-7fb8c03b8000 rw-p 00000000 00:00 0 
7fb8c03b8000-7fb8c03b9000 ---p 00000000 00:00 0 
7fb8c03b9000-7fb8c04b9000 rw-p 00000000 00:00 0 
7fb8c04b9000-7fb8c04ba000 ---p 00000000 00:00 0 
7fb8c04ba000-7fb8c05ba000 rw-p 00000000 00:00 0 
7fb8c05ba000-7fb8c05bb000 ---p 00000000 00:00 0 
7fb8c05bb000-7fb8c06bb000 rw-p 00000000 00:00 0 
7fb8c06bb000-7fb8c06bc000 ---p 00000000 00:00 0 
7fb8c06bc000-7fb8c07bc000 rw-p 00000000 00:00 0 
7fb8c07bc000-7fb8c07bd000 ---p 00000000 00:00 0 
7fb8c07bd000-7fb8c08bd000 rw-p 00000000 00:00 0 
7fb8c08bd000-7fb8c08be000 ---p 00000000 00:00 0 
7fb8c08be000-7fb8c09be000 rw-p 00000000 00:00 0 
7fb8c09be000-7fb8c09bf000 ---p 00000000 00:00 0 
7fb8c09bf000-7fb8c0aca000 rw-p 00000000 00:00 0 
7fb8c0aca000-7fb8c0ae8000 rw-p 00000000 00:00 0 
7fb8c0ae8000-7fb8c0b02000 r-xp 00000000 08:08 3804290                    /home/lpxz/pool/jdk1.7/jre/lib/amd64/libzip.so
7fb8c0b02000-7fb8c0d02000 ---p 0001a000 08:08 3804290                    /home/lpxz/pool/jdk1.7/jre/lib/amd64/libzip.so
7fb8c0d02000-7fb8c0d03000 rw-p 0001a000 08:08 3804290                    /home/lpxz/pool/jdk1.7/jre/lib/amd64/libzip.so
7fb8c0d03000-7fb8c0d0f000 r-xp 00000000 08:08 12594830                   /lib/x86_64-linux-gnu/libnss_files-2.15.so
7fb8c0d0f000-7fb8c0f0e000 ---p 0000c000 08:08 12594830                   /lib/x86_64-linux-gnu/libnss_files-2.15.so
7fb8c0f0e000-7fb8c0f0f000 r--p 0000b000 08:08 12594830                   /lib/x86_64-linux-gnu/libnss_files-2.15.so
7fb8c0f0f000-7fb8c0f10000 rw-p 0000c000 08:08 12594830                   /lib/x86_64-linux-gnu/libnss_files-2.15.so
7fb8c0f10000-7fb8c0f1a000 r-xp 00000000 08:08 12594834                   /lib/x86_64-linux-gnu/libnss_nis-2.15.so
7fb8c0f1a000-7fb8c111a000 ---p 0000a000 08:08 12594834                   /lib/x86_64-linux-gnu/libnss_nis-2.15.so
7fb8c111a000-7fb8c111b000 r--p 0000a000 08:08 12594834                   /lib/x86_64-linux-gnu/libnss_nis-2.15.so
7fb8c111b000-7fb8c111c000 rw-p 0000b000 08:08 12594834                   /lib/x86_64-linux-gnu/libnss_nis-2.15.so
7fb8c111c000-7fb8c1133000 r-xp 00000000 08:08 12594846                   /lib/x86_64-linux-gnu/libnsl-2.15.so
7fb8c1133000-7fb8c1332000 ---p 00017000 08:08 12594846                   /lib/x86_64-linux-gnu/libnsl-2.15.so
7fb8c1332000-7fb8c1333000 r--p 00016000 08:08 12594846                   /lib/x86_64-linux-gnu/libnsl-2.15.so
7fb8c1333000-7fb8c1334000 rw-p 00017000 08:08 12594846                   /lib/x86_64-linux-gnu/libnsl-2.15.so
7fb8c1334000-7fb8c1336000 rw-p 00000000 00:00 0 
7fb8c1336000-7fb8c133e000 r-xp 00000000 08:08 12594828                   /lib/x86_64-linux-gnu/libnss_compat-2.15.so
7fb8c133e000-7fb8c153d000 ---p 00008000 08:08 12594828                   /lib/x86_64-linux-gnu/libnss_compat-2.15.so
7fb8c153d000-7fb8c153e000 r--p 00007000 08:08 12594828                   /lib/x86_64-linux-gnu/libnss_compat-2.15.so
7fb8c153e000-7fb8c153f000 rw-p 00008000 08:08 12594828                   /lib/x86_64-linux-gnu/libnss_compat-2.15.so
7fb8c153f000-7fb8c1c22000 r--p 00000000 08:08 6297920                    /usr/lib/locale/locale-archive
7fb8c1c22000-7fb8c1c25000 r-xp 00000000 08:08 3804251                    /home/lpxz/pool/jdk1.7/jre/lib/amd64/libnpt.so
7fb8c1c25000-7fb8c1e24000 ---p 00003000 08:08 3804251                    /home/lpxz/pool/jdk1.7/jre/lib/amd64/libnpt.so
7fb8c1e24000-7fb8c1e25000 rw-p 00002000 08:08 3804251                    /home/lpxz/pool/jdk1.7/jre/lib/amd64/libnpt.so
7fb8c1e25000-7fb8c1e5e000 r-xp 00000000 08:08 3804295                    /home/lpxz/pool/jdk1.7/jre/lib/amd64/libjdwp.so
7fb8c1e5e000-7fb8c205e000 ---p 00039000 08:08 3804295                    /home/lpxz/pool/jdk1.7/jre/lib/amd64/libjdwp.so
7fb8c205e000-7fb8c205f000 rw-p 00039000 08:08 3804295                    /home/lpxz/pool/jdk1.7/jre/lib/amd64/libjdwp.so
7fb8c205f000-7fb8c2060000 rw-p 00000000 00:00 0 
7fb8c2060000-7fb8c2089000 r-xp 00000000 08:08 3804274                    /home/lpxz/pool/jdk1.7/jre/lib/amd64/libjava.so
7fb8c2089000-7fb8c2289000 ---p 00029000 08:08 3804274                    /home/lpxz/pool/jdk1.7/jre/lib/amd64/libjava.so
7fb8c2289000-7fb8c228b000 rw-p 00029000 08:08 3804274                    /home/lpxz/pool/jdk1.7/jre/lib/amd64/libjava.so
7fb8c228b000-7fb8c2298000 r-xp 00000000 08:08 3804272                    /home/lpxz/pool/jdk1.7/jre/lib/amd64/libverify.so
7fb8c2298000-7fb8c2497000 ---p 0000d000 08:08 3804272                    /home/lpxz/pool/jdk1.7/jre/lib/amd64/libverify.so
7fb8c2497000-7fb8c2499000 rw-p 0000c000 08:08 3804272                    /home/lpxz/pool/jdk1.7/jre/lib/amd64/libverify.so
7fb8c2499000-7fb8c24a0000 r-xp 00000000 08:08 12594833                   /lib/x86_64-linux-gnu/librt-2.15.so
7fb8c24a0000-7fb8c269f000 ---p 00007000 08:08 12594833                   /lib/x86_64-linux-gnu/librt-2.15.so
7fb8c269f000-7fb8c26a0000 r--p 00006000 08:08 12594833                   /lib/x86_64-linux-gnu/librt-2.15.so
7fb8c26a0000-7fb8c26a1000 rw-p 00007000 08:08 12594833                   /lib/x86_64-linux-gnu/librt-2.15.so
7fb8c26a1000-7fb8c279c000 r-xp 00000000 08:08 12594837                   /lib/x86_64-linux-gnu/libm-2.15.so
7fb8c279c000-7fb8c299b000 ---p 000fb000 08:08 12594837                   /lib/x86_64-linux-gnu/libm-2.15.so
7fb8c299b000-7fb8c299c000 r--p 000fa000 08:08 12594837                   /lib/x86_64-linux-gnu/libm-2.15.so
7fb8c299c000-7fb8c299d000 rw-p 000fb000 08:08 12594837                   /lib/x86_64-linux-gnu/libm-2.15.so
7fb8c299d000-7fb8c34ff000 r-xp 00000000 08:08 3804280                    /home/lpxz/pool/jdk1.7/jre/lib/amd64/server/libjvm.so
7fb8c34ff000-7fb8c36ff000 ---p 00b62000 08:08 3804280                    /home/lpxz/pool/jdk1.7/jre/lib/amd64/server/libjvm.so
7fb8c36ff000-7fb8c37c2000 rw-p 00b62000 08:08 3804280                    /home/lpxz/pool/jdk1.7/jre/lib/amd64/server/libjvm.so
7fb8c37c2000-7fb8c3803000 rw-p 00000000 00:00 0 
7fb8c3803000-7fb8c39b8000 r-xp 00000000 08:08 12594826                   /lib/x86_64-linux-gnu/libc-2.15.so
7fb8c39b8000-7fb8c3bb8000 ---p 001b5000 08:08 12594826                   /lib/x86_64-linux-gnu/libc-2.15.so
7fb8c3bb8000-7fb8c3bbc000 r--p 001b5000 08:08 12594826                   /lib/x86_64-linux-gnu/libc-2.15.so
7fb8c3bbc000-7fb8c3bbe000 rw-p 001b9000 08:08 12594826                   /lib/x86_64-linux-gnu/libc-2.15.so
7fb8c3bbe000-7fb8c3bc3000 rw-p 00000000 00:00 0 
7fb8c3bc3000-7fb8c3bc5000 r-xp 00000000 08:08 12594841                   /lib/x86_64-linux-gnu/libdl-2.15.so
7fb8c3bc5000-7fb8c3dc5000 ---p 00002000 08:08 12594841                   /lib/x86_64-linux-gnu/libdl-2.15.so
7fb8c3dc5000-7fb8c3dc6000 r--p 00002000 08:08 12594841                   /lib/x86_64-linux-gnu/libdl-2.15.so
7fb8c3dc6000-7fb8c3dc7000 rw-p 00003000 08:08 12594841                   /lib/x86_64-linux-gnu/libdl-2.15.so
7fb8c3dc7000-7fb8c3ddd000 r-xp 00000000 08:08 3802605                    /home/lpxz/pool/jdk1.7/lib/amd64/jli/libjli.so
7fb8c3ddd000-7fb8c3fdd000 ---p 00016000 08:08 3802605                    /home/lpxz/pool/jdk1.7/lib/amd64/jli/libjli.so
7fb8c3fdd000-7fb8c3fde000 rw-p 00016000 08:08 3802605                    /home/lpxz/pool/jdk1.7/lib/amd64/jli/libjli.so
7fb8c3fde000-7fb8c3ff6000 r-xp 00000000 08:08 12594835                   /lib/x86_64-linux-gnu/libpthread-2.15.so
7fb8c3ff6000-7fb8c41f5000 ---p 00018000 08:08 12594835                   /lib/x86_64-linux-gnu/libpthread-2.15.so
7fb8c41f5000-7fb8c41f6000 r--p 00017000 08:08 12594835                   /lib/x86_64-linux-gnu/libpthread-2.15.so
7fb8c41f6000-7fb8c41f7000 rw-p 00018000 08:08 12594835                   /lib/x86_64-linux-gnu/libpthread-2.15.so
7fb8c41f7000-7fb8c41fb000 rw-p 00000000 00:00 0 
7fb8c41fb000-7fb8c421d000 r-xp 00000000 08:08 12594838                   /lib/x86_64-linux-gnu/ld-2.15.so
7fb8c422e000-7fb8c423a000 r--s 000da000 08:08 4477681                    /home/lpxz/eclipse/workspacePA_icse/soot-One/lib/polyglotclasses-1.3.5.jar
7fb8c423a000-7fb8c4244000 rw-p 00000000 00:00 0 
7fb8c4244000-7fb8c42fa000 rw-p 00000000 00:00 0 
7fb8c42fa000-7fb8c42fd000 ---p 00000000 00:00 0 
7fb8c42fd000-7fb8c43ff000 rw-p 00000000 00:00 0 
7fb8c4402000-7fb8c4403000 rw-p 00000000 00:00 0 
7fb8c4403000-7fb8c4406000 r--s 0002b000 08:08 4477682                    /home/lpxz/eclipse/workspacePA_icse/soot-One/lib/jasminclasses-2.5.0.jar
7fb8c4406000-7fb8c440a000 r--s 000f7000 08:08 3804391                    /home/lpxz/pool/jdk1.7/jre/lib/ext/localedata.jar
7fb8c440a000-7fb8c4411000 r--s 00000000 08:08 6564356                    /usr/lib/x86_64-linux-gnu/gconv/gconv-modules.cache
7fb8c4411000-7fb8c4419000 rw-s 00000000 08:08 4997936                    /tmp/hsperfdata_lpxz/12225
7fb8c4419000-7fb8c441a000 rw-p 00000000 00:00 0 
7fb8c441a000-7fb8c441b000 ---p 00000000 00:00 0 
7fb8c441b000-7fb8c441d000 rw-p 00000000 00:00 0 
7fb8c441d000-7fb8c441e000 r--p 00022000 08:08 12594838                   /lib/x86_64-linux-gnu/ld-2.15.so
7fb8c441e000-7fb8c4420000 rw-p 00023000 08:08 12594838                   /lib/x86_64-linux-gnu/ld-2.15.so
7fffcef7d000-7fffcef9e000 rw-p 00000000 00:00 0                          [stack]
7fffcefff000-7fffcf000000 r-xp 00000000 00:00 0                          [vdso]
ffffffffff600000-ffffffffff601000 r-xp 00000000 00:00 0                  [vsyscall]

VM Arguments:
jvm_args: -agentlib:jdwp=transport=dt_socket,suspend=y,address=localhost:60673 -Xverify:none -Xmx14g -XX:+UseBiasedLocking -Dfile.encoding=UTF-8 
java_command: edu.hkust.leap.record.RecordMain 1024 spec.jbb.JBBmain
Launcher Type: SUN_STANDARD

Environment Variables:
PATH=/usr/local/sbin:/usr/local/bin:/usr/sbin:/usr/bin:/sbin:/bin:/usr/games
LD_LIBRARY_PATH=/home/lpxz/pool/jdk1.7/jre/lib/amd64/server:/home/lpxz/pool/jdk1.7/jre/lib/amd64:/home/lpxz/pool/jdk1.7/jre/../lib/amd64:/usr/lib/jvm/java-6-openjdk-amd64/jre/lib/amd64/server:/usr/lib/jvm/java-6-openjdk-amd64/jre/lib/amd64:/usr/lib/jvm/java-6-openjdk-amd64/jre/../lib/amd64
SHELL=/bin/bash
DISPLAY=:0

Signal Handlers:
SIGSEGV: [libjvm.so+0x993870], sa_mask[0]=0x7ffbfeff, sa_flags=0x10000004
SIGBUS: [libjvm.so+0x993870], sa_mask[0]=0x7ffbfeff, sa_flags=0x10000004
SIGFPE: [libjvm.so+0x8105b0], sa_mask[0]=0x7ffbfeff, sa_flags=0x10000004
SIGPIPE: [libjvm.so+0x8105b0], sa_mask[0]=0x7ffbfeff, sa_flags=0x10000004
SIGXFSZ: [libjvm.so+0x8105b0], sa_mask[0]=0x7ffbfeff, sa_flags=0x10000004
SIGILL: [libjvm.so+0x8105b0], sa_mask[0]=0x7ffbfeff, sa_flags=0x10000004
SIGUSR1: SIG_DFL, sa_mask[0]=0x00000000, sa_flags=0x00000000
SIGUSR2: [libjvm.so+0x811aa0], sa_mask[0]=0x00000004, sa_flags=0x10000004
SIGHUP: [libjvm.so+0x812a10], sa_mask[0]=0x7ffbfeff, sa_flags=0x10000004
SIGINT: [libjvm.so+0x812a10], sa_mask[0]=0x7ffbfeff, sa_flags=0x10000004
SIGTERM: [libjvm.so+0x812a10], sa_mask[0]=0x7ffbfeff, sa_flags=0x10000004
SIGQUIT: [libjvm.so+0x812a10], sa_mask[0]=0x7ffbfeff, sa_flags=0x10000004


---------------  S Y S T E M  ---------------

OS:wheezy/sid

uname:Linux 3.2.0-29-generic #46-Ubuntu SMP Fri Jul 27 17:03:23 UTC 2012 x86_64
libc:glibc 2.15 NPTL 2.15 
rlimit: STACK 8192k, CORE 0k, NPROC 125044, NOFILE 4096, AS infinity
load average:1.14 1.10 1.43

/proc/meminfo:
MemTotal:       16023348 kB
MemFree:         8284536 kB
Buffers:          811168 kB
Cached:          3497592 kB
SwapCached:            0 kB
Active:          4777592 kB
Inactive:        1955020 kB
Active(anon):    2444808 kB
Inactive(anon):   190820 kB
Active(file):    2332784 kB
Inactive(file):  1764200 kB
Unevictable:           0 kB
Mlocked:               0 kB
SwapTotal:      62944092 kB
SwapFree:       62944092 kB
Dirty:              2152 kB
Writeback:             0 kB
AnonPages:       2424492 kB
Mapped:           269028 kB
Shmem:            211772 kB
Slab:             701116 kB
SReclaimable:     643468 kB
SUnreclaim:        57648 kB
KernelStack:        5496 kB
PageTables:        49320 kB
NFS_Unstable:          0 kB
Bounce:                0 kB
WritebackTmp:          0 kB
CommitLimit:    70955764 kB
Committed_AS:    6252660 kB
VmallocTotal:   34359738367 kB
VmallocUsed:      401572 kB
VmallocChunk:   34359304240 kB
HardwareCorrupted:     0 kB
AnonHugePages:         0 kB
HugePages_Total:       0
HugePages_Free:        0
HugePages_Rsvd:        0
HugePages_Surp:        0
Hugepagesize:       2048 kB
DirectMap4k:       83456 kB
DirectMap2M:    16279552 kB


CPU:total 8 (4 cores per cpu, 2 threads per core) family 6 model 58 stepping 9, cmov, cx8, fxsr, mmx, sse, sse2, sse3, ssse3, sse4.1, sse4.2, popcnt, avx, aes, erms, ht, tsc, tscinvbit, tscinv

/proc/cpuinfo:
processor	: 0
vendor_id	: GenuineIntel
cpu family	: 6
model		: 58
model name	: Intel(R) Core(TM) i7-3610QM CPU @ 2.30GHz
stepping	: 9
microcode	: 0x12
cpu MHz		: 2301.000
cache size	: 6144 KB
physical id	: 0
siblings	: 8
core id		: 0
cpu cores	: 4
apicid		: 0
initial apicid	: 0
fpu		: yes
fpu_exception	: yes
cpuid level	: 13
wp		: yes
flags		: fpu vme de pse tsc msr pae mce cx8 apic sep mtrr pge mca cmov pat pse36 clflush dts acpi mmx fxsr sse sse2 ss ht tm pbe syscall nx rdtscp lm constant_tsc arch_perfmon pebs bts rep_good nopl xtopology nonstop_tsc aperfmperf pni pclmulqdq dtes64 monitor ds_cpl vmx est tm2 ssse3 cx16 xtpr pdcm pcid sse4_1 sse4_2 x2apic popcnt tsc_deadline_timer aes xsave avx f16c rdrand lahf_lm ida arat epb xsaveopt pln pts dtherm tpr_shadow vnmi flexpriority ept vpid fsgsbase smep erms
bogomips	: 4589.13
clflush size	: 64
cache_alignment	: 64
address sizes	: 36 bits physical, 48 bits virtual
power management:

processor	: 1
vendor_id	: GenuineIntel
cpu family	: 6
model		: 58
model name	: Intel(R) Core(TM) i7-3610QM CPU @ 2.30GHz
stepping	: 9
microcode	: 0x12
cpu MHz		: 2301.000
cache size	: 6144 KB
physical id	: 0
siblings	: 8
core id		: 0
cpu cores	: 4
apicid		: 1
initial apicid	: 1
fpu		: yes
fpu_exception	: yes
cpuid level	: 13
wp		: yes
flags		: fpu vme de pse tsc msr pae mce cx8 apic sep mtrr pge mca cmov pat pse36 clflush dts acpi mmx fxsr sse sse2 ss ht tm pbe syscall nx rdtscp lm constant_tsc arch_perfmon pebs bts rep_good nopl xtopology nonstop_tsc aperfmperf pni pclmulqdq dtes64 monitor ds_cpl vmx est tm2 ssse3 cx16 xtpr pdcm pcid sse4_1 sse4_2 x2apic popcnt tsc_deadline_timer aes xsave avx f16c rdrand lahf_lm ida arat epb xsaveopt pln pts dtherm tpr_shadow vnmi flexpriority ept vpid fsgsbase smep erms
bogomips	: 4589.35
clflush size	: 64
cache_alignment	: 64
address sizes	: 36 bits physical, 48 bits virtual
power management:

processor	: 2
vendor_id	: GenuineIntel
cpu family	: 6
model		: 58
model name	: Intel(R) Core(TM) i7-3610QM CPU @ 2.30GHz
stepping	: 9
microcode	: 0x12
cpu MHz		: 2301.000
cache size	: 6144 KB
physical id	: 0
siblings	: 8
core id		: 1
cpu cores	: 4
apicid		: 2
initial apicid	: 2
fpu		: yes
fpu_exception	: yes
cpuid level	: 13
wp		: yes
flags		: fpu vme de pse tsc msr pae mce cx8 apic sep mtrr pge mca cmov pat pse36 clflush dts acpi mmx fxsr sse sse2 ss ht tm pbe syscall nx rdtscp lm constant_tsc arch_perfmon pebs bts rep_good nopl xtopology nonstop_tsc aperfmperf pni pclmulqdq dtes64 monitor ds_cpl vmx est tm2 ssse3 cx16 xtpr pdcm pcid sse4_1 sse4_2 x2apic popcnt tsc_deadline_timer aes xsave avx f16c rdrand lahf_lm ida arat epb xsaveopt pln pts dtherm tpr_shadow vnmi flexpriority ept vpid fsgsbase smep erms
bogomips	: 4589.37
clflush size	: 64
cache_alignment	: 64
address sizes	: 36 bits physical, 48 bits virtual
power management:

processor	: 3
vendor_id	: GenuineIntel
cpu family	: 6
model		: 58
model name	: Intel(R) Core(TM) i7-3610QM CPU @ 2.30GHz
stepping	: 9
microcode	: 0x12
cpu MHz		: 2301.000
cache size	: 6144 KB
physical id	: 0
siblings	: 8
core id		: 1
cpu cores	: 4
apicid		: 3
initial apicid	: 3
fpu		: yes
fpu_exception	: yes
cpuid level	: 13
wp		: yes
flags		: fpu vme de pse tsc msr pae mce cx8 apic sep mtrr pge mca cmov pat pse36 clflush dts acpi mmx fxsr sse sse2 ss ht tm pbe syscall nx rdtscp lm constant_tsc arch_perfmon pebs bts rep_good nopl xtopology nonstop_tsc aperfmperf pni pclmulqdq dtes64 monitor ds_cpl vmx est tm2 ssse3 cx16 xtpr pdcm pcid sse4_1 sse4_2 x2apic popcnt tsc_deadline_timer aes xsave avx f16c rdrand lahf_lm ida arat epb xsaveopt pln pts dtherm tpr_shadow vnmi flexpriority ept vpid fsgsbase smep erms
bogomips	: 4589.37
clflush size	: 64
cache_alignment	: 64
address sizes	: 36 bits physical, 48 bits virtual
power management:

processor	: 4
vendor_id	: GenuineIntel
cpu family	: 6
model		: 58
model name	: Intel(R) Core(TM) i7-3610QM CPU @ 2.30GHz
stepping	: 9
microcode	: 0x12
cpu MHz		: 2301.000
cache size	: 6144 KB
physical id	: 0
siblings	: 8
core id		: 2
cpu cores	: 4
apicid		: 4
initial apicid	: 4
fpu		: yes
fpu_exception	: yes
cpuid level	: 13
wp		: yes
flags		: fpu vme de pse tsc msr pae mce cx8 apic sep mtrr pge mca cmov pat pse36 clflush dts acpi mmx fxsr sse sse2 ss ht tm pbe syscall nx rdtscp lm constant_tsc arch_perfmon pebs bts rep_good nopl xtopology nonstop_tsc aperfmperf pni pclmulqdq dtes64 monitor ds_cpl vmx est tm2 ssse3 cx16 xtpr pdcm pcid sse4_1 sse4_2 x2apic popcnt tsc_deadline_timer aes xsave avx f16c rdrand lahf_lm ida arat epb xsaveopt pln pts dtherm tpr_shadow vnmi flexpriority ept vpid fsgsbase smep erms
bogomips	: 4589.37
clflush size	: 64
cache_alignment	: 64
address sizes	: 36 bits physical, 48 bits virtual
power management:

processor	: 5
vendor_id	: GenuineIntel
cpu family	: 6
model		: 58
model name	: Intel(R) Core(TM) i7-3610QM CPU @ 2.30GHz
stepping	: 9
microcode	: 0x12
cpu MHz		: 2301.000
cache size	: 6144 KB
physical id	: 0
siblings	: 8
core id		: 2
cpu cores	: 4
apicid		: 5
initial apicid	: 5
fpu		: yes
fpu_exception	: yes
cpuid level	: 13
wp		: yes
flags		: fpu vme de pse tsc msr pae mce cx8 apic sep mtrr pge mca cmov pat pse36 clflush dts acpi mmx fxsr sse sse2 ss ht tm pbe syscall nx rdtscp lm constant_tsc arch_perfmon pebs bts rep_good nopl xtopology nonstop_tsc aperfmperf pni pclmulqdq dtes64 monitor ds_cpl vmx est tm2 ssse3 cx16 xtpr pdcm pcid sse4_1 sse4_2 x2apic popcnt tsc_deadline_timer aes xsave avx f16c rdrand lahf_lm ida arat epb xsaveopt pln pts dtherm tpr_shadow vnmi flexpriority ept vpid fsgsbase smep erms
bogomips	: 4589.37
clflush size	: 64
cache_alignment	: 64
address sizes	: 36 bits physical, 48 bits virtual
power management:

processor	: 6
vendor_id	: GenuineIntel
cpu family	: 6
model		: 58
model name	: Intel(R) Core(TM) i7-3610QM CPU @ 2.30GHz
stepping	: 9
microcode	: 0x12
cpu MHz		: 1200.000
cache size	: 6144 KB
physical id	: 0
siblings	: 8
core id		: 3
cpu cores	: 4
apicid		: 6
initial apicid	: 6
fpu		: yes
fpu_exception	: yes
cpuid level	: 13
wp		: yes
flags		: fpu vme de pse tsc msr pae mce cx8 apic sep mtrr pge mca cmov pat pse36 clflush dts acpi mmx fxsr sse sse2 ss ht tm pbe syscall nx rdtscp lm constant_tsc arch_perfmon pebs bts rep_good nopl xtopology nonstop_tsc aperfmperf pni pclmulqdq dtes64 monitor ds_cpl vmx est tm2 ssse3 cx16 xtpr pdcm pcid sse4_1 sse4_2 x2apic popcnt tsc_deadline_timer aes xsave avx f16c rdrand lahf_lm ida arat epb xsaveopt pln pts dtherm tpr_shadow vnmi flexpriority ept vpid fsgsbase smep erms
bogomips	: 4589.37
clflush size	: 64
cache_alignment	: 64
address sizes	: 36 bits physical, 48 bits virtual
power management:

processor	: 7
vendor_id	: GenuineIntel
cpu family	: 6
model		: 58
model name	: Intel(R) Core(TM) i7-3610QM CPU @ 2.30GHz
stepping	: 9
microcode	: 0x12
cpu MHz		: 2301.000
cache size	: 6144 KB
physical id	: 0
siblings	: 8
core id		: 3
cpu cores	: 4
apicid		: 7
initial apicid	: 7
fpu		: yes
fpu_exception	: yes
cpuid level	: 13
wp		: yes
flags		: fpu vme de pse tsc msr pae mce cx8 apic sep mtrr pge mca cmov pat pse36 clflush dts acpi mmx fxsr sse sse2 ss ht tm pbe syscall nx rdtscp lm constant_tsc arch_perfmon pebs bts rep_good nopl xtopology nonstop_tsc aperfmperf pni pclmulqdq dtes64 monitor ds_cpl vmx est tm2 ssse3 cx16 xtpr pdcm pcid sse4_1 sse4_2 x2apic popcnt tsc_deadline_timer aes xsave avx f16c rdrand lahf_lm ida arat epb xsaveopt pln pts dtherm tpr_shadow vnmi flexpriority ept vpid fsgsbase smep erms
bogomips	: 4589.37
clflush size	: 64
cache_alignment	: 64
address sizes	: 36 bits physical, 48 bits virtual
power management:



Memory: 4k page, physical 16023348k(8284536k free), swap 62944092k(62944092k free)

vm_info: Java HotSpot(TM) 64-Bit Server VM (24.51-b03) for linux-amd64 JRE (1.7.0_51-b13), built on Dec 18 2013 18:48:01 by "java_re" with gcc 4.3.0 20080428 (Red Hat 4.3.0-8)

time: Tue Oct 14 16:15:41 2014
elapsed time: 22 seconds

