#
# A fatal error has been detected by the Java Runtime Environment:
#
#  SIGSEGV (0xb) at pc=0x00007f8bbfa04965, pid=11136, tid=140237967488768
#
# JRE version: 6.0_26-b03
# Java VM: Java HotSpot(TM) 64-Bit Server VM (20.1-b02 mixed mode linux-amd64 compressed oops)
# Problematic frame:
# V  [libjvm.so+0x6a9965]  LoadKlassNode::make(PhaseGVN&, Node*, Node*, TypePtr const*, TypeKlassPtr const*)+0x45
#
# If you would like to submit a bug report, please visit:
#   http://java.sun.com/webapps/bugreport/crash.jsp
#

---------------  T H R E A D  ---------------

Current thread (0x00007f8bb8097000):  JavaThread "C2 CompilerThread1" daemon [_thread_in_native, id=11155, stack(0x00007f8bb22c7000,0x00007f8bb23c8000)]

siginfo:si_signo=SIGSEGV: si_errno=0, si_code=1 (SEGV_MAPERR), si_addr=0x0000000000000010

Registers:
RAX=0x00007f8bb805a8e0, RBX=0x00007f8bbfdd4e70, RCX=0x0000000000000000, RDX=0x0000000000000000
RSP=0x00007f8bb23c3c00, RBP=0x00007f8bb23c3c40, RSI=0x00007f8b740b4d10, RDI=0x00007f8b800375b0
R8 =0x00007f8bb805cf10, R9 =0x00007f8b800b7968, R10=0x00007f8b800375b0, R11=0x00007f8bc00ea610
R12=0x0000000000000000, R13=0x0000000000000000, R14=0x00007f8b800375b0, R15=0x00007f8bb23c5560
RIP=0x00007f8bbfa04965, EFLAGS=0x0000000000010246, CSGSFS=0x0000000000000033, ERR=0x0000000000000004
  TRAPNO=0x000000000000000e

Top of Stack: (sp=0x00007f8bb23c3c00)
0x00007f8bb23c3c00:   00007f8bb23c5fe0 00007f8bb805cf10
0x00007f8bb23c3c10:   00007f8b740b4d10 00007f8b800375b0
0x00007f8bb23c3c20:   00007f8bb23c4310 0000000000000000
0x00007f8bb23c3c30:   00007f8b74059ca0 00007f8b800b7868
0x00007f8bb23c3c40:   00007f8bb23c3c60 00007f8bbf7deb71
0x00007f8bb23c3c50:   00007f8b800375b0 00007f8bb23c4310
0x00007f8bb23c3c60:   00007f8bb23c3d10 00007f8bbf7e7092
0x00007f8bb23c3c70:   00007f8bb23c5560 00007f8b74059ca0
0x00007f8bb23c3c80:   00007f8b800375b0 00007f8b800b78d0
0x00007f8bb23c3c90:   0000000000000000 00007f8bb805c070
0x00007f8bb23c3ca0:   0000000000000000 00007f8b800b7828
0x00007f8bb23c3cb0:   00007f8b800375b0 00007f8b800375b0
0x00007f8bb23c3cc0:   00007f8bb23c3d10 0000000000000198
0x00007f8bb23c3cd0:   00007f8bb23c5fe0 0000000000000000
0x00007f8bb23c3ce0:   00007f8bb23c4310 0000000000000000
0x00007f8bb23c3cf0:   00007f8bb23c4310 00007f8b800b6d88
0x00007f8bb23c3d00:   00007f8bbfdf7850 00007f8b800b7748
0x00007f8bb23c3d10:   00007f8bb23c3d90 00007f8bbfa973f8
0x00007f8bb23c3d20:   00007f8bb805b0c0 00007f8b800b6dc8
0x00007f8bb23c3d30:   00007f8b800b6d88 00007f8b800375b0
0x00007f8bb23c3d40:   00007f8bb23c4310 00007f8b800b4098
0x00007f8bb23c3d50:   00007f8b00000003 00007f8bb23c43f0
0x00007f8bb23c3d60:   0100000000000002 00007f8b800b6ae0
0x00007f8bb23c3d70:   00007f8bb23c43f0 00007f8bb23c4310
0x00007f8bb23c3d80:   00007f8bb23c4310 0000000000000090
0x00007f8bb23c3d90:   00007f8bb23c41c0 00007f8bbfa8fc2b
0x00007f8bb23c3da0:   00007f8bb8034990 000000047aea6280
0x00007f8bb23c3db0:   00007f8bb23c3e30 00007f8bbf9b34e3
0x00007f8bb23c3dc0:   00007f8b7401c844 0000000000000000
0x00007f8bb23c3dd0:   00000000000000b6 00007f8bb23c3e90
0x00007f8bb23c3de0:   00007f8bb80978c0 00007f8bb23c3e8e
0x00007f8bb23c3df0:   00007f8bb23c3e60 00007f8bbf6b0d11 

Instructions: (pc=0x00007f8bbfa04965)
0x00007f8bbfa04945:   10 4c 89 f7 48 89 55 c0 49 8b 1e ff 53 28 4c 89
0x00007f8bbfa04955:   e2 8b 48 10 83 e9 0b 83 f9 03 48 0f 46 d0 31 c9
0x00007f8bbfa04965:   8b 42 10 83 e8 0b 83 f8 03 4c 0f 46 e2 4d 85 e4
0x00007f8bbfa04975:   74 0c 80 7a 31 00 b8 01 00 00 00 0f 45 c8 84 c9 

Register to memory mapping:

RAX=0x00007f8bb805a8e0 is an unknown value
RBX=0x00007f8bbfdd4e70: _ZTV7ConNode+0x10 in /home/lpxz/pool/jdk1.6.0_26/jre/lib/amd64/server/libjvm.so at 0x00007f8bbf35b000
RCX=0x0000000000000000 is an unknown value
RDX=0x0000000000000000 is an unknown value
RSP=0x00007f8bb23c3c00 is pointing into the stack for thread: 0x00007f8bb8097000
RBP=0x00007f8bb23c3c40 is pointing into the stack for thread: 0x00007f8bb8097000
RSI=0x00007f8b740b4d10 is an unknown value
RDI=0x00007f8b800375b0 is an unknown value
R8 =0x00007f8bb805cf10 is an unknown value
R9 =0x00007f8b800b7968 is an unknown value
R10=0x00007f8b800375b0 is an unknown value
R11=0x00007f8bc00ea610: <offset 0x184610> in /lib/x86_64-linux-gnu/libc.so.6 at 0x00007f8bbff66000
R12=0x0000000000000000 is an unknown value
R13=0x0000000000000000 is an unknown value
R14=0x00007f8b800375b0 is an unknown value
R15=0x00007f8bb23c5560 is pointing into the stack for thread: 0x00007f8bb8097000


Stack: [0x00007f8bb22c7000,0x00007f8bb23c8000],  sp=0x00007f8bb23c3c00,  free space=1011k
Native frames: (J=compiled Java code, j=interpreted, Vv=VM code, C=native code)
V  [libjvm.so+0x6a9965]  LoadKlassNode::make(PhaseGVN&, Node*, Node*, TypePtr const*, TypeKlassPtr const*)+0x45
V  [libjvm.so+0x483b71]  GraphKit::load_object_klass(Node*)+0x91
V  [libjvm.so+0x48c092]  GraphKit::gen_checkcast(Node*, Node*, Node**)+0x592
V  [libjvm.so+0x73c3f8]  Parse::array_store_check()+0x168
V  [libjvm.so+0x734c2b]  Parse::do_one_bytecode()+0x18ab
V  [libjvm.so+0x72a3aa]  Parse::do_one_block()+0x1aa
V  [libjvm.so+0x727e00]  Parse::do_all_blocks()+0x150
V  [libjvm.so+0x72793b]  Parse::Parse(JVMState*, ciMethod*, float)+0x59b
V  [libjvm.so+0x3215b4]  ParseGenerator::generate(JVMState*)+0x84
V  [libjvm.so+0x423d4e]  Parse::do_call()+0x17e
V  [libjvm.so+0x739c77]  Parse::do_one_bytecode()+0x68f7
V  [libjvm.so+0x72a3aa]  Parse::do_one_block()+0x1aa
V  [libjvm.so+0x727e00]  Parse::do_all_blocks()+0x150
V  [libjvm.so+0x72793b]  Parse::Parse(JVMState*, ciMethod*, float)+0x59b
V  [libjvm.so+0x3215b4]  ParseGenerator::generate(JVMState*)+0x84
V  [libjvm.so+0x423d4e]  Parse::do_call()+0x17e
V  [libjvm.so+0x739c77]  Parse::do_one_bytecode()+0x68f7
V  [libjvm.so+0x72a3aa]  Parse::do_one_block()+0x1aa
V  [libjvm.so+0x727e00]  Parse::do_all_blocks()+0x150
V  [libjvm.so+0x72793b]  Parse::Parse(JVMState*, ciMethod*, float)+0x59b
V  [libjvm.so+0x3215b4]  ParseGenerator::generate(JVMState*)+0x84
V  [libjvm.so+0x39dcc2]  Compile::Compile(ciEnv*, C2Compiler*, ciMethod*, int, bool, bool)+0x762
V  [libjvm.so+0x320d2e]  C2Compiler::compile_method(ciEnv*, ciMethod*, int)+0x9e
V  [libjvm.so+0x3a862a]  CompileBroker::invoke_compiler_on_method(CompileTask*)+0x2ca
V  [libjvm.so+0x3a7f15]  CompileBroker::compiler_thread_loop()+0x355
V  [libjvm.so+0x81fbe9]  compiler_thread_entry(JavaThread*, Thread*)+0x9
V  [libjvm.so+0x8190f1]  JavaThread::run()+0x121
V  [libjvm.so+0x710adf]  java_start(Thread*)+0x13f


Current CompileTask:
C2:    132  29      spec.jbb.JBButil.create_random_a_string(IIS)[C (134 bytes)


---------------  P R O C E S S  ---------------

Java Threads: ( => current thread )
  0x00007f8bb8099800 JavaThread "Low Memory Detector" daemon [_thread_blocked, id=11156, stack(0x00007f8bb21c6000,0x00007f8bb22c7000)]
=>0x00007f8bb8097000 JavaThread "C2 CompilerThread1" daemon [_thread_in_native, id=11155, stack(0x00007f8bb22c7000,0x00007f8bb23c8000)]
  0x00007f8bb8094000 JavaThread "C2 CompilerThread0" daemon [_thread_in_vm, id=11154, stack(0x00007f8bb23c8000,0x00007f8bb24c9000)]
  0x00007f8bb8092000 JavaThread "Signal Dispatcher" daemon [_thread_blocked, id=11153, stack(0x00007f8bb24c9000,0x00007f8bb25ca000)]
  0x00007f8bb8076000 JavaThread "Finalizer" daemon [_thread_blocked, id=11152, stack(0x00007f8bb2cae000,0x00007f8bb2daf000)]
  0x00007f8bb8074000 JavaThread "Reference Handler" daemon [_thread_blocked, id=11151, stack(0x00007f8bb2daf000,0x00007f8bb2eb0000)]
  0x00007f8bb8007800 JavaThread "main" [_thread_in_Java, id=11141, stack(0x00007f8bbef5e000,0x00007f8bbf05f000)]

Other Threads:
  0x00007f8bb806d000 VMThread [stack: 0x00007f8bb2eb0000,0x00007f8bb2fb1000] [id=11150]
  0x00007f8bb80ac000 WatcherThread [stack: 0x00007f8bb20c5000,0x00007f8bb21c6000] [id=11157]

VM state:not at safepoint (normal execution)

VM Mutex/Monitor currently owned by a thread: None

Heap
 PSYoungGen      total 74368K, used 12194K [0x00000006d5560000, 0x00000006da860000, 0x0000000800000000)
  eden space 63744K, 19% used [0x00000006d5560000,0x00000006d6148bf0,0x00000006d93a0000)
  from space 10624K, 0% used [0x00000006d9e00000,0x00000006d9e00000,0x00000006da860000)
  to   space 10624K, 0% used [0x00000006d93a0000,0x00000006d93a0000,0x00000006d9e00000)
 PSOldGen        total 169984K, used 0K [0x0000000480000000, 0x000000048a600000, 0x00000006d5560000)
  object space 169984K, 0% used [0x0000000480000000,0x0000000480000000,0x000000048a600000)
 PSPermGen       total 21248K, used 6027K [0x000000047ae00000, 0x000000047c2c0000, 0x0000000480000000)
  object space 21248K, 28% used [0x000000047ae00000,0x000000047b3e2f68,0x000000047c2c0000)

Code Cache  [0x00007f8bb5000000, 0x00007f8bb5270000, 0x00007f8bb8000000)
 total_blobs=278 nmethods=32 adapters=201 free_code_cache=49854272 largest_free_block=12224

Dynamic libraries:
40000000-40009000 r-xp 00000000 08:05 5512341                            /home/lpxz/pool/jdk1.6.0_26/jre/bin/java
40108000-4010a000 rwxp 00008000 08:05 5512341                            /home/lpxz/pool/jdk1.6.0_26/jre/bin/java
405fd000-4061e000 rwxp 00000000 00:00 0                                  [heap]
47ae00000-47c2c0000 rwxp 00000000 00:00 0 
47c2c0000-480000000 rwxp 00000000 00:00 0 
480000000-48a600000 rwxp 00000000 00:00 0 
48a600000-6d5560000 rwxp 00000000 00:00 0 
6d5560000-6da860000 rwxp 00000000 00:00 0 
6da860000-800000000 rwxp 00000000 00:00 0 
7f8b6c000000-7f8b6c021000 rwxp 00000000 00:00 0 
7f8b6c021000-7f8b70000000 ---p 00000000 00:00 0 
7f8b74000000-7f8b740e2000 rwxp 00000000 00:00 0 
7f8b740e2000-7f8b78000000 ---p 00000000 00:00 0 
7f8b78000000-7f8b78021000 rwxp 00000000 00:00 0 
7f8b78021000-7f8b7c000000 ---p 00000000 00:00 0 
7f8b7c000000-7f8b7c021000 rwxp 00000000 00:00 0 
7f8b7c021000-7f8b80000000 ---p 00000000 00:00 0 
7f8b80000000-7f8b80192000 rwxp 00000000 00:00 0 
7f8b80192000-7f8b84000000 ---p 00000000 00:00 0 
7f8b84000000-7f8b84021000 rwxp 00000000 00:00 0 
7f8b84021000-7f8b88000000 ---p 00000000 00:00 0 
7f8b88000000-7f8b88021000 rwxp 00000000 00:00 0 
7f8b88021000-7f8b8c000000 ---p 00000000 00:00 0 
7f8b8c000000-7f8b8c021000 rwxp 00000000 00:00 0 
7f8b8c021000-7f8b90000000 ---p 00000000 00:00 0 
7f8b90000000-7f8b90021000 rwxp 00000000 00:00 0 
7f8b90021000-7f8b94000000 ---p 00000000 00:00 0 
7f8b94000000-7f8b94021000 rwxp 00000000 00:00 0 
7f8b94021000-7f8b98000000 ---p 00000000 00:00 0 
7f8b98000000-7f8b98021000 rwxp 00000000 00:00 0 
7f8b98021000-7f8b9c000000 ---p 00000000 00:00 0 
7f8b9c000000-7f8b9c021000 rwxp 00000000 00:00 0 
7f8b9c021000-7f8ba0000000 ---p 00000000 00:00 0 
7f8ba0000000-7f8ba0021000 rwxp 00000000 00:00 0 
7f8ba0021000-7f8ba4000000 ---p 00000000 00:00 0 
7f8ba4000000-7f8ba4021000 rwxp 00000000 00:00 0 
7f8ba4021000-7f8ba8000000 ---p 00000000 00:00 0 
7f8ba8000000-7f8ba8021000 rwxp 00000000 00:00 0 
7f8ba8021000-7f8bac000000 ---p 00000000 00:00 0 
7f8bac000000-7f8bac021000 rwxp 00000000 00:00 0 
7f8bac021000-7f8bb0000000 ---p 00000000 00:00 0 
7f8bb20c5000-7f8bb20c6000 ---p 00000000 00:00 0 
7f8bb20c6000-7f8bb21c6000 rwxp 00000000 00:00 0                          [stack:11157]
7f8bb21c6000-7f8bb21c9000 ---p 00000000 00:00 0 
7f8bb21c9000-7f8bb22c7000 rwxp 00000000 00:00 0                          [stack:11156]
7f8bb22c7000-7f8bb22ca000 ---p 00000000 00:00 0 
7f8bb22ca000-7f8bb23c8000 rwxp 00000000 00:00 0                          [stack:11155]
7f8bb23c8000-7f8bb23cb000 ---p 00000000 00:00 0 
7f8bb23cb000-7f8bb24c9000 rwxp 00000000 00:00 0                          [stack:11154]
7f8bb24c9000-7f8bb24cc000 ---p 00000000 00:00 0 
7f8bb24cc000-7f8bb25ca000 rwxp 00000000 00:00 0                          [stack:11153]
7f8bb25ca000-7f8bb2cae000 r-xp 00000000 08:05 268596                     /usr/lib/locale/locale-archive
7f8bb2cae000-7f8bb2cb1000 ---p 00000000 00:00 0 
7f8bb2cb1000-7f8bb2daf000 rwxp 00000000 00:00 0                          [stack:11152]
7f8bb2daf000-7f8bb2db2000 ---p 00000000 00:00 0 
7f8bb2db2000-7f8bb2eb0000 rwxp 00000000 00:00 0                          [stack:11151]
7f8bb2eb0000-7f8bb2eb1000 ---p 00000000 00:00 0 
7f8bb2eb1000-7f8bb38ba000 rwxp 00000000 00:00 0                          [stack:11150]
7f8bb38ba000-7f8bb3a52000 r-xs 03029000 08:05 5378036                    /home/lpxz/pool/jdk1.6.0_26/jre/lib/rt.jar
7f8bb3a52000-7f8bb3a53000 ---p 00000000 00:00 0 
7f8bb3a53000-7f8bb3b53000 rwxp 00000000 00:00 0                          [stack:11149]
7f8bb3b53000-7f8bb3b54000 ---p 00000000 00:00 0 
7f8bb3b54000-7f8bb3c54000 rwxp 00000000 00:00 0                          [stack:11148]
7f8bb3c54000-7f8bb3c55000 ---p 00000000 00:00 0 
7f8bb3c55000-7f8bb3da8000 rwxp 00000000 00:00 0                          [stack:11147]
7f8bb3da8000-7f8bb5000000 rwxp 00000000 00:00 0 
7f8bb5000000-7f8bb5270000 rwxp 00000000 00:00 0 
7f8bb5270000-7f8bb812e000 rwxp 00000000 00:00 0 
7f8bb812e000-7f8bbc000000 ---p 00000000 00:00 0 
7f8bbc014000-7f8bbc070000 rwxp 00000000 00:00 0 
7f8bbc070000-7f8bbc071000 ---p 00000000 00:00 0 
7f8bbc071000-7f8bbc171000 rwxp 00000000 00:00 0                          [stack:11146]
7f8bbc171000-7f8bbc172000 ---p 00000000 00:00 0 
7f8bbc172000-7f8bbc272000 rwxp 00000000 00:00 0                          [stack:11145]
7f8bbc272000-7f8bbc273000 ---p 00000000 00:00 0 
7f8bbc273000-7f8bbc373000 rwxp 00000000 00:00 0                          [stack:11144]
7f8bbc373000-7f8bbc374000 ---p 00000000 00:00 0 
7f8bbc374000-7f8bbc474000 rwxp 00000000 00:00 0                          [stack:11143]
7f8bbc474000-7f8bbc475000 ---p 00000000 00:00 0 
7f8bbc475000-7f8bbc580000 rwxp 00000000 00:00 0                          [stack:11142]
7f8bbc580000-7f8bbc59e000 rwxp 00000000 00:00 0 
7f8bbc59e000-7f8bbc5a9000 rwxp 00000000 00:00 0 
7f8bbc5a9000-7f8bbc5c7000 rwxp 00000000 00:00 0 
7f8bbc5c7000-7f8bbc61a000 rwxp 00000000 00:00 0 
7f8bbc61a000-7f8bbd871000 rwxp 00000000 00:00 0 
7f8bbd871000-7f8bbd89c000 rwxp 00000000 00:00 0 
7f8bbd89c000-7f8bbe1c7000 rwxp 00000000 00:00 0 
7f8bbe1c7000-7f8bbe1c8000 rwxp 00000000 00:00 0 
7f8bbe1c8000-7f8bbe1d6000 r-xp 00000000 08:05 12330712                   /home/lpxz/pool/jdk1.6.0_26/jre/lib/amd64/libzip.so
7f8bbe1d6000-7f8bbe2d8000 ---p 0000e000 08:05 12330712                   /home/lpxz/pool/jdk1.6.0_26/jre/lib/amd64/libzip.so
7f8bbe2d8000-7f8bbe2db000 rwxp 00010000 08:05 12330712                   /home/lpxz/pool/jdk1.6.0_26/jre/lib/amd64/libzip.so
7f8bbe2db000-7f8bbe2dc000 rwxp 00000000 00:00 0 
7f8bbe2dc000-7f8bbe2e8000 r-xp 00000000 08:05 19926911                   /lib/x86_64-linux-gnu/libnss_files-2.15.so
7f8bbe2e8000-7f8bbe4e7000 ---p 0000c000 08:05 19926911                   /lib/x86_64-linux-gnu/libnss_files-2.15.so
7f8bbe4e7000-7f8bbe4e8000 r-xp 0000b000 08:05 19926911                   /lib/x86_64-linux-gnu/libnss_files-2.15.so
7f8bbe4e8000-7f8bbe4e9000 rwxp 0000c000 08:05 19926911                   /lib/x86_64-linux-gnu/libnss_files-2.15.so
7f8bbe4e9000-7f8bbe4f3000 r-xp 00000000 08:05 19926915                   /lib/x86_64-linux-gnu/libnss_nis-2.15.so
7f8bbe4f3000-7f8bbe6f3000 ---p 0000a000 08:05 19926915                   /lib/x86_64-linux-gnu/libnss_nis-2.15.so
7f8bbe6f3000-7f8bbe6f4000 r-xp 0000a000 08:05 19926915                   /lib/x86_64-linux-gnu/libnss_nis-2.15.so
7f8bbe6f4000-7f8bbe6f5000 rwxp 0000b000 08:05 19926915                   /lib/x86_64-linux-gnu/libnss_nis-2.15.so
7f8bbe6f5000-7f8bbe6fd000 r-xp 00000000 08:05 19926907                   /lib/x86_64-linux-gnu/libnss_compat-2.15.so
7f8bbe6fd000-7f8bbe8fc000 ---p 00008000 08:05 19926907                   /lib/x86_64-linux-gnu/libnss_compat-2.15.so
7f8bbe8fc000-7f8bbe8fd000 r-xp 00007000 08:05 19926907                   /lib/x86_64-linux-gnu/libnss_compat-2.15.so
7f8bbe8fd000-7f8bbe8fe000 rwxp 00008000 08:05 19926907                   /lib/x86_64-linux-gnu/libnss_compat-2.15.so
7f8bbe8fe000-7f8bbe915000 r-xp 00000000 08:05 19926905                   /lib/x86_64-linux-gnu/libnsl-2.15.so
7f8bbe915000-7f8bbeb14000 ---p 00017000 08:05 19926905                   /lib/x86_64-linux-gnu/libnsl-2.15.so
7f8bbeb14000-7f8bbeb15000 r-xp 00016000 08:05 19926905                   /lib/x86_64-linux-gnu/libnsl-2.15.so
7f8bbeb15000-7f8bbeb16000 rwxp 00017000 08:05 19926905                   /lib/x86_64-linux-gnu/libnsl-2.15.so
7f8bbeb16000-7f8bbeb18000 rwxp 00000000 00:00 0 
7f8bbeb18000-7f8bbeb41000 r-xp 00000000 08:05 12330721                   /home/lpxz/pool/jdk1.6.0_26/jre/lib/amd64/libjava.so
7f8bbeb41000-7f8bbec40000 ---p 00029000 08:05 12330721                   /home/lpxz/pool/jdk1.6.0_26/jre/lib/amd64/libjava.so
7f8bbec40000-7f8bbec47000 rwxp 00028000 08:05 12330721                   /home/lpxz/pool/jdk1.6.0_26/jre/lib/amd64/libjava.so
7f8bbec47000-7f8bbec54000 r-xp 00000000 08:05 12330707                   /home/lpxz/pool/jdk1.6.0_26/jre/lib/amd64/libverify.so
7f8bbec54000-7f8bbed53000 ---p 0000d000 08:05 12330707                   /home/lpxz/pool/jdk1.6.0_26/jre/lib/amd64/libverify.so
7f8bbed53000-7f8bbed56000 rwxp 0000c000 08:05 12330707                   /home/lpxz/pool/jdk1.6.0_26/jre/lib/amd64/libverify.so
7f8bbed56000-7f8bbed5d000 r-xp 00000000 08:05 19926946                   /lib/x86_64-linux-gnu/librt-2.15.so
7f8bbed5d000-7f8bbef5c000 ---p 00007000 08:05 19926946                   /lib/x86_64-linux-gnu/librt-2.15.so
7f8bbef5c000-7f8bbef5d000 r-xp 00006000 08:05 19926946                   /lib/x86_64-linux-gnu/librt-2.15.so
7f8bbef5d000-7f8bbef5e000 rwxp 00007000 08:05 19926946                   /lib/x86_64-linux-gnu/librt-2.15.so
7f8bbef5e000-7f8bbef61000 ---p 00000000 00:00 0 
7f8bbef61000-7f8bbf05f000 rwxp 00000000 00:00 0                          [stack:11141]
7f8bbf05f000-7f8bbf15a000 r-xp 00000000 08:05 19926892                   /lib/x86_64-linux-gnu/libm-2.15.so
7f8bbf15a000-7f8bbf359000 ---p 000fb000 08:05 19926892                   /lib/x86_64-linux-gnu/libm-2.15.so
7f8bbf359000-7f8bbf35a000 r-xp 000fa000 08:05 19926892                   /lib/x86_64-linux-gnu/libm-2.15.so
7f8bbf35a000-7f8bbf35b000 rwxp 000fb000 08:05 19926892                   /lib/x86_64-linux-gnu/libm-2.15.so
7f8bbf35b000-7f8bbfc75000 r-xp 00000000 08:05 12330693                   /home/lpxz/pool/jdk1.6.0_26/jre/lib/amd64/server/libjvm.so
7f8bbfc75000-7f8bbfd77000 ---p 0091a000 08:05 12330693                   /home/lpxz/pool/jdk1.6.0_26/jre/lib/amd64/server/libjvm.so
7f8bbfd77000-7f8bbff2c000 rwxp 0091c000 08:05 12330693                   /home/lpxz/pool/jdk1.6.0_26/jre/lib/amd64/server/libjvm.so
7f8bbff2c000-7f8bbff66000 rwxp 00000000 00:00 0 
7f8bbff66000-7f8bc011b000 r-xp 00000000 08:05 19926860                   /lib/x86_64-linux-gnu/libc-2.15.so
7f8bc011b000-7f8bc031b000 ---p 001b5000 08:05 19926860                   /lib/x86_64-linux-gnu/libc-2.15.so
7f8bc031b000-7f8bc031f000 r-xp 001b5000 08:05 19926860                   /lib/x86_64-linux-gnu/libc-2.15.so
7f8bc031f000-7f8bc0321000 rwxp 001b9000 08:05 19926860                   /lib/x86_64-linux-gnu/libc-2.15.so
7f8bc0321000-7f8bc0326000 rwxp 00000000 00:00 0 
7f8bc0326000-7f8bc0328000 r-xp 00000000 08:05 19926873                   /lib/x86_64-linux-gnu/libdl-2.15.so
7f8bc0328000-7f8bc0528000 ---p 00002000 08:05 19926873                   /lib/x86_64-linux-gnu/libdl-2.15.so
7f8bc0528000-7f8bc0529000 r-xp 00002000 08:05 19926873                   /lib/x86_64-linux-gnu/libdl-2.15.so
7f8bc0529000-7f8bc052a000 rwxp 00003000 08:05 19926873                   /lib/x86_64-linux-gnu/libdl-2.15.so
7f8bc052a000-7f8bc0542000 r-xp 00000000 08:05 19926940                   /lib/x86_64-linux-gnu/libpthread-2.15.so
7f8bc0542000-7f8bc0741000 ---p 00018000 08:05 19926940                   /lib/x86_64-linux-gnu/libpthread-2.15.so
7f8bc0741000-7f8bc0742000 r-xp 00017000 08:05 19926940                   /lib/x86_64-linux-gnu/libpthread-2.15.so
7f8bc0742000-7f8bc0743000 rwxp 00018000 08:05 19926940                   /lib/x86_64-linux-gnu/libpthread-2.15.so
7f8bc0743000-7f8bc0747000 rwxp 00000000 00:00 0 
7f8bc0747000-7f8bc0769000 r-xp 00000000 08:05 19926840                   /lib/x86_64-linux-gnu/ld-2.15.so
7f8bc0776000-7f8bc0782000 r-xs 000da000 08:05 5512457                    /home/lpxz/eclipse/workspacePA_icse/soot-One/lib/polyglotclasses-1.3.5.jar
7f8bc0782000-7f8bc078c000 rwxp 00000000 00:00 0 
7f8bc078c000-7f8bc0842000 rwxp 00000000 00:00 0 
7f8bc0842000-7f8bc0845000 rwxp 00000000 00:00 0 
7f8bc0845000-7f8bc084c000 r-xp 00000000 08:05 12330685                   /home/lpxz/pool/jdk1.6.0_26/jre/lib/amd64/jli/libjli.so
7f8bc084c000-7f8bc094d000 ---p 00007000 08:05 12330685                   /home/lpxz/pool/jdk1.6.0_26/jre/lib/amd64/jli/libjli.so
7f8bc094d000-7f8bc094f000 rwxp 00008000 08:05 12330685                   /home/lpxz/pool/jdk1.6.0_26/jre/lib/amd64/jli/libjli.so
7f8bc094f000-7f8bc0950000 rwxp 00000000 00:00 0 
7f8bc0952000-7f8bc0955000 r-xs 0002b000 08:05 5512456                    /home/lpxz/eclipse/workspacePA_icse/soot-One/lib/jasminclasses-2.5.0.jar
7f8bc0955000-7f8bc0959000 r-xs 0001c000 08:05 8915106                    /home/lpxz/eclipse/workspacePA_icse/leap/recorder/lib/junit-4.2.jar
7f8bc0959000-7f8bc095d000 r-xs 000cb000 08:05 14029899                   /home/lpxz/pool/jdk1.6.0_26/jre/lib/ext/localedata.jar
7f8bc095d000-7f8bc0965000 rwxs 00000000 08:05 24120953                   /tmp/hsperfdata_lpxz/11136
7f8bc0965000-7f8bc0966000 rwxp 00000000 00:00 0 
7f8bc0966000-7f8bc0967000 r-xp 00000000 00:00 0 
7f8bc0967000-7f8bc0969000 rwxp 00000000 00:00 0 
7f8bc0969000-7f8bc096a000 r-xp 00022000 08:05 19926840                   /lib/x86_64-linux-gnu/ld-2.15.so
7f8bc096a000-7f8bc096c000 rwxp 00023000 08:05 19926840                   /lib/x86_64-linux-gnu/ld-2.15.so
7fff59364000-7fff59385000 rwxp 00000000 00:00 0                          [stack]
7fff593fe000-7fff59400000 r-xp 00000000 00:00 0                          [vdso]
ffffffffff600000-ffffffffff601000 r-xp 00000000 00:00 0                  [vsyscall]

VM Arguments:
jvm_args: -Xverify:none -Xmx14g -Dfile.encoding=UTF-8 
java_command: edu.hkust.leap.record.RecordMain 1025 spec.jbb.JBBmain
Launcher Type: SUN_STANDARD

Environment Variables:
CLASSPATH=.:/home/lpxz/java_standard/lib/dt.jar:/home/lpxz/java_standard/lib/tools.jar:/home/lpxz/java_standard/lib/
PATH=/home/lpxz/bin/:/home/lpxz/workspace/scala/bin/:/home/lpxz/java_standard/jre/bin:/usr/local/sbin:/usr/local/bin:/usr/sbin:/usr/bin:/sbin:/bin:/usr/games:/home/lpxz/java_standard/bin:/home/lpxz/work/ant1.8/bin:/home/lpxz/work/jsPatch/node_modules/nodeunit/bin
LD_LIBRARY_PATH=/home/lpxz/pool/jdk1.6.0_26/jre/lib/amd64/server:/home/lpxz/pool/jdk1.6.0_26/jre/lib/amd64:/home/lpxz/pool/jdk1.6.0_26/jre/../lib/amd64
SHELL=/bin/bash
DISPLAY=:0

Signal Handlers:
SIGSEGV: [libjvm.so+0x85f800], sa_mask[0]=0x7ffbfeff, sa_flags=0x10000004
SIGBUS: [libjvm.so+0x85f800], sa_mask[0]=0x7ffbfeff, sa_flags=0x10000004
SIGFPE: [libjvm.so+0x70e300], sa_mask[0]=0x7ffbfeff, sa_flags=0x10000004
SIGPIPE: [libjvm.so+0x70e300], sa_mask[0]=0x7ffbfeff, sa_flags=0x10000004
SIGXFSZ: [libjvm.so+0x70e300], sa_mask[0]=0x7ffbfeff, sa_flags=0x10000004
SIGILL: [libjvm.so+0x70e300], sa_mask[0]=0x7ffbfeff, sa_flags=0x10000004
SIGUSR1: SIG_DFL, sa_mask[0]=0x00000000, sa_flags=0x00000000
SIGUSR2: [libjvm.so+0x711110], sa_mask[0]=0x00000004, sa_flags=0x10000004
SIGHUP: [libjvm.so+0x710d10], sa_mask[0]=0x7ffbfeff, sa_flags=0x10000004
SIGINT: [libjvm.so+0x710d10], sa_mask[0]=0x7ffbfeff, sa_flags=0x10000004
SIGTERM: [libjvm.so+0x710d10], sa_mask[0]=0x7ffbfeff, sa_flags=0x10000004
SIGQUIT: [libjvm.so+0x710d10], sa_mask[0]=0x7ffbfeff, sa_flags=0x10000004


---------------  S Y S T E M  ---------------

OS:wheezy/sid

uname:Linux 3.11.0-18-generic #32~precise1-Ubuntu SMP Thu Feb 20 17:52:10 UTC 2014 x86_64
libc:glibc 2.15 NPTL 2.15 
rlimit: STACK 8192k, CORE 0k, NPROC 127328, NOFILE 4096, AS infinity
load average:0.62 0.46 0.33

/proc/meminfo:
MemTotal:       16317216 kB
MemFree:         8255280 kB
Buffers:          302796 kB
Cached:          4239964 kB
SwapCached:            0 kB
Active:          4741724 kB
Inactive:        2553260 kB
Active(anon):    2399936 kB
Inactive(anon):  1016876 kB
Active(file):    2341788 kB
Inactive(file):  1536384 kB
Unevictable:         120 kB
Mlocked:             120 kB
SwapTotal:      16659452 kB
SwapFree:       16659304 kB
Dirty:               216 kB
Writeback:             0 kB
AnonPages:       2751964 kB
Mapped:           317784 kB
Shmem:            664560 kB
Slab:             569548 kB
SReclaimable:     520616 kB
SUnreclaim:        48932 kB
KernelStack:        5984 kB
PageTables:        46484 kB
NFS_Unstable:          0 kB
Bounce:                0 kB
WritebackTmp:          0 kB
CommitLimit:    24818060 kB
Committed_AS:    8246836 kB
VmallocTotal:   34359738367 kB
VmallocUsed:      376468 kB
VmallocChunk:   34359359064 kB
HardwareCorrupted:     0 kB
AnonHugePages:         0 kB
HugePages_Total:       0
HugePages_Free:        0
HugePages_Rsvd:        0
HugePages_Surp:        0
Hugepagesize:       2048 kB
DirectMap4k:       78672 kB
DirectMap2M:    16582656 kB


CPU:total 8 (4 cores per cpu, 2 threads per core) family 6 model 58 stepping 9, cmov, cx8, fxsr, mmx, sse, sse2, sse3, ssse3, sse4.1, sse4.2, popcnt, ht

/proc/cpuinfo:
processor	: 0
vendor_id	: GenuineIntel
cpu family	: 6
model		: 58
model name	: Intel(R) Core(TM) i7-3770 CPU @ 3.40GHz
stepping	: 9
microcode	: 0x16
cpu MHz		: 1600.000
cache size	: 8192 KB
physical id	: 0
siblings	: 8
core id		: 0
cpu cores	: 4
apicid		: 0
initial apicid	: 0
fpu		: yes
fpu_exception	: yes
cpuid level	: 13
wp		: yes
flags		: fpu vme de pse tsc msr pae mce cx8 apic sep mtrr pge mca cmov pat pse36 clflush dts acpi mmx fxsr sse sse2 ss ht tm pbe syscall nx rdtscp lm constant_tsc arch_perfmon pebs bts rep_good nopl xtopology nonstop_tsc aperfmperf eagerfpu pni pclmulqdq dtes64 monitor ds_cpl vmx smx est tm2 ssse3 cx16 xtpr pdcm pcid sse4_1 sse4_2 x2apic popcnt tsc_deadline_timer aes xsave avx f16c rdrand lahf_lm ida arat epb xsaveopt pln pts dtherm tpr_shadow vnmi flexpriority ept vpid fsgsbase smep erms
bogomips	: 6784.09
clflush size	: 64
cache_alignment	: 64
address sizes	: 36 bits physical, 48 bits virtual
power management:

processor	: 1
vendor_id	: GenuineIntel
cpu family	: 6
model		: 58
model name	: Intel(R) Core(TM) i7-3770 CPU @ 3.40GHz
stepping	: 9
microcode	: 0x16
cpu MHz		: 1600.000
cache size	: 8192 KB
physical id	: 0
siblings	: 8
core id		: 1
cpu cores	: 4
apicid		: 2
initial apicid	: 2
fpu		: yes
fpu_exception	: yes
cpuid level	: 13
wp		: yes
flags		: fpu vme de pse tsc msr pae mce cx8 apic sep mtrr pge mca cmov pat pse36 clflush dts acpi mmx fxsr sse sse2 ss ht tm pbe syscall nx rdtscp lm constant_tsc arch_perfmon pebs bts rep_good nopl xtopology nonstop_tsc aperfmperf eagerfpu pni pclmulqdq dtes64 monitor ds_cpl vmx smx est tm2 ssse3 cx16 xtpr pdcm pcid sse4_1 sse4_2 x2apic popcnt tsc_deadline_timer aes xsave avx f16c rdrand lahf_lm ida arat epb xsaveopt pln pts dtherm tpr_shadow vnmi flexpriority ept vpid fsgsbase smep erms
bogomips	: 6784.09
clflush size	: 64
cache_alignment	: 64
address sizes	: 36 bits physical, 48 bits virtual
power management:

processor	: 2
vendor_id	: GenuineIntel
cpu family	: 6
model		: 58
model name	: Intel(R) Core(TM) i7-3770 CPU @ 3.40GHz
stepping	: 9
microcode	: 0x16
cpu MHz		: 1600.000
cache size	: 8192 KB
physical id	: 0
siblings	: 8
core id		: 2
cpu cores	: 4
apicid		: 4
initial apicid	: 4
fpu		: yes
fpu_exception	: yes
cpuid level	: 13
wp		: yes
flags		: fpu vme de pse tsc msr pae mce cx8 apic sep mtrr pge mca cmov pat pse36 clflush dts acpi mmx fxsr sse sse2 ss ht tm pbe syscall nx rdtscp lm constant_tsc arch_perfmon pebs bts rep_good nopl xtopology nonstop_tsc aperfmperf eagerfpu pni pclmulqdq dtes64 monitor ds_cpl vmx smx est tm2 ssse3 cx16 xtpr pdcm pcid sse4_1 sse4_2 x2apic popcnt tsc_deadline_timer aes xsave avx f16c rdrand lahf_lm ida arat epb xsaveopt pln pts dtherm tpr_shadow vnmi flexpriority ept vpid fsgsbase smep erms
bogomips	: 6784.09
clflush size	: 64
cache_alignment	: 64
address sizes	: 36 bits physical, 48 bits virtual
power management:

processor	: 3
vendor_id	: GenuineIntel
cpu family	: 6
model		: 58
model name	: Intel(R) Core(TM) i7-3770 CPU @ 3.40GHz
stepping	: 9
microcode	: 0x16
cpu MHz		: 1600.000
cache size	: 8192 KB
physical id	: 0
siblings	: 8
core id		: 3
cpu cores	: 4
apicid		: 6
initial apicid	: 6
fpu		: yes
fpu_exception	: yes
cpuid level	: 13
wp		: yes
flags		: fpu vme de pse tsc msr pae mce cx8 apic sep mtrr pge mca cmov pat pse36 clflush dts acpi mmx fxsr sse sse2 ss ht tm pbe syscall nx rdtscp lm constant_tsc arch_perfmon pebs bts rep_good nopl xtopology nonstop_tsc aperfmperf eagerfpu pni pclmulqdq dtes64 monitor ds_cpl vmx smx est tm2 ssse3 cx16 xtpr pdcm pcid sse4_1 sse4_2 x2apic popcnt tsc_deadline_timer aes xsave avx f16c rdrand lahf_lm ida arat epb xsaveopt pln pts dtherm tpr_shadow vnmi flexpriority ept vpid fsgsbase smep erms
bogomips	: 6784.09
clflush size	: 64
cache_alignment	: 64
address sizes	: 36 bits physical, 48 bits virtual
power management:

processor	: 4
vendor_id	: GenuineIntel
cpu family	: 6
model		: 58
model name	: Intel(R) Core(TM) i7-3770 CPU @ 3.40GHz
stepping	: 9
microcode	: 0x16
cpu MHz		: 1600.000
cache size	: 8192 KB
physical id	: 0
siblings	: 8
core id		: 0
cpu cores	: 4
apicid		: 1
initial apicid	: 1
fpu		: yes
fpu_exception	: yes
cpuid level	: 13
wp		: yes
flags		: fpu vme de pse tsc msr pae mce cx8 apic sep mtrr pge mca cmov pat pse36 clflush dts acpi mmx fxsr sse sse2 ss ht tm pbe syscall nx rdtscp lm constant_tsc arch_perfmon pebs bts rep_good nopl xtopology nonstop_tsc aperfmperf eagerfpu pni pclmulqdq dtes64 monitor ds_cpl vmx smx est tm2 ssse3 cx16 xtpr pdcm pcid sse4_1 sse4_2 x2apic popcnt tsc_deadline_timer aes xsave avx f16c rdrand lahf_lm ida arat epb xsaveopt pln pts dtherm tpr_shadow vnmi flexpriority ept vpid fsgsbase smep erms
bogomips	: 6784.09
clflush size	: 64
cache_alignment	: 64
address sizes	: 36 bits physical, 48 bits virtual
power management:

processor	: 5
vendor_id	: GenuineIntel
cpu family	: 6
model		: 58
model name	: Intel(R) Core(TM) i7-3770 CPU @ 3.40GHz
stepping	: 9
microcode	: 0x16
cpu MHz		: 1600.000
cache size	: 8192 KB
physical id	: 0
siblings	: 8
core id		: 1
cpu cores	: 4
apicid		: 3
initial apicid	: 3
fpu		: yes
fpu_exception	: yes
cpuid level	: 13
wp		: yes
flags		: fpu vme de pse tsc msr pae mce cx8 apic sep mtrr pge mca cmov pat pse36 clflush dts acpi mmx fxsr sse sse2 ss ht tm pbe syscall nx rdtscp lm constant_tsc arch_perfmon pebs bts rep_good nopl xtopology nonstop_tsc aperfmperf eagerfpu pni pclmulqdq dtes64 monitor ds_cpl vmx smx est tm2 ssse3 cx16 xtpr pdcm pcid sse4_1 sse4_2 x2apic popcnt tsc_deadline_timer aes xsave avx f16c rdrand lahf_lm ida arat epb xsaveopt pln pts dtherm tpr_shadow vnmi flexpriority ept vpid fsgsbase smep erms
bogomips	: 6784.09
clflush size	: 64
cache_alignment	: 64
address sizes	: 36 bits physical, 48 bits virtual
power management:

processor	: 6
vendor_id	: GenuineIntel
cpu family	: 6
model		: 58
model name	: Intel(R) Core(TM) i7-3770 CPU @ 3.40GHz
stepping	: 9
microcode	: 0x16
cpu MHz		: 3401.000
cache size	: 8192 KB
physical id	: 0
siblings	: 8
core id		: 2
cpu cores	: 4
apicid		: 5
initial apicid	: 5
fpu		: yes
fpu_exception	: yes
cpuid level	: 13
wp		: yes
flags		: fpu vme de pse tsc msr pae mce cx8 apic sep mtrr pge mca cmov pat pse36 clflush dts acpi mmx fxsr sse sse2 ss ht tm pbe syscall nx rdtscp lm constant_tsc arch_perfmon pebs bts rep_good nopl xtopology nonstop_tsc aperfmperf eagerfpu pni pclmulqdq dtes64 monitor ds_cpl vmx smx est tm2 ssse3 cx16 xtpr pdcm pcid sse4_1 sse4_2 x2apic popcnt tsc_deadline_timer aes xsave avx f16c rdrand lahf_lm ida arat epb xsaveopt pln pts dtherm tpr_shadow vnmi flexpriority ept vpid fsgsbase smep erms
bogomips	: 6784.09
clflush size	: 64
cache_alignment	: 64
address sizes	: 36 bits physical, 48 bits virtual
power management:

processor	: 7
vendor_id	: GenuineIntel
cpu family	: 6
model		: 58
model name	: Intel(R) Core(TM) i7-3770 CPU @ 3.40GHz
stepping	: 9
microcode	: 0x16
cpu MHz		: 3401.000
cache size	: 8192 KB
physical id	: 0
siblings	: 8
core id		: 3
cpu cores	: 4
apicid		: 7
initial apicid	: 7
fpu		: yes
fpu_exception	: yes
cpuid level	: 13
wp		: yes
flags		: fpu vme de pse tsc msr pae mce cx8 apic sep mtrr pge mca cmov pat pse36 clflush dts acpi mmx fxsr sse sse2 ss ht tm pbe syscall nx rdtscp lm constant_tsc arch_perfmon pebs bts rep_good nopl xtopology nonstop_tsc aperfmperf eagerfpu pni pclmulqdq dtes64 monitor ds_cpl vmx smx est tm2 ssse3 cx16 xtpr pdcm pcid sse4_1 sse4_2 x2apic popcnt tsc_deadline_timer aes xsave avx f16c rdrand lahf_lm ida arat epb xsaveopt pln pts dtherm tpr_shadow vnmi flexpriority ept vpid fsgsbase smep erms
bogomips	: 6784.09
clflush size	: 64
cache_alignment	: 64
address sizes	: 36 bits physical, 48 bits virtual
power management:



Memory: 4k page, physical 16317216k(8255280k free), swap 16659452k(16659304k free)

vm_info: Java HotSpot(TM) 64-Bit Server VM (20.1-b02) for linux-amd64 JRE (1.6.0_26-b03), built on May  4 2011 01:13:47 by "java_re" with gcc 3.2.2 (SuSE Linux)

time: Mon Oct 20 17:30:46 2014
elapsed time: 0 seconds

