#
# A fatal error has been detected by the Java Runtime Environment:
#
#  SIGSEGV (0xb) at pc=0x00007f2798dc474b, pid=19353, tid=139807887505152
#
# JRE version: 6.0_26-b03
# Java VM: Java HotSpot(TM) 64-Bit Server VM (20.1-b02 mixed mode linux-amd64 compressed oops)
# Problematic frame:
# V  [libjvm.so+0x76074b]  PSPromotionManager::copy_to_survivor_space(oopDesc*)+0x5b
#
# If you would like to submit a bug report, please visit:
#   http://java.sun.com/webapps/bugreport/crash.jsp
#

---------------  T H R E A D  ---------------

Current thread (0x00007f279401a800):  GCTaskThread [stack: 0x00007f278f68b000,0x00007f278f78c000] [id=19359]

siginfo:si_signo=SIGSEGV: si_errno=0, si_code=1 (SEGV_MAPERR), si_addr=0x000000006601c998

Registers:
RAX=0x0000000000000001, RBX=0x00007f2799105ee0, RCX=0x0000000000000003, RDX=0x000000006601c980
RSP=0x00007f278f78a740, RBP=0x00007f278f78a7b0, RSI=0x00007f27990e9530, RDI=0x000000006601c990
R8 =0x00007f2799100f80, R9 =0x00007f275c0a2ab0, R10=0x0000000000000000, R11=0x0000000000000001
R12=0x00007f278d5c2530, R13=0x00000007e1980726, R14=0x0000000000000000, R15=0x00007f278f78acd0
RIP=0x00007f2798dc474b, EFLAGS=0x0000000000010202, CSGSFS=0x0000000000000033, ERR=0x0000000000000004
  TRAPNO=0x000000000000000e

Top of Stack: (sp=0x00007f278f78a740)
0x00007f278f78a740:   00007f278f78a750 00007f2798dc7ad0
0x00007f278f78a750:   00007f278f78a770 00007f2798aa49b1
0x00007f278f78a760:   00007f279406ab30 0000000000000000
0x00007f278f78a770:   00007f278f78a7c0 00007f2798d6a026
0x00007f278f78a780:   00007f278f78a7c0 00007f278d5c25a8
0x00007f278f78a790:   00007f278f78a970 00007f278f78a9a0
0x00007f278f78a7a0:   00007f278f78a830 00007f278f78acd0
0x00007f278f78a7b0:   00007f278f78a7d0 00007f2798dc5215
0x00007f278f78a7c0:   00007f278f78a8f0 00007f278f78a820
0x00007f278f78a7d0:   00007f278f78a7e0 00007f2798dc7ad0
0x00007f278f78a7e0:   00007f278f78a880 00007f2798d6938b
0x00007f278f78a7f0:   01000007b73042d4 00007f278f78a81c
0x00007f278f78a800:   00007f275c0a2a90 00007f279923c730
0x00007f278f78a810:   00007f2798d69940 ffff0a818f78a970
0x00007f278f78a820:   00007f279401b240 0000000100000007
0x00007f278f78a830:   0a817f0100000001 000000010000ffff
0x00007f278f78a840:   0a817f0000000002 000000000000ffff
0x00007f278f78a850:   0000000000000000 00007f278f78a970
0x00007f278f78a860:   00007f278f78a9a0 00007f278f78acb0
0x00007f278f78a870:   00007f278f78acd0 00007f278f78acb0
0x00007f278f78a880:   00007f278f78a890 00007f2798d691e7
0x00007f278f78a890:   00007f278f78a8f0 00007f2798aa3cca
0x00007f278f78a8a0:   00007f278f78a8c0 00007f2798d4e528
0x00007f278f78a8b0:   00007f27990fc730 00007f278f78a940
0x00007f278f78a8c0:   00007f278f78a910 00007f2798aa5526
0x00007f278f78a8d0:   00007f278f78a970 0000000000000001
0x00007f278f78a8e0:   00007f278f78a9a0 00007f278f78acd0
0x00007f278f78a8f0:   00007f278f78a930 00007f2798aa4432
0x00007f278f78a900:   00007f2794126000 00007f278f78a9a0
0x00007f278f78a910:   00007f278f78a970 00007f278f78acd0
0x00007f278f78a920:   00007f2794126000 00007f278f78acb0
0x00007f278f78a930:   00007f278f78aca0 00007f2798e7f973 

Instructions: (pc=0x00007f2798dc474b)
0x00007f2798dc472b:   00 0f 84 06 07 00 00 48 8b 1d ff 90 46 00 41 8b
0x00007f2798dc473b:   54 24 08 8b 4b 08 48 d3 e2 48 03 13 48 8d 7a 10
0x00007f2798dc474b:   8b 5f 08 89 d8 c1 f8 03 85 db 0f 8e 7d 06 00 00
0x00007f2798dc475b:   45 89 ea 4c 63 f8 41 83 f2 01 41 83 e2 01 45 84 

Register to memory mapping:

RAX=0x0000000000000001 is an unknown value
RBX=0x00007f2799105ee0: <offset 0xaa1ee0> in /home/lpxz/pool/jdk1.6.0_26/jre/lib/amd64/server/libjvm.so at 0x00007f2798664000
RCX=0x0000000000000003 is an unknown value
RDX=0x000000006601c980 is an unknown value
RSP=0x00007f278f78a740 is an unknown value
RBP=0x00007f278f78a7b0 is an unknown value
RSI=0x00007f27990e9530: <offset 0xa85530> in /home/lpxz/pool/jdk1.6.0_26/jre/lib/amd64/server/libjvm.so at 0x00007f2798664000
RDI=0x000000006601c990 is an unknown value
R8 =0x00007f2799100f80: <offset 0xa9cf80> in /home/lpxz/pool/jdk1.6.0_26/jre/lib/amd64/server/libjvm.so at 0x00007f2798664000
R9 =0x00007f275c0a2ab0 is an unknown value
R10=0x0000000000000000 is an unknown value
R11=0x0000000000000001 is an unknown value
R12=0x00007f278d5c2530 is pointing into the stack for thread: 0x00007f2794126000
R13=0x00000007e1980726 is an unallocated location in the heap
R14=0x0000000000000000 is an unknown value
R15=0x00007f278f78acd0 is an unknown value


Stack: [0x00007f278f68b000,0x00007f278f78c000],  sp=0x00007f278f78a740,  free space=1021k
Native frames: (J=compiled Java code, j=interpreted, Vv=VM code, C=native code)
V  [libjvm.so+0x76074b]  PSPromotionManager::copy_to_survivor_space(oopDesc*)+0x5b
V  [libjvm.so+0x761215]  void PSScavenge::copy_and_push_safe_barrier<oopDesc*>(PSPromotionManager*, oopDesc**)+0xb5
V  [libjvm.so+0x763ad0]  PSScavengeRootsClosure::do_oop(oopDesc**)+0x30
V  [libjvm.so+0x70538b]  OopMapSet::all_do(frame const*, RegisterMap const*, OopClosure*, void (*)(oopDesc**, oopDesc**), OopClosure*)+0x19b
V  [libjvm.so+0x7051e7]  OopMapSet::oops_do(frame const*, RegisterMap const*, OopClosure*)+0x17
V  [libjvm.so+0x43fcca]  frame::oops_code_blob_do(OopClosure*, CodeBlobClosure*, RegisterMap const*)+0x3a
V  [libjvm.so+0x440432]  frame::oops_do_internal(OopClosure*, CodeBlobClosure*, RegisterMap*, bool)+0x82
V  [libjvm.so+0x81b973]  JavaThread::oops_do(OopClosure*, CodeBlobClosure*)+0x1d3
V  [libjvm.so+0x76377d]  ThreadRootsTask::do_it(GCTaskManager*, unsigned)+0xad
V  [libjvm.so+0x466efa]  GCTaskThread::run()+0x16a
V  [libjvm.so+0x710adf]  java_start(Thread*)+0x13f

JavaThread 0x00007f2794126000 (nid = 19376) was being processed
Java frames: (J=compiled Java code, j=interpreted, Vv=VM code)
j  java.util.Arrays.copyOf([Ljava/lang/Object;ILjava/lang/Class;)[Ljava/lang/Object;+8
j  java.util.Arrays.copyOf([Ljava/lang/Object;I)[Ljava/lang/Object;+6
J  edu.hkust.leap.monitor.RecordMonitor.accessSPE(IJZ)V
J  edu.hkust.leap.monitor.RecordMonitor.readBeforeInstance(Ljava/lang/Object;IJLjava/lang/String;ILjava/lang/Object;)V
J  spec.jbb.Order.processLines(Lspec/jbb/Warehouse;SZ)Z
j  spec.jbb.NewOrderTransaction.process()Z+183
j  spec.jbb.TransactionManager.runTxn(Lspec/jbb/Transaction;JJD)J+36
j  spec.jbb.TransactionManager.goManual(ILspec/jbb/TimerData;)J+141
j  spec.jbb.TransactionManager.go()V+437
j  spec.jbb.JBBmain.run()V+127
j  java.lang.Thread.run()V+11
v  ~StubRoutines::call_stub

---------------  P R O C E S S  ---------------

Java Threads: ( => current thread )
  0x00007f279413b800 JavaThread "Thread-2" [_thread_blocked, id=19377, stack(0x00007f278d3c2000,0x00007f278d4c3000)]
  0x00007f2794126000 JavaThread "Thread-1" [_thread_blocked, id=19376, stack(0x00007f278d4c3000,0x00007f278d5c4000)]
  0x00007f2794099800 JavaThread "Low Memory Detector" daemon [_thread_blocked, id=19373, stack(0x00007f278d6c5000,0x00007f278d7c6000)]
  0x00007f2794097000 JavaThread "C2 CompilerThread1" daemon [_thread_blocked, id=19372, stack(0x00007f278d7c6000,0x00007f278d8c7000)]
  0x00007f2794094800 JavaThread "C2 CompilerThread0" daemon [_thread_blocked, id=19371, stack(0x00007f278d8c7000,0x00007f278d9c8000)]
  0x00007f2794092000 JavaThread "Signal Dispatcher" daemon [_thread_blocked, id=19370, stack(0x00007f278d9c8000,0x00007f278dac9000)]
  0x00007f2794076000 JavaThread "Finalizer" daemon [_thread_blocked, id=19369, stack(0x00007f278e1ac000,0x00007f278e2ad000)]
  0x00007f2794074000 JavaThread "Reference Handler" daemon [_thread_blocked, id=19368, stack(0x00007f278e2ad000,0x00007f278e3ae000)]
  0x00007f2794007800 JavaThread "main" [_thread_blocked, id=19358, stack(0x00007f2798267000,0x00007f2798368000)]

Other Threads:
  0x00007f279406d000 VMThread [stack: 0x00007f278e3ae000,0x00007f278e4af000] [id=19367]
  0x00007f27940a4000 WatcherThread [stack: 0x00007f278d5c4000,0x00007f278d6c5000] [id=19374]

=>0x00007f279401a800 (exited) GCTaskThread [stack: 0x00007f278f68b000,0x00007f278f78c000] [id=19359]

VM state:at safepoint (normal execution)

VM Mutex/Monitor currently owned by a thread:  ([mutex/lock_event])
[0x00007f2794004830] Threads_lock - owner thread: 0x00007f279406d000
[0x00007f2794004d30] Heap_lock - owner thread: 0x00007f2794126000

Heap
 PSYoungGen      total 73024K, used 72954K [0x00000007ae800000, 0x00000007b76a0000, 0x0000000800000000)
  eden space 62592K, 99% used [0x00000007ae800000,0x00000007b2516808,0x00000007b2520000)
  from space 10432K, 99% used [0x00000007b2520000,0x00000007b2f48010,0x00000007b2f50000)
  to   space 10432K, 99% used [0x00000007b6c70000,0x00000007b769e140,0x00000007b76a0000)
 PSOldGen        total 166912K, used 87196K [0x000000070b800000, 0x0000000715b00000, 0x00000007ae800000)
  object space 166912K, 52% used [0x000000070b800000,0x0000000710d27260,0x0000000715b00000)
 PSPermGen       total 21248K, used 6286K [0x0000000706600000, 0x0000000707ac0000, 0x000000070b800000)
  object space 21248K, 29% used [0x0000000706600000,0x0000000706c23898,0x0000000707ac0000)

Code Cache  [0x00007f2790472000, 0x00007f27906e2000, 0x00007f2793472000)
 total_blobs=425 nmethods=180 adapters=199 free_code_cache=49536768 largest_free_block=6464

Dynamic libraries:
40000000-40009000 r-xp 00000000 08:08 11159973                           /home/lpxz/pool/jdk1.6.0_26/jre/bin/java
40108000-4010a000 rwxp 00008000 08:08 11159973                           /home/lpxz/pool/jdk1.6.0_26/jre/bin/java
41f30000-41f51000 rwxp 00000000 00:00 0                                  [heap]
706600000-707ac0000 rwxp 00000000 00:00 0 
707ac0000-70b800000 rwxp 00000000 00:00 0 
70b800000-715b00000 rwxp 00000000 00:00 0 
715b00000-7ae800000 rwxp 00000000 00:00 0 
7ae800000-7b76a0000 rwxp 00000000 00:00 0 
7b76a0000-800000000 rwxp 00000000 00:00 0 
7f2740000000-7f2740021000 rwxp 00000000 00:00 0 
7f2740021000-7f2744000000 ---p 00000000 00:00 0 
7f2748000000-7f2748021000 rwxp 00000000 00:00 0 
7f2748021000-7f274c000000 ---p 00000000 00:00 0 
7f274c000000-7f274c021000 rwxp 00000000 00:00 0 
7f274c021000-7f2750000000 ---p 00000000 00:00 0 
7f2750000000-7f2750602000 rwxp 00000000 00:00 0 
7f2750602000-7f2754000000 ---p 00000000 00:00 0 
7f2754000000-7f2754021000 rwxp 00000000 00:00 0 
7f2754021000-7f2758000000 ---p 00000000 00:00 0 
7f2758000000-7f2758021000 rwxp 00000000 00:00 0 
7f2758021000-7f275c000000 ---p 00000000 00:00 0 
7f275c000000-7f275cc88000 rwxp 00000000 00:00 0 
7f275cc88000-7f2760000000 ---p 00000000 00:00 0 
7f2760000000-7f2760021000 rwxp 00000000 00:00 0 
7f2760021000-7f2764000000 ---p 00000000 00:00 0 
7f2764000000-7f2764021000 rwxp 00000000 00:00 0 
7f2764021000-7f2768000000 ---p 00000000 00:00 0 
7f2768000000-7f2768021000 rwxp 00000000 00:00 0 
7f2768021000-7f276c000000 ---p 00000000 00:00 0 
7f276c000000-7f276c021000 rwxp 00000000 00:00 0 
7f276c021000-7f2770000000 ---p 00000000 00:00 0 
7f2770000000-7f2770021000 rwxp 00000000 00:00 0 
7f2770021000-7f2774000000 ---p 00000000 00:00 0 
7f2774000000-7f2774021000 rwxp 00000000 00:00 0 
7f2774021000-7f2778000000 ---p 00000000 00:00 0 
7f2778000000-7f2778021000 rwxp 00000000 00:00 0 
7f2778021000-7f277c000000 ---p 00000000 00:00 0 
7f277c000000-7f277c021000 rwxp 00000000 00:00 0 
7f277c021000-7f2780000000 ---p 00000000 00:00 0 
7f2780000000-7f2780021000 rwxp 00000000 00:00 0 
7f2780021000-7f2784000000 ---p 00000000 00:00 0 
7f2784000000-7f2784021000 rwxp 00000000 00:00 0 
7f2784021000-7f2788000000 ---p 00000000 00:00 0 
7f2788000000-7f2788021000 rwxp 00000000 00:00 0 
7f2788021000-7f278c000000 ---p 00000000 00:00 0 
7f278d3c2000-7f278d3c5000 ---p 00000000 00:00 0 
7f278d3c5000-7f278d4c3000 rwxp 00000000 00:00 0 
7f278d4c3000-7f278d4c6000 ---p 00000000 00:00 0 
7f278d4c6000-7f278d5c4000 rwxp 00000000 00:00 0 
7f278d5c4000-7f278d5c5000 ---p 00000000 00:00 0 
7f278d5c5000-7f278d6c5000 rwxp 00000000 00:00 0 
7f278d6c5000-7f278d6c8000 ---p 00000000 00:00 0 
7f278d6c8000-7f278d7c6000 rwxp 00000000 00:00 0 
7f278d7c6000-7f278d7c9000 ---p 00000000 00:00 0 
7f278d7c9000-7f278d8c7000 rwxp 00000000 00:00 0 
7f278d8c7000-7f278d8ca000 ---p 00000000 00:00 0 
7f278d8ca000-7f278d9c8000 rwxp 00000000 00:00 0 
7f278d9c8000-7f278d9cb000 ---p 00000000 00:00 0 
7f278d9cb000-7f278dac9000 rwxp 00000000 00:00 0 
7f278dac9000-7f278e1ac000 r-xp 00000000 08:08 6297920                    /usr/lib/locale/locale-archive
7f278e1ac000-7f278e1af000 ---p 00000000 00:00 0 
7f278e1af000-7f278e2ad000 rwxp 00000000 00:00 0 
7f278e2ad000-7f278e2b0000 ---p 00000000 00:00 0 
7f278e2b0000-7f278e3ae000 rwxp 00000000 00:00 0 
7f278e3ae000-7f278e3af000 ---p 00000000 00:00 0 
7f278e3af000-7f278edec000 rwxp 00000000 00:00 0 
7f278edec000-7f278ef84000 r-xs 03029000 08:08 11160400                   /home/lpxz/pool/jdk1.6.0_26/jre/lib/rt.jar
7f278ef84000-7f278ef85000 ---p 00000000 00:00 0 
7f278ef85000-7f278f085000 rwxp 00000000 00:00 0 
7f278f085000-7f278f086000 ---p 00000000 00:00 0 
7f278f086000-7f278f186000 rwxp 00000000 00:00 0 
7f278f186000-7f278f187000 ---p 00000000 00:00 0 
7f278f187000-7f278f287000 rwxp 00000000 00:00 0 
7f278f287000-7f278f288000 ---p 00000000 00:00 0 
7f278f288000-7f278f388000 rwxp 00000000 00:00 0 
7f278f388000-7f278f389000 ---p 00000000 00:00 0 
7f278f389000-7f278f489000 rwxp 00000000 00:00 0 
7f278f489000-7f278f48a000 ---p 00000000 00:00 0 
7f278f48a000-7f278f58a000 rwxp 00000000 00:00 0 
7f278f58a000-7f278f58b000 ---p 00000000 00:00 0 
7f278f58b000-7f278f68b000 rwxp 00000000 00:00 0 
7f278f68b000-7f278f68c000 ---p 00000000 00:00 0 
7f278f68c000-7f278f7de000 rwxp 00000000 00:00 0 
7f278f7de000-7f278fca4000 rwxp 00000000 00:00 0 
7f278fca4000-7f278fcaf000 rwxp 00000000 00:00 0 
7f278fcaf000-7f278fccd000 rwxp 00000000 00:00 0 
7f278fccd000-7f278fd1f000 rwxp 00000000 00:00 0 
7f278fd1f000-7f27901e5000 rwxp 00000000 00:00 0 
7f27901e5000-7f279022d000 rwxp 00000000 00:00 0 
7f279022d000-7f2790471000 rwxp 00000000 00:00 0 
7f2790471000-7f27906e2000 rwxp 00000000 00:00 0 
7f27906e2000-7f2793472000 rwxp 00000000 00:00 0 
7f2793472000-7f2793480000 r-xp 00000000 08:08 11292423                   /home/lpxz/pool/jdk1.6.0_26/jre/lib/amd64/libzip.so
7f2793480000-7f2793582000 ---p 0000e000 08:08 11292423                   /home/lpxz/pool/jdk1.6.0_26/jre/lib/amd64/libzip.so
7f2793582000-7f2793585000 rwxp 00010000 08:08 11292423                   /home/lpxz/pool/jdk1.6.0_26/jre/lib/amd64/libzip.so
7f2793585000-7f2793586000 rwxp 00000000 00:00 0 
7f2793586000-7f2793592000 r-xp 00000000 08:08 12594830                   /lib/x86_64-linux-gnu/libnss_files-2.15.so
7f2793592000-7f2793791000 ---p 0000c000 08:08 12594830                   /lib/x86_64-linux-gnu/libnss_files-2.15.so
7f2793791000-7f2793792000 r-xp 0000b000 08:08 12594830                   /lib/x86_64-linux-gnu/libnss_files-2.15.so
7f2793792000-7f2793793000 rwxp 0000c000 08:08 12594830                   /lib/x86_64-linux-gnu/libnss_files-2.15.so
7f2793793000-7f279379d000 r-xp 00000000 08:08 12594834                   /lib/x86_64-linux-gnu/libnss_nis-2.15.so
7f279379d000-7f279399d000 ---p 0000a000 08:08 12594834                   /lib/x86_64-linux-gnu/libnss_nis-2.15.so
7f279399d000-7f279399e000 r-xp 0000a000 08:08 12594834                   /lib/x86_64-linux-gnu/libnss_nis-2.15.so
7f279399e000-7f279399f000 rwxp 0000b000 08:08 12594834                   /lib/x86_64-linux-gnu/libnss_nis-2.15.so
7f279399f000-7f27939a7000 r-xp 00000000 08:08 12594828                   /lib/x86_64-linux-gnu/libnss_compat-2.15.so
7f27939a7000-7f2793ba6000 ---p 00008000 08:08 12594828                   /lib/x86_64-linux-gnu/libnss_compat-2.15.so
7f2793ba6000-7f2793ba7000 r-xp 00007000 08:08 12594828                   /lib/x86_64-linux-gnu/libnss_compat-2.15.so
7f2793ba7000-7f2793ba8000 rwxp 00008000 08:08 12594828                   /lib/x86_64-linux-gnu/libnss_compat-2.15.so
7f2793ba8000-7f2793bbf000 r-xp 00000000 08:08 12594846                   /lib/x86_64-linux-gnu/libnsl-2.15.so
7f2793bbf000-7f2793dbe000 ---p 00017000 08:08 12594846                   /lib/x86_64-linux-gnu/libnsl-2.15.so
7f2793dbe000-7f2793dbf000 r-xp 00016000 08:08 12594846                   /lib/x86_64-linux-gnu/libnsl-2.15.so
7f2793dbf000-7f2793dc0000 rwxp 00017000 08:08 12594846                   /lib/x86_64-linux-gnu/libnsl-2.15.so
7f2793dc0000-7f2793dc2000 rwxp 00000000 00:00 0 
7f2793dc2000-7f2793deb000 r-xp 00000000 08:08 11292436                   /home/lpxz/pool/jdk1.6.0_26/jre/lib/amd64/libjava.so
7f2793deb000-7f2793eea000 ---p 00029000 08:08 11292436                   /home/lpxz/pool/jdk1.6.0_26/jre/lib/amd64/libjava.so
7f2793eea000-7f2793ef1000 rwxp 00028000 08:08 11292436                   /home/lpxz/pool/jdk1.6.0_26/jre/lib/amd64/libjava.so
7f2793ef1000-7f2793efe000 r-xp 00000000 08:08 11292418                   /home/lpxz/pool/jdk1.6.0_26/jre/lib/amd64/libverify.so
7f2793efe000-7f2793ffd000 ---p 0000d000 08:08 11292418                   /home/lpxz/pool/jdk1.6.0_26/jre/lib/amd64/libverify.so
7f2793ffd000-7f2794000000 rwxp 0000c000 08:08 11292418                   /home/lpxz/pool/jdk1.6.0_26/jre/lib/amd64/libverify.so
7f2794000000-7f2794169000 rwxp 00000000 00:00 0 
7f2794169000-7f2798000000 ---p 00000000 00:00 0 
7f279800e000-7f2798041000 rwxp 00000000 00:00 0 
7f2798041000-7f279805f000 rwxp 00000000 00:00 0 
7f279805f000-7f2798066000 r-xp 00000000 08:08 12594833                   /lib/x86_64-linux-gnu/librt-2.15.so
7f2798066000-7f2798265000 ---p 00007000 08:08 12594833                   /lib/x86_64-linux-gnu/librt-2.15.so
7f2798265000-7f2798266000 r-xp 00006000 08:08 12594833                   /lib/x86_64-linux-gnu/librt-2.15.so
7f2798266000-7f2798267000 rwxp 00007000 08:08 12594833                   /lib/x86_64-linux-gnu/librt-2.15.so
7f2798267000-7f279826a000 ---p 00000000 00:00 0 
7f279826a000-7f2798368000 rwxp 00000000 00:00 0 
7f2798368000-7f2798463000 r-xp 00000000 08:08 12594837                   /lib/x86_64-linux-gnu/libm-2.15.so
7f2798463000-7f2798662000 ---p 000fb000 08:08 12594837                   /lib/x86_64-linux-gnu/libm-2.15.so
7f2798662000-7f2798663000 r-xp 000fa000 08:08 12594837                   /lib/x86_64-linux-gnu/libm-2.15.so
7f2798663000-7f2798664000 rwxp 000fb000 08:08 12594837                   /lib/x86_64-linux-gnu/libm-2.15.so
7f2798664000-7f2798f7e000 r-xp 00000000 08:08 11292443                   /home/lpxz/pool/jdk1.6.0_26/jre/lib/amd64/server/libjvm.so
7f2798f7e000-7f2799080000 ---p 0091a000 08:08 11292443                   /home/lpxz/pool/jdk1.6.0_26/jre/lib/amd64/server/libjvm.so
7f2799080000-7f2799235000 rwxp 0091c000 08:08 11292443                   /home/lpxz/pool/jdk1.6.0_26/jre/lib/amd64/server/libjvm.so
7f2799235000-7f279926f000 rwxp 00000000 00:00 0 
7f279926f000-7f2799424000 r-xp 00000000 08:08 12594826                   /lib/x86_64-linux-gnu/libc-2.15.so
7f2799424000-7f2799624000 ---p 001b5000 08:08 12594826                   /lib/x86_64-linux-gnu/libc-2.15.so
7f2799624000-7f2799628000 r-xp 001b5000 08:08 12594826                   /lib/x86_64-linux-gnu/libc-2.15.so
7f2799628000-7f279962a000 rwxp 001b9000 08:08 12594826                   /lib/x86_64-linux-gnu/libc-2.15.so
7f279962a000-7f279962f000 rwxp 00000000 00:00 0 
7f279962f000-7f2799631000 r-xp 00000000 08:08 12594841                   /lib/x86_64-linux-gnu/libdl-2.15.so
7f2799631000-7f2799831000 ---p 00002000 08:08 12594841                   /lib/x86_64-linux-gnu/libdl-2.15.so
7f2799831000-7f2799832000 r-xp 00002000 08:08 12594841                   /lib/x86_64-linux-gnu/libdl-2.15.so
7f2799832000-7f2799833000 rwxp 00003000 08:08 12594841                   /lib/x86_64-linux-gnu/libdl-2.15.so
7f2799833000-7f279984b000 r-xp 00000000 08:08 12594835                   /lib/x86_64-linux-gnu/libpthread-2.15.so
7f279984b000-7f2799a4a000 ---p 00018000 08:08 12594835                   /lib/x86_64-linux-gnu/libpthread-2.15.so
7f2799a4a000-7f2799a4b000 r-xp 00017000 08:08 12594835                   /lib/x86_64-linux-gnu/libpthread-2.15.so
7f2799a4b000-7f2799a4c000 rwxp 00018000 08:08 12594835                   /lib/x86_64-linux-gnu/libpthread-2.15.so
7f2799a4c000-7f2799a50000 rwxp 00000000 00:00 0 
7f2799a50000-7f2799a72000 r-xp 00000000 08:08 12594838                   /lib/x86_64-linux-gnu/ld-2.15.so
7f2799a7a000-7f2799a86000 r-xs 000da000 08:08 4477681                    /home/lpxz/eclipse/workspacePA_icse/soot-One/lib/polyglotclasses-1.3.5.jar
7f2799a86000-7f2799a90000 rwxp 00000000 00:00 0 
7f2799a90000-7f2799b46000 rwxp 00000000 00:00 0 
7f2799b46000-7f2799b49000 rwxp 00000000 00:00 0 
7f2799b49000-7f2799b50000 r-xp 00000000 08:08 11292408                   /home/lpxz/pool/jdk1.6.0_26/jre/lib/amd64/jli/libjli.so
7f2799b50000-7f2799c51000 ---p 00007000 08:08 11292408                   /home/lpxz/pool/jdk1.6.0_26/jre/lib/amd64/jli/libjli.so
7f2799c51000-7f2799c53000 rwxp 00008000 08:08 11292408                   /home/lpxz/pool/jdk1.6.0_26/jre/lib/amd64/jli/libjli.so
7f2799c53000-7f2799c54000 rwxp 00000000 00:00 0 
7f2799c5f000-7f2799c62000 r-xs 0002b000 08:08 4477682                    /home/lpxz/eclipse/workspacePA_icse/soot-One/lib/jasminclasses-2.5.0.jar
7f2799c62000-7f2799c66000 r-xs 000cb000 08:08 11292490                   /home/lpxz/pool/jdk1.6.0_26/jre/lib/ext/localedata.jar
7f2799c66000-7f2799c6e000 rwxs 00000000 08:08 5004836                    /tmp/hsperfdata_lpxz/19353
7f2799c6e000-7f2799c6f000 rwxp 00000000 00:00 0 
7f2799c6f000-7f2799c70000 ---p 00000000 00:00 0 
7f2799c70000-7f2799c72000 rwxp 00000000 00:00 0 
7f2799c72000-7f2799c73000 r-xp 00022000 08:08 12594838                   /lib/x86_64-linux-gnu/ld-2.15.so
7f2799c73000-7f2799c75000 rwxp 00023000 08:08 12594838                   /lib/x86_64-linux-gnu/ld-2.15.so
7fffa4219000-7fffa423a000 rwxp 00000000 00:00 0                          [stack]
7fffa4257000-7fffa4258000 r-xp 00000000 00:00 0                          [vdso]
ffffffffff600000-ffffffffff601000 r-xp 00000000 00:00 0                  [vsyscall]

VM Arguments:
jvm_args: -Xverify:none -Dfile.encoding=UTF-8 
java_command: edu.hkust.leap.record.RecordMain 1000 spec.jbb.JBBmain
Launcher Type: SUN_STANDARD

Environment Variables:
PATH=/usr/local/sbin:/usr/local/bin:/usr/sbin:/usr/bin:/sbin:/bin:/usr/games
LD_LIBRARY_PATH=/home/lpxz/pool/jdk1.6.0_26/jre/lib/amd64/server:/home/lpxz/pool/jdk1.6.0_26/jre/lib/amd64:/home/lpxz/pool/jdk1.6.0_26/jre/../lib/amd64:/usr/lib/jvm/java-6-openjdk-amd64/jre/lib/amd64/server:/usr/lib/jvm/java-6-openjdk-amd64/jre/lib/amd64:/usr/lib/jvm/java-6-openjdk-amd64/jre/../lib/amd64
SHELL=/bin/bash
DISPLAY=:0

Signal Handlers:
SIGSEGV: [libjvm.so+0x85f800], sa_mask[0]=0x7ffbfeff, sa_flags=0x10000004
SIGBUS: [libjvm.so+0x85f800], sa_mask[0]=0x7ffbfeff, sa_flags=0x10000004
SIGFPE: [libjvm.so+0x70e300], sa_mask[0]=0x7ffbfeff, sa_flags=0x10000004
SIGPIPE: [libjvm.so+0x70e300], sa_mask[0]=0x7ffbfeff, sa_flags=0x10000004
SIGXFSZ: [libjvm.so+0x70e300], sa_mask[0]=0x7ffbfeff, sa_flags=0x10000004
SIGILL: [libjvm.so+0x70e300], sa_mask[0]=0x7ffbfeff, sa_flags=0x10000004
SIGUSR1: SIG_DFL, sa_mask[0]=0x00000000, sa_flags=0x00000000
SIGUSR2: [libjvm.so+0x711110], sa_mask[0]=0x00000004, sa_flags=0x10000004
SIGHUP: [libjvm.so+0x710d10], sa_mask[0]=0x7ffbfeff, sa_flags=0x10000004
SIGINT: [libjvm.so+0x710d10], sa_mask[0]=0x7ffbfeff, sa_flags=0x10000004
SIGTERM: [libjvm.so+0x710d10], sa_mask[0]=0x7ffbfeff, sa_flags=0x10000004
SIGQUIT: [libjvm.so+0x710d10], sa_mask[0]=0x7ffbfeff, sa_flags=0x10000004


---------------  S Y S T E M  ---------------

OS:wheezy/sid

uname:Linux 3.2.0-29-generic #46-Ubuntu SMP Fri Jul 27 17:03:23 UTC 2012 x86_64
libc:glibc 2.15 NPTL 2.15 
rlimit: STACK 8192k, CORE 0k, NPROC 125044, NOFILE 4096, AS infinity
load average:0.73 0.95 0.84

/proc/meminfo:
MemTotal:       16023348 kB
MemFree:         4295944 kB
Buffers:          769436 kB
Cached:          3768292 kB
SwapCached:            0 kB
Active:          8158068 kB
Inactive:        2288796 kB
Active(anon):    5944644 kB
Inactive(anon):   202580 kB
Active(file):    2213424 kB
Inactive(file):  2086216 kB
Unevictable:           0 kB
Mlocked:               0 kB
SwapTotal:      62944092 kB
SwapFree:       62944092 kB
Dirty:             11620 kB
Writeback:             0 kB
AnonPages:       5909852 kB
Mapped:           289428 kB
Shmem:            238064 kB
Slab:             967872 kB
SReclaimable:     907976 kB
SUnreclaim:        59896 kB
KernelStack:        5704 kB
PageTables:        53880 kB
NFS_Unstable:          0 kB
Bounce:                0 kB
WritebackTmp:          0 kB
CommitLimit:    70955764 kB
Committed_AS:    9395180 kB
VmallocTotal:   34359738367 kB
VmallocUsed:      401588 kB
VmallocChunk:   34359260988 kB
HardwareCorrupted:     0 kB
AnonHugePages:         0 kB
HugePages_Total:       0
HugePages_Free:        0
HugePages_Rsvd:        0
HugePages_Surp:        0
Hugepagesize:       2048 kB
DirectMap4k:       97792 kB
DirectMap2M:    16265216 kB


CPU:total 8 (4 cores per cpu, 2 threads per core) family 6 model 58 stepping 9, cmov, cx8, fxsr, mmx, sse, sse2, sse3, ssse3, sse4.1, sse4.2, popcnt, ht

/proc/cpuinfo:
processor	: 0
vendor_id	: GenuineIntel
cpu family	: 6
model		: 58
model name	: Intel(R) Core(TM) i7-3610QM CPU @ 2.30GHz
stepping	: 9
microcode	: 0x12
cpu MHz		: 2301.000
cache size	: 6144 KB
physical id	: 0
siblings	: 8
core id		: 0
cpu cores	: 4
apicid		: 0
initial apicid	: 0
fpu		: yes
fpu_exception	: yes
cpuid level	: 13
wp		: yes
flags		: fpu vme de pse tsc msr pae mce cx8 apic sep mtrr pge mca cmov pat pse36 clflush dts acpi mmx fxsr sse sse2 ss ht tm pbe syscall nx rdtscp lm constant_tsc arch_perfmon pebs bts rep_good nopl xtopology nonstop_tsc aperfmperf pni pclmulqdq dtes64 monitor ds_cpl vmx est tm2 ssse3 cx16 xtpr pdcm pcid sse4_1 sse4_2 x2apic popcnt tsc_deadline_timer aes xsave avx f16c rdrand lahf_lm ida arat epb xsaveopt pln pts dtherm tpr_shadow vnmi flexpriority ept vpid fsgsbase smep erms
bogomips	: 4589.74
clflush size	: 64
cache_alignment	: 64
address sizes	: 36 bits physical, 48 bits virtual
power management:

processor	: 1
vendor_id	: GenuineIntel
cpu family	: 6
model		: 58
model name	: Intel(R) Core(TM) i7-3610QM CPU @ 2.30GHz
stepping	: 9
microcode	: 0x12
cpu MHz		: 1200.000
cache size	: 6144 KB
physical id	: 0
siblings	: 8
core id		: 0
cpu cores	: 4
apicid		: 1
initial apicid	: 1
fpu		: yes
fpu_exception	: yes
cpuid level	: 13
wp		: yes
flags		: fpu vme de pse tsc msr pae mce cx8 apic sep mtrr pge mca cmov pat pse36 clflush dts acpi mmx fxsr sse sse2 ss ht tm pbe syscall nx rdtscp lm constant_tsc arch_perfmon pebs bts rep_good nopl xtopology nonstop_tsc aperfmperf pni pclmulqdq dtes64 monitor ds_cpl vmx est tm2 ssse3 cx16 xtpr pdcm pcid sse4_1 sse4_2 x2apic popcnt tsc_deadline_timer aes xsave avx f16c rdrand lahf_lm ida arat epb xsaveopt pln pts dtherm tpr_shadow vnmi flexpriority ept vpid fsgsbase smep erms
bogomips	: 4589.36
clflush size	: 64
cache_alignment	: 64
address sizes	: 36 bits physical, 48 bits virtual
power management:

processor	: 2
vendor_id	: GenuineIntel
cpu family	: 6
model		: 58
model name	: Intel(R) Core(TM) i7-3610QM CPU @ 2.30GHz
stepping	: 9
microcode	: 0x12
cpu MHz		: 2301.000
cache size	: 6144 KB
physical id	: 0
siblings	: 8
core id		: 1
cpu cores	: 4
apicid		: 2
initial apicid	: 2
fpu		: yes
fpu_exception	: yes
cpuid level	: 13
wp		: yes
flags		: fpu vme de pse tsc msr pae mce cx8 apic sep mtrr pge mca cmov pat pse36 clflush dts acpi mmx fxsr sse sse2 ss ht tm pbe syscall nx rdtscp lm constant_tsc arch_perfmon pebs bts rep_good nopl xtopology nonstop_tsc aperfmperf pni pclmulqdq dtes64 monitor ds_cpl vmx est tm2 ssse3 cx16 xtpr pdcm pcid sse4_1 sse4_2 x2apic popcnt tsc_deadline_timer aes xsave avx f16c rdrand lahf_lm ida arat epb xsaveopt pln pts dtherm tpr_shadow vnmi flexpriority ept vpid fsgsbase smep erms
bogomips	: 4589.36
clflush size	: 64
cache_alignment	: 64
address sizes	: 36 bits physical, 48 bits virtual
power management:

processor	: 3
vendor_id	: GenuineIntel
cpu family	: 6
model		: 58
model name	: Intel(R) Core(TM) i7-3610QM CPU @ 2.30GHz
stepping	: 9
microcode	: 0x12
cpu MHz		: 1200.000
cache size	: 6144 KB
physical id	: 0
siblings	: 8
core id		: 1
cpu cores	: 4
apicid		: 3
initial apicid	: 3
fpu		: yes
fpu_exception	: yes
cpuid level	: 13
wp		: yes
flags		: fpu vme de pse tsc msr pae mce cx8 apic sep mtrr pge mca cmov pat pse36 clflush dts acpi mmx fxsr sse sse2 ss ht tm pbe syscall nx rdtscp lm constant_tsc arch_perfmon pebs bts rep_good nopl xtopology nonstop_tsc aperfmperf pni pclmulqdq dtes64 monitor ds_cpl vmx est tm2 ssse3 cx16 xtpr pdcm pcid sse4_1 sse4_2 x2apic popcnt tsc_deadline_timer aes xsave avx f16c rdrand lahf_lm ida arat epb xsaveopt pln pts dtherm tpr_shadow vnmi flexpriority ept vpid fsgsbase smep erms
bogomips	: 4589.37
clflush size	: 64
cache_alignment	: 64
address sizes	: 36 bits physical, 48 bits virtual
power management:

processor	: 4
vendor_id	: GenuineIntel
cpu family	: 6
model		: 58
model name	: Intel(R) Core(TM) i7-3610QM CPU @ 2.30GHz
stepping	: 9
microcode	: 0x12
cpu MHz		: 1200.000
cache size	: 6144 KB
physical id	: 0
siblings	: 8
core id		: 2
cpu cores	: 4
apicid		: 4
initial apicid	: 4
fpu		: yes
fpu_exception	: yes
cpuid level	: 13
wp		: yes
flags		: fpu vme de pse tsc msr pae mce cx8 apic sep mtrr pge mca cmov pat pse36 clflush dts acpi mmx fxsr sse sse2 ss ht tm pbe syscall nx rdtscp lm constant_tsc arch_perfmon pebs bts rep_good nopl xtopology nonstop_tsc aperfmperf pni pclmulqdq dtes64 monitor ds_cpl vmx est tm2 ssse3 cx16 xtpr pdcm pcid sse4_1 sse4_2 x2apic popcnt tsc_deadline_timer aes xsave avx f16c rdrand lahf_lm ida arat epb xsaveopt pln pts dtherm tpr_shadow vnmi flexpriority ept vpid fsgsbase smep erms
bogomips	: 4589.37
clflush size	: 64
cache_alignment	: 64
address sizes	: 36 bits physical, 48 bits virtual
power management:

processor	: 5
vendor_id	: GenuineIntel
cpu family	: 6
model		: 58
model name	: Intel(R) Core(TM) i7-3610QM CPU @ 2.30GHz
stepping	: 9
microcode	: 0x12
cpu MHz		: 2301.000
cache size	: 6144 KB
physical id	: 0
siblings	: 8
core id		: 2
cpu cores	: 4
apicid		: 5
initial apicid	: 5
fpu		: yes
fpu_exception	: yes
cpuid level	: 13
wp		: yes
flags		: fpu vme de pse tsc msr pae mce cx8 apic sep mtrr pge mca cmov pat pse36 clflush dts acpi mmx fxsr sse sse2 ss ht tm pbe syscall nx rdtscp lm constant_tsc arch_perfmon pebs bts rep_good nopl xtopology nonstop_tsc aperfmperf pni pclmulqdq dtes64 monitor ds_cpl vmx est tm2 ssse3 cx16 xtpr pdcm pcid sse4_1 sse4_2 x2apic popcnt tsc_deadline_timer aes xsave avx f16c rdrand lahf_lm ida arat epb xsaveopt pln pts dtherm tpr_shadow vnmi flexpriority ept vpid fsgsbase smep erms
bogomips	: 4589.36
clflush size	: 64
cache_alignment	: 64
address sizes	: 36 bits physical, 48 bits virtual
power management:

processor	: 6
vendor_id	: GenuineIntel
cpu family	: 6
model		: 58
model name	: Intel(R) Core(TM) i7-3610QM CPU @ 2.30GHz
stepping	: 9
microcode	: 0x12
cpu MHz		: 1200.000
cache size	: 6144 KB
physical id	: 0
siblings	: 8
core id		: 3
cpu cores	: 4
apicid		: 6
initial apicid	: 6
fpu		: yes
fpu_exception	: yes
cpuid level	: 13
wp		: yes
flags		: fpu vme de pse tsc msr pae mce cx8 apic sep mtrr pge mca cmov pat pse36 clflush dts acpi mmx fxsr sse sse2 ss ht tm pbe syscall nx rdtscp lm constant_tsc arch_perfmon pebs bts rep_good nopl xtopology nonstop_tsc aperfmperf pni pclmulqdq dtes64 monitor ds_cpl vmx est tm2 ssse3 cx16 xtpr pdcm pcid sse4_1 sse4_2 x2apic popcnt tsc_deadline_timer aes xsave avx f16c rdrand lahf_lm ida arat epb xsaveopt pln pts dtherm tpr_shadow vnmi flexpriority ept vpid fsgsbase smep erms
bogomips	: 4589.37
clflush size	: 64
cache_alignment	: 64
address sizes	: 36 bits physical, 48 bits virtual
power management:

processor	: 7
vendor_id	: GenuineIntel
cpu family	: 6
model		: 58
model name	: Intel(R) Core(TM) i7-3610QM CPU @ 2.30GHz
stepping	: 9
microcode	: 0x12
cpu MHz		: 2301.000
cache size	: 6144 KB
physical id	: 0
siblings	: 8
core id		: 3
cpu cores	: 4
apicid		: 7
initial apicid	: 7
fpu		: yes
fpu_exception	: yes
cpuid level	: 13
wp		: yes
flags		: fpu vme de pse tsc msr pae mce cx8 apic sep mtrr pge mca cmov pat pse36 clflush dts acpi mmx fxsr sse sse2 ss ht tm pbe syscall nx rdtscp lm constant_tsc arch_perfmon pebs bts rep_good nopl xtopology nonstop_tsc aperfmperf pni pclmulqdq dtes64 monitor ds_cpl vmx est tm2 ssse3 cx16 xtpr pdcm pcid sse4_1 sse4_2 x2apic popcnt tsc_deadline_timer aes xsave avx f16c rdrand lahf_lm ida arat epb xsaveopt pln pts dtherm tpr_shadow vnmi flexpriority ept vpid fsgsbase smep erms
bogomips	: 4589.37
clflush size	: 64
cache_alignment	: 64
address sizes	: 36 bits physical, 48 bits virtual
power management:



Memory: 4k page, physical 16023348k(4295200k free), swap 62944092k(62944092k free)

vm_info: Java HotSpot(TM) 64-Bit Server VM (20.1-b02) for linux-amd64 JRE (1.6.0_26-b03), built on May  4 2011 01:13:47 by "java_re" with gcc 3.2.2 (SuSE Linux)

time: Mon Oct 13 22:42:35 2014
elapsed time: 2 seconds

