#
# A fatal error has been detected by the Java Runtime Environment:
#
#  SIGSEGV (0xb) at pc=0x00007f57100dc68b, pid=11734, tid=140011841754880
#
# JRE version: Java(TM) SE Runtime Environment (7.0_51-b13) (build 1.7.0_51-b13)
# Java VM: Java HotSpot(TM) 64-Bit Server VM (24.51-b03 mixed mode linux-amd64 compressed oops)
# Problematic frame:
# V  [libjvm.so+0x87468b]  PSParallelCompact::MarkAndPushClosure::do_oop(oopDesc**)+0x5b
#
# Failed to write core dump. Core dumps have been disabled. To enable core dumping, try "ulimit -c unlimited" before starting Java again
#
# If you would like to submit a bug report, please visit:
#   http://bugreport.sun.com/bugreport/crash.jsp
#

---------------  T H R E A D  ---------------

Current thread (0x00007f570802c800):  GCTaskThread [stack: 0x00007f570c079000,0x00007f570c17a000] [id=11747]

siginfo:si_signo=SIGSEGV: si_errno=0, si_code=128 (), si_addr=0x0000000000000000

Registers:
RAX=0x0000000000000200, RBX=0x000000000000004e, RCX=0x0000000000000009, RDX=0x00007f56a7d70000
RSP=0x00007f570c1784c0, RBP=0x00007f570c1784e0, RSI=0x007ffffffdc29000, RDI=0x00007f570c178cb0
R8 =0x00007f570c178670, R9 =0x0000000000001741, R10=0x0000000000000001, R11=0x00007f571069fa60
R12=0x00007f570806f2e0, R13=0x0000000000001741, R14=0x0000000000000001, R15=0x00000000ffffffff
RIP=0x00007f57100dc68b, EFLAGS=0x0000000000010206, CSGSFS=0x0000000000000033, ERR=0x0000000000000000
  TRAPNO=0x000000000000000d

Top of Stack: (sp=0x00007f570c1784c0)
0x00007f570c1784c0:   0000000000001741 00007f570802d280
0x00007f570c1784d0:   0000000000001741 0000000000000001
0x00007f570c1784e0:   00007f570c178580 00007f57100706bb
0x00007f570c1784f0:   00007f571069fa20 00007f571006ea00
0x00007f570c178500:   00007f570c178cb0 00007f570c178670
0x00007f570c178510:   00007f570c178640 00007f570c178520
0x00007f570c178520:   00007f5688095460 ffff7f5700000001
0x00007f570c178530:   00007f5705077f60 00007f5705077c90
0x00007f570c178540:   17417f5705079663 00007f570802ffff
0x00007f570c178550:   00007f5705077f50 00007f570c178640
0x00007f570c178560:   0000000000000001 00007f570c178670
0x00007f570c178570:   00007f570c178c90 00007f570c178cb0
0x00007f570c178580:   00007f570c1785f0 00007f570fd83539
0x00007f570c178590:   00007f570c1785d0 00007f570fd8462a
0x00007f570c1785a0:   00007f570508cfe0 00007f570c178610
0x00007f570c1785b0:   00007f570c178670 00007f570802c800
0x00007f570c1785c0:   00007f570c178cb0 00007f570c178640
0x00007f570c1785d0:   00007f570c178670 00007f570802c800
0x00007f570c1785e0:   00007f570c178cb0 00007f57081d1800
0x00007f570c1785f0:   00007f570c178c60 00007f57101aff5a
0x00007f570c178600:   00007f570c178610 00007f570c178c90
0x00007f570c178610:   00007f56fa6e5660 00007f570508cfe0
0x00007f570c178620:   00007f570508ce10 00007f5700000000
0x00007f570c178630:   0000000000000010 00007f56fa6e5660
0x00007f570c178640:   00007f56fa6e5660 00007f570508cfe0
0x00007f570c178650:   00007f570508ce10 00007f5700000000
0x00007f570c178660:   0000000000000010 00007f56fa6e5660
0x00007f570c178670:   00007f56faceb758 00007f57050004e7
0x00007f570c178680:   00007f57050003d0 0000000000000000
0x00007f570c178690:   00007f56faceb7c0 00007f56faceb758
0x00007f570c1786a0:   0000000000000000 0000000000000000
0x00007f570c1786b0:   0000000000000000 0000000000000000 

Instructions: (pc=0x00007f57100dc68b)
0x00007f57100dc66b:   89 c1 b8 01 00 00 00 48 d3 ea 48 89 d6 89 d1 48
0x00007f57100dc67b:   8b 15 6f 74 5c 00 83 e1 3f 48 c1 ee 06 48 d3 e0
0x00007f57100dc68b:   48 85 04 f2 74 1f 48 8b 1c 24 4c 8b 64 24 08 4c
0x00007f57100dc69b:   8b 6c 24 10 4c 8b 74 24 18 c9 c3 66 2e 0f 1f 84 

Register to memory mapping:

RAX=0x0000000000000200 is an unknown value
RBX=0x000000000000004e is an unknown value
RCX=0x0000000000000009 is an unknown value
RDX=0x00007f56a7d70000 is an unknown value
RSP=0x00007f570c1784c0 is an unknown value
RBP=0x00007f570c1784e0 is an unknown value
RSI=0x007ffffffdc29000 is an unknown value
RDI=0x00007f570c178cb0 is an unknown value
R8 =0x00007f570c178670 is an unknown value
R9 =0x0000000000001741 is an unknown value
R10=0x0000000000000001 is an unknown value
R11=0x00007f571069fa60: <offset 0xe37a60> in /home/lpxz/pool/jdk1.7/jre/lib/amd64/server/libjvm.so at 0x00007f570f868000
R12=0x00007f570806f2e0 is an unknown value
R13=0x0000000000001741 is an unknown value
R14=0x0000000000000001 is an unknown value
R15=0x00000000ffffffff is an unknown value


Stack: [0x00007f570c079000,0x00007f570c17a000],  sp=0x00007f570c1784c0,  free space=1021k
Native frames: (J=compiled Java code, j=interpreted, Vv=VM code, C=native code)
V  [libjvm.so+0x87468b]  PSParallelCompact::MarkAndPushClosure::do_oop(oopDesc**)+0x5b
V  [libjvm.so+0x8086bb]  OopMapSet::all_do(frame const*, RegisterMap const*, OopClosure*, void (*)(oopDesc**, oopDesc**), OopClosure*)+0x2fb
V  [libjvm.so+0x51b539]  frame::oops_do_internal(OopClosure*, CodeBlobClosure*, RegisterMap*, bool)+0x99
V  [libjvm.so+0x947f5a]  JavaThread::oops_do(OopClosure*, CodeBlobClosure*)+0x15a
V  [libjvm.so+0x84f04d]  ThreadRootsMarkingTask::do_it(GCTaskManager*, unsigned int)+0xbd
V  [libjvm.so+0x550f6f]  GCTaskThread::run()+0x12f
V  [libjvm.so+0x815538]  java_start(Thread*)+0x108

JavaThread 0x00007f57081d1800 (nid = 11762) was being processed
Java frames: (J=compiled Java code, j=interpreted, Vv=VM code)
v  ~RuntimeStub::_complete_monitor_locking_Java
J  java.util.Vector.add(Ljava/lang/Object;)Z
J  edu.hkust.leap.monitor.RecordMonitor.accessSPE(IJZI)V
J  edu.hkust.leap.monitor.RecordMonitor.readBeforeStatic(IJLjava/lang/String;ILjava/lang/Object;)V
J  spec.jbb.Order.getOrderlineList()[Lspec/jbb/Orderline;
j  spec.jbb.NewOrderTransaction.processTransactionLog()V+259
J  spec.jbb.TransactionManager.goManual(ILspec/jbb/TimerData;)J
j  spec.jbb.TransactionManager.go()V+437
j  spec.jbb.JBBmain.run()V+127
j  java.lang.Thread.run()V+11
v  ~StubRoutines::call_stub

---------------  P R O C E S S  ---------------

Java Threads: ( => current thread )
  0x00007f57081d3800 JavaThread "Thread-8" [_thread_blocked, id=11763, stack(0x00007f56fa4e5000,0x00007f56fa5e6000)]
  0x00007f57081d1800 JavaThread "Thread-7" [_thread_blocked, id=11762, stack(0x00007f56fa5e6000,0x00007f56fa6e7000)]
  0x00007f57081cf000 JavaThread "Thread-6" [_thread_blocked, id=11761, stack(0x00007f56fa6e7000,0x00007f56fa7e8000)]
  0x00007f57081cd000 JavaThread "Thread-5" [_thread_blocked, id=11760, stack(0x00007f56fa7e8000,0x00007f56fa8e9000)]
  0x00007f57081cb000 JavaThread "Thread-4" [_thread_blocked, id=11759, stack(0x00007f56fa8e9000,0x00007f56fa9ea000)]
  0x00007f57081c9800 JavaThread "Thread-3" [_thread_blocked, id=11758, stack(0x00007f56fa9ea000,0x00007f56faaeb000)]
  0x00007f57081c5800 JavaThread "Thread-2" [_thread_blocked, id=11757, stack(0x00007f56faaeb000,0x00007f56fabec000)]
  0x00007f57081c1800 JavaThread "Thread-1" [_thread_blocked, id=11756, stack(0x00007f56fabec000,0x00007f56faced000)]
  0x00007f570809f000 JavaThread "Service Thread" daemon [_thread_blocked, id=11754, stack(0x00007f56fb216000,0x00007f56fb317000)]
  0x00007f570809c800 JavaThread "C2 CompilerThread1" daemon [_thread_blocked, id=11753, stack(0x00007f56fb317000,0x00007f56fb418000)]
  0x00007f570809a000 JavaThread "C2 CompilerThread0" daemon [_thread_blocked, id=11752, stack(0x00007f56fb418000,0x00007f56fb519000)]
  0x00007f570808f800 JavaThread "Signal Dispatcher" daemon [_thread_blocked, id=11751, stack(0x00007f56fb519000,0x00007f56fb61a000)]
  0x00007f5708078800 JavaThread "Finalizer" daemon [_thread_blocked, id=11750, stack(0x00007f56fbcfd000,0x00007f56fbdfe000)]
  0x00007f5708074800 JavaThread "Reference Handler" daemon [_thread_blocked, id=11749, stack(0x00007f56fbdfe000,0x00007f56fbeff000)]
  0x00007f570800a000 JavaThread "main" [_thread_blocked, id=11739, stack(0x00007f57111c5000,0x00007f57112c6000)]

Other Threads:
  0x00007f5708072800 VMThread [stack: 0x00007f56fbeff000,0x00007f56fc000000] [id=11748]
  0x00007f57080b2000 WatcherThread [stack: 0x00007f56fb115000,0x00007f56fb216000] [id=11755]

=>0x00007f570802c800 (exited) GCTaskThread [stack: 0x00007f570c079000,0x00007f570c17a000] [id=11747]

VM state:at safepoint (normal execution)

VM Mutex/Monitor currently owned by a thread:  ([mutex/lock_event])
[0x00007f5708006450] Threads_lock - owner thread: 0x00007f5708072800
[0x00007f5708006950] Heap_lock - owner thread: 0x00007f57081d3800

Heap
 PSYoungGen      total 136192K, used 10216K [0x00000006d5500000, 0x00000006e5f00000, 0x0000000800000000)
  eden space 125952K, 0% used [0x00000006d5500000,0x00000006d5500000,0x00000006dd000000)
  from space 10240K, 99% used [0x00000006dd000000,0x00000006dd9fa310,0x00000006dda00000)
  to   space 10240K, 0% used [0x00000006e5500000,0x00000006e5500000,0x00000006e5f00000)
 ParOldGen       total 166912K, used 133016K [0x0000000480000000, 0x000000048a300000, 0x00000006d5500000)
  object space 166912K, 79% used [0x0000000480000000,0x00000004881e61f0,0x000000048a300000)
 PSPermGen       total 21504K, used 6082K [0x000000047ae00000, 0x000000047c300000, 0x0000000480000000)
  object space 21504K, 28% used [0x000000047ae00000,0x000000047b3f0bd0,0x000000047c300000)

Card table byte_map: [0x00007f570c8aa000,0x00007f570e4d4000] byte_map_base: 0x00007f570a4d3000

Polling page: 0x00007f57112e5000

Code Cache  [0x00007f5705000000, 0x00007f5705270000, 0x00007f5708000000)
 total_blobs=563 nmethods=285 adapters=231 free_code_cache=48060Kb largest_free_block=49170944

Compilation events (10 events):
Event: 1.503 Thread 0x00007f570809a000 nmethod 283 0x00007f5705102ad0 code [0x00007f5705102c00, 0x00007f5705102c78]
Event: 1.503 Thread 0x00007f570809a000  284             sun.util.calendar.CalendarDate::isNormalized (5 bytes)
Event: 1.503 Thread 0x00007f570809a000 nmethod 284 0x00007f57051028d0 code [0x00007f5705102a00, 0x00007f5705102a58]
Event: 1.503 Thread 0x00007f570809a000  285             sun.util.calendar.BaseCalendar$Date::getCachedJan1 (5 bytes)
Event: 1.503 Thread 0x00007f570809a000 nmethod 285 0x00007f57051026d0 code [0x00007f5705102800, 0x00007f5705102858]
Event: 1.503 Thread 0x00007f570809a000  286             sun.util.calendar.Gregorian$Date::getNormalizedYear (5 bytes)
Event: 1.504 Thread 0x00007f570809a000 nmethod 286 0x00007f5705102450 code [0x00007f5705102580, 0x00007f57051025d8]
Event: 1.504 Thread 0x00007f570809a000  287             sun.util.calendar.BaseCalendar$Date::hit (14 bytes)
Event: 1.504 Thread 0x00007f570809a000 nmethod 287 0x00007f57050ed550 code [0x00007f57050ed680, 0x00007f57050ed6f8]
Event: 1.511 Thread 0x00007f570809c800 nmethod 277 0x00007f5705117710 code [0x00007f5705117aa0, 0x00007f5705119168]

GC Heap History (7 events):
Event: 0.652 GC heap before
{Heap before GC invocations=1 (full 0):
 PSYoungGen      total 73216K, used 62976K [0x00000006d5500000, 0x00000006da680000, 0x0000000800000000)
  eden space 62976K, 100% used [0x00000006d5500000,0x00000006d9280000,0x00000006d9280000)
  from space 10240K, 0% used [0x00000006d9c80000,0x00000006d9c80000,0x00000006da680000)
  to   space 10240K, 0% used [0x00000006d9280000,0x00000006d9280000,0x00000006d9c80000)
 ParOldGen       total 166912K, used 0K [0x0000000480000000, 0x000000048a300000, 0x00000006d5500000)
  object space 166912K, 0% used [0x0000000480000000,0x0000000480000000,0x000000048a300000)
 PSPermGen       total 21504K, used 6050K [0x000000047ae00000, 0x000000047c300000, 0x0000000480000000)
  object space 21504K, 28% used [0x000000047ae00000,0x000000047b3e8ac8,0x000000047c300000)
Event: 0.674 GC heap after
Heap after GC invocations=1 (full 0):
 PSYoungGen      total 73216K, used 10212K [0x00000006d5500000, 0x00000006de400000, 0x0000000800000000)
  eden space 62976K, 0% used [0x00000006d5500000,0x00000006d5500000,0x00000006d9280000)
  from space 10240K, 99% used [0x00000006d9280000,0x00000006d9c790c0,0x00000006d9c80000)
  to   space 10240K, 0% used [0x00000006dda00000,0x00000006dda00000,0x00000006de400000)
 ParOldGen       total 166912K, used 20411K [0x0000000480000000, 0x000000048a300000, 0x00000006d5500000)
  object space 166912K, 12% used [0x0000000480000000,0x00000004813eec00,0x000000048a300000)
 PSPermGen       total 21504K, used 6050K [0x000000047ae00000, 0x000000047c300000, 0x0000000480000000)
  object space 21504K, 28% used [0x000000047ae00000,0x000000047b3e8ac8,0x000000047c300000)
}
Event: 0.992 GC heap before
{Heap before GC invocations=2 (full 0):
 PSYoungGen      total 73216K, used 73188K [0x00000006d5500000, 0x00000006de400000, 0x0000000800000000)
  eden space 62976K, 100% used [0x00000006d5500000,0x00000006d9280000,0x00000006d9280000)
  from space 10240K, 99% used [0x00000006d9280000,0x00000006d9c790c0,0x00000006d9c80000)
  to   space 10240K, 0% used [0x00000006dda00000,0x00000006dda00000,0x00000006de400000)
 ParOldGen       total 166912K, used 20411K [0x0000000480000000, 0x000000048a300000, 0x00000006d5500000)
  object space 166912K, 12% used [0x0000000480000000,0x00000004813eec00,0x000000048a300000)
 PSPermGen       total 21504K, used 6082K [0x000000047ae00000, 0x000000047c300000, 0x0000000480000000)
  object space 21504K, 28% used [0x000000047ae00000,0x000000047b3f0bd0,0x000000047c300000)
Event: 1.022 GC heap after
Heap after GC invocations=2 (full 0):
 PSYoungGen      total 136192K, used 10224K [0x00000006d5500000, 0x00000006de400000, 0x0000000800000000)
  eden space 125952K, 0% used [0x00000006d5500000,0x00000006d5500000,0x00000006dd000000)
  from space 10240K, 99% used [0x00000006dda00000,0x00000006de3fc3a0,0x00000006de400000)
  to   space 10240K, 0% used [0x00000006dd000000,0x00000006dd000000,0x00000006dda00000)
 ParOldGen       total 166912K, used 57354K [0x0000000480000000, 0x000000048a300000, 0x00000006d5500000)
  object space 166912K, 34% used [0x0000000480000000,0x00000004838028b0,0x000000048a300000)
 PSPermGen       total 21504K, used 6082K [0x000000047ae00000, 0x000000047c300000, 0x0000000480000000)
  object space 21504K, 28% used [0x000000047ae00000,0x000000047b3f0bd0,0x000000047c300000)
}
Event: 1.704 GC heap before
{Heap before GC invocations=3 (full 0):
 PSYoungGen      total 136192K, used 136176K [0x00000006d5500000, 0x00000006de400000, 0x0000000800000000)
  eden space 125952K, 100% used [0x00000006d5500000,0x00000006dd000000,0x00000006dd000000)
  from space 10240K, 99% used [0x00000006dda00000,0x00000006de3fc3a0,0x00000006de400000)
  to   space 10240K, 0% used [0x00000006dd000000,0x00000006dd000000,0x00000006dda00000)
 ParOldGen       total 166912K, used 57354K [0x0000000480000000, 0x000000048a300000, 0x00000006d5500000)
  object space 166912K, 34% used [0x0000000480000000,0x00000004838028b0,0x000000048a300000)
 PSPermGen       total 21504K, used 6082K [0x000000047ae00000, 0x000000047c300000, 0x0000000480000000)
  object space 21504K, 28% used [0x000000047ae00000,0x000000047b3f0bd0,0x000000047c300000)
Event: 1.759 GC heap after
Heap after GC invocations=3 (full 0):
 PSYoungGen      total 136192K, used 10216K [0x00000006d5500000, 0x00000006e5f00000, 0x0000000800000000)
  eden space 125952K, 0% used [0x00000006d5500000,0x00000006d5500000,0x00000006dd000000)
  from space 10240K, 99% used [0x00000006dd000000,0x00000006dd9fa310,0x00000006dda00000)
  to   space 10240K, 0% used [0x00000006e5500000,0x00000006e5500000,0x00000006e5f00000)
 ParOldGen       total 166912K, used 133016K [0x0000000480000000, 0x000000048a300000, 0x00000006d5500000)
  object space 166912K, 79% used [0x0000000480000000,0x00000004881e61f0,0x000000048a300000)
 PSPermGen       total 21504K, used 6082K [0x000000047ae00000, 0x000000047c300000, 0x0000000480000000)
  object space 21504K, 28% used [0x000000047ae00000,0x000000047b3f0bd0,0x000000047c300000)
}
Event: 1.759 GC heap before
{Heap before GC invocations=4 (full 1):
 PSYoungGen      total 136192K, used 10216K [0x00000006d5500000, 0x00000006e5f00000, 0x0000000800000000)
  eden space 125952K, 0% used [0x00000006d5500000,0x00000006d5500000,0x00000006dd000000)
  from space 10240K, 99% used [0x00000006dd000000,0x00000006dd9fa310,0x00000006dda00000)
  to   space 10240K, 0% used [0x00000006e5500000,0x00000006e5500000,0x00000006e5f00000)
 ParOldGen       total 166912K, used 133016K [0x0000000480000000, 0x000000048a300000, 0x00000006d5500000)
  object space 166912K, 79% used [0x0000000480000000,0x00000004881e61f0,0x000000048a300000)
 PSPermGen       total 21504K, used 6082K [0x000000047ae00000, 0x000000047c300000, 0x0000000480000000)
  object space 21504K, 28% used [0x000000047ae00000,0x000000047b3f0bd0,0x000000047c300000)

Deoptimization events (0 events):
No events

Internal exceptions (10 events):
Event: 0.127 Thread 0x00007f570800a000 Threw 0x00000006d57d0b38 at /HUDSON/workspace/7u-2-build-linux-amd64@2/jdk7u51/527/hotspot/src/share/vm/prims/jvm.cpp:1244
Event: 0.129 Thread 0x00007f570800a000 Threw 0x00000006d57d5da0 at /HUDSON/workspace/7u-2-build-linux-amd64@2/jdk7u51/527/hotspot/src/share/vm/prims/jvm.cpp:1244
Event: 0.130 Thread 0x00007f570800a000 Threw 0x00000006d57df670 at /HUDSON/workspace/7u-2-build-linux-amd64@2/jdk7u51/527/hotspot/src/share/vm/prims/jvm.cpp:1244
Event: 0.135 Thread 0x00007f570800a000 Threw 0x00000006d57eafe8 at /HUDSON/workspace/7u-2-build-linux-amd64@2/jdk7u51/527/hotspot/src/share/vm/prims/jvm.cpp:1244
Event: 0.135 Thread 0x00007f570800a000 Threw 0x00000006d57ee6e0 at /HUDSON/workspace/7u-2-build-linux-amd64@2/jdk7u51/527/hotspot/src/share/vm/prims/jvm.cpp:1244
Event: 0.136 Thread 0x00007f570800a000 Threw 0x00000006d57ffd48 at /HUDSON/workspace/7u-2-build-linux-amd64@2/jdk7u51/527/hotspot/src/share/vm/prims/jvm.cpp:1244
Event: 0.162 Thread 0x00007f570800a000 Threw 0x00000006d5855e70 at /HUDSON/workspace/7u-2-build-linux-amd64@2/jdk7u51/527/hotspot/src/share/vm/prims/jvm.cpp:1244
Event: 0.162 Thread 0x00007f570800a000 Threw 0x00000006d585d0b0 at /HUDSON/workspace/7u-2-build-linux-amd64@2/jdk7u51/527/hotspot/src/share/vm/prims/jvm.cpp:1244
Event: 0.202 Thread 0x00007f57081c1800 Threw 0x00000006d59f39e0 at /HUDSON/workspace/7u-2-build-linux-amd64@2/jdk7u51/527/hotspot/src/share/vm/prims/jvm.cpp:1244
Event: 0.218 Thread 0x00007f57081cd000 Threw 0x00000006d5ef90a8 at /HUDSON/workspace/7u-2-build-linux-amd64@2/jdk7u51/527/hotspot/src/share/vm/prims/jvm.cpp:1244

Events (10 events):
Event: 0.222 loading class 0x00007f5701fda4d0 done
Event: 0.222 loading class 0x00007f56940a5000
Event: 0.222 loading class 0x00007f56940a5000 done
Event: 0.222 loading class 0x00007f569404d5d0
Event: 0.222 loading class 0x00007f569404d5d0 done
Event: 0.650 Executing VM operation: ParallelGCFailedAllocation
Event: 0.674 Executing VM operation: ParallelGCFailedAllocation done
Event: 0.992 Executing VM operation: ParallelGCFailedAllocation
Event: 1.022 Executing VM operation: ParallelGCFailedAllocation done
Event: 1.704 Executing VM operation: ParallelGCFailedAllocation


Dynamic libraries:
00400000-00401000 r-xp 00000000 08:08 3802540                            /home/lpxz/pool/jdk1.7/bin/java
00600000-00601000 rw-p 00000000 08:08 3802540                            /home/lpxz/pool/jdk1.7/bin/java
00e3f000-00e60000 rw-p 00000000 00:00 0                                  [heap]
47ae00000-47c300000 rw-p 00000000 00:00 0 
47c300000-480000000 rw-p 00000000 00:00 0 
480000000-48a300000 rw-p 00000000 00:00 0 
48a300000-6d5500000 rw-p 00000000 00:00 0 
6d5500000-6e5f00000 rw-p 00000000 00:00 0 
6e5f00000-800000000 rw-p 00000000 00:00 0 
7f5660000000-7f5660021000 rw-p 00000000 00:00 0 
7f5660021000-7f5664000000 ---p 00000000 00:00 0 
7f5668000000-7f5668021000 rw-p 00000000 00:00 0 
7f5668021000-7f566c000000 ---p 00000000 00:00 0 
7f566c000000-7f566c25c000 rw-p 00000000 00:00 0 
7f566c25c000-7f5670000000 ---p 00000000 00:00 0 
7f5670000000-7f5670021000 rw-p 00000000 00:00 0 
7f5670021000-7f5674000000 ---p 00000000 00:00 0 
7f5674000000-7f5674021000 rw-p 00000000 00:00 0 
7f5674021000-7f5678000000 ---p 00000000 00:00 0 
7f5678000000-7f5678021000 rw-p 00000000 00:00 0 
7f5678021000-7f567c000000 ---p 00000000 00:00 0 
7f567c000000-7f567c021000 rw-p 00000000 00:00 0 
7f567c021000-7f5680000000 ---p 00000000 00:00 0 
7f5680000000-7f5680021000 rw-p 00000000 00:00 0 
7f5680021000-7f5684000000 ---p 00000000 00:00 0 
7f5684000000-7f5684021000 rw-p 00000000 00:00 0 
7f5684021000-7f5688000000 ---p 00000000 00:00 0 
7f5688000000-7f56887e2000 rw-p 00000000 00:00 0 
7f56887e2000-7f568c000000 ---p 00000000 00:00 0 
7f568c000000-7f568c021000 rw-p 00000000 00:00 0 
7f568c021000-7f5690000000 ---p 00000000 00:00 0 
7f5690000000-7f5690021000 rw-p 00000000 00:00 0 
7f5690021000-7f5694000000 ---p 00000000 00:00 0 
7f5694000000-7f56947e6000 rw-p 00000000 00:00 0 
7f56947e6000-7f5698000000 ---p 00000000 00:00 0 
7f5698000000-7f5698021000 rw-p 00000000 00:00 0 
7f5698021000-7f569c000000 ---p 00000000 00:00 0 
7f569c000000-7f569c021000 rw-p 00000000 00:00 0 
7f569c021000-7f56a0000000 ---p 00000000 00:00 0 
7f56a0000000-7f56a0021000 rw-p 00000000 00:00 0 
7f56a0021000-7f56a4000000 ---p 00000000 00:00 0 
7f56a7d70000-7f56c4000000 rw-p 00000000 00:00 0 
7f56c4000000-7f56c4021000 rw-p 00000000 00:00 0 
7f56c4021000-7f56c8000000 ---p 00000000 00:00 0 
7f56cc000000-7f56cc24b000 rw-p 00000000 00:00 0 
7f56cc24b000-7f56d0000000 ---p 00000000 00:00 0 
7f56d4000000-7f56d4021000 rw-p 00000000 00:00 0 
7f56d4021000-7f56d8000000 ---p 00000000 00:00 0 
7f56dc000000-7f56dc021000 rw-p 00000000 00:00 0 
7f56dc021000-7f56e0000000 ---p 00000000 00:00 0 
7f56e4000000-7f56e4021000 rw-p 00000000 00:00 0 
7f56e4021000-7f56e8000000 ---p 00000000 00:00 0 
7f56ec000000-7f56ec021000 rw-p 00000000 00:00 0 
7f56ec021000-7f56f0000000 ---p 00000000 00:00 0 
7f56f4000000-7f56f4021000 rw-p 00000000 00:00 0 
7f56f4021000-7f56f8000000 ---p 00000000 00:00 0 
7f56fa4e5000-7f56fa4e8000 ---p 00000000 00:00 0 
7f56fa4e8000-7f56fa5e6000 rw-p 00000000 00:00 0 
7f56fa5e6000-7f56fa5e9000 ---p 00000000 00:00 0 
7f56fa5e9000-7f56fa6e7000 rw-p 00000000 00:00 0 
7f56fa6e7000-7f56fa6ea000 ---p 00000000 00:00 0 
7f56fa6ea000-7f56fa7e8000 rw-p 00000000 00:00 0 
7f56fa7e8000-7f56fa7eb000 ---p 00000000 00:00 0 
7f56fa7eb000-7f56fa8e9000 rw-p 00000000 00:00 0 
7f56fa8e9000-7f56fa8ec000 ---p 00000000 00:00 0 
7f56fa8ec000-7f56fa9ea000 rw-p 00000000 00:00 0 
7f56fa9ea000-7f56fa9ed000 ---p 00000000 00:00 0 
7f56fa9ed000-7f56faaeb000 rw-p 00000000 00:00 0 
7f56faaeb000-7f56faaee000 ---p 00000000 00:00 0 
7f56faaee000-7f56fabec000 rw-p 00000000 00:00 0 
7f56fabec000-7f56fabef000 ---p 00000000 00:00 0 
7f56fabef000-7f56faced000 rw-p 00000000 00:00 0 
7f56faced000-7f56fad03000 r-xp 00000000 08:08 3804245                    /home/lpxz/pool/jdk1.7/jre/lib/amd64/libnet.so
7f56fad03000-7f56faf03000 ---p 00016000 08:08 3804245                    /home/lpxz/pool/jdk1.7/jre/lib/amd64/libnet.so
7f56faf03000-7f56faf04000 rw-p 00016000 08:08 3804245                    /home/lpxz/pool/jdk1.7/jre/lib/amd64/libnet.so
7f56faf04000-7f56faf14000 r-xp 00000000 08:08 3804240                    /home/lpxz/pool/jdk1.7/jre/lib/amd64/libnio.so
7f56faf14000-7f56fb114000 ---p 00010000 08:08 3804240                    /home/lpxz/pool/jdk1.7/jre/lib/amd64/libnio.so
7f56fb114000-7f56fb115000 rw-p 00010000 08:08 3804240                    /home/lpxz/pool/jdk1.7/jre/lib/amd64/libnio.so
7f56fb115000-7f56fb116000 ---p 00000000 00:00 0 
7f56fb116000-7f56fb216000 rw-p 00000000 00:00 0 
7f56fb216000-7f56fb219000 ---p 00000000 00:00 0 
7f56fb219000-7f56fb317000 rw-p 00000000 00:00 0 
7f56fb317000-7f56fb31a000 ---p 00000000 00:00 0 
7f56fb31a000-7f56fb418000 rw-p 00000000 00:00 0 
7f56fb418000-7f56fb41b000 ---p 00000000 00:00 0 
7f56fb41b000-7f56fb519000 rw-p 00000000 00:00 0 
7f56fb519000-7f56fb51c000 ---p 00000000 00:00 0 
7f56fb51c000-7f56fb61a000 rw-p 00000000 00:00 0 
7f56fb61a000-7f56fbcfd000 r--p 00000000 08:08 6297920                    /usr/lib/locale/locale-archive
7f56fbcfd000-7f56fbd00000 ---p 00000000 00:00 0 
7f56fbd00000-7f56fbdfe000 rw-p 00000000 00:00 0 
7f56fbdfe000-7f56fbe01000 ---p 00000000 00:00 0 
7f56fbe01000-7f56fbeff000 rw-p 00000000 00:00 0 
7f56fbeff000-7f56fbf00000 ---p 00000000 00:00 0 
7f56fbf00000-7f56fc000000 rw-p 00000000 00:00 0 
7f56fc000000-7f56fc021000 rw-p 00000000 00:00 0 
7f56fc021000-7f5700000000 ---p 00000000 00:00 0 
7f57000f5000-7f5701d84000 rw-p 00000000 00:00 0 
7f5701d84000-7f5701f41000 r--s 039bf000 08:08 3804302                    /home/lpxz/pool/jdk1.7/jre/lib/rt.jar
7f5701f41000-7f5703da7000 rw-p 00000000 00:00 0 
7f5703da7000-7f5705000000 rw-p 00000000 00:00 0 
7f5705000000-7f5705270000 rwxp 00000000 00:00 0 
7f5705270000-7f57081e5000 rw-p 00000000 00:00 0 
7f57081e5000-7f570c000000 ---p 00000000 00:00 0 
7f570c016000-7f570c020000 r--s 00250000 08:08 3803739                    /home/lpxz/pool/jdk1.7/jre/lib/resources.jar
7f570c020000-7f570c079000 rw-p 00000000 00:00 0 
7f570c079000-7f570c07a000 ---p 00000000 00:00 0 
7f570c07a000-7f570c17a000 rw-p 00000000 00:00 0 
7f570c17a000-7f570c17b000 ---p 00000000 00:00 0 
7f570c17b000-7f570c27b000 rw-p 00000000 00:00 0 
7f570c27b000-7f570c27c000 ---p 00000000 00:00 0 
7f570c27c000-7f570c37c000 rw-p 00000000 00:00 0 
7f570c37c000-7f570c37d000 ---p 00000000 00:00 0 
7f570c37d000-7f570c47d000 rw-p 00000000 00:00 0 
7f570c47d000-7f570c47e000 ---p 00000000 00:00 0 
7f570c47e000-7f570c57e000 rw-p 00000000 00:00 0 
7f570c57e000-7f570c57f000 ---p 00000000 00:00 0 
7f570c57f000-7f570c67f000 rw-p 00000000 00:00 0 
7f570c67f000-7f570c680000 ---p 00000000 00:00 0 
7f570c680000-7f570c780000 rw-p 00000000 00:00 0 
7f570c780000-7f570c781000 ---p 00000000 00:00 0 
7f570c781000-7f570c88c000 rw-p 00000000 00:00 0 
7f570c88c000-7f570c8aa000 rw-p 00000000 00:00 0 
7f570c8aa000-7f570c8b5000 rw-p 00000000 00:00 0 
7f570c8b5000-7f570c8d3000 rw-p 00000000 00:00 0 
7f570c8d3000-7f570c925000 rw-p 00000000 00:00 0 
7f570c925000-7f570db7d000 rw-p 00000000 00:00 0 
7f570db7d000-7f570dc03000 rw-p 00000000 00:00 0 
7f570dc03000-7f570e4d3000 rw-p 00000000 00:00 0 
7f570e4d3000-7f570e4d4000 rw-p 00000000 00:00 0 
7f570e4d4000-7f570e4ee000 r-xp 00000000 08:08 3804290                    /home/lpxz/pool/jdk1.7/jre/lib/amd64/libzip.so
7f570e4ee000-7f570e6ee000 ---p 0001a000 08:08 3804290                    /home/lpxz/pool/jdk1.7/jre/lib/amd64/libzip.so
7f570e6ee000-7f570e6ef000 rw-p 0001a000 08:08 3804290                    /home/lpxz/pool/jdk1.7/jre/lib/amd64/libzip.so
7f570e6ef000-7f570e6fb000 r-xp 00000000 08:08 12594830                   /lib/x86_64-linux-gnu/libnss_files-2.15.so
7f570e6fb000-7f570e8fa000 ---p 0000c000 08:08 12594830                   /lib/x86_64-linux-gnu/libnss_files-2.15.so
7f570e8fa000-7f570e8fb000 r--p 0000b000 08:08 12594830                   /lib/x86_64-linux-gnu/libnss_files-2.15.so
7f570e8fb000-7f570e8fc000 rw-p 0000c000 08:08 12594830                   /lib/x86_64-linux-gnu/libnss_files-2.15.so
7f570e8fc000-7f570e906000 r-xp 00000000 08:08 12594834                   /lib/x86_64-linux-gnu/libnss_nis-2.15.so
7f570e906000-7f570eb06000 ---p 0000a000 08:08 12594834                   /lib/x86_64-linux-gnu/libnss_nis-2.15.so
7f570eb06000-7f570eb07000 r--p 0000a000 08:08 12594834                   /lib/x86_64-linux-gnu/libnss_nis-2.15.so
7f570eb07000-7f570eb08000 rw-p 0000b000 08:08 12594834                   /lib/x86_64-linux-gnu/libnss_nis-2.15.so
7f570eb08000-7f570eb1f000 r-xp 00000000 08:08 12594846                   /lib/x86_64-linux-gnu/libnsl-2.15.so
7f570eb1f000-7f570ed1e000 ---p 00017000 08:08 12594846                   /lib/x86_64-linux-gnu/libnsl-2.15.so
7f570ed1e000-7f570ed1f000 r--p 00016000 08:08 12594846                   /lib/x86_64-linux-gnu/libnsl-2.15.so
7f570ed1f000-7f570ed20000 rw-p 00017000 08:08 12594846                   /lib/x86_64-linux-gnu/libnsl-2.15.so
7f570ed20000-7f570ed22000 rw-p 00000000 00:00 0 
7f570ed22000-7f570ed2a000 r-xp 00000000 08:08 12594828                   /lib/x86_64-linux-gnu/libnss_compat-2.15.so
7f570ed2a000-7f570ef29000 ---p 00008000 08:08 12594828                   /lib/x86_64-linux-gnu/libnss_compat-2.15.so
7f570ef29000-7f570ef2a000 r--p 00007000 08:08 12594828                   /lib/x86_64-linux-gnu/libnss_compat-2.15.so
7f570ef2a000-7f570ef2b000 rw-p 00008000 08:08 12594828                   /lib/x86_64-linux-gnu/libnss_compat-2.15.so
7f570ef2b000-7f570ef54000 r-xp 00000000 08:08 3804274                    /home/lpxz/pool/jdk1.7/jre/lib/amd64/libjava.so
7f570ef54000-7f570f154000 ---p 00029000 08:08 3804274                    /home/lpxz/pool/jdk1.7/jre/lib/amd64/libjava.so
7f570f154000-7f570f156000 rw-p 00029000 08:08 3804274                    /home/lpxz/pool/jdk1.7/jre/lib/amd64/libjava.so
7f570f156000-7f570f163000 r-xp 00000000 08:08 3804272                    /home/lpxz/pool/jdk1.7/jre/lib/amd64/libverify.so
7f570f163000-7f570f362000 ---p 0000d000 08:08 3804272                    /home/lpxz/pool/jdk1.7/jre/lib/amd64/libverify.so
7f570f362000-7f570f364000 rw-p 0000c000 08:08 3804272                    /home/lpxz/pool/jdk1.7/jre/lib/amd64/libverify.so
7f570f364000-7f570f36b000 r-xp 00000000 08:08 12594833                   /lib/x86_64-linux-gnu/librt-2.15.so
7f570f36b000-7f570f56a000 ---p 00007000 08:08 12594833                   /lib/x86_64-linux-gnu/librt-2.15.so
7f570f56a000-7f570f56b000 r--p 00006000 08:08 12594833                   /lib/x86_64-linux-gnu/librt-2.15.so
7f570f56b000-7f570f56c000 rw-p 00007000 08:08 12594833                   /lib/x86_64-linux-gnu/librt-2.15.so
7f570f56c000-7f570f667000 r-xp 00000000 08:08 12594837                   /lib/x86_64-linux-gnu/libm-2.15.so
7f570f667000-7f570f866000 ---p 000fb000 08:08 12594837                   /lib/x86_64-linux-gnu/libm-2.15.so
7f570f866000-7f570f867000 r--p 000fa000 08:08 12594837                   /lib/x86_64-linux-gnu/libm-2.15.so
7f570f867000-7f570f868000 rw-p 000fb000 08:08 12594837                   /lib/x86_64-linux-gnu/libm-2.15.so
7f570f868000-7f57103ca000 r-xp 00000000 08:08 3804280                    /home/lpxz/pool/jdk1.7/jre/lib/amd64/server/libjvm.so
7f57103ca000-7f57105ca000 ---p 00b62000 08:08 3804280                    /home/lpxz/pool/jdk1.7/jre/lib/amd64/server/libjvm.so
7f57105ca000-7f571068d000 rw-p 00b62000 08:08 3804280                    /home/lpxz/pool/jdk1.7/jre/lib/amd64/server/libjvm.so
7f571068d000-7f57106ce000 rw-p 00000000 00:00 0 
7f57106ce000-7f5710883000 r-xp 00000000 08:08 12594826                   /lib/x86_64-linux-gnu/libc-2.15.so
7f5710883000-7f5710a83000 ---p 001b5000 08:08 12594826                   /lib/x86_64-linux-gnu/libc-2.15.so
7f5710a83000-7f5710a87000 r--p 001b5000 08:08 12594826                   /lib/x86_64-linux-gnu/libc-2.15.so
7f5710a87000-7f5710a89000 rw-p 001b9000 08:08 12594826                   /lib/x86_64-linux-gnu/libc-2.15.so
7f5710a89000-7f5710a8e000 rw-p 00000000 00:00 0 
7f5710a8e000-7f5710a90000 r-xp 00000000 08:08 12594841                   /lib/x86_64-linux-gnu/libdl-2.15.so
7f5710a90000-7f5710c90000 ---p 00002000 08:08 12594841                   /lib/x86_64-linux-gnu/libdl-2.15.so
7f5710c90000-7f5710c91000 r--p 00002000 08:08 12594841                   /lib/x86_64-linux-gnu/libdl-2.15.so
7f5710c91000-7f5710c92000 rw-p 00003000 08:08 12594841                   /lib/x86_64-linux-gnu/libdl-2.15.so
7f5710c92000-7f5710ca8000 r-xp 00000000 08:08 3802605                    /home/lpxz/pool/jdk1.7/lib/amd64/jli/libjli.so
7f5710ca8000-7f5710ea8000 ---p 00016000 08:08 3802605                    /home/lpxz/pool/jdk1.7/lib/amd64/jli/libjli.so
7f5710ea8000-7f5710ea9000 rw-p 00016000 08:08 3802605                    /home/lpxz/pool/jdk1.7/lib/amd64/jli/libjli.so
7f5710ea9000-7f5710ec1000 r-xp 00000000 08:08 12594835                   /lib/x86_64-linux-gnu/libpthread-2.15.so
7f5710ec1000-7f57110c0000 ---p 00018000 08:08 12594835                   /lib/x86_64-linux-gnu/libpthread-2.15.so
7f57110c0000-7f57110c1000 r--p 00017000 08:08 12594835                   /lib/x86_64-linux-gnu/libpthread-2.15.so
7f57110c1000-7f57110c2000 rw-p 00018000 08:08 12594835                   /lib/x86_64-linux-gnu/libpthread-2.15.so
7f57110c2000-7f57110c6000 rw-p 00000000 00:00 0 
7f57110c6000-7f57110e8000 r-xp 00000000 08:08 12594838                   /lib/x86_64-linux-gnu/ld-2.15.so
7f57110f9000-7f5711105000 r--s 000da000 08:08 4477681                    /home/lpxz/eclipse/workspacePA_icse/soot-One/lib/polyglotclasses-1.3.5.jar
7f5711105000-7f571110f000 rw-p 00000000 00:00 0 
7f571110f000-7f57111c5000 rw-p 00000000 00:00 0 
7f57111c5000-7f57111c8000 ---p 00000000 00:00 0 
7f57111c8000-7f57112ca000 rw-p 00000000 00:00 0 
7f57112d4000-7f57112d5000 rw-p 00000000 00:00 0 
7f57112d5000-7f57112d8000 r--s 0002b000 08:08 4477682                    /home/lpxz/eclipse/workspacePA_icse/soot-One/lib/jasminclasses-2.5.0.jar
7f57112d8000-7f57112dc000 r--s 000f7000 08:08 3804391                    /home/lpxz/pool/jdk1.7/jre/lib/ext/localedata.jar
7f57112dc000-7f57112e4000 rw-s 00000000 08:08 4997936                    /tmp/hsperfdata_lpxz/11734
7f57112e4000-7f57112e5000 rw-p 00000000 00:00 0 
7f57112e5000-7f57112e6000 ---p 00000000 00:00 0 
7f57112e6000-7f57112e8000 rw-p 00000000 00:00 0 
7f57112e8000-7f57112e9000 r--p 00022000 08:08 12594838                   /lib/x86_64-linux-gnu/ld-2.15.so
7f57112e9000-7f57112eb000 rw-p 00023000 08:08 12594838                   /lib/x86_64-linux-gnu/ld-2.15.so
7fff2da2c000-7fff2da4d000 rw-p 00000000 00:00 0                          [stack]
7fff2da90000-7fff2da91000 r-xp 00000000 00:00 0                          [vdso]
ffffffffff600000-ffffffffff601000 r-xp 00000000 00:00 0                  [vsyscall]

VM Arguments:
jvm_args: -Xverify:none -Xmx14g -Dfile.encoding=UTF-8 
java_command: edu.hkust.leap.record.RecordMain 1024 spec.jbb.JBBmain
Launcher Type: SUN_STANDARD

Environment Variables:
PATH=/usr/local/sbin:/usr/local/bin:/usr/sbin:/usr/bin:/sbin:/bin:/usr/games
LD_LIBRARY_PATH=/home/lpxz/pool/jdk1.7/jre/lib/amd64/server:/home/lpxz/pool/jdk1.7/jre/lib/amd64:/home/lpxz/pool/jdk1.7/jre/../lib/amd64:/usr/lib/jvm/java-6-openjdk-amd64/jre/lib/amd64/server:/usr/lib/jvm/java-6-openjdk-amd64/jre/lib/amd64:/usr/lib/jvm/java-6-openjdk-amd64/jre/../lib/amd64
SHELL=/bin/bash
DISPLAY=:0

Signal Handlers:
SIGSEGV: [libjvm.so+0x993870], sa_mask[0]=0x7ffbfeff, sa_flags=0x10000004
SIGBUS: [libjvm.so+0x993870], sa_mask[0]=0x7ffbfeff, sa_flags=0x10000004
SIGFPE: [libjvm.so+0x8105b0], sa_mask[0]=0x7ffbfeff, sa_flags=0x10000004
SIGPIPE: [libjvm.so+0x8105b0], sa_mask[0]=0x7ffbfeff, sa_flags=0x10000004
SIGXFSZ: [libjvm.so+0x8105b0], sa_mask[0]=0x7ffbfeff, sa_flags=0x10000004
SIGILL: [libjvm.so+0x8105b0], sa_mask[0]=0x7ffbfeff, sa_flags=0x10000004
SIGUSR1: SIG_DFL, sa_mask[0]=0x00000000, sa_flags=0x00000000
SIGUSR2: [libjvm.so+0x811aa0], sa_mask[0]=0x00000004, sa_flags=0x10000004
SIGHUP: [libjvm.so+0x812a10], sa_mask[0]=0x7ffbfeff, sa_flags=0x10000004
SIGINT: [libjvm.so+0x812a10], sa_mask[0]=0x7ffbfeff, sa_flags=0x10000004
SIGTERM: [libjvm.so+0x812a10], sa_mask[0]=0x7ffbfeff, sa_flags=0x10000004
SIGQUIT: [libjvm.so+0x812a10], sa_mask[0]=0x7ffbfeff, sa_flags=0x10000004


---------------  S Y S T E M  ---------------

OS:wheezy/sid

uname:Linux 3.2.0-29-generic #46-Ubuntu SMP Fri Jul 27 17:03:23 UTC 2012 x86_64
libc:glibc 2.15 NPTL 2.15 
rlimit: STACK 8192k, CORE 0k, NPROC 125044, NOFILE 4096, AS infinity
load average:1.55 1.45 1.67

/proc/meminfo:
MemTotal:       16023348 kB
MemFree:         8574316 kB
Buffers:          810624 kB
Cached:          3482760 kB
SwapCached:            0 kB
Active:          4445344 kB
Inactive:        2002364 kB
Active(anon):    2175256 kB
Inactive(anon):   200156 kB
Active(file):    2270088 kB
Inactive(file):  1802208 kB
Unevictable:           0 kB
Mlocked:               0 kB
SwapTotal:      62944092 kB
SwapFree:       62944092 kB
Dirty:              6844 kB
Writeback:             0 kB
AnonPages:       2155264 kB
Mapped:           266528 kB
Shmem:            221092 kB
Slab:             700292 kB
SReclaimable:     642616 kB
SUnreclaim:        57676 kB
KernelStack:        5208 kB
PageTables:        47020 kB
NFS_Unstable:          0 kB
Bounce:                0 kB
WritebackTmp:          0 kB
CommitLimit:    70955764 kB
Committed_AS:    5704116 kB
VmallocTotal:   34359738367 kB
VmallocUsed:      401596 kB
VmallocChunk:   34359305212 kB
HardwareCorrupted:     0 kB
AnonHugePages:         0 kB
HugePages_Total:       0
HugePages_Free:        0
HugePages_Rsvd:        0
HugePages_Surp:        0
Hugepagesize:       2048 kB
DirectMap4k:       83456 kB
DirectMap2M:    16279552 kB


CPU:total 8 (4 cores per cpu, 2 threads per core) family 6 model 58 stepping 9, cmov, cx8, fxsr, mmx, sse, sse2, sse3, ssse3, sse4.1, sse4.2, popcnt, avx, aes, erms, ht, tsc, tscinvbit, tscinv

/proc/cpuinfo:
processor	: 0
vendor_id	: GenuineIntel
cpu family	: 6
model		: 58
model name	: Intel(R) Core(TM) i7-3610QM CPU @ 2.30GHz
stepping	: 9
microcode	: 0x12
cpu MHz		: 2301.000
cache size	: 6144 KB
physical id	: 0
siblings	: 8
core id		: 0
cpu cores	: 4
apicid		: 0
initial apicid	: 0
fpu		: yes
fpu_exception	: yes
cpuid level	: 13
wp		: yes
flags		: fpu vme de pse tsc msr pae mce cx8 apic sep mtrr pge mca cmov pat pse36 clflush dts acpi mmx fxsr sse sse2 ss ht tm pbe syscall nx rdtscp lm constant_tsc arch_perfmon pebs bts rep_good nopl xtopology nonstop_tsc aperfmperf pni pclmulqdq dtes64 monitor ds_cpl vmx est tm2 ssse3 cx16 xtpr pdcm pcid sse4_1 sse4_2 x2apic popcnt tsc_deadline_timer aes xsave avx f16c rdrand lahf_lm ida arat epb xsaveopt pln pts dtherm tpr_shadow vnmi flexpriority ept vpid fsgsbase smep erms
bogomips	: 4589.13
clflush size	: 64
cache_alignment	: 64
address sizes	: 36 bits physical, 48 bits virtual
power management:

processor	: 1
vendor_id	: GenuineIntel
cpu family	: 6
model		: 58
model name	: Intel(R) Core(TM) i7-3610QM CPU @ 2.30GHz
stepping	: 9
microcode	: 0x12
cpu MHz		: 2301.000
cache size	: 6144 KB
physical id	: 0
siblings	: 8
core id		: 0
cpu cores	: 4
apicid		: 1
initial apicid	: 1
fpu		: yes
fpu_exception	: yes
cpuid level	: 13
wp		: yes
flags		: fpu vme de pse tsc msr pae mce cx8 apic sep mtrr pge mca cmov pat pse36 clflush dts acpi mmx fxsr sse sse2 ss ht tm pbe syscall nx rdtscp lm constant_tsc arch_perfmon pebs bts rep_good nopl xtopology nonstop_tsc aperfmperf pni pclmulqdq dtes64 monitor ds_cpl vmx est tm2 ssse3 cx16 xtpr pdcm pcid sse4_1 sse4_2 x2apic popcnt tsc_deadline_timer aes xsave avx f16c rdrand lahf_lm ida arat epb xsaveopt pln pts dtherm tpr_shadow vnmi flexpriority ept vpid fsgsbase smep erms
bogomips	: 4589.35
clflush size	: 64
cache_alignment	: 64
address sizes	: 36 bits physical, 48 bits virtual
power management:

processor	: 2
vendor_id	: GenuineIntel
cpu family	: 6
model		: 58
model name	: Intel(R) Core(TM) i7-3610QM CPU @ 2.30GHz
stepping	: 9
microcode	: 0x12
cpu MHz		: 2301.000
cache size	: 6144 KB
physical id	: 0
siblings	: 8
core id		: 1
cpu cores	: 4
apicid		: 2
initial apicid	: 2
fpu		: yes
fpu_exception	: yes
cpuid level	: 13
wp		: yes
flags		: fpu vme de pse tsc msr pae mce cx8 apic sep mtrr pge mca cmov pat pse36 clflush dts acpi mmx fxsr sse sse2 ss ht tm pbe syscall nx rdtscp lm constant_tsc arch_perfmon pebs bts rep_good nopl xtopology nonstop_tsc aperfmperf pni pclmulqdq dtes64 monitor ds_cpl vmx est tm2 ssse3 cx16 xtpr pdcm pcid sse4_1 sse4_2 x2apic popcnt tsc_deadline_timer aes xsave avx f16c rdrand lahf_lm ida arat epb xsaveopt pln pts dtherm tpr_shadow vnmi flexpriority ept vpid fsgsbase smep erms
bogomips	: 4589.37
clflush size	: 64
cache_alignment	: 64
address sizes	: 36 bits physical, 48 bits virtual
power management:

processor	: 3
vendor_id	: GenuineIntel
cpu family	: 6
model		: 58
model name	: Intel(R) Core(TM) i7-3610QM CPU @ 2.30GHz
stepping	: 9
microcode	: 0x12
cpu MHz		: 2301.000
cache size	: 6144 KB
physical id	: 0
siblings	: 8
core id		: 1
cpu cores	: 4
apicid		: 3
initial apicid	: 3
fpu		: yes
fpu_exception	: yes
cpuid level	: 13
wp		: yes
flags		: fpu vme de pse tsc msr pae mce cx8 apic sep mtrr pge mca cmov pat pse36 clflush dts acpi mmx fxsr sse sse2 ss ht tm pbe syscall nx rdtscp lm constant_tsc arch_perfmon pebs bts rep_good nopl xtopology nonstop_tsc aperfmperf pni pclmulqdq dtes64 monitor ds_cpl vmx est tm2 ssse3 cx16 xtpr pdcm pcid sse4_1 sse4_2 x2apic popcnt tsc_deadline_timer aes xsave avx f16c rdrand lahf_lm ida arat epb xsaveopt pln pts dtherm tpr_shadow vnmi flexpriority ept vpid fsgsbase smep erms
bogomips	: 4589.37
clflush size	: 64
cache_alignment	: 64
address sizes	: 36 bits physical, 48 bits virtual
power management:

processor	: 4
vendor_id	: GenuineIntel
cpu family	: 6
model		: 58
model name	: Intel(R) Core(TM) i7-3610QM CPU @ 2.30GHz
stepping	: 9
microcode	: 0x12
cpu MHz		: 2301.000
cache size	: 6144 KB
physical id	: 0
siblings	: 8
core id		: 2
cpu cores	: 4
apicid		: 4
initial apicid	: 4
fpu		: yes
fpu_exception	: yes
cpuid level	: 13
wp		: yes
flags		: fpu vme de pse tsc msr pae mce cx8 apic sep mtrr pge mca cmov pat pse36 clflush dts acpi mmx fxsr sse sse2 ss ht tm pbe syscall nx rdtscp lm constant_tsc arch_perfmon pebs bts rep_good nopl xtopology nonstop_tsc aperfmperf pni pclmulqdq dtes64 monitor ds_cpl vmx est tm2 ssse3 cx16 xtpr pdcm pcid sse4_1 sse4_2 x2apic popcnt tsc_deadline_timer aes xsave avx f16c rdrand lahf_lm ida arat epb xsaveopt pln pts dtherm tpr_shadow vnmi flexpriority ept vpid fsgsbase smep erms
bogomips	: 4589.37
clflush size	: 64
cache_alignment	: 64
address sizes	: 36 bits physical, 48 bits virtual
power management:

processor	: 5
vendor_id	: GenuineIntel
cpu family	: 6
model		: 58
model name	: Intel(R) Core(TM) i7-3610QM CPU @ 2.30GHz
stepping	: 9
microcode	: 0x12
cpu MHz		: 2301.000
cache size	: 6144 KB
physical id	: 0
siblings	: 8
core id		: 2
cpu cores	: 4
apicid		: 5
initial apicid	: 5
fpu		: yes
fpu_exception	: yes
cpuid level	: 13
wp		: yes
flags		: fpu vme de pse tsc msr pae mce cx8 apic sep mtrr pge mca cmov pat pse36 clflush dts acpi mmx fxsr sse sse2 ss ht tm pbe syscall nx rdtscp lm constant_tsc arch_perfmon pebs bts rep_good nopl xtopology nonstop_tsc aperfmperf pni pclmulqdq dtes64 monitor ds_cpl vmx est tm2 ssse3 cx16 xtpr pdcm pcid sse4_1 sse4_2 x2apic popcnt tsc_deadline_timer aes xsave avx f16c rdrand lahf_lm ida arat epb xsaveopt pln pts dtherm tpr_shadow vnmi flexpriority ept vpid fsgsbase smep erms
bogomips	: 4589.37
clflush size	: 64
cache_alignment	: 64
address sizes	: 36 bits physical, 48 bits virtual
power management:

processor	: 6
vendor_id	: GenuineIntel
cpu family	: 6
model		: 58
model name	: Intel(R) Core(TM) i7-3610QM CPU @ 2.30GHz
stepping	: 9
microcode	: 0x12
cpu MHz		: 2301.000
cache size	: 6144 KB
physical id	: 0
siblings	: 8
core id		: 3
cpu cores	: 4
apicid		: 6
initial apicid	: 6
fpu		: yes
fpu_exception	: yes
cpuid level	: 13
wp		: yes
flags		: fpu vme de pse tsc msr pae mce cx8 apic sep mtrr pge mca cmov pat pse36 clflush dts acpi mmx fxsr sse sse2 ss ht tm pbe syscall nx rdtscp lm constant_tsc arch_perfmon pebs bts rep_good nopl xtopology nonstop_tsc aperfmperf pni pclmulqdq dtes64 monitor ds_cpl vmx est tm2 ssse3 cx16 xtpr pdcm pcid sse4_1 sse4_2 x2apic popcnt tsc_deadline_timer aes xsave avx f16c rdrand lahf_lm ida arat epb xsaveopt pln pts dtherm tpr_shadow vnmi flexpriority ept vpid fsgsbase smep erms
bogomips	: 4589.37
clflush size	: 64
cache_alignment	: 64
address sizes	: 36 bits physical, 48 bits virtual
power management:

processor	: 7
vendor_id	: GenuineIntel
cpu family	: 6
model		: 58
model name	: Intel(R) Core(TM) i7-3610QM CPU @ 2.30GHz
stepping	: 9
microcode	: 0x12
cpu MHz		: 2301.000
cache size	: 6144 KB
physical id	: 0
siblings	: 8
core id		: 3
cpu cores	: 4
apicid		: 7
initial apicid	: 7
fpu		: yes
fpu_exception	: yes
cpuid level	: 13
wp		: yes
flags		: fpu vme de pse tsc msr pae mce cx8 apic sep mtrr pge mca cmov pat pse36 clflush dts acpi mmx fxsr sse sse2 ss ht tm pbe syscall nx rdtscp lm constant_tsc arch_perfmon pebs bts rep_good nopl xtopology nonstop_tsc aperfmperf pni pclmulqdq dtes64 monitor ds_cpl vmx est tm2 ssse3 cx16 xtpr pdcm pcid sse4_1 sse4_2 x2apic popcnt tsc_deadline_timer aes xsave avx f16c rdrand lahf_lm ida arat epb xsaveopt pln pts dtherm tpr_shadow vnmi flexpriority ept vpid fsgsbase smep erms
bogomips	: 4589.37
clflush size	: 64
cache_alignment	: 64
address sizes	: 36 bits physical, 48 bits virtual
power management:



Memory: 4k page, physical 16023348k(8573944k free), swap 62944092k(62944092k free)

vm_info: Java HotSpot(TM) 64-Bit Server VM (24.51-b03) for linux-amd64 JRE (1.7.0_51-b13), built on Dec 18 2013 18:48:01 by "java_re" with gcc 4.3.0 20080428 (Red Hat 4.3.0-8)

time: Tue Oct 14 16:10:03 2014
elapsed time: 1 seconds

