Class.forName;avrora.Main;org.dacapo.harness.Avrora.<init>;26;;
Class.forName;java.security.MessageDigestSpi;java.security.Security.getSpiClass;640;;
Class.forName;java.util.CurrencyData;java.util.Currency$1.run;128;;
Class.forName;org.dacapo.harness.Avrora;org.dacapo.harness.TestHarness.findClass;281;;
Class.forName;sun.net.www.protocol.jar.Handler;java.net.URL.getURLStreamHandler;1140;;
Class.forName;sun.security.provider.SHA;java.security.Provider$Service.getImplClass;1260;;
Class.newInstance;avrora.Defaults$AutoProgramReader;cck.util.ClassMap.getObjectOfClass;171;;
Class.newInstance;avrora.actions.SimAction;cck.util.ClassMap.getObjectOfClass;171;;
Class.newInstance;avrora.monitors.LEDMonitor;cck.util.ClassMap.getObjectOfClass;171;;
Class.newInstance;avrora.monitors.PacketMonitor;cck.util.ClassMap.getObjectOfClass;171;;
Class.newInstance;avrora.sim.platform.Mica2$Factory;cck.util.ClassMap.getObjectOfClass;171;;
Class.newInstance;avrora.sim.types.SensorSimulation;cck.util.ClassMap.getObjectOfClass;171;;
Class.newInstance;sun.net.www.protocol.jar.Handler;java.net.URL.getURLStreamHandler;1148;;
Class.newInstance;sun.security.provider.SHA;java.security.Provider$Service.newInstance;1221;;
Class.newInstance;sun.security.provider.Sun;sun.security.jca.ProviderConfig$3.run;240;;
Class.newInstance;sun.text.resources.FormatData;java.util.ResourceBundle$Control.newBundle;2295;;
Class.newInstance;sun.text.resources.FormatData_en;java.util.ResourceBundle$Control.newBundle;2295;;
Class.newInstance;sun.text.resources.FormatData_en_US;java.util.ResourceBundle$Control.newBundle;2295;;
Class.newInstance;sun.util.resources.CurrencyNames;java.util.ResourceBundle$Control.newBundle;2295;;
Class.newInstance;sun.util.resources.CurrencyNames_en_US;java.util.ResourceBundle$Control.newBundle;2295;;
Constructor.newInstance;<avrora.Defaults$AutoProgramReader: void <init>()>;java.lang.Class.newInstance0;;isAccessible=true;
Constructor.newInstance;<avrora.actions.SimAction: void <init>()>;java.lang.Class.newInstance0;;isAccessible=true;
Constructor.newInstance;<avrora.monitors.LEDMonitor: void <init>()>;java.lang.Class.newInstance0;;isAccessible=true;
Constructor.newInstance;<avrora.monitors.PacketMonitor: void <init>()>;java.lang.Class.newInstance0;;isAccessible=true;
Constructor.newInstance;<avrora.sim.platform.Mica2$Factory: void <init>()>;java.lang.Class.newInstance0;;isAccessible=true;
Constructor.newInstance;<avrora.sim.types.SensorSimulation: void <init>()>;java.lang.Class.newInstance0;;isAccessible=true;
Constructor.newInstance;<org.dacapo.harness.Avrora: void <init>(org.dacapo.parser.Config,java.io.File)>;org.dacapo.harness.TestHarness.runBenchmark;211;isAccessible=false;
Constructor.newInstance;<sun.net.www.protocol.jar.Handler: void <init>()>;java.lang.Class.newInstance0;;isAccessible=true;
Constructor.newInstance;<sun.security.provider.SHA: void <init>()>;java.lang.Class.newInstance0;;isAccessible=true;
Constructor.newInstance;<sun.security.provider.Sun: void <init>()>;java.lang.Class.newInstance0;;isAccessible=true;
Constructor.newInstance;<sun.text.resources.FormatData: void <init>()>;java.lang.Class.newInstance0;;isAccessible=true;
Constructor.newInstance;<sun.text.resources.FormatData_en: void <init>()>;java.lang.Class.newInstance0;;isAccessible=true;
Constructor.newInstance;<sun.text.resources.FormatData_en_US: void <init>()>;java.lang.Class.newInstance0;;isAccessible=true;
Constructor.newInstance;<sun.util.resources.CurrencyNames: void <init>()>;java.lang.Class.newInstance0;;isAccessible=true;
Constructor.newInstance;<sun.util.resources.CurrencyNames_en_US: void <init>()>;java.lang.Class.newInstance0;;isAccessible=true;
Field.get*;<java.util.CurrencyData: int[] otherCurrenciesDFD>;java.util.Currency$1.run;136;isAccessible=false;
Field.get*;<java.util.CurrencyData: int[] scNewCurrenciesDFD>;java.util.Currency$1.run;134;isAccessible=false;
Field.get*;<java.util.CurrencyData: int[] scOldCurrenciesDFD>;java.util.Currency$1.run;133;isAccessible=false;
Field.get*;<java.util.CurrencyData: java.lang.String mainTable>;java.util.Currency$1.run;129;isAccessible=false;
Field.get*;<java.util.CurrencyData: java.lang.String otherCurrencies>;java.util.Currency$1.run;135;isAccessible=false;
Field.get*;<java.util.CurrencyData: java.lang.String[] scNewCurrencies>;java.util.Currency$1.run;132;isAccessible=false;
Field.get*;<java.util.CurrencyData: java.lang.String[] scOldCurrencies>;java.util.Currency$1.run;131;isAccessible=false;
Field.get*;<java.util.CurrencyData: long[] scCutOverTimes>;java.util.Currency$1.run;130;isAccessible=false;
Method.invoke;<avrora.Main: void main(java.lang.String[])>;org.dacapo.harness.Avrora.iterate;42;isAccessible=false;
