Class.forName;java.security.MessageDigestSpi;java.security.Security.getSpiClass;640;;
Class.forName;java.util.CurrencyData;java.util.Currency$1.run;128;;
Class.forName;org.apache.lucene.analysis.LowerCaseFilter;org.apache.lucene.analysis.LowerCaseFilter.class$;27;;
Class.forName;org.apache.lucene.analysis.StopFilter;org.apache.lucene.analysis.StopFilter.class$;28;;
Class.forName;org.apache.lucene.analysis.Token;org.apache.lucene.analysis.Token.class$;118;;
Class.forName;org.apache.lucene.analysis.TokenStream;org.apache.lucene.analysis.TokenStream.class$;39;;
Class.forName;org.apache.lucene.analysis.standard.StandardFilter;org.apache.lucene.analysis.standard.StandardFilter.class$;26;;
Class.forName;org.apache.lucene.analysis.standard.StandardTokenizer;org.apache.lucene.analysis.standard.StandardTokenizer.class$;43;;
Class.forName;org.apache.lucene.index.DirectoryIndexReader;org.apache.lucene.index.DirectoryIndexReader.class$;39;;
Class.forName;org.apache.lucene.index.FieldsReader;org.apache.lucene.index.FieldsReader.class$;41;;
Class.forName;org.apache.lucene.index.IndexReader;org.apache.lucene.index.IndexReader.class$;70;;
Class.forName;org.apache.lucene.index.ReadOnlySegmentReader;org.apache.lucene.index.SegmentReader.<clinit>;203;;
Class.forName;org.apache.lucene.index.ReadOnlySegmentReader;org.apache.lucene.index.SegmentReader.class$;82;;
Class.forName;org.apache.lucene.index.SegmentInfo;org.apache.lucene.index.SegmentInfo.class$;28;;
Class.forName;org.apache.lucene.index.SegmentMerger;org.apache.lucene.index.SegmentMerger.class$;44;;
Class.forName;org.apache.lucene.index.SegmentReader;org.apache.lucene.index.SegmentReader.<clinit>;185;;
Class.forName;org.apache.lucene.index.SegmentReader;org.apache.lucene.index.SegmentReader.class$;82;;
Class.forName;org.apache.lucene.store.BufferedIndexInput;org.apache.lucene.store.BufferedIndexInput.class$;23;;
Class.forName;org.apache.lucene.store.FSDirectory;org.apache.lucene.store.FSDirectory.<clinit>;109;;
Class.forName;org.apache.lucene.store.FSDirectory;org.apache.lucene.store.FSDirectory.class$;108;;
Class.forName;org.apache.lucene.util.CloseableThreadLocal;org.apache.lucene.util.CloseableThreadLocal.class$;45;;
Class.forName;org.apache.lucene.util.UnicodeUtil;org.apache.lucene.util.UnicodeUtil.class$;61;;
Class.forName;org.dacapo.harness.Lusearch;org.dacapo.harness.TestHarness.findClass;281;;
Class.forName;org.dacapo.lusearch.Search;org.dacapo.harness.Lusearch.<init>;25;;
Class.forName;sun.net.www.protocol.jar.Handler;java.net.URL.getURLStreamHandler;1140;;
Class.forName;sun.security.provider.MD5;java.security.Provider$Service.getImplClass;1260;;
Class.forName;sun.security.provider.SHA;java.security.Provider$Service.getImplClass;1260;;
Class.newInstance;org.apache.lucene.index.SegmentReader;org.apache.lucene.index.SegmentReader.get;301;;
Class.newInstance;org.apache.lucene.store.FSDirectory;org.apache.lucene.store.FSDirectory.getDirectory;182;;
Class.newInstance;sun.net.www.protocol.jar.Handler;java.net.URL.getURLStreamHandler;1148;;
Class.newInstance;sun.reflect.GeneratedConstructorAccessor$HASHED$0e4246823aa29aa7fbbff987b34b24f42d5ed30f;sun.reflect.MethodAccessorGenerator$1.run;381;;
Class.newInstance;sun.reflect.GeneratedConstructorAccessor$HASHED$7a786ce5eb4659fde72470ff1c76d2d14ea17fa8;sun.reflect.MethodAccessorGenerator$1.run;381;;
Class.newInstance;sun.security.provider.MD5;java.security.Provider$Service.newInstance;1221;;
Class.newInstance;sun.security.provider.SHA;java.security.Provider$Service.newInstance;1221;;
Class.newInstance;sun.security.provider.Sun;sun.security.jca.ProviderConfig$3.run;240;;
Class.newInstance;sun.text.resources.FormatData;java.util.ResourceBundle$Control.newBundle;2295;;
Class.newInstance;sun.text.resources.FormatData_en;java.util.ResourceBundle$Control.newBundle;2295;;
Class.newInstance;sun.text.resources.FormatData_en_US;java.util.ResourceBundle$Control.newBundle;2295;;
Class.newInstance;sun.util.resources.CurrencyNames;java.util.ResourceBundle$Control.newBundle;2295;;
Class.newInstance;sun.util.resources.CurrencyNames_en_US;java.util.ResourceBundle$Control.newBundle;2295;;
Constructor.newInstance;<org.apache.lucene.index.SegmentReader: void <init>()>;java.lang.Class.newInstance0;;isAccessible=true;
Constructor.newInstance;<org.apache.lucene.store.FSDirectory: void <init>()>;java.lang.Class.newInstance0;;isAccessible=true;
Constructor.newInstance;<org.dacapo.harness.Lusearch: void <init>(org.dacapo.parser.Config,java.io.File)>;org.dacapo.harness.TestHarness.runBenchmark;211;isAccessible=false;
Constructor.newInstance;<org.dacapo.lusearch.Search: void <init>()>;org.dacapo.harness.Lusearch.<init>;30;isAccessible=false;
Constructor.newInstance;<sun.net.www.protocol.jar.Handler: void <init>()>;java.lang.Class.newInstance0;;isAccessible=true;
Constructor.newInstance;<sun.reflect.GeneratedConstructorAccessor$HASHED$0e4246823aa29aa7fbbff987b34b24f42d5ed30f: void <init>()>;java.lang.Class.newInstance0;;isAccessible=true;
Constructor.newInstance;<sun.reflect.GeneratedConstructorAccessor$HASHED$7a786ce5eb4659fde72470ff1c76d2d14ea17fa8: void <init>()>;java.lang.Class.newInstance0;;isAccessible=true;
Constructor.newInstance;<sun.security.provider.MD5: void <init>()>;java.lang.Class.newInstance0;;isAccessible=true;
Constructor.newInstance;<sun.security.provider.SHA: void <init>()>;java.lang.Class.newInstance0;;isAccessible=true;
Constructor.newInstance;<sun.security.provider.Sun: void <init>()>;java.lang.Class.newInstance0;;isAccessible=true;
Constructor.newInstance;<sun.text.resources.FormatData: void <init>()>;java.lang.Class.newInstance0;;isAccessible=true;
Constructor.newInstance;<sun.text.resources.FormatData_en: void <init>()>;java.lang.Class.newInstance0;;isAccessible=true;
Constructor.newInstance;<sun.text.resources.FormatData_en_US: void <init>()>;java.lang.Class.newInstance0;;isAccessible=true;
Constructor.newInstance;<sun.util.resources.CurrencyNames: void <init>()>;java.lang.Class.newInstance0;;isAccessible=true;
Constructor.newInstance;<sun.util.resources.CurrencyNames_en_US: void <init>()>;java.lang.Class.newInstance0;;isAccessible=true;
Field.get*;<java.util.CurrencyData: int[] otherCurrenciesDFD>;java.util.Currency$1.run;136;isAccessible=false;
Field.get*;<java.util.CurrencyData: int[] scNewCurrenciesDFD>;java.util.Currency$1.run;134;isAccessible=false;
Field.get*;<java.util.CurrencyData: int[] scOldCurrenciesDFD>;java.util.Currency$1.run;133;isAccessible=false;
Field.get*;<java.util.CurrencyData: java.lang.String mainTable>;java.util.Currency$1.run;129;isAccessible=false;
Field.get*;<java.util.CurrencyData: java.lang.String otherCurrencies>;java.util.Currency$1.run;135;isAccessible=false;
Field.get*;<java.util.CurrencyData: java.lang.String[] scNewCurrencies>;java.util.Currency$1.run;132;isAccessible=false;
Field.get*;<java.util.CurrencyData: java.lang.String[] scOldCurrencies>;java.util.Currency$1.run;131;isAccessible=false;
Field.get*;<java.util.CurrencyData: long[] scCutOverTimes>;java.util.Currency$1.run;130;isAccessible=false;
Method.invoke;<org.dacapo.lusearch.Search: void main(java.lang.String[])>;org.dacapo.harness.Lusearch.iterate;38;isAccessible=false;
