nice -n 19 java -Xmx4G -cp dacapo-9.12-bach.jar -javaagent:poa.jar Harness --scratch-directory /tmp/dacaposcratch -n 3 tradesoap -s small
============================================================
TamiFlex Play-Out Agent Version 2.0.1
Loaded properties from /home/lpxz/work/dacapo/poa.properties
============================================================
Using scaled threading model. 8 processors detected, 8 threads used to drive the workload, in a possible range of [1,32]
Booting Geronimo Kernel (in Java 1.6.0_26)...
Geronimo startup complete
Successfully created tables
===== DaCapo 9.12 tradesoap starting warmup 1 =====
Resetting database and populating with 1098 stocks...
Populating database with 48 users...
Finished repopulating database
Running 32 trade sessions from client via soap
Completed 32 trade sessions comprising 771 trader actions
	Home ....................   163 (21.1%)
	Portfolio ...............    55 ( 7.1%)
	Quote ...................   341 (44.2%)
	Buy .....................    66 ( 8.6%)
	Sell ....................    64 ( 8.3%)
	Update ..................    10 ( 1.3%)
	Register ................     4 ( 0.5%)
	Login ...................    32 ( 4.2%)
	Logout ..................    36 ( 4.7%)
===== DaCapo 9.12 tradesoap completed warmup 1 in 12742 msec =====
===== DaCapo 9.12 tradesoap starting warmup 2 =====
Resetting database and populating with 1098 stocks...
Populating database with 48 users...
Finished repopulating database
Running 32 trade sessions from client via soap
Completed 32 trade sessions comprising 771 trader actions
	Home ....................   163 (21.1%)
	Portfolio ...............    55 ( 7.1%)
	Quote ...................   341 (44.2%)
	Buy .....................    66 ( 8.6%)
	Sell ....................    64 ( 8.3%)
	Update ..................    10 ( 1.3%)
	Register ................     4 ( 0.5%)
	Login ...................    32 ( 4.2%)
	Logout ..................    36 ( 4.7%)
===== DaCapo 9.12 tradesoap completed warmup 2 in 8153 msec =====
===== DaCapo 9.12 tradesoap starting =====
Resetting database and populating with 1098 stocks...
Populating database with 48 users...
Finished repopulating database
Running 32 trade sessions from client via soap
Completed 32 trade sessions comprising 771 trader actions
	Home ....................   163 (21.1%)
	Portfolio ...............    55 ( 7.1%)
	Quote ...................   341 (44.2%)
	Buy .....................    66 ( 8.6%)
	Sell ....................    64 ( 8.3%)
	Update ..................    10 ( 1.3%)
	Register ................     4 ( 0.5%)
	Login ...................    32 ( 4.2%)
	Logout ..................    36 ( 4.7%)
===== DaCapo 9.12 tradesoap PASSED in 7570 msec =====
Shutting down Geronimo...

============================================================
TamiFlex Play-Out Agent Version 2.0.1
Found 3245 new log entries.
Log file written to: /home/lpxz/work/dacapo/out/tradesoap-small/refl.log
============================================================
