Class.forName;com.kenai.constantine.platform.Errno;org.python.core.SyspathJavaLoader.loadClass;107;;
Class.forName;com.kenai.constantine.platform.linux.Errno;com.kenai.constantine.ConstantSet.getEnumClass;91;;
Class.forName;com.sun.jna.AltCallingConvention;com.sun.jna.Library$1.class$;85;;
Class.forName;com.sun.jna.Native;com.sun.jna.Native.class$;303;;
Class.forName;com.sun.jna.NativeMapped;com.sun.jna.Function.class$;211;;
Class.forName;com.sun.jna.NativeMapped;com.sun.jna.Native.class$;303;;
Class.forName;com.sun.jna.NativeMapped;com.sun.jna.NativeMappedConverter.class$;37;;
Class.forName;com.sun.jna.Pointer;com.sun.jna.Native.class$;303;;
Class.forName;com.sun.jna.Pointer[];com.sun.jna.Function.class$;211;;
Class.forName;com.sun.jna.Structure$MemberOrder;com.sun.jna.Structure.class$;91;;
Class.forName;com.sun.jna.Structure;com.sun.jna.Native.class$;303;;
Class.forName;com.sun.jna.Structure[];com.sun.jna.Function.class$;211;;
Class.forName;com.sun.jna.WString[];com.sun.jna.Function.class$;211;;
Class.forName;int[];$Proxy$HASHED$0fc6547246e579875675401292150fcb29922f6a.<clinit>;;;
Class.forName;java.io.File;org.python.core.SyspathJavaLoader.loadClass;107;;
Class.forName;java.io.FileDescriptor;org.python.core.SyspathJavaLoader.loadClass;107;;
Class.forName;java.io.IOException;org.python.core.SyspathJavaLoader.loadClass;107;;
Class.forName;java.lang.Boolean;com.sun.jna.Function.class$;211;;
Class.forName;java.lang.Boolean;com.sun.jna.Native.class$;303;;
Class.forName;java.lang.Byte;com.sun.jna.Function.class$;211;;
Class.forName;java.lang.Byte;com.sun.jna.Native.class$;303;;
Class.forName;java.lang.Character;com.sun.jna.Function.class$;211;;
Class.forName;java.lang.Character;com.sun.jna.Native.class$;303;;
Class.forName;java.lang.Double;com.sun.jna.Native.class$;303;;
Class.forName;java.lang.Float;com.sun.jna.Native.class$;303;;
Class.forName;java.lang.Integer;com.sun.jna.Native.class$;303;;
Class.forName;java.lang.Long;com.sun.jna.Native.class$;303;;
Class.forName;java.lang.Object;$Proxy$HASHED$0fc6547246e579875675401292150fcb29922f6a.<clinit>;;;
Class.forName;java.lang.Object;com.sun.jna.Library$1.class$;85;;
Class.forName;java.lang.Object;org.objectweb.asm.ClassWriter.getCommonSuperClass;;;
Class.forName;java.lang.Object;org.python.core.SyspathJavaLoader.loadClass;107;;
Class.forName;java.lang.Short;com.sun.jna.Function.class$;211;;
Class.forName;java.lang.Short;com.sun.jna.Native.class$;303;;
Class.forName;java.lang.String;$Proxy$HASHED$0fc6547246e579875675401292150fcb29922f6a.<clinit>;;;
Class.forName;java.lang.String;org.objectweb.asm.ClassWriter.getCommonSuperClass;;;
Class.forName;java.lang.String;org.python.core.SyspathJavaLoader.loadClass;107;;
Class.forName;java.lang.String[];com.sun.jna.Function.class$;211;;
Class.forName;java.lang.System;org.python.core.SyspathJavaLoader.loadClass;107;;
Class.forName;java.lang.Throwable;org.python.core.SyspathJavaLoader.loadClass;107;;
Class.forName;java.lang.Void;com.sun.jna.Function.class$;211;;
Class.forName;java.nio.Buffer;com.sun.jna.Native.class$;303;;
Class.forName;java.nio.ByteBuffer;$Proxy$HASHED$0fc6547246e579875675401292150fcb29922f6a.<clinit>;;;
Class.forName;java.security.AccessController;org.apache.xml.dtm.SecuritySupport.<clinit>;50;;
Class.forName;java.security.AccessController;org.apache.xml.serializer.OutputPropertiesFactory.findAccessControllerClass;228;;
Class.forName;java.security.AccessController;org.apache.xml.serializer.SecuritySupport.<clinit>;48;;
Class.forName;java.security.AccessController;org.xml.sax.helpers.SecuritySupport.<clinit>;;;
Class.forName;java.security.MessageDigestSpi;java.security.Security.getSpiClass;640;;
Class.forName;java.security.SecureRandom;org.python.core.SyspathJavaLoader.loadClass;107;;
Class.forName;java.util.Arrays;org.python.core.SyspathJavaLoader.loadClass;107;;
Class.forName;java.util.CurrencyData;java.util.Currency$1.run;128;;
Class.forName;org.apache.xerces.parsers.ObjectFactory;org.apache.xerces.parsers.ObjectFactory.class$;;;
Class.forName;org.dacapo.harness.Jython;org.dacapo.harness.TestHarness.findClass;281;;
Class.forName;org.dacapo.harness.Xalan;org.dacapo.harness.TestHarness.findClass;281;;
Class.forName;org.dacapo.xalan.XSLTBench;org.dacapo.harness.Xalan.<init>;33;;
Class.forName;org.jruby.ext.posix.FileStat;$Proxy$HASHED$0fc6547246e579875675401292150fcb29922f6a.<clinit>;;;
Class.forName;org.jruby.ext.posix.JavaPOSIX;org.python.core.SyspathJavaLoader.loadClass;107;;
Class.forName;org.jruby.ext.posix.LinuxLibC;$Proxy$HASHED$0fc6547246e579875675401292150fcb29922f6a.<clinit>;;;
Class.forName;org.jruby.ext.posix.LinuxLibC;java.lang.reflect.Proxy.getProxyClass;349;;
Class.forName;org.jruby.ext.posix.POSIXFactory;org.python.core.SyspathJavaLoader.loadClass;107;;
Class.forName;org.jruby.ext.posix.POSIXHandler;org.python.core.SyspathJavaLoader.loadClass;107;;
Class.forName;org.jruby.ext.posix.Timeval[];$Proxy$HASHED$0fc6547246e579875675401292150fcb29922f6a.<clinit>;;;
Class.forName;org.python.core.Py;org.python.core.SyspathJavaLoader.loadClass;107;;
Class.forName;org.python.core.PyException;org.objectweb.asm.ClassWriter.getCommonSuperClass;;;
Class.forName;org.python.core.PyException;org.python.core.SyspathJavaLoader.loadClass;107;;
Class.forName;org.python.core.PyFloat;org.python.core.SyspathJavaLoader.loadClass;107;;
Class.forName;org.python.core.PyFrame;org.python.core.SyspathJavaLoader.loadClass;107;;
Class.forName;org.python.core.PyFunction;org.python.core.SyspathJavaLoader.loadClass;107;;
Class.forName;org.python.core.PyFunctionTable;org.python.core.SyspathJavaLoader.loadClass;107;;
Class.forName;org.python.core.PyInteger;org.python.core.SyspathJavaLoader.loadClass;107;;
Class.forName;org.python.core.PyList;org.python.core.SyspathJavaLoader.loadClass;107;;
Class.forName;org.python.core.PyObject;org.objectweb.asm.ClassWriter.getCommonSuperClass;;;
Class.forName;org.python.core.PyObject;org.python.core.SyspathJavaLoader.loadClass;107;;
Class.forName;org.python.core.PyRunnable;org.python.core.SyspathJavaLoader.loadClass;107;;
Class.forName;org.python.core.PyString;org.objectweb.asm.ClassWriter.getCommonSuperClass;;;
Class.forName;org.python.core.PyString;org.python.core.SyspathJavaLoader.loadClass;107;;
Class.forName;org.python.core.PySystemState;org.dacapo.harness.Jython.<init>;29;;
Class.forName;org.python.core.PyTuple;org.python.core.SyspathJavaLoader.loadClass;107;;
Class.forName;org.python.core.ThreadState;org.python.core.SyspathJavaLoader.loadClass;107;;
Class.forName;org.python.core.exceptions;org.python.core.SyspathJavaLoader.loadClass;107;;
Class.forName;org.python.core.imp;org.python.core.SyspathJavaLoader.loadClass;107;;
Class.forName;org.python.core.io.FileDescriptors;org.python.core.SyspathJavaLoader.loadClass;107;;
Class.forName;org.python.core.io.FileIO;org.python.core.SyspathJavaLoader.loadClass;107;;
Class.forName;org.python.core.io.IOBase;org.python.core.SyspathJavaLoader.loadClass;107;;
Class.forName;org.python.modules.errno;org.python.core.SyspathJavaLoader.loadClass;107;;
Class.forName;org.python.modules.jarray;org.python.core.SyspathJavaLoader.loadClass;107;;
Class.forName;org.python.modules.time.Time;org.python.core.SyspathJavaLoader.loadClass;107;;
Class.forName;org.python.util.jython;org.dacapo.harness.Jython.<init>;27;;
Class.forName;sun.net.www.protocol.jar.Handler;java.net.URL.getURLStreamHandler;1140;;
Class.forName;sun.nio.cs.ISO_8859_1;sun.nio.cs.FastCharsetProvider.lookup;102;;
Class.forName;sun.security.provider.NativePRNG;java.security.Provider$Service.getImplClass;1260;;
Class.forName;sun.security.provider.SHA;java.security.Provider$Service.getImplClass;1260;;
Class.newInstance;java.io.StringWriter;org.apache.xml.utils.ObjectPool.getInstance;136;;
Class.newInstance;org.apache.xalan.processor.TransformerFactoryImpl;javax.xml.transform.FactoryFinder.newInstance;;;
Class.newInstance;org.apache.xalan.templates.ElemApplyTemplates;org.apache.xalan.processor.ProcessorTemplateElem.startElement;63;;
Class.newInstance;org.apache.xalan.templates.ElemAttribute;org.apache.xalan.processor.ProcessorTemplateElem.startElement;63;;
Class.newInstance;org.apache.xalan.templates.ElemCallTemplate;org.apache.xalan.processor.ProcessorTemplateElem.startElement;63;;
Class.newInstance;org.apache.xalan.templates.ElemChoose;org.apache.xalan.processor.ProcessorTemplateElem.startElement;63;;
Class.newInstance;org.apache.xalan.templates.ElemCopy;org.apache.xalan.processor.ProcessorTemplateElem.startElement;63;;
Class.newInstance;org.apache.xalan.templates.ElemForEach;org.apache.xalan.processor.ProcessorTemplateElem.startElement;63;;
Class.newInstance;org.apache.xalan.templates.ElemIf;org.apache.xalan.processor.ProcessorTemplateElem.startElement;63;;
Class.newInstance;org.apache.xalan.templates.ElemLiteralResult;org.apache.xalan.processor.ProcessorLRE.startElement;254;;
Class.newInstance;org.apache.xalan.templates.ElemMessage;org.apache.xalan.processor.ProcessorTemplateElem.startElement;63;;
Class.newInstance;org.apache.xalan.templates.ElemNumber;org.apache.xalan.processor.ProcessorTemplateElem.startElement;63;;
Class.newInstance;org.apache.xalan.templates.ElemOtherwise;org.apache.xalan.processor.ProcessorTemplateElem.startElement;63;;
Class.newInstance;org.apache.xalan.templates.ElemParam;org.apache.xalan.processor.ProcessorTemplateElem.startElement;63;;
Class.newInstance;org.apache.xalan.templates.ElemTemplate;org.apache.xalan.processor.ProcessorTemplateElem.startElement;63;;
Class.newInstance;org.apache.xalan.templates.ElemText;org.apache.xalan.processor.ProcessorTemplateElem.startElement;63;;
Class.newInstance;org.apache.xalan.templates.ElemValueOf;org.apache.xalan.processor.ProcessorTemplateElem.startElement;63;;
Class.newInstance;org.apache.xalan.templates.ElemVariable;org.apache.xalan.processor.ProcessorTemplateElem.startElement;63;;
Class.newInstance;org.apache.xalan.templates.ElemWhen;org.apache.xalan.processor.ProcessorTemplateElem.startElement;63;;
Class.newInstance;org.apache.xalan.templates.ElemWithParam;org.apache.xalan.processor.ProcessorTemplateElem.startElement;63;;
Class.newInstance;org.apache.xerces.impl.dv.dtd.DTDDVFactoryImpl;org.apache.xerces.impl.dv.ObjectFactory.newInstance;;;
Class.newInstance;org.apache.xerces.jaxp.SAXParserFactoryImpl;javax.xml.parsers.FactoryFinder.newInstance;;;
Class.newInstance;org.apache.xerces.parsers.SAXParser;org.xml.sax.helpers.NewInstance.newInstance;;;
Class.newInstance;org.apache.xerces.parsers.XIncludeAwareParserConfiguration;org.apache.xerces.parsers.ObjectFactory.newInstance;;;
Class.newInstance;org.apache.xml.dtm.ref.DTMManagerDefault;org.apache.xml.dtm.ObjectFactory.createObject;143;;
Class.newInstance;org.apache.xml.serializer.ToHTMLStream;org.apache.xml.serializer.SerializerFactory.getSerializer;133;;
Class.newInstance;org.apache.xml.serializer.ToHTMLStream;org.apache.xml.serializer.SerializerFactory.getSerializer;138;;
Class.newInstance;org.apache.xml.serializer.ToTextStream;org.apache.xml.utils.ObjectPool.getInstance;136;;
Class.newInstance;org.apache.xml.utils.FastStringBuffer;org.apache.xml.utils.ObjectPool.getInstance;136;;
Class.newInstance;org.apache.xml.utils.res.XResources_en;java.util.ResourceBundle$Control.newBundle;2295;;
Class.newInstance;org.apache.xpath.functions.FuncCount;org.apache.xpath.compiler.FunctionTable.getFunction;333;;
Class.newInstance;org.apache.xpath.functions.FuncGenerateId;org.apache.xpath.compiler.FunctionTable.getFunction;333;;
Class.newInstance;org.apache.xpath.functions.FuncId;org.apache.xpath.compiler.FunctionTable.getFunction;333;;
Class.newInstance;org.apache.xpath.functions.FuncLocalPart;org.apache.xpath.compiler.FunctionTable.getFunction;333;;
Class.newInstance;org.apache.xpath.functions.FuncNot;org.apache.xpath.compiler.FunctionTable.getFunction;333;;
Class.newInstance;org.apache.xpath.functions.FuncPosition;org.apache.xpath.compiler.FunctionTable.getFunction;333;;
Class.newInstance;org.apache.xpath.functions.FuncQname;org.apache.xpath.compiler.FunctionTable.getFunction;333;;
Class.newInstance;org.apache.xpath.functions.FuncStartsWith;org.apache.xpath.compiler.FunctionTable.getFunction;333;;
Class.newInstance;org.jruby.ext.posix.Linux64HeapFileStat;com.sun.jna.NativeMappedConverter.defaultValue;47;;
Class.newInstance;sun.net.www.protocol.jar.Handler;java.net.URL.getURLStreamHandler;1148;;
Class.newInstance;sun.nio.cs.ISO_8859_1;sun.nio.cs.FastCharsetProvider.lookup;105;;
Class.newInstance;sun.reflect.GeneratedConstructorAccessor$HASHED$122c60e9085464327c822b7179718c7b07181d90;sun.reflect.MethodAccessorGenerator$1.run;381;;
Class.newInstance;sun.reflect.GeneratedConstructorAccessor$HASHED$17c1951af04c8e84f4f1579bb189ebf25779d1cc;sun.reflect.MethodAccessorGenerator$1.run;381;;
Class.newInstance;sun.reflect.GeneratedConstructorAccessor$HASHED$1ba43ba97ef2efbe15d73ba294c939cf9a2699dc;sun.reflect.MethodAccessorGenerator$1.run;381;;
Class.newInstance;sun.reflect.GeneratedConstructorAccessor$HASHED$1dab564015574e40c569b126f6f215fe216c3dba;sun.reflect.MethodAccessorGenerator$1.run;381;;
Class.newInstance;sun.reflect.GeneratedConstructorAccessor$HASHED$337118177bcebb8a6e0cdfdde5901d08cc2ccead;sun.reflect.MethodAccessorGenerator$1.run;381;;
Class.newInstance;sun.reflect.GeneratedConstructorAccessor$HASHED$37f0d14e507b6dcfc9691ca40458e3036b98525d;sun.reflect.MethodAccessorGenerator$1.run;381;;
Class.newInstance;sun.reflect.GeneratedConstructorAccessor$HASHED$3a9f63389389f58ca4bae6ffb759c8fe17ed7b50;sun.reflect.MethodAccessorGenerator$1.run;381;;
Class.newInstance;sun.reflect.GeneratedConstructorAccessor$HASHED$3b8f2c33180d1c8e1158a2a05ddeba3ca2622367;sun.reflect.MethodAccessorGenerator$1.run;381;;
Class.newInstance;sun.reflect.GeneratedConstructorAccessor$HASHED$3e9f6b732d593433275f09396e10c48f02752486;sun.reflect.MethodAccessorGenerator$1.run;381;;
Class.newInstance;sun.reflect.GeneratedConstructorAccessor$HASHED$67e55d3b6bc8f8565f97da966202945a4d23a53f;sun.reflect.MethodAccessorGenerator$1.run;381;;
Class.newInstance;sun.reflect.GeneratedConstructorAccessor$HASHED$7011a9c6545f384734bbe002d2d4f9c087c9979c;sun.reflect.MethodAccessorGenerator$1.run;381;;
Class.newInstance;sun.reflect.GeneratedConstructorAccessor$HASHED$7db69eca50cbfa083e2ccfbfc239cea03e9fa87a;sun.reflect.MethodAccessorGenerator$1.run;381;;
Class.newInstance;sun.reflect.GeneratedConstructorAccessor$HASHED$8beb0671645c8f175668caa61b8544542aa82f5d;sun.reflect.MethodAccessorGenerator$1.run;381;;
Class.newInstance;sun.reflect.GeneratedConstructorAccessor$HASHED$94151511edc8d53ed1cc725c341cba7034e4dab7;sun.reflect.MethodAccessorGenerator$1.run;381;;
Class.newInstance;sun.reflect.GeneratedConstructorAccessor$HASHED$960792756015f8df2bb76000d3551fa6f6f927cd;sun.reflect.MethodAccessorGenerator$1.run;381;;
Class.newInstance;sun.reflect.GeneratedConstructorAccessor$HASHED$9fb00d78349ade0178758a8399bc8336298f8c2e;sun.reflect.MethodAccessorGenerator$1.run;381;;
Class.newInstance;sun.reflect.GeneratedConstructorAccessor$HASHED$a50d9a1264eeefb58c116dd701743935bbba8368;sun.reflect.MethodAccessorGenerator$1.run;381;;
Class.newInstance;sun.reflect.GeneratedConstructorAccessor$HASHED$a533fee6629b8692046d34b0485dbf639c6589c2;sun.reflect.MethodAccessorGenerator$1.run;381;;
Class.newInstance;sun.reflect.GeneratedConstructorAccessor$HASHED$c2438fcc90f73a53f8e76e5e63bd20e0ebc0ff52;sun.reflect.MethodAccessorGenerator$1.run;381;;
Class.newInstance;sun.reflect.GeneratedConstructorAccessor$HASHED$e03921dbd1e1bedf3c187e61309c7d75cc0e1567;sun.reflect.MethodAccessorGenerator$1.run;381;;
Class.newInstance;sun.reflect.GeneratedConstructorAccessor$HASHED$e2b758837aab6a8200de8c30371c4ca043e1357a;sun.reflect.MethodAccessorGenerator$1.run;381;;
Class.newInstance;sun.reflect.GeneratedMethodAccessor$HASHED$1c49de477bb343e501d9e1494518fb04cfd81671;sun.reflect.MethodAccessorGenerator$1.run;381;;
Class.newInstance;sun.reflect.GeneratedMethodAccessor$HASHED$4b1461888bb282a071bc79badaf61be4908fdf33;sun.reflect.MethodAccessorGenerator$1.run;381;;
Class.newInstance;sun.reflect.GeneratedMethodAccessor$HASHED$5147662c3028005ccdc954972efab10106661585;sun.reflect.MethodAccessorGenerator$1.run;381;;
Class.newInstance;sun.reflect.GeneratedMethodAccessor$HASHED$5700addbee475abfaf076c360501ddbbfd5874c4;sun.reflect.MethodAccessorGenerator$1.run;381;;
Class.newInstance;sun.reflect.GeneratedMethodAccessor$HASHED$7413b4b6cf8d638bd76f8391b7dbf9f3da7d8c50;sun.reflect.MethodAccessorGenerator$1.run;381;;
Class.newInstance;sun.reflect.GeneratedMethodAccessor$HASHED$7494908cdf0560a6d6b5f1433e2f0901cb8b7921;sun.reflect.MethodAccessorGenerator$1.run;381;;
Class.newInstance;sun.reflect.GeneratedMethodAccessor$HASHED$7516e71b230f34f7772d6d11725ea863d6252366;sun.reflect.MethodAccessorGenerator$1.run;381;;
Class.newInstance;sun.reflect.GeneratedMethodAccessor$HASHED$78588abe0ef69ff835251e06a93419217f54d329;sun.reflect.MethodAccessorGenerator$1.run;381;;
Class.newInstance;sun.reflect.GeneratedMethodAccessor$HASHED$7a0c7094a150d119e48179a90ec42c142dbece7b;sun.reflect.MethodAccessorGenerator$1.run;381;;
Class.newInstance;sun.reflect.GeneratedMethodAccessor$HASHED$85874e7c28177d643f7671d3ad75cfa65c74c99f;sun.reflect.MethodAccessorGenerator$1.run;381;;
Class.newInstance;sun.reflect.GeneratedMethodAccessor$HASHED$98fe7e6ec98d4757863b670926c3c8c4de307fb5;sun.reflect.MethodAccessorGenerator$1.run;381;;
Class.newInstance;sun.reflect.GeneratedMethodAccessor$HASHED$a77e26751fc19635cb2cd21dae1cdf1617a427e3;sun.reflect.MethodAccessorGenerator$1.run;381;;
Class.newInstance;sun.reflect.GeneratedMethodAccessor$HASHED$c661bb03fe12493101301b3fc300a3ac41afed01;sun.reflect.MethodAccessorGenerator$1.run;381;;
Class.newInstance;sun.security.provider.NativePRNG;java.security.Provider$Service.newInstance;1221;;
Class.newInstance;sun.security.provider.SHA;java.security.Provider$Service.newInstance;1221;;
Class.newInstance;sun.security.provider.Sun;sun.security.jca.ProviderConfig$3.run;240;;
Class.newInstance;sun.text.resources.FormatData;java.util.ResourceBundle$Control.newBundle;2295;;
Class.newInstance;sun.text.resources.FormatData_en;java.util.ResourceBundle$Control.newBundle;2295;;
Class.newInstance;sun.text.resources.FormatData_en_AU;java.util.ResourceBundle$Control.newBundle;2295;;
Class.newInstance;sun.text.resources.FormatData_en_US;java.util.ResourceBundle$Control.newBundle;2295;;
Class.newInstance;sun.util.resources.CurrencyNames;java.util.ResourceBundle$Control.newBundle;2295;;
Class.newInstance;sun.util.resources.CurrencyNames_en_AU;java.util.ResourceBundle$Control.newBundle;2295;;
Class.newInstance;sun.util.resources.CurrencyNames_en_US;java.util.ResourceBundle$Control.newBundle;2295;;
Class.newInstance;sun.util.resources.TimeZoneNames;java.util.ResourceBundle$Control.newBundle;2295;;
Class.newInstance;sun.util.resources.TimeZoneNames_en;java.util.ResourceBundle$Control.newBundle;2295;;
Constructor.newInstance;<$Proxy$HASHED$0fc6547246e579875675401292150fcb29922f6a: void <init>(java.lang.reflect.InvocationHandler)>;java.lang.reflect.Proxy.newProxyInstance;588;isAccessible=false;
Constructor.newInstance;<java.io.File: void <init>(java.lang.String)>;org.python.core.PyReflectedConstructor.constructProxy;163;isAccessible=false;
Constructor.newInstance;<java.io.StringWriter: void <init>()>;java.lang.Class.newInstance0;;isAccessible=true;
Constructor.newInstance;<org.apache.xalan.processor.TransformerFactoryImpl: void <init>()>;java.lang.Class.newInstance0;;isAccessible=true;
Constructor.newInstance;<org.apache.xalan.templates.ElemApplyTemplates: void <init>()>;java.lang.Class.newInstance0;;isAccessible=true;
Constructor.newInstance;<org.apache.xalan.templates.ElemAttribute: void <init>()>;java.lang.Class.newInstance0;;isAccessible=true;
Constructor.newInstance;<org.apache.xalan.templates.ElemCallTemplate: void <init>()>;java.lang.Class.newInstance0;;isAccessible=true;
Constructor.newInstance;<org.apache.xalan.templates.ElemChoose: void <init>()>;java.lang.Class.newInstance0;;isAccessible=true;
Constructor.newInstance;<org.apache.xalan.templates.ElemCopy: void <init>()>;java.lang.Class.newInstance0;;isAccessible=true;
Constructor.newInstance;<org.apache.xalan.templates.ElemForEach: void <init>()>;java.lang.Class.newInstance0;;isAccessible=true;
Constructor.newInstance;<org.apache.xalan.templates.ElemIf: void <init>()>;java.lang.Class.newInstance0;;isAccessible=true;
Constructor.newInstance;<org.apache.xalan.templates.ElemLiteralResult: void <init>()>;java.lang.Class.newInstance0;;isAccessible=true;
Constructor.newInstance;<org.apache.xalan.templates.ElemMessage: void <init>()>;java.lang.Class.newInstance0;;isAccessible=true;
Constructor.newInstance;<org.apache.xalan.templates.ElemNumber: void <init>()>;java.lang.Class.newInstance0;;isAccessible=true;
Constructor.newInstance;<org.apache.xalan.templates.ElemOtherwise: void <init>()>;java.lang.Class.newInstance0;;isAccessible=true;
Constructor.newInstance;<org.apache.xalan.templates.ElemParam: void <init>()>;java.lang.Class.newInstance0;;isAccessible=true;
Constructor.newInstance;<org.apache.xalan.templates.ElemTemplate: void <init>()>;java.lang.Class.newInstance0;;isAccessible=true;
Constructor.newInstance;<org.apache.xalan.templates.ElemText: void <init>()>;java.lang.Class.newInstance0;;isAccessible=true;
Constructor.newInstance;<org.apache.xalan.templates.ElemValueOf: void <init>()>;java.lang.Class.newInstance0;;isAccessible=true;
Constructor.newInstance;<org.apache.xalan.templates.ElemVariable: void <init>()>;java.lang.Class.newInstance0;;isAccessible=true;
Constructor.newInstance;<org.apache.xalan.templates.ElemWhen: void <init>()>;java.lang.Class.newInstance0;;isAccessible=true;
Constructor.newInstance;<org.apache.xalan.templates.ElemWithParam: void <init>()>;java.lang.Class.newInstance0;;isAccessible=true;
Constructor.newInstance;<org.apache.xerces.impl.dv.dtd.DTDDVFactoryImpl: void <init>()>;java.lang.Class.newInstance0;;isAccessible=true;
Constructor.newInstance;<org.apache.xerces.jaxp.SAXParserFactoryImpl: void <init>()>;java.lang.Class.newInstance0;;isAccessible=true;
Constructor.newInstance;<org.apache.xerces.parsers.SAXParser: void <init>()>;java.lang.Class.newInstance0;;isAccessible=true;
Constructor.newInstance;<org.apache.xerces.parsers.XIncludeAwareParserConfiguration: void <init>()>;java.lang.Class.newInstance0;;isAccessible=true;
Constructor.newInstance;<org.apache.xml.dtm.ref.DTMManagerDefault: void <init>()>;java.lang.Class.newInstance0;;isAccessible=true;
Constructor.newInstance;<org.apache.xml.serializer.ToHTMLStream: void <init>()>;java.lang.Class.newInstance0;;isAccessible=true;
Constructor.newInstance;<org.apache.xml.serializer.ToTextStream: void <init>()>;java.lang.Class.newInstance0;;isAccessible=true;
Constructor.newInstance;<org.apache.xml.utils.FastStringBuffer: void <init>()>;java.lang.Class.newInstance0;;isAccessible=true;
Constructor.newInstance;<org.apache.xml.utils.res.XResources_en: void <init>()>;java.lang.Class.newInstance0;;isAccessible=true;
Constructor.newInstance;<org.apache.xpath.functions.FuncCount: void <init>()>;java.lang.Class.newInstance0;;isAccessible=true;
Constructor.newInstance;<org.apache.xpath.functions.FuncGenerateId: void <init>()>;java.lang.Class.newInstance0;;isAccessible=true;
Constructor.newInstance;<org.apache.xpath.functions.FuncId: void <init>()>;java.lang.Class.newInstance0;;isAccessible=true;
Constructor.newInstance;<org.apache.xpath.functions.FuncLocalPart: void <init>()>;java.lang.Class.newInstance0;;isAccessible=true;
Constructor.newInstance;<org.apache.xpath.functions.FuncNot: void <init>()>;java.lang.Class.newInstance0;;isAccessible=true;
Constructor.newInstance;<org.apache.xpath.functions.FuncPosition: void <init>()>;java.lang.Class.newInstance0;;isAccessible=true;
Constructor.newInstance;<org.apache.xpath.functions.FuncQname: void <init>()>;java.lang.Class.newInstance0;;isAccessible=true;
Constructor.newInstance;<org.apache.xpath.functions.FuncStartsWith: void <init>()>;java.lang.Class.newInstance0;;isAccessible=true;
Constructor.newInstance;<org.dacapo.harness.Jython: void <init>(org.dacapo.parser.Config,java.io.File)>;org.dacapo.harness.TestHarness.runBenchmark;211;isAccessible=false;
Constructor.newInstance;<org.dacapo.harness.Xalan: void <init>(org.dacapo.parser.Config,java.io.File)>;org.dacapo.harness.TestHarness.runBenchmark;211;isAccessible=false;
Constructor.newInstance;<org.dacapo.xalan.XSLTBench: void <init>(java.io.File)>;org.dacapo.harness.Xalan.<init>;38;isAccessible=false;
Constructor.newInstance;<org.jruby.ext.posix.Linux64HeapFileStat: void <init>()>;java.lang.Class.newInstance0;;isAccessible=true;
Constructor.newInstance;<org.python.proxies.os$PythonPOSIXHandler$0: void <init>()>;org.python.core.PyReflectedConstructor.constructProxy;163;isAccessible=false;
Constructor.newInstance;<org.python.pycode._pyx0: void <init>(java.lang.String)>;org.python.core.BytecodeLoader.makeCode;68;isAccessible=false;
Constructor.newInstance;<org.python.pycode._pyx1: void <init>(java.lang.String)>;org.python.core.BytecodeLoader.makeCode;68;isAccessible=false;
Constructor.newInstance;<org.python.pycode._pyx2: void <init>(java.lang.String)>;org.python.core.BytecodeLoader.makeCode;68;isAccessible=false;
Constructor.newInstance;<org.python.pycode._pyx3: void <init>(java.lang.String)>;org.python.core.BytecodeLoader.makeCode;68;isAccessible=false;
Constructor.newInstance;<os$py: void <init>(java.lang.String)>;org.python.core.BytecodeLoader.makeCode;68;isAccessible=false;
Constructor.newInstance;<posixpath$py: void <init>(java.lang.String)>;org.python.core.BytecodeLoader.makeCode;68;isAccessible=false;
Constructor.newInstance;<site$py: void <init>(java.lang.String)>;org.python.core.BytecodeLoader.makeCode;68;isAccessible=false;
Constructor.newInstance;<stat$py: void <init>(java.lang.String)>;org.python.core.BytecodeLoader.makeCode;68;isAccessible=false;
Constructor.newInstance;<sun.net.www.protocol.jar.Handler: void <init>()>;java.lang.Class.newInstance0;;isAccessible=true;
Constructor.newInstance;<sun.nio.cs.ISO_8859_1: void <init>()>;java.lang.Class.newInstance0;;isAccessible=true;
Constructor.newInstance;<sun.reflect.GeneratedConstructorAccessor$HASHED$122c60e9085464327c822b7179718c7b07181d90: void <init>()>;java.lang.Class.newInstance0;;isAccessible=true;
Constructor.newInstance;<sun.reflect.GeneratedConstructorAccessor$HASHED$17c1951af04c8e84f4f1579bb189ebf25779d1cc: void <init>()>;java.lang.Class.newInstance0;;isAccessible=true;
Constructor.newInstance;<sun.reflect.GeneratedConstructorAccessor$HASHED$1ba43ba97ef2efbe15d73ba294c939cf9a2699dc: void <init>()>;java.lang.Class.newInstance0;;isAccessible=true;
Constructor.newInstance;<sun.reflect.GeneratedConstructorAccessor$HASHED$1dab564015574e40c569b126f6f215fe216c3dba: void <init>()>;java.lang.Class.newInstance0;;isAccessible=true;
Constructor.newInstance;<sun.reflect.GeneratedConstructorAccessor$HASHED$337118177bcebb8a6e0cdfdde5901d08cc2ccead: void <init>()>;java.lang.Class.newInstance0;;isAccessible=true;
Constructor.newInstance;<sun.reflect.GeneratedConstructorAccessor$HASHED$37f0d14e507b6dcfc9691ca40458e3036b98525d: void <init>()>;java.lang.Class.newInstance0;;isAccessible=true;
Constructor.newInstance;<sun.reflect.GeneratedConstructorAccessor$HASHED$3a9f63389389f58ca4bae6ffb759c8fe17ed7b50: void <init>()>;java.lang.Class.newInstance0;;isAccessible=true;
Constructor.newInstance;<sun.reflect.GeneratedConstructorAccessor$HASHED$3b8f2c33180d1c8e1158a2a05ddeba3ca2622367: void <init>()>;java.lang.Class.newInstance0;;isAccessible=true;
Constructor.newInstance;<sun.reflect.GeneratedConstructorAccessor$HASHED$3e9f6b732d593433275f09396e10c48f02752486: void <init>()>;java.lang.Class.newInstance0;;isAccessible=true;
Constructor.newInstance;<sun.reflect.GeneratedConstructorAccessor$HASHED$67e55d3b6bc8f8565f97da966202945a4d23a53f: void <init>()>;java.lang.Class.newInstance0;;isAccessible=true;
Constructor.newInstance;<sun.reflect.GeneratedConstructorAccessor$HASHED$7011a9c6545f384734bbe002d2d4f9c087c9979c: void <init>()>;java.lang.Class.newInstance0;;isAccessible=true;
Constructor.newInstance;<sun.reflect.GeneratedConstructorAccessor$HASHED$7db69eca50cbfa083e2ccfbfc239cea03e9fa87a: void <init>()>;java.lang.Class.newInstance0;;isAccessible=true;
Constructor.newInstance;<sun.reflect.GeneratedConstructorAccessor$HASHED$8beb0671645c8f175668caa61b8544542aa82f5d: void <init>()>;java.lang.Class.newInstance0;;isAccessible=true;
Constructor.newInstance;<sun.reflect.GeneratedConstructorAccessor$HASHED$94151511edc8d53ed1cc725c341cba7034e4dab7: void <init>()>;java.lang.Class.newInstance0;;isAccessible=true;
Constructor.newInstance;<sun.reflect.GeneratedConstructorAccessor$HASHED$960792756015f8df2bb76000d3551fa6f6f927cd: void <init>()>;java.lang.Class.newInstance0;;isAccessible=true;
Constructor.newInstance;<sun.reflect.GeneratedConstructorAccessor$HASHED$9fb00d78349ade0178758a8399bc8336298f8c2e: void <init>()>;java.lang.Class.newInstance0;;isAccessible=true;
Constructor.newInstance;<sun.reflect.GeneratedConstructorAccessor$HASHED$a50d9a1264eeefb58c116dd701743935bbba8368: void <init>()>;java.lang.Class.newInstance0;;isAccessible=true;
Constructor.newInstance;<sun.reflect.GeneratedConstructorAccessor$HASHED$a533fee6629b8692046d34b0485dbf639c6589c2: void <init>()>;java.lang.Class.newInstance0;;isAccessible=true;
Constructor.newInstance;<sun.reflect.GeneratedConstructorAccessor$HASHED$c2438fcc90f73a53f8e76e5e63bd20e0ebc0ff52: void <init>()>;java.lang.Class.newInstance0;;isAccessible=true;
Constructor.newInstance;<sun.reflect.GeneratedConstructorAccessor$HASHED$e03921dbd1e1bedf3c187e61309c7d75cc0e1567: void <init>()>;java.lang.Class.newInstance0;;isAccessible=true;
Constructor.newInstance;<sun.reflect.GeneratedConstructorAccessor$HASHED$e2b758837aab6a8200de8c30371c4ca043e1357a: void <init>()>;java.lang.Class.newInstance0;;isAccessible=true;
Constructor.newInstance;<sun.reflect.GeneratedMethodAccessor$HASHED$1c49de477bb343e501d9e1494518fb04cfd81671: void <init>()>;java.lang.Class.newInstance0;;isAccessible=true;
Constructor.newInstance;<sun.reflect.GeneratedMethodAccessor$HASHED$4b1461888bb282a071bc79badaf61be4908fdf33: void <init>()>;java.lang.Class.newInstance0;;isAccessible=true;
Constructor.newInstance;<sun.reflect.GeneratedMethodAccessor$HASHED$5147662c3028005ccdc954972efab10106661585: void <init>()>;java.lang.Class.newInstance0;;isAccessible=true;
Constructor.newInstance;<sun.reflect.GeneratedMethodAccessor$HASHED$5700addbee475abfaf076c360501ddbbfd5874c4: void <init>()>;java.lang.Class.newInstance0;;isAccessible=true;
Constructor.newInstance;<sun.reflect.GeneratedMethodAccessor$HASHED$7413b4b6cf8d638bd76f8391b7dbf9f3da7d8c50: void <init>()>;java.lang.Class.newInstance0;;isAccessible=true;
Constructor.newInstance;<sun.reflect.GeneratedMethodAccessor$HASHED$7494908cdf0560a6d6b5f1433e2f0901cb8b7921: void <init>()>;java.lang.Class.newInstance0;;isAccessible=true;
Constructor.newInstance;<sun.reflect.GeneratedMethodAccessor$HASHED$7516e71b230f34f7772d6d11725ea863d6252366: void <init>()>;java.lang.Class.newInstance0;;isAccessible=true;
Constructor.newInstance;<sun.reflect.GeneratedMethodAccessor$HASHED$78588abe0ef69ff835251e06a93419217f54d329: void <init>()>;java.lang.Class.newInstance0;;isAccessible=true;
Constructor.newInstance;<sun.reflect.GeneratedMethodAccessor$HASHED$7a0c7094a150d119e48179a90ec42c142dbece7b: void <init>()>;java.lang.Class.newInstance0;;isAccessible=true;
Constructor.newInstance;<sun.reflect.GeneratedMethodAccessor$HASHED$85874e7c28177d643f7671d3ad75cfa65c74c99f: void <init>()>;java.lang.Class.newInstance0;;isAccessible=true;
Constructor.newInstance;<sun.reflect.GeneratedMethodAccessor$HASHED$98fe7e6ec98d4757863b670926c3c8c4de307fb5: void <init>()>;java.lang.Class.newInstance0;;isAccessible=true;
Constructor.newInstance;<sun.reflect.GeneratedMethodAccessor$HASHED$a77e26751fc19635cb2cd21dae1cdf1617a427e3: void <init>()>;java.lang.Class.newInstance0;;isAccessible=true;
Constructor.newInstance;<sun.reflect.GeneratedMethodAccessor$HASHED$c661bb03fe12493101301b3fc300a3ac41afed01: void <init>()>;java.lang.Class.newInstance0;;isAccessible=true;
Constructor.newInstance;<sun.security.provider.NativePRNG: void <init>()>;java.lang.Class.newInstance0;;isAccessible=true;
Constructor.newInstance;<sun.security.provider.SHA: void <init>()>;java.lang.Class.newInstance0;;isAccessible=true;
Constructor.newInstance;<sun.security.provider.Sun: void <init>()>;java.lang.Class.newInstance0;;isAccessible=true;
Constructor.newInstance;<sun.text.resources.FormatData: void <init>()>;java.lang.Class.newInstance0;;isAccessible=true;
Constructor.newInstance;<sun.text.resources.FormatData_en: void <init>()>;java.lang.Class.newInstance0;;isAccessible=true;
Constructor.newInstance;<sun.text.resources.FormatData_en_AU: void <init>()>;java.lang.Class.newInstance0;;isAccessible=true;
Constructor.newInstance;<sun.text.resources.FormatData_en_US: void <init>()>;java.lang.Class.newInstance0;;isAccessible=true;
Constructor.newInstance;<sun.util.resources.CurrencyNames: void <init>()>;java.lang.Class.newInstance0;;isAccessible=true;
Constructor.newInstance;<sun.util.resources.CurrencyNames_en_AU: void <init>()>;java.lang.Class.newInstance0;;isAccessible=true;
Constructor.newInstance;<sun.util.resources.CurrencyNames_en_US: void <init>()>;java.lang.Class.newInstance0;;isAccessible=true;
Constructor.newInstance;<sun.util.resources.TimeZoneNames: void <init>()>;java.lang.Class.newInstance0;;isAccessible=true;
Constructor.newInstance;<sun.util.resources.TimeZoneNames_en: void <init>()>;java.lang.Class.newInstance0;;isAccessible=true;
Field.get*;<java.io.FileDescriptor: int fd>;org.jruby.ext.posix.JavaLibCHelper.getfd;86;isAccessible=true;
Field.get*;<java.io.FilterInputStream: java.io.InputStream in>;org.python.core.io.StreamIO.getInputFileDescriptor;183;isAccessible=true;
Field.get*;<java.io.FilterOutputStream: java.io.OutputStream out>;org.python.core.io.StreamIO.getOutputFileDescriptor;208;isAccessible=true;
Field.get*;<java.util.CurrencyData: int[] otherCurrenciesDFD>;java.util.Currency$1.run;136;isAccessible=false;
Field.get*;<java.util.CurrencyData: int[] scNewCurrenciesDFD>;java.util.Currency$1.run;134;isAccessible=false;
Field.get*;<java.util.CurrencyData: int[] scOldCurrenciesDFD>;java.util.Currency$1.run;133;isAccessible=false;
Field.get*;<java.util.CurrencyData: java.lang.String mainTable>;java.util.Currency$1.run;129;isAccessible=false;
Field.get*;<java.util.CurrencyData: java.lang.String otherCurrencies>;java.util.Currency$1.run;135;isAccessible=false;
Field.get*;<java.util.CurrencyData: java.lang.String[] scNewCurrencies>;java.util.Currency$1.run;132;isAccessible=false;
Field.get*;<java.util.CurrencyData: java.lang.String[] scOldCurrencies>;java.util.Currency$1.run;131;isAccessible=false;
Field.get*;<java.util.CurrencyData: long[] scCutOverTimes>;java.util.Currency$1.run;130;isAccessible=false;
Field.get*;<org.python.core.PyIterator: org.python.core.PyString __doc__next>;org.python.core.PyJavaType.init;377;isAccessible=false;
Field.get*;<org.python.core.PySystemState: java.util.Properties registry>;org.python.core.PyReflectedField._doget;27;isAccessible=false;
Field.get*;<org.python.core.PySystemState: org.python.core.PyList argv>;org.python.core.PyReflectedField._doget;27;isAccessible=false;
Field.get*;<org.python.core.PySystemState: org.python.core.PyList path>;org.python.core.PyReflectedField._doget;27;isAccessible=false;
Field.get*;<org.python.core.PySystemState: org.python.core.PyObject copyright>;org.python.core.PyReflectedField._doget;27;isAccessible=false;
Field.get*;<org.python.core.PySystemState: org.python.core.PyObject exec_prefix>;org.python.core.PyReflectedField._doget;27;isAccessible=false;
Field.get*;<org.python.core.PySystemState: org.python.core.PyObject modules>;org.python.core.PyReflectedField._doget;27;isAccessible=false;
Field.get*;<org.python.core.PySystemState: org.python.core.PyObject prefix>;org.python.core.PyReflectedField._doget;27;isAccessible=false;
Field.get*;<org.python.core.PySystemState: org.python.core.PyString version>;org.python.core.PyReflectedField._doget;27;isAccessible=false;
Method.invoke;<com.kenai.constantine.platform.linux.Errno: com.kenai.constantine.platform.linux.Errno[] values()>;java.lang.Class.getEnumConstantsShared;;isAccessible=true;
Method.invoke;<java.io.File: java.lang.String[] list()>;org.python.core.PyReflectedFunction.__call__;175;isAccessible=false;
Method.invoke;<java.lang.System: java.lang.String getProperty(java.lang.String)>;org.python.core.PyReflectedFunction.__call__;175;isAccessible=false;
Method.invoke;<java.lang.reflect.Method: boolean isVarArgs()>;com.sun.jna.Function.isVarArgs;737;isAccessible=false;
Method.invoke;<java.util.Properties: java.lang.String getProperty(java.lang.String)>;org.python.core.PyReflectedFunction.__call__;175;isAccessible=false;
Method.invoke;<org.apache.xalan.processor.ProcessorOutputElem: void setDoctypePublic(java.lang.String)>;org.apache.xalan.processor.XSLTAttributeDef.setAttrValue;1626;isAccessible=false;
Method.invoke;<org.apache.xalan.processor.ProcessorOutputElem: void setEncoding(java.lang.String)>;org.apache.xalan.processor.XSLTAttributeDef.setAttrValue;1626;isAccessible=false;
Method.invoke;<org.apache.xalan.processor.ProcessorOutputElem: void setIndent(boolean)>;org.apache.xalan.processor.XSLTAttributeDef.setAttrValue;1626;isAccessible=false;
Method.invoke;<org.apache.xalan.processor.ProcessorOutputElem: void setMethod(org.apache.xml.utils.QName)>;org.apache.xalan.processor.XSLTAttributeDef.setAttrValue;1626;isAccessible=false;
Method.invoke;<org.apache.xalan.processor.WhitespaceInfoPaths: void setElements(java.util.Vector)>;org.apache.xalan.processor.XSLTAttributeDef.setAttrValue;1626;isAccessible=false;
Method.invoke;<org.apache.xalan.templates.ElemApplyTemplates: void setMode(org.apache.xml.utils.QName)>;org.apache.xalan.processor.XSLTAttributeDef.setAttrValue;1626;isAccessible=false;
Method.invoke;<org.apache.xalan.templates.ElemAttribute: void setName(org.apache.xalan.templates.AVT)>;org.apache.xalan.processor.XSLTAttributeDef.setAttrValue;1626;isAccessible=false;
Method.invoke;<org.apache.xalan.templates.ElemCallTemplate: void setName(org.apache.xml.utils.QName)>;org.apache.xalan.processor.XSLTAttributeDef.setAttrValue;1626;isAccessible=false;
Method.invoke;<org.apache.xalan.templates.ElemForEach: void setSelect(org.apache.xpath.XPath)>;org.apache.xalan.processor.XSLTAttributeDef.setAttrValue;1626;isAccessible=false;
Method.invoke;<org.apache.xalan.templates.ElemIf: void setTest(org.apache.xpath.XPath)>;org.apache.xalan.processor.XSLTAttributeDef.setAttrValue;1626;isAccessible=false;
Method.invoke;<org.apache.xalan.templates.ElemLiteralResult: void addLiteralResultAttribute(org.apache.xalan.templates.AVT)>;org.apache.xalan.processor.XSLTAttributeDef.setAttrValue;1626;isAccessible=false;
Method.invoke;<org.apache.xalan.templates.ElemMessage: void setTerminate(boolean)>;org.apache.xalan.processor.XSLTAttributeDef.setAttrValue;1626;isAccessible=false;
Method.invoke;<org.apache.xalan.templates.ElemNumber: void setCount(org.apache.xpath.XPath)>;org.apache.xalan.processor.XSLTAttributeDef.setAttrValue;1626;isAccessible=false;
Method.invoke;<org.apache.xalan.templates.ElemNumber: void setFormat(org.apache.xalan.templates.AVT)>;org.apache.xalan.processor.XSLTAttributeDef.setAttrValue;1626;isAccessible=false;
Method.invoke;<org.apache.xalan.templates.ElemNumber: void setFrom(org.apache.xpath.XPath)>;org.apache.xalan.processor.XSLTAttributeDef.setAttrValue;1626;isAccessible=false;
Method.invoke;<org.apache.xalan.templates.ElemNumber: void setLevel(int)>;org.apache.xalan.processor.XSLTAttributeDef.setAttrValue;1626;isAccessible=false;
Method.invoke;<org.apache.xalan.templates.ElemTemplate: void setMatch(org.apache.xpath.XPath)>;org.apache.xalan.processor.XSLTAttributeDef.setAttrValue;1626;isAccessible=false;
Method.invoke;<org.apache.xalan.templates.ElemTemplate: void setMode(org.apache.xml.utils.QName)>;org.apache.xalan.processor.XSLTAttributeDef.setAttrValue;1626;isAccessible=false;
Method.invoke;<org.apache.xalan.templates.ElemTemplate: void setName(org.apache.xml.utils.QName)>;org.apache.xalan.processor.XSLTAttributeDef.setAttrValue;1626;isAccessible=false;
Method.invoke;<org.apache.xalan.templates.ElemText: void setDisableOutputEscaping(boolean)>;org.apache.xalan.processor.XSLTAttributeDef.setAttrValue;1626;isAccessible=false;
Method.invoke;<org.apache.xalan.templates.ElemValueOf: void setSelect(org.apache.xpath.XPath)>;org.apache.xalan.processor.XSLTAttributeDef.setAttrValue;1626;isAccessible=false;
Method.invoke;<org.apache.xalan.templates.ElemVariable: void setName(org.apache.xml.utils.QName)>;org.apache.xalan.processor.XSLTAttributeDef.setAttrValue;1626;isAccessible=false;
Method.invoke;<org.apache.xalan.templates.ElemVariable: void setSelect(org.apache.xpath.XPath)>;org.apache.xalan.processor.XSLTAttributeDef.setAttrValue;1626;isAccessible=false;
Method.invoke;<org.apache.xalan.templates.ElemWhen: void setTest(org.apache.xpath.XPath)>;org.apache.xalan.processor.XSLTAttributeDef.setAttrValue;1626;isAccessible=false;
Method.invoke;<org.apache.xalan.templates.ElemWithParam: void setName(org.apache.xml.utils.QName)>;org.apache.xalan.processor.XSLTAttributeDef.setAttrValue;1626;isAccessible=false;
Method.invoke;<org.apache.xalan.templates.ElemWithParam: void setSelect(org.apache.xpath.XPath)>;org.apache.xalan.processor.XSLTAttributeDef.setAttrValue;1626;isAccessible=false;
Method.invoke;<org.apache.xalan.templates.Stylesheet: void setExcludeResultPrefixes(org.apache.xml.utils.StringVector)>;org.apache.xalan.processor.XSLTAttributeDef.setAttrValue;1626;isAccessible=false;
Method.invoke;<org.apache.xalan.templates.Stylesheet: void setVersion(java.lang.String)>;org.apache.xalan.processor.XSLTAttributeDef.setAttrValue;1626;isAccessible=false;
Method.invoke;<org.apache.xalan.transformer.TransformerImpl: javax.xml.transform.ErrorListener getErrorListener()>;org.apache.xpath.XPathContext.getErrorListener;550;isAccessible=false;
Method.invoke;<org.dacapo.xalan.XSLTBench: void createWorkers(int)>;org.dacapo.harness.Xalan.preIteration;52;isAccessible=false;
Method.invoke;<org.dacapo.xalan.XSLTBench: void doWork(int)>;org.dacapo.harness.Xalan.iterate;68;isAccessible=false;
Method.invoke;<org.jruby.ext.posix.BaseNativePOSIX: boolean isatty(java.io.FileDescriptor)>;org.python.core.PyReflectedFunction.__call__;175;isAccessible=false;
Method.invoke;<org.jruby.ext.posix.Linux64HeapFileStat: int gid()>;org.python.core.PyReflectedFunction.__call__;175;isAccessible=false;
Method.invoke;<org.jruby.ext.posix.Linux64HeapFileStat: int mode()>;org.python.core.PyReflectedFunction.__call__;175;isAccessible=false;
Method.invoke;<org.jruby.ext.posix.Linux64HeapFileStat: int nlink()>;org.python.core.PyReflectedFunction.__call__;175;isAccessible=false;
Method.invoke;<org.jruby.ext.posix.Linux64HeapFileStat: int uid()>;org.python.core.PyReflectedFunction.__call__;175;isAccessible=false;
Method.invoke;<org.jruby.ext.posix.Linux64HeapFileStat: long atime()>;org.python.core.PyReflectedFunction.__call__;175;isAccessible=false;
Method.invoke;<org.jruby.ext.posix.Linux64HeapFileStat: long ctime()>;org.python.core.PyReflectedFunction.__call__;175;isAccessible=false;
Method.invoke;<org.jruby.ext.posix.Linux64HeapFileStat: long dev()>;org.python.core.PyReflectedFunction.__call__;175;isAccessible=false;
Method.invoke;<org.jruby.ext.posix.Linux64HeapFileStat: long ino()>;org.python.core.PyReflectedFunction.__call__;175;isAccessible=false;
Method.invoke;<org.jruby.ext.posix.Linux64HeapFileStat: long mtime()>;org.python.core.PyReflectedFunction.__call__;175;isAccessible=false;
Method.invoke;<org.jruby.ext.posix.Linux64HeapFileStat: long st_size()>;org.python.core.PyReflectedFunction.__call__;175;isAccessible=false;
Method.invoke;<org.jruby.ext.posix.LinuxPOSIX: org.jruby.ext.posix.FileStat stat(java.lang.String)>;org.python.core.PyReflectedFunction.__call__;175;isAccessible=false;
Method.invoke;<org.jruby.ext.posix.POSIXFactory: org.jruby.ext.posix.POSIX getPOSIX(org.jruby.ext.posix.POSIXHandler,boolean)>;org.python.core.PyReflectedFunction.__call__;175;isAccessible=false;
Method.invoke;<org.python.core.CodeFlag: org.python.core.CodeFlag[] values()>;java.lang.Class.getEnumConstantsShared;;isAccessible=true;
Method.invoke;<org.python.core.FutureFeature: org.python.core.FutureFeature[] values()>;java.lang.Class.getEnumConstantsShared;;isAccessible=true;
Method.invoke;<org.python.core.JavaImporter: org.python.core.PyObject find_module(java.lang.String)>;org.python.core.PyReflectedFunction.__call__;175;isAccessible=false;
Method.invoke;<org.python.core.JavaImporter: org.python.core.PyObject load_module(java.lang.String)>;org.python.core.PyReflectedFunction.__call__;175;isAccessible=false;
Method.invoke;<org.python.core.Py: org.python.core.PyString newString(java.lang.String)>;org.python.core.PyReflectedFunction.__call__;175;isAccessible=false;
Method.invoke;<org.python.core.PyStringMap: org.python.core.PyList values()>;org.python.core.PyReflectedFunction.__call__;175;isAccessible=false;
Method.invoke;<org.python.core.PyStringMap: void clear()>;org.python.core.PyReflectedFunction.__call__;175;isAccessible=false;
Method.invoke;<org.python.core.PyStringMap: void update(org.python.core.PyObject[],java.lang.String[])>;org.python.core.PyReflectedFunction.__call__;175;isAccessible=false;
Method.invoke;<org.python.core.PySystemState: java.lang.String getPath(java.lang.String)>;org.python.core.PyReflectedFunction.__call__;175;isAccessible=false;
Method.invoke;<org.python.core.PySystemState: org.python.core.PyObject getEnviron()>;org.python.core.PyReflectedFunction.__call__;175;isAccessible=false;
Method.invoke;<org.python.core.PySystemState: void setArgv(java.lang.String[])>;org.dacapo.harness.Jython.iterate;49;isAccessible=false;
Method.invoke;<org.python.core.exceptions: void classDictInit(org.python.core.PyObject)>;org.python.core.PyJavaType.init;500;isAccessible=false;
Method.invoke;<org.python.core.io.UniversalIOWrapper$Newline: org.python.core.io.UniversalIOWrapper$Newline[] values()>;java.lang.Class.getEnumConstantsShared;;isAccessible=true;
Method.invoke;<org.python.core.util.importer$EntryType: org.python.core.util.importer$EntryType[] values()>;java.lang.Class.getEnumConstantsShared;;isAccessible=true;
Method.invoke;<org.python.modules.errno: void classDictInit(org.python.core.PyObject)>;org.python.core.PyJavaType.init;500;isAccessible=false;
Method.invoke;<org.python.modules.time.Time: void classDictInit(org.python.core.PyObject)>;org.python.core.PyJavaType.init;500;isAccessible=false;
Method.invoke;<org.python.proxies.os$PythonPOSIXHandler$0: void classDictInit(org.python.core.PyObject)>;org.python.core.PyJavaType.init;500;isAccessible=false;
Method.invoke;<org.python.util.jython: void main(java.lang.String[])>;org.dacapo.harness.Jython.<init>;36;isAccessible=false;
Method.invoke;<org.python.util.jython: void main(java.lang.String[])>;org.dacapo.harness.Jython.iterate;50;isAccessible=false;
