nice -n 19 java -Xmx4G -cp dacapo-9.12-bach.jar -javaagent:poa.jar Harness --scratch-directory /tmp/dacaposcratch -n 3 xalan -s small
============================================================
TamiFlex Play-Out Agent Version 2.0.1
Loaded properties from /home/lpxz/work/dacapo/poa.properties
============================================================
Using scaled threading model. 8 processors detected, 8 threads used to drive the workload, in a possible range of [1,10]
===== DaCapo 9.12 xalan starting warmup 1 =====
Normal completion.
===== DaCapo 9.12 xalan completed warmup 1 in 1089 msec =====
===== DaCapo 9.12 xalan starting warmup 2 =====
Normal completion.
===== DaCapo 9.12 xalan completed warmup 2 in 602 msec =====
===== DaCapo 9.12 xalan starting =====
Normal completion.
===== DaCapo 9.12 xalan PASSED in 404 msec =====

============================================================
TamiFlex Play-Out Agent Version 2.0.1
Found 214 new log entries.
Log file written to: /home/lpxz/work/dacapo/out/xalan-small/refl.log
============================================================
