nice -n 19 java -Xmx4G -cp dacapo-9.12-bach.jar -javaagent:poa.jar Harness --scratch-directory /tmp/dacaposcratch -n 3 batik -s small
============================================================
TamiFlex Play-Out Agent Version 2.0.1
Loaded properties from /home/lpxz/work/dacapo/poa.properties
============================================================
===== DaCapo 9.12 batik starting warmup 1 =====
About to transcode 1 SVG file(s)

Converting mapWaadt.svg to /tmp/dacaposcratch/mapWaadt.png ... ... success
===== DaCapo 9.12 batik completed warmup 1 in 1376 msec =====
===== DaCapo 9.12 batik starting warmup 2 =====
About to transcode 1 SVG file(s)

Converting mapWaadt.svg to /tmp/dacaposcratch/mapWaadt.png ... ... success
===== DaCapo 9.12 batik completed warmup 2 in 533 msec =====
===== DaCapo 9.12 batik starting =====
About to transcode 1 SVG file(s)

Converting mapWaadt.svg to /tmp/dacaposcratch/mapWaadt.png ... ... success
===== DaCapo 9.12 batik PASSED in 442 msec =====

============================================================
TamiFlex Play-Out Agent Version 2.0.1
Found 61 new log entries.
Log file written to: /home/lpxz/work/dacapo/out/batik-small/refl.log
============================================================
===== DaCapo 9.12 batik starting warmup 1 =====

============================================================
TamiFlex Play-Out Agent Version 2.0.1
Found no new log entries.
Log file written to: /home/lpxz/work/dacapo/out/batik-small/refl.log
============================================================
About to transcode 1 SVG file(s)

Converting /tmp/dacaposcratch/batik/mapWaadt.svg to /tmp/dacaposcratch/mapWaadt.png ... ... error (SVGConverter.error.cannot.open.source)
Digest validation failed for stdout.log, expecting 0xa8f2208c90a7e2223ff376e873fd7ddb0ece3db7 found 0x<File not found>
Digest validation failed for stderr.log, expecting 0xda39a3ee5e6b4b0d3255bfef95601890afd80709 found 0x<File not found>
===== DaCapo 9.12 batik FAILED warmup =====
===== DaCapo 9.12 batik starting warmup 2 =====
About to transcode 1 SVG file(s)

Converting /tmp/dacaposcratch/batik/mapWaadt.svg to /tmp/dacaposcratch/mapWaadt.png ... ... error (SVGConverter.error.cannot.open.source)
Digest validation failed for stdout.log, expecting 0xa8f2208c90a7e2223ff376e873fd7ddb0ece3db7 found 0x6f13f2f67d05db959e7a44ddb0c04691fd348eb3
===== DaCapo 9.12 batik FAILED warmup =====
===== DaCapo 9.12 batik starting =====
About to transcode 1 SVG file(s)

Converting /tmp/dacaposcratch/batik/mapWaadt.svg to /tmp/dacaposcratch/mapWaadt.png ... ... error (SVGConverter.error.cannot.open.source)
Digest validation failed for stdout.log, expecting 0xa8f2208c90a7e2223ff376e873fd7ddb0ece3db7 found 0x6f13f2f67d05db959e7a44ddb0c04691fd348eb3
===== DaCapo 9.12 batik FAILED =====
Validation FAILED for batik small
