Apr 24, 2011 10:36:05 PM spec.jbb.JBBmain main -> INFO: Logging started
Apr 24, 2011 10:36:05 PM spec.jbb.Company primeWithDummyData -> INFO: Loading Warehouse 1...
Apr 24, 2011 10:36:08 PM spec.jbb.JBBmain DoARun -> INFO: Start User Threads
Apr 24, 2011 10:36:08 PM spec.jbb.JBBmain DoARun -> INFO:   started user thread for Warehouse 1
Apr 24, 2011 10:36:08 PM spec.jbb.Company displayResultTotals -> INFO: Timing Measurement began Sun Apr 24 22:36:08 HKT 2011 for 0.5 minutes
Apr 24, 2011 10:36:40 PM spec.jbb.Company displayResultTotals -> INFO: Timing Measurement ended Sun Apr 24 22:36:40 HKT 2011
Apr 24, 2011 10:36:40 PM spec.jbb.Company primeWithDummyData -> INFO: Loading Warehouse 2...
Apr 24, 2011 10:36:44 PM spec.jbb.JBBmain DoARun -> INFO: Start User Threads
Apr 24, 2011 10:36:44 PM spec.jbb.JBBmain DoARun -> INFO:   started user thread for Warehouse 1
Apr 24, 2011 10:36:44 PM spec.jbb.JBBmain DoARun -> INFO:   started user thread for Warehouse 2
Apr 24, 2011 10:36:44 PM spec.jbb.Company displayResultTotals -> INFO: Timing Measurement began Sun Apr 24 22:36:44 HKT 2011 for 0.5 minutes
Apr 24, 2011 10:37:20 PM spec.jbb.Company displayResultTotals -> INFO: Timing Measurement ended Sun Apr 24 22:37:20 HKT 2011
Apr 24, 2011 10:37:20 PM spec.jbb.Company primeWithDummyData -> INFO: Loading Warehouse 3...
Apr 24, 2011 10:37:22 PM spec.jbb.JBBmain DoARun -> INFO: Start User Threads
Apr 24, 2011 10:37:22 PM spec.jbb.JBBmain DoARun -> INFO:   started user thread for Warehouse 1
Apr 24, 2011 10:37:22 PM spec.jbb.JBBmain DoARun -> INFO:   started user thread for Warehouse 2
Apr 24, 2011 10:37:22 PM spec.jbb.JBBmain DoARun -> INFO:   started user thread for Warehouse 3
Apr 24, 2011 10:37:22 PM spec.jbb.Company displayResultTotals -> INFO: Timing Measurement began Sun Apr 24 22:37:22 HKT 2011 for 0.5 minutes
Apr 24, 2011 10:37:52 PM spec.jbb.Company displayResultTotals -> INFO: Timing Measurement ended Sun Apr 24 22:37:52 HKT 2011
Apr 24, 2011 10:37:52 PM spec.jbb.Company primeWithDummyData -> INFO: Loading Warehouse 4...
Apr 24, 2011 10:37:55 PM spec.jbb.JBBmain DoARun -> INFO: Start User Threads
Apr 24, 2011 10:37:55 PM spec.jbb.JBBmain DoARun -> INFO:   started user thread for Warehouse 1
Apr 24, 2011 10:37:55 PM spec.jbb.JBBmain DoARun -> INFO:   started user thread for Warehouse 2
Apr 24, 2011 10:37:55 PM spec.jbb.JBBmain DoARun -> INFO:   started user thread for Warehouse 3
Apr 24, 2011 10:37:55 PM spec.jbb.JBBmain DoARun -> INFO:   started user thread for Warehouse 4
Apr 24, 2011 10:37:55 PM spec.jbb.Company displayResultTotals -> INFO: Timing Measurement began Sun Apr 24 22:37:55 HKT 2011 for 0.5 minutes
Apr 24, 2011 10:38:25 PM spec.jbb.Company displayResultTotals -> INFO: Timing Measurement ended Sun Apr 24 22:38:25 HKT 2011
Apr 24, 2011 10:38:25 PM spec.jbb.Company primeWithDummyData -> INFO: Loading Warehouse 5...
Apr 24, 2011 10:38:28 PM spec.jbb.JBBmain DoARun -> INFO: Start User Threads
Apr 24, 2011 10:38:28 PM spec.jbb.JBBmain DoARun -> INFO:   started user thread for Warehouse 1
Apr 24, 2011 10:38:28 PM spec.jbb.JBBmain DoARun -> INFO:   started user thread for Warehouse 2
Apr 24, 2011 10:38:28 PM spec.jbb.JBBmain DoARun -> INFO:   started user thread for Warehouse 3
Apr 24, 2011 10:38:28 PM spec.jbb.JBBmain DoARun -> INFO:   started user thread for Warehouse 4
Apr 24, 2011 10:38:28 PM spec.jbb.JBBmain DoARun -> INFO:   started user thread for Warehouse 5
Apr 24, 2011 10:38:28 PM spec.jbb.Company displayResultTotals -> INFO: Timing Measurement began Sun Apr 24 22:38:28 HKT 2011 for 0.5 minutes
Apr 24, 2011 10:39:35 PM spec.jbb.Company displayResultTotals -> INFO: Timing Measurement ended Sun Apr 24 22:39:12 HKT 2011
