Apr 24, 2011 10:20:41 PM spec.jbb.JBBmain main -> INFO: Logging started
Apr 24, 2011 10:20:41 PM spec.jbb.Company primeWithDummyData -> INFO: Loading Warehouse 1...
Apr 24, 2011 10:21:01 PM spec.jbb.JBBmain DoARun -> INFO: Start User Threads
Apr 24, 2011 10:21:01 PM spec.jbb.JBBmain DoARun -> INFO:   started user thread for Warehouse 1
Apr 24, 2011 10:21:01 PM spec.jbb.Company displayResultTotals -> INFO: Timing Measurement began Sun Apr 24 22:21:01 HKT 2011 for 0.5 minutes
Apr 24, 2011 10:21:31 PM spec.jbb.Company displayResultTotals -> INFO: Timing Measurement ended Sun Apr 24 22:21:31 HKT 2011
Apr 24, 2011 10:21:31 PM spec.jbb.Company primeWithDummyData -> INFO: Loading Warehouse 2...
Apr 24, 2011 10:21:49 PM spec.jbb.JBBmain DoARun -> INFO: Start User Threads
Apr 24, 2011 10:21:49 PM spec.jbb.JBBmain DoARun -> INFO:   started user thread for Warehouse 1
Apr 24, 2011 10:21:49 PM spec.jbb.JBBmain DoARun -> INFO:   started user thread for Warehouse 2
Apr 24, 2011 10:21:49 PM spec.jbb.Company displayResultTotals -> INFO: Timing Measurement began Sun Apr 24 22:21:49 HKT 2011 for 0.5 minutes
Apr 24, 2011 10:22:20 PM spec.jbb.Company displayResultTotals -> INFO: Timing Measurement ended Sun Apr 24 22:22:20 HKT 2011
Apr 24, 2011 10:22:20 PM spec.jbb.Company primeWithDummyData -> INFO: Loading Warehouse 3...
Apr 24, 2011 10:22:36 PM spec.jbb.JBBmain DoARun -> INFO: Start User Threads
Apr 24, 2011 10:22:36 PM spec.jbb.JBBmain DoARun -> INFO:   started user thread for Warehouse 1
Apr 24, 2011 10:22:36 PM spec.jbb.JBBmain DoARun -> INFO:   started user thread for Warehouse 2
Apr 24, 2011 10:22:36 PM spec.jbb.JBBmain DoARun -> INFO:   started user thread for Warehouse 3
Apr 24, 2011 10:22:36 PM spec.jbb.Company displayResultTotals -> INFO: Timing Measurement began Sun Apr 24 22:22:36 HKT 2011 for 0.5 minutes
Apr 24, 2011 10:23:06 PM spec.jbb.Company displayResultTotals -> INFO: Timing Measurement ended Sun Apr 24 22:23:06 HKT 2011
Apr 24, 2011 10:23:06 PM spec.jbb.Company primeWithDummyData -> INFO: Loading Warehouse 4...
Apr 24, 2011 10:23:18 PM spec.jbb.JBBmain DoARun -> INFO: Start User Threads
Apr 24, 2011 10:23:18 PM spec.jbb.JBBmain DoARun -> INFO:   started user thread for Warehouse 1
Apr 24, 2011 10:23:18 PM spec.jbb.JBBmain DoARun -> INFO:   started user thread for Warehouse 2
Apr 24, 2011 10:23:18 PM spec.jbb.JBBmain DoARun -> INFO:   started user thread for Warehouse 3
Apr 24, 2011 10:23:18 PM spec.jbb.JBBmain DoARun -> INFO:   started user thread for Warehouse 4
Apr 24, 2011 10:23:18 PM spec.jbb.Company displayResultTotals -> INFO: Timing Measurement began Sun Apr 24 22:23:18 HKT 2011 for 0.5 minutes
Apr 24, 2011 10:23:52 PM spec.jbb.Company displayResultTotals -> INFO: Timing Measurement ended Sun Apr 24 22:23:52 HKT 2011
Apr 24, 2011 10:23:52 PM spec.jbb.Company primeWithDummyData -> INFO: Loading Warehouse 5...
Apr 24, 2011 10:24:07 PM spec.jbb.JBBmain DoARun -> INFO: Start User Threads
Apr 24, 2011 10:24:07 PM spec.jbb.JBBmain DoARun -> INFO:   started user thread for Warehouse 1
Apr 24, 2011 10:24:07 PM spec.jbb.JBBmain DoARun -> INFO:   started user thread for Warehouse 2
Apr 24, 2011 10:24:07 PM spec.jbb.JBBmain DoARun -> INFO:   started user thread for Warehouse 3
Apr 24, 2011 10:24:07 PM spec.jbb.JBBmain DoARun -> INFO:   started user thread for Warehouse 4
Apr 24, 2011 10:24:07 PM spec.jbb.JBBmain DoARun -> INFO:   started user thread for Warehouse 5
Apr 24, 2011 10:24:07 PM spec.jbb.Company displayResultTotals -> INFO: Timing Measurement began Sun Apr 24 22:24:07 HKT 2011 for 0.5 minutes
