Oct 20, 2014 5:32:35 PM spec.jbb.JBBmain main -> INFO: Logging started
Oct 20, 2014 5:32:35 PM spec.jbb.Company primeWithDummyData -> INFO: Loading Warehouse 1...
Oct 20, 2014 5:32:35 PM spec.jbb.Company primeWithDummyData -> INFO: Loading Warehouse 2...
Oct 20, 2014 5:32:35 PM spec.jbb.Company primeWithDummyData -> INFO: Loading Warehouse 3...
Oct 20, 2014 5:32:35 PM spec.jbb.Company primeWithDummyData -> INFO: Loading Warehouse 4...
Oct 20, 2014 5:32:35 PM spec.jbb.Company primeWithDummyData -> INFO: Loading Warehouse 5...
Oct 20, 2014 5:32:35 PM spec.jbb.Company primeWithDummyData -> INFO: Loading Warehouse 6...
Oct 20, 2014 5:32:35 PM spec.jbb.Company primeWithDummyData -> INFO: Loading Warehouse 7...
Oct 20, 2014 5:32:35 PM spec.jbb.Company primeWithDummyData -> INFO: Loading Warehouse 8...
Oct 20, 2014 5:32:35 PM spec.jbb.JBBmain DoARun -> INFO: Start User Threads
Oct 20, 2014 5:32:35 PM spec.jbb.JBBmain DoARun -> INFO:   started user thread for Warehouse 1
Oct 20, 2014 5:32:35 PM spec.jbb.JBBmain DoARun -> INFO:   started user thread for Warehouse 2
Oct 20, 2014 5:32:35 PM spec.jbb.JBBmain DoARun -> INFO:   started user thread for Warehouse 3
Oct 20, 2014 5:32:35 PM spec.jbb.JBBmain DoARun -> INFO:   started user thread for Warehouse 4
Oct 20, 2014 5:32:35 PM spec.jbb.JBBmain DoARun -> INFO:   started user thread for Warehouse 5
Oct 20, 2014 5:32:35 PM spec.jbb.JBBmain DoARun -> INFO:   started user thread for Warehouse 6
Oct 20, 2014 5:32:35 PM spec.jbb.JBBmain DoARun -> INFO:   started user thread for Warehouse 7
Oct 20, 2014 5:32:35 PM spec.jbb.JBBmain DoARun -> INFO:   started user thread for Warehouse 8
Oct 20, 2014 5:32:35 PM spec.jbb.Company displayResultTotals -> INFO: Timing Measurement began Mon Oct 20 17:32:35 EDT 2014 for 0.13 minutes
Oct 20, 2014 5:32:43 PM spec.jbb.Company displayResultTotals -> INFO: Timing Measurement ended Mon Oct 20 17:32:43 EDT 2014
Oct 20, 2014 5:32:43 PM spec.jbb.JBBmain callReporter -> INFO: Calling Reporter
Oct 20, 2014 5:32:43 PM spec.jbb.JBBmain main -> INFO: Logging ended
