Apr 16, 2011 1:44:02 PM spec.jbb.JBBmain main -> INFO: Logging started
Apr 16, 2011 1:44:02 PM spec.jbb.Company primeWithDummyData -> INFO: Loading Warehouse 1...
Apr 16, 2011 1:44:05 PM spec.jbb.JBBmain DoARun -> INFO: Start User Threads
Apr 16, 2011 1:44:05 PM spec.jbb.JBBmain DoARun -> INFO:   started user thread for Warehouse 1
Apr 16, 2011 1:44:05 PM spec.jbb.Company displayResultTotals -> INFO: Timing Measurement began Sat Apr 16 13:44:05 HKT 2011 for 0.5 minutes
Apr 16, 2011 1:44:36 PM spec.jbb.Company displayResultTotals -> INFO: Timing Measurement ended Sat Apr 16 13:44:36 HKT 2011
Apr 16, 2011 1:44:36 PM spec.jbb.Company primeWithDummyData -> INFO: Loading Warehouse 2...
Apr 16, 2011 1:44:40 PM spec.jbb.JBBmain DoARun -> INFO: Start User Threads
Apr 16, 2011 1:44:40 PM spec.jbb.JBBmain DoARun -> INFO:   started user thread for Warehouse 1
Apr 16, 2011 1:44:40 PM spec.jbb.JBBmain DoARun -> INFO:   started user thread for Warehouse 2
Apr 16, 2011 1:44:40 PM spec.jbb.Company displayResultTotals -> INFO: Timing Measurement began Sat Apr 16 13:44:40 HKT 2011 for 0.5 minutes
Apr 16, 2011 1:45:13 PM spec.jbb.Company displayResultTotals -> INFO: Timing Measurement ended Sat Apr 16 13:45:13 HKT 2011
Apr 16, 2011 1:45:13 PM spec.jbb.Company primeWithDummyData -> INFO: Loading Warehouse 3...
Apr 16, 2011 1:45:15 PM spec.jbb.JBBmain DoARun -> INFO: Start User Threads
Apr 16, 2011 1:45:15 PM spec.jbb.JBBmain DoARun -> INFO:   started user thread for Warehouse 1
Apr 16, 2011 1:45:15 PM spec.jbb.JBBmain DoARun -> INFO:   started user thread for Warehouse 2
Apr 16, 2011 1:45:15 PM spec.jbb.JBBmain DoARun -> INFO:   started user thread for Warehouse 3
Apr 16, 2011 1:45:15 PM spec.jbb.Company displayResultTotals -> INFO: Timing Measurement began Sat Apr 16 13:45:15 HKT 2011 for 0.5 minutes
Apr 16, 2011 1:45:45 PM spec.jbb.Company displayResultTotals -> INFO: Timing Measurement ended Sat Apr 16 13:45:45 HKT 2011
Apr 16, 2011 1:45:45 PM spec.jbb.Company primeWithDummyData -> INFO: Loading Warehouse 4...
Apr 16, 2011 1:45:47 PM spec.jbb.JBBmain DoARun -> INFO: Start User Threads
Apr 16, 2011 1:45:47 PM spec.jbb.JBBmain DoARun -> INFO:   started user thread for Warehouse 1
Apr 16, 2011 1:45:47 PM spec.jbb.JBBmain DoARun -> INFO:   started user thread for Warehouse 2
Apr 16, 2011 1:45:47 PM spec.jbb.JBBmain DoARun -> INFO:   started user thread for Warehouse 3
Apr 16, 2011 1:45:47 PM spec.jbb.JBBmain DoARun -> INFO:   started user thread for Warehouse 4
Apr 16, 2011 1:45:47 PM spec.jbb.Company displayResultTotals -> INFO: Timing Measurement began Sat Apr 16 13:45:47 HKT 2011 for 0.5 minutes
Apr 16, 2011 1:46:17 PM spec.jbb.Company displayResultTotals -> INFO: Timing Measurement ended Sat Apr 16 13:46:17 HKT 2011
Apr 16, 2011 1:46:17 PM spec.jbb.Company primeWithDummyData -> INFO: Loading Warehouse 5...
Apr 16, 2011 1:46:19 PM spec.jbb.JBBmain DoARun -> INFO: Start User Threads
Apr 16, 2011 1:46:19 PM spec.jbb.JBBmain DoARun -> INFO:   started user thread for Warehouse 1
Apr 16, 2011 1:46:19 PM spec.jbb.JBBmain DoARun -> INFO:   started user thread for Warehouse 2
Apr 16, 2011 1:46:19 PM spec.jbb.JBBmain DoARun -> INFO:   started user thread for Warehouse 3
Apr 16, 2011 1:46:19 PM spec.jbb.JBBmain DoARun -> INFO:   started user thread for Warehouse 4
Apr 16, 2011 1:46:19 PM spec.jbb.JBBmain DoARun -> INFO:   started user thread for Warehouse 5
Apr 16, 2011 1:46:19 PM spec.jbb.Company displayResultTotals -> INFO: Timing Measurement began Sat Apr 16 13:46:19 HKT 2011 for 0.5 minutes
Apr 16, 2011 1:46:55 PM spec.jbb.Company displayResultTotals -> INFO: Timing Measurement ended Sat Apr 16 13:46:55 HKT 2011
