Oct 13, 2014 11:07:09 PM spec.jbb.JBBmain main -> INFO: Logging started
Oct 13, 2014 11:07:09 PM spec.jbb.Company primeWithDummyData -> INFO: Loading Warehouse 1...
Oct 13, 2014 11:07:09 PM spec.jbb.Company primeWithDummyData -> INFO: Loading Warehouse 2...
Oct 13, 2014 11:07:09 PM spec.jbb.Company primeWithDummyData -> INFO: Loading Warehouse 3...
Oct 13, 2014 11:07:09 PM spec.jbb.Company primeWithDummyData -> INFO: Loading Warehouse 4...
Oct 13, 2014 11:07:09 PM spec.jbb.Company primeWithDummyData -> INFO: Loading Warehouse 5...
Oct 13, 2014 11:07:09 PM spec.jbb.Company primeWithDummyData -> INFO: Loading Warehouse 6...
Oct 13, 2014 11:07:09 PM spec.jbb.Company primeWithDummyData -> INFO: Loading Warehouse 7...
Oct 13, 2014 11:07:09 PM spec.jbb.Company primeWithDummyData -> INFO: Loading Warehouse 8...
Oct 13, 2014 11:07:09 PM spec.jbb.JBBmain DoARun -> INFO: Start User Threads
Oct 13, 2014 11:07:09 PM spec.jbb.JBBmain DoARun -> INFO:   started user thread for Warehouse 1
Oct 13, 2014 11:07:09 PM spec.jbb.JBBmain DoARun -> INFO:   started user thread for Warehouse 2
Oct 13, 2014 11:07:09 PM spec.jbb.JBBmain DoARun -> INFO:   started user thread for Warehouse 3
Oct 13, 2014 11:07:09 PM spec.jbb.JBBmain DoARun -> INFO:   started user thread for Warehouse 4
Oct 13, 2014 11:07:09 PM spec.jbb.JBBmain DoARun -> INFO:   started user thread for Warehouse 5
Oct 13, 2014 11:07:09 PM spec.jbb.JBBmain DoARun -> INFO:   started user thread for Warehouse 6
Oct 13, 2014 11:07:09 PM spec.jbb.JBBmain DoARun -> INFO:   started user thread for Warehouse 7
Oct 13, 2014 11:07:09 PM spec.jbb.JBBmain DoARun -> INFO:   started user thread for Warehouse 8
Oct 13, 2014 11:07:09 PM spec.jbb.Company displayResultTotals -> INFO: Timing Measurement began Mon Oct 13 23:07:09 EDT 2014 for 0.13 minutes
Oct 13, 2014 11:07:17 PM spec.jbb.Company displayResultTotals -> INFO: Timing Measurement ended Mon Oct 13 23:07:17 EDT 2014
Oct 13, 2014 11:07:17 PM spec.jbb.JBBmain callReporter -> INFO: Calling Reporter
Oct 13, 2014 11:07:18 PM spec.jbb.JBBmain main -> INFO: Logging ended
