Oct 15, 2014 3:50:07 PM spec.jbb.JBBmain main -> INFO: Logging started
Oct 15, 2014 3:50:07 PM spec.jbb.Company primeWithDummyData -> INFO: Loading Warehouse 1...
Oct 15, 2014 3:50:07 PM spec.jbb.Company primeWithDummyData -> INFO: Loading Warehouse 2...
Oct 15, 2014 3:50:07 PM spec.jbb.Company primeWithDummyData -> INFO: Loading Warehouse 3...
Oct 15, 2014 3:50:07 PM spec.jbb.Company primeWithDummyData -> INFO: Loading Warehouse 4...
Oct 15, 2014 3:50:07 PM spec.jbb.Company primeWithDummyData -> INFO: Loading Warehouse 5...
Oct 15, 2014 3:50:07 PM spec.jbb.Company primeWithDummyData -> INFO: Loading Warehouse 6...
Oct 15, 2014 3:50:07 PM spec.jbb.Company primeWithDummyData -> INFO: Loading Warehouse 7...
Oct 15, 2014 3:50:07 PM spec.jbb.Company primeWithDummyData -> INFO: Loading Warehouse 8...
Oct 15, 2014 3:50:07 PM spec.jbb.JBBmain DoARun -> INFO: Start User Threads
Oct 15, 2014 3:50:07 PM spec.jbb.JBBmain DoARun -> INFO:   started user thread for Warehouse 1
Oct 15, 2014 3:50:07 PM spec.jbb.JBBmain DoARun -> INFO:   started user thread for Warehouse 2
Oct 15, 2014 3:50:07 PM spec.jbb.JBBmain DoARun -> INFO:   started user thread for Warehouse 3
Oct 15, 2014 3:50:07 PM spec.jbb.JBBmain DoARun -> INFO:   started user thread for Warehouse 4
Oct 15, 2014 3:50:07 PM spec.jbb.JBBmain DoARun -> INFO:   started user thread for Warehouse 5
Oct 15, 2014 3:50:07 PM spec.jbb.JBBmain DoARun -> INFO:   started user thread for Warehouse 6
Oct 15, 2014 3:50:07 PM spec.jbb.JBBmain DoARun -> INFO:   started user thread for Warehouse 7
Oct 15, 2014 3:50:07 PM spec.jbb.JBBmain DoARun -> INFO:   started user thread for Warehouse 8
Oct 15, 2014 3:50:07 PM spec.jbb.Company displayResultTotals -> INFO: Timing Measurement began Wed Oct 15 15:50:07 EDT 2014 for 0.13 minutes
Oct 15, 2014 3:50:17 PM spec.jbb.Company displayResultTotals -> INFO: Timing Measurement ended Wed Oct 15 15:50:17 EDT 2014
Oct 15, 2014 3:50:17 PM spec.jbb.JBBmain callReporter -> INFO: Calling Reporter
Oct 15, 2014 3:50:17 PM spec.jbb.JBBmain main -> INFO: Logging ended
