Apr 25, 2011 3:12:50 AM spec.jbb.JBBmain main -> INFO: Logging started
Apr 25, 2011 3:12:50 AM spec.jbb.Company primeWithDummyData -> INFO: Loading Warehouse 1...
Apr 25, 2011 3:12:53 AM spec.jbb.JBBmain DoARun -> INFO: Start User Threads
Apr 25, 2011 3:12:53 AM spec.jbb.JBBmain DoARun -> INFO:   started user thread for Warehouse 1
Apr 25, 2011 3:12:53 AM spec.jbb.Company displayResultTotals -> INFO: Timing Measurement began Mon Apr 25 03:12:53 HKT 2011 for 0.5 minutes
Apr 25, 2011 3:13:23 AM spec.jbb.Company displayResultTotals -> INFO: Timing Measurement ended Mon Apr 25 03:13:23 HKT 2011
Apr 25, 2011 3:13:24 AM spec.jbb.Company primeWithDummyData -> INFO: Loading Warehouse 2...
Apr 25, 2011 3:13:29 AM spec.jbb.JBBmain DoARun -> INFO: Start User Threads
Apr 25, 2011 3:13:29 AM spec.jbb.JBBmain DoARun -> INFO:   started user thread for Warehouse 1
Apr 25, 2011 3:13:29 AM spec.jbb.JBBmain DoARun -> INFO:   started user thread for Warehouse 2
Apr 25, 2011 3:13:29 AM spec.jbb.Company displayResultTotals -> INFO: Timing Measurement began Mon Apr 25 03:13:29 HKT 2011 for 0.5 minutes
Apr 25, 2011 3:14:00 AM spec.jbb.Company displayResultTotals -> INFO: Timing Measurement ended Mon Apr 25 03:14:00 HKT 2011
Apr 25, 2011 3:14:00 AM spec.jbb.Company primeWithDummyData -> INFO: Loading Warehouse 3...
Apr 25, 2011 3:14:01 AM spec.jbb.JBBmain DoARun -> INFO: Start User Threads
Apr 25, 2011 3:14:01 AM spec.jbb.JBBmain DoARun -> INFO:   started user thread for Warehouse 1
Apr 25, 2011 3:14:01 AM spec.jbb.JBBmain DoARun -> INFO:   started user thread for Warehouse 2
Apr 25, 2011 3:14:01 AM spec.jbb.JBBmain DoARun -> INFO:   started user thread for Warehouse 3
Apr 25, 2011 3:14:01 AM spec.jbb.Company displayResultTotals -> INFO: Timing Measurement began Mon Apr 25 03:14:01 HKT 2011 for 0.5 minutes
Apr 25, 2011 3:14:33 AM spec.jbb.Company displayResultTotals -> INFO: Timing Measurement ended Mon Apr 25 03:14:33 HKT 2011
Apr 25, 2011 3:14:33 AM spec.jbb.Company primeWithDummyData -> INFO: Loading Warehouse 4...
Apr 25, 2011 3:14:42 AM spec.jbb.JBBmain DoARun -> INFO: Start User Threads
Apr 25, 2011 3:14:42 AM spec.jbb.JBBmain DoARun -> INFO:   started user thread for Warehouse 1
Apr 25, 2011 3:14:42 AM spec.jbb.JBBmain DoARun -> INFO:   started user thread for Warehouse 2
Apr 25, 2011 3:14:42 AM spec.jbb.JBBmain DoARun -> INFO:   started user thread for Warehouse 3
Apr 25, 2011 3:14:42 AM spec.jbb.JBBmain DoARun -> INFO:   started user thread for Warehouse 4
Apr 25, 2011 3:14:42 AM spec.jbb.Company displayResultTotals -> INFO: Timing Measurement began Mon Apr 25 03:14:42 HKT 2011 for 0.5 minutes
Apr 25, 2011 3:15:12 AM spec.jbb.Company displayResultTotals -> INFO: Timing Measurement ended Mon Apr 25 03:15:12 HKT 2011
Apr 25, 2011 3:15:12 AM spec.jbb.Company primeWithDummyData -> INFO: Loading Warehouse 5...
Apr 25, 2011 3:15:16 AM spec.jbb.JBBmain DoARun -> INFO: Start User Threads
Apr 25, 2011 3:15:16 AM spec.jbb.JBBmain DoARun -> INFO:   started user thread for Warehouse 1
Apr 25, 2011 3:15:16 AM spec.jbb.JBBmain DoARun -> INFO:   started user thread for Warehouse 2
Apr 25, 2011 3:15:16 AM spec.jbb.JBBmain DoARun -> INFO:   started user thread for Warehouse 3
Apr 25, 2011 3:15:16 AM spec.jbb.JBBmain DoARun -> INFO:   started user thread for Warehouse 4
Apr 25, 2011 3:15:16 AM spec.jbb.JBBmain DoARun -> INFO:   started user thread for Warehouse 5
Apr 25, 2011 3:15:16 AM spec.jbb.Company displayResultTotals -> INFO: Timing Measurement began Mon Apr 25 03:15:16 HKT 2011 for 0.5 minutes
Apr 25, 2011 3:15:46 AM spec.jbb.Company displayResultTotals -> INFO: Timing Measurement ended Mon Apr 25 03:15:46 HKT 2011
Apr 25, 2011 3:15:46 AM spec.jbb.Company primeWithDummyData -> INFO: Loading Warehouse 6...
Apr 25, 2011 3:15:49 AM spec.jbb.JBBmain DoARun -> INFO: Start User Threads
Apr 25, 2011 3:15:49 AM spec.jbb.JBBmain DoARun -> INFO:   started user thread for Warehouse 1
Apr 25, 2011 3:15:49 AM spec.jbb.JBBmain DoARun -> INFO:   started user thread for Warehouse 2
Apr 25, 2011 3:15:49 AM spec.jbb.JBBmain DoARun -> INFO:   started user thread for Warehouse 3
Apr 25, 2011 3:15:49 AM spec.jbb.JBBmain DoARun -> INFO:   started user thread for Warehouse 4
Apr 25, 2011 3:15:49 AM spec.jbb.JBBmain DoARun -> INFO:   started user thread for Warehouse 5
Apr 25, 2011 3:15:49 AM spec.jbb.JBBmain DoARun -> INFO:   started user thread for Warehouse 6
Apr 25, 2011 3:15:49 AM spec.jbb.Company displayResultTotals -> INFO: Timing Measurement began Mon Apr 25 03:15:49 HKT 2011 for 0.5 minutes
Apr 25, 2011 3:16:29 AM spec.jbb.Company displayResultTotals -> INFO: Timing Measurement ended Mon Apr 25 03:16:19 HKT 2011
