Apr 24, 2011 11:44:29 AM spec.jbb.JBBmain main -> INFO: Logging started
Apr 24, 2011 11:44:29 AM spec.jbb.Company primeWithDummyData -> INFO: Loading Warehouse 1...
Apr 24, 2011 11:44:31 AM spec.jbb.JBBmain DoARun -> INFO: Start User Threads
Apr 24, 2011 11:44:31 AM spec.jbb.JBBmain DoARun -> INFO:   started user thread for Warehouse 1
Apr 24, 2011 11:44:31 AM spec.jbb.Company displayResultTotals -> INFO: Timing Measurement began Sun Apr 24 11:44:31 HKT 2011 for 0.5 minutes
Apr 24, 2011 11:45:04 AM spec.jbb.Company displayResultTotals -> INFO: Timing Measurement ended Sun Apr 24 11:45:04 HKT 2011
Apr 24, 2011 11:45:04 AM spec.jbb.Company primeWithDummyData -> INFO: Loading Warehouse 2...
Apr 24, 2011 11:45:09 AM spec.jbb.JBBmain DoARun -> INFO: Start User Threads
Apr 24, 2011 11:45:09 AM spec.jbb.JBBmain DoARun -> INFO:   started user thread for Warehouse 1
Apr 24, 2011 11:45:09 AM spec.jbb.JBBmain DoARun -> INFO:   started user thread for Warehouse 2
Apr 24, 2011 11:45:09 AM spec.jbb.Company displayResultTotals -> INFO: Timing Measurement began Sun Apr 24 11:45:09 HKT 2011 for 0.5 minutes
Apr 24, 2011 11:45:39 AM spec.jbb.Company displayResultTotals -> INFO: Timing Measurement ended Sun Apr 24 11:45:39 HKT 2011
Apr 24, 2011 11:45:39 AM spec.jbb.Company primeWithDummyData -> INFO: Loading Warehouse 3...
Apr 24, 2011 11:45:47 AM spec.jbb.JBBmain DoARun -> INFO: Start User Threads
Apr 24, 2011 11:45:47 AM spec.jbb.JBBmain DoARun -> INFO:   started user thread for Warehouse 1
Apr 24, 2011 11:45:47 AM spec.jbb.JBBmain DoARun -> INFO:   started user thread for Warehouse 2
Apr 24, 2011 11:45:47 AM spec.jbb.JBBmain DoARun -> INFO:   started user thread for Warehouse 3
Apr 24, 2011 11:45:47 AM spec.jbb.Company displayResultTotals -> INFO: Timing Measurement began Sun Apr 24 11:45:47 HKT 2011 for 0.5 minutes
Apr 24, 2011 11:46:17 AM spec.jbb.Company displayResultTotals -> INFO: Timing Measurement ended Sun Apr 24 11:46:17 HKT 2011
Apr 24, 2011 11:46:17 AM spec.jbb.Company primeWithDummyData -> INFO: Loading Warehouse 4...
Apr 24, 2011 11:46:19 AM spec.jbb.JBBmain DoARun -> INFO: Start User Threads
Apr 24, 2011 11:46:19 AM spec.jbb.JBBmain DoARun -> INFO:   started user thread for Warehouse 1
Apr 24, 2011 11:46:19 AM spec.jbb.JBBmain DoARun -> INFO:   started user thread for Warehouse 2
Apr 24, 2011 11:46:19 AM spec.jbb.JBBmain DoARun -> INFO:   started user thread for Warehouse 3
Apr 24, 2011 11:46:19 AM spec.jbb.JBBmain DoARun -> INFO:   started user thread for Warehouse 4
Apr 24, 2011 11:46:19 AM spec.jbb.Company displayResultTotals -> INFO: Timing Measurement began Sun Apr 24 11:46:19 HKT 2011 for 0.5 minutes
Apr 24, 2011 11:46:49 AM spec.jbb.Company displayResultTotals -> INFO: Timing Measurement ended Sun Apr 24 11:46:49 HKT 2011
Apr 24, 2011 11:46:49 AM spec.jbb.Company primeWithDummyData -> INFO: Loading Warehouse 5...
Apr 24, 2011 11:46:51 AM spec.jbb.JBBmain DoARun -> INFO: Start User Threads
Apr 24, 2011 11:46:51 AM spec.jbb.JBBmain DoARun -> INFO:   started user thread for Warehouse 1
Apr 24, 2011 11:46:51 AM spec.jbb.JBBmain DoARun -> INFO:   started user thread for Warehouse 2
Apr 24, 2011 11:46:51 AM spec.jbb.JBBmain DoARun -> INFO:   started user thread for Warehouse 3
Apr 24, 2011 11:46:51 AM spec.jbb.JBBmain DoARun -> INFO:   started user thread for Warehouse 4
Apr 24, 2011 11:46:51 AM spec.jbb.JBBmain DoARun -> INFO:   started user thread for Warehouse 5
Apr 24, 2011 11:46:51 AM spec.jbb.Company displayResultTotals -> INFO: Timing Measurement began Sun Apr 24 11:46:51 HKT 2011 for 0.5 minutes
Apr 24, 2011 11:47:55 AM spec.jbb.Company displayResultTotals -> INFO: Timing Measurement ended Sun Apr 24 11:47:33 HKT 2011
