Oct 14, 2014 11:35:20 AM spec.jbb.JBBmain main -> INFO: Logging started
Oct 14, 2014 11:35:20 AM spec.jbb.Company primeWithDummyData -> INFO: Loading Warehouse 1...
Oct 14, 2014 11:35:20 AM spec.jbb.Company primeWithDummyData -> INFO: Loading Warehouse 2...
Oct 14, 2014 11:35:20 AM spec.jbb.Company primeWithDummyData -> INFO: Loading Warehouse 3...
Oct 14, 2014 11:35:20 AM spec.jbb.Company primeWithDummyData -> INFO: Loading Warehouse 4...
Oct 14, 2014 11:35:20 AM spec.jbb.Company primeWithDummyData -> INFO: Loading Warehouse 5...
Oct 14, 2014 11:35:20 AM spec.jbb.Company primeWithDummyData -> INFO: Loading Warehouse 6...
Oct 14, 2014 11:35:20 AM spec.jbb.Company primeWithDummyData -> INFO: Loading Warehouse 7...
Oct 14, 2014 11:35:20 AM spec.jbb.Company primeWithDummyData -> INFO: Loading Warehouse 8...
Oct 14, 2014 11:35:20 AM spec.jbb.JBBmain DoARun -> INFO: Start User Threads
Oct 14, 2014 11:35:20 AM spec.jbb.JBBmain DoARun -> INFO:   started user thread for Warehouse 1
Oct 14, 2014 11:35:20 AM spec.jbb.JBBmain DoARun -> INFO:   started user thread for Warehouse 2
Oct 14, 2014 11:35:20 AM spec.jbb.JBBmain DoARun -> INFO:   started user thread for Warehouse 3
Oct 14, 2014 11:35:20 AM spec.jbb.JBBmain DoARun -> INFO:   started user thread for Warehouse 4
Oct 14, 2014 11:35:20 AM spec.jbb.JBBmain DoARun -> INFO:   started user thread for Warehouse 5
Oct 14, 2014 11:35:20 AM spec.jbb.JBBmain DoARun -> INFO:   started user thread for Warehouse 6
Oct 14, 2014 11:35:20 AM spec.jbb.JBBmain DoARun -> INFO:   started user thread for Warehouse 7
Oct 14, 2014 11:35:20 AM spec.jbb.JBBmain DoARun -> INFO:   started user thread for Warehouse 8
Oct 14, 2014 11:35:20 AM spec.jbb.Company displayResultTotals -> INFO: Timing Measurement began Tue Oct 14 11:35:20 EDT 2014 for 0.13 minutes
Oct 14, 2014 11:35:28 AM spec.jbb.Company displayResultTotals -> INFO: Timing Measurement ended Tue Oct 14 11:35:28 EDT 2014
Oct 14, 2014 11:35:28 AM spec.jbb.JBBmain callReporter -> INFO: Calling Reporter
Oct 14, 2014 11:35:29 AM spec.jbb.JBBmain main -> INFO: Logging ended
