Class.forName;byte[];sun.security.pkcs.PKCS9Attribute.<clinit>;314;;
Class.forName;byte[];sun.security.pkcs.PKCS9Attribute.<clinit>;330;;
Class.forName;java.lang.String;sun.security.pkcs.PKCS9Attribute.<clinit>;318;;
Class.forName;java.lang.String[];sun.security.pkcs.PKCS9Attribute.<clinit>;307;;
Class.forName;java.security.AlgorithmParametersSpi;java.security.Security.getSpiClass;640;;
Class.forName;java.security.MessageDigestSpi;java.security.Security.getSpiClass;640;;
Class.forName;java.security.interfaces.DSAPrivateKey;java.security.Provider$Service.getKeyClass;1402;;
Class.forName;java.security.interfaces.DSAPublicKey;java.security.Provider$Service.getKeyClass;1402;;
Class.forName;java.security.spec.DSAParameterSpec;sun.security.provider.DSAParameters.engineGetParameterSpec;86;;
Class.forName;java.util.CurrencyData;java.util.Currency$1.run;128;;
Class.forName;java.util.Date;sun.security.pkcs.PKCS9Attribute.<clinit>;315;;
Class.forName;org.dacapo.harness.Sunflow;org.dacapo.harness.TestHarness.findClass;281;;
Class.forName;org.sunflow.Benchmark;org.dacapo.harness.Sunflow.<init>;30;;
Class.forName;sun.net.www.protocol.jar.Handler;java.net.URL.getURLStreamHandler;1140;;
Class.forName;sun.security.pkcs.SignerInfo[];sun.security.pkcs.PKCS9Attribute.<clinit>;316;;
Class.forName;sun.security.provider.DSA$SHA1withDSA;java.security.Provider$Service.getImplClass;1260;;
Class.forName;sun.security.provider.DSAKeyFactory;java.security.Provider$Service.getImplClass;1260;;
Class.forName;sun.security.provider.DSAParameters;java.security.Provider$Service.getImplClass;1260;;
Class.forName;sun.security.provider.NativePRNG;java.security.Provider$Service.getImplClass;1260;;
Class.forName;sun.security.provider.SHA;java.security.Provider$Service.getImplClass;1260;;
Class.forName;sun.security.provider.X509Factory;java.security.Provider$Service.getImplClass;1260;;
Class.forName;sun.security.util.ObjectIdentifier;sun.security.pkcs.PKCS9Attribute.<clinit>;312;;
Class.forName;sun.security.x509.CertificateExtensions;sun.security.pkcs.PKCS9Attribute.<clinit>;326;;
Class.newInstance;sun.awt.resources.awt;java.util.ResourceBundle$Control.newBundle;2295;;
Class.newInstance;sun.net.www.protocol.jar.Handler;java.net.URL.getURLStreamHandler;1148;;
Class.newInstance;sun.security.provider.DSA$SHA1withDSA;java.security.Provider$Service.newInstance;1221;;
Class.newInstance;sun.security.provider.DSAKeyFactory;java.security.Provider$Service.newInstance;1221;;
Class.newInstance;sun.security.provider.DSAParameters;java.security.Provider$Service.newInstance;1221;;
Class.newInstance;sun.security.provider.NativePRNG;java.security.Provider$Service.newInstance;1221;;
Class.newInstance;sun.security.provider.SHA;java.security.Provider$Service.newInstance;1221;;
Class.newInstance;sun.security.provider.Sun;sun.security.jca.ProviderConfig$3.run;240;;
Class.newInstance;sun.security.provider.X509Factory;java.security.Provider$Service.newInstance;1221;;
Class.newInstance;sun.text.resources.FormatData;java.util.ResourceBundle$Control.newBundle;2295;;
Class.newInstance;sun.text.resources.FormatData_en;java.util.ResourceBundle$Control.newBundle;2295;;
Class.newInstance;sun.text.resources.FormatData_en_AU;java.util.ResourceBundle$Control.newBundle;2295;;
Class.newInstance;sun.text.resources.FormatData_en_US;java.util.ResourceBundle$Control.newBundle;2295;;
Class.newInstance;sun.util.resources.CurrencyNames;java.util.ResourceBundle$Control.newBundle;2295;;
Class.newInstance;sun.util.resources.CurrencyNames_en_AU;java.util.ResourceBundle$Control.newBundle;2295;;
Class.newInstance;sun.util.resources.CurrencyNames_en_US;java.util.ResourceBundle$Control.newBundle;2295;;
Constructor.newInstance;<org.dacapo.harness.Sunflow: void <init>(org.dacapo.parser.Config,java.io.File)>;org.dacapo.harness.TestHarness.runBenchmark;211;isAccessible=false;
Constructor.newInstance;<org.sunflow.Benchmark: void <init>(int,boolean,boolean,boolean,int)>;org.dacapo.harness.Sunflow.preIteration;52;isAccessible=false;
Constructor.newInstance;<sun.awt.resources.awt: void <init>()>;java.lang.Class.newInstance0;;isAccessible=true;
Constructor.newInstance;<sun.net.www.protocol.jar.Handler: void <init>()>;java.lang.Class.newInstance0;;isAccessible=true;
Constructor.newInstance;<sun.security.provider.DSA$SHA1withDSA: void <init>()>;java.lang.Class.newInstance0;;isAccessible=true;
Constructor.newInstance;<sun.security.provider.DSAKeyFactory: void <init>()>;java.lang.Class.newInstance0;;isAccessible=true;
Constructor.newInstance;<sun.security.provider.DSAParameters: void <init>()>;java.lang.Class.newInstance0;;isAccessible=true;
Constructor.newInstance;<sun.security.provider.NativePRNG: void <init>()>;java.lang.Class.newInstance0;;isAccessible=true;
Constructor.newInstance;<sun.security.provider.SHA: void <init>()>;java.lang.Class.newInstance0;;isAccessible=true;
Constructor.newInstance;<sun.security.provider.Sun: void <init>()>;java.lang.Class.newInstance0;;isAccessible=true;
Constructor.newInstance;<sun.security.provider.X509Factory: void <init>()>;java.lang.Class.newInstance0;;isAccessible=true;
Constructor.newInstance;<sun.text.resources.FormatData: void <init>()>;java.lang.Class.newInstance0;;isAccessible=true;
Constructor.newInstance;<sun.text.resources.FormatData_en: void <init>()>;java.lang.Class.newInstance0;;isAccessible=true;
Constructor.newInstance;<sun.text.resources.FormatData_en_AU: void <init>()>;java.lang.Class.newInstance0;;isAccessible=true;
Constructor.newInstance;<sun.text.resources.FormatData_en_US: void <init>()>;java.lang.Class.newInstance0;;isAccessible=true;
Constructor.newInstance;<sun.util.resources.CurrencyNames: void <init>()>;java.lang.Class.newInstance0;;isAccessible=true;
Constructor.newInstance;<sun.util.resources.CurrencyNames_en_AU: void <init>()>;java.lang.Class.newInstance0;;isAccessible=true;
Constructor.newInstance;<sun.util.resources.CurrencyNames_en_US: void <init>()>;java.lang.Class.newInstance0;;isAccessible=true;
Field.get*;<java.util.CurrencyData: int[] otherCurrenciesDFD>;java.util.Currency$1.run;136;isAccessible=false;
Field.get*;<java.util.CurrencyData: int[] scNewCurrenciesDFD>;java.util.Currency$1.run;134;isAccessible=false;
Field.get*;<java.util.CurrencyData: int[] scOldCurrenciesDFD>;java.util.Currency$1.run;133;isAccessible=false;
Field.get*;<java.util.CurrencyData: java.lang.String mainTable>;java.util.Currency$1.run;129;isAccessible=false;
Field.get*;<java.util.CurrencyData: java.lang.String otherCurrencies>;java.util.Currency$1.run;135;isAccessible=false;
Field.get*;<java.util.CurrencyData: java.lang.String[] scNewCurrencies>;java.util.Currency$1.run;132;isAccessible=false;
Field.get*;<java.util.CurrencyData: java.lang.String[] scOldCurrencies>;java.util.Currency$1.run;131;isAccessible=false;
Field.get*;<java.util.CurrencyData: long[] scCutOverTimes>;java.util.Currency$1.run;130;isAccessible=false;
Method.invoke;<org.sunflow.Benchmark: void kernelBegin()>;org.dacapo.harness.Sunflow.preIteration;53;isAccessible=false;
Method.invoke;<org.sunflow.Benchmark: void kernelEnd()>;org.dacapo.harness.Sunflow.validate;79;isAccessible=false;
Method.invoke;<org.sunflow.Benchmark: void kernelMain()>;org.dacapo.harness.Sunflow.iterate;65;isAccessible=false;
Method.invoke;<org.sunflow.core.ParameterList$InterpolationType: org.sunflow.core.ParameterList$InterpolationType[] values()>;java.lang.Class.getEnumConstantsShared;;isAccessible=true;
