Class.forName;java.security.MessageDigestSpi;java.security.Security.getSpiClass;640;;
Class.forName;java.util.CurrencyData;java.util.Currency$1.run;128;;
Class.forName;org.dacapo.h2.TPCC;org.dacapo.harness.H2.prepare;45;;
Class.forName;org.dacapo.harness.H2;org.dacapo.harness.TestHarness.findClass;281;;
Class.forName;org.h2.Driver;java.sql.DriverManager.getCallerClass;477;;
Class.forName;org.h2.Driver;org.dacapo.h2.TPCC.prepare;147;;
Class.forName;org.h2.Driver;sun.misc.Service$LazyIterator.next;271;;
Class.forName;org.h2.engine.SessionFactoryEmbedded;org.h2.util.ClassUtils.loadSystemClass;57;;
Class.forName;sun.jdbc.odbc.JdbcOdbcDriver;java.sql.DriverManager.getCallerClass;477;;
Class.forName;sun.jdbc.odbc.JdbcOdbcDriver;sun.misc.Service$LazyIterator.next;271;;
Class.forName;sun.net.www.protocol.jar.Handler;java.net.URL.getURLStreamHandler;1140;;
Class.forName;sun.security.provider.SHA;java.security.Provider$Service.getImplClass;1260;;
Class.forName;sun.security.provider.SecureRandom;java.security.Provider$Service.getImplClass;1260;;
Class.forName;sun.util.calendar.JulianCalendar;sun.util.calendar.CalendarSystem.forName;149;;
Class.newInstance;org.h2.Driver;sun.misc.Service$LazyIterator.next;271;;
Class.newInstance;org.h2.engine.SessionFactoryEmbedded;org.h2.engine.SessionRemote.connectEmbeddedOrServer;241;;
Class.newInstance;sun.jdbc.odbc.JdbcOdbcDriver;sun.misc.Service$LazyIterator.next;271;;
Class.newInstance;sun.net.www.protocol.jar.Handler;java.net.URL.getURLStreamHandler;1148;;
Class.newInstance;sun.reflect.GeneratedConstructorAccessor$HASHED$ed5d4e9d4ddc27e151a01a0c8bfaff40cfcd809c;sun.reflect.MethodAccessorGenerator$1.run;381;;
Class.newInstance;sun.security.provider.SHA;java.security.Provider$Service.newInstance;1221;;
Class.newInstance;sun.security.provider.SecureRandom;java.security.Provider$Service.newInstance;1221;;
Class.newInstance;sun.security.provider.Sun;sun.security.jca.ProviderConfig$3.run;240;;
Class.newInstance;sun.text.resources.FormatData;java.util.ResourceBundle$Control.newBundle;2295;;
Class.newInstance;sun.text.resources.FormatData_en;java.util.ResourceBundle$Control.newBundle;2295;;
Class.newInstance;sun.text.resources.FormatData_en_AU;java.util.ResourceBundle$Control.newBundle;2295;;
Class.newInstance;sun.text.resources.FormatData_en_US;java.util.ResourceBundle$Control.newBundle;2295;;
Class.newInstance;sun.util.calendar.JulianCalendar;sun.util.calendar.CalendarSystem.forName;150;;
Class.newInstance;sun.util.resources.CalendarData;java.util.ResourceBundle$Control.newBundle;2295;;
Class.newInstance;sun.util.resources.CalendarData_en;java.util.ResourceBundle$Control.newBundle;2295;;
Class.newInstance;sun.util.resources.CurrencyNames;java.util.ResourceBundle$Control.newBundle;2295;;
Class.newInstance;sun.util.resources.CurrencyNames_en_AU;java.util.ResourceBundle$Control.newBundle;2295;;
Class.newInstance;sun.util.resources.CurrencyNames_en_US;java.util.ResourceBundle$Control.newBundle;2295;;
Constructor.newInstance;<org.dacapo.harness.H2: void <init>(org.dacapo.parser.Config,java.io.File)>;org.dacapo.harness.TestHarness.runBenchmark;211;isAccessible=false;
Constructor.newInstance;<org.h2.Driver: void <init>()>;java.lang.Class.newInstance0;;isAccessible=true;
Constructor.newInstance;<org.h2.engine.SessionFactoryEmbedded: void <init>()>;java.lang.Class.newInstance0;;isAccessible=true;
Constructor.newInstance;<sun.jdbc.odbc.JdbcOdbcDriver: void <init>()>;java.lang.Class.newInstance0;;isAccessible=true;
Constructor.newInstance;<sun.net.www.protocol.jar.Handler: void <init>()>;java.lang.Class.newInstance0;;isAccessible=true;
Constructor.newInstance;<sun.reflect.GeneratedConstructorAccessor$HASHED$ed5d4e9d4ddc27e151a01a0c8bfaff40cfcd809c: void <init>()>;java.lang.Class.newInstance0;;isAccessible=true;
Constructor.newInstance;<sun.security.provider.SHA: void <init>()>;java.lang.Class.newInstance0;;isAccessible=true;
Constructor.newInstance;<sun.security.provider.SecureRandom: void <init>()>;java.lang.Class.newInstance0;;isAccessible=true;
Constructor.newInstance;<sun.security.provider.Sun: void <init>()>;java.lang.Class.newInstance0;;isAccessible=true;
Constructor.newInstance;<sun.text.resources.FormatData: void <init>()>;java.lang.Class.newInstance0;;isAccessible=true;
Constructor.newInstance;<sun.text.resources.FormatData_en: void <init>()>;java.lang.Class.newInstance0;;isAccessible=true;
Constructor.newInstance;<sun.text.resources.FormatData_en_AU: void <init>()>;java.lang.Class.newInstance0;;isAccessible=true;
Constructor.newInstance;<sun.text.resources.FormatData_en_US: void <init>()>;java.lang.Class.newInstance0;;isAccessible=true;
Constructor.newInstance;<sun.util.calendar.JulianCalendar: void <init>()>;java.lang.Class.newInstance0;;isAccessible=true;
Constructor.newInstance;<sun.util.resources.CalendarData: void <init>()>;java.lang.Class.newInstance0;;isAccessible=true;
Constructor.newInstance;<sun.util.resources.CalendarData_en: void <init>()>;java.lang.Class.newInstance0;;isAccessible=true;
Constructor.newInstance;<sun.util.resources.CurrencyNames: void <init>()>;java.lang.Class.newInstance0;;isAccessible=true;
Constructor.newInstance;<sun.util.resources.CurrencyNames_en_AU: void <init>()>;java.lang.Class.newInstance0;;isAccessible=true;
Constructor.newInstance;<sun.util.resources.CurrencyNames_en_US: void <init>()>;java.lang.Class.newInstance0;;isAccessible=true;
Field.get*;<java.util.CurrencyData: int[] otherCurrenciesDFD>;java.util.Currency$1.run;136;isAccessible=false;
Field.get*;<java.util.CurrencyData: int[] scNewCurrenciesDFD>;java.util.Currency$1.run;134;isAccessible=false;
Field.get*;<java.util.CurrencyData: int[] scOldCurrenciesDFD>;java.util.Currency$1.run;133;isAccessible=false;
Field.get*;<java.util.CurrencyData: java.lang.String mainTable>;java.util.Currency$1.run;129;isAccessible=false;
Field.get*;<java.util.CurrencyData: java.lang.String otherCurrencies>;java.util.Currency$1.run;135;isAccessible=false;
Field.get*;<java.util.CurrencyData: java.lang.String[] scNewCurrencies>;java.util.Currency$1.run;132;isAccessible=false;
Field.get*;<java.util.CurrencyData: java.lang.String[] scOldCurrencies>;java.util.Currency$1.run;131;isAccessible=false;
Field.get*;<java.util.CurrencyData: long[] scCutOverTimes>;java.util.Currency$1.run;130;isAccessible=false;
Method.invoke;<org.dacapo.h2.TPCC: org.dacapo.h2.TPCC make(org.dacapo.parser.Config,java.io.File,java.lang.Boolean,java.lang.Boolean)>;org.dacapo.harness.H2.prepare;53;isAccessible=false;
Method.invoke;<org.dacapo.h2.TPCC: void iteration(java.lang.String)>;org.dacapo.harness.H2.iterate;87;isAccessible=false;
Method.invoke;<org.dacapo.h2.TPCC: void postIteration(java.lang.String)>;org.dacapo.harness.H2.postIteration;97;isAccessible=false;
Method.invoke;<org.dacapo.h2.TPCC: void preIteration(java.lang.String)>;org.dacapo.harness.H2.preIteration;77;isAccessible=false;
Method.invoke;<org.dacapo.h2.TPCC: void prepare(java.lang.String)>;org.dacapo.harness.H2.prepare;67;isAccessible=false;
