nice -n 19 java -Xmx4G -cp dacapo-9.12-bach.jar -javaagent:poa.jar Harness --scratch-directory /tmp/dacaposcratch -n 3 h2 -s small
============================================================
TamiFlex Play-Out Agent Version 2.0.1
Loaded properties from /home/lpxz/work/dacapo/poa.properties
============================================================
Using scaled threading model. 8 processors detected, 8 threads used to drive the workload, in a possible range of [1,400]
===== DaCapo 9.12 h2 starting warmup 1 =====

Completed 400 transactions
	Stock level .............    12 ( 3.0%)
	Order status by name ....    11 ( 2.8%)
	Order status by ID ......     5 ( 1.3%)
	Payment by name .........   107 (26.8%)
	Payment by ID ...........    64 (16.0%)
	Delivery schedule .......    18 ( 4.5%)
	New order ...............   179 (44.8%)
	New order rollback ......     4 ( 1.0%)
Resetting database to initial state
===== DaCapo 9.12 h2 completed warmup 1 in 1428 msec =====
===== DaCapo 9.12 h2 starting warmup 2 =====

Completed 400 transactions
	Stock level .............    12 ( 3.0%)
	Order status by name ....    11 ( 2.8%)
	Order status by ID ......     5 ( 1.3%)
	Payment by name .........   107 (26.8%)
	Payment by ID ...........    64 (16.0%)
	Delivery schedule .......    18 ( 4.5%)
	New order ...............   179 (44.8%)
	New order rollback ......     4 ( 1.0%)
Resetting database to initial state
===== DaCapo 9.12 h2 completed warmup 2 in 1107 msec =====
===== DaCapo 9.12 h2 starting =====

Completed 400 transactions
	Stock level .............    12 ( 3.0%)
	Order status by name ....    11 ( 2.8%)
	Order status by ID ......     5 ( 1.3%)
	Payment by name .........   107 (26.8%)
	Payment by ID ...........    64 (16.0%)
	Delivery schedule .......    18 ( 4.5%)
	New order ...............   179 (44.8%)
	New order rollback ......     4 ( 1.0%)
Resetting database to initial state
===== DaCapo 9.12 h2 PASSED in 847 msec =====

============================================================
TamiFlex Play-Out Agent Version 2.0.1
Found 64 new log entries.
Log file written to: /home/lpxz/work/dacapo/out/h2-small/refl.log
============================================================
